0.0102575 , 0.0101693 , 0.0101777
0.0102575 , 0.0102854 , 0.0100105
0.0102575 , 0.0100965 , 0.0095281
0.0102575 , 0.0101777 , 0.0116188
0.0102575 , 0.0100659 , 0.0100659
0.0102575 , 0.0101918 , 0.0101216
0.0102575 , 0.0101104 , 0.00973905
0.0102575 , 0.0100909 , 0.0097658
0.0102575 , 0.0103714 , 0.0095021
0.0102575 , 0.0101244 , 0.0109131
0.0102575 , 0.0102825 , 0.010791
0.0102575 , 0.0101974 , 0.0102342
0.0102575 , 0.0104787 , 0.0102626
0.0102575 , 0.0103197 , 0.0108213
0.0102575 , 0.0102455 , 0.0109131
0.0102575 , 0.0104147 , 0.0102342
0.0102575 , 0.0102768 , 0.010552
0.0102575 , 0.010052 , 0.0107005
0.0102575 , 0.0102768 , 0.0111946
0.0102575 , 0.0102512 , 0.00990085
0.0102575 , 0.0102031 , 0.0104933
0.0102575 , 0.0102427 , 0.0101216
0.0102575 , 0.0101132 , 0.00979263
0.0102575 , 0.0102882 , 0.00987366
0.0102575 , 0.0104234 , 0.0102059
0.0102575 , 0.0101216 , 0.0101777
0.0102575 , 0.00994179 , 0.0102342
0.0102575 , 0.0103484 , 0.0102342
0.0102575 , 0.0101188 , 0.0102342
0.0102575 , 0.0102257 , 0.0102626
0.0102575 , 0.0101496 , 0.0109439
0.0102575 , 0.0104845 , 0.0103197
0.0102575 , 0.0103139 , 0.0106408
0.0102575 , 0.0104089 , 0.00987366
0.0102575 , 0.0101833 , 0.00987366
0.0102575 , 0.0102455 , 0.0103771
0.0102575 , 0.0100965 , 0.0100659
0.0102575 , 0.0102598 , 0.010552
0.0102575 , 0.0101076 , 0.0100381
0.0102575 , 0.0100965 , 0.00987366
0.0102575 , 0.0102285 , 0.0104641
0.0102575 , 0.010158 , 0.0102911
0.0102575 , 0.0100409 , 0.0111628
0.0102575 , 0.0101216 , 0.0101777
0.0102575 , 0.0102939 , 0.0103484
0.0102575 , 0.0102342 , 0.0100659
0.0102575 , 0.0101216 , 0.0103197
0.0102575 , 0.0105197 , 0.0108518
0.0102575 , 0.0102911 , 0.0102059
0.0102575 , 0.0102797 , 0.0104933
0.0102575 , 0.0104321 , 0.0102342
0.0102575 , 0.010237 , 0.0102626
0.0102575 , 0.0100853 , 0.0101216
0.0102575 , 0.0103025 , 0.0108518
0.0102575 , 0.0101693 , 0.0110997
0.0102575 , 0.0103311 , 0.00960658
0.0102575 , 0.0103829 , 0.0106408
0.0102575 , 0.0104583 , 0.00973905
0.0102575 , 0.0102711 , 0.0103771
0.0102575 , 0.0102144 , 0.00968581
0.0102575 , 0.0100464 , 0.0101496
0.0102575 , 0.0103426 , 0.0104933
0.0102575 , 0.010102 , 0.00995549
0.0102575 , 0.0104002 , 0.0103197
0.0102575 , 0.0102229 , 0.00939892
0.0102575 , 0.0104031 , 0.010406
0.0102575 , 0.0101833 , 0.0100937
0.0102575 , 0.0102229 , 0.0102059
0.0102575 , 0.0103054 , 0.0107306
0.0102575 , 0.0100243 , 0.0104933
0.0102575 , 0.0100271 , 0.0105815
0.0102575 , 0.010237 , 0.00973905
0.0102575 , 0.0105904 , 0.0101777
0.0102575 , 0.0103484 , 0.0109131
0.0102575 , 0.0101468 , 0.00995549
0.0102575 , 0.0100742 , 0.0105226
0.0102575 , 0.0105109 , 0.0103771
0.0102575 , 0.0102768 , 0.0104641
0.0102575 , 0.0102968 , 0.0102911
0.0102575 , 0.0101412 , 0.0107306
0.0102575 , 0.0104292 , 0.0105815
0.0102575 , 0.0101721 , 0.0102626
0.0102575 , 0.0104089 , 0.00927171
0.0102575 , 0.0103714 , 0.00984656
0.0102575 , 0.0103771 , 0.00965931
0.0102575 , 0.0101749 , 0.0103484
0.0102575 , 0.0103656 , 0.00984656
0.0102575 , 0.0102003 , 0.0101496
0.0102575 , 0.0103111 , 0.00990085
0.0102575 , 0.0100022 , 0.00998294
0.0102575 , 0.0100631 , 0.00973905
0.0102575 , 0.0102939 , 0.00892554
0.0102575 , 0.0101076 , 0.00939892
0.0102575 , 0.0102399 , 0.011037
0.0102575 , 0.0104002 , 0.010435
0.0102575 , 0.010552 , 0.0104641
0.0102575 , 0.0102399 , 0.0096329
0.0102575 , 0.0104292 , 0.00992812
0.0102575 , 0.0104002 , 0.0102911
0.0102575 , 0.0102031 , 0.0101496
