0.00984918 , 0.00967295 , 0.00930592
0.00984918 , 0.00982214 , 0.00972136
0.00984918 , 0.00978165 , 0.0100735
0.00984918 , 0.00966161 , 0.00888966
0.00984918 , 0.0099481 , 0.0107719
0.00984918 , 0.00972994 , 0.0100135
0.00984918 , 0.00980765 , 0.00986581
0.00984918 , 0.00999261 , 0.0106066
0.00984918 , 0.00972421 , 0.00901696
0.00984918 , 0.00983667 , 0.00986581
0.00984918 , 0.00983376 , 0.0100434
0.00984918 , 0.0100434 , 0.00980765
0.00984918 , 0.00982214 , 0.00983667
0.00984918 , 0.00967011 , 0.00952425
0.00984918 , 0.00970138 , 0.00963617
0.00984918 , 0.00992743 , 0.00909453
0.00984918 , 0.00967011 , 0.00986581
0.00984918 , 0.00990977 , 0.0106393
0.00984918 , 0.0097903 , 0.00989508
0.00984918 , 0.00979608 , 0.00986581
0.00984918 , 0.00978742 , 0.00919939
0.00984918 , 0.00979897 , 0.00896575
0.00984918 , 0.00995106 , 0.00986581
0.00984918 , 0.00997774 , 0.00977876
0.00984918 , 0.00994219 , 0.00975
0.00984918 , 0.00990977 , 0.00986581
0.00984918 , 0.00967011 , 0.00946899
0.00984918 , 0.0100284 , 0.00952425
0.00984918 , 0.00963617 , 0.0102878
0.00984918 , 0.00990095 , 0.0101951
0.00984918 , 0.00987166 , 0.010319
0.00984918 , 0.00987458 , 0.00944154
0.00984918 , 0.00983667 , 0.00946899
0.00984918 , 0.00976436 , 0.00941419
0.00984918 , 0.00972136 , 0.0102568
0.00984918 , 0.0097903 , 0.0102878
0.00984918 , 0.00977588 , 0.0105416
0.00984918 , 0.00982214 , 0.00963617
0.00984918 , 0.00996587 , 0.00935984
0.00984918 , 0.00976724 , 0.0102568
0.00984918 , 0.00989508 , 0.00989508
0.00984918 , 0.00983376 , 0.0100434
0.00984918 , 0.00985122 , 0.0102259
0.00984918 , 0.00987166 , 0.0104135
0.00984918 , 0.00972707 , 0.00896575
0.00984918 , 0.00988336 , 0.010319
0.00984918 , 0.00981634 , 0.0101037
0.00984918 , 0.00975 , 0.0101037
0.00984918 , 0.00991859 , 0.0101951
0.00984918 , 0.00982505 , 0.00963617
0.00984918 , 0.0100344 , 0.0100434
0.00984918 , 0.0100494 , 0.010134
0.00984918 , 0.00979897 , 0.0102259
0.00984918 , 0.00979319 , 0.0102878
0.00984918 , 0.0100705 , 0.0100434
0.00984918 , 0.00987751 , 0.00949656
0.00984918 , 0.00971279 , 0.0104453
0.00984918 , 0.00982505 , 0.00919939
0.00984918 , 0.00973853 , 0.0101951
0.00984918 , 0.00994219 , 0.0100735
0.00984918 , 0.00996587 , 0.00969284
0.00984918 , 0.0101067 , 0.0104773
0.00984918 , 0.0097185 , 0.00944154
0.00984918 , 0.00989508 , 0.00989508
0.00984918 , 0.00981924 , 0.00930592
0.00984918 , 0.00999558 , 0.00912059
0.00984918 , 0.0098454 , 0.0100434
0.00984918 , 0.00990977 , 0.00944154
0.00984918 , 0.00971279 , 0.0102568
0.00984918 , 0.00987458 , 0.0100135
0.00984918 , 0.00998666 , 0.00952425
0.00984918 , 0.00980765 , 0.00955205
0.00984918 , 0.00966161 , 0.00986581
0.00984918 , 0.00990389 , 0.00986581
0.00984918 , 0.0098454 , 0.00944154
0.00984918 , 0.00987458 , 0.0104135
0.00984918 , 0.00997477 , 0.00983667
0.00984918 , 0.00995106 , 0.0101037
0.00984918 , 0.00980186 , 0.0105416
0.00984918 , 0.00974713 , 0.00986581
0.00984918 , 0.00990389 , 0.00995402
0.00984918 , 0.00979608 , 0.00995402
0.00984918 , 0.00978165 , 0.00933282
0.00984918 , 0.00979319 , 0.00957997
0.00984918 , 0.0100224 , 0.0102568
0.00984918 , 0.00979897 , 0.00901696
0.00984918 , 0.00998666 , 0.00922586
0.00984918 , 0.0100314 , 0.00966444
0.00984918 , 0.00999558 , 0.0105416
0.00984918 , 0.00993924 , 0.0104135
0.00984918 , 0.00975 , 0.00969284
0.00984918 , 0.00977012 , 0.0100735
0.00984918 , 0.00988043 , 0.0107053
0.00984918 , 0.00989508 , 0.00960801
0.00984918 , 0.00989215 , 0.010574
0.00984918 , 0.00994219 , 0.00998368
0.00984918 , 0.0100374 , 0.00960801
0.00984918 , 0.00996587 , 0.0103504
0.00984918 , 0.00987166 , 0.00963617
0.00984918 , 0.00982505 , 0.0105094
