0.0102799 , 0.0108296 , 0.0135298
0.0102799 , 0.010822 , 0.0106031
0.0102799 , 0.01043 , 0.0110568
0.0102799 , 0.0102649 , 0.0117432
0.0102799 , 0.00974953 , 0.00896547
0.0102799 , 0.0121121 , 0.0116665
0.0102799 , 0.00945999 , 0.0140833
0.0102799 , 0.00955636 , 0.0106785
0.0102799 , 0.00954153 , 0.0106785
0.0102799 , 0.0103174 , 0.00636904
0.0102799 , 0.0100403 , 0.0132941
0.0102799 , 0.0100777 , 0.0139247
0.0102799 , 0.0107012 , 0.0124366
0.0102799 , 0.0101301 , 0.0121275
0.0102799 , 0.0106861 , 0.0106031
0.0102799 , 0.0105805 , 0.00867197
0.0102799 , 0.0109052 , 0.011361
0.0102799 , 0.0090906 , 0.00874522
0.0102799 , 0.0108977 , 0.00859879
0.0102799 , 0.0109355 , 0.0137665
0.0102799 , 0.0108901 , 0.00911271
0.0102799 , 0.0104902 , 0.00903905
0.0102799 , 0.01043 , 0.012981
0.0102799 , 0.00934896 , 0.0132157
0.0102799 , 0.0107994 , 0.0122047
0.0102799 , 0.0108598 , 0.00918644
0.0102799 , 0.0106559 , 0.00852569
0.0102799 , 0.0122896 , 0.00903905
0.0102799 , 0.0117892 , 0.0104526
0.0102799 , 0.0107691 , 0.010754
0.0102799 , 0.0100403 , 0.00896547
0.0102799 , 0.0102649 , 0.00867197
0.0102799 , 0.00929721 , 0.0109052
0.0102799 , 0.0107918 , 0.00881856
0.0102799 , 0.0112087 , 0.0112848
0.0102799 , 0.0104977 , 0.0102274
0.0102799 , 0.0101151 , 0.00722341
0.0102799 , 0.00864269 , 0.010981
0.0102799 , 0.00973465 , 0.010981
0.0102799 , 0.0112544 , 0.0136875
0.0102799 , 0.011262 , 0.010981
0.0102799 , 0.0107389 , 0.0134512
0.0102799 , 0.0106031 , 0.0164262
0.0102799 , 0.00921596 , 0.00918644
0.0102799 , 0.0120274 , 0.010981
0.0102799 , 0.0109204 , 0.0111327
0.0102799 , 0.0096826 , 0.0055953
0.0102799 , 0.00969003 , 0.0105278
0.0102799 , 0.0097793 , 0.0130591
0.0102799 , 0.0096826 , 0.0130591
0.0102799 , 0.0106936 , 0.0104526
0.0102799 , 0.0100104 , 0.0112848
0.0102799 , 0.00995818 , 0.010003
0.0102799 , 0.0118582 , 0.00911271
0.0102799 , 0.00951186 , 0.00992833
0.0102799 , 0.0108447 , 0.00794378
0.0102799 , 0.0100104 , 0.00715179
0.0102799 , 0.0109961 , 0.0118198
0.0102799 , 0.0105128 , 0.016262
0.0102799 , 0.00985377 , 0.0101525
0.0102799 , 0.0103925 , 0.0119735
0.0102799 , 0.0110872 , 0.0100777
0.0102799 , 0.0102649 , 0.00823411
0.0102799 , 0.00990596 , 0.0115136
0.0102799 , 0.00931199 , 0.0117432
0.0102799 , 0.0127627 , 0.00816141
0.0102799 , 0.011361 , 0.0102274
0.0102799 , 0.0105052 , 0.00830688
0.0102799 , 0.0101825 , 0.0110568
0.0102799 , 0.0107389 , 0.0068661
0.0102799 , 0.0112848 , 0.0125917
0.0102799 , 0.0100553 , 0.00845268
0.0102799 , 0.00986123 , 0.00992833
0.0102799 , 0.0102049 , 0.0108296
0.0102799 , 0.00986123 , 0.00455434
0.0102799 , 0.00902433 , 0.0126694
0.0102799 , 0.0094748 , 0.0123592
0.0102799 , 0.0107012 , 0.00708026
0.0102799 , 0.010415 , 0.00918644
0.0102799 , 0.00980908 , 0.00794378
0.0102799 , 0.0104 , 0.00693741
0.0102799 , 0.0107012 , 0.00963059
0.0102799 , 0.0101675 , 0.00615714
0.0102799 , 0.0107238 , 0.0121275
0.0102799 , 0.00976441 , 0.0106031
0.0102799 , 0.0112391 , 0.01159
0.0102799 , 0.00868661 , 0.00896547
0.0102799 , 0.0115442 , 0.0109052
0.0102799 , 0.00989104 , 0.0097793
0.0102799 , 0.0100478 , 0.00985377
0.0102799 , 0.0100179 , 0.0111327
0.0102799 , 0.0115671 , 0.00992833
0.0102799 , 0.00943036 , 0.0139247
0.0102799 , 0.0108674 , 0.00852569
0.0102799 , 0.0102799 , 0.0118198
0.0102799 , 0.00979419 , 0.0116665
0.0102799 , 0.0107616 , 0.0142422
0.0102799 , 0.0116665 , 0.0118966
0.0102799 , 0.00956378 , 0.00963059
0.0102799 , 0.0108372 , 0.0110568
