0.0102114 , 0.0101569 , 0.0102334
0.0102114 , 0.0100883 , 0.0101294
0.0102114 , 0.0102475 , 0.00992689
0.0102114 , 0.0103431 , 0.00957391
0.0102114 , 0.0103039 , 0.0101985
0.0102114 , 0.0103075 , 0.0103753
0.0102114 , 0.0103253 , 0.0100272
0.0102114 , 0.0100644 , 0.0108634
0.0102114 , 0.0102827 , 0.0104114
0.0102114 , 0.0102475 , 0.0102334
0.0102114 , 0.0101122 , 0.0107855
0.0102114 , 0.0102264 , 0.0109824
0.0102114 , 0.0100951 , 0.00973157
0.0102114 , 0.010078 , 0.0101985
0.0102114 , 0.0102334 , 0.00927146
0.0102114 , 0.0103181 , 0.0102686
0.0102114 , 0.0100712 , 0.0102334
0.0102114 , 0.0100644 , 0.0108634
0.0102114 , 0.0102055 , 0.00966796
0.0102114 , 0.010336 , 0.0105953
0.0102114 , 0.0101019 , 0.00982836
0.0102114 , 0.0104042 , 0.00954291
0.0102114 , 0.0101191 , 0.0112285
0.0102114 , 0.0102615 , 0.0111041
0.0102114 , 0.0101812 , 0.0103395
0.0102114 , 0.0102475 , 0.0104477
0.0102114 , 0.0100746 , 0.0103753
0.0102114 , 0.0101569 , 0.00996012
0.0102114 , 0.010415 , 0.0103395
0.0102114 , 0.0101535 , 0.00951208
0.0102114 , 0.0103039 , 0.00996012
0.0102114 , 0.0101742 , 0.0104477
0.0102114 , 0.0102686 , 0.0103395
0.0102114 , 0.0102721 , 0.0111452
0.0102114 , 0.0104006 , 0.00992689
0.0102114 , 0.0101225 , 0.0110227
0.0102114 , 0.0101397 , 0.0101985
0.0102114 , 0.0101259 , 0.00976364
0.0102114 , 0.0100407 , 0.0108243
0.0102114 , 0.0101397 , 0.010061
0.0102114 , 0.0100509 , 0.0107469
0.0102114 , 0.0105506 , 0.00966796
0.0102114 , 0.010251 , 0.0103395
0.0102114 , 0.0102229 , 0.00973157
0.0102114 , 0.0103395 , 0.0101985
0.0102114 , 0.0100306 , 0.0107086
0.0102114 , 0.0104006 , 0.00986101
0.0102114 , 0.0101673 , 0.0104114
0.0102114 , 0.0101019 , 0.00973157
0.0102114 , 0.0100814 , 0.0101638
0.0102114 , 0.0103004 , 0.00992689
0.0102114 , 0.0101638 , 0.0107469
0.0102114 , 0.010202 , 0.00966796
0.0102114 , 0.0102862 , 0.0100951
0.0102114 , 0.0101742 , 0.0104842
0.0102114 , 0.0101846 , 0.00999356
0.0102114 , 0.0102792 , 0.0104477
0.0102114 , 0.0103253 , 0.0101294
0.0102114 , 0.0100543 , 0.0101985
0.0102114 , 0.0102299 , 0.00957391
0.0102114 , 0.0101328 , 0.00951208
0.0102114 , 0.0102545 , 0.00976364
0.0102114 , 0.0101604 , 0.0101294
0.0102114 , 0.010251 , 0.00969967
0.0102114 , 0.0103467 , 0.00986101
0.0102114 , 0.0101846 , 0.0100272
0.0102114 , 0.0101881 , 0.00992689
0.0102114 , 0.0102898 , 0.0109028
0.0102114 , 0.00998016 , 0.0103753
0.0102114 , 0.0103039 , 0.00992689
0.0102114 , 0.010415 , 0.0100272
0.0102114 , 0.0103288 , 0.010521
0.0102114 , 0.0105099 , 0.0102686
0.0102114 , 0.0100985 , 0.0108243
0.0102114 , 0.0101812 , 0.00986101
0.0102114 , 0.0101812 , 0.0101294
0.0102114 , 0.010202 , 0.00992689
0.0102114 , 0.0100205 , 0.0107086
0.0102114 , 0.0101881 , 0.0104842
0.0102114 , 0.0101638 , 0.0102686
0.0102114 , 0.0102862 , 0.00982836
0.0102114 , 0.010311 , 0.0104477
0.0102114 , 0.010202 , 0.00936047
0.0102114 , 0.0102615 , 0.0102334
0.0102114 , 0.010216 , 0.0107086
0.0102114 , 0.0102055 , 0.0100951
0.0102114 , 0.0102369 , 0.00996012
0.0102114 , 0.0102334 , 0.00966796
0.0102114 , 0.0101846 , 0.0107469
0.0102114 , 0.0103039 , 0.010061
0.0102114 , 0.0102369 , 0.00969967
0.0102114 , 0.0101777 , 0.00973157
0.0102114 , 0.0100137 , 0.0101294
0.0102114 , 0.0102055 , 0.0100272
0.0102114 , 0.0101742 , 0.0103753
0.0102114 , 0.0101985 , 0.0104842
0.0102114 , 0.010078 , 0.0102334
0.0102114 , 0.0101328 , 0.0109028
0.0102114 , 0.0102125 , 0.0102686
0.0102114 , 0.0100883 , 0.00912621
