0.0110115 , 0.010976 , 0.0109521
0.0110115 , 0.011097 , 0.0109521
0.0110115 , 0.0112415 , 0.0108115
0.0110115 , 0.0108813 , 0.0104988
0.0110115 , 0.0108069 , 0.0115067
0.0110115 , 0.0109474 , 0.0114009
0.0110115 , 0.0110824 , 0.0104558
0.0110115 , 0.0110385 , 0.0111962
0.0110115 , 0.0111613 , 0.0109521
0.0110115 , 0.0110531 , 0.0104558
0.0110115 , 0.0109521 , 0.0114009
0.0110115 , 0.0110048 , 0.0104988
0.0110115 , 0.0110096 , 0.0100457
0.0110115 , 0.0108954 , 0.0108579
0.0110115 , 0.0107246 , 0.0112974
0.0110115 , 0.0110289 , 0.0105861
0.0110115 , 0.0110048 , 0.0112465
0.0110115 , 0.0110289 , 0.010675
0.0110115 , 0.0109237 , 0.0108579
0.0110115 , 0.0108115 , 0.00989111
0.0110115 , 0.0108161 , 0.0115067
0.0110115 , 0.0110921 , 0.0113489
0.0110115 , 0.011024 , 0.0115067
0.0110115 , 0.0108486 , 0.0109521
0.0110115 , 0.0109951 , 0.0112974
0.0110115 , 0.0109474 , 0.0114009
0.0110115 , 0.0109999 , 0.010165
0.0110115 , 0.0110775 , 0.0116149
0.0110115 , 0.0109521 , 0.0111962
0.0110115 , 0.0110144 , 0.0115067
0.0110115 , 0.0111712 , 0.0108115
0.0110115 , 0.0108347 , 0.0111962
0.0110115 , 0.01083 , 0.0109521
0.0110115 , 0.0108766 , 0.0109048
0.0110115 , 0.0110144 , 0.0104131
0.0110115 , 0.0112263 , 0.011097
0.0110115 , 0.0110144 , 0.0100457
0.0110115 , 0.0109569 , 0.0115067
0.0110115 , 0.0111762 , 0.0111962
0.0110115 , 0.0111962 , 0.0112465
0.0110115 , 0.0111662 , 0.0120144
0.0110115 , 0.0110434 , 0.0113489
0.0110115 , 0.0108533 , 0.0106303
0.0110115 , 0.0110824 , 0.0109048
0.0110115 , 0.0112516 , 0.0118968
0.0110115 , 0.0111118 , 0.0111464
0.0110115 , 0.0110192 , 0.0112974
0.0110115 , 0.0110824 , 0.0103709
0.0110115 , 0.0112213 , 0.0120144
0.0110115 , 0.0109569 , 0.0108115
0.0110115 , 0.0110775 , 0.0105422
0.0110115 , 0.0110385 , 0.0110482
0.0110115 , 0.0111167 , 0.0102875
0.0110115 , 0.0110628 , 0.010329
0.0110115 , 0.0108393 , 0.010165
0.0110115 , 0.010976 , 0.0113489
0.0110115 , 0.0107839 , 0.0110482
0.0110115 , 0.0105685 , 0.0100066
0.0110115 , 0.0109617 , 0.0102875
0.0110115 , 0.0111167 , 0.0109521
0.0110115 , 0.0108254 , 0.0107656
0.0110115 , 0.0109001 , 0.0101249
0.0110115 , 0.0109808 , 0.0102875
0.0110115 , 0.0109664 , 0.0104988
0.0110115 , 0.0110434 , 0.0107656
0.0110115 , 0.0110096 , 0.0105861
0.0110115 , 0.0111912 , 0.010329
0.0110115 , 0.0109856 , 0.0115067
0.0110115 , 0.0110289 , 0.0114535
0.0110115 , 0.0109142 , 0.010675
0.0110115 , 0.0108719 , 0.0111464
0.0110115 , 0.0111962 , 0.0102463
0.0110115 , 0.0109284 , 0.0109521
0.0110115 , 0.0110048 , 0.0113489
0.0110115 , 0.0109426 , 0.0105861
0.0110115 , 0.0110726 , 0.01167
0.0110115 , 0.0106975 , 0.0108115
0.0110115 , 0.0110337 , 0.0109999
0.0110115 , 0.0108766 , 0.0109521
0.0110115 , 0.010666 , 0.0100851
0.0110115 , 0.0111167 , 0.0108115
0.0110115 , 0.0108393 , 0.0109521
0.0110115 , 0.0108766 , 0.0114009
0.0110115 , 0.0112364 , 0.0121965
0.0110115 , 0.0109237 , 0.0104131
0.0110115 , 0.0111464 , 0.0112465
0.0110115 , 0.0109951 , 0.0121351
0.0110115 , 0.0111167 , 0.011097
0.0110115 , 0.0108161 , 0.0116149
0.0110115 , 0.0111069 , 0.0109521
0.0110115 , 0.0112163 , 0.00996777
0.0110115 , 0.0110482 , 0.010675
0.0110115 , 0.0112012 , 0.0108579
0.0110115 , 0.0109521 , 0.0102463
0.0110115 , 0.0110337 , 0.0111962
0.0110115 , 0.0107931 , 0.0108115
0.0110115 , 0.010976 , 0.0105422
0.0110115 , 0.0111912 , 0.0110482
0.0110115 , 0.0110921 , 0.0104988
0.0110115 , 0.0112213 , 0.0113489
