0.00917664 , 0.00919631 , 0.00890008
0.00917664 , 0.00912863 , 0.00893553
0.00917664 , 0.00902913 , 0.00915482
0.00917664 , 0.00931943 , 0.0096316
0.00917664 , 0.00907306 , 0.00942623
0.00917664 , 0.00905104 , 0.00893553
0.00917664 , 0.00915106 , 0.00915482
0.00917664 , 0.00913609 , 0.00904372
0.00917664 , 0.00897847 , 0.00938636
0.00917664 , 0.00913236 , 0.00862691
0.00917664 , 0.00886844 , 0.00883008
0.00917664 , 0.0091774 , 0.00967392
0.00917664 , 0.00926511 , 0.00934686
0.00917664 , 0.00923439 , 0.00980355
0.00917664 , 0.00902913 , 0.00934686
0.00917664 , 0.00931943 , 0.00942623
0.00917664 , 0.00902913 , 0.00883008
0.00917664 , 0.00930384 , 0.00950716
0.00917664 , 0.00893197 , 0.00886493
0.00917664 , 0.0091249 , 0.00827846
0.00917664 , 0.00914732 , 0.00915482
0.00917664 , 0.009339 , 0.00897128
0.00917664 , 0.00926511 , 0.00975989
0.00917664 , 0.0090915 , 0.00919252
0.00917664 , 0.0091249 , 0.00993736
0.00917664 , 0.00904372 , 0.00911745
0.00917664 , 0.00925357 , 0.0102675
0.00917664 , 0.0090657 , 0.00872725
0.00917664 , 0.0092077 , 0.00971668
0.00917664 , 0.00925741 , 0.0095897
0.00917664 , 0.00911745 , 0.00876125
0.00917664 , 0.0090989 , 0.00904372
0.00917664 , 0.00934293 , 0.00919252
0.00917664 , 0.0092883 , 0.00869354
0.00917664 , 0.00923439 , 0.0094665
0.00917664 , 0.00912117 , 0.00942623
0.00917664 , 0.00935079 , 0.0102675
0.00917664 , 0.00924205 , 0.00938636
0.00917664 , 0.00919252 , 0.00849679
0.00917664 , 0.00896052 , 0.00942623
0.00917664 , 0.00933116 , 0.00938636
0.00917664 , 0.00911373 , 0.00915482
0.00917664 , 0.00915106 , 0.00897128
0.00917664 , 0.00908411 , 0.00926897
0.00917664 , 0.00913983 , 0.00930773
0.00917664 , 0.00908042 , 0.00872725
0.00917664 , 0.00895694 , 0.00911745
0.00917664 , 0.00916233 , 0.00926897
0.00917664 , 0.00925741 , 0.00897128
0.00917664 , 0.00922675 , 0.00915482
0.00917664 , 0.00918117 , 0.00846489
0.00917664 , 0.00913236 , 0.00886493
0.00917664 , 0.00934686 , 0.00984767
0.00917664 , 0.00923057 , 0.00919252
0.00917664 , 0.00924589 , 0.00904372
0.00917664 , 0.00904007 , 0.00872725
0.00917664 , 0.00901822 , 0.00897128
0.00917664 , 0.00914357 , 0.00998294
0.00917664 , 0.00919631 , 0.00890008
0.00917664 , 0.00912863 , 0.00908042
0.00917664 , 0.00894979 , 0.00934686
0.00917664 , 0.00918873 , 0.00950716
0.00917664 , 0.00890008 , 0.00954823
0.00917664 , 0.00925357 , 0.00869354
0.00917664 , 0.00911002 , 0.00930773
0.00917664 , 0.00912863 , 0.00911745
0.00917664 , 0.00935867 , 0.00856134
0.00917664 , 0.00919631 , 0.0096316
0.00917664 , 0.00917362 , 0.00930773
0.00917664 , 0.00921912 , 0.00950716
0.00917664 , 0.00926897 , 0.00900734
0.00917664 , 0.0092883 , 0.00942623
0.00917664 , 0.00913983 , 0.00954823
0.00917664 , 0.00916609 , 0.00954823
0.00917664 , 0.00915857 , 0.00893553
0.00917664 , 0.00902913 , 0.00938636
0.00917664 , 0.0090952 , 0.00975989
0.00917664 , 0.00924589 , 0.010029
0.00917664 , 0.00915857 , 0.0096316
0.00917664 , 0.00931553 , 0.00900734
0.00917664 , 0.00916609 , 0.010029
0.00917664 , 0.00891422 , 0.00897128
0.00917664 , 0.00933508 , 0.00904372
0.00917664 , 0.0090878 , 0.00942623
0.00917664 , 0.00912117 , 0.00866009
0.00917664 , 0.0090915 , 0.0096316
0.00917664 , 0.00934686 , 0.00911745
0.00917664 , 0.00927283 , 0.00911745
0.00917664 , 0.00924589 , 0.0096316
0.00917664 , 0.00913983 , 0.00852894
0.00917664 , 0.00937843 , 0.00975989
0.00917664 , 0.00892131 , 0.00919252
0.00917664 , 0.00914357 , 0.00942623
0.00917664 , 0.00912863 , 0.00911745
0.00917664 , 0.00913236 , 0.00904372
0.00917664 , 0.00929606 , 0.0095897
0.00917664 , 0.0092115 , 0.00967392
0.00917664 , 0.00921912 , 0.00934686
0.00917664 , 0.00930384 , 0.00954823
0.00917664 , 0.00933116 , 0.00926897
