0.00956259 , 0.00938411 , 0.00917307
0.00956259 , 0.00942345 , 0.00950357
0.00956259 , 0.00971277 , 0.00962149
0.00956259 , 0.00948048 , 0.00950357
0.00956259 , 0.00947473 , 0.0100028
0.00956259 , 0.00955023 , 0.00912106
0.00956259 , 0.00936183 , 0.0100708
0.00956259 , 0.00950357 , 0.00927961
0.00956259 , 0.00959757 , 0.00980664
0.00956259 , 0.0098772 , 0.00962149
0.00956259 , 0.00981936 , 0.00974376
0.00956259 , 0.00964558 , 0.00962149
0.00956259 , 0.00940091 , 0.0102112
0.00956259 , 0.00942911 , 0.0093342
0.00956259 , 0.00951517 , 0.00950357
0.00956259 , 0.00964558 , 0.00993608
0.00956259 , 0.00964558 , 0.00927961
0.00956259 , 0.00964558 , 0.00968206
0.00956259 , 0.00946327 , 0.00950357
0.00956259 , 0.00959757 , 0.00922591
0.00956259 , 0.00941216 , 0.009562
0.00956259 , 0.00973133 , 0.00987073
0.00956259 , 0.009562 , 0.0110196
0.00956259 , 0.00954436 , 0.00962149
0.00956259 , 0.00961549 , 0.00980664
0.00956259 , 0.00954436 , 0.00950357
0.00956259 , 0.0096577 , 0.00887257
0.00956259 , 0.00936183 , 0.00917307
0.00956259 , 0.0096275 , 0.00906985
0.00956259 , 0.00955023 , 0.00962149
0.00956259 , 0.00924729 , 0.00968206
0.00956259 , 0.00948048 , 0.0105908
0.00956259 , 0.0096275 , 0.009562
0.00956259 , 0.00948048 , 0.00968206
0.00956259 , 0.009492 , 0.00962149
0.00956259 , 0.00972513 , 0.00944614
0.00956259 , 0.00978765 , 0.00950357
0.00956259 , 0.0093953 , 0.0104337
0.00956259 , 0.00975624 , 0.0103579
0.00956259 , 0.00947473 , 0.00974376
0.00956259 , 0.0096577 , 0.00980664
0.00956259 , 0.0098837 , 0.00950357
0.00956259 , 0.00971894 , 0.0093342
0.00956259 , 0.0097066 , 0.0102112
0.00956259 , 0.00973133 , 0.0093897
0.00956259 , 0.0095679 , 0.0093897
0.00956259 , 0.00936183 , 0.00968206
0.00956259 , 0.009562 , 0.00901941
0.00956259 , 0.00963351 , 0.00901941
0.00956259 , 0.00968818 , 0.00993608
0.00956259 , 0.00946327 , 0.00901941
0.00956259 , 0.009562 , 0.00912106
0.00956259 , 0.00946899 , 0.0103579
0.00956259 , 0.00941216 , 0.00922591
0.00956259 , 0.00944614 , 0.00927961
0.00956259 , 0.00957974 , 0.0105113
0.00956259 , 0.00966986 , 0.00927961
0.00956259 , 0.00963351 , 0.0102837
0.00956259 , 0.00962149 , 0.0102837
0.00956259 , 0.00948623 , 0.00901941
0.00956259 , 0.0097066 , 0.0093342
0.00956259 , 0.00926341 , 0.0093342
0.00956259 , 0.00933971 , 0.00944614
0.00956259 , 0.00982573 , 0.00974376
0.00956259 , 0.0097066 , 0.00987073
0.00956259 , 0.00973133 , 0.0093897
0.00956259 , 0.00963954 , 0.0093342
0.00956259 , 0.009562 , 0.00887257
0.00956259 , 0.0096275 , 0.00912106
0.00956259 , 0.00946327 , 0.00980664
0.00956259 , 0.00963351 , 0.0093342
0.00956259 , 0.00946327 , 0.0100708
0.00956259 , 0.00935629 , 0.00993608
0.00956259 , 0.00955023 , 0.00968206
0.00956259 , 0.00978765 , 0.00912106
0.00956259 , 0.0092959 , 0.00927961
0.00956259 , 0.00944046 , 0.0100028
0.00956259 , 0.00935629 , 0.00950357
0.00956259 , 0.00949778 , 0.00968206
0.00956259 , 0.00970045 , 0.0093342
0.00956259 , 0.00967595 , 0.00974376
0.00956259 , 0.00960353 , 0.0093897
0.00956259 , 0.00935075 , 0.0105908
0.00956259 , 0.00961549 , 0.00980664
0.00956259 , 0.00963351 , 0.0105908
0.00956259 , 0.00960951 , 0.00901941
0.00956259 , 0.00970045 , 0.00912106
0.00956259 , 0.0095385 , 0.00859706
0.00956259 , 0.00987073 , 0.00968206
0.00956259 , 0.00948048 , 0.00887257
0.00956259 , 0.0096275 , 0.00877816
0.00956259 , 0.00947473 , 0.00974376
0.00956259 , 0.0093953 , 0.00922591
0.00956259 , 0.00940653 , 0.00896974
0.00956259 , 0.0096577 , 0.00901941
0.00956259 , 0.00950936 , 0.0102112
0.00956259 , 0.00957381 , 0.00917307
0.00956259 , 0.00946899 , 0.00882503
0.00956259 , 0.00953266 , 0.0102112
0.00956259 , 0.00959757 , 0.0102837
