0.0107287 , 0.0106817 , 0.011366
0.0107287 , 0.0104617 , 0.0104714
0.0107287 , 0.0108088 , 0.0109986
0.0107287 , 0.010734 , 0.0106713
0.0107287 , 0.0109871 , 0.0100229
0.0107287 , 0.0107446 , 0.0104714
0.0107287 , 0.0104617 , 0.0121001
0.0107287 , 0.0107025 , 0.0103762
0.0107287 , 0.0109757 , 0.0103762
0.0107287 , 0.010713 , 0.0109986
0.0107287 , 0.0106713 , 0.0112385
0.0107287 , 0.0105498 , 0.0116385
0.0107287 , 0.0104908 , 0.0109986
0.0107287 , 0.0107025 , 0.0108855
0.0107287 , 0.0105103 , 0.0111162
0.0107287 , 0.0107765 , 0.0111162
0.0107287 , 0.0108414 , 0.0105697
0.0107287 , 0.010713 , 0.0109986
0.0107287 , 0.0107765 , 0.0112385
0.0107287 , 0.0107552 , 0.0107765
0.0107287 , 0.0105998 , 0.0109986
0.0107287 , 0.0106507 , 0.0107765
0.0107287 , 0.0108196 , 0.0101074
0.0107287 , 0.0108524 , 0.0112385
0.0107287 , 0.0109078 , 0.0114992
0.0107287 , 0.0108196 , 0.0107765
0.0107287 , 0.0107552 , 0.0116385
0.0107287 , 0.0107552 , 0.0104714
0.0107287 , 0.0106302 , 0.0109986
0.0107287 , 0.0104908 , 0.0121001
0.0107287 , 0.0105697 , 0.0108855
0.0107287 , 0.0107552 , 0.00935323
0.0107287 , 0.0108524 , 0.0107765
0.0107287 , 0.0105498 , 0.0102839
0.0107287 , 0.0108196 , 0.0106713
0.0107287 , 0.0107552 , 0.00986067
0.0107287 , 0.0108524 , 0.0109986
0.0107287 , 0.010734 , 0.0102839
0.0107287 , 0.0108414 , 0.0109986
0.0107287 , 0.010395 , 0.0112385
0.0107287 , 0.0106817 , 0.0100229
0.0107287 , 0.0107446 , 0.0105697
0.0107287 , 0.0107658 , 0.0112385
0.0107287 , 0.0110102 , 0.011366
0.0107287 , 0.0106921 , 0.0111162
0.0107287 , 0.0111042 , 0.0103762
0.0107287 , 0.0105201 , 0.0102839
0.0107287 , 0.0107658 , 0.0107765
0.0107287 , 0.0105897 , 0.0104714
0.0107287 , 0.0107446 , 0.0111162
0.0107287 , 0.0109871 , 0.0094207
0.0107287 , 0.0106507 , 0.0121001
0.0107287 , 0.0107765 , 0.00970675
0.0107287 , 0.010798 , 0.0100229
0.0107287 , 0.0108305 , 0.0104714
0.0107287 , 0.0104425 , 0.0107765
0.0107287 , 0.0109416 , 0.011366
0.0107287 , 0.0107765 , 0.0121001
0.0107287 , 0.0107658 , 0.0101943
0.0107287 , 0.010798 , 0.0117846
0.0107287 , 0.0106921 , 0.0119382
0.0107287 , 0.0109529 , 0.0107765
0.0107287 , 0.0107025 , 0.0105697
0.0107287 , 0.0108744 , 0.011366
0.0107287 , 0.0107552 , 0.0112385
0.0107287 , 0.010798 , 0.0114992
0.0107287 , 0.010481 , 0.0101074
0.0107287 , 0.0105201 , 0.00986067
0.0107287 , 0.0104425 , 0.0105697
0.0107287 , 0.0106507 , 0.0107765
0.0107287 , 0.0107552 , 0.0103762
0.0107287 , 0.0108634 , 0.0109986
0.0107287 , 0.010919 , 0.0108855
0.0107287 , 0.0108634 , 0.0105697
0.0107287 , 0.0104714 , 0.0106713
0.0107287 , 0.0106921 , 0.0104714
0.0107287 , 0.0107765 , 0.0105697
0.0107287 , 0.0108966 , 0.0111162
0.0107287 , 0.0105201 , 0.0109986
0.0107287 , 0.0106405 , 0.0112385
0.0107287 , 0.0108196 , 0.0104714
0.0107287 , 0.0108088 , 0.00994068
0.0107287 , 0.0106921 , 0.0124526
0.0107287 , 0.0106099 , 0.0107765
0.0107287 , 0.0106713 , 0.0116385
0.0107287 , 0.010661 , 0.0111162
0.0107287 , 0.0104234 , 0.0108855
0.0107287 , 0.0107235 , 0.0111162
0.0107287 , 0.0110102 , 0.0117846
0.0107287 , 0.0105998 , 0.0107765
0.0107287 , 0.0105797 , 0.0102839
0.0107287 , 0.0106921 , 0.00978272
0.0107287 , 0.0107552 , 0.0107765
0.0107287 , 0.0107658 , 0.0100229
0.0107287 , 0.0108966 , 0.0111162
0.0107287 , 0.0108305 , 0.0111162
0.0107287 , 0.0109529 , 0.011366
0.0107287 , 0.0105005 , 0.0112385
0.0107287 , 0.0111162 , 0.00970675
0.0107287 , 0.0109643 , 0.0107765
