0.00968504 , 0.00962584 , 0.00962584
0.00968504 , 0.00965918 , 0.00998069
0.00968504 , 0.00971573 , 0.00855908
0.00968504 , 0.00973871 , 0.00985683
0.00968504 , 0.0095497 , 0.00951775
0.00968504 , 0.00977357 , 0.00931445
0.00968504 , 0.00989335 , 0.00951775
0.00968504 , 0.00958205 , 0.00895087
0.00968504 , 0.00985683 , 0.00951775
0.00968504 , 0.00939383 , 0.00941407
0.00968504 , 0.00959293 , 0.00931445
0.00968504 , 0.00977357 , 0.010547
0.00968504 , 0.0095497 , 0.0102481
0.00968504 , 0.00973871 , 0.00951775
0.00968504 , 0.0095497 , 0.00855908
0.00968504 , 0.00947577 , 0.00921858
0.00968504 , 0.0097272 , 0.00973871
0.00968504 , 0.0097619 , 0.00962584
0.00968504 , 0.00998069 , 0.0108857
0.00968504 , 0.00984476 , 0.0108857
0.00968504 , 0.00965918 , 0.00973871
0.00968504 , 0.0097853 , 0.00962584
0.00968504 , 0.00982081 , 0.0102481
0.00968504 , 0.00958205 , 0.00941407
0.00968504 , 0.00993042 , 0.0112766
0.00968504 , 0.00950719 , 0.00895087
0.00968504 , 0.00943447 , 0.00886755
0.00968504 , 0.00953901 , 0.00912618
0.00968504 , 0.00989335 , 0.00998069
0.00968504 , 0.00980892 , 0.0102481
0.00968504 , 0.00965918 , 0.00951775
0.00968504 , 0.00973871 , 0.00998069
0.00968504 , 0.00964801 , 0.00962584
0.00968504 , 0.00957122 , 0.0103932
0.00968504 , 0.0096369 , 0.00931445
0.00968504 , 0.00985683 , 0.00973871
0.00968504 , 0.00938377 , 0.00998069
0.00968504 , 0.00975028 , 0.0103932
0.00968504 , 0.00942425 , 0.00985683
0.00968504 , 0.00975028 , 0.00951775
0.00968504 , 0.00980892 , 0.00973871
0.00968504 , 0.0097619 , 0.00973871
0.00968504 , 0.0097272 , 0.0102481
0.00968504 , 0.00950719 , 0.00962584
0.00968504 , 0.00958205 , 0.010547
0.00968504 , 0.00968165 , 0.00973871
0.00968504 , 0.00967039 , 0.00973871
0.00968504 , 0.00971573 , 0.00951775
0.00968504 , 0.00968165 , 0.00941407
0.00968504 , 0.00980892 , 0.00912618
0.00968504 , 0.010032 , 0.0107107
0.00968504 , 0.0097619 , 0.0107107
0.00968504 , 0.0095497 , 0.0103932
0.00968504 , 0.0097853 , 0.0112766
0.00968504 , 0.00975028 , 0.0102481
0.00968504 , 0.00957122 , 0.0101109
0.00968504 , 0.00971573 , 0.00941407
0.00968504 , 0.00959293 , 0.00951775
0.00968504 , 0.0097272 , 0.0102481
0.00968504 , 0.00958205 , 0.0101109
0.00968504 , 0.00947577 , 0.00985683
0.00968504 , 0.00949668 , 0.0103932
0.00968504 , 0.00988112 , 0.00985683
0.00968504 , 0.00973871 , 0.0114971
0.00968504 , 0.00971573 , 0.0107107
0.00968504 , 0.0097853 , 0.00921858
0.00968504 , 0.009918 , 0.010547
0.00968504 , 0.0097272 , 0.00941407
0.00968504 , 0.00970432 , 0.0110736
0.00968504 , 0.00968165 , 0.00921858
0.00968504 , 0.00980892 , 0.00951775
0.00968504 , 0.00968165 , 0.00973871
0.00968504 , 0.00977357 , 0.00941407
0.00968504 , 0.00950719 , 0.00962584
0.00968504 , 0.00964801 , 0.00973871
0.00968504 , 0.00960385 , 0.00931445
0.00968504 , 0.00968165 , 0.00973871
0.00968504 , 0.00984476 , 0.010547
0.00968504 , 0.00970432 , 0.00951775
0.00968504 , 0.00980892 , 0.00886755
0.00968504 , 0.0100062 , 0.010547
0.00968504 , 0.00975028 , 0.00985683
0.00968504 , 0.00953901 , 0.0101109
0.00968504 , 0.00965918 , 0.00998069
0.00968504 , 0.00950719 , 0.00998069
0.00968504 , 0.00993042 , 0.00931445
0.00968504 , 0.00950719 , 0.00985683
0.00968504 , 0.00945504 , 0.00951775
0.00968504 , 0.00965918 , 0.00895087
0.00968504 , 0.00959293 , 0.0101109
0.00968504 , 0.0096369 , 0.00941407
0.00968504 , 0.00965918 , 0.00998069
0.00968504 , 0.00943447 , 0.00973871
0.00968504 , 0.00975028 , 0.00886755
0.00968504 , 0.00942425 , 0.0103932
0.00968504 , 0.00956044 , 0.0110736
0.00968504 , 0.00957122 , 0.00985683
0.00968504 , 0.00964801 , 0.0102481
0.00968504 , 0.00982081 , 0.00998069
0.00968504 , 0.00980892 , 0.00912618
