0.0099684 , 0.00994947 , 0.0101121
0.0099684 , 0.00972477 , 0.0095196
0.0099684 , 0.00999709 , 0.00965438
0.0099684 , 0.0100787 , 0.009156
0.0099684 , 0.00990279 , 0.0121071
0.0099684 , 0.00984195 , 0.00979733
0.0099684 , 0.00987217 , 0.0101121
0.0099684 , 0.0100457 , 0.009156
0.0099684 , 0.00981211 , 0.0106803
0.0099684 , 0.0100953 , 0.0102867
0.0099684 , 0.0100294 , 0.00979733
0.0099684 , 0.0101121 , 0.00979733
0.0099684 , 0.00987217 , 0.0104753
0.0099684 , 0.00978264 , 0.0101121
0.0099684 , 0.0103418 , 0.0095196
0.0099684 , 0.0101121 , 0.00979733
0.0099684 , 0.0102867 , 0.00965438
0.0099684 , 0.0101121 , 0.0104753
0.0099684 , 0.00999709 , 0.00965438
0.0099684 , 0.0102153 , 0.0121071
0.0099684 , 0.0100787 , 0.0102867
0.0099684 , 0.00972477 , 0.00904625
0.0099684 , 0.0101804 , 0.0106803
0.0099684 , 0.00996524 , 0.00965438
0.0099684 , 0.00978264 , 0.0095196
0.0099684 , 0.00990279 , 0.0101121
0.0099684 , 0.0100787 , 0.0102867
0.0099684 , 0.00981211 , 0.00994947
0.0099684 , 0.00993381 , 0.0106803
0.0099684 , 0.0103792 , 0.00979733
0.0099684 , 0.00955923 , 0.0101121
0.0099684 , 0.0103792 , 0.00994947
0.0099684 , 0.00982698 , 0.0095196
0.0099684 , 0.00998111 , 0.0095196
0.0099684 , 0.0100953 , 0.00965438
0.0099684 , 0.00978264 , 0.0111529
0.0099684 , 0.0100953 , 0.00979733
0.0099684 , 0.00985701 , 0.00979733
0.0099684 , 0.010129 , 0.00979733
0.0099684 , 0.0100621 , 0.00994947
0.0099684 , 0.0101121 , 0.0102867
0.0099684 , 0.00994947 , 0.00979733
0.0099684 , 0.0105756 , 0.0101121
0.0099684 , 0.0100294 , 0.0121071
0.0099684 , 0.00971053 , 0.0092711
0.0099684 , 0.0100621 , 0.0101121
0.0099684 , 0.00988743 , 0.00939208
0.0099684 , 0.00994947 , 0.00965438
0.0099684 , 0.00979733 , 0.00939208
0.0099684 , 0.0100132 , 0.00894136
0.0099684 , 0.0102687 , 0.0101121
0.0099684 , 0.00996524 , 0.009156
0.0099684 , 0.0100621 , 0.00979733
0.0099684 , 0.00990279 , 0.0111529
0.0099684 , 0.0100132 , 0.00965438
0.0099684 , 0.0102153 , 0.0101121
0.0099684 , 0.00987217 , 0.00965438
0.0099684 , 0.0100294 , 0.00979733
0.0099684 , 0.00982698 , 0.00979733
0.0099684 , 0.00996524 , 0.00979733
0.0099684 , 0.0100132 , 0.0114302
0.0099684 , 0.00984195 , 0.00847708
0.0099684 , 0.0101978 , 0.00994947
0.0099684 , 0.00993381 , 0.0104753
0.0099684 , 0.00993381 , 0.0102867
0.0099684 , 0.00984195 , 0.0106803
0.0099684 , 0.0100787 , 0.0109048
0.0099684 , 0.0102508 , 0.0104753
0.0099684 , 0.00999709 , 0.0095196
0.0099684 , 0.0100132 , 0.0114302
0.0099684 , 0.00990279 , 0.0092711
0.0099684 , 0.00994947 , 0.0121071
0.0099684 , 0.0100787 , 0.00939208
0.0099684 , 0.010129 , 0.00994947
0.0099684 , 0.0102153 , 0.0114302
0.0099684 , 0.00999709 , 0.0101121
0.0099684 , 0.00991825 , 0.00894136
0.0099684 , 0.00999709 , 0.00994947
0.0099684 , 0.00978264 , 0.0101121
0.0099684 , 0.010129 , 0.00965438
0.0099684 , 0.0102687 , 0.009156
0.0099684 , 0.00978264 , 0.00874459
0.0099684 , 0.00985701 , 0.0101121
0.0099684 , 0.0100787 , 0.00994947
0.0099684 , 0.00962681 , 0.0104753
0.0099684 , 0.00985701 , 0.00939208
0.0099684 , 0.00958603 , 0.0101121
0.0099684 , 0.0096683 , 0.0095196
0.0099684 , 0.00990279 , 0.00979733
0.0099684 , 0.00981211 , 0.0101121
0.0099684 , 0.0103792 , 0.009156
0.0099684 , 0.0100294 , 0.0092711
0.0099684 , 0.00972477 , 0.0102867
0.0099684 , 0.0100132 , 0.0111529
0.0099684 , 0.0100457 , 0.00979733
0.0099684 , 0.0100953 , 0.00994947
0.0099684 , 0.0100953 , 0.0101121
0.0099684 , 0.00988743 , 0.0101121
0.0099684 , 0.00988743 , 0.0104753
0.0099684 , 0.00991825 , 0.0101121
