0.011334 , 0.0111627 , 0.0104132
0.011334 , 0.0121407 , 0.00997186
0.011334 , 0.011062 , 0.0113045
0.011334 , 0.011536 , 0.0113045
0.011334 , 0.0112682 , 0.0121949
0.011334 , 0.011536 , 0.0121949
0.011334 , 0.0111627 , 0.0101815
0.011334 , 0.0112325 , 0.0106722
0.011334 , 0.0116189 , 0.0101815
0.011334 , 0.011577 , 0.0128262
0.011334 , 0.0110951 , 0.0128262
0.011334 , 0.0112325 , 0.011705
0.011334 , 0.0110951 , 0.00997186
0.011334 , 0.0112682 , 0.0109658
0.011334 , 0.0114172 , 0.0113045
0.011334 , 0.0110295 , 0.0106722
0.011334 , 0.0111973 , 0.0106722
0.011334 , 0.011379 , 0.0113045
0.011334 , 0.0118409 , 0.0113045
0.011334 , 0.0113045 , 0.011705
0.011334 , 0.0110951 , 0.0109658
0.011334 , 0.0114561 , 0.011705
0.011334 , 0.0109974 , 0.0106722
0.011334 , 0.0114957 , 0.0137153
0.011334 , 0.0112325 , 0.0101815
0.011334 , 0.0119857 , 0.011705
0.011334 , 0.0117494 , 0.011705
0.011334 , 0.0112682 , 0.0104132
0.011334 , 0.0116615 , 0.011705
0.011334 , 0.0116189 , 1
0.011334 , 0.0117494 , 0.0121949
0.011334 , 0.0113414 , 0.0137153
0.011334 , 0.0116189 , 0.011705
0.011334 , 0.0114172 , 0.0128262
0.011334 , 0.0113414 , 0.0109658
0.011334 , 0.0113414 , 0.0128262
0.011334 , 0.0111286 , 0.0121949
0.011334 , 0.0123075 , 0.00997186
0.011334 , 0.0114172 , 0.0121949
0.011334 , 0.0114957 , 0.0128262
0.011334 , 0.011062 , 0.0101815
0.011334 , 0.0117946 , 0.0121949
0.011334 , 0.011379 , 0.0101815
0.011334 , 0.0109974 , 0.0121949
0.011334 , 0.0114561 , 0.0106722
0.011334 , 0.0116189 , 0.0104132
0.011334 , 0.0111973 , 0.0104132
0.011334 , 0.0110951 , 0.0137153
0.011334 , 0.0111286 , 0.0104132
0.011334 , 0.0113045 , 0.0104132
0.011334 , 0.0114957 , 0.0128262
0.011334 , 0.0111973 , 0.0121949
0.011334 , 0.0110295 , 0.0113045
0.011334 , 0.0118409 , 0.0113045
0.011334 , 0.0114172 , 0.0104132
0.011334 , 0.0114957 , 0.0106722
0.011334 , 0.011577 , 0.0101815
0.011334 , 0.0110295 , 0.0113045
0.011334 , 0.0110295 , 0.0128262
0.011334 , 0.0113414 , 0.0128262
0.011334 , 0.011062 , 0.0121949
0.011334 , 0.0112682 , 0.011705
0.011334 , 0.0113414 , 0.0113045
0.011334 , 0.0109658 , 0.0104132
0.011334 , 0.0118881 , 0.0106722
0.011334 , 0.0114957 , 0.0128262
0.011334 , 0.0111973 , 0.011705
0.011334 , 0.0119364 , 0.0109658
0.011334 , 0.0114561 , 0.0137153
0.011334 , 0.0113414 , 0.0106722
0.011334 , 0.0126847 , 0.0113045
0.011334 , 0.0113045 , 0.0113045
0.011334 , 0.0111627 , 0.0128262
0.011334 , 0.0114561 , 0.0101815
0.011334 , 0.0113414 , 0.011705
0.011334 , 0.0111627 , 0.0128262
0.011334 , 0.0108735 , 0.0121949
0.011334 , 0.0119364 , 0.0137153
0.011334 , 0.0111627 , 0.011705
0.011334 , 0.0111973 , 0.0113045
0.011334 , 0.0119364 , 0.0106722
0.011334 , 0.0108735 , 0.0121949
0.011334 , 0.0114561 , 0.0109658
0.011334 , 0.0113045 , 0.0109658
0.011334 , 0.0114172 , 0.0128262
0.011334 , 0.0111973 , 0.0113045
0.011334 , 0.0116189 , 0.0113045
0.011334 , 0.0113045 , 0.0104132
0.011334 , 0.0116615 , 0.0106722
0.011334 , 0.0113414 , 0.0113045
0.011334 , 0.0109974 , 0.0113045
0.011334 , 0.0111973 , 0.0106722
0.011334 , 0.0111973 , 0.0137153
0.011334 , 0.0111286 , 0.0128262
0.011334 , 0.0110951 , 0.0109658
0.011334 , 0.0114561 , 0.011705
0.011334 , 0.0116189 , 0.011705
0.011334 , 0.0111973 , 0.0113045
0.011334 , 0.010785 , 0.0121949
0.011334 , 0.0111286 , 0.0106722
