0.0102373 , 0.0102839 , 0.0106017
0.0102373 , 0.0101693 , 0.00976561
0.0102373 , 0.0102258 , 0.0100086
0.0102373 , 0.0105341 , 0.0109775
0.0102373 , 0.0102839 , 0.0102839
0.0102373 , 0.0101417 , 0.0100086
0.0102373 , 0.0106017 , 0.0106017
0.0102373 , 0.00998294 , 0.0102839
0.0102373 , 0.0105341 , 0.0100086
0.0102373 , 0.0102258 , 0.0109775
0.0102373 , 0.0100086 , 0.0106017
0.0102373 , 0.0100608 , 0.0109775
0.0102373 , 0.00993263 , 0.0100086
0.0102373 , 0.0102839 , 0.00885369
0.0102373 , 0.00990793 , 0.00900671
0.0102373 , 0.00993263 , 0.00954823
0.0102373 , 0.00995764 , 0.0100086
0.0102373 , 0.0104687 , 0.00900671
0.0102373 , 0.0101974 , 0.00976561
0.0102373 , 0.0100874 , 0.0106017
0.0102373 , 0.0104052 , 0.0106017
0.0102373 , 0.0104687 , 0.00976561
0.0102373 , 0.00983555 , 0.00976561
0.0102373 , 0.0100874 , 0.0109775
0.0102373 , 0.0101417 , 0.00976561
0.0102373 , 0.0100345 , 0.0109775
0.0102373 , 0.0100086 , 0.00976561
0.0102373 , 0.0104052 , 0.0102839
0.0102373 , 0.0106364 , 0.00935154
0.0102373 , 0.0101144 , 0.0106017
0.0102373 , 0.0102839 , 0.0120294
0.0102373 , 0.0100608 , 0.00976561
0.0102373 , 0.0103136 , 0.00954823
0.0102373 , 0.0101693 , 0.0106017
0.0102373 , 0.0100345 , 0.0100086
0.0102373 , 0.0106017 , 0.00976561
0.0102373 , 0.0102258 , 0.0102839
0.0102373 , 0.0105012 , 0.00935154
0.0102373 , 0.0100874 , 0.00954823
0.0102373 , 0.0100345 , 0.0114371
0.0102373 , 0.0101144 , 1
0.0102373 , 0.00998294 , 0.00976561
0.0102373 , 0.0103136 , 0.0106017
0.0102373 , 0.0104687 , 0.00976561
0.0102373 , 0.0100608 , 0.0109775
0.0102373 , 0.0104052 , 0.0100086
0.0102373 , 0.00983555 , 0.0100086
0.0102373 , 0.0105341 , 0.0106017
0.0102373 , 0.00993263 , 0.0102839
0.0102373 , 0.0101974 , 0.0106017
0.0102373 , 0.0105677 , 0.0102839
0.0102373 , 0.0103136 , 0.00976561
0.0102373 , 0.0101693 , 0.0102839
0.0102373 , 0.0101693 , 0.0106017
0.0102373 , 0.00988352 , 0.0114371
0.0102373 , 0.00990793 , 0.00935154
0.0102373 , 0.0103136 , 0.0106017
0.0102373 , 0.0101417 , 0.0100086
0.0102373 , 0.0100086 , 0.0102839
0.0102373 , 0.0100608 , 0.00976561
0.0102373 , 0.0101693 , 0.0120294
0.0102373 , 0.0102258 , 0.0128636
0.0102373 , 0.00990793 , 0.0102839
0.0102373 , 0.00995764 , 0.0128636
0.0102373 , 0.0102258 , 0.0120294
0.0102373 , 0.0105341 , 0.0106017
0.0102373 , 0.0106716 , 0.0102839
0.0102373 , 0.0107074 , 0.0102839
0.0102373 , 0.0100345 , 0.0102839
0.0102373 , 0.0102839 , 0.0102839
0.0102373 , 0.0100874 , 0.00935154
0.0102373 , 0.00993263 , 0.0114371
0.0102373 , 0.0101974 , 0.00954823
0.0102373 , 0.0100874 , 0.0106017
0.0102373 , 0.00981197 , 0.0102839
0.0102373 , 0.00978866 , 0.00935154
0.0102373 , 0.0101974 , 0.00976561
0.0102373 , 0.0104052 , 0.0106017
0.0102373 , 0.0103742 , 0.0106017
0.0102373 , 0.00993263 , 0.0100086
0.0102373 , 0.0104052 , 0.0128636
0.0102373 , 0.0101417 , 0.0106017
0.0102373 , 0.0104052 , 0.00954823
0.0102373 , 0.0104052 , 0.00976561
0.0102373 , 0.0100608 , 0.0100086
0.0102373 , 0.0103136 , 0.0102839
0.0102373 , 0.0100608 , 0.0109775
0.0102373 , 0.0104367 , 0.0100086
0.0102373 , 0.0107439 , 0.0114371
0.0102373 , 0.0105012 , 0.00935154
0.0102373 , 0.00988352 , 0.0100086
0.0102373 , 0.0101144 , 0.0100086
0.0102373 , 0.0102547 , 0.0102839
0.0102373 , 0.0101693 , 0.0120294
0.0102373 , 0.0101693 , 0.00976561
0.0102373 , 0.0107811 , 0.0100086
0.0102373 , 0.0101417 , 0.0120294
0.0102373 , 0.0102839 , 0.0106017
0.0102373 , 0.0100086 , 0.00917195
0.0102373 , 0.0110616 , 0.00976561
