0.0137214 , 0.0141303 , 1
0.0137214 , 0.0136326 , 1
0.0137214 , 0.0141303 , 1
0.0137214 , 1 , 1
0.0137214 , 0.0136326 , 1
0.0137214 , 0.0141303 , 0.0120457
0.0137214 , 0.0160286 , 0.0120457
0.0137214 , 0.0132464 , 1
0.0137214 , 0.0136326 , 1
0.0137214 , 0.0132464 , 1
0.0137214 , 0.0141303 , 1
0.0137214 , 0.0132464 , 1
0.0137214 , 0.0136326 , 1
0.0137214 , 0.0141303 , 1
0.0137214 , 0.0141303 , 0.0120457
0.0137214 , 0.0160286 , 1
0.0137214 , 0.0136326 , 0.0120457
0.0137214 , 0.0129307 , 0.0120457
0.0137214 , 0.0129307 , 1
0.0137214 , 0.0132464 , 1
0.0137214 , 0.0141303 , 1
0.0137214 , 0.0148314 , 1
0.0137214 , 0.0129307 , 1
0.0137214 , 0.0132464 , 1
0.0137214 , 0.0126637 , 1
0.0137214 , 0.0132464 , 1
0.0137214 , 0.0124324 , 1
0.0137214 , 0.0160286 , 1
0.0137214 , 0.0141303 , 1
0.0137214 , 0.0132464 , 1
0.0137214 , 0.0136326 , 1
0.0137214 , 0.0132464 , 1
0.0137214 , 0.0148314 , 1
0.0137214 , 0.0136326 , 1
0.0137214 , 0.0141303 , 1
0.0137214 , 0.0126637 , 1
0.0137214 , 0.0132464 , 0.0120457
0.0137214 , 0.0132464 , 1
0.0137214 , 0.0141303 , 1
0.0137214 , 0.0141303 , 1
0.0137214 , 0.0129307 , 1
0.0137214 , 0.0148314 , 1
0.0137214 , 0.0141303 , 1
0.0137214 , 0.0132464 , 1
0.0137214 , 0.0141303 , 1
0.0137214 , 0.0132464 , 1
0.0137214 , 0.0141303 , 1
0.0137214 , 0.0141303 , 1
0.0137214 , 0.0132464 , 1
0.0137214 , 0.0148314 , 1
0.0137214 , 0.0126637 , 1
0.0137214 , 0.0136326 , 0.0120457
0.0137214 , 1 , 0.0120457
0.0137214 , 0.0141303 , 1
0.0137214 , 0.0129307 , 1
0.0137214 , 0.0141303 , 1
0.0137214 , 0.0141303 , 1
0.0137214 , 0.0141303 , 0.0120457
0.0137214 , 0.0141303 , 0.0120457
0.0137214 , 0.0141303 , 1
0.0137214 , 0.0141303 , 1
0.0137214 , 0.0129307 , 1
0.0137214 , 0.0148314 , 1
0.0137214 , 0.0148314 , 0.0108436
0.0137214 , 0.0129307 , 1
0.0137214 , 0.0136326 , 1
0.0137214 , 0.0126637 , 1
0.0137214 , 0.0122283 , 1
0.0137214 , 0.0132464 , 0.0120457
0.0137214 , 0.0148314 , 0.0120457
0.0137214 , 0.0148314 , 0.0120457
0.0137214 , 0.0132464 , 0.0120457
0.0137214 , 0.0132464 , 1
0.0137214 , 0.0148314 , 1
0.0137214 , 0.0141303 , 1
0.0137214 , 0.0148314 , 0.0108436
0.0137214 , 0.0148314 , 1
0.0137214 , 0.0141303 , 1
0.0137214 , 0.0160286 , 1
0.0137214 , 0.0136326 , 1
0.0137214 , 0.0126637 , 1
0.0137214 , 0.0122283 , 0.0120457
0.0137214 , 0.0136326 , 1
0.0137214 , 0.0132464 , 1
0.0137214 , 0.0136326 , 0.0120457
0.0137214 , 0.0141303 , 1
0.0137214 , 0.0132464 , 1
0.0137214 , 0.0136326 , 0.0120457
0.0137214 , 0.0136326 , 1
0.0137214 , 1 , 1
0.0137214 , 0.0141303 , 0.0120457
0.0137214 , 0.0132464 , 1
0.0137214 , 0.0136326 , 0.0120457
0.0137214 , 0.0129307 , 1
0.0137214 , 0.0160286 , 1
0.0137214 , 0.0160286 , 0.0120457
0.0137214 , 1 , 1
0.0137214 , 0.0141303 , 0.0120457
0.0137214 , 0.0148314 , 1
0.0137214 , 0.0136326 , 0.0120457
