0.0104146 , 0.0101983 , 0.0104819
0.0104146 , 0.0103889 , 0.0105442
0.0104146 , 0.01018 , 0.0106694
0.0104146 , 0.0102534 , 0.010022
0.0104146 , 0.0105037 , 0.010764
0.0104146 , 0.0106067 , 0.0110188
0.0104146 , 0.0102381 , 0.00899551
0.0104146 , 0.0101252 , 0.00922468
0.0104146 , 0.0102106 , 0.010764
0.0104146 , 0.0104384 , 0.0118746
0.0104146 , 0.0106506 , 0.0109228
0.0104146 , 0.0107577 , 0.00942779
0.0104146 , 0.0101526 , 0.00957439
0.0104146 , 0.00988947 , 0.0103889
0.0104146 , 0.0110124 , 0.00942779
0.0104146 , 0.0105535 , 0.010358
0.0104146 , 0.0104726 , 0.0099918
0.0104146 , 0.0102045 , 0.0100826
0.0104146 , 0.0102228 , 0.0108909
0.0104146 , 0.0106474 , 0.0115734
0.0104146 , 0.0101861 , 0.0102657
0.0104146 , 0.0105473 , 0.010113
0.0104146 , 0.0103364 , 0.0113101
0.0104146 , 0.0105068 , 0.0109547
0.0104146 , 0.0101678 , 0.0102964
0.0104146 , 0.0103334 , 0.0101434
0.0104146 , 0.0105973 , 0.0115072
0.0104146 , 0.0104291 , 0.00966297
0.0104146 , 0.0103488 , 0.0113428
0.0104146 , 0.0104602 , 0.0103272
0.0104146 , 0.0104168 , 0.0109547
0.0104146 , 0.0103611 , 0.0096926
0.0104146 , 0.0103426 , 0.00899551
0.0104146 , 0.0105942 , 0.0099918
0.0104146 , 0.0104198 , 0.0112124
0.0104146 , 0.0104974 , 0.0109547
0.0104146 , 0.0104633 , 0.010638
0.0104146 , 0.0105754 , 0.00913837
0.0104146 , 0.0107735 , 0.0101739
0.0104146 , 0.0102198 , 0.0106067
0.0104146 , 0.0105535 , 0.0114412
0.0104146 , 0.0103796 , 0.0089387
0.0104146 , 0.010321 , 0.010022
0.0104146 , 0.010022 , 0.00960386
0.0104146 , 0.00964226 , 0.0102964
0.0104146 , 0.0104881 , 0.0101434
0.0104146 , 0.0106474 , 0.00981164
0.0104146 , 0.0104943 , 0.00919586
0.0104146 , 0.00995562 , 0.0100523
0.0104146 , 0.0105286 , 0.00913837
0.0104146 , 0.0102841 , 0.0108273
0.0104146 , 0.0106631 , 0.0105442
0.0104146 , 0.0105006 , 0.0113428
0.0104146 , 0.0104508 , 0.010764
0.0104146 , 0.0107798 , 0.00939862
0.0104146 , 0.0107545 , 0.0111153
0.0104146 , 0.0102749 , 0.00993153
0.0104146 , 0.0106067 , 0.0117736
0.0104146 , 0.0104229 , 0.0118409
0.0104146 , 0.0107166 , 0.0115734
0.0104146 , 0.0100311 , 0.00993153
0.0104146 , 0.0107103 , 0.0096926
0.0104146 , 0.0104912 , 0.00972228
0.0104146 , 0.0104974 , 0.0101739
0.0104146 , 0.0103303 , 0.0106067
0.0104146 , 0.0108623 , 0.0106067
0.0104146 , 0.0103827 , 0.0114742
0.0104146 , 0.0107356 , 0.0116066
0.0104146 , 0.0107009 , 0.00981164
0.0104146 , 0.0105692 , 0.010638
0.0104146 , 0.0105161 , 0.010022
0.0104146 , 0.0106004 , 0.010764
0.0104146 , 0.0102228 , 0.0101434
0.0104146 , 0.0103735 , 0.00975201
0.0104146 , 0.010591 , 0.010638
0.0104146 , 0.0104508 , 0.00981164
0.0104146 , 0.010682 , 0.0102351
0.0104146 , 0.010318 , 0.010764
0.0104146 , 0.0107735 , 0.0104819
0.0104146 , 0.0102412 , 0.010764
0.0104146 , 0.0103673 , 0.0106694
0.0104146 , 0.0105535 , 0.00996164
0.0104146 , 0.0101739 , 0.00948628
0.0104146 , 0.0100432 , 0.0115072
0.0104146 , 0.0104695 , 0.00993153
0.0104146 , 0.00988048 , 0.0110509
0.0104146 , 0.0108909 , 0.0118746
0.0104146 , 0.0100129 , 0.0110188
0.0104146 , 0.0102075 , 0.00891037
0.0104146 , 0.0110734 , 0.0110509
0.0104146 , 0.0104881 , 0.0114742
0.0104146 , 0.0107419 , 0.010113
0.0104146 , 0.0106789 , 0.00945701
0.0104146 , 0.010232 , 0.00996164
0.0104146 , 0.0104664 , 0.0102045
0.0104146 , 0.0103735 , 0.0104198
0.0104146 , 0.0101739 , 0.0121813
0.0104146 , 0.0105379 , 0.0106694
0.0104146 , 0.0100281 , 0.0104508
0.0104146 , 0.0107293 , 0.00993153
