0.0106205 , 0.0109464 , 1
0.0106205 , 0.0105697 , 1
0.0106205 , 0.0107462 , 0.00937188
0.0106205 , 0.0117846 , 1
0.0106205 , 0.0104117 , 0.00937188
0.0106205 , 0.0101383 , 0.0104117
0.0106205 , 0.0105697 , 0.00876311
0.0106205 , 0.0107462 , 0.0104117
0.0106205 , 0.0104117 , 1
0.0106205 , 0.0111773 , 0.00937188
0.0106205 , 0.0111773 , 0.00937188
0.0106205 , 0.0105697 , 0.0104117
0.0106205 , 0.0105697 , 1
0.0106205 , 0.00980358 , 1
0.0106205 , 0.0109464 , 0.00937188
0.0106205 , 0.0104117 , 1
0.0106205 , 0.0107462 , 0.0104117
0.0106205 , 0.0107462 , 0.0104117
0.0106205 , 0.0104117 , 1
0.0106205 , 0.0101383 , 1
0.0106205 , 0.0114505 , 0.0104117
0.0106205 , 0.0105697 , 1
0.0106205 , 0.0100183 , 0.0104117
0.0106205 , 0.0109464 , 0.0104117
0.0106205 , 0.0102688 , 1
0.0106205 , 0.0105697 , 1
0.0106205 , 0.0100183 , 1
0.0106205 , 0.0105697 , 0.0104117
0.0106205 , 0.0101383 , 1
0.0106205 , 0.0107462 , 0.0104117
0.0106205 , 0.0109464 , 0.0104117
0.0106205 , 0.0104117 , 0.0104117
0.0106205 , 0.0107462 , 1
0.0106205 , 0.0111773 , 1
0.0106205 , 0.0109464 , 0.0104117
0.0106205 , 0.0107462 , 0.0104117
0.0106205 , 0.0105697 , 1
0.0106205 , 0.0102688 , 1
0.0106205 , 0.0114505 , 0.00937188
0.0106205 , 0.0104117 , 0.00937188
0.0106205 , 0.0109464 , 0.0104117
0.0106205 , 0.0109464 , 0.0104117
0.0106205 , 0.0107462 , 1
0.0106205 , 0.0105697 , 0.00876311
0.0106205 , 0.0105697 , 0.0104117
0.0106205 , 0.0105697 , 0.0104117
0.0106205 , 0.0105697 , 0.0104117
0.0106205 , 0.0105697 , 0.0104117
0.0106205 , 0.0109464 , 1
0.0106205 , 0.0109464 , 0.00937188
0.0106205 , 0.0107462 , 1
0.0106205 , 0.0105697 , 1
0.0106205 , 0.0104117 , 0.00833095
0.0106205 , 0.0114505 , 0.00937188
0.0106205 , 0.0109464 , 0.0104117
0.0106205 , 0.00990709 , 0.0104117
0.0106205 , 0.0109464 , 1
0.0106205 , 0.0122153 , 1
0.0106205 , 0.0105697 , 0.00937188
0.0106205 , 0.0109464 , 0.0104117
0.0106205 , 0.0101383 , 0.0104117
0.0106205 , 0.0104117 , 0.0104117
0.0106205 , 0.0114505 , 0.0104117
0.0106205 , 0.0105697 , 1
0.0106205 , 0.0104117 , 0.00833095
0.0106205 , 0.0107462 , 0.00937188
0.0106205 , 0.00980358 , 0.0104117
0.0106205 , 0.0111773 , 1
0.0106205 , 0.0107462 , 0.00937188
0.0106205 , 0.00970675 , 1
0.0106205 , 0.0101383 , 0.0104117
0.0106205 , 0.0107462 , 0.00937188
0.0106205 , 0.0107462 , 1
0.0106205 , 0.00990709 , 0.00876311
0.0106205 , 0.0102688 , 1
0.0106205 , 0.0111773 , 1
0.0106205 , 0.0104117 , 1
0.0106205 , 0.0104117 , 1
0.0106205 , 0.0102688 , 1
0.0106205 , 0.0107462 , 0.0104117
0.0106205 , 0.0104117 , 1
0.0106205 , 0.0114505 , 0.0104117
0.0106205 , 0.0100183 , 1
0.0106205 , 0.0105697 , 0.00876311
0.0106205 , 0.0102688 , 0.00937188
0.0106205 , 0.0105697 , 1
0.0106205 , 0.0102688 , 0.0104117
0.0106205 , 0.0111773 , 0.0104117
0.0106205 , 0.0102688 , 0.0104117
0.0106205 , 0.0101383 , 0.0104117
0.0106205 , 0.0114505 , 0.0104117
0.0106205 , 0.0100183 , 0.0104117
0.0106205 , 0.0101383 , 0.0104117
0.0106205 , 0.0111773 , 1
0.0106205 , 0.0100183 , 1
0.0106205 , 0.0109464 , 0.0104117
0.0106205 , 0.0104117 , 0.0104117
0.0106205 , 0.0102688 , 0.0104117
0.0106205 , 0.0104117 , 1
0.0106205 , 0.0107462 , 0.00937188
