0.0112277 , 0.0122054 , 1
0.0112277 , 0.0107574 , 0.00825191
0.0112277 , 0.0122054 , 1
0.0112277 , 1 , 0.00916806
0.0112277 , 0.0103778 , 1
0.0112277 , 0.0107574 , 1
0.0112277 , 0.0122054 , 1
0.0112277 , 0.011292 , 1
0.0112277 , 0.0122054 , 1
0.0112277 , 0.011292 , 1
0.0112277 , 0.011292 , 1
0.0112277 , 0.00984268 , 1
0.0112277 , 1 , 1
0.0112277 , 1 , 1
0.0112277 , 0.0122054 , 1
0.0112277 , 0.0100834 , 1
0.0112277 , 0.011292 , 1
0.0112277 , 0.0122054 , 1
0.0112277 , 0.011292 , 0.00916806
0.0112277 , 0.0107574 , 1
0.0112277 , 0.0107574 , 1
0.0112277 , 0.011292 , 1
0.0112277 , 0.0107574 , 1
0.0112277 , 0.0122054 , 1
0.0112277 , 0.0107574 , 1
0.0112277 , 0.011292 , 1
0.0112277 , 0.0122054 , 0.00916806
0.0112277 , 0.0107574 , 1
0.0112277 , 0.011292 , 1
0.0112277 , 0.011292 , 1
0.0112277 , 0.0103778 , 1
0.0112277 , 0.0122054 , 1
0.0112277 , 0.011292 , 1
0.0112277 , 0.0122054 , 1
0.0112277 , 0.0122054 , 0.00916806
0.0112277 , 0.0122054 , 1
0.0112277 , 0.0107574 , 1
0.0112277 , 1 , 1
0.0112277 , 0.0100834 , 0.00916806
0.0112277 , 0.011292 , 1
0.0112277 , 0.0122054 , 1
0.0112277 , 0.011292 , 0.00916806
0.0112277 , 0.011292 , 1
0.0112277 , 0.0103778 , 1
0.0112277 , 0.0103778 , 1
0.0112277 , 0.0103778 , 1
0.0112277 , 0.0107574 , 1
0.0112277 , 0.011292 , 1
0.0112277 , 0.011292 , 1
0.0112277 , 0.011292 , 0.00916806
0.0112277 , 0.0107574 , 1
0.0112277 , 0.0122054 , 1
0.0112277 , 0.011292 , 1
0.0112277 , 0.0122054 , 1
0.0112277 , 0.0122054 , 1
0.0112277 , 0.0107574 , 1
0.0112277 , 1 , 1
0.0112277 , 0.0122054 , 1
0.0112277 , 1 , 1
0.0112277 , 0.0103778 , 1
0.0112277 , 0.0103778 , 0.00916806
0.0112277 , 0.0107574 , 1
0.0112277 , 0.0107574 , 0.00916806
0.0112277 , 0.0107574 , 1
0.0112277 , 0.0122054 , 0.00916806
0.0112277 , 1 , 0.00825191
0.0112277 , 0.0122054 , 1
0.0112277 , 0.0122054 , 1
0.0112277 , 0.0107574 , 1
0.0112277 , 0.0103778 , 1
0.0112277 , 0.0103778 , 1
0.0112277 , 0.0103778 , 1
0.0112277 , 0.011292 , 1
0.0112277 , 0.0107574 , 1
0.0112277 , 0.0107574 , 1
0.0112277 , 1 , 1
0.0112277 , 1 , 1
0.0112277 , 0.0122054 , 0.00916806
0.0112277 , 0.0122054 , 1
0.0112277 , 0.0107574 , 1
0.0112277 , 0.0100834 , 0.00916806
0.0112277 , 0.0107574 , 0.00916806
0.0112277 , 0.0107574 , 1
0.0112277 , 0.011292 , 0.00916806
0.0112277 , 0.011292 , 1
0.0112277 , 0.0107574 , 1
0.0112277 , 0.0122054 , 1
0.0112277 , 1 , 1
0.0112277 , 0.0107574 , 1
0.0112277 , 0.011292 , 0.00825191
0.0112277 , 0.0103778 , 1
0.0112277 , 0.011292 , 1
0.0112277 , 0.0122054 , 1
0.0112277 , 0.0103778 , 0.00916806
0.0112277 , 0.0100834 , 1
0.0112277 , 0.011292 , 1
0.0112277 , 0.0107574 , 1
0.0112277 , 1 , 1
0.0112277 , 0.0122054 , 1
0.0112277 , 0.0103778 , 1
