0.00903011 , 0.0108241 , 0.0207746
0.00903011 , 0.0102767 , 0.00443741
0.00903011 , 0.00760576 , 0.0130836
0.00903011 , 0.00776343 , 0.00284222
0.00903011 , 0.00228212 , 0.012306
0.00903011 , 0.0126172 , 0.0192482
0.00903011 , 0.0076846 , 0.0350193
0.00903011 , 0.0133165 , 0
0.00903011 , 0.00815729 , 0.0083934
0.00903011 , 0.0105114 , 0.00996349
0.00903011 , 0.0131612 , 0.000435139
0.00903011 , 0.00602519 , 0.00443741
0.00903011 , 0.0132389 , 0
0.00903011 , 0.0119166 , 0.0169478
0.00903011 , 0.0175625 , 0
0.00903011 , 0.0105896 , 0.0091793
0.00903011 , 0.0083934 , 0
0.00903011 , 0.00427822 , 0.0154067
0.00903011 , 0.00602519 , 0.0169478
0.00903011 , 0.00996349 , 0
0.00903011 , 0.00705337 , 0.0138595
0.00903011 , 0.00570822 , 0
0.00903011 , 0.00689539 , 0.0091793
0.00903011 , 0.0115268 , 0.010746
0.00903011 , 0.0114488 , 0.026826
0.00903011 , 0.00862935 , 0.025321
0.00903011 , 0.0101201 , 0
0.00903011 , 0.0100418 , 0.026826
0.00903011 , 0.00131976 , 0.000435139
0.00903011 , 0.0108241 , 0.0130836
0.00903011 , 0.016178 , 0.00123944
0.00903011 , 0.00894371 , 0
0.00903011 , 0.00562893 , 0.0230538
0.00903011 , 0.00823601 , 0.0138595
0.00903011 , 0 , 0.00123944
0.00903011 , 0.0123838 , 0
0.00903011 , 0.0130836 , 0.0184828
0.00903011 , 0.00539095 , 0.0091793
0.00903011 , 0 , 0
0.00903011 , 0.00403931 , 0
0.00903011 , 0.0079998 , 0.0138595
0.00903011 , 0.00411897 , 0.00284222
0.00903011 , 0.0083934 , 0
0.00903011 , 0.00316186 , 0
0.00903011 , 0.00878656 , 0.016178
0.00903011 , 0.0131612 , 0.00123944
0.00903011 , 0.0125394 , 0.012306
0.00903011 , 0.0150205 , 0.00364075
0.00903011 , 0.0109023 , 0
0.00903011 , 0.00459651 , 0
0.00903011 , 0.0101984 , 0.00760576
0.00903011 , 0.00847207 , 0.0192482
0.00903011 , 0.0104332 , 0
0.00903011 , 0.00855072 , 0.0222954
0.00903011 , 0.014092 , 0.016178
0.00903011 , 0.00395964 , 0.0146339
0.00903011 , 0.00957161 , 0
0.00903011 , 0.0120724 , 0
0.00903011 , 0.0104332 , 0
0.00903011 , 0.00411897 , 0
0.00903011 , 0.0131612 , 0.00996349
0.00903011 , 0.00650011 , 0
0.00903011 , 0.0134717 , 0.0184828
0.00903011 , 0.00554962 , 0
0.00903011 , 0.00554962 , 0.0305673
0.00903011 , 0.0037205 , 0
0.00903011 , 0.00196164 , 0.0130836
0.00903011 , 0.00689539 , 0
0.00903011 , 0.0103549 , 0.00204179
0.00903011 , 0.0112927 , 0.0238108
0.00903011 , 0.00515281 , 0.0238108
0.00903011 , 0.00665827 , 0.00364075
0.00903011 , 0.00324172 , 0.0335396
0.00903011 , 0.00435782 , 0.016178
0.00903011 , 0.0191717 , 0.017716
0.00903011 , 0.00332156 , 0
0.00903011 , 0.00736913 , 0.0192482
0.00903011 , 0.00681637 , 0
0.00903011 , 0.0100418 , 0.00443741
0.00903011 , 0.00236219 , 0.0091793
0.00903011 , 0.0158697 , 0.000435139
0.00903011 , 0.0133165 , 0.0146339
0.00903011 , 0.00823601 , 0.0130836
0.00903011 , 0.0100418 , 0
0.00903011 , 0.0153295 , 0.0130836
0.00903011 , 0.00980679 , 0.000435139
0.00903011 , 0 , 0.017716
0.00903011 , 0.00689539 , 0.00523221
0.00903011 , 0.00957161 , 0.0200121
0.00903011 , 0.00941473 , 0.00681637
0.00903011 , 0.0128505 , 0
0.00903011 , 0.0102767 , 0.00204179
0.00903011 , 0 , 0.0298214
0.00903011 , 0.00886515 , 0.000435139
0.00903011 , 0 , 0
0.00903011 , 0.00697439 , 0
0.00903011 , 0.0148659 , 0
0.00903011 , 0.0075269 , 0.017716
0.00903011 , 0.0104332 , 0.0200121
0.00903011 , 0.0091793 , 0.0146339
