0.00991846 , 0.00985602 , 0.00938314
0.00991846 , 0.00980248 , 0.00982922
0.00991846 , 0.0100728 , 0.00961707
0.00991846 , 0.0097545 , 0.00966973
0.00991846 , 0.0102995 , 0.00917925
0.00991846 , 0.00964337 , 0.0100455
0.00991846 , 0.0100619 , 0.0087337
0.00991846 , 0.00978913 , 0.00900386
0.00991846 , 0.00987214 , 0.0100182
0.00991846 , 0.0100155 , 0.0097758
0.00991846 , 0.00956989 , 0.00930624
0.00991846 , 0.00997203 , 0.0105195
0.00991846 , 0.00972264 , 0.00935745
0.00991846 , 0.010158 , 0.00999102
0.00991846 , 0.00991252 , 0.0100182
0.00991846 , 0.00996389 , 0.00966973
0.00991846 , 0.0100728 , 0.00915402
0.00991846 , 0.00972794 , 0.00951249
0.00991846 , 0.010205 , 0.00969615
0.00991846 , 0.00979981 , 0.0109257
0.00991846 , 0.00998288 , 0.0105766
0.00991846 , 0.00993412 , 0.0103219
0.00991846 , 0.00980515 , 0.0101828
0.00991846 , 0.0101525 , 0.0101828
0.00991846 , 0.00994765 , 0.0103219
0.00991846 , 0.00993953 , 0.00990983
0.00991846 , 0.00974387 , 0.0094865
0.00991846 , 0.0101801 , 0.0108961
0.00991846 , 0.0101277 , 0.00854126
0.00991846 , 0.0102355 , 0.00953855
0.00991846 , 0.00985871 , 0.00980248
0.00991846 , 0.00992602 , 0.0100455
0.00991846 , 0.00986945 , 0.0101828
0.00991846 , 0.00972264 , 0.0113166
0.00991846 , 0.00982922 , 0.0106629
0.00991846 , 0.00982654 , 0.00966973
0.00991846 , 0.0102077 , 0.00938314
0.00991846 , 0.0100893 , 0.0101552
0.00991846 , 0.00988827 , 0.0100182
0.00991846 , 0.0101607 , 0.0102382
0.00991846 , 0.0100756 , 0.00951249
0.00991846 , 0.0101304 , 0.00956466
0.00991846 , 0.00973325 , 0.00985602
0.00991846 , 0.00972529 , 0.0094865
0.00991846 , 0.0101359 , 0.00982922
0.00991846 , 0.0100101 , 0.00935745
0.00991846 , 0.0100537 , 0.0103499
0.00991846 , 0.0101414 , 0.0094865
0.00991846 , 0.0100646 , 0.0102105
0.00991846 , 0.00996931 , 0.0102105
0.00991846 , 0.00984529 , 0.00972264
0.00991846 , 0.0101966 , 0.0100182
0.00991846 , 0.00993412 , 0.0105195
0.00991846 , 0.00978913 , 0.0104627
0.00991846 , 0.00984529 , 0.0110744
0.00991846 , 0.00972264 , 0.0101002
0.00991846 , 0.00974919 , 0.00920453
0.00991846 , 0.00998288 , 0.0115955
0.00991846 , 0.0097758 , 0.0101277
0.00991846 , 0.00991522 , 0.00953855
0.00991846 , 0.0095177 , 0.0104344
0.00991846 , 0.0100346 , 0.00982922
0.00991846 , 0.00988289 , 0.00915402
0.00991846 , 0.0101663 , 0.0104627
0.00991846 , 0.0100346 , 0.00925527
0.00991846 , 0.0100509 , 0.0102382
0.00991846 , 0.0101442 , 0.0109552
0.00991846 , 0.0100728 , 0.00928073
0.00991846 , 0.0100947 , 0.00940889
0.00991846 , 0.0102828 , 0.00988289
0.00991846 , 0.00974387 , 0.0097758
0.00991846 , 0.00987214 , 0.00959083
0.00991846 , 0.0100455 , 0.0101002
0.00991846 , 0.0102466 , 0.0107498
0.00991846 , 0.00958036 , 0.00969615
0.00991846 , 0.0101994 , 0.00999102
0.00991846 , 0.00996389 , 0.00933182
0.00991846 , 0.00969615 , 0.010634
0.00991846 , 0.00995035 , 0.00988289
0.00991846 , 0.00987751 , 0.00866114
0.00991846 , 0.0100073 , 0.0094865
0.00991846 , 0.00994223 , 0.00969615
0.00991846 , 0.0100482 , 0.0103499
0.00991846 , 0.0101745 , 0.0094865
0.00991846 , 0.00995577 , 0.00951249
0.00991846 , 0.0100756 , 0.0108667
0.00991846 , 0.00975716 , 0.0100182
0.00991846 , 0.0097758 , 0.0108374
0.00991846 , 0.00983725 , 0.00993683
0.00991846 , 0.00981584 , 0.0100728
0.00991846 , 0.0100975 , 0.0100182
0.00991846 , 0.0100182 , 0.00959083
0.00991846 , 0.00989904 , 0.0100182
0.00991846 , 0.0101085 , 0.00910374
0.00991846 , 0.0100318 , 0.011286
0.00991846 , 0.00983725 , 0.0104344
0.00991846 , 0.00991252 , 0.00956466
0.00991846 , 0.00968293 , 0.00933182
0.00991846 , 0.00968029 , 0.00946057
0.00991846 , 0.00992602 , 0.00980248
