0.172534, 0.28239
0.227456
0.249827
0.394915
0.248939
0.190888
0.2516
0.314657
0.216585
0.33136
0.313815
0.277909
0.194588
0.277909
0.219311
0.288278
0.231061
0.28224
0.344545
0.18718
0.25955
0.153388
0.233758
0.165676
0.271819
0.240924
0.276172
0.245383
0.254256
0.23645
0.369638
0.342085
0.252486
0.25955
0.262189
0.209291
0.339619
0.274432
0.212031
0.189962
0.306212
0.177868
0.262189
0.359996
0.286556
0.204712
0.263068
0.213854
0.231061
0.270074
0.210205
0.309597
0.196434
0.355141
0.263946
0.252486
0.371237
0.226554
0.203795
0.347816
0.317178
0.159071
0.299412
0.323874
0.175063
0.273562
0.244492
0.37363
0.278776
0.239136
0.280509
0.224747
0.273562
0.276172
0.213854
0.191814
0.286556
0.217495
0.301116
0.291715
0.404229
0.310442
0.207461
0.235553
0.299412
0.318017
0.254256
0.274432
0.208376
0.18718
0.278776
0.226554
0.276172
0.241817
0.136217
0.368838
0.351078
0.199199
0.254256
0.25955
0.330531
