0.0194504, 0.029569
0.0173738
0.0132972
0.0924248
0.0122769
0.0275343
1.34869e-26
0.0092135
0.0183919
1.34869e-26
0.0224597
0.0255058
0.0667167
0.0325976
0.0537365
0.0776349
1.34869e-26
1.34869e-26
0.0436962
0.0597376
0.0305736
0.0637286
0.0487223
0.0647251
0.0122769
1.34869e-26
0.0173738
0.0346197
1.34869e-26
0.0255058
0.0386584
1.34869e-26
0.0255058
0.0305736
0.047718
1.34869e-26
0.0194095
0.0346197
1.34869e-26
0.0325976
0.0132972
1.34869e-26
0.0315858
0.0527346
0.0426896
0.0706939
0.00409917
0.00716906
0.0305736
1.34869e-26
0.0153364
0.0436962
1.34869e-26
0.0305736
0.0224597
0.0467133
0.0507294
0.0102351
0.0875076
0.0315858
0.0163553
0.0855372
0.0244909
1.34869e-26
1.34869e-26
0.0416825
0.071687
1.34869e-26
0.0265203
0.0112562
0.047718
0.0194095
0.0567392
0.0163553
0.029561
0.0386584
0.0447024
0.0487223
0.014317
0.0617341
0.0305736
0.0706939
0.0315858
0.0825776
0.0617341
1.34869e-26
0.109046
0.00307501
0.0426896
0.0092135
0.00819149
1.34869e-26
0.0305736
0.0305736
0.00716906
0.0255058
0.0746632
1.34869e-26
0.0597376
1.34869e-26
0.071687
