0.253404, 0.792037
0.739911
0.733018
0.674421
0.725083
0.792632
0.740337
0.763659
0.692878
0.732146
0.705821
0.735188
0.729515
0.722396
0.704877
0.721496
0.697241
0.708169
0.738202
0.742457
0.781146
0.753251
0.755687
0.706762
0.703457
0.705821
0.752435
0.758102
0.736483
0.773308
0.683005
0.741187
0.780041
0.754066
0.748732
0.736483
0.709105
0.731271
0.711896
0.794029
0.744563
0.733453
0.724637
0.691412
0.678482
0.583667
0.742034
0.758903
0.740337
0.787674
0.795418
0.721044
0.755283
0.753251
0.709105
0.742034
0.764051
0.714205
0.738202
0.72775
0.68945
0.707701
0.759302
0.771787
0.708169
0.76872
0.705349
0.771787
0.68945
0.710037
0.708637
0.703931
0.782612
0.761291
0.755283
0.697723
0.77856
0.771024
0.762477
0.743302
0.801228
0.675948
0.746655
0.786599
0.774065
0.776697
0.733453
0.74582
0.713745
0.710503
0.764051
0.703931
0.762083
0.688958
0.804243
0.736483
0.703457
0.725083
0.728192
0.701078
0.688958
