0.478382, 0.920665
0.898501
0.912559
0.893002
0.889468
0.896411
0.896235
0.898673
0.909161
0.875746
0.914693
0.887942
0.913135
0.904326
0.902044
0.89373
0.917439
0.901213
0.918903
0.920719
0.896058
0.918374
0.897983
0.878921
0.901213
0.900543
0.913847
0.904487
0.908553
0.913705
0.902044
0.915112
0.899868
0.899358
0.885609
0.892085
0.878293
0.872704
0.894633
0.894991
0.894812
0.904326
0.904004
0.881808
0.908553
0.91539
0.902374
0.907941
0.923102
0.907787
0.874452
0.913421
0.905602
0.902866
0.907941
0.884224
0.891158
0.916899
0.886002
0.902866
0.891158
0.887557
0.925276
0.880168
0.909613
0.901213
0.904165
0.904487
0.894092
0.901546
0.90576
0.885806
0.910361
0.890223
0.892636
0.895881
0.899528
0.915667
0.922359
0.883825
0.907941
0.920846
0.892269
0.911834
0.916899
0.912848
0.895526
0.886392
0.894273
0.879338
0.902702
0.904326
0.908553
0.913989
0.917841
0.911688
0.904165
0.89781
0.897113
0.8919
0.892269
