0.684108, 0.942863
0.930267
0.942171
0.928503
0.93134
0.927941
0.945744
0.939283
0.926913
0.92645
0.927372
0.932807
0.924078
0.936967
0.92211
0.933931
0.92468
0.940531
0.925631
0.938646
0.920205
0.936872
0.920205
0.922979
0.929831
0.923714
0.939193
0.944799
0.933525
0.935717
0.941401
0.937814
0.928839
0.92456
0.928054
0.940968
0.938278
0.917708
0.925513
0.941574
0.915805
0.933728
0.933728
0.942508
0.922359
0.923592
0.932288
0.93291
0.930375
0.930806
0.93291
0.940355
0.931658
0.917975
0.940881
0.932079
0.937721
0.941315
0.932288
0.925748
0.930591
0.930914
0.931234
0.924078
0.914412
0.936202
0.926334
0.910509
0.934333
0.91227
0.908095
0.934733
0.922855
0.928727
0.921733
0.922608
0.936682
0.931764
0.942171
0.918108
0.935129
0.930591
0.926217
0.9326
0.92895
0.931234
0.939822
0.937907
0.933219
0.928615
0.937627
0.938463
0.934132
0.921355
0.923592
0.922979
0.933728
0.940531
0.930267
0.93649
0.929722
