0.264095, 0.848655
0.842809
0.779672
0.85532
0.821782
0.788389
0.771787
0.802238
0.695792
0.857801
0.819014
0.804243
0.777071
0.848144
0.784069
0.809177
0.778931
0.810796
0.790873
0.852286
0.835887
0.792632
0.802573
0.812402
0.813679
0.788746
0.794377
0.797143
0.829557
0.795418
0.792281
0.80656
0.815893
0.78188
0.816521
0.797829
0.772168
0.811118
0.759302
0.822999
0.821476
0.833897
0.771787
0.794377
0.786599
0.789102
0.792982
0.798513
0.833611
0.822087
0.822695
0.710503
0.794725
0.820864
0.77856
0.799195
0.819324
0.788746
0.824811
0.84389
0.82985
0.743302
0.803577
0.781146
0.785156
0.812722
0.818704
0.83275
0.847619
0.774442
0.757701
0.772168
0.753251
0.823302
0.827495
0.83275
0.814631
0.816835
0.826902
0.777071
0.826605
0.854567
0.789102
0.814631
0.819014
0.846562
0.779672
0.829264
0.814314
0.791226
0.80623
0.767173
0.81746
0.833611
0.826902
0.795072
0.795418
0.76872
0.873799
0.813996
0.823907
