0.288225, 0.611212
0.528199
0.627705
0.481566
0.583056
0.578763
0.522192
0.598735
0.509345
0.505927
0.620894
0.540714
0.585496
0.677471
0.528199
0.558113
0.530852
0.570085
0.500426
0.588531
0.480151
0.643797
0.568836
0.57444
0.547858
0.512748
0.60583
0.505927
0.549148
0.584887
0.477314
0.513426
0.534155
0.609343
0.56255
0.569461
0.57444
0.438034
0.487202
0.586712
0.614572
0.629956
0.444706
0.553646
0.652452
0.61975
0.655124
0.60583
0.587925
0.622036
0.481566
0.591551
0.666699
0.594555
0.561286
0.636648
0.571955
0.592153
0.573199
0.626011
0.572577
0.547858
0.637202
0.566957
0.569461
0.568836
0.571955
0.558749
0.499045
0.501805
0.622036
0.578147
0.471609
0.42981
0.518159
0.626011
0.616304
0.560019
0.57444
0.627141
0.561286
0.497661
0.438778
0.527534
0.545917
0.565072
0.525535
0.589741
0.587319
0.446182
0.60111
0.535472
0.550436
0.579993
0.613414
0.57444
0.494885
0.56821
0.496968
0.557477
0.623174
