0.338983, 0.890233
0.826902
0.845232
0.85507
0.870708
0.864761
0.859756
0.871377
0.837574
0.861205
0.856566
0.877662
0.839245
0.844964
0.84172
0.82451
0.859998
0.887942
0.858537
0.836169
0.831596
0.85532
0.874235
0.847355
0.822999
0.867539
0.831885
0.868907
0.878083
0.838968
0.87026
0.858782
0.848407
0.860482
0.844428
0.876814
0.882619
0.842537
0.857308
0.870484
0.836732
0.857061
0.883625
0.841447
0.857555
0.877873
0.848668
0.863349
0.833038
0.86708
0.828382
0.878293
0.828382
0.859513
0.845499
0.838411
0.882619
0.832462
0.881808
0.863821
0.85557
0.818704
0.852031
0.86685
0.854819
0.864292
0.856318
0.86868
0.840074
0.864761
0.835887
0.841447
0.873362
0.84893
0.852541
0.831015
0.851775
0.884423
0.837854
0.847882
0.837574
0.854063
0.86708
0.872484
0.860964
0.840625
0.856318
0.860241
0.85557
0.860964
0.866389
0.86662
0.869811
0.844697
0.869811
0.885609
0.875531
0.86662
0.861923
0.859756
0.85927
