0.260221, 0.470969
0.537795
0.488947
0.476942
0.525886
0.360803
0.414983
0.505588
0.398029
0.327208
0.536482
0.344545
0.450926
0.452392
0.408853
0.415746
0.442816
0.412689
0.381566
0.430133
0.421073
0.439104
0.423346
0.5212
0.344545
0.514453
0.421073
0.362415
0.401134
0.433882
0.257788
0.339619
0.415746
0.495924
0.498698
0.402683
0.488947
0.423346
0.415746
0.496619
0.431635
0.337972
0.414983
0.451659
0.403456
0.416509
0.563537
0.382356
0.36322
0.360803
0.381566
0.47623
0.378399
0.414219
0.448721
0.43836
0.492443
0.442816
0.421831
0.401134
0.356761
0.417271
0.400359
0.430884
0.350263
0.339619
0.398029
0.376017
0.43463
0.418794
0.421073
0.504902
0.419554
0.417271
0.424103
0.315498
0.512416
0.548857
0.36322
0.391007
0.477653
0.422589
0.364828
0.494534
0.386298
0.426369
0.476942
0.419554
0.377606
0.482614
0.512416
0.297706
0.266576
0.394915
0.517159
0.464757
0.492443
0.453125
0.38944
0.460414
0.430133
