0.92794, 0.970688
0.96606
0.974105
0.970742
0.971398
0.962616
0.96404
0.965357
0.966747
0.968033
0.968596
0.969842
0.967293
0.969689
0.968991
0.969535
0.968316
0.959984
0.964864
0.963994
0.967624
0.968715
0.962225
0.962518
0.963431
0.968033
0.958966
0.968476
0.968596
0.954247
0.967251
0.969342
0.965535
0.963573
0.966789
0.967542
0.962518
0.968436
0.970295
0.966448
0.966491
0.969303
0.964087
0.964179
0.963241
0.969303
0.960765
0.971362
0.965268
0.961428
0.959878
0.973645
0.964774
0.965886
0.964683
0.967335
0.964271
0.962858
0.96404
0.969381
0.960765
0.96362
0.968033
0.966017
0.969842
0.968635
0.964225
0.967418
0.969069
0.965313
0.965886
0.970482
0.966362
0.973711
0.968715
0.968794
0.969381
0.962175
0.970519
0.96619
0.968912
0.968675
0.960971
0.969226
0.968154
0.967624
0.97037
0.967829
0.967952
0.960089
0.966619
0.968635
0.97007
0.967624
0.958251
0.969069
0.965579
0.963289
0.969612
0.970482
0.963573
