0.848294, 0.958999
0.953621
0.952263
0.95493
0.943832
0.943751
0.952065
0.959721
0.939733
0.943995
0.954
0.946286
0.946896
0.951866
0.950441
0.955656
0.948745
0.948309
0.949673
0.956719
0.949814
0.955596
0.950094
0.957008
0.95051
0.95051
0.951126
0.960767
0.949884
0.950648
0.951126
0.951464
0.946286
0.948236
0.958804
0.954437
0.959667
0.956192
0.950024
0.951194
0.945432
0.949954
0.960143
0.954684
0.950024
0.953494
0.953045
0.948527
0.951932
0.948817
0.960457
0.950854
0.958309
0.949743
0.951666
0.94551
0.954375
0.953874
0.953557
0.948382
0.951194
0.951262
0.950648
0.954745
0.954
0.949602
0.943505
0.95051
0.957352
0.947198
0.953748
0.954
0.951932
0.95875
0.953621
0.955656
0.953238
0.952131
0.947047
0.950441
0.954868
0.95695
0.954188
0.948527
0.948961
0.965046
0.951531
0.953302
0.952591
0.950648
0.94682
0.956132
0.953684
0.952329
0.947646
0.949673
0.95666
0.951329
0.955234
0.946286
0.951799
