0.994218, 0.996397
0.995829
0.995156
0.995438
0.996454
0.996199
0.996089
0.995829
0.995615
0.995156
0.996125
0.995208
0.99713
0.996538
0.995978
0.996801
0.9954
0.996272
0.996586
0.995362
0.99626
0.996027
0.997165
0.995754
0.994818
0.99655
0.996015
0.997704
0.995841
0.996706
0.997095
0.995118
0.995978
0.99713
0.995514
0.995451
0.994246
0.996406
0.995527
0.995131
0.996562
0.995027
0.996089
0.995666
0.996466
0.996658
0.996765
0.994897
0.995766
0.99649
0.995426
0.995336
0.995653
0.995729
0.996297
0.996211
0.995853
0.994447
0.996199
0.994527
0.995816
0.997292
0.995829
0.996162
0.995903
0.996466
0.995298
0.996706
0.996211
0.996138
0.996284
0.996309
0.993795
0.994779
0.99491
0.997072
0.995779
0.996248
0.996089
0.994554
0.995514
0.995514
0.995953
0.996309
0.996248
0.996848
0.995965
0.997025
0.993946
0.995234
0.995829
0.994713
0.996742
0.996801
0.996418
0.996466
0.995105
0.996297
0.997083
0.99594
0.995853
