0.997122, 0.998268
0.998051
0.998084
0.998663
0.998414
0.998283
0.998283
0.998305
0.998458
0.997973
0.997918
0.998414
0.998118
0.998029
0.998781
0.997327
0.998261
0.997749
0.998961
0.998073
0.998084
0.997906
0.998338
0.997862
0.998447
0.998338
0.998217
0.998294
0.99825
0.997918
0.997499
0.997235
0.998084
0.998587
0.998663
0.998759
0.997613
0.998228
0.998414
0.997235
0.998555
0.998029
0.998107
0.997929
0.998239
0.997951
0.998007
0.997579
0.998338
0.997339
0.99849
0.998228
0.998018
0.99794
0.998305
0.998802
0.99814
0.998684
0.998261
0.998051
0.99814
0.997385
0.997749
0.998151
0.99814
0.998007
0.997962
0.998316
0.997693
0.998018
0.998392
0.997681
0.997454
0.998007
0.998173
0.998414
0.997454
0.997488
0.997929
0.997862
0.997083
0.99836
0.997749
0.99804
0.99767
0.997839
0.998118
0.99776
0.997681
0.997839
0.998217
0.998084
0.998566
0.997269
0.998283
0.998195
0.99706
0.998107
0.99837
0.998533
0.998195
