0.988267, 0.992634
0.992746
0.992541
0.990519
0.991808
0.992482
0.992614
0.991639
0.993192
0.993348
0.99202
0.990535
0.991944
0.990454
0.990584
0.991205
0.991639
0.992349
0.991944
0.99208
0.993291
0.990389
0.993277
0.991205
0.993601
0.988228
0.990905
0.991578
0.991609
0.992644
0.991267
0.993446
0.991944
0.992349
0.9926
0.990936
0.99199
0.992275
0.994097
0.991884
0.992847
0.990889
0.992731
0.99332
0.99257
0.991032
0.992245
0.992702
0.993192
0.993753
0.993106
0.993163
0.99292
0.993092
0.992891
0.991838
0.991423
0.989472
0.991747
0.992095
0.992349
0.993135
0.991516
0.990584
0.99211
0.992585
0.993178
0.990535
0.991609
0.991408
0.99199
0.99199
0.992511
0.992905
0.990291
0.993864
0.99208
0.992789
0.990454
0.991808
0.991944
0.99111
0.990745
0.992467
0.990968
0.9922
0.992746
0.991639
0.992905
0.993601
0.991142
0.991361
0.992289
0.99211
0.990713
0.992526
0.993781
0.990616
0.993163
0.991158
0.99332
