0.999309, 0.999622
0.999789
0.999799
0.999411
0.99913
0.999575
0.999596
0.999452
0.999524
0.999565
0.999779
0.999687
0.999493
0.999575
0.999318
0.999606
0.999769
0.999328
0.999687
0.999524
0.999411
0.999119
0.999431
0.999606
0.999544
0.999442
0.999503
0.9994
0.999473
0.999349
0.999626
0.999544
0.999473
0.999524
0.999172
0.999452
0.999769
0.999575
0.999483
0.999056
0.999616
0.999596
0.998983
0.999555
0.999687
0.999213
0.999596
0.999626
0.999779
0.999616
0.999738
0.999544
0.999493
0.999718
0.999503
0.999555
0.999411
0.999421
0.99988
0.999616
0.999234
0.999647
0.999718
0.99987
0.999606
0.999748
0.999596
0.999161
0.999431
0.999799
0.999524
0.9999
0.999748
0.999748
0.999483
0.999442
0.999234
0.999698
0.999575
0.999667
0.999025
0.999534
0.999667
0.999687
0.999421
0.999657
0.999411
0.999493
0.999493
0.999473
0.999698
0.999667
0.999452
0.999647
0.999758
0.999338
0.999758
0.999473
0.999708
0.999606
0.999318
