0.998579, 0.999183
0.99914
0.999359
0.998802
0.999421
0.999349
0.998717
0.99877
0.999119
0.999359
0.998951
0.999224
0.99938
0.999098
0.999359
0.998403
0.99914
0.999151
0.99938
0.999411
0.99913
0.999596
0.999203
0.999119
0.998951
0.999172
0.999098
0.999514
0.999245
0.999585
0.999286
0.999172
0.999276
0.998919
0.999014
0.999452
0.999544
0.999098
0.998652
0.999014
0.999224
0.998727
0.999307
0.999411
0.999266
0.998972
0.998845
0.999647
0.999151
0.998802
0.999276
0.999088
0.999077
0.999224
0.999245
0.998898
0.999234
0.998866
0.999473
0.999514
0.999025
0.998381
0.998951
0.999575
0.99914
0.99913
0.998983
0.998823
0.999172
0.998749
0.999224
0.998845
0.999098
0.998908
0.999514
0.999626
0.999266
0.999046
0.999203
0.998993
0.999077
0.999369
0.999245
0.999307
0.998791
0.999182
0.99894
0.998951
0.999109
0.999004
0.99893
0.999266
0.99894
0.999182
0.999224
0.999161
0.998823
0.99849
0.999307
0.999098
0.999514
