0.997974, 0.998808
0.999182
0.998834
0.99893
0.998598
0.998184
0.997951
0.998436
0.999514
0.998877
0.998096
0.997839
0.998855
0.99893
0.998403
0.9994
0.99877
0.998781
0.999172
0.998749
0.99894
0.998151
0.999213
0.99894
0.998512
0.998294
0.998566
0.998195
0.998609
0.998802
0.998261
0.998294
0.999004
0.998695
0.998834
0.998738
0.998919
0.999297
0.998674
0.99837
0.998663
0.997895
0.998228
0.999088
0.998468
0.998338
0.999452
0.998674
0.999193
0.998813
0.998898
0.998458
0.997996
0.999203
0.998609
0.998652
0.998403
0.998566
0.998272
0.998436
0.998533
0.998727
0.999328
0.997996
0.998738
0.998961
0.998173
0.998855
0.999067
0.99938
0.998151
0.998866
0.998294
0.999161
0.998877
0.998813
0.998566
0.998609
0.998261
0.998555
0.999297
0.998759
0.998802
0.999338
0.99913
0.998727
0.998802
0.998468
0.998305
0.997962
0.999004
0.999514
0.999119
0.99814
0.998972
0.998961
0.998436
0.998663
0.998338
0.999046
0.998414
