0.00980203 , 0.00980203
0.0101611 , 0.0101611
0.0101866 , 0.0101866
0.0111739 , 0.0111739
0.00915185 , 0.00915185
0.0109481 , 0.0109481
0.0107924 , 0.0107924
0.010159 , 0.010159
0.00980203 , 0.00980203
0.0102379 , 0.0102379
0.0103526 , 0.0103526
0.0123549 , 0.0123549
0.0107136 , 0.0107136
0.0098646 , 0.0098646
0.0132072 , 0.0132072
0.00836744 , 0.00836744
0.00891563 , 0.00891563
0.0121372 , 0.0121372
0.0104937 , 0.0104937
0.00891387 , 0.00891387
0.00972215 , 0.00972215
0.0108769 , 0.0108769
0.00945372 , 0.00945372
0.0102465 , 0.0102465
0.0094709 , 0.0094709
0.0107067 , 0.0107067
0.00912277 , 0.00912277
0.0107738 , 0.0107738
0.0103373 , 0.0103373
0.0092325 , 0.0092325
0.0079913 , 0.0079913
0.0126475 , 0.0126475
0.00997502 , 0.00997502
0.00932534 , 0.00932534
0.00985446 , 0.00985446
0.00982819 , 0.00982819
0.0109362 , 0.0109362
0.00929177 , 0.00929177
0.0101294 , 0.0101294
0.0108887 , 0.0108887
0.00998327 , 0.00998327
0.00921592 , 0.00921592
0.0104804 , 0.0104804
0.0104715 , 0.0104715
0.00816021 , 0.00816021
0.0102982 , 0.0102982
0.0119264 , 0.0119264
0.00842762 , 0.00842762
0.00829657 , 0.00829657
0.00924542 , 0.00924542
0.00956135 , 0.00956135
0.00882829 , 0.00882829
0.00921408 , 0.00921408
0.00983223 , 0.00983223
0.0118493 , 0.0118493
0.0101802 , 0.0101802
0.00914821 , 0.00914821
0.0107552 , 0.0107552
0.01037 , 0.01037
0.00911008 , 0.00911008
0.00879368 , 0.00879368
0.00873524 , 0.00873524
0.0083078 , 0.0083078
0.0108017 , 0.0108017
0.0103482 , 0.0103482
0.00975598 , 0.00975598
0.00952849 , 0.00952849
0.00943279 , 0.00943279
0.0105475 , 0.0105475
0.0116051 , 0.0116051
0.0117113 , 0.0117113
0.0100747 , 0.0100747
0.00998327 , 0.00998327
0.00887706 , 0.00887706
0.0104604 , 0.0104604
0.00878678 , 0.00878678
0.0117786 , 0.0117786
0.0108111 , 0.0108111
0.0099936 , 0.0099936
0.00906678 , 0.00906678
0.0088858 , 0.0088858
0.00970827 , 0.00970827
0.0103351 , 0.0103351
0.0101781 , 0.0101781
0.00957104 , 0.00957104
0.00957687 , 0.00957687
0.00905779 , 0.00905779
0.00951501 , 0.00951501
0.0114901 , 0.0114901
0.00835773 , 0.00835773
0.00941381 , 0.00941381
0.0106837 , 0.0106837
0.0110033 , 0.0110033
0.00821063 , 0.00821063
0.0107205 , 0.0107205
0.00963538 , 0.00963538
0.0107924 , 0.0107924
0.0104008 , 0.0104008
0.0090309 , 0.0090309
0.0128004 , 0.0128004
