0.00991402 , 0.00991402
0.00976901 , 0.00976901
0.00761265 , 0.00761265
0.00983877 , 0.00983877
0.0094181 , 0.0094181
0.00903302 , 0.00903302
0.0125752 , 0.0125752
0.00980265 , 0.00980265
0.0148417 , 0.0148417
0.00969791 , 0.00969791
0.00934512 , 0.00934512
0.0105714 , 0.0105714
0.00989797 , 0.00989797
0.0105714 , 0.0105714
0.00908811 , 0.00908811
0.0098252 , 0.0098252
0.00848542 , 0.00848542
0.0111977 , 0.0111977
0.00968908 , 0.00968908
0.0114465 , 0.0114465
0.00896299 , 0.00896299
0.0102549 , 0.0102549
0.00867851 , 0.00867851
0.0107769 , 0.0107769
0.00866017 , 0.00866017
0.0100043 , 0.0100043
0.0110463 , 0.0110463
0.0110746 , 0.0110746
0.00974669 , 0.00974669
0.0102354 , 0.0102354
0.00855322 , 0.00855322
0.0102038 , 0.0102038
0.00776004 , 0.00776004
0.0105999 , 0.0105999
0.0104512 , 0.0104512
0.0087767 , 0.0087767
0.00789708 , 0.00789708
0.00989111 , 0.00989111
0.0101845 , 0.0101845
0.00790985 , 0.00790985
0.0112559 , 0.0112559
0.00901934 , 0.00901934
0.00933477 , 0.00933477
0.0111803 , 0.0111803
0.0113742 , 0.0113742
0.00998797 , 0.00998797
0.00854425 , 0.00854425
0.00966489 , 0.00966489
0.00823745 , 0.00823745
0.00999262 , 0.00999262
0.0094265 , 0.0094265
0.0103237 , 0.0103237
0.00996244 , 0.00996244
0.00912183 , 0.00912183
0.0078022 , 0.0078022
0.00777094 , 0.00777094
0.0094181 , 0.0094181
0.0115289 , 0.0115289
0.00816667 , 0.00816667
0.0116063 , 0.0116063
0.0101127 , 0.0101127
0.00988197 , 0.00988197
0.00979816 , 0.00979816
0.00998332 , 0.00998332
0.00775071 , 0.00775071
0.0112064 , 0.0112064
0.00929152 , 0.00929152
0.0131712 , 0.0131712
0.0105611 , 0.0105611
0.0109375 , 0.0109375
0.0103659 , 0.0103659
0.00988197 , 0.00988197
0.0090546 , 0.0090546
0.0111631 , 0.0111631
0.0110238 , 0.0110238
0.0122051 , 0.0122051
0.00980941 , 0.00980941
0.0117165 , 0.0117165
0.0105559 , 0.0105559
0.00946658 , 0.00946658
0.0100324 , 0.0100324
0.0107661 , 0.0107661
0.00919594 , 0.00919594
0.0117356 , 0.0117356
0.00964299 , 0.00964299
0.00945178 , 0.00945178
0.0112647 , 0.0112647
0.00975338 , 0.00975338
0.00929563 , 0.00929563
0.011297 , 0.011297
0.00995549 , 0.00995549
0.0106077 , 0.0106077
0.0102573 , 0.0102573
0.00972668 , 0.00972668
0.00840269 , 0.00840269
0.0119438 , 0.0119438
0.0103385 , 0.0103385
0.0114738 , 0.0114738
0.0135749 , 0.0135749
0.0108607 , 0.0108607
