0.0122093 , 0.0122093
0.0107462 , 0.0107462
0.0111226 , 0.0111226
0.0101952 , 0.0101952
0.0110892 , 0.0110892
0.0101221 , 0.0101221
0.00906458 , 0.00906458
0.0111017 , 0.0111017
0.0129933 , 0.0129933
0.0109381 , 0.0109381
0.0103837 , 0.0103837
0.00836244 , 0.00836244
0.0111859 , 0.0111859
0.00982065 , 0.00982065
0.00971489 , 0.00971489
0.0141234 , 0.0141234
0.00980538 , 0.00980538
0.0119249 , 0.0119249
0.00922844 , 0.00922844
0.00853837 , 0.00853837
0.0120752 , 0.0120752
0.00868701 , 0.00868701
0.0129933 , 0.0129933
0.0115599 , 0.0115599
0.0117069 , 0.0117069
0.0100181 , 0.0100181
0.0128636 , 0.0128636
0.0106367 , 0.0106367
0.0105518 , 0.0105518
0.0102019 , 0.0102019
0.00989165 , 0.00989165
0.00861774 , 0.00861774
0.010031 , 0.010031
0.0132377 , 0.0132377
0.00868003 , 0.00868003
0.00957122 , 0.00957122
0.00933595 , 0.00933595
0.015736 , 0.015736
0.00852491 , 0.00852491
0.00880509 , 0.00880509
0.00924972 , 0.00924972
0.0130934 , 0.0130934
0.0128636 , 0.0128636
0.0103662 , 0.0103662
0.00963804 , 0.00963804
0.0110396 , 0.0110396
0.01053 , 0.01053
0.0126157 , 0.0126157
0.0105482 , 0.0105482
0.00875036 , 0.00875036
0.00828987 , 0.00828987
0.0144478 , 0.0144478
0.00975687 , 0.00975687
0.0126519 , 0.0126519
0.00810369 , 0.00810369
0.00834739 , 0.00834739
0.0102187 , 0.0102187
0.0110975 , 0.0110975
0.0114134 , 0.0114134
0.00868468 , 0.00868468
0.00982678 , 0.00982678
0.0104544 , 0.0104544
0.00947438 , 0.00947438
0.0117996 , 0.0117996
0.0126037 , 0.0126037
0.00961176 , 0.00961176
0.00829834 , 0.00829834
0.00937975 , 0.00937975
0.00893899 , 0.00893899
0.0115552 , 0.0115552
0.0124971 , 0.0124971
0.0102832 , 0.0102832
0.00926308 , 0.00926308
0.0114632 , 0.0114632
0.00925239 , 0.00925239
0.00941567 , 0.00941567
0.0114044 , 0.0114044
0.00822063 , 0.00822063
0.00933051 , 0.00933051
0.00949696 , 0.00949696
0.0121176 , 0.0121176
0.0103977 , 0.0103977
0.00930611 , 0.00930611
0.00974483 , 0.00974483
0.0100085 , 0.0100085
0.0105227 , 0.0105227
0.0101024 , 0.0101024
0.00734921 , 0.00734921
0.0101718 , 0.0101718
0.0139954 , 0.0139954
0.0108196 , 0.0108196
0.00827931 , 0.00827931
0.0103383 , 0.0103383
0.0104651 , 0.0104651
0.00750037 , 0.00750037
0.00827087 , 0.00827087
0.00971788 , 0.00971788
0.00984213 , 0.00984213
0.0096205 , 0.0096205
0.0117898 , 0.0117898
