0.00960591 , 0.00960591
0.00965804 , 0.00965804
0.011034 , 0.011034
0.0105219 , 0.0105219
0.00939469 , 0.00939469
0.00983733 , 0.00983733
0.0115934 , 0.0115934
0.0117507 , 0.0117507
0.0104388 , 0.0104388
0.00943071 , 0.00943071
0.00976817 , 0.00976817
0.0140458 , 0.0140458
0.00968967 , 0.00968967
0.00819079 , 0.00819079
0.0122393 , 0.0122393
0.0117077 , 0.0117077
0.0131938 , 0.0131938
0.00835172 , 0.00835172
0.00927922 , 0.00927922
0.0101 , 0.0101
0.0132306 , 0.0132306
0.00926661 , 0.00926661
0.00959213 , 0.00959213
0.0113526 , 0.0113526
0.0071547 , 0.0071547
0.00783913 , 0.00783913
0.00704973 , 0.00704973
0.00798957 , 0.00798957
0.00917646 , 0.00917646
0.0116712 , 0.0116712
0.00816037 , 0.00816037
0.00965804 , 0.00965804
0.00768433 , 0.00768433
0.00959557 , 0.00959557
0.00939143 , 0.00939143
0.00843113 , 0.00843113
0.00947041 , 0.00947041
0.0116651 , 0.0116651
0.010328 , 0.010328
0.012128 , 0.012128
0.011928 , 0.011928
0.00875336 , 0.00875336
0.00919185 , 0.00919185
0.0128948 , 0.0128948
0.0113861 , 0.0113861
0.00885608 , 0.00885608
0.00923527 , 0.00923527
0.0158635 , 0.0158635
0.00862689 , 0.00862689
0.013631 , 0.013631
0.00940448 , 0.00940448
0.0101119 , 0.0101119
0.0090586 , 0.0090586
0.00821674 , 0.00821674
0.00832238 , 0.00832238
0.0108359 , 0.0108359
0.012128 , 0.012128
0.00897044 , 0.00897044
0.0106343 , 0.0106343
0.0106297 , 0.0106297
0.00851742 , 0.00851742
0.00905266 , 0.00905266
0.0096232 , 0.0096232
0.009779 , 0.009779
0.0105709 , 0.0105709
0.0102408 , 0.0102408
0.0119345 , 0.0119345
0.00862424 , 0.00862424
0.00936225 , 0.00936225
0.0094472 , 0.0094472
0.0126028 , 0.0126028
0.0102531 , 0.0102531
0.00985945 , 0.00985945
0.00972515 , 0.00972515
0.010553 , 0.010553
0.0094804 , 0.0094804
0.0121833 , 0.0121833
0.010562 , 0.010562
0.010328 , 0.010328
0.0092042 , 0.0092042
0.00909747 , 0.00909747
0.0133721 , 0.0133721
0.0089444 , 0.0089444
0.0106987 , 0.0106987
0.00887584 , 0.00887584
0.00998733 , 0.00998733
0.00967207 , 0.00967207
0.00941757 , 0.00941757
0.00775882 , 0.00775882
0.0117322 , 0.0117322
0.00855874 , 0.00855874
0.0102285 , 0.0102285
0.00989287 , 0.00989287
0.00964058 , 0.00964058
0.00984101 , 0.00984101
0.00879189 , 0.00879189
0.0120333 , 0.0120333
0.0102862 , 0.0102862
0.0116955 , 0.0116955
0.00995304 , 0.00995304
