0.00974896 , 0.00974896
0.0105102 , 0.0105102
0.00651917 , 0.00651917
0.0111256 , 0.0111256
0.00837516 , 0.00837516
0.0123995 , 0.0123995
0.0105102 , 0.0105102
0.0132045 , 0.0132045
0.0101005 , 0.0101005
0.00865571 , 0.00865571
0.0101199 , 0.0101199
0.0109219 , 0.0109219
0.0096424 , 0.0096424
0.00957595 , 0.00957595
0.0115154 , 0.0115154
0.00879241 , 0.00879241
0.0119071 , 0.0119071
0.0100196 , 0.0100196
0.0105157 , 0.0105157
0.00889793 , 0.00889793
0.0147077 , 0.0147077
0.0120778 , 0.0120778
0.00824056 , 0.00824056
0.0117448 , 0.0117448
0.0102939 , 0.0102939
0.0106722 , 0.0106722
0.00922887 , 0.00922887
0.00832686 , 0.00832686
0.009819 , 0.009819
0.00941937 , 0.00941937
0.014612 , 0.014612
0.00938814 , 0.00938814
0.010593 , 0.010593
0.0097102 , 0.0097102
0.011486 , 0.011486
0.00857571 , 0.00857571
0.0125074 , 0.0125074
0.00874408 , 0.00874408
1 , 1
0.0125274 , 0.0125274
0.0113921 , 0.0113921
0.0112871 , 0.0112871
0.0120343 , 0.0120343
0.0105763 , 0.0105763
0.00840101 , 0.00840101
0.00803027 , 0.00803027
0.010299 , 0.010299
0.0101588 , 0.0101588
0.00896221 , 0.00896221
0.0102786 , 0.0102786
0.0103819 , 0.0103819
0.00958007 , 0.00958007
0.00977069 , 0.00977069
0.0124092 , 0.0124092
0.00938814 , 0.00938814
0.00855449 , 0.00855449
0.00860318 , 0.00860318
0.00780831 , 0.00780831
0.0135826 , 0.0135826
0.0151213 , 0.0151213
0.0110349 , 0.0110349
0.0110285 , 0.0110285
0.0118331 , 0.0118331
0.0107534 , 0.0107534
0.00739385 , 0.00739385
0.0100957 , 0.0100957
0.0126087 , 0.0126087
0.00916652 , 0.00916652
0.0132793 , 0.0132793
0.0101983 , 0.0101983
0.011486 , 0.011486
0.00947473 , 0.00947473
0.00920673 , 0.00920673
0.0171609 , 0.0171609
0.0120343 , 0.0120343
0.0136384 , 0.0136384
0.0120778 , 0.0120778
0.010115 , 0.010115
0.012619 , 0.012619
0.0109529 , 0.0109529
0.0113567 , 0.0113567
0.0101053 , 0.0101053
0.0108729 , 0.0108729
0.0212362 , 0.0212362
0.0115525 , 0.0115525
0.0113078 , 0.0113078
0.00751748 , 0.00751748
0.00926985 , 0.00926985
0.0100056 , 0.0100056
0.00942722 , 0.00942722
0.0116053 , 0.0116053
0.00924 , 0.00924
0.0100957 , 0.0100957
0.00690383 , 0.00690383
0.00831279 , 0.00831279
0.0101053 , 0.0101053
0.00858484 , 0.00858484
0.00843872 , 0.00843872
0.00894858 , 0.00894858
0.0100243 , 0.0100243
