0.00948693 , 0.010109
0.00907894 , 0.00970713
0.00931531 , 0.00993995
0.00994291 , 0.0105582
0.0108053 , 0.0114078
0.0107833 , 0.0113861
0.0101795 , 0.0107912
0.0105485 , 0.0111548
0.00857311 , 0.00920891
0.0105049 , 0.0111118
0.00842667 , 0.00906469
0.0103588 , 0.0109679
0.00963821 , 0.010258
0.00935738 , 0.00998139
0.0102196 , 0.0108307
0.0108273 , 0.0114294
0.00822276 , 0.00886386
0.00908491 , 0.009713
0.0113121 , 0.0119072
0.0111307 , 0.0117284
0.00986647 , 0.0104829
0.0110419 , 0.0116409
0.010081 , 0.0106942
0.00935738 , 0.00998139
0.0090045 , 0.0096338
0.00840915 , 0.00904742
0.00993985 , 0.0105552
0.010393 , 0.0110015
0.011137 , 0.0117346
0.0102011 , 0.0108125
0.0102289 , 0.0108399
0.0085467 , 0.0091829
0.00982679 , 0.0104438
0.009499 , 0.0101209
0.0105298 , 0.0111364
0.00904617 , 0.00967484
0.0112866 , 0.011882
0.00823438 , 0.0088753
0.00898369 , 0.0096133
0.00997354 , 0.0105883
0.0119962 , 0.0125812
0.0105985 , 0.011204
0.00838579 , 0.00902442
0.0110609 , 0.0116596
0.0101579 , 0.01077
0.0108147 , 0.011417
0.0106078 , 0.0112132
0.0109439 , 0.0115443
0.00919243 , 0.00981891
0.00898369 , 0.0096133
0.0111434 , 0.0117409
0.0109249 , 0.0115257
0.0115171 , 0.0121092
0.00984815 , 0.0104648
0.00942661 , 0.0100496
0.0101918 , 0.0108034
0.0106485 , 0.0112533
0.0102505 , 0.0108612
0.0113857 , 0.0119796
0.0105142 , 0.011121
0.0110577 , 0.0116565
0.00849102 , 0.00912806
0.00931231 , 0.00993699
0.0082838 , 0.00892398
0.00890353 , 0.00953435
0.0105735 , 0.0111794
0.00878809 , 0.00942065
0.00931831 , 0.00994291
0.0111275 , 0.0117252
0.0109786 , 0.0115785
0.00896288 , 0.00959281
0.0105205 , 0.0111272
0.00874085 , 0.00937412
0.0107896 , 0.0113923
0.0103588 , 0.0109679
0.00961396 , 0.0102341
0.0106297 , 0.0112348
0.0103 , 0.0109099
0.010452 , 0.0110597
0.00912668 , 0.00975414
0.0104706 , 0.0110781
0.00920739 , 0.00983364
0.0110831 , 0.0116815
0.00933033 , 0.00995474
0.0108587 , 0.0114604
0.0112006 , 0.0117973
0.00917747 , 0.00980418
0.00953526 , 0.0101566
0.00965642 , 0.0102759
0.00951411 , 0.0101358
0.0106579 , 0.0112625
0.0112611 , 0.0118569
0.00994904 , 0.0105642
0.0106328 , 0.0112379
0.00913862 , 0.00976591
0.00982374 , 0.0104408
0.00986952 , 0.0104859
0.0101025 , 0.0107154
0.00882357 , 0.00945559
0.0113185 , 0.0119135
