0.01026 , 0.01026
0.00875065 , 0.00875065
0.00907045 , 0.00907045
0.0100136 , 0.0100136
0.00846845 , 0.00846845
0.0132753 , 0.0132753
0.0148016 , 0.0148016
0.0108004 , 0.0108004
0.00991154 , 0.00991154
0.0100079 , 0.0100079
0.0093027 , 0.0093027
0.0115067 , 0.0115067
0.0117742 , 0.0117742
0.0110666 , 0.0110666
0.00883917 , 0.00883917
0.0096551 , 0.0096551
0.0101797 , 0.0101797
0.00996783 , 0.00996783
0.011869 , 0.011869
0.0104207 , 0.0104207
0.011192 , 0.011192
0.010823 , 0.010823
0.0122565 , 0.0122565
0.00820727 , 0.00820727
0.00949552 , 0.00949552
0.00934861 , 0.00934861
0.0162785 , 0.0162785
0.01097 , 0.01097
0.00893439 , 0.00893439
0.00788898 , 0.00788898
0.0125103 , 0.0125103
0.0108533 , 0.0108533
0.00837997 , 0.00837997
0.0106973 , 0.0106973
0.0110099 , 0.0110099
0.0129212 , 0.0129212
0.00998492 , 0.00998492
0.0154322 , 0.0154322
0.00840016 , 0.00840016
0.0070102 , 0.0070102
0.00719008 , 0.00719008
0.013879 , 0.013879
0.0109228 , 0.0109228
0.0104673 , 0.0104673
0.00740554 , 0.00740554
0.00927098 , 0.00927098
0.0157661 , 0.0157661
0.0112264 , 0.0112264
0.012281 , 0.012281
0.0096705 , 0.0096705
0.0114691 , 0.0114691
0.0127017 , 0.0127017
0.00835326 , 0.00835326
0.0108994 , 0.0108994
0.00854541 , 0.00854541
0.00995649 , 0.00995649
0.0110341 , 0.0110341
0.0111581 , 0.0111581
0.0127587 , 0.0127587
0.00998492 , 0.00998492
0.0125369 , 0.0125369
0.0116326 , 0.0116326
0.00801705 , 0.00801705
0.0101373 , 0.0101373
0.00815702 , 0.00815702
0.00746438 , 0.00746438
0.0101797 , 0.0101797
0.00878881 , 0.00878881
0.0110913 , 0.0110913
0.0103489 , 0.0103489
0.00936716 , 0.00936716
0.0106399 , 0.0106399
0.00917777 , 0.00917777
0.0119012 , 0.0119012
0.00923513 , 0.00923513
0.0102165 , 0.0102165
0.00805294 , 0.00805294
0.0120679 , 0.0120679
0.014453 , 0.014453
0.0107854 , 0.0107854
0.0114504 , 0.0114504
0.0146899 , 0.0146899
0.01026 , 0.01026
0.0115162 , 0.0115162
0.0102165 , 0.0102165
0.0122203 , 0.0122203
0.00751934 , 0.00751934
0.00832679 , 0.00832679
0.0150381 , 0.0150381
0.00956927 , 0.00956927
0.00967565 , 0.00967565
0.010474 , 0.010474
0.00864262 , 0.00864262
0.00836659 , 0.00836659
0.0118797 , 0.0118797
0.0110018 , 0.0110018
0.00801111 , 0.00801111
0.00817577 , 0.00817577
0.0102915 , 0.0102915
0.011026 , 0.011026
