0.0108755 , 0.0108755
0.0122878 , 0.0122878
0.0131878 , 0.0131878
0.00722612 , 0.00722612
0.0133035 , 0.0133035
0.00993943 , 0.00993943
0.00952038 , 0.00952038
0.0117282 , 0.0117282
0.0127684 , 0.0127684
0.0119357 , 0.0119357
0.0100315 , 0.0100315
0.00958085 , 0.00958085
0.0141233 , 0.0141233
0.0133996 , 0.0133996
0.00953839 , 0.00953839
0.00979036 , 0.00979036
0.00995339 , 0.00995339
0.0111966 , 0.0111966
0.0106413 , 0.0106413
0.0119501 , 0.0119501
0.0108367 , 0.0108367
0.00907404 , 0.00907404
0.0131207 , 0.0131207
0.0083216 , 0.0083216
0.00809483 , 0.00809483
0.0132335 , 0.0132335
0.0100315 , 0.0100315
0.0177284 , 0.0177284
0.00916717 , 0.00916717
0.00919893 , 0.00919893
0.0146869 , 0.0146869
0.00844035 , 0.00844035
0.00769358 , 0.00769358
0.00769049 , 0.00769049
0.00923645 , 0.00923645
0.0130336 , 0.0130336
0.00846472 , 0.00846472
0.00940328 , 0.00940328
0.0144618 , 0.0144618
0.0153467 , 0.0153467
0.0101341 , 0.0101341
0.0132799 , 0.0132799
0.00836062 , 0.00836062
0.0115854 , 0.0115854
0.00858993 , 0.00858993
0.00775917 , 0.00775917
0.00958085 , 0.00958085
0.0124389 , 0.0124389
0.0102878 , 0.0102878
0.0165052 , 0.0165052
0.0111101 , 0.0111101
0.0101416 , 0.0101416
0.00850169 , 0.00850169
0.0105098 , 0.0105098
0.0134741 , 0.0134741
0.00872109 , 0.00872109
0.00866787 , 0.00866787
0.0088447 , 0.0088447
0.00787537 , 0.00787537
0.0115854 , 0.0115854
0.0123042 , 0.0123042
0.0113087 , 0.0113087
0.00623916 , 0.00623916
0.00971874 , 0.00971874
0.00829078 , 0.00829078
0.00846881 , 0.00846881
0.00812714 , 0.00812714
0.0130336 , 0.0130336
0.0083843 , 0.0083843
0.00806643 , 0.00806643
0.0152974 , 0.0152974
0.0107512 , 0.0107512
0.0100387 , 0.0100387
0.0133272 , 0.0133272
0.00979697 , 0.00979697
0.0114738 , 0.0114738
0.00841218 , 0.00841218
0.00723134 , 0.00723134
0.00971874 , 0.00971874
0.0097641 , 0.0097641
0.0130551 , 0.0130551
0.00843631 , 0.00843631
0.0116494 , 0.0116494
0.00985713 , 0.00985713
0.00949064 , 0.00949064
0.0162865 , 0.0162865
0.00915667 , 0.00915667
0.0088447 , 0.0088447
0.0147263 , 0.0147263
0.0128674 , 0.0128674
0.00814163 , 0.00814163
0.0114738 , 0.0114738
0.0093578 , 0.0093578
0.0112409 , 0.0112409
0.0155532 , 0.0155532
0.0125805 , 0.0125805
0.00876168 , 0.00876168
0.0139988 , 0.0139988
0.00802784 , 0.00802784
0.00953237 , 0.00953237
