0.00925477 , 0.00925477
0.00875774 , 0.00875774
0.0113538 , 0.0113538
0.0124398 , 0.0124398
0.0142983 , 0.0142983
0.00808515 , 0.00808515
0.0133927 , 0.0133927
1 , 1
0.0088246 , 0.0088246
0.0106714 , 0.0106714
0.00866086 , 0.00866086
0.013747 , 0.013747
0.0104321 , 0.0104321
0.0135381 , 0.0135381
0.00837509 , 0.00837509
0.00962376 , 0.00962376
0.00944968 , 0.00944968
0.0101427 , 0.0101427
0.0111456 , 0.0111456
0.00854358 , 0.00854358
0.00894279 , 0.00894279
0.00749531 , 0.00749531
0.00932914 , 0.00932914
0.0174127 , 0.0174127
0.0091748 , 0.0091748
0.0132119 , 0.0132119
0.00894279 , 0.00894279
0.0154285 , 0.0154285
0.0140372 , 0.0140372
0.00727041 , 0.00727041
0.0103402 , 0.0103402
0.0084376 , 0.0084376
0.0123176 , 0.0123176
0.00930409 , 0.00930409
0.00980142 , 0.00980142
0.00829785 , 0.00829785
0.0112006 , 0.0112006
0.00869271 , 0.00869271
0.0125034 , 0.0125034
0.013693 , 0.013693
0.00987429 , 0.00987429
0.0107467 , 0.0107467
0.0124714 , 0.0124714
0.0110743 , 0.0110743
0.00758196 , 0.00758196
0.0131265 , 0.0131265
1 , 1
0.0104863 , 0.0104863
0.00726689 , 0.00726689
0.0105558 , 0.0105558
0.0112569 , 0.0112569
0.00874459 , 0.00874459
1 , 1
0.0076347 , 0.0076347
0.0176882 , 0.0176882
0.00718068 , 0.00718068
0.0116709 , 0.0116709
0.0180005 , 0.0180005
0.0160657 , 0.0160657
0.0113341 , 0.0113341
0.0124714 , 0.0124714
0.0109048 , 0.0109048
0.0116039 , 0.0116039
0.0160657 , 0.0160657
0.0146715 , 0.0146715
1 , 1
0.0112569 , 0.0112569
0.0105985 , 0.0105985
0.0117397 , 0.0117397
0.0100384 , 0.0100384
0.00979119 , 0.00979119
0.010988 , 0.010988
0.0106863 , 0.0106863
0.0111821 , 0.0111821
0.0115604 , 0.0115604
1 , 1
0.00975072 , 0.00975072
0.0101785 , 0.0101785
1 , 1
0.0112759 , 0.0112759
0.0110568 , 0.0110568
0.0105699 , 0.0105699
0.0089787 , 0.0089787
0.0140998 , 0.0140998
0.0109377 , 0.0109377
0.0128873 , 0.0128873
0.0109212 , 0.0109212
0.0077828 , 0.0077828
0.013044 , 0.013044
0.00908227 , 0.00908227
1 , 1
0.0160657 , 0.0160657
0.00623763 , 0.00623763
0.00822832 , 0.00822832
0.0111638 , 0.0111638
0.00974071 , 0.00974071
0.00732017 , 0.00732017
0.0075343 , 0.0075343
0.00910506 , 0.00910506
0.0199795 , 0.0199795
