0.00964221 , 0.00964221
1 , 1
0.00879787 , 0.00879787
0.0130506 , 0.0130506
0.00930974 , 0.00930974
1 , 1
0.0132879 , 0.0132879
0.00993604 , 0.00993604
0.0084167 , 0.0084167
1 , 1
0.00739169 , 0.00739169
0.015295 , 0.015295
0.0175455 , 0.0175455
0.0140254 , 0.0140254
0.00898507 , 0.00898507
0.01487 , 0.01487
1 , 1
0.00821353 , 0.00821353
0.0116448 , 0.0116448
1 , 1
1 , 1
0.00975257 , 0.00975257
1 , 1
0.00930974 , 0.00930974
0.00935128 , 0.00935128
0.00818863 , 0.00818863
0.0092589 , 0.0092589
1 , 1
0.00930974 , 0.00930974
1 , 1
0.0122179 , 0.0122179
0.0106194 , 0.0106194
0.0113927 , 0.0113927
0.0118305 , 0.0118305
0.0112893 , 0.0112893
1 , 1
0.0144073 , 0.0144073
0.00967839 , 0.00967839
0.0146265 , 0.0146265
0.0143054 , 0.0143054
0.00715839 , 0.00715839
0.00774175 , 0.00774175
0.00765254 , 0.00765254
1 , 1
1 , 1
0.00758556 , 0.00758556
0.00989542 , 0.00989542
1 , 1
1 , 1
1 , 1
0.0131076 , 0.0131076
0.00796507 , 0.00796507
0.0103729 , 0.0103729
1 , 1
0.00936179 , 0.00936179
0.0117669 , 0.0117669
0.0104927 , 0.0104927
0.0103398 , 0.0103398
0.00901187 , 0.00901187
0.00635874 , 0.00635874
0.00812757 , 0.00812757
0.0122179 , 0.0122179
0.00940433 , 0.00940433
0.00855113 , 0.00855113
0.00644145 , 0.00644145
0.0100338 , 0.0100338
1 , 1
0.00957159 , 0.00957159
0.0140254 , 0.0140254
0.00851495 , 0.00851495
0.0103563 , 0.0103563
0.00801601 , 0.00801601
0.00861779 , 0.00861779
0.0100917 , 0.0100917
0.0123776 , 0.0123776
0.00710088 , 0.00710088
0.0122179 , 0.0122179
0.0112642 , 0.0112642
1 , 1
1 , 1
0.0105825 , 0.0105825
1 , 1
0.0105282 , 0.0105282
0.013166 , 0.013166
0.00883075 , 0.00883075
0.0142081 , 0.0142081
0.0107342 , 0.0107342
1 , 1
0.00867877 , 0.00867877
0.00861779 , 0.00861779
0.0171473 , 0.0171473
0.00741338 , 0.00741338
0.0146265 , 0.0146265
0.00971517 , 0.00971517
1 , 1
0.00862532 , 0.00862532
0.0125951 , 0.0125951
0.00908498 , 0.00908498
0.00809766 , 0.00809766
0.0100338 , 0.0100338
