0.00966616 , 0.00966616
1 , 1
0.0111567 , 0.0111567
1 , 1
1 , 1
0.0103632 , 0.0103632
0.00836029 , 0.00836029
1 , 1
0.00717598 , 0.00717598
1 , 1
0.0109775 , 0.0109775
1 , 1
0.00659219 , 0.00659219
0.00914583 , 0.00914583
0.013513 , 0.013513
0.0143459 , 0.0143459
0.0116085 , 0.0116085
1 , 1
0.00746912 , 0.00746912
0.0110355 , 0.0110355
0.0121878 , 0.0121878
0.00818253 , 0.00818253
0.0117701 , 0.0117701
0.0079648 , 0.0079648
0.0061234 , 0.0061234
1 , 1
0.0093308 , 0.0093308
0.0101802 , 0.0101802
1 , 1
0.013513 , 0.013513
0.0121878 , 0.0121878
1 , 1
0.0119454 , 0.0119454
0.01045 , 0.01045
1 , 1
0.0121878 , 0.0121878
0.0112855 , 0.0112855
0.00985673 , 0.00985673
0.00785446 , 0.00785446
0.00894371 , 0.00894371
1 , 1
0.00977518 , 0.00977518
0.0102195 , 0.0102195
0.0114229 , 0.0114229
1 , 1
0.00791214 , 0.00791214
0.0197502 , 0.0197502
0.00705648 , 0.00705648
1 , 1
1 , 1
0.0112526 , 0.0112526
1 , 1
1 , 1
0.00960636 , 0.00960636
0.0089979 , 0.0089979
0.00803257 , 0.00803257
0.00782933 , 0.00782933
0.00901998 , 0.00901998
0.0119454 , 0.0119454
1 , 1
0.011319 , 0.011319
1 , 1
1 , 1
0.00971218 , 0.00971218
0.00962115 , 0.00962115
0.0160843 , 0.0160843
1 , 1
1 , 1
1 , 1
1 , 1
1 , 1
0.0100302 , 0.0100302
0.00881916 , 0.00881916
0.00747964 , 0.00747964
0.0118559 , 0.0118559
0.0103004 , 0.0103004
0.00959167 , 0.00959167
1 , 1
0.00905355 , 0.00905355
0.00661292 , 0.00661292
0.00914583 , 0.00914583
1 , 1
0.0144981 , 0.0144981
1 , 1
1 , 1
0.0116085 , 0.0116085
0.0115323 , 0.0115323
1 , 1
0.0114229 , 0.0114229
1 , 1
0.00915766 , 0.00915766
1 , 1
0.01157 , 0.01157
0.0103211 , 0.0103211
0.0122934 , 0.0122934
1 , 1
1 , 1
0.0104279 , 0.0104279
1 , 1
1 , 1
