0.00790739 , 0.00790739
1 , 1
0.0077784 , 0.0077784
1 , 1
1 , 1
0.00758258 , 0.00758258
0.0147608 , 0.0147608
1 , 1
1 , 1
1 , 1
1 , 1
1 , 1
0.00956908 , 0.00956908
0.00894334 , 0.00894334
1 , 1
1 , 1
1 , 1
0.0105555 , 0.0105555
1 , 1
1 , 1
1 , 1
0.0125124 , 0.0125124
1 , 1
0.0101079 , 0.0101079
1 , 1
1 , 1
1 , 1
1 , 1
0.00762003 , 0.00762003
1 , 1
0.00890337 , 0.00890337
0.0094843 , 0.0094843
0.00857973 , 0.00857973
0.0166579 , 0.0166579
1 , 1
1 , 1
1 , 1
1 , 1
1 , 1
1 , 1
0.00697161 , 0.00697161
0.00935157 , 0.00935157
0.00794119 , 0.00794119
0.0069651 , 0.0069651
1 , 1
1 , 1
0.0109556 , 0.0109556
1 , 1
1 , 1
1 , 1
1 , 1
1 , 1
1 , 1
1 , 1
1 , 1
1 , 1
1 , 1
0.00813341 , 0.00813341
0.0132952 , 0.0132952
1 , 1
1 , 1
1 , 1
0.0102305 , 0.0102305
1 , 1
1 , 1
0.0108925 , 0.0108925
1 , 1
1 , 1
1 , 1
1 , 1
1 , 1
0.00845317 , 0.00845317
0.0109556 , 0.0109556
0.0123617 , 0.0123617
0.00856339 , 0.00856339
1 , 1
1 , 1
0.00878868 , 0.00878868
0.0110891 , 0.0110891
0.0166579 , 0.0166579
1 , 1
0.00918127 , 0.00918127
1 , 1
0.0111599 , 0.0111599
1 , 1
1 , 1
1 , 1
1 , 1
1 , 1
1 , 1
1 , 1
1 , 1
0.00862966 , 0.00862966
1 , 1
1 , 1
0.0102734 , 0.0102734
0.00619877 , 0.00619877
1 , 1
1 , 1
1 , 1
