1 , 1
0.00797519 , 0.00797519
1 , 1
1 , 1
1 , 1
1 , 1
1 , 1
1 , 1
1 , 1
1 , 1
0.0103507 , 0.0103507
0.00547593 , 0.00547593
1 , 1
0.00844141 , 0.00844141
1 , 1
1 , 1
0.0110792 , 0.0110792
1 , 1
1 , 1
1 , 1
1 , 1
1 , 1
0.0117473 , 0.0117473
1 , 1
1 , 1
0.00912056 , 0.00912056
0.0111734 , 0.0111734
1 , 1
1 , 1
1 , 1
1 , 1
1 , 1
1 , 1
1 , 1
1 , 1
0.00760059 , 0.00760059
1 , 1
1 , 1
1 , 1
1 , 1
1 , 1
0.00582722 , 0.00582722
0.00840469 , 0.00840469
1 , 1
0.0113796 , 0.0113796
1 , 1
0.0106751 , 0.0106751
1 , 1
1 , 1
1 , 1
1 , 1
1 , 1
0.00687834 , 0.00687834
0.0131882 , 0.0131882
1 , 1
1 , 1
1 , 1
1 , 1
1 , 1
1 , 1
0.00716999 , 0.00716999
1 , 1
1 , 1
0.00678011 , 0.00678011
1 , 1
1 , 1
1 , 1
1 , 1
0.0109055 , 0.0109055
1 , 1
1 , 1
1 , 1
1 , 1
1 , 1
1 , 1
0.0120475 , 0.0120475
1 , 1
1 , 1
0.0112733 , 0.0112733
1 , 1
1 , 1
1 , 1
0.00993608 , 0.00993608
1 , 1
0.00818398 , 0.00818398
1 , 1
0.00847897 , 0.00847897
1 , 1
1 , 1
1 , 1
0.00731395 , 0.00731395
1 , 1
1 , 1
1 , 1
1 , 1
0.00821608 , 0.00821608
1 , 1
0.00857678 , 0.00857678
1 , 1
0.00728599 , 0.00728599
