1 , 1
1 , 1
1 , 1
0.010949 , 0.010949
0.00798886 , 0.00798886
1 , 1
1 , 1
0.00693146 , 0.00693146
1 , 1
1 , 1
1 , 1
1 , 1
1 , 1
1 , 1
1 , 1
1 , 1
1 , 1
1 , 1
1 , 1
1 , 1
1 , 1
1 , 1
1 , 1
1 , 1
1 , 1
1 , 1
0.0133644 , 0.0133644
1 , 1
1 , 1
1 , 1
1 , 1
0.00754435 , 0.00754435
1 , 1
1 , 1
0.00781101 , 0.00781101
1 , 1
1 , 1
1 , 1
0.0110654 , 0.0110654
1 , 1
1 , 1
1 , 1
1 , 1
1 , 1
1 , 1
0.00807685 , 0.00807685
1 , 1
0.00699399 , 0.00699399
1 , 1
1 , 1
1 , 1
0.00641351 , 0.00641351
1 , 1
1 , 1
1 , 1
1 , 1
1 , 1
1 , 1
0.00856014 , 0.00856014
1 , 1
1 , 1
1 , 1
0.00572412 , 0.00572412
1 , 1
1 , 1
1 , 1
1 , 1
0.00904588 , 0.00904588
1 , 1
1 , 1
1 , 1
1 , 1
0.0116424 , 0.0116424
0.00781101 , 0.00781101
1 , 1
0.00802347 , 0.00802347
0.00655187 , 0.00655187
1 , 1
1 , 1
1 , 1
1 , 1
0.00837476 , 0.00837476
1 , 1
1 , 1
1 , 1
1 , 1
1 , 1
1 , 1
1 , 1
1 , 1
0.00685455 , 0.00685455
0.00781101 , 0.00781101
0.00787339 , 0.00787339
1 , 1
0.00807685 , 0.00807685
1 , 1
0.00726141 , 0.00726141
1 , 1
1 , 1
1 , 1
