0.00995696 , 0.0452877
0.00801415 , 0.043795
0.00989453 , 0.0452397
0.00997256 , 0.0452997
0.00976972 , 0.0451437
0.0115233 , 0.0464937
0.011539 , 0.0465058
0.00952032 , 0.0449519
0.0108484 , 0.0459738
0.00878928 , 0.0443901
0.00984772 , 0.0452037
0.0119009 , 0.0467848
0.00861852 , 0.044259
0.00892908 , 0.0444975
0.00939572 , 0.0448561
0.0110679 , 0.0461429
0.00914672 , 0.0446647
0.0103475 , 0.0455882
0.0103788 , 0.0456123
0.00936458 , 0.0448322
0.00966057 , 0.0450597
0.00973853 , 0.0451197
0.0105665 , 0.0457568
0.00942686 , 0.0448801
0.00843239 , 0.044116
0.0114762 , 0.0464574
0.00855646 , 0.0442113
0.0101443 , 0.0454318
0.00738052 , 0.0433089
0.00920895 , 0.0447126
0.011115 , 0.0461791
0.0125947 , 0.04732
0.00944243 , 0.044892
0.0121056 , 0.0469427
0.00944243 , 0.044892
0.00888247 , 0.0444617
0.00955148 , 0.0449759
0.00902233 , 0.0445692
0.0103944 , 0.0456243
0.0116491 , 0.0465907
0.0103944 , 0.0456243
0.0110836 , 0.046155
0.0102225 , 0.045492
0.0086806 , 0.0443066
0.0089757 , 0.0445333
0.0110366 , 0.0461187
0.0108641 , 0.0459859
0.00914672 , 0.0446647
0.0111621 , 0.0462154
0.0105822 , 0.0457688
0.00905342 , 0.044593
0.00955148 , 0.0449759
0.00927119 , 0.0447604
0.00975412 , 0.0451317
0.0105665 , 0.0457568
0.00972294 , 0.0451077
0.011539 , 0.0465058
0.0101443 , 0.0454318
0.0114919 , 0.0464695
0.0110209 , 0.0461066
0.00969175 , 0.0450837
0.00939572 , 0.0448561
0.00927119 , 0.0447604
0.0109895 , 0.0460825
0.0105978 , 0.0457809
0.00955148 , 0.0449759
0.0113662 , 0.0463726
0.00903788 , 0.0445811
0.0100819 , 0.0453838
0.00970734 , 0.0450957
0.00790585 , 0.0437119
0.0096294 , 0.0450358
0.00789038 , 0.0437
0.00933344 , 0.0448082
0.00832388 , 0.0440327
0.0108798 , 0.045998
0.0100662 , 0.0453718
0.00906897 , 0.044605
0.00995696 , 0.0452877
0.0100819 , 0.0453838
0.00978532 , 0.0451557
0.00967616 , 0.0450717
0.0102381 , 0.045504
0.00955148 , 0.0449759
0.00869612 , 0.0443186
0.00906897 , 0.044605
0.00854095 , 0.0441994
0.01016 , 0.0454439
0.00908452 , 0.0446169
0.0103475 , 0.0455882
0.0112563 , 0.0462879
0.0104414 , 0.0456604
0.00950474 , 0.0449399
0.00920895 , 0.0447126
0.00883587 , 0.0444259
0.00970734 , 0.0450957
0.00986332 , 0.0452157
0.0100975 , 0.0453958
0.0095359 , 0.0449639
0.0102225 , 0.045492
