0.0203716 , 0.0163454 , 0.0467815
0.0203716 , 0.0225585 , 0.0304735
0.0203716 , 0.0451217 , 0.0148094
0.0203716 , 0.0194384 , 0
0.0203716 , 0.0434686 , 0.0816118
0.0203716 , 0.0194384 , 0.0304735
0.0203716 , 0.0257051 , 0.0304735
0.0203716 , 0 , 0.0816118
0.0203716 , 0.0257051 , 0.0304735
0.0203716 , 0 , 0
0.0203716 , 0.0288777 , 0.0304735
0.0203716 , 0.0257051 , 0
0.0203716 , 0 , 0.0304735
0.0203716 , 0.0209951 , 0.0304735
0.0203716 , 0.0225585 , 0
0.0203716 , 0.0132804 , 0.0816118
0.0203716 , 0.0132804 , 0
0.0203716 , 0.0194384 , 0.0304735
0.0203716 , 0.010244 , 0.0467815
0.0203716 , 0.0225585 , 0.0467815
0.0203716 , 0.0178885 , 0
0.0203716 , 0.0257051 , 0
0.0203716 , 0.0304735 , 0.100657
0.0203716 , 0.00873686 , 0
0.0203716 , 0.0148094 , 0
0.0203716 , 0 , 0.0304735
0.0203716 , 0.002784 , 0.121479
0.0203716 , 0.0304735 , 0.0467815
0.0203716 , 0.0336843 , 0
0.0203716 , 0.0401817 , 0.0148094
0.0203716 , 0.010244 , 0.0467815
0.0203716 , 0.0178885 , 0.0637685
0.0203716 , 0.0401817 , 0
0.0203716 , 0.0288777 , 0.121479
0.0203716 , 0.0385478 , 0.0637685
0.0203716 , 0 , 0
0.0203716 , 0.0288777 , 0
0.0203716 , 0.0225585 , 0.0467815
0.0203716 , 0.0194384 , 0.0304735
0.0203716 , 0.0209951 , 0.0467815
0.0203716 , 0.0194384 , 0.0148094
0.0203716 , 0.0163454 , 0
0.0203716 , 0.00574509 , 0
0.0203716 , 0.0369204 , 0
0.0203716 , 0.002784 , 0.0304735
0.0203716 , 0.0304735 , 0
0.0203716 , 0 , 0
0.0203716 , 0.0132804 , 0.0637685
0.0203716 , 0.002784 , 0
0.0203716 , 0.0241285 , 0
0.0203716 , 0.0257051 , 0.100657
0.0203716 , 0.0304735 , 0
0.0203716 , 0.0241285 , 0
0.0203716 , 0.0451217 , 0
0.0203716 , 0.0304735 , 0.0467815
0.0203716 , 0.0241285 , 0.0304735
0.0203716 , 0.0369204 , 0.0816118
0.0203716 , 0.0369204 , 0.0467815
0.0203716 , 0.0304735 , 0
0.0203716 , 0.0163454 , 0
0.0203716 , 0.0194384 , 0.0148094
0.0203716 , 0.0304735 , 0.100657
0.0203716 , 0.00723718 , 0
0.0203716 , 0.0132804 , 0
0.0203716 , 0.002784 , 0.0304735
0.0203716 , 0.0401817 , 0.0637685
0.0203716 , 0.0336843 , 0
0.0203716 , 0.0117586 , 0.0816118
0.0203716 , 0.0117586 , 0.0148094
0.0203716 , 0.0385478 , 0.0148094
0.0203716 , 0.0434686 , 0.0148094
0.0203716 , 0.0257051 , 0
0.0203716 , 0.00873686 , 0
0.0203716 , 0.0434686 , 0.0148094
0.0203716 , 0.0178885 , 0
0.0203716 , 0.0568843 , 0
0.0203716 , 0.0304735 , 0.0148094
0.0203716 , 0.0320758 , 0
0.0203716 , 0.0148094 , 0
0.0203716 , 0.0132804 , 0.0148094
0.0203716 , 0.0163454 , 0
0.0203716 , 0.0272882 , 0
0.0203716 , 0.0336843 , 0
0.0203716 , 0.0225585 , 0.0816118
0.0203716 , 0.0148094 , 0.0467815
0.0203716 , 0.00426066 , 0.121479
0.0203716 , 0.00574509 , 0
0.0203716 , 0.0257051 , 0
0.0203716 , 0.0272882 , 0
0.0203716 , 0.0132804 , 0
0.0203716 , 0.0117586 , 0.0148094
0.0203716 , 0.0352992 , 0
0.0203716 , 0.0320758 , 0.0467815
0.0203716 , 0.0352992 , 0.0637685
0.0203716 , 0.0209951 , 0.0148094
0.0203716 , 0.0352992 , 0
0.0203716 , 0.0385478 , 0.0816118
0.0203716 , 0.010244 , 0.0148094
0.0203716 , 0.0304735 , 0
0.0203716 , 0.0304735 , 0
