0.0562027 , 0.0620354 , 0.0816118
0.0756114 , 0.0947887 , 0.121479
0.0684907 , 0.0707879 , 0
0.0783238 , 0.0779608 , 0.0467815
0.0681387 , 0.0707879 , 0.0148094
0.0665591 , 0.0797806 , 0.0467815
0.0805117 , 0.0672602 , 0.0637685
0.0750718 , 0.0603105 , 0
0.0775981 , 0.0725659 , 0.121479
0.0670848 , 0.0707879 , 0.0467815
0.0604826 , 0.0467815 , 0.0637685
0.0511283 , 0.0369204 , 0.0637685
0.0714979 , 0.0928644 , 0.100657
0.069549 , 0.0779608 , 0.0637685
0.0731012 , 0.0672602 , 0
0.06551 , 0.0707879 , 0.100657
0.0642901 , 0.0834549 , 0.100657
0.0555224 , 0.0194384 , 0
0.0634212 , 0.076152 , 0.100657
0.0627277 , 0.0620354 , 0.100657
0.0683147 , 0.0947887 , 0.100657
0.0683147 , 0.0834549 , 0.0148094
0.0630743 , 0.0779608 , 0.121479
0.0670848 , 0.0672602 , 0.121479
0.059451 , 0.0707879 , 0.0637685
0.0573963 , 0.0637685 , 0.0637685
0.0623814 , 0.0534883 , 0.0467815
0.0676113 , 0.0779608 , 0.0304735
0.0688431 , 0.0672602 , 0.0304735
0.0642901 , 0.0534883 , 0.0816118
0.0827162 , 0.0947887 , 0.0816118
0.0567138 , 0.0620354 , 0.100657
0.0725659 , 0.0518012 , 0.0148094
0.0558624 , 0.0690194 , 0
0.0729227 , 0.0797806 , 0.0148094
0.0681387 , 0.076152 , 0.145031
0.077417 , 0.0518012 , 0.0816118
0.0632477 , 0.0890597 , 0.0637685
0.0676113 , 0.0484479 , 0.121479
0.0662091 , 0.0909549 , 0.121479
0.0741745 , 0.0871784 , 0.121479
0.0615171 , 0.0518012 , 0.0816118
0.069549 , 0.0418219 , 0
0.0599665 , 0.0725659 , 0.100657
0.0794157 , 0.06551 , 0.0816118
0.0736374 , 0.0672602 , 0.121479
0.0718535 , 0.0620354 , 0.0467815
0.0759717 , 0.0672602 , 0.0637685
0.0757915 , 0.0871784 , 0.0816118
0.0686668 , 0.0779608 , 0.0304735
0.0823476 , 0.0909549 , 0.0816118
0.0757915 , 0.0816118 , 0.0816118
0.0697257 , 0.0620354 , 0.0816118
0.0556923 , 0.0484479 , 0
0.0748922 , 0.06551 , 0.0816118
0.0739954 , 0.0707879 , 0.121479
0.0766935 , 0.06551 , 0.0467815
0.0745331 , 0.0451217 , 0.145031
0.0739954 , 0.0725659 , 0.121479
0.0674357 , 0.0467815 , 0.121479
0.0720314 , 0.0853102 , 0.0304735
0.077055 , 0.0707879 , 0.145031
0.0799632 , 0.0853102 , 0.0304735
0.0697257 , 0.0834549 , 0.145031
0.0584223 , 0.0467815 , 0.0304735
0.0697257 , 0.0725659 , 0.0148094
0.0688431 , 0.0585935 , 0.0816118
0.077417 , 0.0743538 , 0
0.0679628 , 0.0986846 , 0.0148094
0.0805117 , 0.076152 , 0.0304735
0.0723876 , 0.0551826 , 0.0816118
0.0635948 , 0.0467815 , 0.0637685
0.0674357 , 0.0518012 , 0.0304735
0.0634212 , 0.0585935 , 0.145031
0.0660342 , 0.0637685 , 0
0.0648124 , 0.076152 , 0.0467815
0.0625545 , 0.0418219 , 0.0637685
0.0615171 , 0.0451217 , 0.0467815
0.0752516 , 0.0986846 , 0.0304735
0.0676113 , 0.0620354 , 0.0467815
0.0805117 , 0.0779608 , 0.0816118
0.0635948 , 0.076152 , 0.0304735
0.0693724 , 0.0369204 , 0.0148094
0.0649867 , 0.076152 , 0.0304735
0.0806947 , 0.0585935 , 0.0637685
0.0693724 , 0.0816118 , 0.0467815
0.0629009 , 0.0743538 , 0.0816118
0.0609995 , 0.0816118 , 0.0304735
0.0716756 , 0.0743538 , 0.173052
0.0862427 , 0.0816118 , 0.0637685
0.0750718 , 0.0707879 , 0.0148094
0.0713202 , 0.0672602 , 0.0148094
0.0745331 , 0.0797806 , 0.0816118
0.0683147 , 0.0637685 , 0.0637685
0.0731012 , 0.0707879 , 0.0816118
0.0620354 , 0.0568843 , 0.0816118
0.0707879 , 0.0672602 , 0.0304735
0.0759717 , 0.0725659 , 0.121479
0.0866165 , 0.0797806 , 0.145031
0.0731012 , 0.0834549 , 0
