0.0871784 , 0.0853102 , 0.0637685
0.0971185 , 0.114999 , 0.0816118
0.107091 , 0.104656 , 0.121479
0.0830853 , 0.0890597 , 0.100657
0.0684907 , 0.0585935 , 0.145031
0.0896268 , 0.0890597 , 0.121479
0.0827162 , 0.100657 , 0.209299
0.0816118 , 0.0797806 , 0.0637685
0.0915262 , 0.112887 , 0.100657
0.100261 , 0.0928644 , 0.121479
0.0965339 , 0.121479 , 0.0816118
0.0886824 , 0.0928644 , 0.0304735
0.093248 , 0.0890597 , 0.0467815
0.084381 , 0.0690194 , 0.121479
0.0854965 , 0.0816118 , 0.0304735
0.0816118 , 0.0890597 , 0.121479
0.0801459 , 0.10873 , 0.0637685
0.0936323 , 0.117134 , 0.173052
0.0788693 , 0.0797806 , 0.0467815
0.077417 , 0.0620354 , 0.0637685
0.0817956 , 0.0853102 , 0.173052
0.101849 , 0.102648 , 0.0467815
0.069549 , 0.0853102 , 0.0637685
0.0851241 , 0.102648 , 0.0816118
0.0875536 , 0.0816118 , 0.0637685
0.0900056 , 0.0853102 , 0.173052
0.0955628 , 0.0947887 , 0.121479
0.096145 , 0.0834549 , 0.173052
0.0903849 , 0.0853102 , 0.121479
0.0886824 , 0.0967286 , 0.145031
0.0934401 , 0.0725659 , 0.0148094
0.0873659 , 0.114999 , 0.173052
0.0817956 , 0.0637685 , 0.0816118
0.0781422 , 0.0779608 , 0.173052
0.0977045 , 0.119294 , 0.0637685
0.0838249 , 0.0779608 , 0
0.0877414 , 0.0797806 , 0.145031
0.0969235 , 0.0834549 , 0.265213
0.0879293 , 0.0834549 , 0.265213
0.0896268 , 0.102648 , 0.0816118
0.0890597 , 0.0585935 , 0.121479
0.0756114 , 0.0451217 , 0.0816118
0.0883056 , 0.0797806 , 0.121479
0.0849382 , 0.06551 , 0.0467815
0.0896268 , 0.104656 , 0.0304735
0.0951754 , 0.106683 , 0.145031
0.0765129 , 0.0986846 , 0.0637685
0.0830853 , 0.0816118 , 0.0304735
0.0884939 , 0.114999 , 0.121479
0.0982921 , 0.100657 , 0.0304735
0.0934401 , 0.102648 , 0.121479
0.0788693 , 0.0890597 , 0.0467815
0.0934401 , 0.0797806 , 0.0637685
0.08327 , 0.0816118 , 0.100657
0.088871 , 0.0690194 , 0.100657
0.103048 , 0.0853102 , 0.0637685
0.0731012 , 0.0518012 , 0.100657
0.086991 , 0.0585935 , 0.0467815
0.0847523 , 0.0947887 , 0.145031
0.0955628 , 0.117134 , 0.0816118
0.0785055 , 0.0871784 , 0
0.086991 , 0.0725659 , 0.0637685
0.0919078 , 0.0986846 , 0.121479
0.0955628 , 0.0986846 , 0.173052
0.0783238 , 0.0707879 , 0.0816118
0.101054 , 0.0967286 , 0.173052
0.0940172 , 0.102648 , 0.121479
0.097509 , 0.102648 , 0.0467815
0.0845666 , 0.0797806 , 0.100657
0.0766935 , 0.0725659 , 0.0816118
0.084381 , 0.076152 , 0.173052
0.0919078 , 0.0871784 , 0.100657
0.0886824 , 0.076152 , 0.0637685
0.0994716 , 0.0707879 , 0.100657
0.0879293 , 0.0890597 , 0.0637685
0.0825318 , 0.0816118 , 0.0467815
0.0736374 , 0.0725659 , 0.0304735
0.0847523 , 0.0871784 , 0.0467815
0.0750718 , 0.0585935 , 0.0816118
0.0973137 , 0.0779608 , 0.173052
0.0825318 , 0.0797806 , 0
0.111214 , 0.123691 , 0.0637685
0.10648 , 0.112887 , 0.173052
0.0915262 , 0.0690194 , 0.0816118
0.0990778 , 0.0928644 , 0.209299
0.0928644 , 0.0890597 , 0.209299
0.0901951 , 0.0947887 , 0.121479
0.0911452 , 0.112887 , 0.121479
0.08327 , 0.10873 , 0.121479
0.0845666 , 0.0779608 , 0.0148094
0.0944026 , 0.114999 , 0.121479
0.0834549 , 0.102648 , 0.145031
0.088871 , 0.110798 , 0.173052
0.10506 , 0.117134 , 0.0148094
0.0810612 , 0.0637685 , 0.0304735
0.101451 , 0.0890597 , 0.121479
0.0739954 , 0.076152 , 0.0816118
0.0845666 , 0.104656 , 0.121479
0.086991 , 0.0947887 , 0.0816118
0.0845666 , 0.102648 , 0.121479
