0.00190176 , 0.0132804 , 0
0.00190176 , 0.00131517 , 0.100657
0.00190176 , 0.00426066 , 0.0148094
0.00190176 , 0.0257051 , 0.100657
0.00190176 , 0 , 0.0148094
0.00190176 , 0.0272882 , 0.0148094
0.00190176 , 0.00574509 , 0
0.00190176 , 0.00723718 , 0.0637685
0.00190176 , 0.0132804 , 0
0.00190176 , 0.0272882 , 0
0.00190176 , 0.00131517 , 0
0.00190176 , 0 , 0.0816118
0.00190176 , 0 , 0.0304735
0.00190176 , 0.0148094 , 0.100657
0.00190176 , 0 , 0.0816118
0.00190176 , 0.010244 , 0
0.00190176 , 0.002784 , 0
0.00190176 , 0 , 0
0.00190176 , 0.00131517 , 0.0148094
0.00190176 , 0.0241285 , 0.0304735
0.00190176 , 0 , 0.0304735
0.00190176 , 0 , 0
0.00190176 , 0.002784 , 0.121479
0.00190176 , 0 , 0.0304735
0.00190176 , 0 , 0
0.00190176 , 0 , 0.0148094
0.00190176 , 0 , 0.0304735
0.00190176 , 0 , 0
0.00190176 , 0 , 0.0148094
0.00190176 , 0.0178885 , 0
0.00190176 , 0 , 0.0467815
0.00190176 , 0 , 0
0.00190176 , 0.0257051 , 0.0467815
0.00190176 , 0 , 0
0.00190176 , 0 , 0
0.00190176 , 0.0117586 , 0
0.00190176 , 0.00426066 , 0.0467815
0.00190176 , 0 , 0
0.00190176 , 0.0209951 , 0.100657
0.00190176 , 0.010244 , 0
0.00190176 , 0 , 0.0637685
0.00190176 , 0 , 0.0467815
0.00190176 , 0.0194384 , 0.0304735
0.00190176 , 0.00131517 , 0.0304735
0.00190176 , 0.00873686 , 0
0.00190176 , 0.00574509 , 0
0.00190176 , 0 , 0.0637685
0.00190176 , 0 , 0
0.00190176 , 0 , 0.0304735
0.00190176 , 0.0272882 , 0
0.00190176 , 0.00131517 , 0
0.00190176 , 0.0117586 , 0
0.00190176 , 0 , 0.0816118
0.00190176 , 0 , 0.0467815
0.00190176 , 0.0272882 , 0
0.00190176 , 0.00426066 , 0
0.00190176 , 0.0163454 , 0
0.00190176 , 0 , 0
0.00190176 , 0 , 0.0816118
0.00190176 , 0.0257051 , 0.0816118
0.00190176 , 0.00131517 , 0.0304735
0.00190176 , 0.00131517 , 0
0.00190176 , 0.0369204 , 0
0.00190176 , 0.0194384 , 0.121479
0.00190176 , 0.0369204 , 0.0304735
0.00190176 , 0 , 0
0.00190176 , 0 , 0
0.00190176 , 0 , 0.0304735
0.00190176 , 0.0132804 , 0
0.00190176 , 0 , 0
0.00190176 , 0.00873686 , 0.0148094
0.00190176 , 0 , 0.100657
0.00190176 , 0 , 0
0.00190176 , 0 , 0.0816118
0.00190176 , 0.0117586 , 0
0.00190176 , 0.0132804 , 0
0.00190176 , 0.0163454 , 0
0.00190176 , 0.00574509 , 0
0.00190176 , 0.010244 , 0
0.00190176 , 0.0117586 , 0
0.00190176 , 0 , 0
0.00190176 , 0.00131517 , 0.0637685
0.00190176 , 0.00723718 , 0.100657
0.00190176 , 0.002784 , 0.0637685
0.00190176 , 0 , 0.100657
0.00190176 , 0.00574509 , 0
0.00190176 , 0 , 0.0467815
0.00190176 , 0 , 0
0.00190176 , 0.00426066 , 0
0.00190176 , 0.0132804 , 0
0.00190176 , 0 , 0.0304735
0.00190176 , 0 , 0
0.00190176 , 0 , 0
0.00190176 , 0.0148094 , 0.0467815
0.00190176 , 0 , 0
0.00190176 , 0 , 0.0637685
0.00190176 , 0 , 0
0.00190176 , 0.002784 , 0
0.00190176 , 0.010244 , 0.0148094
0.00190176 , 0.010244 , 0
