0.0298344 , 0.0272882 , 0.0637685
0.0277644 , 0.0257051 , 0.100657
0.0336843 , 0.0518012 , 0.100657
0.032397 , 0.0272882 , 0.0637685
0.0306335 , 0.0288777 , 0.0148094
0.0246008 , 0.00723718 , 0
0.035461 , 0.0304735 , 0.0148094
0.0364333 , 0.0352992 , 0.0304735
0.0320758 , 0.0320758 , 0.0148094
0.0244433 , 0.0336843 , 0.0304735
0.0335232 , 0.0209951 , 0.0816118
0.0242859 , 0 , 0.0148094
0.0317548 , 0.0418219 , 0.0148094
0.0309535 , 0.0690194 , 0.209299
0.0244433 , 0 , 0.0304735
0.0471142 , 0.0288777 , 0
0.0343295 , 0.0467815 , 0.0637685
0.029037 , 0.00873686 , 0.0816118
0.0244433 , 0.0603105 , 0
0.0343295 , 0.0534883 , 0
0.0241285 , 0.0225585 , 0.100657
0.0332011 , 0.0534883 , 0.0637685
0.0186626 , 0.0304735 , 0.0148094
0.0314341 , 0.0385478 , 0.0148094
0.0234997 , 0.0148094 , 0.0304735
0.035461 , 0.0272882 , 0.0637685
0.0335232 , 0.0304735 , 0
0.0352992 , 0.0434686 , 0.100657
0.0301539 , 0.0194384 , 0.0304735
0.0241285 , 0.0148094 , 0
0.0380589 , 0.0241285 , 0.0816118
0.0274468 , 0.0603105 , 0.0637685
0.029037 , 0.0320758 , 0
0.0423152 , 0.0568843 , 0.0304735
0.0307935 , 0.0148094 , 0
0.0330401 , 0.0132804 , 0.0637685
0.0378961 , 0.0534883 , 0.145031
0.0385478 , 0.0288777 , 0.0637685
0.026971 , 0.0272882 , 0.0304735
0.0304735 , 0.0304735 , 0.145031
0.0341681 , 0.0385478 , 0.0467815
0.0225585 , 0.0209951 , 0
0.0330401 , 0.0501211 , 0.0304735
0.0343295 , 0.0225585 , 0.0304735
0.0304735 , 0.0434686 , 0.0816118
0.0378961 , 0.0401817 , 0.0148094
0.0257051 , 0.0352992 , 0
0.0357849 , 0.0148094 , 0
0.0236568 , 0.010244 , 0.0637685
0.0169618 , 0.00723718 , 0.121479
0.0253893 , 0.0369204 , 0
0.0401817 , 0.0551826 , 0.0637685
0.0304735 , 0.010244 , 0.0304735
0.0239712 , 0.0467815 , 0
0.0312739 , 0.0117586 , 0.0304735
0.0365956 , 0.0209951 , 0.0467815
0.0271296 , 0.0336843 , 0.0637685
0.0375706 , 0.0320758 , 0.0304735
0.0320758 , 0.0194384 , 0.100657
0.0359469 , 0.00131517 , 0
0.0320758 , 0.0451217 , 0
0.0239712 , 0.0163454 , 0.0637685
0.0299941 , 0.0320758 , 0.0148094
0.0220888 , 0.0163454 , 0.0467815
0.034491 , 0.0401817 , 0
0.0388741 , 0.0352992 , 0.0148094
0.0385478 , 0.0467815 , 0.0304735
0.034491 , 0.0534883 , 0.0637685
0.0327184 , 0.0257051 , 0.0148094
0.0309535 , 0.0467815 , 0.0637685
0.0396909 , 0.0385478 , 0.0148094
0.0352992 , 0.0352992 , 0
0.0364333 , 0.06551 , 0.0467815
0.0271296 , 0.0209951 , 0.0637685
0.0311137 , 0.0501211 , 0.100657
0.032397 , 0.0418219 , 0.121479
0.0253893 , 0.0225585 , 0.0304735
0.0304735 , 0.0225585 , 0.0816118
0.0304735 , 0.0637685 , 0.0816118
0.0197492 , 0 , 0.0467815
0.0301539 , 0.0551826 , 0.0637685
0.0284001 , 0.00574509 , 0.0304735
0.0330401 , 0.0352992 , 0.0816118
0.0319153 , 0.0336843 , 0.0467815
0.0299941 , 0.0401817 , 0
0.0306335 , 0.0320758 , 0
0.036109 , 0.0585935 , 0
0.041165 , 0.0501211 , 0.100657
0.0340068 , 0.0434686 , 0.121479
0.0489491 , 0.0369204 , 0.121479
0.0369204 , 0.0484479 , 0
0.0352992 , 0.0352992 , 0.0304735
0.0255472 , 0.0434686 , 0.145031
0.024916 , 0.0534883 , 0.0637685
0.0276056 , 0.0534883 , 0
0.0296748 , 0.0241285 , 0
0.0287184 , 0.00723718 , 0.121479
0.0369204 , 0.0132804 , 0.0148094
0.0261794 , 0.0484479 , 0.0304735
0.0257051 , 0 , 0
