0.0585935 , 0.106683 , 0
0.0585935 , 0.0690194 , 0.0637685
0.0585935 , 0.06551 , 0.121479
0.0585935 , 0.0585935 , 0.100657
0.0585935 , 0.0418219 , 0.0467815
0.0585935 , 0.0725659 , 0.0816118
0.0585935 , 0.0484479 , 0.121479
0.0585935 , 0.0637685 , 0
0.0585935 , 0.0385478 , 0.0816118
0.0585935 , 0.0909549 , 0.0816118
0.0585935 , 0.0743538 , 0.100657
0.0585935 , 0.0352992 , 1
0.0585935 , 0.0336843 , 0.0637685
0.0585935 , 0.0518012 , 0
0.0585935 , 0.0928644 , 0.0467815
0.0585935 , 0.0585935 , 0.100657
0.0585935 , 0.0743538 , 0.0148094
0.0585935 , 0.0743538 , 0.0637685
0.0585935 , 0.0779608 , 0.0148094
0.0585935 , 0.0534883 , 0.100657
0.0585935 , 0.0467815 , 0.100657
0.0585935 , 0.0603105 , 0.0816118
0.0585935 , 0.0743538 , 0.0816118
0.0585935 , 0.0336843 , 0.100657
0.0585935 , 0.0853102 , 0.0304735
0.0585935 , 0.0209951 , 0.0148094
0.0585935 , 0.0637685 , 0.0148094
0.0585935 , 0.0288777 , 0.121479
0.0585935 , 0.0518012 , 0.100657
0.0585935 , 0.0304735 , 0.0637685
0.0585935 , 0.0288777 , 0
0.0585935 , 0.0568843 , 0.121479
0.0585935 , 0.0707879 , 0.0304735
0.0585935 , 0.0603105 , 0.121479
0.0585935 , 0.0834549 , 0
0.0585935 , 0.0551826 , 0
0.0585935 , 0.0834549 , 0.100657
0.0585935 , 0.0620354 , 0
0.0585935 , 0.0816118 , 0.173052
0.0585935 , 0.0568843 , 0.0304735
0.0585935 , 0.0585935 , 0.0304735
0.0585935 , 0.0434686 , 0.0148094
0.0585935 , 0.0779608 , 0
0.0585935 , 0.0484479 , 0.0637685
0.0585935 , 0.0336843 , 0
0.0585935 , 0.0871784 , 0.0816118
0.0585935 , 0.0418219 , 0.0816118
0.0585935 , 0.0707879 , 0.0467815
0.0585935 , 0.076152 , 0.0637685
0.0585935 , 0.0551826 , 0.0816118
0.0585935 , 0.0743538 , 0.0148094
0.0585935 , 0.0637685 , 0.0148094
0.0585935 , 0.0451217 , 0
0.0585935 , 0.0418219 , 0.100657
0.0585935 , 0.076152 , 0.0637685
0.0585935 , 0.0690194 , 0.100657
0.0585935 , 0.0534883 , 0.0148094
0.0585935 , 0.0620354 , 0.0816118
0.0585935 , 0.0551826 , 0.0816118
0.0585935 , 0.0779608 , 0.0304735
0.0585935 , 0.0467815 , 0
0.0585935 , 0.0568843 , 0.0637685
0.0585935 , 0.0518012 , 0
0.0585935 , 0.0725659 , 0.100657
0.0585935 , 0.0385478 , 0
0.0585935 , 0.0369204 , 0.145031
0.0585935 , 0.0434686 , 0.145031
0.0585935 , 0.0484479 , 0.0467815
0.0585935 , 0.0484479 , 0
0.0585935 , 0.0518012 , 0.173052
0.0585935 , 0.0434686 , 0.0637685
0.0585935 , 0.0484479 , 0
0.0585935 , 0.0568843 , 0.173052
0.0585935 , 0.0743538 , 0.0467815
0.0585935 , 0.0467815 , 0.0148094
0.0585935 , 0.0672602 , 0.121479
0.0585935 , 0.0585935 , 0.0816118
0.0585935 , 0.0534883 , 0.0304735
0.0585935 , 0.0501211 , 0.145031
0.0585935 , 0.0707879 , 0.0816118
0.0585935 , 0.0603105 , 0.0304735
0.0585935 , 0.0725659 , 0.0467815
0.0585935 , 0.0725659 , 0
0.0585935 , 0.06551 , 0.0304735
0.0585935 , 0.0534883 , 0.0637685
0.0585935 , 0.0257051 , 0.0148094
0.0585935 , 0.0518012 , 0.0816118
0.0585935 , 0.0816118 , 0.0467815
0.0585935 , 0.0672602 , 0.0637685
0.0585935 , 0.0637685 , 0
0.0585935 , 0.0434686 , 0.0637685
0.0585935 , 0.0853102 , 0
0.0585935 , 0.0603105 , 0.0467815
0.0585935 , 0.0585935 , 0.0467815
0.0585935 , 0.0620354 , 0.0148094
0.0585935 , 0.0534883 , 0
0.0585935 , 0.0620354 , 0
0.0585935 , 0.0501211 , 0.0304735
0.0585935 , 0.0585935 , 0
0.0585935 , 0.0467815 , 0
