0.166364 , 0.152855 , 0.173052
0.166364 , 0.158322 , 0.173052
0.166364 , 0.161139 , 0.100657
0.166364 , 0.158322 , 0.173052
0.166364 , 0.145031 , 1
0.166364 , 0.158322 , 0.265213
0.166364 , 0.147593 , 0.173052
0.166364 , 0.166958 , 0.209299
0.166364 , 0.169968 , 0.209299
0.166364 , 0.132831 , 0.265213
0.166364 , 0.166958 , 0.173052
0.166364 , 0.169968 , 0.145031
0.166364 , 0.182791 , 0.173052
0.166364 , 0.152855 , 0.0816118
0.166364 , 0.161139 , 0.173052
0.166364 , 0.152855 , 0.265213
0.166364 , 0.152855 , 0.209299
0.166364 , 0.158322 , 0.209299
0.166364 , 0.169968 , 0.209299
0.166364 , 0.161139 , 0.145031
0.166364 , 0.1502 , 0.145031
0.166364 , 0.152855 , 0.265213
0.166364 , 0.166958 , 1
0.166364 , 0.155561 , 0.209299
0.166364 , 0.182791 , 0.173052
0.166364 , 0.158322 , 0.209299
0.166364 , 0.164016 , 0.145031
0.166364 , 0.169968 , 0.173052
0.166364 , 0.145031 , 0.265213
0.166364 , 0.152855 , 0.0304735
0.166364 , 0.152855 , 0.209299
0.166364 , 0.176213 , 0.265213
0.166364 , 0.164016 , 0.209299
0.166364 , 0.152855 , 0.145031
0.166364 , 0.155561 , 0.173052
0.166364 , 0.1502 , 0.173052
0.166364 , 0.176213 , 0.100657
0.166364 , 0.169968 , 0.173052
0.166364 , 0.155561 , 0.121479
0.166364 , 0.18622 , 1
0.166364 , 0.164016 , 0.209299
0.166364 , 0.161139 , 0.121479
0.166364 , 0.152855 , 0.209299
0.166364 , 0.182791 , 0.145031
0.166364 , 0.164016 , 0.173052
0.166364 , 0.176213 , 0.209299
0.166364 , 0.176213 , 0.145031
0.166364 , 0.161139 , 0.145031
0.166364 , 0.179457 , 0.173052
0.166364 , 0.189753 , 0.173052
0.166364 , 0.142513 , 0.100657
0.166364 , 0.164016 , 0.209299
0.166364 , 0.176213 , 0.0816118
0.166364 , 0.1502 , 0.173052
0.166364 , 0.176213 , 0.121479
0.166364 , 0.169968 , 0.145031
0.166364 , 0.182791 , 0.173052
0.166364 , 0.161139 , 0.100657
0.166364 , 0.169968 , 0.265213
0.166364 , 0.179457 , 1
0.166364 , 0.166958 , 0.265213
0.166364 , 0.164016 , 0.145031
0.166364 , 0.158322 , 0.173052
0.166364 , 0.176213 , 0.145031
0.166364 , 0.1502 , 1
0.166364 , 0.176213 , 0.209299
0.166364 , 0.164016 , 0.209299
0.166364 , 0.176213 , 0.121479
0.166364 , 0.140036 , 0.173052
0.166364 , 0.147593 , 0.0816118
0.166364 , 0.155561 , 0.145031
0.166364 , 0.145031 , 0.209299
0.166364 , 0.155561 , 0.100657
0.166364 , 0.140036 , 0.209299
0.166364 , 0.201061 , 0.265213
0.166364 , 0.164016 , 1
0.166364 , 0.166958 , 0.173052
0.166364 , 0.205101 , 0.209299
0.166364 , 0.140036 , 0.265213
0.166364 , 0.176213 , 0.173052
0.166364 , 0.161139 , 0.209299
0.166364 , 0.164016 , 0.265213
0.166364 , 0.158322 , 0.173052
0.166364 , 0.173052 , 1
0.166364 , 0.1502 , 0.100657
0.166364 , 0.145031 , 0.173052
0.166364 , 0.152855 , 0.209299
0.166364 , 0.152855 , 0.173052
0.166364 , 0.201061 , 0.173052
0.166364 , 0.189753 , 0.209299
0.166364 , 0.173052 , 0.121479
0.166364 , 0.173052 , 0.173052
0.166364 , 0.155561 , 0.209299
0.166364 , 0.158322 , 0.173052
0.166364 , 0.1502 , 0.209299
0.166364 , 0.18622 , 0.173052
0.166364 , 0.1502 , 0.209299
0.166364 , 0.173052 , 1
0.166364 , 0.164016 , 0.265213
0.166364 , 0.155561 , 1
