0.142763 , 0.10873 , 0.121479
0.142513 , 0.173052 , 0.100657
0.153124 , 0.158322 , 0.265213
0.134959 , 0.12593 , 0.173052
0.145031 , 0.145031 , 0.265213
0.161709 , 0.137598 , 0.100657
0.14889 , 0.1502 , 0.209299
0.133773 , 0.1282 , 0.0816118
0.143013 , 0.158322 , 0.173052
0.128657 , 0.114999 , 0.0637685
0.133537 , 0.137598 , 0.145031
0.142763 , 0.1502 , 0.121479
0.134959 , 0.132831 , 0.100657
0.122803 , 0.135197 , 0.100657
0.131195 , 0.106683 , 0.145031
0.14863 , 0.158322 , 0.145031
0.1393 , 0.119294 , 0.100657
0.14889 , 0.173052 , 0.100657
0.133537 , 0.142513 , 0.0816118
0.128657 , 0.114999 , 0.145031
0.133773 , 0.130499 , 0.209299
0.126156 , 0.164016 , 0.100657
0.128428 , 0.1502 , 0.0816118
0.123024 , 0.145031 , 0.121479
0.156935 , 0.152855 , 0.0816118
0.1393 , 0.147593 , 0.100657
0.131661 , 0.121479 , 0.145031
0.129806 , 0.132831 , 0.265213
0.156659 , 0.1502 , 0.209299
0.141269 , 0.121479 , 0.100657
0.142263 , 0.135197 , 0.209299
0.135197 , 0.158322 , 0.209299
0.133302 , 0.114999 , 0.209299
0.139056 , 0.169968 , 0.100657
0.135197 , 0.119294 , 0.173052
0.132362 , 0.132831 , 0.265213
0.117564 , 0.117134 , 0.173052
0.13784 , 0.147593 , 0.173052
0.149937 , 0.137598 , 1
0.137115 , 0.147593 , 0.121479
0.132596 , 0.140036 , 0.265213
0.125705 , 0.121479 , 0.0637685
0.130037 , 0.12593 , 0.173052
0.13401 , 0.117134 , 0.209299
0.127516 , 0.142513 , 0.145031
0.125256 , 0.123691 , 0.173052
0.150727 , 0.112887 , 0.121479
0.149151 , 0.140036 , 0.145031
0.13784 , 0.155561 , 0.173052
0.138812 , 0.1282 , 0.145031
0.10648 , 0.123691 , 0.173052
0.147077 , 0.1282 , 0.145031
0.147077 , 0.155561 , 0.145031
0.124807 , 0.0909549 , 0.100657
0.142014 , 0.12593 , 0.121479
0.130499 , 0.119294 , 0.265213
0.144777 , 0.193398 , 0.145031
0.153931 , 0.155561 , 0.173052
0.149937 , 0.1282 , 0.145031
0.143013 , 0.1502 , 0.121479
0.14682 , 0.147593 , 0.0816118
0.132362 , 0.12593 , 0.145031
0.116277 , 0.0834549 , 0.209299
0.12593 , 0.145031 , 0.145031
0.145795 , 0.182791 , 0.100657
0.123246 , 0.140036 , 0.209299
0.1393 , 0.114999 , 0.121479
0.125705 , 0.142513 , 0.173052
0.135435 , 0.12593 , 0.100657
0.159723 , 0.164016 , 0.173052
0.135913 , 0.137598 , 0.145031
0.135674 , 0.147593 , 0.0816118
0.141517 , 0.130499 , 0.265213
0.143013 , 0.1502 , 0.173052
0.140528 , 0.161139 , 0.209299
0.142014 , 0.173052 , 0.209299
0.132596 , 0.114999 , 0.145031
0.151521 , 0.158322 , 0.145031
0.132128 , 0.130499 , 0.0467815
0.127288 , 0.119294 , 0.100657
0.142763 , 0.137598 , 0.100657
0.126156 , 0.106683 , 0.0467815
0.131428 , 0.121479 , 0.100657
0.122803 , 0.112887 , 0.0467815
0.131428 , 0.155561 , 0.121479
0.174306 , 0.155561 , 0.145031
0.138082 , 0.140036 , 0.0816118
0.138812 , 0.1282 , 0.0816118
0.136393 , 0.158322 , 0.0816118
0.130037 , 0.137598 , 0.121479
0.14605 , 0.155561 , 1
0.128886 , 0.130499 , 0.100657
0.13401 , 0.132831 , 0.100657
0.146563 , 0.140036 , 0.173052
0.136874 , 0.135197 , 0.0816118
0.143013 , 0.155561 , 1
0.154744 , 0.155561 , 0.121479
0.138812 , 0.140036 , 0.265213
0.13979 , 0.140036 , 0.145031
0.126835 , 0.121479 , 0.121479
