0.173677 , 0.201061 , 0.209299
0.173677 , 0.182791 , 0.0637685
0.173677 , 0.179457 , 0.265213
0.173677 , 0.155561 , 0.209299
0.173677 , 0.209299 , 0.173052
0.173677 , 0.179457 , 0.145031
0.173677 , 0.176213 , 1
0.173677 , 0.182791 , 0.265213
0.173677 , 0.189753 , 0.100657
0.173677 , 0.1502 , 0.145031
0.173677 , 0.158322 , 0.209299
0.173677 , 0.18622 , 0.121479
0.173677 , 0.18622 , 0.265213
0.173677 , 0.164016 , 0.209299
0.173677 , 0.173052 , 0.209299
0.173677 , 0.169968 , 0.121479
0.173677 , 0.179457 , 1
0.173677 , 0.179457 , 0.265213
0.173677 , 0.176213 , 0.209299
0.173677 , 0.179457 , 0.209299
0.173677 , 0.201061 , 0.173052
0.173677 , 0.197164 , 0.145031
0.173677 , 0.173052 , 0.209299
0.173677 , 0.182791 , 0.145031
0.173677 , 0.166958 , 0.265213
0.173677 , 0.161139 , 0.209299
0.173677 , 0.179457 , 0.145031
0.173677 , 0.155561 , 0.173052
0.173677 , 0.179457 , 0.100657
0.173677 , 0.176213 , 0.145031
0.173677 , 0.161139 , 0.173052
0.173677 , 0.218231 , 0.209299
0.173677 , 0.173052 , 0.121479
0.173677 , 0.182791 , 0.173052
0.173677 , 0.169968 , 0.265213
0.173677 , 0.173052 , 0.121479
0.173677 , 0.189753 , 0.265213
0.173677 , 0.173052 , 0.209299
0.173677 , 0.179457 , 0.209299
0.173677 , 0.18622 , 0.209299
0.173677 , 0.193398 , 0.145031
0.173677 , 0.176213 , 0.173052
0.173677 , 0.164016 , 0.209299
0.173677 , 0.161139 , 0.265213
0.173677 , 0.201061 , 0.265213
0.173677 , 0.169968 , 0.173052
0.173677 , 0.197164 , 0.100657
0.173677 , 0.179457 , 0.265213
0.173677 , 0.164016 , 0.145031
0.173677 , 0.164016 , 0.265213
0.173677 , 0.197164 , 0.121479
0.173677 , 0.158322 , 1
0.173677 , 0.18622 , 0.173052
0.173677 , 0.169968 , 0.145031
0.173677 , 0.182791 , 0.145031
0.173677 , 0.197164 , 0.145031
0.173677 , 0.193398 , 0.100657
0.173677 , 0.179457 , 0.173052
0.173677 , 0.209299 , 0.100657
0.173677 , 0.21367 , 0.173052
0.173677 , 0.164016 , 0.209299
0.173677 , 0.201061 , 0.145031
0.173677 , 0.18622 , 0.173052
0.173677 , 0.161139 , 0.265213
0.173677 , 0.164016 , 1
0.173677 , 0.201061 , 0.173052
0.173677 , 0.135197 , 0.209299
0.173677 , 0.189753 , 0.209299
0.173677 , 0.176213 , 0.173052
0.173677 , 0.201061 , 0.209299
0.173677 , 0.1502 , 0.145031
0.173677 , 0.169968 , 0.121479
0.173677 , 0.179457 , 0.173052
0.173677 , 0.205101 , 0.265213
0.173677 , 0.189753 , 0.209299
0.173677 , 0.189753 , 0.265213
0.173677 , 0.155561 , 0.145031
0.173677 , 0.155561 , 0.0816118
0.173677 , 0.173052 , 0.145031
0.173677 , 0.161139 , 0.265213
0.173677 , 0.189753 , 0.145031
0.173677 , 0.166958 , 0.173052
0.173677 , 0.205101 , 0.173052
0.173677 , 0.176213 , 0.209299
0.173677 , 0.169968 , 0.145031
0.173677 , 0.161139 , 0.209299
0.173677 , 0.209299 , 0.265213
0.173677 , 0.152855 , 0.121479
0.173677 , 0.197164 , 0.173052
0.173677 , 0.166958 , 0.145031
0.173677 , 0.179457 , 0.100657
0.173677 , 0.169968 , 0.173052
0.173677 , 0.169968 , 0.209299
0.173677 , 0.201061 , 0.209299
0.173677 , 0.189753 , 0.173052
0.173677 , 0.197164 , 0.121479
0.173677 , 0.179457 , 0.265213
0.173677 , 0.209299 , 0.121479
0.173677 , 0.176213 , 0.173052
0.173677 , 0.166958 , 0.145031
