0.128886 , 0.1282 , 0.100657
0.142014 , 0.147593 , 0.265213
0.111423 , 0.114999 , 0.173052
0.109762 , 0.100657 , 0.0816118
0.126608 , 0.121479 , 0.121479
0.121259 , 0.121479 , 0.0816118
0.125031 , 0.121479 , 0.145031
0.114575 , 0.110798 , 0.145031
0.117349 , 0.135197 , 0.173052
0.112258 , 0.117134 , 0.0816118
0.113729 , 0.119294 , 0.145031
0.138812 , 0.123691 , 0.173052
0.124136 , 0.155561 , 0.100657
0.113308 , 0.0890597 , 0.100657
0.130731 , 0.104656 , 0.173052
0.126835 , 0.117134 , 0.265213
0.116277 , 0.121479 , 0.121479
0.107909 , 0.114999 , 0.145031
0.119294 , 0.12593 , 0.265213
0.114999 , 0.100657 , 0.145031
0.123691 , 0.102648 , 0.145031
0.118643 , 0.0947887 , 0.209299
0.115637 , 0.121479 , 0.121479
0.120383 , 0.0909549 , 0.121479
0.121699 , 0.0947887 , 0.173052
0.118427 , 0.12593 , 0.0637685
0.120821 , 0.142513 , 0.145031
0.129806 , 0.137598 , 0.121479
0.119947 , 0.145031 , 0.173052
0.114152 , 0.100657 , 0.0637685
0.106683 , 0.10873 , 0.121479
0.1075 , 0.119294 , 0.100657
0.118427 , 0.0909549 , 0.173052
0.11692 , 0.12593 , 0.121479
0.105262 , 0.119294 , 0.0816118
0.110798 , 0.135197 , 0.0637685
0.1282 , 0.123691 , 0.121479
0.11585 , 0.100657 , 0.100657
0.110176 , 0.112887 , 0.0637685
0.123691 , 0.110798 , 0.0304735
0.100064 , 0.100657 , 0.0816118
0.12436 , 0.135197 , 0.173052
0.12436 , 0.137598 , 0.121479
0.114363 , 0.147593 , 0.121479
0.121259 , 0.114999 , 0.173052
0.117349 , 0.137598 , 0.0816118
0.114999 , 0.12593 , 0.0467815
0.108319 , 0.0986846 , 0.0816118
0.11886 , 0.145031 , 0.145031
0.101849 , 0.112887 , 0.100657
0.130037 , 0.123691 , 0.265213
0.127971 , 0.119294 , 0.100657
0.12214 , 0.1282 , 0.0637685
0.1282 , 0.110798 , 1
0.108936 , 0.104656 , 0.121479
0.111006 , 0.112887 , 0.145031
0.108936 , 0.12593 , 0.0637685
0.114999 , 0.102648 , 0.121479
0.113308 , 0.0986846 , 0.0816118
0.109555 , 0.10873 , 0.0637685
0.102248 , 0.0890597 , 0.0304735
0.12214 , 0.121479 , 0.0816118
0.128657 , 0.130499 , 0.173052
0.136153 , 0.12593 , 0.173052
0.1282 , 0.1282 , 0.145031
0.118643 , 0.152855 , 0.209299
0.117995 , 0.142513 , 0.0637685
0.112678 , 0.104656 , 0.100657
0.119947 , 0.0871784 , 0.209299
0.126156 , 0.142513 , 0.0637685
0.10165 , 0.0797806 , 0.209299
0.124583 , 0.119294 , 0.0637685
0.117779 , 0.12593 , 0.0148094
0.0955628 , 0.123691 , 0.145031
0.144271 , 0.161139 , 0.100657
0.111423 , 0.117134 , 0.145031
0.12593 , 0.140036 , 0.265213
0.107295 , 0.119294 , 0.145031
0.119947 , 0.119294 , 0.209299
0.121919 , 0.1282 , 0.145031
0.125031 , 0.114999 , 0.173052
0.119511 , 0.121479 , 0.145031
0.0917169 , 0.0853102 , 0.0637685
0.11394 , 0.1282 , 0.121479
0.102049 , 0.100657 , 0.100657
0.113098 , 0.114999 , 0.100657
0.106887 , 0.0853102 , 0.100657
0.107091 , 0.0909549 , 0.0816118
0.116705 , 0.123691 , 0.121479
0.110798 , 0.135197 , 0.121479
0.102248 , 0.112887 , 0.121479
0.111214 , 0.114999 , 0.145031
0.144524 , 0.132831 , 0.145031
0.111631 , 0.123691 , 0.145031
0.12214 , 0.119294 , 0.121479
0.120821 , 0.10873 , 0.0816118
0.107704 , 0.0890597 , 0.100657
0.125256 , 0.102648 , 0.100657
0.108319 , 0.119294 , 0.0816118
0.123246 , 0.119294 , 0.100657
