0.178149 , 0.205101 , 1
0.178149 , 0.193398 , 0.265213
0.178149 , 0.173052 , 0.100657
0.178149 , 0.169968 , 0.145031
0.178149 , 0.18622 , 1
0.178149 , 0.182791 , 0.265213
0.178149 , 0.189753 , 0.265213
0.178149 , 0.179457 , 0.209299
0.178149 , 0.166958 , 0.173052
0.178149 , 0.205101 , 1
0.178149 , 0.189753 , 0.121479
0.178149 , 0.161139 , 0.100657
0.178149 , 0.201061 , 0.265213
0.178149 , 0.201061 , 0.209299
0.178149 , 0.164016 , 0.209299
0.178149 , 0.166958 , 0.173052
0.178149 , 0.166958 , 0.173052
0.178149 , 0.176213 , 0.145031
0.178149 , 0.223004 , 0.209299
0.178149 , 0.152855 , 0.145031
0.178149 , 0.166958 , 0.173052
0.178149 , 0.173052 , 0.265213
0.178149 , 0.179457 , 0.0816118
0.178149 , 0.182791 , 0.173052
0.178149 , 0.166958 , 0.173052
0.178149 , 0.18622 , 0.265213
0.178149 , 0.176213 , 0.100657
0.178149 , 0.179457 , 0.209299
0.178149 , 0.176213 , 0.145031
0.178149 , 0.179457 , 0.173052
0.178149 , 0.161139 , 0.0816118
0.178149 , 0.189753 , 0.265213
0.178149 , 0.173052 , 0.145031
0.178149 , 0.173052 , 0.121479
0.178149 , 0.161139 , 0.145031
0.178149 , 0.166958 , 0.0816118
0.178149 , 0.164016 , 0.145031
0.178149 , 0.179457 , 0.209299
0.178149 , 0.161139 , 0.173052
0.178149 , 0.18622 , 0.265213
0.178149 , 0.176213 , 0.145031
0.178149 , 0.201061 , 0.145031
0.178149 , 0.201061 , 0.265213
0.178149 , 0.173052 , 0.265213
0.178149 , 0.201061 , 0.265213
0.178149 , 0.158322 , 0.209299
0.178149 , 0.179457 , 0.145031
0.178149 , 0.176213 , 0.209299
0.178149 , 0.169968 , 1
0.178149 , 0.155561 , 0.265213
0.178149 , 0.179457 , 0.209299
0.178149 , 0.155561 , 0.145031
0.178149 , 0.205101 , 0.209299
0.178149 , 0.189753 , 0.100657
0.178149 , 0.161139 , 0.145031
0.178149 , 0.179457 , 0.265213
0.178149 , 0.193398 , 0.265213
0.178149 , 0.161139 , 0.121479
0.178149 , 0.179457 , 0.265213
0.178149 , 0.173052 , 0.173052
0.178149 , 0.201061 , 0.100657
0.178149 , 0.166958 , 1
0.178149 , 0.18622 , 0.209299
0.178149 , 0.189753 , 0.265213
0.178149 , 0.164016 , 0.209299
0.178149 , 0.205101 , 1
0.178149 , 0.152855 , 0.173052
0.178149 , 0.18622 , 0.265213
0.178149 , 0.182791 , 0.209299
0.178149 , 0.182791 , 0.173052
0.178149 , 0.197164 , 0.209299
0.178149 , 0.158322 , 0.265213
0.178149 , 0.205101 , 0.145031
0.178149 , 0.152855 , 0.173052
0.178149 , 0.152855 , 0.121479
0.178149 , 0.158322 , 0.173052
0.178149 , 0.179457 , 0.209299
0.178149 , 0.201061 , 0.173052
0.178149 , 0.201061 , 0.145031
0.178149 , 0.197164 , 0.173052
0.178149 , 0.197164 , 0.209299
0.178149 , 0.179457 , 0.173052
0.178149 , 0.18622 , 0.145031
0.178149 , 0.173052 , 0.265213
0.178149 , 0.189753 , 0.209299
0.178149 , 0.182791 , 0.145031
0.178149 , 0.166958 , 0.265213
0.178149 , 0.176213 , 0.145031
0.178149 , 0.176213 , 0.265213
0.178149 , 0.158322 , 0.173052
0.178149 , 0.158322 , 0.121479
0.178149 , 0.169968 , 0.209299
0.178149 , 0.164016 , 0.209299
0.178149 , 0.193398 , 0.209299
0.178149 , 0.182791 , 0.265213
0.178149 , 0.176213 , 0.265213
0.178149 , 0.158322 , 0.209299
0.178149 , 0.179457 , 0.173052
0.178149 , 0.166958 , 0.209299
0.178149 , 0.176213 , 0.121479
