0.125031 , 0.147593 , 0.173052
0.125031 , 0.0947887 , 0.100657
0.125031 , 0.140036 , 0.0816118
0.125031 , 0.132831 , 0.209299
0.125031 , 0.121479 , 0.209299
0.125031 , 0.135197 , 0.173052
0.125031 , 0.152855 , 0.145031
0.125031 , 0.106683 , 0.173052
0.125031 , 0.1502 , 0.100657
0.125031 , 0.106683 , 0.173052
0.125031 , 0.130499 , 0.100657
0.125031 , 0.121479 , 0.121479
0.125031 , 0.114999 , 0.121479
0.125031 , 0.110798 , 0.145031
0.125031 , 0.1282 , 0.145031
0.125031 , 0.117134 , 0.0816118
0.125031 , 0.147593 , 0.121479
0.125031 , 0.161139 , 0.0816118
0.125031 , 0.114999 , 0.173052
0.125031 , 0.121479 , 0.0816118
0.125031 , 0.142513 , 0.209299
0.125031 , 0.0986846 , 0.100657
0.125031 , 0.1502 , 0.100657
0.125031 , 0.123691 , 0.209299
0.125031 , 0.119294 , 0.121479
0.125031 , 0.117134 , 0.173052
0.125031 , 0.12593 , 0.121479
0.125031 , 0.106683 , 0.173052
0.125031 , 0.119294 , 0.121479
0.125031 , 0.110798 , 0.173052
0.125031 , 0.119294 , 0.100657
0.125031 , 0.130499 , 0.145031
0.125031 , 0.0967286 , 0.173052
0.125031 , 0.117134 , 0.0816118
0.125031 , 0.114999 , 0.121479
0.125031 , 0.137598 , 0.145031
0.125031 , 0.152855 , 0.0637685
0.125031 , 0.135197 , 0.0816118
0.125031 , 0.110798 , 0.0816118
0.125031 , 0.100657 , 0.121479
0.125031 , 0.119294 , 0.121479
0.125031 , 0.114999 , 0.265213
0.125031 , 0.12593 , 0.100657
0.125031 , 0.106683 , 0.265213
0.125031 , 0.140036 , 0.0816118
0.125031 , 0.135197 , 0.209299
0.125031 , 0.119294 , 0.173052
0.125031 , 0.1282 , 0.209299
0.125031 , 0.12593 , 0.145031
0.125031 , 0.135197 , 0.145031
0.125031 , 0.117134 , 0.121479
0.125031 , 0.10873 , 0.121479
0.125031 , 0.0967286 , 1
0.125031 , 0.110798 , 0.121479
0.125031 , 0.130499 , 0.173052
0.125031 , 0.121479 , 0.0467815
0.125031 , 0.142513 , 0.0637685
0.125031 , 0.137598 , 0.145031
0.125031 , 0.121479 , 0.0637685
0.125031 , 0.117134 , 0.173052
0.125031 , 0.130499 , 0.0148094
0.125031 , 0.114999 , 0.145031
0.125031 , 0.1282 , 0.0637685
0.125031 , 0.104656 , 0.100657
0.125031 , 0.140036 , 0.145031
0.125031 , 0.130499 , 0.100657
0.125031 , 0.132831 , 0.100657
0.125031 , 0.114999 , 0.173052
0.125031 , 0.12593 , 0.209299
0.125031 , 0.106683 , 0.145031
0.125031 , 0.112887 , 0.121479
0.125031 , 0.110798 , 0.173052
0.125031 , 0.110798 , 0.145031
0.125031 , 0.112887 , 0.173052
0.125031 , 0.132831 , 0.173052
0.125031 , 0.1282 , 0.209299
0.125031 , 0.110798 , 0.173052
0.125031 , 0.121479 , 0.209299
0.125031 , 0.110798 , 0.209299
0.125031 , 0.1282 , 0.145031
0.125031 , 0.135197 , 0.100657
0.125031 , 0.1502 , 0.145031
0.125031 , 0.132831 , 0.145031
0.125031 , 0.104656 , 0.173052
0.125031 , 0.135197 , 0.100657
0.125031 , 0.10873 , 0.100657
0.125031 , 0.137598 , 0.121479
0.125031 , 0.130499 , 0.100657
0.125031 , 0.102648 , 0.0467815
0.125031 , 0.112887 , 0.100657
0.125031 , 0.114999 , 0.209299
0.125031 , 0.130499 , 0.265213
0.125031 , 0.1282 , 0.173052
0.125031 , 0.12593 , 0.145031
0.125031 , 0.147593 , 0.145031
0.125031 , 0.104656 , 0.209299
0.125031 , 0.158322 , 0.265213
0.125031 , 0.161139 , 0.100657
0.125031 , 0.117134 , 0.265213
0.125031 , 0.119294 , 1
