0.256489 , 0.228014 , 0.173052
0.256489 , 0.291783 , 0.209299
0.256489 , 0.265213 , 0.209299
0.256489 , 0.273197 , 1
0.256489 , 0.281986 , 0.173052
0.256489 , 0.265213 , 0.209299
0.256489 , 0.233289 , 0.145031
0.256489 , 0.291783 , 0.265213
0.256489 , 0.281986 , 1
0.256489 , 0.257886 , 1
0.256489 , 0.257886 , 0.209299
0.256489 , 0.315738 , 0.265213
0.256489 , 0.238866 , 0.209299
0.256489 , 0.331091 , 0.209299
0.256489 , 0.251105 , 1
0.256489 , 0.273197 , 1
0.256489 , 0.302883 , 1
0.256489 , 0.257886 , 0.209299
0.256489 , 0.233289 , 0.173052
0.256489 , 0.244787 , 0.265213
0.256489 , 0.223004 , 0.265213
0.256489 , 0.251105 , 0.209299
0.256489 , 0.238866 , 1
0.256489 , 0.257886 , 1
0.256489 , 0.257886 , 0.265213
0.256489 , 0.302883 , 0.265213
0.256489 , 0.244787 , 0.265213
0.256489 , 0.244787 , 0.265213
0.256489 , 0.291783 , 0.209299
0.256489 , 0.233289 , 0.173052
0.256489 , 0.257886 , 0.265213
0.256489 , 0.257886 , 0.209299
0.256489 , 0.238866 , 1
0.256489 , 0.251105 , 1
0.256489 , 0.251105 , 0.209299
0.256489 , 0.251105 , 0.173052
0.256489 , 0.238866 , 0.265213
0.256489 , 0.265213 , 1
0.256489 , 0.218231 , 0.209299
0.256489 , 0.281986 , 1
0.256489 , 0.251105 , 0.209299
0.256489 , 0.233289 , 0.209299
0.256489 , 0.21367 , 0.265213
0.256489 , 0.251105 , 1
0.256489 , 0.233289 , 1
0.256489 , 0.257886 , 1
0.256489 , 0.257886 , 1
0.256489 , 0.223004 , 0.265213
0.256489 , 0.244787 , 1
0.256489 , 0.244787 , 1
0.256489 , 0.281986 , 0.209299
0.256489 , 0.251105 , 1
0.256489 , 0.233289 , 0.209299
0.256489 , 0.251105 , 0.209299
0.256489 , 0.273197 , 0.265213
0.256489 , 0.281986 , 1
0.256489 , 0.244787 , 0.209299
0.256489 , 0.291783 , 0.209299
0.256489 , 0.228014 , 0.173052
0.256489 , 0.265213 , 0.265213
0.256489 , 0.265213 , 1
0.256489 , 0.251105 , 0.265213
0.256489 , 0.251105 , 0.265213
0.256489 , 0.257886 , 1
0.256489 , 0.257886 , 1
0.256489 , 0.238866 , 1
0.256489 , 0.218231 , 0.209299
0.256489 , 0.251105 , 0.209299
0.256489 , 0.228014 , 1
0.256489 , 0.302883 , 0.209299
0.256489 , 0.238866 , 1
0.256489 , 0.238866 , 0.265213
0.256489 , 0.281986 , 0.209299
0.256489 , 0.21367 , 0.173052
0.256489 , 0.21367 , 1
0.256489 , 0.251105 , 0.209299
0.256489 , 0.281986 , 0.265213
0.256489 , 0.251105 , 1
0.256489 , 0.228014 , 1
0.256489 , 0.257886 , 0.173052
0.256489 , 0.251105 , 1
0.256489 , 0.238866 , 0.173052
0.256489 , 0.257886 , 0.265213
0.256489 , 0.228014 , 0.265213
0.256489 , 0.251105 , 1
0.256489 , 0.251105 , 0.209299
0.256489 , 0.209299 , 0.265213
0.256489 , 0.257886 , 1
0.256489 , 0.265213 , 1
0.256489 , 0.265213 , 0.265213
0.256489 , 0.291783 , 0.209299
0.256489 , 0.251105 , 1
0.256489 , 0.233289 , 0.265213
0.256489 , 0.238866 , 0.209299
0.256489 , 0.257886 , 0.209299
0.256489 , 0.244787 , 1
0.256489 , 0.265213 , 0.265213
0.256489 , 0.238866 , 1
0.256489 , 0.273197 , 1
0.256489 , 0.257886 , 0.145031
