0.234379 , 0.244787 , 0.265213
0.234379 , 0.238866 , 1
0.234379 , 0.257886 , 1
0.234379 , 0.228014 , 0.173052
0.234379 , 0.233289 , 1
0.234379 , 0.218231 , 0.209299
0.234379 , 0.273197 , 1
0.234379 , 0.189753 , 0.265213
0.234379 , 0.257886 , 1
0.234379 , 0.251105 , 0.265213
0.234379 , 0.218231 , 0.209299
0.234379 , 0.209299 , 0.209299
0.234379 , 0.265213 , 0.265213
0.234379 , 0.209299 , 0.265213
0.234379 , 0.228014 , 1
0.234379 , 0.223004 , 0.265213
0.234379 , 0.238866 , 0.265213
0.234379 , 0.218231 , 0.265213
0.234379 , 0.223004 , 0.173052
0.234379 , 0.205101 , 1
0.234379 , 0.228014 , 0.265213
0.234379 , 0.273197 , 1
0.234379 , 0.244787 , 0.265213
0.234379 , 0.251105 , 0.209299
0.234379 , 0.257886 , 1
0.234379 , 0.291783 , 1
0.234379 , 0.228014 , 0.265213
0.234379 , 0.257886 , 0.265213
0.234379 , 0.205101 , 1
0.234379 , 0.228014 , 0.145031
0.234379 , 0.233289 , 1
0.234379 , 0.233289 , 1
0.234379 , 0.21367 , 1
0.234379 , 0.251105 , 0.265213
0.234379 , 0.244787 , 1
0.234379 , 0.223004 , 0.265213
0.234379 , 0.233289 , 0.173052
0.234379 , 0.244787 , 0.209299
0.234379 , 0.209299 , 0.265213
0.234379 , 0.223004 , 0.173052
0.234379 , 0.257886 , 0.209299
0.234379 , 0.257886 , 0.209299
0.234379 , 0.251105 , 0.209299
0.234379 , 0.251105 , 0.121479
0.234379 , 0.238866 , 0.265213
0.234379 , 0.223004 , 1
0.234379 , 0.302883 , 1
0.234379 , 0.265213 , 0.265213
0.234379 , 0.228014 , 0.265213
0.234379 , 0.251105 , 1
0.234379 , 0.244787 , 0.173052
0.234379 , 0.244787 , 1
0.234379 , 0.244787 , 0.265213
0.234379 , 0.201061 , 0.121479
0.234379 , 0.218231 , 0.265213
0.234379 , 0.238866 , 1
0.234379 , 0.193398 , 0.173052
0.234379 , 0.233289 , 0.209299
0.234379 , 0.233289 , 0.265213
0.234379 , 0.223004 , 0.265213
0.234379 , 0.244787 , 0.209299
0.234379 , 0.244787 , 0.173052
0.234379 , 0.244787 , 0.173052
0.234379 , 0.233289 , 0.173052
0.234379 , 0.218231 , 0.209299
0.234379 , 0.233289 , 0.209299
0.234379 , 0.265213 , 0.145031
0.234379 , 0.238866 , 0.100657
0.234379 , 0.244787 , 1
0.234379 , 0.233289 , 0.209299
0.234379 , 0.238866 , 0.265213
0.234379 , 0.315738 , 0.173052
0.234379 , 0.238866 , 0.265213
0.234379 , 0.251105 , 0.209299
0.234379 , 0.257886 , 1
0.234379 , 0.233289 , 0.265213
0.234379 , 0.228014 , 0.265213
0.234379 , 0.209299 , 1
0.234379 , 0.223004 , 1
0.234379 , 0.265213 , 0.209299
0.234379 , 0.238866 , 0.265213
0.234379 , 0.233289 , 0.209299
0.234379 , 0.257886 , 0.209299
0.234379 , 0.238866 , 0.265213
0.234379 , 0.257886 , 0.209299
0.234379 , 0.238866 , 0.209299
0.234379 , 0.251105 , 0.209299
0.234379 , 0.223004 , 0.209299
0.234379 , 0.233289 , 0.265213
0.234379 , 0.21367 , 0.265213
0.234379 , 0.251105 , 0.265213
0.234379 , 0.228014 , 1
0.234379 , 0.238866 , 1
0.234379 , 0.244787 , 0.265213
0.234379 , 0.233289 , 1
0.234379 , 0.233289 , 0.145031
0.234379 , 0.228014 , 0.209299
0.234379 , 0.244787 , 1
0.234379 , 0.21367 , 0.145031
0.234379 , 0.244787 , 0.209299
