0.239442 , 0.281986 , 0.265213
0.217766 , 0.205101 , 0.209299
0.242972 , 0.238866 , 0.265213
0.240022 , 0.244787 , 0.265213
0.224481 , 0.193398 , 0.209299
0.231145 , 0.233289 , 0.265213
0.269916 , 0.281986 , 1
0.244178 , 0.257886 , 0.209299
0.246638 , 0.244787 , 0.209299
0.240022 , 0.273197 , 0.209299
0.255113 , 0.238866 , 0.265213
0.223494 , 0.238866 , 0.265213
0.249164 , 0.257886 , 0.173052
0.22598 , 0.197164 , 0.209299
0.243573 , 0.228014 , 1
0.224481 , 0.233289 , 0.265213
0.231145 , 0.218231 , 0.173052
0.249164 , 0.302883 , 0.265213
0.238294 , 0.21367 , 1
0.21367 , 0.21367 , 0.209299
0.226992 , 0.233289 , 0.173052
0.212339 , 0.201061 , 0.209299
0.224481 , 0.21367 , 0.265213
0.242375 , 0.251105 , 1
0.264453 , 0.281986 , 0.209299
0.203062 , 0.201061 , 0.145031
0.238294 , 0.209299 , 0.209299
0.241781 , 0.257886 , 1
0.206344 , 0.189753 , 0.209299
0.249164 , 0.265213 , 0.265213
0.22598 , 0.228014 , 0.209299
0.23009 , 0.238866 , 0.121479
0.22598 , 0.223004 , 0.209299
0.21547 , 0.228014 , 0.209299
0.257886 , 0.244787 , 0.209299
0.248526 , 0.257886 , 0.265213
0.231145 , 0.273197 , 0.265213
0.249164 , 0.233289 , 1
0.238866 , 0.257886 , 0.265213
0.216841 , 0.244787 , 0.209299
0.237159 , 0.251105 , 1
0.247263 , 0.251105 , 1
0.234929 , 0.218231 , 0.209299
0.247893 , 0.228014 , 1
0.26598 , 0.238866 , 0.265213
0.231145 , 0.273197 , 0.173052
0.270725 , 0.233289 , 1
0.252422 , 0.238866 , 0.265213
0.242375 , 0.218231 , 0.209299
0.238294 , 0.244787 , 1
0.221548 , 0.21367 , 0.265213
0.247893 , 0.291783 , 0.209299
0.223986 , 0.257886 , 0.209299
0.231145 , 0.244787 , 0.209299
0.229047 , 0.228014 , 0.265213
0.239442 , 0.233289 , 0.265213
0.224978 , 0.265213 , 0.173052
0.248526 , 0.244787 , 0.209299
0.237159 , 0.251105 , 0.209299
0.230616 , 0.238866 , 1
0.215925 , 0.273197 , 0.145031
0.219168 , 0.223004 , 0.121479
0.266753 , 0.273197 , 1
0.237159 , 0.244787 , 0.173052
0.26221 , 0.244787 , 0.265213
0.240022 , 0.233289 , 1
0.248526 , 0.257886 , 0.265213
0.209299 , 0.233289 , 0.265213
0.237159 , 0.233289 , 0.265213
0.223494 , 0.218231 , 0.209299
0.232211 , 0.21367 , 1
0.248526 , 0.244787 , 1
0.246017 , 0.265213 , 0.209299
0.228529 , 0.21367 , 0.173052
0.242972 , 0.257886 , 1
0.237725 , 0.238866 , 0.209299
0.251761 , 0.218231 , 0.209299
0.23009 , 0.228014 , 0.173052
0.235482 , 0.218231 , 0.121479
0.265213 , 0.273197 , 0.265213
0.228529 , 0.251105 , 0.209299
0.223986 , 0.182791 , 0.265213
0.249807 , 0.291783 , 1
0.2454 , 0.273197 , 0.265213
0.216382 , 0.21367 , 0.209299
0.223986 , 0.21367 , 1
0.232749 , 0.209299 , 1
0.221548 , 0.281986 , 0.265213
0.279254 , 0.257886 , 1
0.229047 , 0.218231 , 0.265213
0.233833 , 0.223004 , 0.209299
0.222517 , 0.21367 , 1
0.205928 , 0.228014 , 0.121479
0.226992 , 0.21367 , 0.265213
0.241781 , 0.273197 , 1
0.237159 , 0.273197 , 0.145031
0.218698 , 0.218231 , 0.265213
0.233289 , 0.228014 , 0.209299
0.254433 , 0.257886 , 0.265213
0.217302 , 0.176213 , 0.265213
