0.251105 , 0.238866 , 0.265213
0.247893 , 0.233289 , 0.209299
0.273197 , 0.273197 , 1
0.269115 , 0.265213 , 0.209299
0.301703 , 0.331091 , 1
0.255798 , 0.302883 , 0.145031
0.283857 , 0.244787 , 1
0.283857 , 0.302883 , 0.265213
0.291783 , 0.350305 , 0.265213
0.248526 , 0.244787 , 0.209299
0.271542 , 0.315738 , 0.265213
0.260022 , 0.273197 , 0.173052
0.287727 , 0.350305 , 0.265213
0.261475 , 0.315738 , 1
0.293887 , 0.281986 , 0.265213
0.255113 , 0.251105 , 0.209299
0.284808 , 0.302883 , 1
0.247263 , 0.273197 , 0.209299
0.246638 , 0.265213 , 0.265213
0.282916 , 0.273197 , 1
0.286742 , 0.251105 , 0.265213
0.298262 , 0.291783 , 0.265213
0.275741 , 0.257886 , 1
0.266753 , 0.257886 , 0.265213
0.257886 , 0.257886 , 0.265213
0.276606 , 0.350305 , 1
0.28973 , 0.291783 , 0.265213
0.285769 , 0.350305 , 0.265213
0.288722 , 0.291783 , 0.265213
0.248526 , 0.244787 , 0.265213
0.287727 , 0.315738 , 0.265213
0.255113 , 0.244787 , 0.265213
0.269916 , 0.302883 , 1
0.305295 , 0.281986 , 1
0.294959 , 0.273197 , 0.265213
0.278362 , 0.273197 , 1
0.273197 , 0.273197 , 0.173052
0.271542 , 0.273197 , 0.209299
0.302883 , 0.331091 , 0.209299
0.278362 , 0.265213 , 1
0.286742 , 0.273197 , 1
0.26221 , 0.238866 , 0.265213
0.276606 , 0.265213 , 0.209299
0.253087 , 0.244787 , 0.145031
0.26221 , 0.238866 , 0.173052
0.284808 , 0.281986 , 0.209299
0.29075 , 0.251105 , 1
0.257184 , 0.302883 , 0.209299
0.285769 , 0.302883 , 0.209299
0.30054 , 0.350305 , 0.265213
0.273197 , 0.281986 , 0.209299
0.270725 , 0.251105 , 0.265213
0.261475 , 0.273197 , 1
0.265213 , 0.233289 , 0.265213
0.276606 , 0.315738 , 1
0.288722 , 0.291783 , 0.209299
0.267534 , 0.251105 , 1
0.246638 , 0.251105 , 0.209299
0.263699 , 0.281986 , 1
0.29075 , 0.331091 , 0.265213
0.273197 , 0.273197 , 1
0.26221 , 0.238866 , 0.265213
0.269115 , 0.233289 , 0.209299
0.251761 , 0.251105 , 1
0.282916 , 0.315738 , 0.265213
0.288722 , 0.291783 , 0.173052
0.267534 , 0.265213 , 1
0.255113 , 0.251105 , 1
0.26598 , 0.315738 , 0.173052
0.279254 , 0.291783 , 0.265213
0.309054 , 0.302883 , 1
0.250454 , 0.223004 , 0.145031
0.320037 , 0.350305 , 1
0.273197 , 0.291783 , 0.265213
0.269115 , 0.244787 , 0.265213
0.281065 , 0.265213 , 0.265213
0.274885 , 0.257886 , 0.265213
0.248526 , 0.223004 , 0.265213
0.282916 , 0.281986 , 1
0.259304 , 0.251105 , 1
0.262951 , 0.244787 , 0.265213
0.280155 , 0.315738 , 1
0.299393 , 0.273197 , 0.265213
0.285769 , 0.273197 , 1
0.293887 , 0.350305 , 0.265213
0.268321 , 0.291783 , 0.265213
0.27748 , 0.238866 , 0.265213
0.26598 , 0.257886 , 1
0.271542 , 0.281986 , 0.265213
0.259304 , 0.265213 , 0.209299
0.257184 , 0.251105 , 1
0.286742 , 0.331091 , 1
0.260022 , 0.238866 , 1
0.318578 , 0.350305 , 1
0.259304 , 0.265213 , 0.265213
0.288722 , 0.302883 , 1
0.257184 , 0.233289 , 0.209299
0.279254 , 0.281986 , 1
0.263699 , 0.281986 , 1
0.260022 , 0.265213 , 0.265213
