0.215925 , 0.193398 , 0.265213
0.213224 , 0.201061 , 0.265213
0.201458 , 0.179457 , 0.265213
0.197547 , 0.209299 , 0.173052
0.185526 , 0.176213 , 0.209299
0.212781 , 0.18622 , 1
0.199485 , 0.205101 , 0.265213
0.2076 , 0.189753 , 0.209299
0.179457 , 0.18622 , 0.145031
0.206761 , 0.218231 , 0.265213
0.224481 , 0.257886 , 0.265213
0.190834 , 0.223004 , 0.173052
0.205514 , 0.218231 , 0.209299
0.180447 , 0.189753 , 0.173052
0.202659 , 0.209299 , 0.209299
0.20027 , 0.201061 , 0.173052
0.204691 , 0.209299 , 0.173052
0.205514 , 0.21367 , 0.209299
0.219168 , 0.238866 , 0.265213
0.202257 , 0.205101 , 1
0.196021 , 0.223004 , 0.145031
0.18622 , 0.179457 , 0.173052
0.223004 , 0.223004 , 0.265213
0.200665 , 0.193398 , 0.265213
0.218231 , 0.197164 , 1
0.208872 , 0.228014 , 0.265213
0.214566 , 0.218231 , 0.173052
0.191561 , 0.189753 , 0.209299
0.185873 , 0.193398 , 0.0467815
0.229047 , 0.257886 , 0.265213
0.1964 , 0.18622 , 0.209299
0.214117 , 0.201061 , 0.265213
0.215925 , 0.205101 , 0.265213
0.189753 , 0.205101 , 0.209299
0.195265 , 0.189753 , 0.265213
0.223004 , 0.228014 , 0.121479
0.2119 , 0.228014 , 0.265213
0.204281 , 0.18622 , 0.265213
0.21964 , 0.223004 , 0.265213
0.20027 , 0.182791 , 0.209299
0.2076 , 0.205101 , 0.209299
0.192292 , 0.205101 , 0.209299
0.20027 , 0.205101 , 0.209299
0.191561 , 0.147593 , 0.173052
0.206761 , 0.189753 , 0.145031
0.208446 , 0.197164 , 0.265213
0.20718 , 0.197164 , 0.209299
0.208872 , 0.21367 , 0.145031
0.210591 , 0.193398 , 0.121479
0.193398 , 0.189753 , 0.265213
0.197932 , 0.228014 , 1
0.226992 , 0.218231 , 1
0.21367 , 0.205101 , 0.145031
0.217766 , 0.273197 , 0.209299
0.229567 , 0.244787 , 1
0.21547 , 0.257886 , 1
0.206344 , 0.223004 , 0.145031
0.198318 , 0.18622 , 0.145031
0.212339 , 0.189753 , 0.265213
0.204691 , 0.189753 , 0.265213
0.212339 , 0.244787 , 0.265213
0.205101 , 0.223004 , 0.173052
0.193398 , 0.193398 , 0.145031
0.242972 , 0.265213 , 0.209299
0.206344 , 0.197164 , 0.209299
0.209299 , 0.189753 , 0.209299
0.191561 , 0.18622 , 0.100657
0.20027 , 0.21367 , 1
0.221548 , 0.205101 , 0.173052
0.222031 , 0.223004 , 0.265213
0.216382 , 0.18622 , 0.173052
0.190834 , 0.21367 , 1
0.20027 , 0.182791 , 0.209299
0.197932 , 0.193398 , 0.265213
0.193028 , 0.218231 , 0.145031
0.191926 , 0.179457 , 0.265213
0.204281 , 0.21367 , 0.265213
0.188682 , 0.173052 , 0.145031
0.202659 , 0.228014 , 0.173052
0.226484 , 0.21367 , 0.265213
0.177824 , 0.18622 , 0.209299
0.201458 , 0.205101 , 0.265213
0.222031 , 0.228014 , 0.265213
0.20718 , 0.193398 , 1
0.185873 , 0.169968 , 0.265213
0.211026 , 0.21367 , 0.265213
0.2076 , 0.205101 , 0.209299
0.2119 , 0.233289 , 0.265213
0.208872 , 0.251105 , 0.0816118
0.201061 , 0.176213 , 0.209299
0.223004 , 0.21367 , 1
0.22059 , 0.218231 , 0.145031
0.205101 , 0.205101 , 0.173052
0.203873 , 0.182791 , 0.209299
0.190112 , 0.173052 , 0.265213
0.188682 , 0.176213 , 1
0.215925 , 0.233289 , 0.209299
0.190112 , 0.193398 , 0.265213
0.198318 , 0.193398 , 0.265213
0.21547 , 0.169968 , 0.173052
