0.275741 , 0.273197 , 0.265213
0.275741 , 0.273197 , 0.209299
0.275741 , 0.265213 , 1
0.275741 , 0.315738 , 0.265213
0.275741 , 0.233289 , 0.209299
0.275741 , 0.315738 , 1
0.275741 , 0.257886 , 1
0.275741 , 0.281986 , 0.209299
0.275741 , 0.281986 , 0.209299
0.275741 , 0.238866 , 0.265213
0.275741 , 0.291783 , 0.265213
0.275741 , 0.265213 , 0.265213
0.275741 , 0.315738 , 0.265213
0.275741 , 0.273197 , 1
0.275741 , 0.281986 , 0.265213
0.275741 , 0.273197 , 0.265213
0.275741 , 0.233289 , 0.209299
0.275741 , 0.273197 , 1
0.275741 , 0.257886 , 0.145031
0.275741 , 0.265213 , 1
0.275741 , 0.251105 , 1
0.275741 , 0.273197 , 0.265213
0.275741 , 0.265213 , 1
0.275741 , 0.273197 , 1
0.275741 , 0.281986 , 0.209299
0.275741 , 0.251105 , 1
0.275741 , 0.350305 , 0.265213
0.275741 , 0.281986 , 1
0.275741 , 0.291783 , 1
0.275741 , 0.265213 , 0.265213
0.275741 , 0.251105 , 1
0.275741 , 0.273197 , 0.265213
0.275741 , 0.291783 , 0.265213
0.275741 , 0.273197 , 0.265213
0.275741 , 0.273197 , 1
0.275741 , 0.291783 , 0.265213
0.275741 , 0.291783 , 0.265213
0.275741 , 0.315738 , 0.209299
0.275741 , 0.265213 , 0.265213
0.275741 , 0.281986 , 1
0.275741 , 0.273197 , 0.265213
0.275741 , 0.257886 , 0.209299
0.275741 , 0.273197 , 1
0.275741 , 0.315738 , 0.265213
0.275741 , 0.281986 , 1
0.275741 , 0.281986 , 0.209299
0.275741 , 0.244787 , 1
0.275741 , 0.238866 , 1
0.275741 , 0.302883 , 1
0.275741 , 0.273197 , 1
0.275741 , 0.273197 , 0.209299
0.275741 , 0.251105 , 0.265213
0.275741 , 0.265213 , 0.209299
0.275741 , 0.291783 , 0.265213
0.275741 , 0.302883 , 0.265213
0.275741 , 0.281986 , 0.265213
0.275741 , 0.257886 , 0.209299
0.275741 , 0.273197 , 0.265213
0.275741 , 0.257886 , 0.209299
0.275741 , 0.281986 , 1
0.275741 , 0.281986 , 1
0.275741 , 0.291783 , 0.265213
0.275741 , 0.331091 , 1
0.275741 , 0.257886 , 0.173052
0.275741 , 0.331091 , 0.265213
0.275741 , 0.257886 , 0.265213
0.275741 , 0.251105 , 0.209299
0.275741 , 0.281986 , 1
0.275741 , 0.265213 , 0.209299
0.275741 , 0.302883 , 0.209299
0.275741 , 0.257886 , 0.209299
0.275741 , 0.302883 , 0.173052
0.275741 , 0.281986 , 1
0.275741 , 0.244787 , 0.173052
0.275741 , 0.331091 , 0.265213
0.275741 , 0.291783 , 0.209299
0.275741 , 0.315738 , 1
0.275741 , 0.376355 , 1
0.275741 , 0.273197 , 0.209299
0.275741 , 0.257886 , 1
0.275741 , 0.257886 , 1
0.275741 , 0.331091 , 0.265213
0.275741 , 0.257886 , 0.265213
0.275741 , 0.302883 , 0.265213
0.275741 , 0.350305 , 0.265213
0.275741 , 0.291783 , 0.173052
0.275741 , 0.291783 , 0.265213
0.275741 , 0.251105 , 0.209299
0.275741 , 0.273197 , 1
0.275741 , 0.244787 , 1
0.275741 , 0.257886 , 0.265213
0.275741 , 0.315738 , 1
0.275741 , 0.281986 , 1
0.275741 , 0.273197 , 1
0.275741 , 0.315738 , 0.265213
0.275741 , 0.238866 , 1
0.275741 , 0.273197 , 0.209299
0.275741 , 0.302883 , 1
0.275741 , 0.350305 , 1
0.275741 , 0.350305 , 0.265213
