0.223986 , 0.21367 , 0.173052
0.223986 , 0.281986 , 0.209299
0.223986 , 0.281986 , 0.173052
0.223986 , 0.223004 , 0.265213
0.223986 , 0.238866 , 0.265213
0.223986 , 0.223004 , 0.265213
0.223986 , 0.193398 , 0.145031
0.223986 , 0.228014 , 0.265213
0.223986 , 0.233289 , 0.209299
0.223986 , 0.209299 , 0.173052
0.223986 , 0.238866 , 1
0.223986 , 0.21367 , 0.265213
0.223986 , 0.238866 , 0.265213
0.223986 , 0.244787 , 0.209299
0.223986 , 0.251105 , 1
0.223986 , 0.228014 , 0.145031
0.223986 , 0.244787 , 0.265213
0.223986 , 0.218231 , 0.265213
0.223986 , 0.233289 , 0.265213
0.223986 , 0.218231 , 0.265213
0.223986 , 0.218231 , 0.265213
0.223986 , 0.257886 , 1
0.223986 , 0.209299 , 1
0.223986 , 0.205101 , 0.209299
0.223986 , 0.238866 , 0.209299
0.223986 , 0.291783 , 0.265213
0.223986 , 0.228014 , 0.265213
0.223986 , 0.218231 , 0.145031
0.223986 , 0.21367 , 0.209299
0.223986 , 0.201061 , 1
0.223986 , 0.228014 , 1
0.223986 , 0.244787 , 0.209299
0.223986 , 0.228014 , 0.265213
0.223986 , 0.218231 , 1
0.223986 , 0.209299 , 0.209299
0.223986 , 0.21367 , 1
0.223986 , 0.223004 , 0.265213
0.223986 , 0.218231 , 1
0.223986 , 0.228014 , 0.209299
0.223986 , 0.218231 , 0.209299
0.223986 , 0.21367 , 0.265213
0.223986 , 0.218231 , 0.209299
0.223986 , 0.218231 , 0.209299
0.223986 , 0.257886 , 0.209299
0.223986 , 0.223004 , 0.209299
0.223986 , 0.228014 , 0.209299
0.223986 , 0.228014 , 0.121479
0.223986 , 0.209299 , 0.265213
0.223986 , 0.21367 , 1
0.223986 , 0.244787 , 0.265213
0.223986 , 0.251105 , 0.145031
0.223986 , 0.273197 , 1
0.223986 , 0.21367 , 0.209299
0.223986 , 0.205101 , 0.209299
0.223986 , 0.21367 , 1
0.223986 , 0.228014 , 0.265213
0.223986 , 0.21367 , 0.265213
0.223986 , 0.228014 , 0.209299
0.223986 , 0.244787 , 1
0.223986 , 0.218231 , 0.265213
0.223986 , 0.205101 , 0.209299
0.223986 , 0.218231 , 1
0.223986 , 0.233289 , 0.209299
0.223986 , 0.281986 , 0.209299
0.223986 , 0.223004 , 0.265213
0.223986 , 0.205101 , 1
0.223986 , 0.21367 , 0.265213
0.223986 , 0.228014 , 0.173052
0.223986 , 0.223004 , 0.173052
0.223986 , 0.251105 , 0.265213
0.223986 , 0.209299 , 0.145031
0.223986 , 0.228014 , 0.209299
0.223986 , 0.257886 , 1
0.223986 , 0.21367 , 1
0.223986 , 0.244787 , 1
0.223986 , 0.201061 , 1
0.223986 , 0.21367 , 0.173052
0.223986 , 0.228014 , 0.209299
0.223986 , 0.21367 , 0.265213
0.223986 , 0.223004 , 0.145031
0.223986 , 0.218231 , 0.265213
0.223986 , 0.251105 , 0.265213
0.223986 , 0.209299 , 0.265213
0.223986 , 0.238866 , 0.265213
0.223986 , 0.233289 , 0.121479
0.223986 , 0.228014 , 0.265213
0.223986 , 0.218231 , 0.209299
0.223986 , 0.218231 , 0.209299
0.223986 , 0.197164 , 0.173052
0.223986 , 0.218231 , 0.209299
0.223986 , 0.257886 , 1
0.223986 , 0.223004 , 0.209299
0.223986 , 0.244787 , 0.209299
0.223986 , 0.233289 , 0.209299
0.223986 , 0.257886 , 0.100657
0.223986 , 0.209299 , 0.265213
0.223986 , 0.223004 , 0.265213
0.223986 , 0.193398 , 1
0.223986 , 0.233289 , 0.209299
0.223986 , 0.205101 , 0.209299
