0.293887 , 0.302883 , 0.209299
0.293887 , 0.315738 , 1
0.293887 , 0.291783 , 0.265213
0.293887 , 0.376355 , 1
0.293887 , 0.302883 , 0.265213
0.293887 , 1 , 0.265213
0.293887 , 0.350305 , 1
0.293887 , 0.302883 , 0.209299
0.293887 , 0.302883 , 0.265213
0.293887 , 0.331091 , 1
0.293887 , 0.291783 , 1
0.293887 , 0.302883 , 1
0.293887 , 0.315738 , 1
0.293887 , 0.302883 , 1
0.293887 , 0.265213 , 0.265213
0.293887 , 0.238866 , 1
0.293887 , 0.315738 , 1
0.293887 , 0.302883 , 1
0.293887 , 0.376355 , 1
0.293887 , 0.331091 , 0.265213
0.293887 , 0.265213 , 0.265213
0.293887 , 0.281986 , 1
0.293887 , 0.315738 , 0.265213
0.293887 , 0.315738 , 1
0.293887 , 0.265213 , 0.209299
0.293887 , 0.251105 , 0.209299
0.293887 , 0.376355 , 1
0.293887 , 0.302883 , 1
0.293887 , 0.315738 , 0.265213
0.293887 , 0.331091 , 0.265213
0.293887 , 0.376355 , 0.265213
0.293887 , 0.281986 , 1
0.293887 , 0.331091 , 1
0.293887 , 0.302883 , 1
0.293887 , 0.315738 , 0.265213
0.293887 , 0.281986 , 1
0.293887 , 0.273197 , 0.265213
0.293887 , 0.265213 , 1
0.293887 , 0.291783 , 1
0.293887 , 0.281986 , 0.265213
0.293887 , 0.302883 , 1
0.293887 , 0.302883 , 1
0.293887 , 0.315738 , 1
0.293887 , 0.281986 , 0.173052
0.293887 , 0.302883 , 0.209299
0.293887 , 0.291783 , 1
0.293887 , 0.281986 , 1
0.293887 , 0.376355 , 1
0.293887 , 0.291783 , 0.265213
0.293887 , 0.281986 , 1
0.293887 , 0.302883 , 1
0.293887 , 0.350305 , 0.265213
0.293887 , 0.331091 , 1
0.293887 , 0.331091 , 0.265213
0.293887 , 0.315738 , 0.209299
0.293887 , 0.273197 , 0.265213
0.293887 , 0.350305 , 0.265213
0.293887 , 0.291783 , 0.265213
0.293887 , 0.273197 , 1
0.293887 , 0.273197 , 1
0.293887 , 0.251105 , 0.209299
0.293887 , 0.291783 , 1
0.293887 , 0.273197 , 1
0.293887 , 0.302883 , 0.209299
0.293887 , 0.273197 , 0.173052
0.293887 , 0.291783 , 1
0.293887 , 0.291783 , 0.265213
0.293887 , 0.302883 , 0.265213
0.293887 , 0.291783 , 0.209299
0.293887 , 0.291783 , 1
0.293887 , 0.265213 , 1
0.293887 , 0.265213 , 1
0.293887 , 0.244787 , 1
0.293887 , 0.291783 , 1
0.293887 , 0.302883 , 0.173052
0.293887 , 0.281986 , 1
0.293887 , 0.291783 , 0.209299
0.293887 , 0.315738 , 1
0.293887 , 0.331091 , 0.265213
0.293887 , 0.281986 , 1
0.293887 , 0.302883 , 1
0.293887 , 0.315738 , 1
0.293887 , 0.302883 , 0.265213
0.293887 , 0.291783 , 1
0.293887 , 0.331091 , 1
0.293887 , 0.315738 , 0.265213
0.293887 , 0.315738 , 1
0.293887 , 0.302883 , 1
0.293887 , 0.273197 , 0.265213
0.293887 , 0.281986 , 1
0.293887 , 0.315738 , 0.265213
0.293887 , 0.281986 , 0.265213
0.293887 , 0.315738 , 1
0.293887 , 0.273197 , 0.209299
0.293887 , 0.291783 , 1
0.293887 , 0.281986 , 0.265213
0.293887 , 0.265213 , 0.265213
0.293887 , 0.257886 , 0.265213
0.293887 , 0.273197 , 1
0.293887 , 0.291783 , 0.265213
