0.0122635 , 0.0122635
0.0097932 , 0.0097932
0.00925308 , 0.00925308
0.00703838 , 0.00703838
0.00790983 , 0.00790983
0.0109097 , 0.0109097
0.00658191 , 0.00658191
0.00975766 , 0.00975766
0.0119962 , 0.0119962
0.0057669 , 0.0057669
0.00866254 , 0.00866254
0.010735 , 0.010735
0.0137663 , 0.0137663
0.00836725 , 0.00836725
0.00814026 , 0.00814026
0.00985278 , 0.00985278
0.0102195 , 0.0102195
0.00952451 , 0.00952451
0.0115885 , 0.0115885
0.0119192 , 0.0119192
0.00815976 , 0.00815976
0.0107617 , 0.0107617
0.0074762 , 0.0074762
0.00910968 , 0.00910968
0.0111578 , 0.0111578
0.00812082 , 0.00812082
0.00945582 , 0.00945582
0.00879839 , 0.00879839
0.00981698 , 0.00981698
0.0072282 , 0.0072282
0.0125563 , 0.0125563
0.0100341 , 0.0100341
0.0145283 , 0.0145283
0.00938769 , 0.00938769
0.00879839 , 0.00879839
0.00736901 , 0.00736901
0.0145704 , 0.0145704
0.0108826 , 0.0108826
0.0124086 , 0.0124086
0.0113704 , 0.0113704
0.00998537 , 0.00998537
0.00745824 , 0.00745824
0.00802425 , 0.00802425
0.00912062 , 0.00912062
0.00763962 , 0.00763962
0.010512 , 0.010512
0.00913158 , 0.00913158
0.00728951 , 0.00728951
0.00612614 , 0.00612614
0.00861088 , 0.00861088
0.0103708 , 0.0103708
0.00996111 , 0.00996111
0.00492443 , 0.00492443
0.00675327 , 0.00675327
0.0126228 , 0.0126228
0.0104733 , 0.0104733
0.0196588 , 0.0196588
0.00998537 , 0.00998537
0.010775 , 0.010775
0.0089151 , 0.0089151
0.0159202 , 0.0159202
0.0135395 , 0.0135395
0.0109097 , 0.0109097
0.0182271 , 0.0182271
0.00756659 , 0.00756659
0.0112989 , 0.0112989
0.00650954 , 0.00650954
0.00753937 , 0.00753937
0.00723693 , 0.00723693
0.0105509 , 0.0105509
0.0108152 , 0.0108152
0.0107483 , 0.0107483
0.00885124 , 0.00885124
0.00708115 , 0.00708115
0.00912062 , 0.00912062
0.00707258 , 0.00707258
0.00718468 , 0.00718468
0.00881949 , 0.00881949
0.0183263 , 0.0183263
0.0079955 , 0.0079955
0.0109779 , 0.0109779
0.0120117 , 0.0120117
0.0121209 , 0.0121209
0.00992484 , 0.00992484
0.00769481 , 0.00769481
0.00485845 , 0.00485845
0.00924196 , 0.00924196
0.010512 , 0.010512
0.0112281 , 0.0112281
0.00753937 , 0.00753937
0.0131038 , 0.0131038
0.0108018 , 0.0108018
0.0101448 , 0.0101448
0.0119653 , 0.0119653
0.00873542 , 0.00873542
0.0101448 , 0.0101448
0.00605002 , 0.00605002
0.00941034 , 0.00941034
0.00705546 , 0.00705546
0.00933134 , 0.00933134
