0.0109823 , 0.0109823
0.00642457 , 0.00642457
0.023493 , 0.023493
0.0105111 , 0.0105111
0.00899257 , 0.00899257
0.00958373 , 0.00958373
0.00769171 , 0.00769171
0.00864007 , 0.00864007
0.0117758 , 0.0117758
0.012638 , 0.012638
0.0131892 , 0.0131892
0.00740934 , 0.00740934
0.0063026 , 0.0063026
0.00666743 , 0.00666743
0.0137673 , 0.0137673
0.00627245 , 0.00627245
0.0115061 , 0.0115061
0.0106113 , 0.0106113
0.0113269 , 0.0113269
0.0168852 , 0.0168852
0.00817397 , 0.00817397
0.00900389 , 0.00900389
0.00919939 , 0.00919939
0.00655665 , 0.00655665
0.0117758 , 0.0117758
0.00767312 , 0.00767312
0.0066039 , 0.0066039
0.0115227 , 0.0115227
0.00921107 , 0.00921107
0.010772 , 0.010772
0.0158531 , 0.0158531
0.0157897 , 0.0157897
0.0116904 , 0.0116904
0.0125601 , 0.0125601
0.0111524 , 0.0111524
0.00645541 , 0.00645541
0.0103012 , 0.0103012
0.00899257 , 0.00899257
0.00761768 , 0.00761768
0.0181092 , 0.0181092
0.0122758 , 0.0122758
0.0127367 , 0.0127367
0.0063253 , 0.0063253
0.012111 , 0.012111
0.00968339 , 0.00968339
0.017592 , 0.017592
0.00894747 , 0.00894747
0.00819401 , 0.00819401
0.0140764 , 0.0140764
0.0111056 , 0.0111056
0.0108914 , 0.0108914
0.00848105 , 0.00848105
0.00862935 , 0.00862935
0.00957138 , 0.00957138
0.015245 , 0.015245
0.016418 , 0.016418
0.0158213 , 0.0158213
0.016047 , 0.016047
0.0173479 , 0.0173479
0.0117586 , 0.0117586
0.0123504 , 0.0123504
0.0106403 , 0.0106403
0.0192841 , 0.0192841
0.0115892 , 0.0115892
0.0113753 , 0.0113753
0.0075263 , 0.0075263
0.00870476 , 0.00870476
0.00725072 , 0.00725072
0.0103565 , 0.0103565
0.00893625 , 0.00893625
0.0159493 , 0.0159493
0.0129797 , 0.0129797
0.00491619 , 0.00491619
0.00983574 , 0.00983574
0.0122021 , 0.0122021
0.00848105 , 0.00848105
0.00900389 , 0.00900389
0.00973379 , 0.00973379
0.0100577 , 0.0100577
0.00823427 , 0.00823427
0.00589957 , 0.00589957
0.0100445 , 0.0100445
0.00568958 , 0.00568958
0.0066039 , 0.0066039
0.00892504 , 0.00892504
0.00973379 , 0.00973379
0.012313 , 0.012313
0.0202028 , 0.0202028
0.00814403 , 0.00814403
0.0115061 , 0.0115061
0.00839777 , 0.00839777
0.0109976 , 0.0109976
0.00798657 , 0.00798657
0.012111 , 0.012111
0.00834624 , 0.00834624
0.0194469 , 0.0194469
0.0154815 , 0.0154815
0.00579375 , 0.00579375
0.0127566 , 0.0127566
0.00580776 , 0.00580776
