0.00763648 , 0.0305987
0.0112641 , 0.0332025
0.0109465 , 0.0329738
0.0109465 , 0.0329738
0.0112005 , 0.0331567
0.0109465 , 0.0329738
0.0097479 , 0.0321123
0.0105665 , 0.0327005
0.00912248 , 0.0316634
0.0126731 , 0.0342183
0.0127376 , 0.0342649
0.0104402 , 0.0326097
0.00850075 , 0.0312177
0.00837684 , 0.0311289
0.0097479 , 0.0321123
0.0133846 , 0.0347323
0.0117744 , 0.03357
0.0101249 , 0.0323831
0.0086248 , 0.0313066
0.012287 , 0.0339397
0.010693 , 0.0327915
0.0148216 , 0.0357727
0.0129313 , 0.0344047
0.00659657 , 0.029855
0.0110099 , 0.0330195
0.00708464 , 0.0302039
0.00962252 , 0.0320223
0.0125443 , 0.0341253
0.00617139 , 0.0295512
0.00800601 , 0.0308632
0.00949729 , 0.0319324
0.00605024 , 0.0294647
0.0113278 , 0.0332483
0.00617139 , 0.0295512
0.010693 , 0.0327915
0.00538643 , 0.0289909
0.0105665 , 0.0327005
0.00943473 , 0.0318875
0.00819126 , 0.0309959
0.0168121 , 0.0372192
0.00949729 , 0.0319324
0.0112641 , 0.0332025
0.010062 , 0.0323379
0.0156135 , 0.0363474
0.00641413 , 0.0297246
0.00999911 , 0.0322927
0.0120304 , 0.0337546
0.00419048 , 0.0281381
0.0086248 , 0.0313066
0.0063534 , 0.0296813
0.00800601 , 0.0308632
0.0116466 , 0.0334779
0.00924727 , 0.0317529
0.00856276 , 0.0312621
0.010314 , 0.032519
0.0110734 , 0.0330652
0.0123513 , 0.033986
0.0113915 , 0.0332942
0.00598971 , 0.0294215
0.0119663 , 0.0337084
0.0136445 , 0.0349202
0.0126731 , 0.0342183
0.00831495 , 0.0310845
0.0132549 , 0.0346385
0.015019 , 0.0359159
0.00924727 , 0.0317529
0.0115827 , 0.033432
0.0063534 , 0.0296813
0.0128021 , 0.0343114
0.00605024 , 0.0294647
0.00906014 , 0.0316187
0.0127376 , 0.0342649
0.00918486 , 0.0317082
0.00775951 , 0.0306868
0.0102509 , 0.0324736
0.0113278 , 0.0332483
0.00924727 , 0.0317529
0.00605024 , 0.0294647
0.0102509 , 0.0324736
0.015415 , 0.0362033
0.00598971 , 0.0294215
0.00943473 , 0.0318875
0.00732954 , 0.0303791
0.00887335 , 0.0314847
0.010062 , 0.0323379
0.0112005 , 0.0331567
0.0105665 , 0.0327005
0.0146902 , 0.0356774
0.0104402 , 0.0326097
0.0117104 , 0.033524
0.0131253 , 0.0345449
0.0101249 , 0.0323831
0.0125443 , 0.0341253
0.00806772 , 0.0309074
0.00677932 , 0.0299856
0.0112005 , 0.0331567
0.0069624 , 0.0301165
0.0101879 , 0.0324284
0.0189756 , 0.0387989
0.0097479 , 0.0321123
