0.00575144 , 0.00575144
0.010913 , 0.010913
1 , 1
0.00954339 , 0.00954339
0.0175495 , 0.0175495
0.00737284 , 0.00737284
0.00876793 , 0.00876793
0.00945807 , 0.00945807
0.00858048 , 0.00858048
0.0115995 , 0.0115995
0.0168541 , 0.0168541
0.00754442 , 0.00754442
0.00963073 , 0.00963073
1 , 1
1 , 1
0.00749458 , 0.00749458
0.00898392 , 0.00898392
0.00714078 , 0.00714078
0.0126395 , 0.0126395
0.010913 , 0.010913
1 , 1
0.0202647 , 0.0202647
0.012793 , 0.012793
0.0101267 , 0.0101267
0.0211762 , 0.0211762
0.00512778 , 0.00512778
0.00878546 , 0.00878546
0.0102293 , 0.0102293
1 , 1
0.00983518 , 0.00983518
0.00693308 , 0.00693308
0.01269 , 0.01269
0.00931336 , 0.00931336
0.0125407 , 0.0125407
0.00983518 , 0.00983518
0.0147469 , 0.0147469
1 , 1
0.00937469 , 0.00937469
0.0153241 , 0.0153241
0.0166991 , 0.0166991
1 , 1
0.00755699 , 0.00755699
1 , 1
0.00915466 , 0.00915466
0.00983518 , 0.00983518
0.00756959 , 0.00756959
0.0166991 , 0.0166991
0.0103081 , 0.0103081
0.0138097 , 0.0138097
0.0077641 , 0.0077641
0.010527 , 0.010527
0.00784487 , 0.00784487
0.00762047 , 0.00762047
0.00586909 , 0.00586909
0.0152214 , 0.0152214
0.00871586 , 0.00871586
0.00950049 , 0.00950049
1 , 1
0.00704094 , 0.00704094
0.0061764 , 0.0061764
1 , 1
0.020692 , 0.020692
0.0139502 , 0.0139502
0.0165504 , 0.0165504
0.00660768 , 0.00660768
0.00787219 , 0.00787219
0.00753189 , 0.00753189
0.0123046 , 0.0123046
0.00574373 , 0.00574373
0.011073 , 0.011073
1 , 1
1 , 1
0.0108819 , 0.0108819
0.0131206 , 0.0131206
0.00709607 , 0.00709607
1 , 1
0.00829292 , 0.00829292
0.0150242 , 0.0150242
1 , 1
0.0078585 , 0.0078585
0.0164076 , 0.0164076
0.00988219 , 0.00988219
0.0154298 , 0.0154298
0.0166991 , 0.0166991
0.0100765 , 0.0100765
0.00780426 , 0.00780426
0.0103887 , 0.0103887
0.0105838 , 0.0105838
0.010913 , 0.010913
0.00640874 , 0.00640874
0.0158861 , 0.0158861
1 , 1
0.00925305 , 0.00925305
0.00818688 , 0.00818688
0.00600712 , 0.00600712
0.0139502 , 0.0139502
0.0121261 , 0.0121261
0.00622873 , 0.00622873
0.00509532 , 0.00509532
0.0124444 , 0.0124444
