0.00968898 , 0.00968898
0.0104798 , 0.0104798
0.0168099 , 0.0168099
0.00682662 , 0.00682662
0.0101529 , 0.0101529
1 , 1
0.0142012 , 0.0142012
0.0175999 , 0.0175999
1 , 1
0.00794219 , 0.00794219
0.0124373 , 0.0124373
0.00940397 , 0.00940397
0.00842267 , 0.00842267
0.00918774 , 0.00918774
0.00808918 , 0.00808918
0.0118682 , 0.0118682
1 , 1
0.00815665 , 0.00815665
0.0136196 , 0.0136196
0.0186422 , 0.0186422
0.0150418 , 0.0150418
0.00911869 , 0.00911869
0.0079743 , 0.0079743
0.00630964 , 0.00630964
0.020907 , 0.020907
1 , 1
0.014779 , 0.014779
1 , 1
0.00977117 , 0.00977117
0.00881421 , 0.00881421
0.008652 , 0.008652
0.0108045 , 0.0108045
0.0108426 , 0.0108426
0.00813966 , 0.00813966
0.0156403 , 0.0156403
0.0104457 , 0.0104457
1 , 1
0.00921108 , 0.00921108
1 , 1
1 , 1
0.0119209 , 0.0119209
0.00859317 , 0.00859317
0.0106202 , 0.0106202
1 , 1
0.0127635 , 0.0127635
0.00597528 , 0.00597528
0.0163722 , 0.0163722
0.00581151 , 0.00581151
0.00708777 , 0.00708777
0.0125 , 0.0125
1 , 1
0.0135319 , 0.0135319
1 , 1
0.011715 , 0.011715
0.00597528 , 0.00597528
0.00783221 , 0.00783221
0.008652 , 0.008652
0.00940397 , 0.00940397
1 , 1
0.00991284 , 0.00991284
0.00696651 , 0.00696651
0.0121978 , 0.0121978
0.00940397 , 0.00940397
0.00979902 , 0.00979902
1 , 1
1 , 1
1 , 1
0.0129035 , 0.0129035
0.0132028 , 0.0132028
0.0105144 , 0.0105144
0.00741182 , 0.00741182
0.00670336 , 0.00670336
0.0132821 , 0.0132821
0.0109996 , 0.0109996
1 , 1
0.00977117 , 0.00977117
0.0126291 , 0.0126291
0.00849737 , 0.00849737
0.0096353 , 0.0096353
1 , 1
0.00658451 , 0.00658451
0.0124373 , 0.0124373
0.0114283 , 0.0114283
0.0150418 , 0.0150418
0.00883505 , 0.00883505
0.0201785 , 0.0201785
1 , 1
0.009454 , 0.009454
0.00851631 , 0.00851631
0.011207 , 0.011207
0.00524804 , 0.00524804
0.00324848 , 0.00324848
0.00869182 , 0.00869182
0.0143089 , 0.0143089
0.00905104 , 0.00905104
1 , 1
1 , 1
1 , 1
0.00555269 , 0.00555269
1 , 1
