0.00880665 , 0.012844
0.0137139 , 0.0172581
0.00903736 , 0.0130507
0.00794266 , 0.0120704
0.00740707 , 0.0115913
0.00459123 , 0.00907771
0.0105967 , 0.01445
0.0113767 , 0.0151512
0.0137139 , 0.0172581
0.0157333 , 0.0190857
0.012451 , 0.0161186
0.00834943 , 0.0124345
0.0114507 , 0.0152177
0.00992724 , 0.0138488
0.00990355 , 0.0138276
0.0107902 , 0.0146238
0.0111068 , 0.0149084
0.00892183 , 0.0129472
0.0101888 , 0.0140836
0.00862309 , 0.0126796
0.00821335 , 0.0123127
0.00586611 , 0.0102148
0.0105726 , 0.0144283
0.0130128 , 0.0166251
0.0105726 , 0.0144283
0.0107417 , 0.0145803
0.0104763 , 0.0143418
0.00783044 , 0.01197
0.0092695 , 0.0132588
0.013557 , 0.0171163
0.00924622 , 0.013238
0.0121733 , 0.0158683
0.0107902 , 0.0146238
0.00892183 , 0.0129472
0.0120226 , 0.0157326
0.0113275 , 0.0151069
0.00821335 , 0.0123127
0.010645 , 0.0144933
0.010645 , 0.0144933
0.00731855 , 0.0115122
0.0113029 , 0.0150848
0.00976172 , 0.0137003
0.0101173 , 0.0140194
0.00780804 , 0.01195
0.00901423 , 0.01303
0.00978532 , 0.0137215
0.0132969 , 0.0168815
0.0122488 , 0.0159363
0.00801015 , 0.0121308
0.00985622 , 0.0137851
0.0141357 , 0.0176392
0.0121984 , 0.0158909
0.00810032 , 0.0122115
0.00873771 , 0.0127822
0.00670467 , 0.0109635
0.00880665 , 0.012844
0.0110335 , 0.0148425
0.0104042 , 0.014277
0.0139242 , 0.0174481
0.00778565 , 0.0119299
0.0118975 , 0.01562
0.0130385 , 0.0166483
0.0123751 , 0.0160501
0.0148584 , 0.018293
0.0106933 , 0.0145368
0.00696653 , 0.0111975
0.00903736 , 0.0130507
0.00731855 , 0.0115122
0.0100222 , 0.013934
0.00512929 , 0.00955741
0.00819072 , 0.0122924
0.0086689 , 0.0127206
0.00814549 , 0.0122519
0.0138716 , 0.0174005
0.0143484 , 0.0178315
0.00618641 , 0.0105007
0.00794266 , 0.0120704
0.0104042 , 0.014277
0.00614354 , 0.0104624
0.00821335 , 0.0123127
0.00983257 , 0.0137639
0.0113521 , 0.0151291
0.00709815 , 0.0113151
0.00969101 , 0.0136368
0.00969101 , 0.0136368
0.00880665 , 0.012844
0.00521276 , 0.00963186
0.0100222 , 0.013934
0.0127309 , 0.0163708
0.00692276 , 0.0111584
0.0124004 , 0.0160729
0.0103802 , 0.0142555
0.00696653 , 0.0111975
0.0063153 , 0.0106158
0.00952653 , 0.0134893
0.0081229 , 0.0122317
0.0113029 , 0.0150848
0.0144284 , 0.0179039
0.00990355 , 0.0138276
0.0102366 , 0.0141265
