0.0104792 , 0.0104792
0.0114876 , 0.0114876
1 , 1
0.00972537 , 0.00972537
1 , 1
0.0108431 , 0.0108431
0.00926268 , 0.00926268
0.00946979 , 0.00946979
0.0102723 , 0.0102723
0.00965941 , 0.00965941
1 , 1
1 , 1
0.00743344 , 0.00743344
1 , 1
1 , 1
0.013223 , 0.013223
0.0198794 , 0.0198794
0.0104792 , 0.0104792
0.00737174 , 0.00737174
0.00723736 , 0.00723736
1 , 1
1 , 1
0.0112021 , 0.0112021
1 , 1
0.00893774 , 0.00893774
0.00965941 , 0.00965941
0.00940915 , 0.00940915
0.0139438 , 0.0139438
0.0114876 , 0.0114876
0.0065952 , 0.0065952
0.0114876 , 0.0114876
1 , 1
0.0100415 , 0.0100415
0.00634605 , 0.00634605
1 , 1
0.00731127 , 0.00731127
0.0102326 , 0.0102326
1 , 1
0.00585549 , 0.00585549
1 , 1
0.00672793 , 0.00672793
0.00819128 , 0.00819128
0.0056243 , 0.0056243
0.011043 , 0.011043
0.00777986 , 0.00777986
0.00516459 , 0.00516459
0.0169619 , 0.0169619
0.00740243 , 0.00740243
0.0129186 , 0.0129186
1 , 1
0.00623926 , 0.00623926
0.0056243 , 0.0056243
0.0093497 , 0.0093497
0.00896352 , 0.00896352
0.0111481 , 0.0111481
0.00716521 , 0.00716521
1 , 1
1 , 1
0.00771074 , 0.00771074
0.0152935 , 0.0152935
0.00929141 , 0.00929141
0.00893774 , 0.00893774
1 , 1
1 , 1
1 , 1
0.00850789 , 0.00850789
0.0115482 , 0.0115482
0.00682827 , 0.00682827
1 , 1
0.0104792 , 0.0104792
1 , 1
1 , 1
0.00829316 , 0.00829316
0.0115482 , 0.0115482
0.0110951 , 0.0110951
0.00746477 , 0.00746477
1 , 1
0.00756077 , 0.00756077
1 , 1
1 , 1
1 , 1
1 , 1
1 , 1
0.00624977 , 0.00624977
1 , 1
0.0110951 , 0.0110951
0.0147139 , 0.0147139
1 , 1
0.00829316 , 0.00829316
0.0109917 , 0.0109917
1 , 1
1 , 1
0.00815147 , 0.00815147
1 , 1
0.00606595 , 0.00606595
1 , 1
1 , 1
0.00829316 , 0.00829316
1 , 1
1 , 1
