0.00869887 , 0.00869887
1 , 1
1 , 1
1 , 1
0.0106342 , 0.0106342
1 , 1
1 , 1
1 , 1
0.00655746 , 0.00655746
0.007917 , 0.007917
1 , 1
0.0101118 , 0.0101118
0.0100535 , 0.0100535
1 , 1
1 , 1
1 , 1
0.00914194 , 0.00914194
0.0178685 , 0.0178685
1 , 1
1 , 1
1 , 1
0.00891078 , 0.00891078
0.00914194 , 0.00914194
1 , 1
1 , 1
0.00525539 , 0.00525539
1 , 1
1 , 1
1 , 1
0.00809783 , 0.00809783
1 , 1
1 , 1
1 , 1
1 , 1
0.00641511 , 0.00641511
0.0086652 , 0.0086652
1 , 1
0.0118113 , 0.0118113
1 , 1
1 , 1
1 , 1
1 , 1
0.00894788 , 0.00894788
0.0072417 , 0.0072417
1 , 1
1 , 1
1 , 1
0.00522914 , 0.00522914
1 , 1
1 , 1
1 , 1
1 , 1
1 , 1
1 , 1
1 , 1
0.0106342 , 0.0106342
1 , 1
0.00887422 , 0.00887422
1 , 1
1 , 1
1 , 1
1 , 1
0.00756792 , 0.00756792
1 , 1
1 , 1
1 , 1
1 , 1
1 , 1
0.00599476 , 0.00599476
1 , 1
0.0168469 , 0.0168469
1 , 1
0.0080712 , 0.0080712
1 , 1
1 , 1
1 , 1
1 , 1
1 , 1
1 , 1
1 , 1
1 , 1
1 , 1
1 , 1
1 , 1
0.00425018 , 0.00425018
0.0104255 , 0.0104255
0.0147086 , 0.0147086
1 , 1
0.00569582 , 0.00569582
0.00537237 , 0.00537237
1 , 1
0.00705714 , 0.00705714
1 , 1
0.0073592 , 0.0073592
1 , 1
1 , 1
0.00733924 , 0.00733924
1 , 1
1 , 1
1 , 1
