0.0114448 , 0.0114448
1 , 1
1 , 1
0.00868692 , 0.00868692
1 , 1
0.00789826 , 0.00789826
0.0110819 , 0.0110819
1 , 1
1 , 1
1 , 1
1 , 1
0.00621618 , 0.00621618
1 , 1
1 , 1
1 , 1
1 , 1
1 , 1
1 , 1
1 , 1
0.0113175 , 0.0113175
0.00481645 , 0.00481645
0.00795732 , 0.00795732
1 , 1
1 , 1
1 , 1
1 , 1
0.0114448 , 0.0114448
1 , 1
1 , 1
0.00715371 , 0.00715371
0.00482441 , 0.00482441
1 , 1
0.00798741 , 0.00798741
1 , 1
1 , 1
1 , 1
0.0110819 , 0.0110819
1 , 1
1 , 1
1 , 1
0.00436191 , 0.00436191
0.0100171 , 0.0100171
1 , 1
0.00644167 , 0.00644167
1 , 1
0.00908483 , 0.00908483
1 , 1
1 , 1
1 , 1
1 , 1
0.00956352 , 0.00956352
1 , 1
1 , 1
1 , 1
0.00689187 , 0.00689187
1 , 1
1 , 1
1 , 1
1 , 1
0.00674403 , 0.00674403
1 , 1
0.00968447 , 0.00968447
0.00804876 , 0.00804876
1 , 1
1 , 1
1 , 1
1 , 1
1 , 1
1 , 1
1 , 1
1 , 1
1 , 1
1 , 1
1 , 1
1 , 1
1 , 1
1 , 1
1 , 1
0.00523252 , 0.00523252
1 , 1
1 , 1
0.0109723 , 0.0109723
1 , 1
1 , 1
1 , 1
1 , 1
1 , 1
1 , 1
1 , 1
1 , 1
1 , 1
1 , 1
1 , 1
0.00453909 , 0.00453909
0.00641034 , 0.00641034
1 , 1
0.00366171 , 0.00366171
1 , 1
1 , 1
1 , 1
