1 , 1
1 , 1
0.00425786 , 0.00425786
0.0137099 , 0.0137099
1 , 1
1 , 1
1 , 1
1 , 1
1 , 1
1 , 1
1 , 1
1 , 1
1 , 1
0.0159647 , 0.0159647
1 , 1
1 , 1
1 , 1
1 , 1
1 , 1
1 , 1
0.0114499 , 0.0114499
0.00617108 , 0.00617108
1 , 1
0.00980403 , 0.00980403
1 , 1
0.00669639 , 0.00669639
1 , 1
1 , 1
1 , 1
1 , 1
1 , 1
1 , 1
0.0137099 , 0.0137099
1 , 1
0.00822368 , 0.00822368
1 , 1
0.00269128 , 0.00269128
1 , 1
0.00449065 , 0.00449065
1 , 1
0.0103973 , 0.0103973
1 , 1
1 , 1
1 , 1
1 , 1
1 , 1
1 , 1
0.00990984 , 0.00990984
1 , 1
1 , 1
1 , 1
1 , 1
1 , 1
0.00508448 , 0.00508448
1 , 1
1 , 1
0.0096074 , 0.0096074
1 , 1
1 , 1
0.00990984 , 0.00990984
0.00671951 , 0.00671951
1 , 1
0.00626231 , 0.00626231
1 , 1
1 , 1
1 , 1
1 , 1
1 , 1
0.0145427 , 0.0145427
1 , 1
1 , 1
1 , 1
1 , 1
1 , 1
1 , 1
1 , 1
1 , 1
1 , 1
1 , 1
1 , 1
1 , 1
1 , 1
1 , 1
1 , 1
1 , 1
1 , 1
1 , 1
1 , 1
0.0116925 , 0.0116925
1 , 1
1 , 1
1 , 1
1 , 1
1 , 1
1 , 1
1 , 1
1 , 1
1 , 1
1 , 1
1 , 1
