0.0101989 , 0.010222
0.0101133 , 0.0101366
0.00629175 , 0.00632496
0.00715537 , 0.00718605
0.0102357 , 0.0102588
0.0113756 , 0.0113964
0.00931433 , 0.0093395
0.00549788 , 0.0055336
0.011053 , 0.0110744
0.0101499 , 0.0101732
0.0135525 , 0.0135696
0.0134371 , 0.0134543
0.00832733 , 0.00835488
0.00754547 , 0.00757508
0.0151552 , 0.0151699
0.011835 , 0.0118549
0.0144681 , 0.0144838
0.0114029 , 0.0114237
0.00970666 , 0.00973093
0.00945124 , 0.00947608
0.00928037 , 0.00930561
0.00883708 , 0.00886337
0.00998009 , 0.0100038
0.0103099 , 0.0103328
0.0096832 , 0.00970752
0.00952032 , 0.00954501
0.00783977 , 0.00786858
0.00766227 , 0.00769155
0.0118634 , 0.0118833
0.0134043 , 0.0134216
0.00729652 , 0.00732681
0.00868599 , 0.00871265
0.00805047 , 0.00807873
0.0122254 , 0.0122447
0.0142895 , 0.0143054
0.0116797 , 0.0117
0.0103347 , 0.0103576
0.00548982 , 0.00552556
0.01305 , 0.0130678
0.00684185 , 0.00687343
0.00877208 , 0.00879853
0.0113756 , 0.0113964
0.0106241 , 0.0106464
0.00971841 , 0.00974266
0.0107653 , 0.0107873
0.00583365 , 0.00586828
0.00848415 , 0.0085113
0.00748753 , 0.00751729
0.00654571 , 0.00657815
0.00815221 , 0.00818021
0.00822399 , 0.0082518
0.0111328 , 0.011154
0.0124035 , 0.0124224
0.00836893 , 0.00839638
0.00687829 , 0.00690976
0.00835852 , 0.00838599
0.0103595 , 0.0103824
0.00754547 , 0.00757508
0.0116238 , 0.0116441
0.00911207 , 0.00913771
0.00769165 , 0.00772086
0.0127993 , 0.0128175
0.00855809 , 0.00858506
0.0118777 , 0.0118975
0.0126607 , 0.0126791
0.00765249 , 0.0076818
0.0096481 , 0.0096725
0.0132097 , 0.0132272
0.0113347 , 0.0113556
0.010447 , 0.0104697
0.0116657 , 0.011686
0.0122845 , 0.0123036
0.0109869 , 0.0110085
0.0144861 , 0.0145018
0.008142 , 0.00817002
0.00785966 , 0.00788842
0.00889154 , 0.0089177
0.0108041 , 0.010826
0.0119349 , 0.0119547
0.00733447 , 0.00736465
0.00798986 , 0.00801828
0.0151744 , 0.015189
0.0125086 , 0.0125274
0.0101743 , 0.0101976
0.0109475 , 0.0109691
0.0111061 , 0.0111274
0.0157655 , 0.0157794
0.00899024 , 0.00901617
0.0124785 , 0.0124973
0.0105859 , 0.0106083
0.0141486 , 0.0141647
0.00965979 , 0.00968416
0.0094283 , 0.0094532
0.00779018 , 0.00781912
0.0114029 , 0.0114237
0.0080606 , 0.00808884
0.0100163 , 0.0100398
0.00780999 , 0.00783888
0.00790956 , 0.00793819
0.0124785 , 0.0124973
