0.0598045 , 0.11363
0.064022 , 0.114501
0.0610486 , 0.113884
0.0666629 , 0.115062
0.064022 , 0.114501
0.0642919 , 0.114558
0.0607241 , 0.113817
0.0566158 , 0.112986
0.0620223 , 0.114085
0.0623467 , 0.114152
0.0643999 , 0.114581
0.0614273 , 0.113962
0.0586688 , 0.113399
0.0609945 , 0.113873
0.0703541 , 0.115869
0.0572097 , 0.113105
0.0615896 , 0.113995
0.0600749 , 0.113685
0.0717853 , 0.116191
0.0580742 , 0.113279
0.0591554 , 0.113498
0.0643999 , 0.114581
0.0651012 , 0.114729
0.0622926 , 0.114141
0.0544597 , 0.112558
0.0684334 , 0.115445
0.0655864 , 0.114832
0.0646158 , 0.114626
0.0612109 , 0.113917
0.0741486 , 0.116735
0.0636979 , 0.114433
0.06386 , 0.114467
0.0580201 , 0.113268
0.0628874 , 0.114264
0.0684869 , 0.115457
0.0692886 , 0.115633
0.0716796 , 0.116167
0.0648855 , 0.114683
0.0589932 , 0.113465
0.0687009 , 0.115504
0.0612109 , 0.113917
0.0615355 , 0.113984
0.0604536 , 0.113762
0.0593177 , 0.113531
0.06386 , 0.114467
0.063914 , 0.114478
0.0549443 , 0.112654
0.0603995 , 0.113751
0.0678441 , 0.115317
0.0681656 , 0.115387
0.0564 , 0.112943
0.0681121 , 0.115375
0.0632657 , 0.114343
0.0687009 , 0.115504
0.06386 , 0.114467
0.0643459 , 0.114569
0.0494256 , 0.111574
0.06186 , 0.114051
0.0596422 , 0.113596
0.0624008 , 0.114163
0.0662863 , 0.114981
0.0621304 , 0.114107
0.063914 , 0.114478
0.0587769 , 0.113421
0.0683798 , 0.115433
0.0685404 , 0.115468
0.067415 , 0.115224
0.0615896 , 0.113995
0.0698751 , 0.115762
0.069075 , 0.115586
0.0554292 , 0.11275
0.0593718 , 0.113541
0.0675223 , 0.115247
0.0525791 , 0.112188
0.0628874 , 0.114264
0.0626711 , 0.114219
0.0624549 , 0.114174
0.0586688 , 0.113399
0.0614273 , 0.113962
0.0646158 , 0.114626
0.063914 , 0.114478
0.0672539 , 0.115189
0.0692352 , 0.115621
0.0580742 , 0.113279
0.0632657 , 0.114343
0.0532769 , 0.112325
0.0680585 , 0.115363
0.0649394 , 0.114694
0.0687543 , 0.115515
0.0678977 , 0.115328
0.0649934 , 0.114706
0.0619682 , 0.114073
0.0614273 , 0.113962
0.0575879 , 0.113181
0.0669316 , 0.115119
0.0635359 , 0.114399
0.0652091 , 0.114751
0.0572097 , 0.113105
0.0553214 , 0.112729
0.0575338 , 0.11317
