0.0755511 , 0.117066
0.0760672 , 0.117189
0.069502 , 0.11568
0.0716796 , 0.116167
0.0782643 , 0.117726
0.0753959 , 0.117029
0.075861 , 0.11714
0.0692886 , 0.115633
0.0706729 , 0.11594
0.0722076 , 0.116287
0.0680049 , 0.115352
0.0731545 , 0.116504
0.0771449 , 0.11745
0.078315 , 0.117739
0.071891 , 0.116215
0.0728394 , 0.116431
0.0786184 , 0.117815
0.0720493 , 0.116251
0.069502 , 0.11568
0.0707791 , 0.115964
0.073992 , 0.116698
0.0814114 , 0.118531
0.0769915 , 0.117413
0.0709382 , 0.116
0.0788202 , 0.117865
0.0736261 , 0.116613
0.0748255 , 0.116894
0.0662863 , 0.114981
0.071891 , 0.116215
0.0759126 , 0.117152
0.0746695 , 0.116857
0.0660172 , 0.114923
0.0728919 , 0.116443
0.0736784 , 0.116625
0.0679513 , 0.11534
0.0751887 , 0.116979
0.0764788 , 0.117288
0.0643999 , 0.114581
0.0725237 , 0.116359
0.0767354 , 0.117351
0.0719438 , 0.116227
0.0675223 , 0.115247
0.0746695 , 0.116857
0.0787698 , 0.117853
0.072997 , 0.116467
0.0725237 , 0.116359
0.0711503 , 0.116047
0.0761187 , 0.117202
0.0755511 , 0.117066
0.0769915 , 0.117413
0.0807199 , 0.11835
0.0738353 , 0.116661
0.0762217 , 0.117226
0.0755511 , 0.117066
0.0775531 , 0.11755
0.0768891 , 0.117388
0.0761702 , 0.117214
0.0780108 , 0.117663
0.0769915 , 0.117413
0.0747215 , 0.116869
0.0765815 , 0.117313
0.0767866 , 0.117363
0.0750331 , 0.116943
0.0753441 , 0.117016
0.0665015 , 0.115027
0.0769403 , 0.1174
0.073783 , 0.116649
0.0752923 , 0.117004
0.0716796 , 0.116167
0.0811156 , 0.118453
0.0781123 , 0.117688
0.0728394 , 0.116431
0.0741486 , 0.116735
0.0747735 , 0.116881
0.0749812 , 0.11693
0.0802232 , 0.118222
0.0775531 , 0.11755
0.0733118 , 0.11654
0.069342 , 0.115644
0.0742008 , 0.116747
0.0730495 , 0.116479
0.0716796 , 0.116167
0.072313 , 0.116311
0.0719965 , 0.116239
0.0689147 , 0.11555
0.0735214 , 0.116589
0.0771449 , 0.11745
0.0719965 , 0.116239
0.0754994 , 0.117053
0.0762731 , 0.117239
0.0665015 , 0.115027
0.078921 , 0.11789
0.078921 , 0.11789
0.0772981 , 0.117488
0.0745655 , 0.116832
0.0773492 , 0.1175
0.0724184 , 0.116335
0.0746175 , 0.116845
0.0740442 , 0.11671
0.0707791 , 0.115964
