0.0243415 , 0.106795
0.0231609 , 0.106567
0.0261835 , 0.10715
0.0214148 , 0.106227
0.0238404 , 0.106698
0.0267888 , 0.107266
0.0288618 , 0.107663
0.0337563 , 0.108592
0.0312132 , 0.10811
0.0226205 , 0.106462
0.0267888 , 0.107266
0.0333127 , 0.108508
0.0220382 , 0.106349
0.0337563 , 0.108592
0.0243871 , 0.106804
0.0253968 , 0.106999
0.0307297 , 0.108018
0.0311164 , 0.108092
0.0231158 , 0.106558
0.0334604 , 0.108536
0.0203551 , 0.10602
0.0285769 , 0.107608
0.026509 , 0.107212
0.0286244 , 0.107617
0.0297683 , 0.107835
0.0253968 , 0.106999
0.0350454 , 0.108836
0.0282928 , 0.107554
0.0263694 , 0.107186
0.0295769 , 0.107799
0.0248908 , 0.106901
0.0291473 , 0.107717
0.0292903 , 0.107744
0.0246158 , 0.106848
0.0278678 , 0.107473
0.0249367 , 0.10691
0.0255352 , 0.107025
0.0282455 , 0.107545
0.0272098 , 0.107347
0.0276324 , 0.107428
0.0277736 , 0.107455
0.0253047 , 0.106981
0.0277736 , 0.107455
0.0273975 , 0.107383
0.030152 , 0.107908
0.0292903 , 0.107744
0.0311648 , 0.108101
0.0249826 , 0.106919
0.0242046 , 0.106769
0.0230255 , 0.106541
0.0287193 , 0.107635
0.0257663 , 0.10707
0.0247532 , 0.106875
0.0280093 , 0.1075
0.0304887 , 0.107972
0.029195 , 0.107726
0.0320881 , 0.108276
0.0249367 , 0.10691
0.0258589 , 0.107088
0.0219935 , 0.10634
0.0164379 , 0.105248
0.02457 , 0.106839
0.019524 , 0.105857
0.0259052 , 0.107096
0.0269758 , 0.107302
0.033559 , 0.108555
0.0284348 , 0.107581
0.0249826 , 0.106919
0.0243415 , 0.106795
0.0283874 , 0.107572
0.0223065 , 0.106401
0.0283401 , 0.107563
0.0258126 , 0.107079
0.0294813 , 0.107781
0.0276794 , 0.107437
0.0253507 , 0.10699
0.0305368 , 0.107982
0.026509 , 0.107212
0.029912 , 0.107863
0.0257201 , 0.107061
0.0269758 , 0.107302
0.0244785 , 0.106822
0.0303924 , 0.107954
0.0252126 , 0.106963
0.0271162 , 0.107329
0.0222618 , 0.106392
0.0281037 , 0.107518
0.0260907 , 0.107132
0.0261835 , 0.10715
0.0268823 , 0.107284
0.0301039 , 0.107899
0.0264625 , 0.107203
0.027163 , 0.107338
0.020399 , 0.106029
0.0260907 , 0.107132
0.0270225 , 0.107311
0.0275384 , 0.10741
0.0279621 , 0.107491
0.0348463 , 0.108799
0.0304887 , 0.107972
