0.15418 , 0.158923
0.152523 , 0.157544
0.15412 , 0.158872
0.154483 , 0.159176
0.157696 , 0.161894
0.162191 , 0.165775
0.157959 , 0.162118
0.15559 , 0.160106
0.161394 , 0.165081
0.159709 , 0.163621
0.161972 , 0.165584
0.161394 , 0.165081
0.151206 , 0.156459
0.158356 , 0.162458
0.157893 , 0.162062
0.159503 , 0.163443
0.163305 , 0.166751
0.171533 , 0.174098
0.153049 , 0.15798
0.162707 , 0.166226
0.155527 , 0.160054
0.159709 , 0.163621
0.16399 , 0.167352
0.165555 , 0.168736
0.168465 , 0.17133
0.16161 , 0.165269
0.160054 , 0.163919
0.155033 , 0.159638
0.160754 , 0.164525
0.156028 , 0.160476
0.156028 , 0.160476
0.161323 , 0.165018
0.159572 , 0.163502
0.157176 , 0.16145
0.15009 , 0.155547
0.15964 , 0.163561
0.164843 , 0.168105
0.158025 , 0.162175
0.166038 , 0.169164
0.166282 , 0.169381
0.159367 , 0.163326
0.160193 , 0.164039
0.163913 , 0.167285
0.151717 , 0.156879
0.154604 , 0.159278
0.156918 , 0.161231
0.152291 , 0.157353
0.162559 , 0.166097
0.155527 , 0.160054
0.157696 , 0.161894
0.156726 , 0.161068
0.163684 , 0.167083
0.15628 , 0.16069
0.155403 , 0.159949
0.156726 , 0.161068
0.159095 , 0.163092
0.161037 , 0.16477
0.159298 , 0.163267
0.156854 , 0.161177
0.15412 , 0.158872
0.163155 , 0.166619
0.157828 , 0.162006
0.151093 , 0.156366
0.153462 , 0.158324
0.157111 , 0.161395
0.165 , 0.168244
0.160825 , 0.164586
0.157762 , 0.16195
0.16308 , 0.166553
0.158825 , 0.16286
0.160473 , 0.164281
0.158157 , 0.162288
0.161827 , 0.165458
0.155403 , 0.159949
0.155965 , 0.160423
0.15418 , 0.158923
0.15406 , 0.158822
0.157305 , 0.161561
0.168035 , 0.170945
0.160054 , 0.163919
0.155341 , 0.159897
0.154787 , 0.159432
0.154301 , 0.159024
0.15869 , 0.162744
0.15098 , 0.156274
0.156154 , 0.160583
0.152523 , 0.157544
0.157631 , 0.161838
0.159163 , 0.16315
0.154543 , 0.159227
0.153403 , 0.158275
0.163155 , 0.166619
0.156726 , 0.161068
0.153226 , 0.158127
0.158224 , 0.162344
0.158757 , 0.162802
0.162931 , 0.166422
0.157241 , 0.161505
0.159435 , 0.163384
0.156534 , 0.160905
