0.205213 , 0.205938
0.197728 , 0.198695
0.200875 , 0.201732
0.197304 , 0.198287
0.203869 , 0.204633
0.21653 , 0.216996
0.2078 , 0.208457
0.203091 , 0.203878
0.204939 , 0.205672
0.201113 , 0.201963
0.205213 , 0.205938
0.192817 , 0.193983
0.212005 , 0.212562
0.198814 , 0.199741
0.199036 , 0.199956
0.22294 , 0.223302
0.21736 , 0.217812
0.202584 , 0.203387
0.211316 , 0.211889
0.21307 , 0.213604
0.215723 , 0.216205
0.202086 , 0.202904
0.208717 , 0.209351
0.22001 , 0.220417
0.213434 , 0.213961
0.222429 , 0.222799
0.203869 , 0.204633
0.200875 , 0.201732
0.22453 , 0.22487
0.21736 , 0.217812
0.222429 , 0.222799
0.197094 , 0.198085
0.21307 , 0.213604
0.214556 , 0.21506
0.21736 , 0.217812
0.19488 , 0.195958
0.221436 , 0.22182
0.211316 , 0.211889
0.21736 , 0.217812
0.212356 , 0.212905
0.208408 , 0.209049
0.203869 , 0.204633
0.211659 , 0.212223
0.2078 , 0.208457
0.205489 , 0.206207
0.209987 , 0.21059
0.205213 , 0.205938
0.204399 , 0.205147
0.207205 , 0.207876
0.220953 , 0.221344
0.216124 , 0.216598
0.200172 , 0.201053
0.204133 , 0.204889
0.205213 , 0.205938
0.218654 , 0.219083
0.207501 , 0.208165
0.191924 , 0.193129
0.205489 , 0.206207
0.212005 , 0.212562
0.216124 , 0.216598
0.205768 , 0.206478
0.212005 , 0.212562
0.206912 , 0.207591
0.225643 , 0.225969
0.200404 , 0.201277
0.212005 , 0.212562
0.22453 , 0.22487
0.198375 , 0.199318
0.239407 , 0.239594
0.193551 , 0.194685
0.205768 , 0.206478
0.207205 , 0.207876
0.205768 , 0.206478
0.206622 , 0.207308
0.215329 , 0.215818
0.217785 , 0.218229
0.20605 , 0.206752
0.226804 , 0.227115
0.221436 , 0.22182
0.209665 , 0.210275
0.22453 , 0.22487
0.206912 , 0.207591
0.20903 , 0.209655
0.202334 , 0.203144
0.216942 , 0.217401
0.202836 , 0.203631
0.212005 , 0.212562
0.21653 , 0.216996
0.195667 , 0.196713
0.201595 , 0.202429
0.199485 , 0.200389
0.205213 , 0.205938
0.209345 , 0.209963
0.205489 , 0.206207
0.209345 , 0.209963
0.202836 , 0.203631
0.207205 , 0.207876
0.210644 , 0.211232
0.212711 , 0.213252
0.204668 , 0.205408
