Building DAG of jobs...
Using shell: /usr/bin/bash
Provided cores: 100
Rules claiming more threads will be scaled down.
Job stats:
job                 count
----------------  -------
all                     1
plot_k_variation        2
plot_r_variation        2
total                   5

Select jobs to execute...
Execute 4 jobs...

[Sun Apr 20 11:45:33 2025]
localrule plot_k_variation:
    input: chr21_centromere_sketch_100/varing_k/k8_r0.01.output, chr21_centromere_sketch_100/varing_k/k16_r0.01.output, chr21_centromere_sketch_100/varing_k/k32_r0.01.output, chr21_centromere_sketch_100/varing_k/k60_r0.01.output, chr21_centromere_sketch_100/varing_k/k90_r0.01.output, chr21_centromere_sketch_100/varing_k/k120_r0.01.output, chr21_centromere_sketch_100/varing_k/k150_r0.01.output, chr21_centromere_sketch_100/varing_k/k180_r0.01.output, chr21_centromere_sketch_100/varing_k/k210_r0.01.output, chr21_centromere_sketch_100/varing_k/k240_r0.01.output, chr21_centromere_sketch_100/varing_k/k270_r0.01.output, chr21_centromere_sketch_100/varing_k/k300_r0.01.output, chr21_centromere_sketch_100/varing_k/k330_r0.01.output, chr21_centromere_sketch_100/varing_k/k360_r0.01.output, chr21_centromere_sketch_100/varing_k/k390_r0.01.output, chr21_centromere_sketch_100/varing_k/k420_r0.01.output, chr21_centromere_sketch_100/varing_k/k450_r0.01.output, chr21_centromere_sketch_100/varing_k/k480_r0.01.output, chr21_centromere_sketch_100/varing_k/k510_r0.01.output, chr21_centromere_sketch_100/varing_k/k540_r0.01.output, chr21_centromere_sketch_100/varing_k/k570_r0.01.output, chr21_centromere_sketch_100/varing_k/k600_r0.01.output, chr21_centromere_sketch_100/varing_k/k630_r0.01.output, chr21_centromere_sketch_100/varing_k/k660_r0.01.output, chr21_centromere_sketch_100/varing_k/k690_r0.01.output, chr21_centromere_sketch_100/varing_k/k720_r0.01.output, chr21_centromere_sketch_100/varing_k/k750_r0.01.output, chr21_centromere_sketch_100/varing_k/k780_r0.01.output
    output: chr21_centromere_sketch_100/boxplot_triple_k_comparison_r0.01.png
    jobid: 30
    reason: Missing output files: chr21_centromere_sketch_100/boxplot_triple_k_comparison_r0.01.png
    wildcards: output_dir=chr21_centromere_sketch_100, fixed_r=0.01
    resources: tmpdir=/tmp


[Sun Apr 20 11:45:33 2025]
localrule plot_k_variation:
    input: chr6_RepeatMasker_sketch_100/varing_k/k8_r0.01.output, chr6_RepeatMasker_sketch_100/varing_k/k16_r0.01.output, chr6_RepeatMasker_sketch_100/varing_k/k32_r0.01.output, chr6_RepeatMasker_sketch_100/varing_k/k60_r0.01.output, chr6_RepeatMasker_sketch_100/varing_k/k90_r0.01.output, chr6_RepeatMasker_sketch_100/varing_k/k120_r0.01.output, chr6_RepeatMasker_sketch_100/varing_k/k150_r0.01.output, chr6_RepeatMasker_sketch_100/varing_k/k180_r0.01.output, chr6_RepeatMasker_sketch_100/varing_k/k210_r0.01.output, chr6_RepeatMasker_sketch_100/varing_k/k240_r0.01.output, chr6_RepeatMasker_sketch_100/varing_k/k270_r0.01.output, chr6_RepeatMasker_sketch_100/varing_k/k300_r0.01.output, chr6_RepeatMasker_sketch_100/varing_k/k330_r0.01.output, chr6_RepeatMasker_sketch_100/varing_k/k360_r0.01.output, chr6_RepeatMasker_sketch_100/varing_k/k390_r0.01.output, chr6_RepeatMasker_sketch_100/varing_k/k420_r0.01.output, chr6_RepeatMasker_sketch_100/varing_k/k450_r0.01.output, chr6_RepeatMasker_sketch_100/varing_k/k480_r0.01.output, chr6_RepeatMasker_sketch_100/varing_k/k510_r0.01.output, chr6_RepeatMasker_sketch_100/varing_k/k540_r0.01.output, chr6_RepeatMasker_sketch_100/varing_k/k570_r0.01.output, chr6_RepeatMasker_sketch_100/varing_k/k600_r0.01.output, chr6_RepeatMasker_sketch_100/varing_k/k630_r0.01.output, chr6_RepeatMasker_sketch_100/varing_k/k660_r0.01.output, chr6_RepeatMasker_sketch_100/varing_k/k690_r0.01.output, chr6_RepeatMasker_sketch_100/varing_k/k720_r0.01.output, chr6_RepeatMasker_sketch_100/varing_k/k750_r0.01.output, chr6_RepeatMasker_sketch_100/varing_k/k780_r0.01.output
    output: chr6_RepeatMasker_sketch_100/boxplot_triple_k_comparison_r0.01.png
    jobid: 1
    reason: Missing output files: chr6_RepeatMasker_sketch_100/boxplot_triple_k_comparison_r0.01.png
    wildcards: output_dir=chr6_RepeatMasker_sketch_100, fixed_r=0.01
    resources: tmpdir=/tmp


[Sun Apr 20 11:45:34 2025]
localrule plot_r_variation:
    input: chr6_RepeatMasker_sketch_100/varing_r/r0.001_k30.output, chr6_RepeatMasker_sketch_100/varing_r/r0.011_k30.output, chr6_RepeatMasker_sketch_100/varing_r/r0.021_k30.output, chr6_RepeatMasker_sketch_100/varing_r/r0.031_k30.output, chr6_RepeatMasker_sketch_100/varing_r/r0.041_k30.output, chr6_RepeatMasker_sketch_100/varing_r/r0.051_k30.output, chr6_RepeatMasker_sketch_100/varing_r/r0.061_k30.output, chr6_RepeatMasker_sketch_100/varing_r/r0.071_k30.output, chr6_RepeatMasker_sketch_100/varing_r/r0.081_k30.output, chr6_RepeatMasker_sketch_100/varing_r/r0.091_k30.output, chr6_RepeatMasker_sketch_100/varing_r/r0.101_k30.output, chr6_RepeatMasker_sketch_100/varing_r/r0.111_k30.output, chr6_RepeatMasker_sketch_100/varing_r/r0.121_k30.output, chr6_RepeatMasker_sketch_100/varing_r/r0.131_k30.output, chr6_RepeatMasker_sketch_100/varing_r/r0.141_k30.output, chr6_RepeatMasker_sketch_100/varing_r/r0.151_k30.output, chr6_RepeatMasker_sketch_100/varing_r/r0.161_k30.output, chr6_RepeatMasker_sketch_100/varing_r/r0.171_k30.output, chr6_RepeatMasker_sketch_100/varing_r/r0.181_k30.output, chr6_RepeatMasker_sketch_100/varing_r/r0.191_k30.output, chr6_RepeatMasker_sketch_100/varing_r/r0.201_k30.output, chr6_RepeatMasker_sketch_100/varing_r/r0.211_k30.output, chr6_RepeatMasker_sketch_100/varing_r/r0.221_k30.output, chr6_RepeatMasker_sketch_100/varing_r/r0.231_k30.output, chr6_RepeatMasker_sketch_100/varing_r/r0.241_k30.output, chr6_RepeatMasker_sketch_100/varing_r/r0.251_k30.output, chr6_RepeatMasker_sketch_100/varing_r/r0.261_k30.output, chr6_RepeatMasker_sketch_100/varing_r/r0.271_k30.output, chr6_RepeatMasker_sketch_100/varing_r/r0.281_k30.output, chr6_RepeatMasker_sketch_100/varing_r/r0.291_k30.output, chr6_RepeatMasker_sketch_100/varing_r/r0.301_k30.output
    output: chr6_RepeatMasker_sketch_100/dual_sketch_boxplot_k30.png
    jobid: 59
    reason: Missing output files: chr6_RepeatMasker_sketch_100/dual_sketch_boxplot_k30.png
    wildcards: output_dir=chr6_RepeatMasker_sketch_100, fixed_k=30
    resources: tmpdir=/tmp


[Sun Apr 20 11:45:34 2025]
localrule plot_r_variation:
    input: chr21_centromere_sketch_100/varing_r/r0.001_k30.output, chr21_centromere_sketch_100/varing_r/r0.011_k30.output, chr21_centromere_sketch_100/varing_r/r0.021_k30.output, chr21_centromere_sketch_100/varing_r/r0.031_k30.output, chr21_centromere_sketch_100/varing_r/r0.041_k30.output, chr21_centromere_sketch_100/varing_r/r0.051_k30.output, chr21_centromere_sketch_100/varing_r/r0.061_k30.output, chr21_centromere_sketch_100/varing_r/r0.071_k30.output, chr21_centromere_sketch_100/varing_r/r0.081_k30.output, chr21_centromere_sketch_100/varing_r/r0.091_k30.output, chr21_centromere_sketch_100/varing_r/r0.101_k30.output, chr21_centromere_sketch_100/varing_r/r0.111_k30.output, chr21_centromere_sketch_100/varing_r/r0.121_k30.output, chr21_centromere_sketch_100/varing_r/r0.131_k30.output, chr21_centromere_sketch_100/varing_r/r0.141_k30.output, chr21_centromere_sketch_100/varing_r/r0.151_k30.output, chr21_centromere_sketch_100/varing_r/r0.161_k30.output, chr21_centromere_sketch_100/varing_r/r0.171_k30.output, chr21_centromere_sketch_100/varing_r/r0.181_k30.output, chr21_centromere_sketch_100/varing_r/r0.191_k30.output, chr21_centromere_sketch_100/varing_r/r0.201_k30.output, chr21_centromere_sketch_100/varing_r/r0.211_k30.output, chr21_centromere_sketch_100/varing_r/r0.221_k30.output, chr21_centromere_sketch_100/varing_r/r0.231_k30.output, chr21_centromere_sketch_100/varing_r/r0.241_k30.output, chr21_centromere_sketch_100/varing_r/r0.251_k30.output, chr21_centromere_sketch_100/varing_r/r0.261_k30.output, chr21_centromere_sketch_100/varing_r/r0.271_k30.output, chr21_centromere_sketch_100/varing_r/r0.281_k30.output, chr21_centromere_sketch_100/varing_r/r0.291_k30.output, chr21_centromere_sketch_100/varing_r/r0.301_k30.output
    output: chr21_centromere_sketch_100/dual_sketch_boxplot_k30.png
    jobid: 91
    reason: Missing output files: chr21_centromere_sketch_100/dual_sketch_boxplot_k30.png
    wildcards: output_dir=chr21_centromere_sketch_100, fixed_k=30
    resources: tmpdir=/tmp

[Sun Apr 20 11:45:38 2025]
Finished job 30.
1 of 5 steps (20%) done
[Sun Apr 20 11:45:38 2025]
Finished job 1.
2 of 5 steps (40%) done
[Sun Apr 20 11:45:40 2025]
Finished job 59.
3 of 5 steps (60%) done
[Sun Apr 20 11:45:40 2025]
Finished job 91.
4 of 5 steps (80%) done
Select jobs to execute...
Execute 1 jobs...

[Sun Apr 20 11:45:40 2025]
localrule all:
    input: chr6_RepeatMasker_sketch_100/boxplot_triple_k_comparison_r0.01.png, chr21_centromere_sketch_100/boxplot_triple_k_comparison_r0.01.png, chr6_RepeatMasker_sketch_100/dual_sketch_boxplot_k30.png, chr21_centromere_sketch_100/dual_sketch_boxplot_k30.png
    jobid: 0
    reason: Input files updated by another job: chr21_centromere_sketch_100/dual_sketch_boxplot_k30.png, chr21_centromere_sketch_100/boxplot_triple_k_comparison_r0.01.png, chr6_RepeatMasker_sketch_100/boxplot_triple_k_comparison_r0.01.png, chr6_RepeatMasker_sketch_100/dual_sketch_boxplot_k30.png
    resources: tmpdir=/tmp

[Sun Apr 20 11:45:40 2025]
Finished job 0.
5 of 5 steps (100%) done
Complete log: .snakemake/log/2025-04-20T114533.397646.snakemake.log
