Building DAG of jobs...
Using shell: /usr/bin/bash
Provided cores: 100
Rules claiming more threads will be scaled down.
Job stats:
job                 count
----------------  -------
all                     1
plot_k_variation        3
plot_r_variation        3
total                   7

Select jobs to execute...
Execute 6 jobs...

[Sun Apr 20 22:18:34 2025]
localrule plot_k_variation:
    input: chr21_centromere_sketch_100/varing_k/k8_r0.01.output, chr21_centromere_sketch_100/varing_k/k16_r0.01.output, chr21_centromere_sketch_100/varing_k/k32_r0.01.output, chr21_centromere_sketch_100/varing_k/k60_r0.01.output, chr21_centromere_sketch_100/varing_k/k90_r0.01.output, chr21_centromere_sketch_100/varing_k/k120_r0.01.output, chr21_centromere_sketch_100/varing_k/k150_r0.01.output, chr21_centromere_sketch_100/varing_k/k180_r0.01.output, chr21_centromere_sketch_100/varing_k/k210_r0.01.output, chr21_centromere_sketch_100/varing_k/k240_r0.01.output, chr21_centromere_sketch_100/varing_k/k270_r0.01.output, chr21_centromere_sketch_100/varing_k/k300_r0.01.output, chr21_centromere_sketch_100/varing_k/k330_r0.01.output, chr21_centromere_sketch_100/varing_k/k360_r0.01.output, chr21_centromere_sketch_100/varing_k/k390_r0.01.output, chr21_centromere_sketch_100/varing_k/k420_r0.01.output, chr21_centromere_sketch_100/varing_k/k450_r0.01.output, chr21_centromere_sketch_100/varing_k/k480_r0.01.output, chr21_centromere_sketch_100/varing_k/k510_r0.01.output, chr21_centromere_sketch_100/varing_k/k540_r0.01.output, chr21_centromere_sketch_100/varing_k/k570_r0.01.output, chr21_centromere_sketch_100/varing_k/k600_r0.01.output, chr21_centromere_sketch_100/varing_k/k630_r0.01.output, chr21_centromere_sketch_100/varing_k/k660_r0.01.output, chr21_centromere_sketch_100/varing_k/k690_r0.01.output, chr21_centromere_sketch_100/varing_k/k720_r0.01.output, chr21_centromere_sketch_100/varing_k/k750_r0.01.output, chr21_centromere_sketch_100/varing_k/k780_r0.01.output
    output: chr21_centromere_sketch_100/boxplot_triple_k_comparison_r0.01.png
    jobid: 30
    reason: Missing output files: chr21_centromere_sketch_100/boxplot_triple_k_comparison_r0.01.png
    wildcards: output_dir=chr21_centromere_sketch_100, fixed_r=0.01
    resources: tmpdir=/tmp


[Sun Apr 20 22:18:34 2025]
localrule plot_k_variation:
    input: chr6_RepeatMasker_sketch_100/varing_k/k8_r0.01.output, chr6_RepeatMasker_sketch_100/varing_k/k16_r0.01.output, chr6_RepeatMasker_sketch_100/varing_k/k32_r0.01.output, chr6_RepeatMasker_sketch_100/varing_k/k60_r0.01.output, chr6_RepeatMasker_sketch_100/varing_k/k90_r0.01.output, chr6_RepeatMasker_sketch_100/varing_k/k120_r0.01.output, chr6_RepeatMasker_sketch_100/varing_k/k150_r0.01.output, chr6_RepeatMasker_sketch_100/varing_k/k180_r0.01.output, chr6_RepeatMasker_sketch_100/varing_k/k210_r0.01.output, chr6_RepeatMasker_sketch_100/varing_k/k240_r0.01.output, chr6_RepeatMasker_sketch_100/varing_k/k270_r0.01.output, chr6_RepeatMasker_sketch_100/varing_k/k300_r0.01.output, chr6_RepeatMasker_sketch_100/varing_k/k330_r0.01.output, chr6_RepeatMasker_sketch_100/varing_k/k360_r0.01.output, chr6_RepeatMasker_sketch_100/varing_k/k390_r0.01.output, chr6_RepeatMasker_sketch_100/varing_k/k420_r0.01.output, chr6_RepeatMasker_sketch_100/varing_k/k450_r0.01.output, chr6_RepeatMasker_sketch_100/varing_k/k480_r0.01.output, chr6_RepeatMasker_sketch_100/varing_k/k510_r0.01.output, chr6_RepeatMasker_sketch_100/varing_k/k540_r0.01.output, chr6_RepeatMasker_sketch_100/varing_k/k570_r0.01.output, chr6_RepeatMasker_sketch_100/varing_k/k600_r0.01.output, chr6_RepeatMasker_sketch_100/varing_k/k630_r0.01.output, chr6_RepeatMasker_sketch_100/varing_k/k660_r0.01.output, chr6_RepeatMasker_sketch_100/varing_k/k690_r0.01.output, chr6_RepeatMasker_sketch_100/varing_k/k720_r0.01.output, chr6_RepeatMasker_sketch_100/varing_k/k750_r0.01.output, chr6_RepeatMasker_sketch_100/varing_k/k780_r0.01.output
    output: chr6_RepeatMasker_sketch_100/boxplot_triple_k_comparison_r0.01.png
    jobid: 1
    reason: Missing output files: chr6_RepeatMasker_sketch_100/boxplot_triple_k_comparison_r0.01.png
    wildcards: output_dir=chr6_RepeatMasker_sketch_100, fixed_r=0.01
    resources: tmpdir=/tmp


[Sun Apr 20 22:18:34 2025]
localrule plot_r_variation:
    input: chr6_RepeatMasker_sketch_100/varing_r/r0.001_k30.output, chr6_RepeatMasker_sketch_100/varing_r/r0.011_k30.output, chr6_RepeatMasker_sketch_100/varing_r/r0.021_k30.output, chr6_RepeatMasker_sketch_100/varing_r/r0.031_k30.output, chr6_RepeatMasker_sketch_100/varing_r/r0.041_k30.output, chr6_RepeatMasker_sketch_100/varing_r/r0.051_k30.output, chr6_RepeatMasker_sketch_100/varing_r/r0.061_k30.output, chr6_RepeatMasker_sketch_100/varing_r/r0.071_k30.output, chr6_RepeatMasker_sketch_100/varing_r/r0.081_k30.output, chr6_RepeatMasker_sketch_100/varing_r/r0.091_k30.output, chr6_RepeatMasker_sketch_100/varing_r/r0.101_k30.output, chr6_RepeatMasker_sketch_100/varing_r/r0.111_k30.output, chr6_RepeatMasker_sketch_100/varing_r/r0.121_k30.output, chr6_RepeatMasker_sketch_100/varing_r/r0.131_k30.output, chr6_RepeatMasker_sketch_100/varing_r/r0.141_k30.output, chr6_RepeatMasker_sketch_100/varing_r/r0.151_k30.output, chr6_RepeatMasker_sketch_100/varing_r/r0.161_k30.output, chr6_RepeatMasker_sketch_100/varing_r/r0.171_k30.output, chr6_RepeatMasker_sketch_100/varing_r/r0.181_k30.output, chr6_RepeatMasker_sketch_100/varing_r/r0.191_k30.output, chr6_RepeatMasker_sketch_100/varing_r/r0.201_k30.output, chr6_RepeatMasker_sketch_100/varing_r/r0.211_k30.output, chr6_RepeatMasker_sketch_100/varing_r/r0.221_k30.output, chr6_RepeatMasker_sketch_100/varing_r/r0.231_k30.output, chr6_RepeatMasker_sketch_100/varing_r/r0.241_k30.output, chr6_RepeatMasker_sketch_100/varing_r/r0.251_k30.output, chr6_RepeatMasker_sketch_100/varing_r/r0.261_k30.output, chr6_RepeatMasker_sketch_100/varing_r/r0.271_k30.output, chr6_RepeatMasker_sketch_100/varing_r/r0.281_k30.output, chr6_RepeatMasker_sketch_100/varing_r/r0.291_k30.output, chr6_RepeatMasker_sketch_100/varing_r/r0.301_k30.output
    output: chr6_RepeatMasker_sketch_100/dual_sketch_boxplot_k30.png
    jobid: 88
    reason: Missing output files: chr6_RepeatMasker_sketch_100/dual_sketch_boxplot_k30.png
    wildcards: output_dir=chr6_RepeatMasker_sketch_100, fixed_k=30
    resources: tmpdir=/tmp


[Sun Apr 20 22:18:34 2025]
localrule plot_k_variation:
    input: chrY_SimpleRepeat_sketch_100/varing_k/k8_r0.01.output, chrY_SimpleRepeat_sketch_100/varing_k/k16_r0.01.output, chrY_SimpleRepeat_sketch_100/varing_k/k32_r0.01.output, chrY_SimpleRepeat_sketch_100/varing_k/k60_r0.01.output, chrY_SimpleRepeat_sketch_100/varing_k/k90_r0.01.output, chrY_SimpleRepeat_sketch_100/varing_k/k120_r0.01.output, chrY_SimpleRepeat_sketch_100/varing_k/k150_r0.01.output, chrY_SimpleRepeat_sketch_100/varing_k/k180_r0.01.output, chrY_SimpleRepeat_sketch_100/varing_k/k210_r0.01.output, chrY_SimpleRepeat_sketch_100/varing_k/k240_r0.01.output, chrY_SimpleRepeat_sketch_100/varing_k/k270_r0.01.output, chrY_SimpleRepeat_sketch_100/varing_k/k300_r0.01.output, chrY_SimpleRepeat_sketch_100/varing_k/k330_r0.01.output, chrY_SimpleRepeat_sketch_100/varing_k/k360_r0.01.output, chrY_SimpleRepeat_sketch_100/varing_k/k390_r0.01.output, chrY_SimpleRepeat_sketch_100/varing_k/k420_r0.01.output, chrY_SimpleRepeat_sketch_100/varing_k/k450_r0.01.output, chrY_SimpleRepeat_sketch_100/varing_k/k480_r0.01.output, chrY_SimpleRepeat_sketch_100/varing_k/k510_r0.01.output, chrY_SimpleRepeat_sketch_100/varing_k/k540_r0.01.output, chrY_SimpleRepeat_sketch_100/varing_k/k570_r0.01.output, chrY_SimpleRepeat_sketch_100/varing_k/k600_r0.01.output, chrY_SimpleRepeat_sketch_100/varing_k/k630_r0.01.output, chrY_SimpleRepeat_sketch_100/varing_k/k660_r0.01.output, chrY_SimpleRepeat_sketch_100/varing_k/k690_r0.01.output, chrY_SimpleRepeat_sketch_100/varing_k/k720_r0.01.output, chrY_SimpleRepeat_sketch_100/varing_k/k750_r0.01.output, chrY_SimpleRepeat_sketch_100/varing_k/k780_r0.01.output
    output: chrY_SimpleRepeat_sketch_100/boxplot_triple_k_comparison_r0.01.png
    jobid: 59
    reason: Missing output files: chrY_SimpleRepeat_sketch_100/boxplot_triple_k_comparison_r0.01.png
    wildcards: output_dir=chrY_SimpleRepeat_sketch_100, fixed_r=0.01
    resources: tmpdir=/tmp


[Sun Apr 20 22:18:34 2025]
localrule plot_r_variation:
    input: chr21_centromere_sketch_100/varing_r/r0.001_k30.output, chr21_centromere_sketch_100/varing_r/r0.011_k30.output, chr21_centromere_sketch_100/varing_r/r0.021_k30.output, chr21_centromere_sketch_100/varing_r/r0.031_k30.output, chr21_centromere_sketch_100/varing_r/r0.041_k30.output, chr21_centromere_sketch_100/varing_r/r0.051_k30.output, chr21_centromere_sketch_100/varing_r/r0.061_k30.output, chr21_centromere_sketch_100/varing_r/r0.071_k30.output, chr21_centromere_sketch_100/varing_r/r0.081_k30.output, chr21_centromere_sketch_100/varing_r/r0.091_k30.output, chr21_centromere_sketch_100/varing_r/r0.101_k30.output, chr21_centromere_sketch_100/varing_r/r0.111_k30.output, chr21_centromere_sketch_100/varing_r/r0.121_k30.output, chr21_centromere_sketch_100/varing_r/r0.131_k30.output, chr21_centromere_sketch_100/varing_r/r0.141_k30.output, chr21_centromere_sketch_100/varing_r/r0.151_k30.output, chr21_centromere_sketch_100/varing_r/r0.161_k30.output, chr21_centromere_sketch_100/varing_r/r0.171_k30.output, chr21_centromere_sketch_100/varing_r/r0.181_k30.output, chr21_centromere_sketch_100/varing_r/r0.191_k30.output, chr21_centromere_sketch_100/varing_r/r0.201_k30.output, chr21_centromere_sketch_100/varing_r/r0.211_k30.output, chr21_centromere_sketch_100/varing_r/r0.221_k30.output, chr21_centromere_sketch_100/varing_r/r0.231_k30.output, chr21_centromere_sketch_100/varing_r/r0.241_k30.output, chr21_centromere_sketch_100/varing_r/r0.251_k30.output, chr21_centromere_sketch_100/varing_r/r0.261_k30.output, chr21_centromere_sketch_100/varing_r/r0.271_k30.output, chr21_centromere_sketch_100/varing_r/r0.281_k30.output, chr21_centromere_sketch_100/varing_r/r0.291_k30.output, chr21_centromere_sketch_100/varing_r/r0.301_k30.output
    output: chr21_centromere_sketch_100/dual_sketch_boxplot_k30.png
    jobid: 120
    reason: Missing output files: chr21_centromere_sketch_100/dual_sketch_boxplot_k30.png
    wildcards: output_dir=chr21_centromere_sketch_100, fixed_k=30
    resources: tmpdir=/tmp


[Sun Apr 20 22:18:34 2025]
localrule plot_r_variation:
    input: chrY_SimpleRepeat_sketch_100/varing_r/r0.001_k10.output, chrY_SimpleRepeat_sketch_100/varing_r/r0.011_k10.output, chrY_SimpleRepeat_sketch_100/varing_r/r0.021_k10.output, chrY_SimpleRepeat_sketch_100/varing_r/r0.031_k10.output, chrY_SimpleRepeat_sketch_100/varing_r/r0.041_k10.output, chrY_SimpleRepeat_sketch_100/varing_r/r0.051_k10.output, chrY_SimpleRepeat_sketch_100/varing_r/r0.061_k10.output, chrY_SimpleRepeat_sketch_100/varing_r/r0.071_k10.output, chrY_SimpleRepeat_sketch_100/varing_r/r0.081_k10.output, chrY_SimpleRepeat_sketch_100/varing_r/r0.091_k10.output, chrY_SimpleRepeat_sketch_100/varing_r/r0.101_k10.output, chrY_SimpleRepeat_sketch_100/varing_r/r0.111_k10.output, chrY_SimpleRepeat_sketch_100/varing_r/r0.121_k10.output, chrY_SimpleRepeat_sketch_100/varing_r/r0.131_k10.output, chrY_SimpleRepeat_sketch_100/varing_r/r0.141_k10.output, chrY_SimpleRepeat_sketch_100/varing_r/r0.151_k10.output, chrY_SimpleRepeat_sketch_100/varing_r/r0.161_k10.output, chrY_SimpleRepeat_sketch_100/varing_r/r0.171_k10.output, chrY_SimpleRepeat_sketch_100/varing_r/r0.181_k10.output, chrY_SimpleRepeat_sketch_100/varing_r/r0.191_k10.output, chrY_SimpleRepeat_sketch_100/varing_r/r0.201_k10.output, chrY_SimpleRepeat_sketch_100/varing_r/r0.211_k10.output, chrY_SimpleRepeat_sketch_100/varing_r/r0.221_k10.output, chrY_SimpleRepeat_sketch_100/varing_r/r0.231_k10.output, chrY_SimpleRepeat_sketch_100/varing_r/r0.241_k10.output, chrY_SimpleRepeat_sketch_100/varing_r/r0.251_k10.output, chrY_SimpleRepeat_sketch_100/varing_r/r0.261_k10.output, chrY_SimpleRepeat_sketch_100/varing_r/r0.271_k10.output, chrY_SimpleRepeat_sketch_100/varing_r/r0.281_k10.output, chrY_SimpleRepeat_sketch_100/varing_r/r0.291_k10.output, chrY_SimpleRepeat_sketch_100/varing_r/r0.301_k10.output
    output: chrY_SimpleRepeat_sketch_100/dual_sketch_boxplot_k10.png
    jobid: 152
    reason: Missing output files: chrY_SimpleRepeat_sketch_100/dual_sketch_boxplot_k10.png
    wildcards: output_dir=chrY_SimpleRepeat_sketch_100, fixed_k=10
    resources: tmpdir=/tmp

[Sun Apr 20 22:18:36 2025]
Error in rule plot_k_variation:
    jobid: 1
    input: chr6_RepeatMasker_sketch_100/varing_k/k8_r0.01.output, chr6_RepeatMasker_sketch_100/varing_k/k16_r0.01.output, chr6_RepeatMasker_sketch_100/varing_k/k32_r0.01.output, chr6_RepeatMasker_sketch_100/varing_k/k60_r0.01.output, chr6_RepeatMasker_sketch_100/varing_k/k90_r0.01.output, chr6_RepeatMasker_sketch_100/varing_k/k120_r0.01.output, chr6_RepeatMasker_sketch_100/varing_k/k150_r0.01.output, chr6_RepeatMasker_sketch_100/varing_k/k180_r0.01.output, chr6_RepeatMasker_sketch_100/varing_k/k210_r0.01.output, chr6_RepeatMasker_sketch_100/varing_k/k240_r0.01.output, chr6_RepeatMasker_sketch_100/varing_k/k270_r0.01.output, chr6_RepeatMasker_sketch_100/varing_k/k300_r0.01.output, chr6_RepeatMasker_sketch_100/varing_k/k330_r0.01.output, chr6_RepeatMasker_sketch_100/varing_k/k360_r0.01.output, chr6_RepeatMasker_sketch_100/varing_k/k390_r0.01.output, chr6_RepeatMasker_sketch_100/varing_k/k420_r0.01.output, chr6_RepeatMasker_sketch_100/varing_k/k450_r0.01.output, chr6_RepeatMasker_sketch_100/varing_k/k480_r0.01.output, chr6_RepeatMasker_sketch_100/varing_k/k510_r0.01.output, chr6_RepeatMasker_sketch_100/varing_k/k540_r0.01.output, chr6_RepeatMasker_sketch_100/varing_k/k570_r0.01.output, chr6_RepeatMasker_sketch_100/varing_k/k600_r0.01.output, chr6_RepeatMasker_sketch_100/varing_k/k630_r0.01.output, chr6_RepeatMasker_sketch_100/varing_k/k660_r0.01.output, chr6_RepeatMasker_sketch_100/varing_k/k690_r0.01.output, chr6_RepeatMasker_sketch_100/varing_k/k720_r0.01.output, chr6_RepeatMasker_sketch_100/varing_k/k750_r0.01.output, chr6_RepeatMasker_sketch_100/varing_k/k780_r0.01.output
    output: chr6_RepeatMasker_sketch_100/boxplot_triple_k_comparison_r0.01.png
    shell:
        
        mkdir -p chr6_RepeatMasker_sketch_100
        
        cd chr6_RepeatMasker_sketch_100 && python ../boxplot_sketch_bias_k.py \
            -d varing_k \
            -k 32 570 \
            --ylim 0.8 0.035 1.1 \
            --theta 0.1 0.01 \
            -r 0.01
        
        (one of the commands exited with non-zero exit code; note that snakemake uses bash strict mode!)

[Sun Apr 20 22:18:36 2025]
[Sun Apr 20 22:18:36 2025]
Error in rule plot_k_variation:
    jobid: 30
    input: chr21_centromere_sketch_100/varing_k/k8_r0.01.output, chr21_centromere_sketch_100/varing_k/k16_r0.01.output, chr21_centromere_sketch_100/varing_k/k32_r0.01.output, chr21_centromere_sketch_100/varing_k/k60_r0.01.output, chr21_centromere_sketch_100/varing_k/k90_r0.01.output, chr21_centromere_sketch_100/varing_k/k120_r0.01.output, chr21_centromere_sketch_100/varing_k/k150_r0.01.output, chr21_centromere_sketch_100/varing_k/k180_r0.01.output, chr21_centromere_sketch_100/varing_k/k210_r0.01.output, chr21_centromere_sketch_100/varing_k/k240_r0.01.output, chr21_centromere_sketch_100/varing_k/k270_r0.01.output, chr21_centromere_sketch_100/varing_k/k300_r0.01.output, chr21_centromere_sketch_100/varing_k/k330_r0.01.output, chr21_centromere_sketch_100/varing_k/k360_r0.01.output, chr21_centromere_sketch_100/varing_k/k390_r0.01.output, chr21_centromere_sketch_100/varing_k/k420_r0.01.output, chr21_centromere_sketch_100/varing_k/k450_r0.01.output, chr21_centromere_sketch_100/varing_k/k480_r0.01.output, chr21_centromere_sketch_100/varing_k/k510_r0.01.output, chr21_centromere_sketch_100/varing_k/k540_r0.01.output, chr21_centromere_sketch_100/varing_k/k570_r0.01.output, chr21_centromere_sketch_100/varing_k/k600_r0.01.output, chr21_centromere_sketch_100/varing_k/k630_r0.01.output, chr21_centromere_sketch_100/varing_k/k660_r0.01.output, chr21_centromere_sketch_100/varing_k/k690_r0.01.output, chr21_centromere_sketch_100/varing_k/k720_r0.01.output, chr21_centromere_sketch_100/varing_k/k750_r0.01.output, chr21_centromere_sketch_100/varing_k/k780_r0.01.output
    output: chr21_centromere_sketch_100/boxplot_triple_k_comparison_r0.01.png
    shell:
        
        mkdir -p chr21_centromere_sketch_100
        
        cd chr21_centromere_sketch_100 && python ../boxplot_sketch_bias_k.py \
            -d varing_k \
            -k 32 570 \
            --ylim 0.8 0.035 1.1 \
            --theta 0.1 0.01 \
            -r 0.01
        
        (one of the commands exited with non-zero exit code; note that snakemake uses bash strict mode!)

Error in rule plot_k_variation:
    jobid: 59
    input: chrY_SimpleRepeat_sketch_100/varing_k/k8_r0.01.output, chrY_SimpleRepeat_sketch_100/varing_k/k16_r0.01.output, chrY_SimpleRepeat_sketch_100/varing_k/k32_r0.01.output, chrY_SimpleRepeat_sketch_100/varing_k/k60_r0.01.output, chrY_SimpleRepeat_sketch_100/varing_k/k90_r0.01.output, chrY_SimpleRepeat_sketch_100/varing_k/k120_r0.01.output, chrY_SimpleRepeat_sketch_100/varing_k/k150_r0.01.output, chrY_SimpleRepeat_sketch_100/varing_k/k180_r0.01.output, chrY_SimpleRepeat_sketch_100/varing_k/k210_r0.01.output, chrY_SimpleRepeat_sketch_100/varing_k/k240_r0.01.output, chrY_SimpleRepeat_sketch_100/varing_k/k270_r0.01.output, chrY_SimpleRepeat_sketch_100/varing_k/k300_r0.01.output, chrY_SimpleRepeat_sketch_100/varing_k/k330_r0.01.output, chrY_SimpleRepeat_sketch_100/varing_k/k360_r0.01.output, chrY_SimpleRepeat_sketch_100/varing_k/k390_r0.01.output, chrY_SimpleRepeat_sketch_100/varing_k/k420_r0.01.output, chrY_SimpleRepeat_sketch_100/varing_k/k450_r0.01.output, chrY_SimpleRepeat_sketch_100/varing_k/k480_r0.01.output, chrY_SimpleRepeat_sketch_100/varing_k/k510_r0.01.output, chrY_SimpleRepeat_sketch_100/varing_k/k540_r0.01.output, chrY_SimpleRepeat_sketch_100/varing_k/k570_r0.01.output, chrY_SimpleRepeat_sketch_100/varing_k/k600_r0.01.output, chrY_SimpleRepeat_sketch_100/varing_k/k630_r0.01.output, chrY_SimpleRepeat_sketch_100/varing_k/k660_r0.01.output, chrY_SimpleRepeat_sketch_100/varing_k/k690_r0.01.output, chrY_SimpleRepeat_sketch_100/varing_k/k720_r0.01.output, chrY_SimpleRepeat_sketch_100/varing_k/k750_r0.01.output, chrY_SimpleRepeat_sketch_100/varing_k/k780_r0.01.output
    output: chrY_SimpleRepeat_sketch_100/boxplot_triple_k_comparison_r0.01.png
    shell:
        
        mkdir -p chrY_SimpleRepeat_sketch_100
        
        cd chrY_SimpleRepeat_sketch_100 && python ../boxplot_sketch_bias_k.py \
            -d varing_k \
            -k 32 300 \
            --ylim 0.8 0.02 1.1 \
            --theta 0.1 0.01 \
            -r 0.01
        
        (one of the commands exited with non-zero exit code; note that snakemake uses bash strict mode!)

[Sun Apr 20 22:18:40 2025]
Finished job 152.
1 of 7 steps (14%) done
[Sun Apr 20 22:18:40 2025]
Finished job 120.
2 of 7 steps (29%) done
[Sun Apr 20 22:18:40 2025]
Finished job 88.
3 of 7 steps (43%) done
Shutting down, this might take some time.
Exiting because a job execution failed. Look above for error message
Complete log: .snakemake/log/2025-04-20T221834.065096.snakemake.log
WorkflowError:
At least one job did not complete successfully.
