Building DAG of jobs...
Using shell: /usr/bin/bash
Provided cores: 100
Rules claiming more threads will be scaled down.
Job stats:
job                 count
----------------  -------
all                     1
plot_r_variation        3
total                   4

Select jobs to execute...
Execute 3 jobs...

[Fri May  9 00:27:34 2025]
localrule plot_r_variation:
    input: chrY_SimpleRepeat_sketch_100/varing_r/r0.001_k10.output, chrY_SimpleRepeat_sketch_100/varing_r/r0.011_k10.output, chrY_SimpleRepeat_sketch_100/varing_r/r0.021_k10.output, chrY_SimpleRepeat_sketch_100/varing_r/r0.031_k10.output, chrY_SimpleRepeat_sketch_100/varing_r/r0.041_k10.output, chrY_SimpleRepeat_sketch_100/varing_r/r0.051_k10.output, chrY_SimpleRepeat_sketch_100/varing_r/r0.061_k10.output, chrY_SimpleRepeat_sketch_100/varing_r/r0.071_k10.output, chrY_SimpleRepeat_sketch_100/varing_r/r0.081_k10.output, chrY_SimpleRepeat_sketch_100/varing_r/r0.091_k10.output, chrY_SimpleRepeat_sketch_100/varing_r/r0.101_k10.output, chrY_SimpleRepeat_sketch_100/varing_r/r0.111_k10.output, chrY_SimpleRepeat_sketch_100/varing_r/r0.121_k10.output, chrY_SimpleRepeat_sketch_100/varing_r/r0.131_k10.output, chrY_SimpleRepeat_sketch_100/varing_r/r0.141_k10.output, chrY_SimpleRepeat_sketch_100/varing_r/r0.151_k10.output, chrY_SimpleRepeat_sketch_100/varing_r/r0.161_k10.output, chrY_SimpleRepeat_sketch_100/varing_r/r0.171_k10.output, chrY_SimpleRepeat_sketch_100/varing_r/r0.181_k10.output
    output: chrY_SimpleRepeat_sketch_100/single_panel_sketch_r_k10.png
    jobid: 128
    reason: Set of input files has changed since last execution
    wildcards: output_dir=chrY_SimpleRepeat_sketch_100, fixed_k=10
    resources: tmpdir=/tmp


[Fri May  9 00:27:34 2025]
localrule plot_r_variation:
    input: chr6_RepeatMasker_sketch_100/varing_r/r0.001_k30.output, chr6_RepeatMasker_sketch_100/varing_r/r0.011_k30.output, chr6_RepeatMasker_sketch_100/varing_r/r0.021_k30.output, chr6_RepeatMasker_sketch_100/varing_r/r0.031_k30.output, chr6_RepeatMasker_sketch_100/varing_r/r0.041_k30.output, chr6_RepeatMasker_sketch_100/varing_r/r0.051_k30.output, chr6_RepeatMasker_sketch_100/varing_r/r0.061_k30.output, chr6_RepeatMasker_sketch_100/varing_r/r0.071_k30.output, chr6_RepeatMasker_sketch_100/varing_r/r0.081_k30.output, chr6_RepeatMasker_sketch_100/varing_r/r0.091_k30.output, chr6_RepeatMasker_sketch_100/varing_r/r0.101_k30.output, chr6_RepeatMasker_sketch_100/varing_r/r0.111_k30.output, chr6_RepeatMasker_sketch_100/varing_r/r0.121_k30.output, chr6_RepeatMasker_sketch_100/varing_r/r0.131_k30.output, chr6_RepeatMasker_sketch_100/varing_r/r0.141_k30.output, chr6_RepeatMasker_sketch_100/varing_r/r0.151_k30.output, chr6_RepeatMasker_sketch_100/varing_r/r0.161_k30.output, chr6_RepeatMasker_sketch_100/varing_r/r0.171_k30.output, chr6_RepeatMasker_sketch_100/varing_r/r0.181_k30.output
    output: chr6_RepeatMasker_sketch_100/single_panel_sketch_r_k30.png
    jobid: 88
    reason: Set of input files has changed since last execution
    wildcards: output_dir=chr6_RepeatMasker_sketch_100, fixed_k=30
    resources: tmpdir=/tmp


[Fri May  9 00:27:34 2025]
localrule plot_r_variation:
    input: chr21_centromere_sketch_100/varing_r/r0.001_k30.output, chr21_centromere_sketch_100/varing_r/r0.011_k30.output, chr21_centromere_sketch_100/varing_r/r0.021_k30.output, chr21_centromere_sketch_100/varing_r/r0.031_k30.output, chr21_centromere_sketch_100/varing_r/r0.041_k30.output, chr21_centromere_sketch_100/varing_r/r0.051_k30.output, chr21_centromere_sketch_100/varing_r/r0.061_k30.output, chr21_centromere_sketch_100/varing_r/r0.071_k30.output, chr21_centromere_sketch_100/varing_r/r0.081_k30.output, chr21_centromere_sketch_100/varing_r/r0.091_k30.output, chr21_centromere_sketch_100/varing_r/r0.101_k30.output, chr21_centromere_sketch_100/varing_r/r0.111_k30.output, chr21_centromere_sketch_100/varing_r/r0.121_k30.output, chr21_centromere_sketch_100/varing_r/r0.131_k30.output, chr21_centromere_sketch_100/varing_r/r0.141_k30.output, chr21_centromere_sketch_100/varing_r/r0.151_k30.output, chr21_centromere_sketch_100/varing_r/r0.161_k30.output, chr21_centromere_sketch_100/varing_r/r0.171_k30.output, chr21_centromere_sketch_100/varing_r/r0.181_k30.output
    output: chr21_centromere_sketch_100/single_panel_sketch_r_k30.png
    jobid: 108
    reason: Missing output files: chr21_centromere_sketch_100/single_panel_sketch_r_k30.png; Set of input files has changed since last execution
    wildcards: output_dir=chr21_centromere_sketch_100, fixed_k=30
    resources: tmpdir=/tmp

[Fri May  9 00:27:39 2025]
Finished job 108.
1 of 4 steps (25%) done
[Fri May  9 00:27:39 2025]
Finished job 128.
2 of 4 steps (50%) done
[Fri May  9 00:27:39 2025]
Finished job 88.
3 of 4 steps (75%) done
Select jobs to execute...
Execute 1 jobs...

[Fri May  9 00:27:39 2025]
localrule all:
    input: chr6_RepeatMasker_sketch_100/boxplot_triple_k_comparison_r0.01.png, chr21_centromere_sketch_100/boxplot_triple_k_comparison_r0.01.png, chrY_SimpleRepeat_sketch_100/boxplot_triple_k_comparison_r0.01.png, chr6_RepeatMasker_sketch_100/single_panel_sketch_r_k30.png, chr21_centromere_sketch_100/single_panel_sketch_r_k30.png, chrY_SimpleRepeat_sketch_100/single_panel_sketch_r_k10.png
    jobid: 0
    reason: Input files updated by another job: chr6_RepeatMasker_sketch_100/single_panel_sketch_r_k30.png, chrY_SimpleRepeat_sketch_100/single_panel_sketch_r_k10.png, chr21_centromere_sketch_100/single_panel_sketch_r_k30.png
    resources: tmpdir=/tmp

[Fri May  9 00:27:39 2025]
Finished job 0.
4 of 4 steps (100%) done
Complete log: .snakemake/log/2025-05-09T002733.977045.snakemake.log
