Building DAG of jobs...
Using shell: /usr/bin/bash
Provided cores: 100
Rules claiming more threads will be scaled down.
Job stats:
job                 count
----------------  -------
all                     1
plot_k_variation        3
total                   4

Select jobs to execute...
Execute 3 jobs...

[Sun Apr 20 22:24:33 2025]
localrule plot_k_variation:
    input: chr21_centromere_sketch_100/varing_k/k8_r0.01.output, chr21_centromere_sketch_100/varing_k/k16_r0.01.output, chr21_centromere_sketch_100/varing_k/k32_r0.01.output, chr21_centromere_sketch_100/varing_k/k60_r0.01.output, chr21_centromere_sketch_100/varing_k/k90_r0.01.output, chr21_centromere_sketch_100/varing_k/k120_r0.01.output, chr21_centromere_sketch_100/varing_k/k150_r0.01.output, chr21_centromere_sketch_100/varing_k/k180_r0.01.output, chr21_centromere_sketch_100/varing_k/k210_r0.01.output, chr21_centromere_sketch_100/varing_k/k240_r0.01.output, chr21_centromere_sketch_100/varing_k/k270_r0.01.output, chr21_centromere_sketch_100/varing_k/k300_r0.01.output, chr21_centromere_sketch_100/varing_k/k330_r0.01.output, chr21_centromere_sketch_100/varing_k/k360_r0.01.output, chr21_centromere_sketch_100/varing_k/k390_r0.01.output, chr21_centromere_sketch_100/varing_k/k420_r0.01.output, chr21_centromere_sketch_100/varing_k/k450_r0.01.output, chr21_centromere_sketch_100/varing_k/k480_r0.01.output, chr21_centromere_sketch_100/varing_k/k510_r0.01.output, chr21_centromere_sketch_100/varing_k/k540_r0.01.output, chr21_centromere_sketch_100/varing_k/k570_r0.01.output, chr21_centromere_sketch_100/varing_k/k600_r0.01.output, chr21_centromere_sketch_100/varing_k/k630_r0.01.output, chr21_centromere_sketch_100/varing_k/k660_r0.01.output, chr21_centromere_sketch_100/varing_k/k690_r0.01.output, chr21_centromere_sketch_100/varing_k/k720_r0.01.output, chr21_centromere_sketch_100/varing_k/k750_r0.01.output, chr21_centromere_sketch_100/varing_k/k780_r0.01.output
    output: chr21_centromere_sketch_100/boxplot_triple_k_comparison_r0.01.png
    jobid: 30
    reason: Missing output files: chr21_centromere_sketch_100/boxplot_triple_k_comparison_r0.01.png
    wildcards: output_dir=chr21_centromere_sketch_100, fixed_r=0.01
    resources: tmpdir=/tmp


[Sun Apr 20 22:24:33 2025]
localrule plot_k_variation:
    input: chr6_RepeatMasker_sketch_100/varing_k/k8_r0.01.output, chr6_RepeatMasker_sketch_100/varing_k/k16_r0.01.output, chr6_RepeatMasker_sketch_100/varing_k/k32_r0.01.output, chr6_RepeatMasker_sketch_100/varing_k/k60_r0.01.output, chr6_RepeatMasker_sketch_100/varing_k/k90_r0.01.output, chr6_RepeatMasker_sketch_100/varing_k/k120_r0.01.output, chr6_RepeatMasker_sketch_100/varing_k/k150_r0.01.output, chr6_RepeatMasker_sketch_100/varing_k/k180_r0.01.output, chr6_RepeatMasker_sketch_100/varing_k/k210_r0.01.output, chr6_RepeatMasker_sketch_100/varing_k/k240_r0.01.output, chr6_RepeatMasker_sketch_100/varing_k/k270_r0.01.output, chr6_RepeatMasker_sketch_100/varing_k/k300_r0.01.output, chr6_RepeatMasker_sketch_100/varing_k/k330_r0.01.output, chr6_RepeatMasker_sketch_100/varing_k/k360_r0.01.output, chr6_RepeatMasker_sketch_100/varing_k/k390_r0.01.output, chr6_RepeatMasker_sketch_100/varing_k/k420_r0.01.output, chr6_RepeatMasker_sketch_100/varing_k/k450_r0.01.output, chr6_RepeatMasker_sketch_100/varing_k/k480_r0.01.output, chr6_RepeatMasker_sketch_100/varing_k/k510_r0.01.output, chr6_RepeatMasker_sketch_100/varing_k/k540_r0.01.output, chr6_RepeatMasker_sketch_100/varing_k/k570_r0.01.output, chr6_RepeatMasker_sketch_100/varing_k/k600_r0.01.output, chr6_RepeatMasker_sketch_100/varing_k/k630_r0.01.output, chr6_RepeatMasker_sketch_100/varing_k/k660_r0.01.output, chr6_RepeatMasker_sketch_100/varing_k/k690_r0.01.output, chr6_RepeatMasker_sketch_100/varing_k/k720_r0.01.output, chr6_RepeatMasker_sketch_100/varing_k/k750_r0.01.output, chr6_RepeatMasker_sketch_100/varing_k/k780_r0.01.output
    output: chr6_RepeatMasker_sketch_100/boxplot_triple_k_comparison_r0.01.png
    jobid: 1
    reason: Missing output files: chr6_RepeatMasker_sketch_100/boxplot_triple_k_comparison_r0.01.png
    wildcards: output_dir=chr6_RepeatMasker_sketch_100, fixed_r=0.01
    resources: tmpdir=/tmp


[Sun Apr 20 22:24:33 2025]
localrule plot_k_variation:
    input: chrY_SimpleRepeat_sketch_100/varing_k/k8_r0.01.output, chrY_SimpleRepeat_sketch_100/varing_k/k16_r0.01.output, chrY_SimpleRepeat_sketch_100/varing_k/k32_r0.01.output, chrY_SimpleRepeat_sketch_100/varing_k/k60_r0.01.output, chrY_SimpleRepeat_sketch_100/varing_k/k90_r0.01.output, chrY_SimpleRepeat_sketch_100/varing_k/k120_r0.01.output, chrY_SimpleRepeat_sketch_100/varing_k/k150_r0.01.output, chrY_SimpleRepeat_sketch_100/varing_k/k180_r0.01.output, chrY_SimpleRepeat_sketch_100/varing_k/k210_r0.01.output, chrY_SimpleRepeat_sketch_100/varing_k/k240_r0.01.output, chrY_SimpleRepeat_sketch_100/varing_k/k270_r0.01.output, chrY_SimpleRepeat_sketch_100/varing_k/k300_r0.01.output, chrY_SimpleRepeat_sketch_100/varing_k/k330_r0.01.output, chrY_SimpleRepeat_sketch_100/varing_k/k360_r0.01.output, chrY_SimpleRepeat_sketch_100/varing_k/k390_r0.01.output, chrY_SimpleRepeat_sketch_100/varing_k/k420_r0.01.output, chrY_SimpleRepeat_sketch_100/varing_k/k450_r0.01.output, chrY_SimpleRepeat_sketch_100/varing_k/k480_r0.01.output, chrY_SimpleRepeat_sketch_100/varing_k/k510_r0.01.output, chrY_SimpleRepeat_sketch_100/varing_k/k540_r0.01.output, chrY_SimpleRepeat_sketch_100/varing_k/k570_r0.01.output, chrY_SimpleRepeat_sketch_100/varing_k/k600_r0.01.output, chrY_SimpleRepeat_sketch_100/varing_k/k630_r0.01.output, chrY_SimpleRepeat_sketch_100/varing_k/k660_r0.01.output, chrY_SimpleRepeat_sketch_100/varing_k/k690_r0.01.output, chrY_SimpleRepeat_sketch_100/varing_k/k720_r0.01.output, chrY_SimpleRepeat_sketch_100/varing_k/k750_r0.01.output, chrY_SimpleRepeat_sketch_100/varing_k/k780_r0.01.output
    output: chrY_SimpleRepeat_sketch_100/boxplot_triple_k_comparison_r0.01.png
    jobid: 59
    reason: Missing output files: chrY_SimpleRepeat_sketch_100/boxplot_triple_k_comparison_r0.01.png
    wildcards: output_dir=chrY_SimpleRepeat_sketch_100, fixed_r=0.01
    resources: tmpdir=/tmp

Waiting at most 5 seconds for missing files.
MissingOutputException in rule plot_k_variation in file /home/hvw5426/kmer-stats-repeat_Reproduce/Sketch_bias_plot/snakefile, line 134:
Job 1  completed successfully, but some output files are missing. Missing files after 5 seconds. This might be due to filesystem latency. If that is the case, consider to increase the wait time with --latency-wait:
chr6_RepeatMasker_sketch_100/boxplot_triple_k_comparison_r0.01.png (missing locally, parent dir contents: boxplot_triple_k_comparison_r0.01_mut1.png, dual_sketch_boxplot_k30.png, varing_k, varing_r)
Waiting at most 5 seconds for missing files.
MissingOutputException in rule plot_k_variation in file /home/hvw5426/kmer-stats-repeat_Reproduce/Sketch_bias_plot/snakefile, line 134:
Job 59  completed successfully, but some output files are missing. Missing files after 5 seconds. This might be due to filesystem latency. If that is the case, consider to increase the wait time with --latency-wait:
chrY_SimpleRepeat_sketch_100/boxplot_triple_k_comparison_r0.01.png (missing locally, parent dir contents: boxplot_triple_k_comparison_r0.01_mut1.png, varing_k, varing_r, dual_sketch_boxplot_k10.png)
Waiting at most 5 seconds for missing files.
MissingOutputException in rule plot_k_variation in file /home/hvw5426/kmer-stats-repeat_Reproduce/Sketch_bias_plot/snakefile, line 134:
Job 30  completed successfully, but some output files are missing. Missing files after 5 seconds. This might be due to filesystem latency. If that is the case, consider to increase the wait time with --latency-wait:
chr21_centromere_sketch_100/boxplot_triple_k_comparison_r0.01.png (missing locally, parent dir contents: boxplot_triple_k_comparison_r0.01_mut1.png, dual_sketch_boxplot_k30.png, varing_k, varing_r)
Shutting down, this might take some time.
Exiting because a job execution failed. Look above for error message
Complete log: .snakemake/log/2025-04-20T222433.185709.snakemake.log
WorkflowError:
At least one job did not complete successfully.
