0.0194451, 0.029569
0.0224825
0.0265472
0.0925157
0.0587973
0.0577969
0.0407159
0.0306046
0.0557946
0.0265472
1.42438e-26
1.42438e-26
0.0517841
0.036677
0.016372
0.036677
1.42438e-26
0.0487713
0.0667832
0.0457541
0.0507803
0.0204475
0.00102648
0.0234994
0.0275622
0.049776
0.016372
0.0285768
1.42438e-26
0.0214652
0.0306046
0.0143316
0.0214652
0.0173915
0.0386974
0.0255317
1.42438e-26
0.0234994
1.42438e-26
0.0617957
0.0547927
0.0376874
1.42438e-26
1.42438e-26
0.0627942
0.0777118
0.0326306
1.42438e-26
0.0306046
0.0143316
0.0667832
1.42438e-26
0.0885793
0.036677
0.0255317
0.0316178
0.0467603
0.0467603
1.42438e-26
0.00102648
0.0112677
0.0204475
0.0306046
1.42438e-26
0.0397069
0.0346547
0.0934985
0.0306046
1.42438e-26
0.00102648
1.42438e-26
0.0806818
1.42438e-26
0.0275622
1.42438e-26
1.42438e-26
0.00102648
0.0427326
0.0507803
0.00512814
1.42438e-26
0.036677
0.105252
0.015352
0.0133107
0.0326306
0.0306046
0.0737448
0.0275622
0.0507803
0.0133107
0.00205254
0.016372
1.42438e-26
1.42438e-26
1.42438e-26
0.00410337
0.0836472
0.0224825
1.42438e-26
0.016372
