0.995919, 0.997497
0.996248
0.997362
0.996848
0.997037
0.996526
0.997465
0.997408
0.99735
0.997025
0.996357
0.997828
0.996765
0.996502
0.996622
0.997602
0.997095
0.99699
0.9972
0.997072
0.99713
0.99836
0.997327
0.997177
0.997223
0.99686
0.997396
0.997693
0.996848
0.99804
0.9972
0.997408
0.996598
0.997681
0.996089
0.996801
0.9972
0.996526
0.99735
0.998349
0.99767
0.997385
0.997177
0.996777
0.996248
0.997431
0.996825
0.996466
0.997385
0.998305
0.997142
0.997984
0.99706
0.996381
0.996954
0.997579
0.9972
0.996406
0.996753
0.997304
0.996825
0.99554
0.997095
0.997828
0.998018
0.996646
0.997165
0.998007
0.997749
0.998062
0.997602
0.997165
0.997107
0.997602
0.997681
0.99706
0.997772
0.997385
0.997385
0.997545
0.996586
0.997862
0.998118
0.997095
0.99667
0.997373
0.997118
0.997072
0.997794
0.997431
0.996954
0.997828
0.997013
0.997072
0.997048
0.99699
0.997772
0.997269
0.996931
0.996622
0.997419
