0.982973, 0.989534
0.989129
0.990777
0.988064
0.98801
0.9879
0.990027
0.989112
0.989557
0.99034
0.989146
0.98652
0.990126
0.988709
0.989591
0.989977
0.987864
0.989129
0.988155
0.987605
0.990093
0.988191
0.989625
0.989215
0.989146
0.987937
0.988798
0.988709
0.987937
0.98885
0.98981
0.986734
0.989181
0.987919
0.99092
0.988745
0.988264
0.989709
0.989977
0.99111
0.986106
0.98723
0.991299
0.988586
0.987475
0.98723
0.988137
0.986442
0.989215
0.990258
0.985705
0.987735
0.991314
0.989777
0.989233
0.989215
0.99034
0.988119
0.98885
0.988246
0.987845
0.989676
0.991868
0.990093
0.988264
0.98652
0.988101
0.989844
0.990373
0.987992
0.988336
0.987937
0.988745
0.988119
0.989894
0.991189
0.990405
0.986067
0.987549
0.987605
0.988046
0.989007
0.990952
0.988354
0.985927
0.989709
0.989961
0.987211
0.988246
0.987716
0.989523
0.986734
0.989146
0.987549
0.987827
0.989146
0.987568
0.987117
0.989894
0.985947
0.987437
