0.991792, 0.994838
0.994151
0.99559
0.994581
0.994407
0.994447
0.994766
0.995878
0.994779
0.994805
0.993063
0.992452
0.993601
0.993587
0.994421
0.995079
0.993642
0.993559
0.994871
0.994028
0.993035
0.994083
0.993404
0.995464
0.994137
0.994421
0.994541
0.99411
0.993206
0.993767
0.993601
0.993987
0.993362
0.99438
0.992891
0.99302
0.993684
0.994124
0.995928
0.994897
0.995285
0.993587
0.994447
0.99491
0.995841
0.994487
0.993348
0.994857
0.995195
0.992511
0.994327
0.994327
0.994673
0.994487
0.994567
0.994124
0.994686
0.993573
0.994792
0.996027
0.994083
0.994831
0.995841
0.99396
0.996064
0.99438
0.993601
0.993559
0.993891
0.994647
0.9947
0.995285
0.995118
0.995779
0.994394
0.995476
0.994164
0.995027
0.993809
0.992125
0.994353
0.992349
0.993035
0.994434
0.994752
0.993277
0.994897
0.994042
0.993809
0.992541
0.995221
0.992963
0.995131
0.993334
0.994447
0.994766
0.993781
0.995027
0.994514
0.99438
0.993656
