0.994218, 0.996397
0.997153
0.99655
0.995729
0.99655
0.995779
0.995779
0.997037
0.996321
0.995978
0.995653
0.994897
0.996002
0.995259
0.996514
0.996089
0.99626
0.994097
0.995195
0.996138
0.996248
0.995298
0.996039
0.995866
0.996526
0.997072
0.996089
0.995978
0.996765
0.995953
0.995362
0.99626
0.996919
0.995653
0.996394
0.995716
0.996884
0.996586
0.995169
0.996978
0.996466
0.995678
0.996622
0.997269
0.996919
0.99599
0.996502
0.996836
0.995603
0.995928
0.997153
0.996848
0.995221
0.995628
0.996138
0.9954
0.995891
0.994083
0.994634
0.996015
0.995118
0.995311
0.996076
0.996125
0.996187
0.99626
0.992804
0.996236
0.997465
0.995001
0.996978
0.996223
0.995716
0.997223
0.99438
0.996896
0.994857
0.99554
0.996777
0.997545
0.996562
0.996309
0.995866
0.99735
0.996514
0.996418
0.997962
0.995678
0.996052
0.996836
0.996658
0.99554
0.995804
0.996236
0.996694
0.996284
0.996598
0.99655
0.996089
0.996321
0.995916
