0.959433, 0.979123
0.973075
0.97321
0.981005
0.976142
0.978364
0.979681
0.975315
0.978336
0.978225
0.979523
0.975991
0.974364
0.975034
0.976679
0.975315
0.976352
0.978446
0.974876
0.973545
0.981447
0.97547
0.978058
0.973345
0.973645
0.977176
0.975159
0.973909
0.977435
0.977435
0.972527
0.972527
0.971933
0.978336
0.979993
0.979576
0.978774
0.977833
0.981153
0.97872
0.97772
0.977321
0.97789
0.974397
0.973711
0.976293
0.979125
0.976856
0.976052
0.977031
0.971969
0.977031
0.971253
0.976914
0.975809
0.975778
0.979681
0.977862
0.97955
0.978474
0.981276
0.978002
0.979523
0.983273
0.971506
0.977464
0.979785
0.975439
0.978666
0.97665
0.976352
0.976382
0.977321
0.977578
0.975065
0.975439
0.980019
0.975501
0.976885
0.981079
0.971756
0.973277
0.973711
0.970705
0.976914
0.974812
0.973612
0.974939
0.975778
0.971181
0.975315
0.980756
0.977031
0.976442
0.977862
0.979655
0.975747
0.979044
0.97547
0.976382
0.975002
