0.999521, 0.999745
0.999799
0.999687
0.999859
0.9999
0.999728
0.999483
0.999819
0.999667
0.999799
0.999636
0.999728
0.999769
0.999677
0.999687
0.9999
0.999544
0.999859
0.999647
0.999687
0.999657
0.999708
0.999503
0.999708
0.999606
0.999728
0.999677
0.999473
0.999809
0.999758
0.999758
0.999626
0.999789
0.999769
0.999809
0.999667
0.999809
0.99991
0.99993
0.999769
0.999859
0.999534
0.999758
0.999728
0.99991
0.999718
0.99992
0.999596
0.999677
0.999616
0.999452
0.999657
0.999544
0.999819
0.999606
0.999636
0.999819
0.999585
0.99993
0.999809
0.999667
0.999636
0.999809
0.999859
0.99989
0.999667
0.99987
0.999728
0.999677
0.999636
0.999769
0.999657
0.999738
0.999616
0.999636
0.999585
0.999839
0.999769
0.999839
0.999555
0.999769
0.999829
0.999647
0.999698
0.999687
0.999596
0.999524
0.999789
0.999626
0.999809
0.999657
0.9999
0.999849
0.999779
0.999809
0.999769
0.99988
0.999493
0.999718
0.999829
0.999534
