0.999007, 0.999443
0.999493
0.999677
0.99938
0.999255
0.999203
0.999585
0.999626
0.999109
0.999182
0.999473
0.999151
0.99913
0.999307
0.999431
0.999421
0.999318
0.99939
0.999182
0.999328
0.999359
0.999473
0.999544
0.999266
0.999286
0.998512
0.999809
0.999088
0.999616
0.999014
0.999452
0.999421
0.999318
0.999224
0.999462
0.999276
0.999565
0.999596
0.999213
0.99894
0.999442
0.999647
0.999555
0.999224
0.999411
0.999411
0.999369
0.999119
0.999473
0.999025
0.999234
0.999473
0.999616
0.999544
0.99914
0.999555
0.999606
0.9994
0.999555
0.999421
0.999555
0.999307
0.999369
0.999182
0.999161
0.999514
0.999359
0.999462
0.99914
0.999213
0.999119
0.999483
0.999266
0.99939
0.999182
0.999297
0.99914
0.999369
0.999626
0.99914
0.999369
0.999203
0.999462
0.9994
0.999718
0.999636
0.999004
0.999636
0.999534
0.999738
0.999172
0.999503
0.998908
0.999369
0.998479
0.999698
0.999307
0.999667
0.999245
0.998887
0.999493
