0.997974, 0.998808
0.999442
0.998162
0.99804
0.998609
0.998436
0.99862
0.999056
0.999056
0.99849
0.998652
0.999035
0.998523
0.998749
0.998447
0.999088
0.998983
0.998162
0.998652
0.998791
0.998129
0.999524
0.999088
0.998162
0.998566
0.999109
0.998566
0.997984
0.999088
0.999151
0.998834
0.998305
0.999161
0.998577
0.999109
0.997906
0.998855
0.99836
0.998877
0.998951
0.998674
0.998468
0.998533
0.998555
0.999035
0.998533
0.998887
0.998501
0.998349
0.998261
0.998381
0.998855
0.998898
0.998447
0.998239
0.998802
0.998908
0.997783
0.998479
0.99893
0.998791
0.998349
0.998051
0.999203
0.998717
0.998162
0.998695
0.99894
0.998501
0.998228
0.99894
0.997895
0.998866
0.998641
0.997962
0.999245
0.998051
0.998684
0.998951
0.998468
0.998717
0.998759
0.998305
0.99862
0.998007
0.998327
0.998749
0.998403
0.99794
0.998951
0.998349
0.998555
0.998458
0.999035
0.998663
0.998327
0.998717
0.998261
0.998184
0.99862
0.998674
