0.172878 , 0.175321
0.181028 , 0.18284
0.190885 , 0.192138
0.190715 , 0.191977
0.167949 , 0.170868
0.176598 , 0.178731
0.174688 , 0.176975
0.17909 , 0.181036
0.181914 , 0.183667
0.174074 , 0.176413
0.169607 , 0.172357
0.174791 , 0.177069
0.183222 , 0.184892
0.174074 , 0.176413
0.172489 , 0.174966
0.166445 , 0.169526
0.172586 , 0.175054
0.184446 , 0.186042
0.175949 , 0.178133
0.173371 , 0.175771
0.190211 , 0.191497
0.173173 , 0.17559
0.180904 , 0.182724
0.175208 , 0.177452
0.181531 , 0.183309
0.179804 , 0.181699
0.188118 , 0.189509
0.182042 , 0.183787
0.180533 , 0.182378
0.181531 , 0.183309
0.174482 , 0.176786
0.177821 , 0.17986
0.174895 , 0.177164
0.174688 , 0.176975
0.182692 , 0.184395
0.170972 , 0.17359
0.178392 , 0.180389
0.186009 , 0.187515
0.176272 , 0.17843
0.182171 , 0.183907
0.179208 , 0.181146
0.174074 , 0.176413
0.175629 , 0.177839
0.180166 , 0.182037
0.180288 , 0.18215
0.180533 , 0.182378
0.180533 , 0.182378
0.181786 , 0.183547
0.173872 , 0.176228
0.181531 , 0.183309
0.1914 , 0.192629
0.17638 , 0.17853
0.190211 , 0.191497
0.181405 , 0.183191
0.176927 , 0.179034
0.181786 , 0.183547
0.174791 , 0.177069
0.181658 , 0.183428
0.175103 , 0.177355
0.180533 , 0.182378
0.181279 , 0.183074
0.179445 , 0.181366
0.175313 , 0.177548
0.171628 , 0.174184
0.174688 , 0.176975
0.178048 , 0.18007
0.173173 , 0.17559
0.174482 , 0.176786
0.182431 , 0.18415
0.186155 , 0.187652
0.165396 , 0.168594
0.177371 , 0.179444
0.177821 , 0.17986
0.185432 , 0.18697
0.178392 , 0.180389
0.188431 , 0.189806
0.178507 , 0.180496
0.17278 , 0.175232
0.168206 , 0.171098
0.171345 , 0.173927
0.176707 , 0.178831
0.168206 , 0.171098
0.184725 , 0.186304
0.172199 , 0.174703
0.174895 , 0.177164
0.176927 , 0.179034
0.178162 , 0.180176
0.167023 , 0.17004
0.184033 , 0.185653
0.178856 , 0.180819
0.182692 , 0.184395
0.182301 , 0.184029
0.169429 , 0.172196
0.175842 , 0.178035
0.172199 , 0.174703
0.175103 , 0.177355
0.182956 , 0.184642
0.182561 , 0.184273
0.179804 , 0.181699
0.187501 , 0.188924
