0.00981489 , 0.0132797
0.0100632 , 0.0135188
0.010713 , 0.0141446
0.0114705 , 0.0148742
0.00840846 , 0.0119253
0.00862463 , 0.0121334
0.0100742 , 0.0135294
0.00857594 , 0.0120865
0.00957298 , 0.0130467
0.0105792 , 0.0140157
0.010113 , 0.0135667
0.0109534 , 0.0143761
0.0100466 , 0.0135028
0.00919534 , 0.012683
0.0103568 , 0.0138015
0.00890124 , 0.0123998
0.0101904 , 0.0136413
0.00908082 , 0.0125727
0.0108918 , 0.0143168
0.0101572 , 0.0136094
0.0103457 , 0.0137908
0.00932099 , 0.012804
0.00958396 , 0.0130573
0.0103679 , 0.0138122
0.00892298 , 0.0124207
0.0102957 , 0.0137428
0.0100245 , 0.0134815
0.0120769 , 0.0154582
0.010379 , 0.0138229
0.0114874 , 0.0148905
0.0106238 , 0.0140587
0.0100632 , 0.0135188
0.0100466 , 0.0135028
0.0108415 , 0.0142683
0.0110374 , 0.014457
0.0102071 , 0.0136573
0.010268 , 0.0137161
0.0106851 , 0.0141177
0.0118042 , 0.0151956
0.00899913 , 0.0124941
0.0106015 , 0.0140372
0.0112452 , 0.0146571
0.00972133 , 0.0131896
0.011043 , 0.0144624
0.00958396 , 0.0130573
0.0112058 , 0.0146192
0.00966085 , 0.0131313
0.00962239 , 0.0130943
0.00984794 , 0.0133115
0.0110655 , 0.014484
0.00960592 , 0.0130784
0.00964986 , 0.0131207
0.00931005 , 0.0127935
0.00812846 , 0.0116556
0.00990307 , 0.0133646
0.010379 , 0.0138229
0.00981489 , 0.0132797
0.00858675 , 0.012097
0.0092008 , 0.0126883
0.00934834 , 0.0128304
0.0103956 , 0.013839
0.00977635 , 0.0132426
0.00902635 , 0.0125203
0.0100687 , 0.0135241
0.00883063 , 0.0123318
0.0102181 , 0.013668
0.0119745 , 0.0153596
0.00949071 , 0.0129675
0.0104901 , 0.01393
0.00941949 , 0.0128989
0.00995272 , 0.0134124
0.0109982 , 0.0144193
0.00886864 , 0.0123684
0.00908082 , 0.0125727
0.00955652 , 0.0130309
0.0102015 , 0.013652
0.00965536 , 0.013126
0.00906447 , 0.012557
0.00976534 , 0.013232
0.00873839 , 0.012243
0.00985346 , 0.0133168
0.0112789 , 0.0146896
0.0104735 , 0.0139139
0.00980938 , 0.0132744
0.0107353 , 0.0141661
0.00949619 , 0.0129728
0.0100577 , 0.0135135
0.00841926 , 0.0119357
0.00970483 , 0.0131737
0.010429 , 0.0138711
0.00924448 , 0.0127304
0.0108526 , 0.0142791
0.0100687 , 0.0135241
0.00991962 , 0.0133805
0.0108638 , 0.0142899
0.0110935 , 0.0145111
0.00862463 , 0.0121334
0.0098755 , 0.013338
0.0100964 , 0.0135507
0.00976534 , 0.013232
