0.00984016 , 0.00984016
0.0103122 , 0.0103122
0.00864984 , 0.00864984
0.0105946 , 0.0105946
0.0102066 , 0.0102066
0.0120335 , 0.0120335
0.0102492 , 0.0102492
0.010435 , 0.010435
0.0117671 , 0.0117671
0.0110543 , 0.0110543
0.0118184 , 0.0118184
0.00796947 , 0.00796947
0.00772414 , 0.00772414
0.00850968 , 0.00850968
0.00888095 , 0.00888095
0.00857524 , 0.00857524
0.0102606 , 0.0102606
0.0128274 , 0.0128274
0.00908365 , 0.00908365
0.010552 , 0.010552
0.00934692 , 0.00934692
0.00990327 , 0.00990327
0.00996455 , 0.00996455
0.0103122 , 0.0103122
0.00917812 , 0.00917812
0.00912166 , 0.00912166
0.00918266 , 0.00918266
0.00982451 , 0.00982451
0.0104707 , 0.0104707
0.00952928 , 0.00952928
0.0115074 , 0.0115074
0.0110308 , 0.0110308
0.00951951 , 0.00951951
0.00759874 , 0.00759874
0.0108885 , 0.0108885
0.0126633 , 0.0126633
0.00842172 , 0.00842172
0.0107694 , 0.0107694
0.00887456 , 0.00887456
0.00760036 , 0.00760036
0.00977015 , 0.00977015
0.0113288 , 0.0113288
0.0112087 , 0.0112087
0.0143233 , 0.0143233
0.0107251 , 0.0107251
0.0110274 , 0.0110274
0.00785294 , 0.00785294
0.00824307 , 0.00824307
0.0103267 , 0.0103267
0.0105036 , 0.0105036
0.0115037 , 0.0115037
0.00932109 , 0.00932109
0.00883636 , 0.00883636
0.0104409 , 0.0104409
0.00807991 , 0.00807991
0.00926061 , 0.00926061
0.0113288 , 0.0113288
0.0107535 , 0.0107535
0.0108045 , 0.0108045
0.00987424 , 0.00987424
0.0110073 , 0.0110073
0.00933751 , 0.00933751
0.0101757 , 0.0101757
0.0117671 , 0.0117671
0.0105307 , 0.0105307
0.00824867 , 0.00824867
0.0128372 , 0.0128372
0.00964568 , 0.00964568
0.00950245 , 0.00950245
0.010552 , 0.010552
0.0079274 , 0.0079274
0.00770911 , 0.00770911
0.0131422 , 0.0131422
0.0110106 , 0.0110106
0.00819298 , 0.00819298
0.0117358 , 0.0117358
0.00931875 , 0.00931875
0.0102634 , 0.0102634
0.0101589 , 0.0101589
0.0115485 , 0.0115485
0.00879427 , 0.00879427
0.0112332 , 0.0112332
0.00747815 , 0.00747815
0.0102777 , 0.0102777
0.0117358 , 0.0117358
0.00942285 , 0.00942285
0.00988478 , 0.00988478
0.0129167 , 0.0129167
0.00911269 , 0.00911269
0.0108205 , 0.0108205
0.01139 , 0.01139
0.00995919 , 0.00995919
0.010744 , 0.010744
0.0106038 , 0.0106038
0.0118702 , 0.0118702
0.00950245 , 0.00950245
0.00831448 , 0.00831448
0.00987424 , 0.00987424
0.00905922 , 0.00905922
0.00938236 , 0.00938236
