0.0114677 , 0.0114677
0.00810167 , 0.00810167
0.0118244 , 0.0118244
0.0115274 , 0.0115274
0.00844947 , 0.00844947
0.0113244 , 0.0113244
0.0102322 , 0.0102322
0.0108391 , 0.0108391
0.0104189 , 0.0104189
0.00878597 , 0.00878597
0.00887028 , 0.00887028
0.00979928 , 0.00979928
0.00961759 , 0.00961759
0.00895386 , 0.00895386
0.00936053 , 0.00936053
0.0119813 , 0.0119813
0.00997341 , 0.00997341
0.0107808 , 0.0107808
0.00925506 , 0.00925506
0.00982984 , 0.00982984
0.0109542 , 0.0109542
0.0106704 , 0.0106704
0.0109261 , 0.0109261
0.0112503 , 0.0112503
0.00841226 , 0.00841226
0.0100503 , 0.0100503
0.00959724 , 0.00959724
0.0109622 , 0.0109622
0.0116876 , 0.0116876
0.00948001 , 0.00948001
0.00943236 , 0.00943236
0.00858127 , 0.00858127
0.00818335 , 0.00818335
0.0090953 , 0.0090953
0.011391 , 0.011391
0.0105665 , 0.0105665
0.00908503 , 0.00908503
0.0117069 , 0.0117069
0.0112158 , 0.0112158
0.00898627 , 0.00898627
0.00969406 , 0.00969406
0.0113069 , 0.0113069
0.0107424 , 0.0107424
0.00945752 , 0.00945752
0.0109261 , 0.0109261
0.0134456 , 0.0134456
0.00956546 , 0.00956546
0.0110892 , 0.0110892
0.0145426 , 0.0145426
0.0107692 , 0.0107692
0.0118244 , 0.0118244
0.00981759 , 0.00981759
0.00920727 , 0.00920727
0.00876931 , 0.00876931
0.00776956 , 0.00776956
0.0117505 , 0.0117505
0.00905694 , 0.00905694
0.010031 , 0.010031
0.0107539 , 0.0107539
0.00966448 , 0.00966448
0.00996706 , 0.00996706
0.00986682 , 0.00986682
0.0089094 , 0.0089094
0.0112981 , 0.0112981
0.0102356 , 0.0102356
0.0124796 , 0.0124796
0.0123198 , 0.0123198
0.00960014 , 0.00960014
0.00872914 , 0.00872914
0.00767727 , 0.00767727
0.0116493 , 0.0116493
0.0109703 , 0.0109703
0.0101155 , 0.0101155
0.00964097 , 0.00964097
0.0113069 , 0.0113069
0.0114768 , 0.0114768
0.0113465 , 0.0113465
0.00980538 , 0.00980538
0.00881229 , 0.00881229
0.00983598 , 0.00983598
0.00907991 , 0.00907991
0.00999889 , 0.00999889
0.0107692 , 0.0107692
0.00946594 , 0.00946594
0.0102052 , 0.0102052
0.00994177 , 0.00994177
0.0113025 , 0.0113025
0.0117311 , 0.0117311
0.0105336 , 0.0105336
0.0106591 , 0.0106591
0.0115552 , 0.0115552
0.0114586 , 0.0114586
0.00977499 , 0.00977499
0.00973283 , 0.00973283
0.0104402 , 0.0104402
0.00849146 , 0.00849146
0.00973583 , 0.00973583
0.00891186 , 0.00891186
0.00891678 , 0.00891678
0.0104224 , 0.0104224
