0.00893001 , 0.00893001
0.0109684 , 0.0109684
0.00867481 , 0.00867481
0.00902898 , 0.00902898
0.00917339 , 0.00917339
0.0118573 , 0.0118573
0.0111163 , 0.0111163
0.00816503 , 0.00816503
0.00961628 , 0.00961628
0.0123106 , 0.0123106
0.00767614 , 0.00767614
0.0108263 , 0.0108263
0.00870982 , 0.00870982
0.00826918 , 0.00826918
0.00858219 , 0.00858219
0.0109237 , 0.0109237
0.00999883 , 0.00999883
0.00885889 , 0.00885889
0.00910048 , 0.00910048
0.00901132 , 0.00901132
0.0110137 , 0.0110137
0.0142112 , 0.0142112
0.0108215 , 0.0108215
0.00984101 , 0.00984101
0.00870171 , 0.00870171
0.0116112 , 0.0116112
0.0127217 , 0.0127217
0.015253 , 0.015253
0.00907649 , 0.00907649
0.00982632 , 0.00982632
0.0143217 , 0.0143217
0.00839121 , 0.00839121
0.00946708 , 0.00946708
0.0101517 , 0.0101517
0.00812095 , 0.00812095
0.0101397 , 0.0101397
0.0101238 , 0.0101238
0.00901426 , 0.00901426
0.0114368 , 0.0114368
0.0115874 , 0.0115874
0.0122819 , 0.0122819
0.00963015 , 0.00963015
0.00900545 , 0.00900545
0.00864545 , 0.00864545
0.0102041 , 0.0102041
0.00839121 , 0.00839121
0.00938493 , 0.00938493
0.00818375 , 0.00818375
0.0104648 , 0.0104648
0.0114539 , 0.0114539
0.00796738 , 0.00796738
0.0090408 , 0.0090408
0.0111846 , 0.0111846
0.0116591 , 0.0116591
0.011851 , 0.011851
0.0111111 , 0.0111111
0.01202 , 0.01202
0.0156247 , 0.0156247
0.00929504 , 0.00929504
0.0118446 , 0.0118446
0.00872609 , 0.00872609
0.011314 , 0.011314
0.00975736 , 0.00975736
0.0108796 , 0.0108796
0.0130237 , 0.0130237
0.00984469 , 0.00984469
0.0123251 , 0.0123251
0.010671 , 0.010671
0.00911555 , 0.00911555
0.0112976 , 0.0112976
0.00898499 , 0.00898499
0.00934292 , 0.00934292
0.00894728 , 0.00894728
0.0101119 , 0.0101119
0.0108119 , 0.0108119
0.00875336 , 0.00875336
0.0101437 , 0.0101437
0.0119475 , 0.0119475
0.0112758 , 0.0112758
0.0110086 , 0.0110086
0.0115874 , 0.0115874
0.00947706 , 0.00947706
0.00982632 , 0.00982632
0.0108893 , 0.0108893
0.0129118 , 0.0129118
0.00949376 , 0.00949376
0.0116471 , 0.0116471
0.00927291 , 0.00927291
0.00904672 , 0.00904672
0.0106526 , 0.0106526
0.0127136 , 0.0127136
0.00976096 , 0.00976096
0.00820492 , 0.00820492
0.0115874 , 0.0115874
0.00940775 , 0.00940775
0.00923215 , 0.00923215
0.010053 , 0.010053
0.010553 , 0.010553
0.0102367 , 0.0102367
0.00846895 , 0.00846895
