0.0122027 , 0.0122027
0.00861547 , 0.00861547
0.0124776 , 0.0124776
0.0114136 , 0.0114136
0.0112596 , 0.0112596
0.0134209 , 0.0134209
0.0106098 , 0.0106098
0.0101199 , 0.0101199
0.0142545 , 0.0142545
0.0118822 , 0.0118822
0.00981016 , 0.00981016
0.0132541 , 0.0132541
0.0099178 , 0.0099178
0.00931895 , 0.00931895
0.0100196 , 0.0100196
0.00911604 , 0.00911604
0.00953915 , 0.00953915
0.00939203 , 0.00939203
0.012113 , 0.012113
0.00908045 , 0.00908045
0.0102433 , 0.0102433
0.0112256 , 0.0112256
0.012221 , 0.012221
0.00893839 , 0.00893839
0.00930376 , 0.00930376
0.0105211 , 0.0105211
0.0108426 , 0.0108426
0.0116205 , 0.0116205
0.00904874 , 0.00904874
0.0129784 , 0.0129784
0.0111852 , 0.0111852
0.012295 , 0.012295
0.00991324 , 0.00991324
0.00921779 , 0.00921779
0.0111919 , 0.0111919
0.00947872 , 0.00947872
0.0120953 , 0.0120953
0.00931514 , 0.00931514
0.0072237 , 0.0072237
0.00865883 , 0.00865883
0.0096424 , 0.0096424
0.0104188 , 0.0104188
0.0114423 , 0.0114423
0.00805617 , 0.00805617
0.012295 , 0.012295
0.00940762 , 0.00940762
0.00804061 , 0.00804061
0.012671 , 0.012671
0.0114568 , 0.0114568
0.0130481 , 0.0130481
0.00760028 , 0.00760028
0.00788149 , 0.00788149
0.0101834 , 0.0101834
0.0136104 , 0.0136104
0.00974896 , 0.00974896
0.00893161 , 0.00893161
0.0115675 , 0.0115675
0.0100813 , 0.0100813
0.00914479 , 0.00914479
0.00907338 , 0.00907338
0.0120085 , 0.0120085
0.0131435 , 0.0131435
0.00714178 , 0.00714178
0.0169239 , 0.0169239
0.00934952 , 0.00934952
0.010701 , 0.010701
0.00927736 , 0.00927736
0.00830437 , 0.00830437
0.0098412 , 0.0098412
0.00904173 , 0.00904173
0.00850651 , 0.00850651
0.0102837 , 0.0102837
0.00955137 , 0.00955137
0.0130717 , 0.0130717
0.0111652 , 0.0111652
0.010701 , 0.010701
0.0118988 , 0.0118988
0.00896221 , 0.00896221
0.0099315 , 0.0099315
0.0114351 , 0.0114351
0.00863708 , 0.00863708
0.0104454 , 0.0104454
0.0124092 , 0.0124092
0.0104993 , 0.0104993
0.0101588 , 0.0101588
0.00981458 , 0.00981458
0.0108426 , 0.0108426
0.0109281 , 0.0109281
0.00981016 , 0.00981016
0.0100196 , 0.0100196
0.00945882 , 0.00945882
0.00912321 , 0.00912321
0.00957184 , 0.00957184
0.0106551 , 0.0106551
0.012113 , 0.012113
0.00965922 , 0.00965922
0.0118576 , 0.0118576
0.00820502 , 0.00820502
0.00738747 , 0.00738747
0.0102533 , 0.0102533
