0.00920439 , 0.00983069
0.0100902 , 0.0107033
0.0107268 , 0.0113304
0.0105236 , 0.0111302
0.0103743 , 0.0109832
0.0107864 , 0.0113892
0.00973845 , 0.0103568
0.0115011 , 0.0120933
0.00862305 , 0.00925809
0.0104706 , 0.0110781
0.0111656 , 0.0117628
0.00958064 , 0.0102013
0.0108556 , 0.0114573
0.0111465 , 0.011744
0.00986342 , 0.0104799
0.0100011 , 0.0106155
0.00881174 , 0.00944394
0.0087261 , 0.00935959
0.00903723 , 0.00966604
0.0107487 , 0.0113521
0.0108021 , 0.0114047
0.00903128 , 0.00966018
0.0104551 , 0.0110628
0.0107299 , 0.0113335
0.0102011 , 0.0108125
0.00911175 , 0.00973944
0.0100073 , 0.0106216
0.0102134 , 0.0108247
0.00895694 , 0.00958696
0.00807789 , 0.00872118
0.0103062 , 0.010916
0.0096807 , 0.0102999
0.00912369 , 0.0097512
0.0111084 , 0.0117065
0.0112229 , 0.0118192
0.0089926 , 0.00962208
0.0105236 , 0.0111302
0.00916551 , 0.0097924
0.0102134 , 0.0108247
0.00909982 , 0.00972769
0.0102969 , 0.0109069
0.00839163 , 0.00903017
0.00986952 , 0.0104859
0.0108934 , 0.0114946
0.00897477 , 0.00960452
0.0107581 , 0.0113613
0.00932733 , 0.00995178
0.0096807 , 0.0102999
0.00971716 , 0.0103358
0.00998886 , 0.0106034
0.0109029 , 0.0115039
0.0102907 , 0.0109008
0.0110007 , 0.0116004
0.0100165 , 0.0106306
0.0101733 , 0.0107852
0.00938746 , 0.010011
0.011137 , 0.0117346
0.0117687 , 0.0123571
0.0102073 , 0.0108186
0.00924033 , 0.00986609
0.00937542 , 0.00999916
0.00958064 , 0.0102013
0.00924632 , 0.00987199
0.0092014 , 0.00982775
0.0103402 , 0.0109496
0.0096079 , 0.0102282
0.00951713 , 0.0101387
0.0100226 , 0.0106367
0.0112197 , 0.0118161
0.00952015 , 0.0101417
0.0111942 , 0.011791
0.0118725 , 0.0124593
0.00915057 , 0.00977768
0.0106672 , 0.0112718
0.00892726 , 0.00955772
0.0109155 , 0.0115163
0.010124 , 0.0107366
0.010586 , 0.0111917
0.0117137 , 0.0123029
0.010081 , 0.0106942
0.0096807 , 0.0102999
0.00911772 , 0.00974532
0.0103899 , 0.0109985
0.0106422 , 0.0112471
0.00893616 , 0.00956649
0.00940552 , 0.0100288
0.00982984 , 0.0104468
0.00969285 , 0.0103118
0.010636 , 0.0112409
0.0115686 , 0.0121599
0.0107833 , 0.0113861
0.0118562 , 0.0124433
0.010365 , 0.010974
0.00887981 , 0.00951099
0.0104489 , 0.0110566
0.00882652 , 0.0094585
0.010235 , 0.010846
0.00921038 , 0.00983659
0.0102783 , 0.0108886
0.0114209 , 0.0120143
