0.00868685 , 0.00868685
0.0116326 , 0.0116326
0.0121726 , 0.0121726
0.00928453 , 0.00928453
0.0102915 , 0.0102915
0.00933476 , 0.00933476
0.00887452 , 0.00887452
0.0085525 , 0.0085525
0.0122083 , 0.0122083
0.0122323 , 0.0122323
0.00795525 , 0.00795525
0.0128462 , 0.0128462
0.0102413 , 0.0102413
0.00972242 , 0.00972242
0.0128314 , 0.0128314
0.00989485 , 0.00989485
0.0103297 , 0.0103297
0.0075143 , 0.0075143
0.00977525 , 0.00977525
0.0101493 , 0.0101493
0.0104406 , 0.0104406
0.0103233 , 0.0103233
0.0127587 , 0.0127587
0.00821361 , 0.00821361
0.00937649 , 0.00937649
0.00971197 , 0.00971197
0.00883917 , 0.00883917
0.00976461 , 0.00976461
0.0102978 , 0.0102978
0.00908313 , 0.00908313
0.00845467 , 0.00845467
0.0141408 , 0.0141408
0.00864262 , 0.00864262
0.0147733 , 0.0147733
0.00953956 , 0.00953956
0.00919091 , 0.00919091
0.0105627 , 0.0105627
0.0160977 , 0.0160977
0.0104606 , 0.0104606
0.0106973 , 0.0106973
0.00990041 , 0.00990041
0.0116624 , 0.0116624
0.01097 , 0.01097
0.013093 , 0.013093
0.00875444 , 0.00875444
0.00866097 , 0.00866097
0.00782973 , 0.00782973
0.010962 , 0.010962
0.00728188 , 0.00728188
0.00856318 , 0.00856318
0.011026 , 0.011026
0.00863531 , 0.00863531
0.00985081 , 0.00985081
0.0124062 , 0.0124062
0.0101614 , 0.0101614
0.0119229 , 0.0119229
0.0100896 , 0.0100896
0.0117331 , 0.0117331
0.0115067 , 0.0115067
0.00917777 , 0.00917777
0.0117229 , 0.0117229
0.0120338 , 0.0120338
0.00938584 , 0.00938584
0.0159273 , 0.0159273
0.0105558 , 0.0105558
0.00983446 , 0.00983446
0.00918653 , 0.00918653
0.0114597 , 0.0114597
0.0147452 , 0.0147452
0.00857031 , 0.00857031
0.00851019 , 0.00851019
0.0119338 , 0.0119338
0.010647 , 0.010647
0.00913008 , 0.00913008
0.0113318 , 0.0113318
0.0150691 , 0.0150691
0.0122323 , 0.0122323
0.01069 , 0.01069
0.0110831 , 0.0110831
0.0115545 , 0.0115545
0.012891 , 0.012891
0.00886663 , 0.00886663
0.0122687 , 0.0122687
0.0111162 , 0.0111162
0.010647 , 0.010647
0.0146356 , 0.0146356
0.0104273 , 0.0104273
0.00963468 , 0.00963468
0.008465 , 0.008465
0.00966022 , 0.00966022
0.00899548 , 0.00899548
0.00951501 , 0.00951501
0.00871296 , 0.00871296
0.00991154 , 0.00991154
0.0154322 , 0.0154322
0.0157271 , 0.0157271
0.0108305 , 0.0108305
0.00964487 , 0.00964487
0.0153287 , 0.0153287
0.00802897 , 0.00802897
