0.00928753 , 0.00928753
1 , 1
0.00962376 , 0.00962376
0.0122881 , 0.0122881
0.0081659 , 0.0081659
0.00931241 , 0.00931241
0.0163785 , 0.0163785
0.0104455 , 0.0104455
0.00965246 , 0.00965246
0.012011 , 0.012011
0.0107163 , 0.0107163
0.0105 , 0.0105
1 , 1
0.00915912 , 0.00915912
0.0100727 , 0.0100727
0.00853157 , 0.00853157
0.0139762 , 0.0139762
0.0119087 , 0.0119087
0.00884503 , 0.00884503
0.0100047 , 0.0100047
0.00921445 , 0.00921445
0.0096621 , 0.0096621
0.0115176 , 0.0115176
0.00852559 , 0.00852559
0.0130039 , 0.0130039
0.0096621 , 0.0096621
0.0120373 , 0.0120373
0.0108562 , 0.0108562
0.00937148 , 0.00937148
0.00959541 , 0.00959541
0.00687304 , 0.00687304
0.00911271 , 0.00911271
0.0102394 , 0.0102394
0.00911271 , 0.00911271
0.0103019 , 0.0103019
0.0120373 , 0.0120373
0.00919058 , 0.00919058
0.00944968 , 0.00944968
0.0109212 , 0.0109212
0.0106129 , 0.0106129
0.012011 , 0.012011
0.0111276 , 0.0111276
0.0103274 , 0.0103274
0.00994947 , 0.00994947
0.00788088 , 0.00788088
0.0084724 , 0.0084724
0.00963329 , 0.00963329
0.0108885 , 0.0108885
1 , 1
0.00861077 , 0.00861077
1 , 1
1 , 1
1 , 1
0.0117397 , 0.0117397
0.0174127 , 0.0174127
0.0123176 , 0.0123176
0.0102642 , 0.0102642
0.00971092 , 0.00971092
0.00743422 , 0.00743422
0.007371 , 0.007371
0.00867355 , 0.00867355
0.00871851 , 0.00871851
0.00668169 , 0.00668169
0.0105699 , 0.0105699
0.00800707 , 0.00800707
0.0080951 , 0.0080951
0.0100047 , 0.0100047
0.0153194 , 0.0153194
0.0105842 , 0.0105842
0.00855566 , 0.00855566
0.0109377 , 0.0109377
0.0105842 , 0.0105842
0.0113538 , 0.0113538
0.0109048 , 0.0109048
0.00978101 , 0.00978101
1 , 1
0.00905221 , 0.00905221
0.00784923 , 0.00784923
0.00700451 , 0.00700451
1 , 1
0.0121733 , 0.0121733
0.0113736 , 0.0113736
0.0120373 , 0.0120373
0.0130039 , 0.0130039
0.0106863 , 0.0106863
0.0114548 , 0.0114548
0.00695474 , 0.00695474
0.0124714 , 0.0124714
0.00783133 , 0.00783133
0.00722857 , 0.00722857
0.0116483 , 0.0116483
0.00704254 , 0.00704254
0.00994947 , 0.00994947
0.0102271 , 0.0102271
0.00828702 , 0.00828702
0.0138588 , 0.0138588
0.00849589 , 0.00849589
1 , 1
0.00899322 , 0.00899322
0.0144405 , 0.0144405
