0.0113147 , 0.0113147
0.0125951 , 0.0125951
0.0113147 , 0.0113147
0.00807991 , 0.00807991
0.00715064 , 0.00715064
0.0120333 , 0.0120333
0.00877353 , 0.00877353
1 , 1
1 , 1
0.0101969 , 0.0101969
0.00783999 , 0.00783999
0.0132879 , 0.0132879
1 , 1
0.0134844 , 0.0134844
0.0107539 , 0.0107539
0.00989542 , 0.00989542
0.00793727 , 0.00793727
0.0120333 , 0.0120333
0.011705 , 0.011705
1 , 1
1 , 1
0.0142081 , 0.0142081
1 , 1
0.00915099 , 0.00915099
0.00853659 , 0.00853659
1 , 1
0.0116747 , 0.0116747
0.00801601 , 0.00801601
1 , 1
0.00967839 , 0.00967839
0.00779291 , 0.00779291
0.0129951 , 0.0129951
1 , 1
0.00875746 , 0.00875746
0.0109397 , 0.0109397
0.0103398 , 0.0103398
0.00791528 , 0.00791528
0.0129951 , 0.0129951
0.00940433 , 0.00940433
0.0106381 , 0.0106381
0.0101969 , 0.0101969
0.00884737 , 0.00884737
0.0102435 , 0.0102435
0.0102123 , 0.0102123
0.0108971 , 0.0108971
0.0091799 , 0.0091799
0.00768188 , 0.00768188
0.0146265 , 0.0146265
1 , 1
1 , 1
0.0114736 , 0.0114736
0.0113927 , 0.0113927
0.00810958 , 0.00810958
0.0111905 , 0.0111905
0.0124194 , 0.0124194
0.0147449 , 0.0147449
1 , 1
0.00765254 , 0.00765254
0.00851495 , 0.00851495
0.0113147 , 0.0113147
0.0114463 , 0.0114463
0.00754818 , 0.00754818
0.00801029 , 0.00801029
0.0110502 , 0.0110502
0.0102123 , 0.0102123
0.0107146 , 0.0107146
0.0100338 , 0.0100338
0.00846528 , 0.00846528
1 , 1
0.0115292 , 0.0115292
0.0117669 , 0.0117669
0.0115292 , 0.0115292
0.0109833 , 0.0109833
0.0115862 , 0.0115862
1 , 1
0.0140254 , 0.0140254
0.0186601 , 0.0186601
0.0124194 , 0.0124194
0.00878973 , 0.00878973
0.00807991 , 0.00807991
0.012462 , 0.012462
1 , 1
0.0122963 , 0.0122963
1 , 1
0.0110277 , 0.0110277
0.00895859 , 0.00895859
0.00738307 , 0.00738307
0.00932006 , 0.00932006
0.0110277 , 0.0110277
0.0112893 , 0.0112893
1 , 1
0.00999139 , 0.00999139
0.00966626 , 0.00966626
1 , 1
0.00774681 , 0.00774681
1 , 1
1 , 1
0.00813965 , 0.00813965
0.00924887 , 0.00924887
0.00999139 , 0.00999139
