1 , 1
0.0112855 , 0.0112855
0.0127797 , 0.0127797
0.013326 , 0.013326
0.0183337 , 0.0183337
1 , 1
0.00989027 , 0.00989027
0.00953395 , 0.00953395
0.00687145 , 0.00687145
1 , 1
1 , 1
1 , 1
0.0105875 , 0.0105875
0.0088496 , 0.0088496
0.00870168 , 0.00870168
0.0131546 , 0.0131546
0.00921785 , 0.00921785
0.00893304 , 0.00893304
1 , 1
1 , 1
0.0114952 , 0.0114952
1 , 1
0.0103845 , 0.0103845
0.0154944 , 0.0154944
0.0093308 , 0.0093308
1 , 1
0.012039 , 0.012039
0.0125836 , 0.0125836
0.00966616 , 0.00966616
0.0127797 , 0.0127797
0.0115323 , 0.0115323
1 , 1
0.00957709 , 0.00957709
0.0138298 , 0.0138298
0.0082199 , 0.0082199
0.0110355 , 0.0110355
0.0137187 , 0.0137187
0.00835223 , 0.00835223
0.0127797 , 0.0127797
1 , 1
0.0116085 , 0.0116085
0.00859052 , 0.00859052
1 , 1
1 , 1
0.00821237 , 0.00821237
0.00830455 , 0.00830455
0.0142043 , 0.0142043
0.0160843 , 0.0160843
0.014841 , 0.014841
1 , 1
0.0111258 , 0.0111258
1 , 1
0.00838464 , 0.00838464
1 , 1
0.0108391 , 0.0108391
0.0100302 , 0.0100302
1 , 1
0.0112855 , 0.0112855
0.0119917 , 0.0119917
0.0138298 , 0.0138298
0.00836029 , 0.00836029
1 , 1
1 , 1
0.0079383 , 0.0079383
0.00966616 , 0.00966616
0.0102394 , 0.0102394
0.0102195 , 0.0102195
0.0073125 , 0.0073125
0.00855475 , 0.00855475
0.0129964 , 0.0129964
0.00890135 , 0.00890135
0.0103211 , 0.0103211
0.00851959 , 0.00851959
1 , 1
0.014841 , 0.014841
0.0108661 , 0.0108661
1 , 1
0.0131546 , 0.0131546
0.00804639 , 0.00804639
1 , 1
0.00990725 , 0.00990725
0.0142043 , 0.0142043
1 , 1
1 , 1
1 , 1
0.00799164 , 0.00799164
0.00985673 , 0.00985673
0.00915766 , 0.00915766
0.0126469 , 0.0126469
0.0105176 , 0.0105176
0.00868273 , 0.00868273
1 , 1
0.00871122 , 0.00871122
0.00754393 , 0.00754393
1 , 1
0.0108391 , 0.0108391
1 , 1
0.0124626 , 0.0124626
0.0087401 , 0.0087401
1 , 1
