0.0175752 , 0.0175752
1 , 1
0.0150498 , 0.0150498
0.00684409 , 0.00684409
1 , 1
1 , 1
1 , 1
1 , 1
0.00693486 , 0.00693486
0.00735749 , 0.00735749
0.00728328 , 0.00728328
1 , 1
1 , 1
1 , 1
0.0065332 , 0.0065332
0.00876635 , 0.00876635
1 , 1
1 , 1
0.0100677 , 0.0100677
0.00858333 , 0.00858333
1 , 1
0.0119355 , 0.0119355
1 , 1
0.00778141 , 0.00778141
0.0124071 , 0.0124071
1 , 1
1 , 1
0.00812331 , 0.00812331
1 , 1
1 , 1
1 , 1
0.0137847 , 0.0137847
0.00644301 , 0.00644301
0.0072701 , 0.0072701
0.00854356 , 0.00854356
0.0102911 , 0.0102911
0.00646833 , 0.00646833
1 , 1
1 , 1
0.01431 , 0.01431
0.0127622 , 0.0127622
0.013203 , 0.013203
1 , 1
0.0102245 , 0.0102245
0.00694035 , 0.00694035
0.00589582 , 0.00589582
0.00619992 , 0.00619992
0.0133771 , 0.0133771
1 , 1
1 , 1
1 , 1
1 , 1
0.0123026 , 0.0123026
0.0119355 , 0.0119355
0.00933417 , 0.00933417
1 , 1
0.0104322 , 0.0104322
0.0110856 , 0.0110856
1 , 1
0.0116298 , 0.0116298
0.012636 , 0.012636
1 , 1
0.00872247 , 0.00872247
1 , 1
1 , 1
0.00933417 , 0.00933417
0.00844152 , 0.00844152
1 , 1
1 , 1
0.00943784 , 0.00943784
0.0110856 , 0.0110856
1 , 1
1 , 1
0.00861033 , 0.00861033
0.0110856 , 0.0110856
0.0135696 , 0.0135696
0.010841 , 0.010841
0.0088419 , 0.0088419
0.00807185 , 0.00807185
0.0115607 , 0.0115607
0.0107516 , 0.0107516
0.013044 , 0.013044
0.00890466 , 0.00890466
0.00757657 , 0.00757657
0.00697358 , 0.00697358
0.0124071 , 0.0124071
0.00919821 , 0.00919821
0.00872247 , 0.00872247
1 , 1
0.0124071 , 0.0124071
1 , 1
1 , 1
1 , 1
1 , 1
0.00704191 , 0.00704191
1 , 1
0.0088419 , 0.0088419
0.0081129 , 0.0081129
0.00966457 , 0.00966457
1 , 1
