0.0065867 , 0.0065867
1 , 1
1 , 1
1 , 1
1 , 1
1 , 1
0.00877027 , 0.00877027
1 , 1
0.0103624 , 0.0103624
1 , 1
0.0103173 , 0.0103173
0.0093262 , 0.0093262
1 , 1
1 , 1
1 , 1
1 , 1
1 , 1
0.00848395 , 0.00848395
1 , 1
1 , 1
1 , 1
1 , 1
1 , 1
0.00968895 , 0.00968895
1 , 1
1 , 1
0.0077784 , 0.0077784
1 , 1
1 , 1
0.00866377 , 0.00866377
0.0132952 , 0.0132952
1 , 1
1 , 1
1 , 1
1 , 1
0.0111599 , 0.0111599
1 , 1
0.0104087 , 0.0104087
1 , 1
1 , 1
0.00633832 , 0.00633832
1 , 1
1 , 1
0.00657107 , 0.00657107
1 , 1
0.00839317 , 0.00839317
1 , 1
0.00708622 , 0.00708622
0.00836393 , 0.00836393
1 , 1
1 , 1
1 , 1
1 , 1
0.011758 , 0.011758
0.013562 , 0.013562
0.0062935 , 0.0062935
0.00822467 , 0.00822467
0.00675123 , 0.00675123
1 , 1
0.00839317 , 0.00839317
0.0100688 , 0.0100688
1 , 1
0.00774759 , 0.00774759
0.0109556 , 0.0109556
0.00888372 , 0.00888372
1 , 1
1 , 1
0.0125124 , 0.0125124
0.00610098 , 0.00610098
1 , 1
1 , 1
1 , 1
1 , 1
0.0108316 , 0.0108316
1 , 1
1 , 1
1 , 1
1 , 1
0.0147608 , 0.0147608
1 , 1
1 , 1
1 , 1
1 , 1
0.0154614 , 0.0154614
0.0147608 , 0.0147608
1 , 1
1 , 1
1 , 1
1 , 1
1 , 1
0.00685795 , 0.00685795
1 , 1
0.00608913 , 0.00608913
1 , 1
1 , 1
1 , 1
1 , 1
0.00978461 , 0.00978461
0.0071719 , 0.0071719
0.00812076 , 0.00812076
