1 , 1
0.00972146 , 0.00972146
0.00592599 , 0.00592599
1 , 1
1 , 1
1 , 1
0.00715284 , 0.00715284
0.00695981 , 0.00695981
1 , 1
1 , 1
1 , 1
0.00531625 , 0.00531625
1 , 1
1 , 1
1 , 1
1 , 1
1 , 1
1 , 1
1 , 1
1 , 1
1 , 1
1 , 1
1 , 1
0.00765743 , 0.00765743
1 , 1
1 , 1
1 , 1
1 , 1
1 , 1
1 , 1
1 , 1
1 , 1
0.0116154 , 0.0116154
0.0076459 , 0.0076459
1 , 1
1 , 1
1 , 1
0.00949602 , 0.00949602
0.00691488 , 0.00691488
1 , 1
0.014028 , 0.014028
0.00920674 , 0.00920674
1 , 1
1 , 1
1 , 1
1 , 1
1 , 1
0.0126346 , 0.0126346
1 , 1
1 , 1
0.0128883 , 0.0128883
1 , 1
1 , 1
1 , 1
1 , 1
0.00789319 , 0.00789319
1 , 1
1 , 1
0.0092365 , 0.0092365
1 , 1
1 , 1
0.00942722 , 0.00942722
1 , 1
1 , 1
0.00984686 , 0.00984686
1 , 1
1 , 1
1 , 1
1 , 1
1 , 1
1 , 1
0.0114933 , 0.0114933
1 , 1
1 , 1
1 , 1
0.00740079 , 0.00740079
1 , 1
1 , 1
1 , 1
0.00953152 , 0.00953152
1 , 1
1 , 1
1 , 1
1 , 1
1 , 1
0.0113796 , 0.0113796
0.00651037 , 0.00651037
1 , 1
0.00806147 , 0.00806147
0.0131882 , 0.0131882
1 , 1
1 , 1
1 , 1
0.0101828 , 0.0101828
0.00914879 , 0.00914879
1 , 1
1 , 1
1 , 1
1 , 1
0.0108251 , 0.0108251
