0.00901035 , 0.00905551
0.0101921 , 0.0102342
0.0103741 , 0.0104157
0.00967017 , 0.00971358
0.00918393 , 0.00922862
0.00967429 , 0.0097177
0.0101964 , 0.0102384
0.0118274 , 0.0118655
0.0106759 , 0.0107168
0.0108654 , 0.0109058
0.00985279 , 0.00989573
0.00977161 , 0.00981476
0.0112962 , 0.0113356
0.0106474 , 0.0106884
0.00934513 , 0.00938939
0.00987994 , 0.00992281
0.0088582 , 0.00890376
0.0101262 , 0.0101685
0.00971357 , 0.00975687
0.00941411 , 0.00945819
0.0125537 , 0.0125902
0.0100142 , 0.0100568
0.0106693 , 0.0107102
0.00989666 , 0.0099395
0.0110682 , 0.0111081
0.0100227 , 0.0100652
0.0102198 , 0.0102618
0.0100945 , 0.0101368
0.0100184 , 0.010061
0.0122936 , 0.0123307
0.00913786 , 0.00918268
0.0102049 , 0.0102469
0.0111064 , 0.0111462
0.00995744 , 0.0100001
0.0104798 , 0.0105212
0.00931681 , 0.00936115
0.0119333 , 0.0119712
0.00982985 , 0.00987286
0.0102561 , 0.010298
0.00846352 , 0.00851017
0.0112735 , 0.011313
0.00954063 , 0.00958438
0.0111581 , 0.0111979
0.0108764 , 0.0109168
0.00974464 , 0.00978786
0.00895091 , 0.00899622
0.00913387 , 0.00917869
0.0102326 , 0.0102746
0.00829144 , 0.00833857
0.00975086 , 0.00979406
0.0103999 , 0.0104415
0.00947317 , 0.0095171
0.00912387 , 0.00916872
0.0105102 , 0.0105515
0.0106256 , 0.0106666
0.0103956 , 0.0104372
0.0104647 , 0.0105061
0.00976538 , 0.00980855
0.00976538 , 0.00980855
0.0115228 , 0.0115617
0.0113577 , 0.011397
0.00812299 , 0.00817059
0.00822689 , 0.0082742
0.00923012 , 0.00927468
0.009782 , 0.00982512
0.00837535 , 0.00842225
0.00956317 , 0.00960687
0.0085367 , 0.00858315
0.00931277 , 0.00935712
0.00795992 , 0.00800799
0.00906801 , 0.00911301
0.00988203 , 0.0099249
0.0122743 , 0.0123114
0.0103719 , 0.0104135
0.011269 , 0.0113084
0.0102155 , 0.0102576
0.0106387 , 0.0106796
0.0101602 , 0.0102024
0.00860439 , 0.00865065
0.00944667 , 0.00949067
0.0100163 , 0.0100589
0.0102198 , 0.0102618
0.0103246 , 0.0103664
0.0103075 , 0.0103493
0.00899249 , 0.0090377
0.00880125 , 0.00884697
0.0102818 , 0.0103236
0.00979655 , 0.00983963
0.0100248 , 0.0100673
0.00947521 , 0.00951913
0.0112781 , 0.0113175
0.0107902 , 0.0108308
0.00995744 , 0.0100001
0.00995324 , 0.00999593
0.0101432 , 0.0101854
0.0107549 , 0.0107956
0.00934513 , 0.00938939
0.00914787 , 0.00919266
0.0106496 , 0.0106905
0.0116732 , 0.0117117
