1 , 1
1 , 1
1 , 1
1 , 1
1 , 1
0.00965035 , 0.00965035
1 , 1
0.00914962 , 0.00914962
1 , 1
1 , 1
0.00770745 , 0.00770745
1 , 1
0.00922278 , 0.00922278
1 , 1
1 , 1
0.00584705 , 0.00584705
0.00656571 , 0.00656571
1 , 1
1 , 1
1 , 1
1 , 1
1 , 1
0.0150835 , 0.0150835
1 , 1
1 , 1
1 , 1
1 , 1
1 , 1
0.00871504 , 0.00871504
0.00901276 , 0.00901276
0.00749353 , 0.00749353
1 , 1
1 , 1
0.00765119 , 0.00765119
1 , 1
1 , 1
1 , 1
1 , 1
1 , 1
1 , 1
1 , 1
0.007751 , 0.007751
1 , 1
1 , 1
1 , 1
1 , 1
1 , 1
1 , 1
1 , 1
1 , 1
1 , 1
1 , 1
1 , 1
1 , 1
1 , 1
1 , 1
1 , 1
0.00946518 , 0.00946518
1 , 1
1 , 1
0.00779579 , 0.00779579
1 , 1
0.00822871 , 0.00822871
0.0125641 , 0.0125641
1 , 1
1 , 1
1 , 1
0.00689682 , 0.00689682
1 , 1
1 , 1
1 , 1
1 , 1
1 , 1
1 , 1
1 , 1
0.00538418 , 0.00538418
1 , 1
0.00520701 , 0.00520701
1 , 1
1 , 1
1 , 1
1 , 1
1 , 1
1 , 1
1 , 1
1 , 1
0.010949 , 0.010949
0.0102392 , 0.0102392
0.00837476 , 0.00837476
0.00680528 , 0.00680528
1 , 1
1 , 1
1 , 1
0.00798886 , 0.00798886
1 , 1
1 , 1
1 , 1
0.00874241 , 0.00874241
1 , 1
1 , 1
