0.0108155 , 0.0108155
1 , 1
1 , 1
1 , 1
1 , 1
1 , 1
0.00899576 , 0.00899576
1 , 1
1 , 1
1 , 1
1 , 1
1 , 1
1 , 1
1 , 1
1 , 1
1 , 1
1 , 1
1 , 1
1 , 1
1 , 1
1 , 1
0.00695324 , 0.00695324
1 , 1
1 , 1
1 , 1
1 , 1
0.00793426 , 0.00793426
1 , 1
1 , 1
0.00689182 , 0.00689182
1 , 1
1 , 1
1 , 1
1 , 1
1 , 1
1 , 1
0.0127609 , 0.0127609
1 , 1
1 , 1
1 , 1
1 , 1
1 , 1
0.00730468 , 0.00730468
0.00916753 , 0.00916753
1 , 1
1 , 1
1 , 1
1 , 1
1 , 1
1 , 1
1 , 1
0.00596843 , 0.00596843
1 , 1
1 , 1
1 , 1
1 , 1
0.00931061 , 0.00931061
1 , 1
1 , 1
1 , 1
1 , 1
1 , 1
1 , 1
1 , 1
0.00754754 , 0.00754754
1 , 1
1 , 1
1 , 1
0.00603513 , 0.00603513
1 , 1
1 , 1
1 , 1
0.00668587 , 0.00668587
0.00941416 , 0.00941416
1 , 1
0.0112926 , 0.0112926
1 , 1
0.00714225 , 0.00714225
1 , 1
1 , 1
1 , 1
1 , 1
0.00895571 , 0.00895571
1 , 1
1 , 1
0.0062419 , 0.0062419
1 , 1
1 , 1
1 , 1
1 , 1
1 , 1
1 , 1
1 , 1
1 , 1
1 , 1
0.00737214 , 0.00737214
0.0068328 , 0.0068328
1 , 1
1 , 1
0.0123305 , 0.0123305
