1 , 1
1 , 1
1 , 1
1 , 1
1 , 1
1 , 1
1 , 1
0.00890761 , 0.00890761
1 , 1
1 , 1
1 , 1
1 , 1
1 , 1
1 , 1
0.00916945 , 0.00916945
1 , 1
0.00713422 , 0.00713422
1 , 1
1 , 1
1 , 1
1 , 1
1 , 1
1 , 1
1 , 1
1 , 1
1 , 1
0.00796024 , 0.00796024
1 , 1
1 , 1
1 , 1
1 , 1
1 , 1
1 , 1
1 , 1
1 , 1
1 , 1
1 , 1
1 , 1
1 , 1
1 , 1
1 , 1
1 , 1
1 , 1
0.00601566 , 0.00601566
1 , 1
1 , 1
1 , 1
0.0114779 , 0.0114779
0.00853068 , 0.00853068
1 , 1
1 , 1
1 , 1
1 , 1
1 , 1
1 , 1
1 , 1
0.0100017 , 0.0100017
1 , 1
1 , 1
1 , 1
1 , 1
1 , 1
0.00771052 , 0.00771052
1 , 1
1 , 1
1 , 1
1 , 1
1 , 1
1 , 1
1 , 1
1 , 1
0.00886051 , 0.00886051
1 , 1
1 , 1
1 , 1
1 , 1
1 , 1
1 , 1
1 , 1
1 , 1
1 , 1
0.0114779 , 0.0114779
1 , 1
1 , 1
0.00707939 , 0.00707939
1 , 1
0.00544865 , 0.00544865
1 , 1
1 , 1
1 , 1
1 , 1
1 , 1
1 , 1
0.0050591 , 0.0050591
1 , 1
1 , 1
0.00746226 , 0.00746226
1 , 1
1 , 1
1 , 1
