1 , 1
1 , 1
1 , 1
1 , 1
0.0056528 , 0.0056528
0.00973319 , 0.00973319
1 , 1
1 , 1
1 , 1
1 , 1
1 , 1
1 , 1
1 , 1
1 , 1
1 , 1
1 , 1
1 , 1
1 , 1
1 , 1
1 , 1
1 , 1
1 , 1
1 , 1
1 , 1
1 , 1
1 , 1
1 , 1
1 , 1
1 , 1
1 , 1
1 , 1
1 , 1
1 , 1
1 , 1
1 , 1
1 , 1
1 , 1
1 , 1
1 , 1
1 , 1
1 , 1
1 , 1
1 , 1
1 , 1
1 , 1
1 , 1
1 , 1
1 , 1
1 , 1
1 , 1
1 , 1
1 , 1
1 , 1
1 , 1
1 , 1
1 , 1
1 , 1
1 , 1
0.00846467 , 0.00846467
1 , 1
1 , 1
1 , 1
1 , 1
1 , 1
1 , 1
1 , 1
0.00666777 , 0.00666777
0.00713596 , 0.00713596
0.00658864 , 0.00658864
1 , 1
1 , 1
1 , 1
1 , 1
1 , 1
1 , 1
1 , 1
1 , 1
1 , 1
1 , 1
1 , 1
1 , 1
1 , 1
1 , 1
1 , 1
1 , 1
1 , 1
1 , 1
1 , 1
1 , 1
0.00654342 , 0.00654342
1 , 1
1 , 1
1 , 1
1 , 1
1 , 1
1 , 1
1 , 1
1 , 1
1 , 1
1 , 1
