0.00864514 , 0.00864934
0.010414 , 0.0104176
0.00907823 , 0.00908226
0.0114035 , 0.0114068
0.0105026 , 0.0105061
0.0113033 , 0.0113066
0.010568 , 0.0105715
0.0100628 , 0.0100665
0.00906606 , 0.00907011
0.0113864 , 0.0113897
0.0112482 , 0.0112515
0.00972241 , 0.00972621
0.00987823 , 0.00988199
0.00968379 , 0.00968761
0.00926583 , 0.0092698
0.00974269 , 0.00974649
0.00915324 , 0.00915725
0.00938315 , 0.00938707
0.00832533 , 0.00832966
0.00991191 , 0.00991565
0.00867528 , 0.00867947
0.00996262 , 0.00996634
0.00901754 , 0.0090216
0.0103048 , 0.0103084
0.0114723 , 0.0114756
0.0102796 , 0.0102832
0.0107604 , 0.0107639
0.0108886 , 0.010892
0.0114164 , 0.0114197
0.00956328 , 0.00956715
0.00965995 , 0.00966378
0.00996827 , 0.00997199
0.00949268 , 0.00949657
0.00864179 , 0.008646
0.0105719 , 0.0105755
0.00912178 , 0.0091258
0.0102332 , 0.0102368
0.0102776 , 0.0102812
0.00836114 , 0.00836545
0.00990067 , 0.00990442
0.00932078 , 0.00932473
0.00884935 , 0.00885348
0.00891084 , 0.00891494
0.0102815 , 0.0102851
0.00865685 , 0.00866105
0.00979078 , 0.00979456
0.0102563 , 0.01026
0.0094064 , 0.00941032
0.00969114 , 0.00969495
0.0106558 , 0.0106593
0.00979078 , 0.00979456
0.0106939 , 0.0106974
0.00948547 , 0.00948936
0.0101352 , 0.0101389
0.00964348 , 0.00964731
0.0107786 , 0.0107821
0.0126685 , 0.0126714
0.00946925 , 0.00947314
0.0108886 , 0.010892
0.0104789 , 0.0104824
0.011012 , 0.0110154
0.00953245 , 0.00953633
0.01056 , 0.0105635
0.0100306 , 0.0100343
0.0105303 , 0.0105338
0.00976116 , 0.00976495
0.0104513 , 0.0104549
0.00936886 , 0.00937279
0.0119166 , 0.0119197
0.00878482 , 0.00878896
0.00840197 , 0.00840627
0.0110888 , 0.0110921
0.0104474 , 0.0104509
0.0110265 , 0.0110298
0.0107321 , 0.0107356
0.0109234 , 0.0109268
0.0111013 , 0.0111046
0.00977041 , 0.0097742
0.0104022 , 0.0104058
0.00964348 , 0.00964731
0.0112334 , 0.0112367
0.00966545 , 0.00966927
0.0104552 , 0.0104588
0.0120203 , 0.0120234
0.0101295 , 0.0101332
0.00989506 , 0.00989881
0.00905738 , 0.00906143
0.0094999 , 0.00950379
0.00967278 , 0.0096766
0.00915149 , 0.0091555
0.00900371 , 0.00900778
0.00896406 , 0.00896814
0.0104749 , 0.0104785
0.00977781 , 0.0097816
0.0103222 , 0.0103258
0.0104277 , 0.0104313
0.00966361 , 0.00966744
0.00980562 , 0.00980939
0.00886469 , 0.00886881
0.0101276 , 0.0101313
