0.0103729 , 0.0103729
0.0101629 , 0.0101629
0.00865221 , 0.00865221
0.0103705 , 0.0103705
0.0124542 , 0.0124542
0.0109402 , 0.0109402
0.00886931 , 0.00886931
0.00968766 , 0.00968766
0.0100604 , 0.0100604
0.0097134 , 0.0097134
0.0104781 , 0.0104781
0.0113614 , 0.0113614
0.0129393 , 0.0129393
0.00953285 , 0.00953285
0.00942095 , 0.00942095
0.00998906 , 0.00998906
0.0105913 , 0.0105913
0.0111889 , 0.0111889
0.00934879 , 0.00934879
0.0104672 , 0.0104672
0.00916941 , 0.00916941
0.0101154 , 0.0101154
0.0109186 , 0.0109186
0.0103858 , 0.0103858
0.00938791 , 0.00938791
0.0102535 , 0.0102535
0.0105137 , 0.0105137
0.0090074 , 0.0090074
0.010108 , 0.010108
0.0100941 , 0.0100941
0.00953545 , 0.00953545
0.0098614 , 0.0098614
0.0100772 , 0.0100772
0.010613 , 0.010613
0.0102255 , 0.0102255
0.00949334 , 0.00949334
0.00940108 , 0.00940108
0.0101737 , 0.0101737
0.00985556 , 0.00985556
0.0090784 , 0.0090784
0.00925255 , 0.00925255
0.00972729 , 0.00972729
0.0104358 , 0.0104358
0.00885641 , 0.00885641
0.00875014 , 0.00875014
0.0102411 , 0.0102411
0.0100646 , 0.0100646
0.010073 , 0.010073
0.00994049 , 0.00994049
0.0100573 , 0.0100573
0.00984391 , 0.00984391
0.00924943 , 0.00924943
0.0103658 , 0.0103658
0.0108973 , 0.0108973
0.0103137 , 0.0103137
0.00967123 , 0.00967123
0.0111591 , 0.0111591
0.0101639 , 0.0101639
0.0100657 , 0.0100657
0.00930543 , 0.00930543
0.0102144 , 0.0102144
0.0105149 , 0.0105149
0.0095994 , 0.0095994
0.00972544 , 0.00972544
0.00986237 , 0.00986237
0.00951732 , 0.00951732
0.00907107 , 0.00907107
0.00948057 , 0.00948057
0.0090968 , 0.0090968
0.0108592 , 0.0108592
0.0102456 , 0.0102456
0.00979972 , 0.00979972
0.00956243 , 0.00956243
0.010316 , 0.010316
0.0104757 , 0.0104757
0.0102445 , 0.0102445
0.0111732 , 0.0111732
0.00987214 , 0.00987214
0.0100878 , 0.0100878
0.0103045 , 0.0103045
0.0101661 , 0.0101661
0.010556 , 0.010556
0.0114554 , 0.0114554
0.010599 , 0.010599
0.0108592 , 0.0108592
0.00897611 , 0.00897611
0.0102557 , 0.0102557
0.0108916 , 0.0108916
0.0109058 , 0.0109058
0.0101781 , 0.0101781
0.0105472 , 0.0105472
0.0102167 , 0.0102167
0.00988489 , 0.00988489
0.00966487 , 0.00966487
0.00883819 , 0.00883819
0.0108789 , 0.0108789
0.0109229 , 0.0109229
0.0100168 , 0.0100168
0.0101272 , 0.0101272
0.0116591 , 0.0116591
