0.0166442 , 0.0166442
0.0091249 , 0.0091249
0.0124763 , 0.0124763
0.00876954 , 0.00876954
0.00935608 , 0.00935608
0.0099637 , 0.0099637
0.0109602 , 0.0109602
0.0111358 , 0.0111358
0.00868972 , 0.00868972
0.00868972 , 0.00868972
0.0137214 , 0.0137214
0.00958865 , 0.00958865
0.0104356 , 0.0104356
0.00964436 , 0.00964436
0.00874599 , 0.00874599
0.00932318 , 0.00932318
0.0137214 , 0.0137214
0.00965747 , 0.00965747
0.00977077 , 0.00977077
0.0128462 , 0.0128462
0.00824362 , 0.00824362
0.00938585 , 0.00938585
0.00875119 , 0.00875119
0.00908339 , 0.00908339
0.00892372 , 0.00892372
0.0120807 , 0.0120807
0.00960135 , 0.00960135
0.01122 , 0.01122
0.00986703 , 0.00986703
0.00919411 , 0.00919411
0.00983759 , 0.00983759
0.0100276 , 0.0100276
0.00930159 , 0.00930159
0.00900022 , 0.00900022
0.00927673 , 0.00927673
0.0114624 , 0.0114624
0.0105056 , 0.0105056
0.00874859 , 0.00874859
0.0143125 , 0.0143125
0.00905522 , 0.00905522
0.0102908 , 0.0102908
0.0118339 , 0.0118339
0.0102106 , 0.0102106
0.0120285 , 0.0120285
0.00899122 , 0.00899122
0.0101053 , 0.0101053
0.0110361 , 0.0110361
0.00956769 , 0.00956769
0.0109144 , 0.0109144
0.00910242 , 0.00910242
0.0114135 , 0.0114135
0.00986703 , 0.00986703
0.00972456 , 0.00972456
0.0107839 , 0.0107839
0.00993259 , 0.00993259
0.00950628 , 0.00950628
0.00955523 , 0.00955523
0.0119123 , 0.0119123
0.0129598 , 0.0129598
0.00994807 , 0.00994807
1 , 1
0.00995327 , 0.00995327
0.0102167 , 0.0102167
0.00949825 , 0.00949825
0.0100495 , 0.0100495
0.0113312 , 0.0113312
0.0111461 , 0.0111461
0.00818801 , 0.00818801
0.0106086 , 0.0106086
0.0113312 , 0.0113312
0.00895275 , 0.00895275
0.0104083 , 0.0104083
0.0118035 , 0.0118035
0.0082281 , 0.0082281
0.0110264 , 0.0110264
0.00981823 , 0.00981823
0.00972456 , 0.00972456
0.0109695 , 0.0109695
0.0104985 , 0.0104985
0.0110458 , 0.0110458
0.00964001 , 0.00964001
0.0108698 , 0.0108698
0.0110556 , 0.0110556
0.00862306 , 0.00862306
0.00947045 , 0.00947045
0.00908655 , 0.00908655
0.00948231 , 0.00948231
0.0111358 , 0.0111358
0.0116178 , 0.0116178
0.0136326 , 0.0136326
0.0139138 , 0.0139138
0.0120632 , 0.0120632
0.0139655 , 0.0139655
0.0137214 , 0.0137214
0.00946259 , 0.00946259
0.00925223 , 0.00925223
0.0123479 , 0.0123479
1 , 1
0.00985716 , 0.00985716
0.0117297 , 0.0117297
