0.00934802 , 0.00934802
0.0133224 , 0.0133224
0.0111742 , 0.0111742
0.0178713 , 0.0178713
0.0105245 , 0.0105245
0.00986503 , 0.00986503
0.0092712 , 0.0092712
0.0136018 , 0.0136018
0.0100594 , 0.0100594
0.0105918 , 0.0105918
0.00950815 , 0.00950815
0.00963519 , 0.00963519
0.00912348 , 0.00912348
0.0104239 , 0.0104239
0.00949799 , 0.00949799
0.0112455 , 0.0112455
0.0136018 , 0.0136018
0.00977281 , 0.00977281
0.0144616 , 0.0144616
0.0134843 , 0.0134843
0.00922763 , 0.00922763
0.0114469 , 0.0114469
0.010869 , 0.010869
0.0101696 , 0.0101696
0.0116763 , 0.0116763
0.00986503 , 0.00986503
0.0111328 , 0.0111328
0.0124314 , 0.0124314
0.00973147 , 0.00973147
0.0103716 , 0.0103716
0.0132718 , 0.0132718
0.011899 , 0.011899
0.00786107 , 0.00786107
0.00989051 , 0.00989051
0.0098152 , 0.0098152
0.0110924 , 0.0110924
0.00885565 , 0.00885565
0.0155995 , 0.0155995
0.00791856 , 0.00791856
0.0122079 , 0.0122079
0.0106215 , 0.0106215
0.00860147 , 0.00860147
0.0119653 , 0.0119653
0.0109769 , 0.0109769
0.011794 , 0.011794
0.0108232 , 0.0108232
0.00916022 , 0.00916022
1 , 1
0.0090718 , 0.0090718
0.0101173 , 0.0101173
0.0127986 , 0.0127986
1 , 1
0.0103975 , 0.0103975
0.0101696 , 0.0101696
0.0080738 , 0.0080738
0.0111328 , 0.0111328
0.0119429 , 0.0119429
0.0129148 , 0.0129148
0.0106315 , 0.0106315
1 , 1
0.00946788 , 0.00946788
0.00891509 , 0.00891509
1 , 1
0.0105151 , 0.0105151
0.00948789 , 0.00948789
0.00985243 , 0.00985243
0.0109042 , 0.0109042
0.0105245 , 0.0105245
0.00921906 , 0.00921906
0.0137954 , 0.0137954
0.0133747 , 0.0133747
0.0105723 , 0.0105723
0.0102797 , 0.0102797
0.00947785 , 0.00947785
0.0095599 , 0.0095599
0.0109042 , 0.0109042
0.0117146 , 0.0117146
0.0121313 , 0.0121313
0.0129971 , 0.0129971
0.00799232 , 0.00799232
0.00927563 , 0.00927563
0.00851818 , 0.00851818
0.0145676 , 0.0145676
1 , 1
1 , 1
0.00959175 , 0.00959175
0.0077838 , 0.0077838
0.0115488 , 0.0115488
0.00990989 , 0.00990989
0.00896937 , 0.00896937
0.0096025 , 0.0096025
0.0111742 , 0.0111742
0.0110019 , 0.0110019
0.00992293 , 0.00992293
0.0100881 , 0.0100881
0.0110019 , 0.0110019
0.00912752 , 0.00912752
0.00831546 , 0.00831546
0.00918518 , 0.00918518
0.00944811 , 0.00944811
