0.00897344 , 0.00897344
0.0102286 , 0.0102286
0.0126796 , 0.0126796
1 , 1
1 , 1
0.00714083 , 0.00714083
1 , 1
1 , 1
1 , 1
0.0111715 , 0.0111715
0.0125005 , 0.0125005
1 , 1
0.00795944 , 0.00795944
0.00969966 , 0.00969966
0.00930475 , 0.00930475
1 , 1
0.0129989 , 0.0129989
1 , 1
1 , 1
1 , 1
0.010355 , 0.010355
0.0109553 , 0.0109553
1 , 1
1 , 1
1 , 1
0.0107181 , 0.0107181
0.00875925 , 0.00875925
1 , 1
0.00864569 , 0.00864569
0.0101285 , 0.0101285
0.00986421 , 0.00986421
0.0106703 , 0.0106703
1 , 1
0.0102636 , 0.0102636
1 , 1
0.0137696 , 0.0137696
1 , 1
0.0131233 , 0.0131233
1 , 1
1 , 1
0.0107929 , 0.0107929
0.00880988 , 0.00880988
1 , 1
0.0096526 , 0.0096526
0.00950949 , 0.00950949
0.00855117 , 0.00855117
1 , 1
0.00861162 , 0.00861162
0.00950949 , 0.00950949
0.0105792 , 0.0105792
0.00978592 , 0.00978592
1 , 1
0.00902487 , 0.00902487
0.00814176 , 0.00814176
0.00864569 , 0.00864569
1 , 1
1 , 1
1 , 1
1 , 1
1 , 1
1 , 1
1 , 1
0.0089378 , 0.0089378
0.0119484 , 0.0119484
0.0102995 , 0.0102995
0.00967593 , 0.00967593
1 , 1
1 , 1
1 , 1
0.00939862 , 0.00939862
1 , 1
0.00978592 , 0.00978592
1 , 1
0.00849315 , 0.00849315
0.0118382 , 0.0118382
0.0076872 , 0.0076872
1 , 1
1 , 1
0.00855117 , 0.00855117
1 , 1
0.0101945 , 0.0101945
0.00823372 , 0.00823372
0.0114665 , 0.0114665
0.012198 , 0.012198
1 , 1
1 , 1
0.00802141 , 0.00802141
0.0103177 , 0.0103177
1 , 1
0.00964107 , 0.00964107
0.00797378 , 0.00797378
1 , 1
0.00736565 , 0.00736565
0.00770204 , 0.00770204
0.00835525 , 0.00835525
0.0116873 , 0.0116873
1 , 1
1 , 1
0.00896624 , 0.00896624
1 , 1
