0.0670928 , 0.0593718 , 0.0696087
0.0670928 , 0.0669316 , 0.0428423
0.0670928 , 0.0701413 , 0.0696087
0.0670928 , 0.0774512 , 0.0748774
0.0670928 , 0.0561302 , 0.0696087
0.0670928 , 0.0701413 , 0.0938569
0.0670928 , 0.0555909 , 0.12857
0.0670928 , 0.050225 , 0.0748774
0.0670928 , 0.0669316 , 0.0377074
0.0670928 , 0.0706729 , 0.053438
0.0670928 , 0.0789714 , 0.0188729
0.0670928 , 0.0696087 , 0.027915
0.0670928 , 0.066394 , 0.0377074
0.0670928 , 0.0653169 , 0.0696087
0.0670928 , 0.0743572 , 0.0480971
0.0670928 , 0.0555909 , 0.079974
0.0670928 , 0.0593718 , 0.0480971
0.0670928 , 0.0572097 , 0.0480971
0.0670928 , 0.0566698 , 0.0894698
0.0670928 , 0.0706729 , 0.0188729
0.0670928 , 0.066394 , 0.053438
0.0670928 , 0.058831 , 0.0894698
0.0670928 , 0.0674686 , 0.0642379
0.0670928 , 0.07796 , 0.0480971
0.0670928 , 0.0764274 , 0.102043
0.0670928 , 0.0653169 , 0.0938569
0.0670928 , 0.0717325 , 0.0428423
0.0670928 , 0.0631576 , 0.105921
0.0670928 , 0.069075 , 0.0480971
0.0670928 , 0.0636979 , 0.0327235
0.0670928 , 0.0680049 , 0.0696087
0.0670928 , 0.0658557 , 0.0748774
0.0670928 , 0.0669316 , 0.0428423
0.0670928 , 0.0669316 , 0.0642379
0.0670928 , 0.0658557 , 0.079974
0.0670928 , 0.0759126 , 0.058831
0.0670928 , 0.0620763 , 0.058831
0.0670928 , 0.0669316 , 0.0232964
0.0670928 , 0.0674686 , 0.053438
0.0670928 , 0.0717325 , 0.0232964
0.0670928 , 0.0784668 , 0.079974
0.0670928 , 0.0642379 , 0.105921
0.0670928 , 0.0642379 , 0.0377074
0.0670928 , 0.0572097 , 0.102043
0.0670928 , 0.066394 , 0.0894698
0.0670928 , 0.0743572 , 0.0938569
0.0670928 , 0.0620763 , 0.0894698
0.0670928 , 0.0774512 , 0.058831
0.0670928 , 0.0626171 , 0.0480971
0.0670928 , 0.0680049 , 0.0377074
0.0670928 , 0.0582904 , 0.109707
0.0670928 , 0.0712033 , 0.079974
0.0670928 , 0.0722603 , 0.0894698
0.0670928 , 0.0647776 , 0.0848452
0.0670928 , 0.0636979 , 0.0642379
0.0670928 , 0.0653169 , 0.0848452
0.0670928 , 0.0669316 , 0.079974
0.0670928 , 0.066394 , 0.053438
0.0670928 , 0.0653169 , 0.109707
0.0670928 , 0.069075 , 0.0938569
0.0670928 , 0.0636979 , 0.0428423
0.0670928 , 0.0748774 , 0.079974
0.0670928 , 0.0685404 , 0.0696087
0.0670928 , 0.0636979 , 0.0188729
0.0670928 , 0.0696087 , 0.0980353
0.0670928 , 0.0620763 , 0.0480971
0.0670928 , 0.0748774 , 0.0642379
0.0670928 , 0.069075 , 0.0848452
0.0670928 , 0.0631576 , 0.079974
0.0670928 , 0.0653169 , 0.0642379
0.0670928 , 0.0620763 , 0.0480971
0.0670928 , 0.0609945 , 0.117155
0.0670928 , 0.0696087 , 0.0894698
0.0670928 , 0.0626171 , 0.079974
0.0670928 , 0.0733118 , 0.058831
0.0670928 , 0.0647776 , 0.053438
0.0670928 , 0.0674686 , 0.0696087
0.0670928 , 0.0706729 , 0.058831
0.0670928 , 0.0626171 , 0.0894698
0.0670928 , 0.0674686 , 0.0980353
0.0670928 , 0.052901 , 0.0480971
0.0670928 , 0.0615355 , 0.0428423
0.0670928 , 0.0669316 , 0.058831
0.0670928 , 0.0701413 , 0.0696087
0.0670928 , 0.0701413 , 0.058831
0.0670928 , 0.0599126 , 0.0848452
0.0670928 , 0.079974 , 0.053438
0.0670928 , 0.0674686 , 0.058831
0.0670928 , 0.0647776 , 0.0696087
0.0670928 , 0.0769403 , 0.0377074
0.0670928 , 0.0680049 , 0.0327235
0.0670928 , 0.0615355 , 0.109707
0.0670928 , 0.0733118 , 0.079974
0.0670928 , 0.0712033 , 0.0480971
0.0670928 , 0.0507589 , 0.0894698
0.0670928 , 0.0685404 , 0.0696087
0.0670928 , 0.0620763 , 0.058831
0.0670928 , 0.0609945 , 0.027915
0.0670928 , 0.0717325 , 0.0642379
0.0670928 , 0.0658557 , 0.109707
