0.161755 , 0.161827 , 0.185575
0.161755 , 0.161827 , 0.157696
0.161755 , 0.160403 , 0.151603
0.161755 , 0.158356 , 0.157696
0.161755 , 0.163305 , 0.151603
0.161755 , 0.164066 , 0.146221
0.161755 , 0.157047 , 0.185575
0.161755 , 0.156407 , 0.164843
0.161755 , 0.159709 , 0.164843
0.161755 , 0.159027 , 0.173671
0.161755 , 0.160403 , 0.151603
0.161755 , 0.159709 , 0.157696
0.161755 , 0.163305 , 0.141345
0.161755 , 0.168987 , 0.157696
0.161755 , 0.161108 , 0.185575
0.161755 , 0.158356 , 0.185575
0.161755 , 0.155777 , 0.185575
0.161755 , 0.161108 , 0.151603
0.161755 , 0.165635 , 0.141345
0.161755 , 0.162559 , 1
0.161755 , 0.170787 , 0.146221
0.161755 , 0.159027 , 0.146221
0.161755 , 0.159027 , 0.185575
0.161755 , 0.161827 , 0.173671
0.161755 , 0.166445 , 0.173671
0.161755 , 0.157047 , 0.157696
0.161755 , 0.160403 , 0.173671
0.161755 , 0.156407 , 0.151603
0.161755 , 0.159027 , 0.185575
0.161755 , 0.159027 , 0.151603
0.161755 , 0.161108 , 0.157696
0.161755 , 0.165635 , 0.164843
0.161755 , 0.165635 , 0.185575
0.161755 , 0.160403 , 0.164843
0.161755 , 0.164066 , 0.141345
0.161755 , 0.157696 , 0.185575
0.161755 , 0.159027 , 0.164843
0.161755 , 0.16812 , 0.173671
0.161755 , 0.164066 , 0.164843
0.161755 , 0.163305 , 0.164843
0.161755 , 0.159709 , 0.157696
0.161755 , 0.165635 , 0.173671
0.161755 , 0.159709 , 0.146221
0.161755 , 0.160403 , 0.157696
0.161755 , 0.159709 , 0.157696
0.161755 , 0.157047 , 0.146221
0.161755 , 0.161108 , 0.164843
0.161755 , 0.165635 , 0.185575
0.161755 , 0.163305 , 0.204939
0.161755 , 0.159027 , 0.157696
0.161755 , 0.164066 , 0.185575
0.161755 , 0.152176 , 0.151603
0.161755 , 0.159027 , 0.164843
0.161755 , 0.167273 , 0.157696
0.161755 , 0.162559 , 0.157696
0.161755 , 0.162559 , 0.136837
0.161755 , 0.169876 , 0.185575
0.161755 , 0.160403 , 0.141345
0.161755 , 0.168987 , 0.157696
0.161755 , 0.153344 , 0.157696
0.161755 , 0.164843 , 0.157696
0.161755 , 0.166445 , 0.164843
0.161755 , 0.160403 , 0.164843
0.161755 , 0.168987 , 0.146221
0.161755 , 0.161108 , 0.151603
0.161755 , 0.164066 , 0.157696
0.161755 , 0.158356 , 0.185575
0.161755 , 0.170787 , 0.185575
0.161755 , 0.159709 , 0.173671
0.161755 , 0.16812 , 0.173671
0.161755 , 0.159027 , 0.151603
0.161755 , 0.164066 , 0.173671
0.161755 , 0.155777 , 0.12857
0.161755 , 0.166445 , 0.164843
0.161755 , 0.161827 , 0.151603
0.161755 , 0.172683 , 0.164843
0.161755 , 0.159709 , 0.136837
0.161755 , 0.151603 , 0.141345
0.161755 , 0.165635 , 0.136837
0.161755 , 0.169876 , 0.157696
0.161755 , 0.161108 , 0.173671
0.161755 , 0.16812 , 0.157696
0.161755 , 0.166445 , 0.173671
0.161755 , 0.152756 , 1
0.161755 , 0.16812 , 0.185575
0.161755 , 0.163305 , 0.164843
0.161755 , 0.159027 , 0.185575
0.161755 , 0.157696 , 0.157696
0.161755 , 0.168987 , 0.173671
0.161755 , 0.16812 , 0.164843
0.161755 , 0.174688 , 0.185575
0.161755 , 0.166445 , 0.185575
0.161755 , 0.158356 , 0.173671
0.161755 , 0.164066 , 0.185575
0.161755 , 0.167273 , 0.204939
0.161755 , 0.16812 , 0.164843
0.161755 , 0.160403 , 0.151603
0.161755 , 0.16812 , 0.164843
0.161755 , 0.149378 , 0.173671
0.161755 , 0.159027 , 0.157696
