0.101925 , 0.104383 , 0.109707
0.101925 , 0.104383 , 0.11344
0.101925 , 0.101253 , 0.102043
0.101925 , 0.0996567 , 0.0980353
0.101925 , 0.105921 , 0.102043
0.101925 , 0.0968015 , 0.136837
0.101925 , 0.112696 , 0.105921
0.101925 , 0.100856 , 0.079974
0.101925 , 0.102043 , 0.109707
0.101925 , 0.0951307 , 0.102043
0.101925 , 0.0988492 , 0.117155
0.101925 , 0.106684 , 0.12089
0.101925 , 0.105154 , 0.0980353
0.101925 , 0.0959699 , 0.12089
0.101925 , 0.108955 , 0.117155
0.101925 , 0.107064 , 0.109707
0.101925 , 0.114926 , 0.109707
0.101925 , 0.0955513 , 0.0848452
0.101925 , 0.106684 , 0.0894698
0.101925 , 0.107444 , 0.12857
0.101925 , 0.109331 , 0.12089
0.101925 , 0.105538 , 0.0980353
0.101925 , 0.0947081 , 0.109707
0.101925 , 0.110456 , 0.11344
0.101925 , 0.106684 , 0.0642379
0.101925 , 0.102043 , 0.0848452
0.101925 , 0.0867248 , 0.124681
0.101925 , 0.102436 , 0.0848452
0.101925 , 0.102436 , 0.12089
0.101925 , 0.107064 , 0.0980353
0.101925 , 0.105154 , 0.0938569
0.101925 , 0.106684 , 0.0980353
0.101925 , 0.0976258 , 0.109707
0.101925 , 0.0976258 , 0.102043
0.101925 , 0.101253 , 0.11344
0.101925 , 0.0976258 , 0.11344
0.101925 , 0.105921 , 0.0894698
0.101925 , 0.08579 , 0.0848452
0.101925 , 0.0980353 , 0.12857
0.101925 , 0.102436 , 0.109707
0.101925 , 0.106684 , 0.11344
0.101925 , 0.102043 , 0.11344
0.101925 , 0.0938569 , 0.117155
0.101925 , 0.105921 , 0.102043
0.101925 , 0.103996 , 0.079974
0.101925 , 0.0938569 , 0.0980353
0.101925 , 0.108201 , 0.109707
0.101925 , 0.105538 , 0.117155
0.101925 , 0.109707 , 0.0980353
0.101925 , 0.106303 , 0.0980353
0.101925 , 0.0984431 , 0.0748774
0.101925 , 0.100458 , 0.0848452
0.101925 , 0.106684 , 0.0980353
0.101925 , 0.109331 , 0.105921
0.101925 , 0.0996567 , 0.0696087
0.101925 , 0.0992537 , 0.058831
0.101925 , 0.102043 , 0.102043
0.101925 , 0.106303 , 0.105921
0.101925 , 0.107064 , 0.0980353
0.101925 , 0.0984431 , 0.102043
0.101925 , 0.100458 , 0.0642379
0.101925 , 0.105921 , 0.117155
0.101925 , 0.0925643 , 0.0848452
0.101925 , 0.105538 , 0.12857
0.101925 , 0.0938569 , 0.124681
0.101925 , 0.100856 , 0.053438
0.101925 , 0.103996 , 0.12089
0.101925 , 0.101649 , 0.0894698
0.101925 , 0.104769 , 0.109707
0.101925 , 0.101253 , 0.058831
0.101925 , 0.108955 , 0.11344
0.101925 , 0.100856 , 0.0848452
0.101925 , 0.104769 , 0.102043
0.101925 , 0.102043 , 0.12089
0.101925 , 0.100058 , 0.117155
0.101925 , 0.110456 , 0.079974
0.101925 , 0.0992537 , 0.0938569
0.101925 , 0.106684 , 0.11344
0.101925 , 0.104383 , 0.105921
0.101925 , 0.0938569 , 0.0938569
0.101925 , 0.103996 , 0.102043
0.101925 , 0.104769 , 0.109707
0.101925 , 0.105921 , 0.12857
0.101925 , 0.109707 , 0.12857
0.101925 , 0.0959699 , 0.0938569
0.101925 , 0.0984431 , 0.079974
0.101925 , 0.0938569 , 0.102043
0.101925 , 0.0963867 , 0.0642379
0.101925 , 0.110082 , 0.0894698
0.101925 , 0.0963867 , 0.0894698
0.101925 , 0.105921 , 0.079974
0.101925 , 0.101253 , 0.117155
0.101925 , 0.104383 , 0.109707
0.101925 , 0.102436 , 0.11344
0.101925 , 0.0968015 , 0.11344
0.101925 , 0.0988492 , 0.102043
0.101925 , 0.104383 , 0.105921
0.101925 , 0.103607 , 0.117155
0.101925 , 0.0984431 , 0.0938569
0.101925 , 0.104769 , 0.109707
