0.127508 , 0.12202 , 0.105921
0.127508 , 0.123155 , 0.102043
0.127508 , 0.133432 , 0.12089
0.127508 , 0.133432 , 0.132603
0.127508 , 0.119765 , 0.12857
0.127508 , 0.129363 , 0.136837
0.127508 , 0.130163 , 0.141345
0.127508 , 0.128966 , 0.146221
0.127508 , 0.121642 , 0.132603
0.127508 , 0.125065 , 0.105921
0.127508 , 0.129363 , 0.117155
0.127508 , 0.12857 , 0.12857
0.127508 , 0.131375 , 0.117155
0.127508 , 0.128966 , 0.105921
0.127508 , 0.129363 , 0.124681
0.127508 , 0.128175 , 0.12857
0.127508 , 0.127782 , 0.124681
0.127508 , 0.123155 , 0.136837
0.127508 , 0.12739 , 0.124681
0.127508 , 0.133849 , 0.141345
0.127508 , 0.12857 , 0.12089
0.127508 , 0.132603 , 0.146221
0.127508 , 0.139503 , 0.109707
0.127508 , 0.12739 , 0.136837
0.127508 , 0.131375 , 0.12857
0.127508 , 0.130969 , 0.124681
0.127508 , 0.125836 , 0.146221
0.127508 , 0.124681 , 0.136837
0.127508 , 0.132192 , 0.124681
0.127508 , 0.127782 , 0.117155
0.127508 , 0.124298 , 0.12857
0.127508 , 0.121266 , 0.12857
0.127508 , 0.126611 , 0.136837
0.127508 , 0.130565 , 0.124681
0.127508 , 0.135542 , 0.0980353
0.127508 , 0.12739 , 0.124681
0.127508 , 0.12739 , 0.11344
0.127508 , 0.124681 , 0.124681
0.127508 , 0.129762 , 0.132603
0.127508 , 0.12857 , 0.136837
0.127508 , 0.134691 , 0.12089
0.127508 , 0.130969 , 0.105921
0.127508 , 0.121266 , 0.151603
0.127508 , 0.124681 , 0.0848452
0.127508 , 0.126611 , 0.12089
0.127508 , 0.127 , 0.117155
0.127508 , 0.134269 , 0.132603
0.127508 , 0.135542 , 0.132603
0.127508 , 0.123916 , 0.141345
0.127508 , 0.123916 , 0.12857
0.127508 , 0.122776 , 0.151603
0.127508 , 0.130163 , 0.124681
0.127508 , 0.135115 , 0.102043
0.127508 , 0.129363 , 0.132603
0.127508 , 0.12739 , 0.102043
0.127508 , 0.123916 , 0.102043
0.127508 , 0.130163 , 0.132603
0.127508 , 0.125836 , 0.124681
0.127508 , 0.128175 , 0.109707
0.127508 , 0.125065 , 0.12089
0.127508 , 0.121642 , 0.117155
0.127508 , 0.129363 , 0.132603
0.127508 , 0.130969 , 0.157696
0.127508 , 0.136837 , 0.141345
0.127508 , 0.131375 , 0.124681
0.127508 , 0.124298 , 0.105921
0.127508 , 0.135971 , 0.124681
0.127508 , 0.126222 , 0.117155
0.127508 , 0.132603 , 0.12857
0.127508 , 0.124681 , 0.132603
0.127508 , 0.127782 , 0.124681
0.127508 , 0.12014 , 0.109707
0.127508 , 0.121266 , 0.132603
0.127508 , 0.140417 , 0.151603
0.127508 , 0.124681 , 0.117155
0.127508 , 0.139052 , 0.12089
0.127508 , 0.122776 , 0.12089
0.127508 , 0.12545 , 0.12857
0.127508 , 0.128175 , 0.117155
0.127508 , 0.12739 , 0.136837
0.127508 , 0.122776 , 0.124681
0.127508 , 0.128175 , 0.141345
0.127508 , 0.12739 , 0.12089
0.127508 , 0.116783 , 0.132603
0.127508 , 0.127 , 0.12857
0.127508 , 0.129363 , 0.141345
0.127508 , 0.125836 , 0.132603
0.127508 , 0.132603 , 0.124681
0.127508 , 0.135115 , 0.136837
0.127508 , 0.126611 , 0.132603
0.127508 , 0.130565 , 0.12857
0.127508 , 0.12857 , 0.109707
0.127508 , 0.126222 , 0.141345
0.127508 , 0.125065 , 0.136837
0.127508 , 0.126222 , 0.132603
0.127508 , 0.127782 , 0.12857
0.127508 , 0.128966 , 0.12857
0.127508 , 0.12545 , 0.141345
0.127508 , 0.12545 , 0.12857
0.127508 , 0.128175 , 0.105921
