0.0106259 , 0.0109001 , 0.0102055
0.0106495 , 0.0106214 , 0.010329
0.0101381 , 0.0100693 , 0.0116149
0.0101812 , 0.0100418 , 0.0102055
0.0104609 , 0.0105905 , 0.0102875
0.0108148 , 0.0107656 , 0.0108115
0.00879452 , 0.00875995 , 0.00848646
0.00907573 , 0.00886289 , 0.00886902
0.0103057 , 0.0100144 , 0.00992929
0.00985588 , 0.00970837 , 0.0104558
0.00965634 , 0.00965019 , 0.00945549
0.00995157 , 0.00991398 , 0.00996777
0.00957384 , 0.00937638 , 0.00989111
0.0106736 , 0.010693 , 0.00989111
0.00948751 , 0.00915971 , 0.00992929
0.0106139 , 0.0105205 , 0.010675
0.0101305 , 0.00998325 , 0.0104558
0.0107949 , 0.010761 , 0.0108579
0.0101249 , 0.010105 , 0.010329
0.00967556 , 0.00965743 , 0.00935257
0.0097091 , 0.00975247 , 0.0100066
0.00942576 , 0.00930865 , 0.0096683
0.0112037 , 0.0110921 , 0.0118391
0.0100253 , 0.00993696 , 0.010329
0.0101102 , 0.010165 , 0.0105861
0.00999296 , 0.0100575 , 0.00977839
0.0101937 , 0.010097 , 0.0104988
0.0107146 , 0.0106259 , 0.0108579
0.010153 , 0.010153 , 0.0105422
0.010544 , 0.0103207 , 0.00963216
0.0101297 , 0.0102136 , 0.0101249
0.0103065 , 0.0103877 , 0.00970471
0.00944406 , 0.00961061 , 0.00928517
0.00959237 , 0.00961419 , 0.00963216
0.0105227 , 0.0105335 , 0.0104131
0.0103852 , 0.0103165 , 0.0106303
0.0105742 , 0.0105161 , 0.0102055
0.00940718 , 0.00948332 , 0.00915319
0.0111722 , 0.011318 , 0.0113489
0.0100261 , 0.0100339 , 0.00981567
0.00945965 , 0.00930193 , 0.00902479
0.0100261 , 0.0100654 , 0.00992929
0.00947217 , 0.00959629 , 0.0096683
0.00993427 , 0.00999101 , 0.0111962
0.0103361 , 0.0105993 , 0.0105861
0.00919306 , 0.00929522 , 0.00868861
0.0100966 , 0.0100183 , 0.0109521
0.010693 , 0.0105993 , 0.0116149
0.0100343 , 0.010113 , 0.00970471
0.0105519 , 0.010443 , 0.00996777
0.009433 , 0.0093424 , 0.00970471
0.0098457 , 0.00989111 , 0.00981567
0.0111593 , 0.0112872 , 0.011782
0.00957811 , 0.00974141 , 0.00989111
0.00977876 , 0.00977468 , 0.0102875
0.0102336 , 0.0100733 , 0.0102875
0.00950079 , 0.00956425 , 0.00985324
0.0102242 , 0.0100418 , 0.011097
0.00931101 , 0.00906614 , 0.00981567
0.00963252 , 0.0095749 , 0.0101249
0.00926714 , 0.00913371 , 0.00896186
0.00966612 , 0.00962137 , 0.0095607
0.00950185 , 0.00945896 , 0.00981567
0.0090213 , 0.00897125 , 0.00886902
0.00928517 , 0.00907253 , 0.00877796
0.0106714 , 0.0108673 , 0.0119552
0.00936378 , 0.00941062 , 0.00899322
0.0102218 , 0.0101852 , 0.0103709
0.0103453 , 0.0102957 , 0.0110482
0.00883573 , 0.00894004 , 0.00921872
0.0102112 , 0.0101369 , 0.0100851
0.00996932 , 0.0101249 , 0.0102875
0.00998558 , 0.00986079 , 0.0094903
0.00894938 , 0.00900898 , 0.00889977
0.00976875 , 0.00955715 , 0.00970471
0.00999995 , 0.0099408 , 0.00974141
0.00908888 , 0.00905019 , 0.00915319
0.00989567 , 0.00990634 , 0.00981567
0.0103844 , 0.0103751 , 0.0100066
0.00938424 , 0.00925848 , 0.00938663
0.0103107 , 0.0102957 , 0.00996777
0.00972413 , 0.00978582 , 0.00952537
0.0105628 , 0.010675 , 0.010165
0.0104669 , 0.0105861 , 0.0104558
0.00999956 , 0.0104988 , 0.0105861
0.0101157 , 0.0100891 , 0.00959629
0.01036 , 0.0103835 , 0.0104558
0.0105958 , 0.0106975 , 0.0109521
0.00960917 , 0.0093255 , 0.00989111
0.0106903 , 0.0105292 , 0.010329
0.00890501 , 0.00885067 , 0.00974141
0.0104725 , 0.0105292 , 0.00981567
0.00974694 , 0.00997551 , 0.0102875
0.0101018 , 0.0101369 , 0.00992929
0.00956212 , 0.00964297 , 0.00938663
0.0106197 , 0.0105949 , 0.0104131
0.0107151 , 0.0108161 , 0.0112465
0.00932313 , 0.00939347 , 0.00886902
0.0100875 , 0.0101974 , 0.00959629
0.00973221 , 0.00977468 , 0.0101249
