0.00950734 , 0.00960688 , 0.00908846
0.0105098 , 0.0102814 , 0.00974875
0.00959447 , 0.00949912 , 0.00969745
0.011406 , 0.0113633 , 0.0114198
0.00970816 , 0.00971276 , 0.0100725
0.0105219 , 0.0103234 , 0.0111835
0.00989523 , 0.00990168 , 0.00974875
0.00962731 , 0.00937571 , 0.00868018
0.00997291 , 0.00982178 , 0.00964686
0.00950202 , 0.00973843 , 0.00917585
0.0102463 , 0.0104338 , 0.0109614
0.0108854 , 0.0108205 , 0.0109614
0.0101518 , 0.0102339 , 0.00969745
0.00993903 , 0.0099614 , 0.00980077
0.0108067 , 0.0107183 , 0.0108205
0.0101964 , 0.0102635 , 0.0101871
0.0104059 , 0.0101581 , 0.0099614
0.0103138 , 0.0104902 , 0.0108205
0.0107351 , 0.0109686 , 0.0115021
0.00919002 , 0.0091626 , 0.00900311
0.00999107 , 0.00994501 , 0.00974875
0.010172 , 0.0100951 , 0.0108205
0.0104213 , 0.0104713 , 0.0105539
0.0093874 , 0.00938974 , 0.00974875
0.00951363 , 0.00939912 , 0.0100725
0.0101859 , 0.0101987 , 0.0104275
0.0102245 , 0.0102163 , 0.0100725
0.00925043 , 0.00927897 , 0.00875829
0.0099828 , 0.0100951 , 0.0101294
0.0102594 , 0.0101408 , 0.0101871
0.0101645 , 0.0101236 , 0.0103659
0.0099222 , 0.0100895 , 0.00945116
0.00971123 , 0.00973328 , 0.00959695
0.00958804 , 0.00966196 , 0.0104902
0.0095146 , 0.00972301 , 0.0105539
0.00989738 , 0.0100054 , 0.00985354
0.00905408 , 0.00931093 , 0.00879798
0.0104182 , 0.0103234 , 0.0100165
0.0101288 , 0.0101466 , 0.0101871
0.00926762 , 0.00938506 , 0.00845529
0.0092554 , 0.00932472 , 0.00974875
0.0100596 , 0.0104839 , 0.00980077
0.00992708 , 0.0100725 , 0.00931093
0.00920737 , 0.00941324 , 0.00904554
0.0111192 , 0.0109543 , 0.0104275
0.0108819 , 0.0108553 , 0.0104902
0.0104419 , 0.0101929 , 0.0104902
0.00994175 , 0.0100838 , 0.00974875
0.010417 , 0.0103782 , 0.010752
0.010161 , 0.0100054 , 0.00964686
0.0102946 , 0.0104151 , 0.0104275
0.0100855 , 0.0100951 , 0.0101871
0.00993739 , 0.00975391 , 0.00969745
0.0100883 , 0.0100613 , 0.00959695
0.00940571 , 0.00937571 , 0.00913189
0.0110237 , 0.0109328 , 0.0108205
0.00996523 , 0.00999991 , 0.0109614
0.00996797 , 0.00997236 , 0.00904554
0.00981126 , 0.00982178 , 0.00974875
0.0110604 , 0.0111911 , 0.0115021
0.00921362 , 0.00911881 , 0.00875829
0.010183 , 0.00997236 , 0.0102457
0.00918337 , 0.00920247 , 0.00879798
0.00957915 , 0.00964686 , 0.0104902
0.00989039 , 0.00980077 , 0.0104275
0.00998335 , 0.00985354 , 0.00931093
0.0101128 , 0.00982706 , 0.0104902
0.0100804 , 0.0100725 , 0.00954771
0.0102724 , 0.0101581 , 0.00917585
0.0105823 , 0.0106385 , 0.011034
0.0101139 , 0.0101639 , 0.0106188
0.00971737 , 0.00980601 , 0.0100725
0.00992004 , 0.00985885 , 0.0100165
0.00984929 , 0.00987486 , 0.00935709
0.0100071 , 0.00997236 , 0.0103054
0.0094588 , 0.00960191 , 0.00959695
0.00988074 , 0.0100388 , 0.00990707
0.00948082 , 0.00922929 , 0.0100725
0.00988556 , 0.00992871 , 0.0103054
0.00982231 , 0.00974875 , 0.00940383
0.00939396 , 0.00935244 , 0.00896116
0.00967358 , 0.00960191 , 0.0101294
0.0101645 , 0.0101987 , 0.0104902
0.00949189 , 0.00960191 , 0.00864173
0.0105836 , 0.0103721 , 0.0100725
0.0101755 , 0.0102517 , 0.010752
0.0101685 , 0.010409 , 0.00954771
0.0110435 , 0.0115104 , 0.0119436
0.00940241 , 0.00951363 , 0.00959695
0.0102452 , 0.0102046 , 0.00985354
0.0105546 , 0.0106188 , 0.0103054
0.0102981 , 0.0102457 , 0.0105539
0.0108226 , 0.0112762 , 0.0106188
0.0108854 , 0.0108622 , 0.0114198
0.00996633 , 0.00980601 , 0.0101294
0.0102087 , 0.0100838 , 0.0101294
0.0102475 , 0.0103905 , 0.00969745
0.0103978 , 0.0103598 , 0.0106188
0.0101976 , 0.0104338 , 0.00945116
0.0106715 , 0.0108344 , 0.0106188
