0.0107018 , 0.0107235 , 0.0114302
0.00944227 , 0.00946776 , 0.00839424
0.0100457 , 0.00991825 , 0.00939208
0.0103679 , 0.0106379 , 0.0109048
0.0123944 , 0.0122693 , 0.0146878
0.00902065 , 0.00921285 , 0.0092711
0.00986307 , 0.00988743 , 0.0106803
0.00993381 , 0.00999709 , 0.0101121
0.0117817 , 0.0120682 , 0.0114302
0.0104038 , 0.0105149 , 0.0101121
0.00960633 , 0.00965438 , 0.00979733
0.00879323 , 0.00910049 , 0.00865202
0.0101494 , 0.0103049 , 0.0101121
0.0105552 , 0.0108582 , 0.0095196
0.0103399 , 0.0105962 , 0.0101121
0.0102976 , 0.0103792 , 0.0106803
0.0113549 , 0.0111792 , 0.0125358
0.0095196 , 0.00965438 , 0.0092711
0.00926285 , 0.00928292 , 0.00856293
0.0118936 , 0.0116457 , 0.0114302
0.0114361 , 0.0109524 , 0.0146878
0.0104 , 0.0104951 , 0.0101121
0.00973336 , 0.00981211 , 0.00884093
0.0104191 , 0.0103049 , 0.0106803
0.0106316 , 0.0105756 , 0.0111529
0.00970911 , 0.0095196 , 0.00994947
0.00959278 , 0.00940453 , 0.00979733
0.0102508 , 0.010233 , 0.0092711
0.0092267 , 0.00945498 , 0.00874459
0.00930675 , 0.00962681 , 0.00965438
0.00964746 , 0.00973911 , 0.009156
0.00986762 , 0.0100953 , 0.00939208
0.0103829 , 0.0103049 , 0.00979733
0.0106295 , 0.0107235 , 0.0102867
0.00916726 , 0.00944227 , 0.00904625
0.0116945 , 0.0116136 , 0.0117444
0.0109741 , 0.0109765 , 0.0125358
0.00906563 , 0.00911149 , 0.00994947
0.0103104 , 0.0100457 , 0.00965438
0.0106997 , 0.0109285 , 0.0111529
0.00896819 , 0.00886068 , 0.00788361
0.0107921 , 0.0108124 , 0.0106803
0.0107543 , 0.0104753 , 0.0121071
0.0106997 , 0.0110009 , 0.0114302
0.0110884 , 0.0113153 , 0.0111529
0.00953537 , 0.00941704 , 0.0095196
0.0101718 , 0.0110009 , 0.00994947
0.00964746 , 0.00961314 , 0.00965438
0.00933566 , 0.00921285 , 0.00904625
0.0095793 , 0.00975353 , 0.0101121
0.00938217 , 0.00961314 , 0.00884093
0.0118793 , 0.0116457 , 0.0146878
0.00910378 , 0.00894136 , 0.0095196
0.00976077 , 0.0100621 , 0.00939208
0.0106975 , 0.0105962 , 0.0125358
0.0108605 , 0.010659 , 0.0102867
0.0125642 , 0.0125358 , 0.0130603
0.0090743 , 0.00913364 , 0.0092711
0.0112031 , 0.0116781 , 0.0117444
0.00937477 , 0.00948062 , 0.00856293
0.0105109 , 0.0107676 , 0.0104753
0.0119333 , 0.0116457 , 0.0121071
0.0104 , 0.0104558 , 0.0117444
0.0099987 , 0.00994947 , 0.00994947
0.0102013 , 0.010146 , 0.00994947
0.0103123 , 0.00999709 , 0.0102867
0.0110256 , 0.0107899 , 0.0101121
0.00962133 , 0.00971053 , 0.00979733
0.0100116 , 0.00987217 , 0.00994947
0.0104655 , 0.0104951 , 0.0104753
0.00961177 , 0.00949354 , 0.00904625
0.00925464 , 0.00924762 , 0.00874459
0.00947675 , 0.00954595 , 0.0106803
0.00999709 , 0.00988743 , 0.0111529
0.00961723 , 0.00930675 , 0.0095196
0.0105756 , 0.0106803 , 0.0111529
0.00902596 , 0.00905699 , 0.00939208
0.0103473 , 0.0104364 , 0.0111529
0.0116978 , 0.0117783 , 0.0114302
0.00985399 , 0.00987217 , 0.00939208
0.0111424 , 0.0111529 , 0.0121071
0.00966272 , 0.00945498 , 0.00979733
0.00940453 , 0.00941704 , 0.009156
0.0112599 , 0.0112327 , 0.0117444
0.0105982 , 0.0105149 , 0.0102867
0.0108605 , 0.0111011 , 0.0095196
0.0103773 , 0.0101804 , 0.0104753
0.012794 , 0.0132435 , 0.0121071
0.00962407 , 0.0096683 , 0.0092711
0.0102543 , 0.00999709 , 0.00994947
0.0103104 , 0.010233 , 0.0109048
0.0122277 , 0.0121868 , 0.0130603
0.0100245 , 0.00982698 , 0.0104753
0.00880482 , 0.00871643 , 0.00775588
0.0107565 , 0.0109765 , 0.00994947
0.00960361 , 0.00948062 , 0.0092711
0.00976804 , 0.00969637 , 0.0095196
0.00930316 , 0.00917858 , 0.0092711
0.00931514 , 0.00914479 , 0.009156
0.0108582 , 0.0110009 , 0.0109048
