1 , 1 , 1
0.0105531 , 0.0104117 , 0.00937188
1 , 1 , 1
1 , 1 , 1
0.0110345 , 0.0117846 , 1
1 , 1 , 1
0.00929865 , 0.00937188 , 0.0104117
0.00884014 , 0.00861996 , 0.00833095
0.00801376 , 0.00805697 , 0.00772154
1 , 1 , 1
0.0105697 , 0.0107462 , 0.0104117
0.0119845 , 0.0122153 , 1
0.0109679 , 0.0109464 , 0.00937188
1 , 1 , 1
0.0102021 , 0.0104117 , 0.00937188
1 , 1 , 1
1 , 1 , 1
0.00999535 , 0.00961578 , 0.0104117
0.0115753 , 0.0107462 , 1
0.00778031 , 0.00772154 , 0.00695324
0.010382 , 0.0109464 , 0.0104117
0.00839229 , 0.00848925 , 0.00711176
0.0103386 , 0.0102688 , 0.0104117
0.00919508 , 0.00909819 , 0.00937188
0.00971616 , 0.00961578 , 0.00876311
0.00861541 , 0.00836899 , 0.00876311
0.00861996 , 0.00886672 , 0.00833095
0.0112281 , 0.0117846 , 0.0104117
1 , 1 , 1
1 , 1 , 1
1 , 1 , 1
0.00958953 , 0.0101383 , 0.00876311
1 , 1 , 1
1 , 1 , 1
0.00897801 , 0.00886672 , 1
1 , 1 , 1
0.0138581 , 0.0138581 , 1
0.0111526 , 0.0117846 , 0.0104117
1 , 1 , 1
0.00966058 , 0.00953001 , 1
0.0109679 , 0.0105697 , 0.0104117
0.00922881 , 0.0090369 , 1
0.00961578 , 0.00944887 , 0.0104117
0.00907954 , 0.00929865 , 0.00937188
0.00899543 , 0.00876311 , 0.00833095
0.00863827 , 0.00844809 , 0.00833095
1 , 1 , 1
0.0118225 , 0.0111773 , 1
1 , 1 , 1
0.0104574 , 0.0109464 , 0.0104117
1 , 1 , 1
0.00906111 , 0.00937188 , 0.00937188
0.00991784 , 0.0105697 , 0.00876311
0.00955523 , 0.0100183 , 0.00876311
0.00874817 , 0.00871386 , 0.00937188
1 , 1 , 1
0.0119845 , 0.0122153 , 0.00772154
0.0101259 , 0.00980358 , 0.0104117
0.00787438 , 0.00802598 , 0.00876311
0.0107462 , 0.0102688 , 0.0104117
1 , 1 , 1
0.00848925 , 0.00871386 , 0.00772154
1 , 1 , 1
0.00974474 , 0.0105697 , 0.00937188
1 , 1 , 1
0.00808861 , 0.00785235 , 0.00799562
1 , 1 , 1
0.0113632 , 0.0117846 , 0.0104117
0.0110806 , 0.0109464 , 1
0.0089896 , 0.00929865 , 0.00833095
0.00879857 , 0.00897801 , 0.0104117
0.01626 , 1 , 1
0.0133553 , 0.0117846 , 1
1 , 1 , 1
1 , 1 , 1
0.0077316 , 0.00799562 , 0.00876311
0.0082328 , 0.00815397 , 0.00876311
0.0106034 , 0.0117846 , 1
0.00824695 , 0.00815397 , 0.00748976
0.00870903 , 0.0090369 , 0.00748976
1 , 1 , 1
1 , 1 , 1
0.0108035 , 0.0107462 , 1
0.00988581 , 0.00937188 , 0.0104117
0.0116763 , 0.0117846 , 0.00937188
0.00874322 , 0.00871386 , 0.0104117
0.00889378 , 0.00937188 , 0.0104117
0.0125492 , 0.0117846 , 1
0.0120279 , 0.0122153 , 1
1 , 1 , 1
0.0128986 , 0.0122153 , 1
1 , 1 , 1
0.00874817 , 0.00922881 , 0.00937188
0.0119424 , 0.0122153 , 1
0.00931301 , 0.0090369 , 0.0104117
1 , 1 , 1
1 , 1 , 1
0.00974474 , 0.00990709 , 1
1 , 1 , 1
1 , 1 , 1
