0.00916624 , 0.00903991 , 0.00896624
0.0104128 , 0.0109553 , 0.00996129
0.0127783 , 0.0116873 , 1
1 , 1 , 1
0.00983764 , 0.0116873 , 0.00996129
0.00964107 , 0.00947839 , 1
0.00626642 , 0.00616742 , 0.00638943
0.0120069 , 0.0112752 , 0.00996129
0.0085674 , 0.00870434 , 1
1 , 1 , 1
1 , 1 , 1
0.00911756 , 0.00911756 , 0.00896624
1 , 1 , 1
0.0085298 , 0.00843243 , 0.00764931
0.00907821 , 0.00889616 , 0.00838371
0.0118922 , 0.0116873 , 0.00996129
1 , 1 , 1
1 , 1 , 1
0.00802141 , 0.00793468 , 0.00896624
0.00978592 , 0.00937935 , 1
0.00859488 , 0.00864569 , 0.00896624
0.0105792 , 0.0104729 , 0.00996129
0.0155585 , 1 , 1
1 , 1 , 1
1 , 1 , 1
0.00851923 , 0.00843243 , 0.00797019
1 , 1 , 1
0.0117359 , 0.0116873 , 0.00996129
1 , 1 , 1
0.00929569 , 0.00982453 , 1
0.00638823 , 0.00654113 , 0.00680361
0.0104936 , 0.0101125 , 1
0.00824672 , 0.00838371 , 0.00838371
0.00926885 , 0.00911756 , 0.00896624
0.0129989 , 0.0132596 , 1
1 , 1 , 1
1 , 1 , 1
0.0091336 , 0.00919964 , 0.00996129
1 , 1 , 1
1 , 1 , 1
0.00681485 , 0.00681969 , 0.00738707
0.010355 , 0.010694 , 1
0.00810972 , 0.00820382 , 0.00764931
0.00844237 , 0.00853511 , 0.00896624
0.0102814 , 0.0101125 , 0.00996129
0.00882934 , 0.00858934 , 1
1 , 1 , 1
0.0104128 , 0.010694 , 0.00996129
1 , 1 , 1
0.0107929 , 0.0122679 , 0.00996129
0.00847773 , 0.00858934 , 0.00838371
1 , 1 , 1
0.0135787 , 1 , 1
0.00977327 , 0.0104729 , 0.00996129
0.00943795 , 0.00958477 , 0.00996129
1 , 1 , 1
1 , 1 , 1
0.0139899 , 1 , 0.00996129
0.012198 , 0.0132596 , 1
1 , 1 , 1
1 , 1 , 1
0.00938895 , 0.0102814 , 0.00838371
0.00862288 , 0.00838371 , 0.00896624
0.00791726 , 0.0077383 , 0.00797019
0.0155585 , 1 , 1
0.00960703 , 0.00996129 , 1
1 , 1 , 1
0.0110139 , 0.0104729 , 0.00996129
1 , 1 , 1
0.0104729 , 0.0101125 , 0.00996129
1 , 1 , 1
0.0109553 , 0.010694 , 0.00996129
0.0102995 , 0.00947839 , 0.00896624
1 , 1 , 1
0.00820805 , 0.00793468 , 0.00764931
1 , 1 , 1
0.00797019 , 0.00820382 , 1
1 , 1 , 1
0.00948868 , 0.00947839 , 0.00996129
0.00954127 , 0.00937935 , 1
1 , 1 , 1
0.00952 , 0.00996129 , 0.00996129
0.00914169 , 0.00958477 , 1
1 , 1 , 1
1 , 1 , 1
1 , 1 , 1
0.010647 , 0.0102814 , 1
0.00773219 , 0.00759291 , 0.00764931
1 , 1 , 1
0.00779445 , 0.0078662 , 0.00764931
0.00954127 , 0.00928668 , 1
1 , 1 , 1
0.00884246 , 0.00876548 , 0.00838371
1 , 1 , 1
1 , 1 , 1
0.00981154 , 0.0104729 , 0.00996129
0.0131233 , 0.0122679 , 1
0.00954127 , 0.00947839 , 1
0.0137696 , 0.0132596 , 1
0.0101125 , 0.0101125 , 1
