0.00908508 , 0.00744802 , 0.0481666
0.00883371 , 0.0162551 , 0.00284222
0.00873155 , 0.00855072 , 0.0200121
0.00923425 , 0.00634188 , 0.0275767
0.00863721 , 0.00395964 , 0
0.00889657 , 0.00886515 , 0
0.00912434 , 0.0125394 , 0.00284222
0.0084642 , 0 , 0
0.0091636 , 0.00650011 , 0.0154067
0.00944611 , 0.00910079 , 0.0184828
0.00912434 , 0.00980679 , 0.00996349
0.00890443 , 0.00705337 , 0
0.00899869 , 0.00523221 , 0
0.00918715 , 0.0138595 , 0
0.00860576 , 0 , 0.0091793
0.00979111 , 0.00681637 , 0.0207746
0.00928919 , 0.0104332 , 0.00681637
0.00855858 , 0.00172108 , 0
0.00870797 , 0.00188147 , 0.00602519
0.0096657 , 0.00855072 , 0
0.0087001 , 0.0108241 , 0.0192482
0.00905367 , 0.0154067 , 0.0115268
0.00921855 , 0.0157926 , 0.0313121
0.00889657 , 0.00554962 , 0.00602519
0.00934412 , 0.0129282 , 0
0.00897513 , 0.0065792 , 0
0.00884157 , 0.0065792 , 0.00681637
0.00895942 , 0.0135493 , 0.0138595
0.00873941 , 0.0125394 , 0.0327982
0.00866866 , 0.0115268 , 0.016178
0.00837766 , 0.00107873 , 0.0138595
0.00880228 , 0.0136269 , 0.025321
0.00937551 , 0.0119945 , 0.012306
0.00876299 , 0.00736913 , 0.0146339
0.00818091 , 0.0153295 , 0.0305673
0.00834619 , 0 , 0.00123944
0.00872369 , 0.0122282 , 0.0416286
0.00904582 , 0.0104332 , 0.00284222
0.00890443 , 0.0110585 , 0.0192482
0.00888872 , 0.00910079 , 0
0.00912434 , 0.0213836 , 0.0083934
0.00960297 , 0.0037205 , 0.0192482
0.00989298 , 0.00996349 , 0.0138595
0.0092264 , 0.00554962 , 0
0.0091636 , 0.00650011 , 0
0.00894371 , 0.00634188 , 0.0275767
0.00926564 , 0.00760576 , 0
0.00883371 , 0.0054703 , 0.0192482
0.00928134 , 0.00618357 , 0.0130836
0.00939904 , 0.0101984 , 0.0290743
0.00902226 , 0.0128505 , 0.0283261
0.00928919 , 0.0111366 , 0
0.00917145 , 0.00348119 , 0
0.00898299 , 0.00570822 , 0
0.00923425 , 0.00831471 , 0.00523221
0.00877085 , 0.00459651 , 0.016178
0.00913219 , 0.0172553 , 0.0154067
0.00910864 , 0.00499396 , 0.0275767
0.008818 , 0.00531159 , 0.0154067
0.00888086 , 0.00204179 , 0.0327982
0.00893585 , 0.00744802 , 0.0169478
0.00913219 , 0.0135493 , 0
0.00936766 , 0.00878656 , 0
0.0090144 , 0.0126172 , 0.0192482
0.00790527 , 0.00586674 , 0.00760576
0.00944611 , 0.014092 , 0.016178
0.00851139 , 0.0079998 , 0.0313121
0.00865294 , 0.00204179 , 0.0130836
0.00935197 , 0.00744802 , 0
0.00905367 , 0.0106678 , 0.00284222
0.00920285 , 0.0106678 , 0.0146339
0.00965786 , 0.016717 , 0
0.00867652 , 0.00268228 , 0.0192482
0.00858217 , 0.00403931 , 0.0238108
0.00938335 , 0.0158697 , 0
0.00858217 , 0.0083934 , 0
0.00881014 , 0.0161009 , 0
0.00957945 , 0.0101201 , 0.00996349
0.00864507 , 0.00681637 , 0.016178
0.00888086 , 0.00673733 , 0
0.00907723 , 0.00196164 , 0.017716
0.00888872 , 0.0135493 , 0.00364075
0.00882586 , 0.00784224 , 0.00284222
0.00949318 , 0.00140006 , 0.0169478
0.00971273 , 0 , 0.0238108
0.00930488 , 0.0130059 , 0.0298214
0.00867652 , 0.0091793 , 0.025321
0.00853499 , 0.0141695 , 0.0083934
0.0085979 , 0.00618357 , 0.0275767
0.00892014 , 0.0065792 , 0.0290743
0.00937551 , 0.00847207 , 0.016178
0.00836979 , 0.0184828 , 0.0169478
0.0085979 , 0.00784224 , 0.0357576
0.00918715 , 0.0119166 , 0.0260741
0.00930488 , 0.0130059 , 0.0238108
0.00866866 , 0.00792103 , 0.00602519
0.0087787 , 0.00531159 , 0.016178
0.00998699 , 0.0116048 , 0
0.00931273 , 0.0075269 , 0.0215357
0.00874727 , 0.0065792 , 0.0192482
