0.00975969 , 0.0217007
0.0103476 , 0.0219179
0.01088 , 0.0221171
0.0104699 , 0.0219635
0.0106745 , 0.0220399
0.0102475 , 0.0218807
0.00973189 , 0.0216905
0.00897625 , 0.0214154
0.0102225 , 0.0218715
0.0107819 , 0.0220802
0.00860219 , 0.0212806
0.0107471 , 0.0220672
0.00865627 , 0.0213001
0.0107787 , 0.022079
0.00947335 , 0.0215959
0.00973498 , 0.0216917
0.0098339 , 0.021728
0.0099796 , 0.0217816
0.0101414 , 0.0218414
0.00995166 , 0.0217713
0.00904299 , 0.0214395
0.0102881 , 0.0218958
0.0109974 , 0.0221614
0.00970103 , 0.0216792
0.0104762 , 0.0219658
0.0111661 , 0.0222252
0.00971955 , 0.021686
0.00992995 , 0.0217633
0.00838364 , 0.0212023
0.0103695 , 0.0219261
0.0088945 , 0.0213859
0.0104448 , 0.0219541
0.0104071 , 0.0219401
0.0100138 , 0.0217943
0.00996408 , 0.0217759
0.0107408 , 0.0220648
0.0118792 , 0.0224981
0.00976278 , 0.0217019
0.0108167 , 0.0220933
0.00825251 , 0.0211555
0.00838961 , 0.0212045
0.0104699 , 0.0219635
0.00945188 , 0.0215881
0.00958396 , 0.0216363
0.00752482 , 0.0208974
0.0106997 , 0.0220494
0.0103257 , 0.0219098
0.0105202 , 0.0219822
0.00886124 , 0.0213739
0.00829717 , 0.0211715
0.00998271 , 0.0217828
0.0101507 , 0.0218449
0.00892779 , 0.0213979
0.0105736 , 0.0220022
0.0104762 , 0.0219658
0.00951326 , 0.0216105
0.00909464 , 0.0214582
0.0103132 , 0.0219051
0.00932328 , 0.0215412
0.00947949 , 0.0215982
0.00930494 , 0.0215346
0.00870741 , 0.0213185
0.0111278 , 0.0222107
0.00903692 , 0.0214373
0.010665 , 0.0220364
0.00825846 , 0.0211576
0.00880688 , 0.0213543
0.0101258 , 0.0218357
0.0108388 , 0.0221016
0.00764462 , 0.0209397
0.00961166 , 0.0216465
0.00942735 , 0.0215791
0.0105359 , 0.0219881
0.00869236 , 0.021313
0.0118306 , 0.0224794
0.0108673 , 0.0221124
0.0111692 , 0.0222264
0.00704091 , 0.0207274
0.0092805 , 0.0215257
0.00879783 , 0.021351
0.0102506 , 0.0218819
0.00871042 , 0.0213195
0.00961782 , 0.0216487
0.00968561 , 0.0216735
0.00992995 , 0.0217633
0.010804 , 0.0220885
0.00953169 , 0.0216172
0.00977823 , 0.0217075
0.00942735 , 0.0215791
0.00989274 , 0.0217496
0.00848228 , 0.0212377
0.0087315 , 0.0213271
0.010235 , 0.0218761
0.0110482 , 0.0221806
0.0110037 , 0.0221638
0.00871945 , 0.0213228
0.0112906 , 0.0222725
0.00911288 , 0.0214648
0.00953477 , 0.0216183
0.0119828 , 0.0225382
