0.00966467 , 0.0110274
0.00968206 , 0.0110398
0.0101921 , 0.0114109
0.0105417 , 0.0116715
0.0113969 , 0.0123302
0.00969846 , 0.0110516
0.00966774 , 0.0110296
0.0110294 , 0.0120435
0.00906962 , 0.010609
0.0105302 , 0.0116628
0.00984041 , 0.0111539
0.0114328 , 0.0123584
0.00965549 , 0.0110208
0.00987502 , 0.0111789
0.0101724 , 0.0113963
0.0107654 , 0.0118409
0.0101658 , 0.0113915
0.00925033 , 0.0107344
0.01035 , 0.011528
0.0104122 , 0.0115744
0.00874446 , 0.0103868
0.0104009 , 0.0115659
0.00964224 , 0.0110113
0.010787 , 0.0118574
0.00988344 , 0.011185
0.00973446 , 0.0110775
0.00980909 , 0.0111312
0.0111376 , 0.0121274
0.0106409 , 0.0117463
0.0108668 , 0.0119184
0.0106303 , 0.0117384
0.00954611 , 0.0109428
0.0101025 , 0.0113449
0.00940764 , 0.0108448
0.0106667 , 0.011766
0.00917429 , 0.0106815
0.00794549 , 0.00985992
0.0101406 , 0.0113729
0.0109463 , 0.0119795
0.00953405 , 0.0109342
0.00969231 , 0.0110472
0.0104258 , 0.0115846
0.00968821 , 0.0110442
0.0108292 , 0.0118896
0.00907056 , 0.0106096
0.00930663 , 0.0107738
0.0101352 , 0.0113689
0.00962698 , 0.0110004
0.00890403 , 0.0104952
0.0100313 , 0.0112927
0.00977894 , 0.0111095
0.0100194 , 0.011284
0.00989397 , 0.0111927
0.0101822 , 0.0114036
0.0102252 , 0.0114353
0.00966467 , 0.0110274
0.00953908 , 0.0109378
0.00964937 , 0.0110164
0.00954611 , 0.0109428
0.00968513 , 0.011042
0.0105835 , 0.011703
0.00972313 , 0.0110693
0.0106233 , 0.011733
0.00925904 , 0.0107405
0.010608 , 0.0117215
0.009949 , 0.0112326
0.0107858 , 0.0118565
0.00904131 , 0.0105895
0.0110795 , 0.0120823
0.0108026 , 0.0118693
0.00968104 , 0.0110391
0.00891422 , 0.0105022
0.0103253 , 0.0115096
0.00906962 , 0.010609
0.00987292 , 0.0111774
0.00940863 , 0.0108455
0.00903472 , 0.0105849
0.0101461 , 0.0113769
0.00902437 , 0.0105778
0.0099405 , 0.0112265
0.00996921 , 0.0112474
0.0100917 , 0.011337
0.0103309 , 0.0115138
0.00992037 , 0.0112118
0.0103108 , 0.0114988
0.0105186 , 0.0116541
0.00942048 , 0.0108539
0.010313 , 0.0115004
0.0105777 , 0.0116986
0.010168 , 0.0113931
0.0100982 , 0.0113417
0.0103771 , 0.0115482
0.0103197 , 0.0115054
0.00917716 , 0.0106835
0.0107129 , 0.011801
0.0112439 , 0.0122102
0.00942048 , 0.0108539
0.00919251 , 0.0106942
0.0103523 , 0.0115297
0.00952703 , 0.0109293
