0.00948339 , 0.00948889
0.0119835 , 0.0119845
0.0143907 , 0.0143909
0.0101099 , 0.0101135
0.00953305 , 0.00953837
0.00869008 , 0.0086994
0.00969262 , 0.0096974
0.0134657 , 0.0134661
1 , 1
1 , 1
0.0101987 , 0.0102021
0.00982952 , 0.00983389
0.00877957 , 0.00878835
0.0113902 , 0.0113917
0.0103938 , 0.0103968
0.0108012 , 0.0108035
0.00826327 , 0.00827564
0.0152262 , 0.0152263
0.00979913 , 0.00980358
0.0133549 , 0.0133553
1 , 1
1 , 1
0.00877446 , 0.00878327
0.00771381 , 0.0077316
0.00869977 , 0.00870903
0.00938108 , 0.00938697
0.0101347 , 0.0101383
0.00857839 , 0.00858843
0.00793878 , 0.00795411
0.0125485 , 0.0125492
0.0090055 , 0.00901306
1 , 1
1 , 1
1 , 1
0.010534 , 0.0105367
0.0111508 , 0.0111526
0.00916841 , 0.00917519
1 , 1
0.0109659 , 0.0109679
0.0101728 , 0.0101763
1 , 1
1 , 1
0.00951631 , 0.00952169
0.0114193 , 0.0114208
0.00874414 , 0.00875313
0.0156553 , 0.0156554
0.00897609 , 0.00898379
1 , 1
0.0126122 , 0.0126129
0.0088856 , 0.00889378
1 , 1
0.0110787 , 0.0110806
0.0117464 , 0.0117477
0.0091164 , 0.00912342
0.010923 , 0.0109251
0.00796259 , 0.00797769
0.0089587 , 0.0089665
0.0109878 , 0.0109898
1 , 1
0.0106353 , 0.0106378
1 , 1
0.0101857 , 0.0101892
1 , 1
0.0128213 , 0.0128219
0.00945916 , 0.00946475
0.00795362 , 0.0079688
0.00963754 , 0.0096425
0.0115417 , 0.0115431
1 , 1
1 , 1
0.0079656 , 0.00798066
1 , 1
0.00852981 , 0.00854018
0.00841272 , 0.00842392
0.0108609 , 0.0108631
0.0113336 , 0.0113352
1 , 1
0.0126122 , 0.0126129
0.0117464 , 0.0117477
1 , 1
0.0104238 , 0.0104268
0.00937349 , 0.0093794
0.0114793 , 0.0114807
0.0102118 , 0.0102152
0.0117464 , 0.0117477
0.00774475 , 0.00776218
1 , 1
0.00952466 , 0.00953001
0.00915524 , 0.00916208
0.0115417 , 0.0115431
0.00852114 , 0.00853157
0.00863787 , 0.00864752
0.00823434 , 0.00824695
0.0117834 , 0.0117846
0.00834963 , 0.00836131
1 , 1
0.0128213 , 0.0128219
0.00856499 , 0.00857511
1 , 1
1 , 1
