0.0127168 , 0.0121837 , 0.010018
0.00634047 , 0.00658811 , 0.00691119
0.00916447 , 0.00926978 , 0.00613109
0.00953446 , 0.00926978 , 0.00881399
0.0140521 , 0.0148503 , 0.0205833
0.0157269 , 0.0148503 , 0.0205833
0.00682077 , 0.00849153 , 0.00779485
0.0115227 , 0.00859729 , 0.010018
0.0106258 , 0.0107131 , 0.00691119
0.00917609 , 0.0074272 , 0.0133837
0.0072769 , 0.00849153 , 0.0205833
0.0114241 , 0.0107131 , 0.00779485
0.00627997 , 0.00556669 , 0.00613109
0.00914129 , 0.00938878 , 0.00613109
0.00747206 , 0.00733838 , 0.00881399
0.0122573 , 0.013168 , 0.0114896
0.00968339 , 0.00859729 , 0.010018
0.00851255 , 0.00838743 , 0.00881399
0.013168 , 0.0121837 , 0.016047
0.00599265 , 0.00549938 , 0.00691119
0.0153622 , 0.0151298 , 0.0205833
0.0157582 , 0.0148503 , 0.0133837
0.00791884 , 0.00870476 , 0.010018
0.00895872 , 0.00828493 , 0.00881399
0.00916447 , 0.00828493 , 0.0114896
0.00828493 , 0.00779485 , 0.010018
0.0126184 , 0.0140764 , 0.00881399
0.00929341 , 0.00915287 , 0.00779485
0.0125022 , 0.0123692 , 0.0205833
0.0121837 , 0.0121837 , 0.0114896
0.0124259 , 0.0143245 , 0.00480059
0.0102874 , 0.00938878 , 0.010018
0.00774777 , 0.00808455 , 0.00543274
0.0147149 , 0.0140764 , 0.0205833
0.0175097 , 0.0179323 , 1
0.00970854 , 0.00963338 , 0.0133837
0.00884711 , 0.00926978 , 0.00881399
0.00732956 , 0.00751723 , 0.010018
0.00996543 , 0.0102874 , 0.0114896
0.01719 , 0.0171125 , 0.016047
0.0130211 , 0.0116565 , 0.0114896
0.0113753 , 0.0114896 , 0.00881399
0.0248438 , 0.0229095 , 0.0205833
0.00904938 , 0.00870476 , 0.010018
0.0071728 , 0.00549938 , 0.00613109
0.0101648 , 0.0102874 , 0.0114896
0.00643226 , 0.00658811 , 0.00613109
0.00892504 , 0.00849153 , 0.016047
0.0107425 , 0.0118276 , 0.00881399
0.008154 , 0.00798657 , 0.00691119
0.0171125 , 0.0179323 , 0.016047
0.00919939 , 0.00988731 , 0.0133837
0.0105538 , 0.0127566 , 0.00881399
0.0106113 , 0.0108613 , 0.00779485
0.012313 , 0.0138374 , 0.00881399
0.00901524 , 0.0107131 , 0.00881399
0.0122021 , 0.013168 , 0.010018
0.00978457 , 0.00950995 , 0.0133837
0.00864007 , 0.0104263 , 0.010018
0.00833598 , 0.00779485 , 0.0133837
0.00842888 , 0.00915287 , 0.00881399
0.0115892 , 0.0120033 , 0.0133837
0.0157897 , 0.0145822 , 0.016047
0.0104263 , 0.0104263 , 0.010018
0.00918773 , 0.00892504 , 0.016047
0.00921107 , 0.00818398 , 0.00691119
0.0117244 , 0.0127566 , 0.016047
0.0195576 , 0.0199608 , 1
0.0114241 , 0.0111681 , 0.010018
0.0108314 , 0.0110129 , 0.016047
0.00858664 , 0.00849153 , 0.010018
0.00860796 , 0.00859729 , 0.0133837
0.0139558 , 0.0154216 , 0.0133837
0.00658811 , 0.00620511 , 0.00779485
0.00922277 , 0.00849153 , 0.00691119
0.00593522 , 0.00570337 , 0.00480059
0.0132534 , 0.0136066 , 0.0133837
0.00833598 , 0.00870476 , 0.00691119
0.00981011 , 0.00963338 , 0.00881399
0.0118798 , 0.0133837 , 0.0205833
0.00992626 , 0.0125601 , 0.00779485
0.0107573 , 0.0118276 , 0.00881399
0.00952219 , 0.00870476 , 0.010018
0.00860796 , 0.010018 , 0.00779485
0.0108914 , 0.0120033 , 0.0133837
0.00778541 , 0.00725072 , 0.010018
0.00853363 , 0.0102874 , 0.00691119
0.00448258 , 0.00369163 , 0.00543274
0.0163834 , 0.0163834 , 1
0.0146615 , 0.0145822 , 0.010018
0.011606 , 0.0118276 , 0.010018
0.0108314 , 0.0108613 , 0.00779485
0.00811422 , 0.00808455 , 0.010018
0.0125215 , 0.0114896 , 0.010018
0.00975913 , 0.00950995 , 0.00779485
0.00792847 , 0.00828493 , 0.010018
0.0107278 , 0.0104263 , 0.0114896
0.00947337 , 0.00975913 , 0.010018
0.00858664 , 0.0107131 , 0.00691119
0.010018 , 0.00938878 , 0.00613109
