0.0139049 , 0 , 0.0505078
0.00544659 , 0.00562731 , 0.00623202
0.0125443 , 0.0112005 , 0
0.00574797 , 0.00207299 , 0.000342447
0.0107563 , 0.0118383 , 0.0261653
0.00825309 , 0 , 0.000342447
0.0122228 , 0.00930972 , 0.000342447
0.00775951 , 0.000342447 , 0.0261653
0.0126731 , 0.0124799 , 0
0.0125443 , 0.00993625 , 0.0417686
0.00460745 , 0.0118383 , 0.0124799
0.00825309 , 0.00324382 , 0.0191122
0.00496624 , 0.00265668 , 0.0336918
0.00800601 , 0 , 0.00623202
0.00383443 , 0 , 0.0261653
0.00690134 , 0.00623202 , 0.0191122
0.0118383 , 0.00806772 , 0.0417686
0.00893558 , 0.000342447 , 0
0.0112005 , 0.00868688 , 0
0.00568762 , 0.0118383 , 0
0.00955989 , 0.0124799 , 0.0336918
0.00887335 , 0.0118383 , 0.0505078
0.00999911 , 0.0124799 , 0.0191122
0.00720702 , 0.0118383 , 0.000342447
0.011137 , 0.00806772 , 0
0.00629269 , 0.0170802 , 0.00623202
0.00955989 , 0 , 0
0.0133846 , 0.00930972 , 0.000342447
0.0097479 , 0.000342447 , 0.00623202
0.0112005 , 0.0218804 , 0.0124799
0.0120304 , 0.00562731 , 0.0505078
0.00955989 , 0.0254397 , 0.0261653
0.00788268 , 0.00868688 , 0.0261653
0.00918486 , 0 , 0.0336918
0.00943473 , 0.00265668 , 0.0336918
0.011137 , 0.00265668 , 0
0.00893558 , 0.0105665 , 0.0261653
0.0101879 , 0.00207299 , 0.0505078
0.00912248 , 0.00930972 , 0.0600742
0.0126087 , 0.00993625 , 0.0124799
0.0108197 , 0.0276306 , 0.0417686
0.00937221 , 0.0105665 , 0
0.0131901 , 0.0124799 , 0.0600742
0.0096852 , 0.00207299 , 0
0.0108197 , 0.00684031 , 0.000342447
0.0113915 , 0.00868688 , 0.0336918
0.00819126 , 0.0124799 , 0
0.00769798 , 0.00993625 , 0
0.0120304 , 0.00684031 , 0.0191122
0.00837684 , 0.0131253 , 0.0191122
0.0163444 , 0.0177534 , 0.0600742
0.0135794 , 0.00502616 , 0.0505078
0.0104402 , 0 , 0.0505078
0.00544659 , 0.00207299 , 0
0.00868688 , 0 , 0.0505078
0.00943473 , 0.00207299 , 0
0.00732954 , 0 , 0.00623202
0.00837684 , 0.0170802 , 0.000342447
0.0107563 , 0.00684031 , 0
0.0106297 , 0.015746 , 0.0336918
0.00981065 , 0.00868688 , 0.0124799
0.0112005 , 0.0191122 , 0.00623202
0.00881116 , 0.0225833 , 0.000342447
0.00962252 , 0.00684031 , 0
0.0086248 , 0 , 0.00623202
0.0119663 , 0.0191122 , 0.0191122
0.0104402 , 0.0112005 , 0.0261653
0.010693 , 0.000915895 , 0.00623202
0.0105033 , 0.00562731 , 0.0828204
0.0135794 , 0.00207299 , 0.0505078
0.0139702 , 0.0197978 , 0.0261653
0.00544659 , 0.00623202 , 0.000342447
0.00912248 , 0.0150849 , 0.0124799
0.0164111 , 0.0261653 , 0.0124799
0.00856276 , 0.00930972 , 0.0191122
0.010693 , 0.0191122 , 0.000342447
0.00659657 , 0.00684031 , 0
0.0128667 , 0.0298652 , 0.0707158
0.00800601 , 0.000342447 , 0.0336918
0.00763648 , 0 , 0
0.0152168 , 0.00806772 , 0.0707158
0.0131901 , 0.00930972 , 0.000342447
0.010883 , 0.0177534 , 0.0261653
0.0106297 , 0.0276306 , 0
0.00739085 , 0 , 0
0.00887335 , 0.00207299 , 0
0.0120304 , 0.00324382 , 0.0505078
0.0146245 , 0.0144278 , 0.0124799
0.0107563 , 0 , 0.0261653
0.00831495 , 0.00684031 , 0.00623202
0.0108197 , 0.00383443 , 0.000342447
0.00993625 , 0.0170802 , 0.0191122
0.010377 , 0.0240024 , 0.000342447
0.00502616 , 0.0131253 , 0.0191122
0.00868688 , 0.000342447 , 0.0417686
0.0133197 , 0.0118383 , 0
0.00868688 , 0 , 0
0.0123513 , 0.00806772 , 0.0191122
0.010062 , 0.0131253 , 0.000342447
0.0113915 , 0.00868688 , 0.00623202
