0.00913493 , 0.00958391 , 0.00958391
0.00802389 , 0.00744308 , 0.0171824
0.00794148 , 0.00803428 , 0.0133905
0.0115054 , 0.0109854 , 0.00958391
0.00743375 , 0.00674168 , 0.0073504
0.00965312 , 0.0088146 , 0.00958391
0.0134456 , 0.0128679 , 0.0171824
0.00886269 , 0.00858021 , 0.0073504
0.0217798 , 0.0296747 , 1
0.0186085 , 0.0199676 , 1
0.0125296 , 0.0146128 , 0.0133905
0.0081818 , 0.00858021 , 0.0111656
0.0127447 , 0.0146128 , 1
0.00570085 , 0.00436585 , 0.0073504
0.0089234 , 0.0103184 , 0.0073504
0.0148936 , 0.0161864 , 0.00835534
0.00850047 , 0.00972321 , 0.0133905
0.0192064 , 0.0171824 , 1
0.0143457 , 0.0149661 , 0.0073504
0.0133632 , 0.0142809 , 1
0.0140909 , 0.0139678 , 1
0.00731376 , 0.00763323 , 0.00452934
0.0130453 , 0.0121666 , 0.0133905
0.00943463 , 0.00803428 , 1
0.0112953 , 0.0115445 , 0.0133905
0.0107089 , 0.0119514 , 0.00835534
0.0104294 , 0.0104777 , 0.0133905
0.00604593 , 0.00716956 , 0.00576265
0.0125062 , 0.0117442 , 0.0133905
0.0115249 , 0.010811 , 1
0.0146471 , 0.0157489 , 0.0133905
0.00564649 , 0.00682465 , 0.00649994
0.0123 , 0.013123 , 0.0133905
0.0149297 , 0.0139678 , 0.0111656
0.0110568 , 0.0117442 , 0.0171824
0.0145111 , 0.0161864 , 0.00958391
0.0136142 , 0.0153435 , 0.0171824
0.0159197 , 0.0166619 , 0.0171824
0.0181993 , 0.0209598 , 0.0133905
0.0146471 , 0.0157489 , 0.0171824
0.00888689 , 0.00846664 , 0.00958391
0.0103816 , 0.0115445 , 0.00649994
0.00823545 , 0.00846664 , 0.00649994
0.00805512 , 0.00824624 , 0.0111656
0.0106418 , 0.0100128 , 0.0171824
0.00843301 , 0.00835534 , 0.0111656
0.00910962 , 0.00893562 , 0.0133905
0.0103816 , 0.0109854 , 0.00958391
0.00948845 , 0.0121666 , 0.0171824
0.00695149 , 0.00583212 , 0.00511185
0.00602417 , 0.00611906 , 0.00835534
0.0108627 , 0.0115445 , 0.0133905
0.0040985 , 0.00436585 , 0.00266678
0.00879071 , 0.00783013 , 0.0111656
0.00728643 , 0.0091859 , 0.00649994
0.0235565 , 0.0199676 , 1
0.014029 , 0.0142809 , 0.0171824
0.011021 , 0.0123906 , 0.0171824
0.010692 , 0.0101635 , 0.00835534
0.0121666 , 0.0133905 , 0.0171824
0.00579728 , 0.00634444 , 0.00452934
0.0139375 , 0.0139678 , 0.0111656
0.0121886 , 0.0133905 , 0.00835534
0.00728643 , 0.00690889 , 0.00649994
0.0139983 , 0.0123906 , 0.0133905
0.0189745 , 0.019128 , 0.0133905
0.0147866 , 0.0153435 , 0.0133905
0.0230552 , 0.0237343 , 0.0171824
0.00749001 , 0.00824624 , 0.00576265
0.017021 , 0.0171824 , 1
0.00900952 , 0.00803428 , 0.00576265
0.0119725 , 0.0153435 , 0.0171824
0.0125766 , 0.013123 , 0.0111656
0.00628344 , 0.00642165 , 0.00835534
0.00932854 , 0.0103184 , 0.00958391
0.00497237 , 0.00464106 , 0.0111656
0.0105428 , 0.0109854 , 0.00958391
0.00682465 , 0.00690889 , 0.00958391
0.0168129 , 0.0142809 , 1
0.0107089 , 0.0100128 , 0.0073504
0.0100128 , 0.00944804 , 0.0073504
0.0181993 , 0.0171824 , 1
0.0117646 , 0.0133905 , 0.0133905
0.0120365 , 0.0117442 , 0.0073504
0.0177575 , 0.0171824 , 0.00835534
0.019128 , 0.019128 , 0.0171824
0.00526755 , 0.00505078 , 0.00835534
0.00803428 , 0.00858021 , 0.0073504
0.00583212 , 0.00604593 , 0.00452934
0.00647634 , 0.00597374 , 0.0040021
0.00930233 , 0.0091859 , 0.0073504
0.0110032 , 0.00944804 , 0.00958391
0.0133632 , 0.0136716 , 1
0.0103184 , 0.010811 , 0.0073504
0.00795172 , 0.00763323 , 0.0073504
0.0110388 , 0.0111656 , 0.0111656
0.0065395 , 0.00725924 , 0.00649994
0.0124366 , 0.0128679 , 0.0073504
0.00856875 , 0.00893562 , 0.0133905
0.00594513 , 0.00665992 , 0.00352052
