0.0104159 , 0.00976576 , 0.00745763
0.0061764 , 0.00604872 , 0.00639952
0.00939536 , 0.0084339 , 0.011488
0.0103887 , 0.0100024 , 0.00894704
0.0134179 , 0.012793 , 1
0.00923316 , 0.00913529 , 1
0.00570541 , 0.00484537 , 0.004338
0.00887435 , 0.00859713 , 0.00745763
1 , 1 , 1
0.0084021 , 0.00798354 , 0.011488
0.0175495 , 0.0173629 , 0.011488
0.0138097 , 0.0173629 , 1
0.00678717 , 0.00639952 , 0.00639952
1 , 1 , 1
0.0123507 , 0.0123046 , 0.011488
0.00636291 , 0.00758225 , 0.00639952
0.0118737 , 0.0118737 , 0.00639952
0.0102293 , 0.0102554 , 0.00894704
0.0105838 , 0.011488 , 0.011488
1 , 1 , 1
0.00880306 , 0.00894704 , 0.011488
0.0186601 , 0.0198823 , 1
0.017016 , 0.0198823 , 1
0.00773757 , 0.00859713 , 0.011488
0.00673643 , 0.00722035 , 0.00894704
1 , 1 , 1
0.0150242 , 1 , 0.011488
0.0080405 , 0.00771122 , 0.00639952
0.00795539 , 0.00827759 , 0.00557802
0.00811297 , 0.00876793 , 0.011488
0.00875049 , 0.00876793 , 0.00639952
0.0084499 , 0.00913529 , 1
0.0118737 , 0.011139 , 0.011488
0.00917413 , 0.0100024 , 0.00745763
1 , 1 , 1
0.0137414 , 0.014837 , 0.00745763
0.0119977 , 0.0108203 , 0.00894704
0.0164076 , 0.0198823 , 1
0.0107001 , 0.0118737 , 1
0.00923316 , 0.00827759 , 0.00557802
0.00714078 , 0.00621996 , 0.00745763
0.0108509 , 0.0084339 , 0.011488
0.00945807 , 0.00859713 , 0.00745763
0.00775081 , 0.00812763 , 0.00894704
0.00777744 , 0.0084339 , 0.00745763
0.0125898 , 0.0123046 , 0.011488
0.0123507 , 0.0123046 , 0.011488
0.00756959 , 0.00745763 , 0.00745763
0.0116758 , 0.00954339 , 0.011488
0.010527 , 0.00933369 , 0.011488
0.00526733 , 0.00484537 , 0.00894704
0.00519358 , 0.00572835 , 0.00894704
0.00683862 , 0.00588507 , 0.00894704
0.00738483 , 0.00798354 , 0.00894704
1 , 1 , 1
0.00830832 , 0.00827759 , 0.00894704
0.00869866 , 0.00954339 , 0.011488
1 , 1 , 1
0.0106707 , 0.0108203 , 0.00745763
0.00723186 , 0.00678717 , 0.00639952
0.00715205 , 0.00733709 , 0.00557802
0.0127411 , 0.011139 , 0.00894704
0.00718604 , 0.00745763 , 0.00639952
0.00545487 , 0.00588507 , 0.00490629
0.00664682 , 0.00745763 , 0.00745763
1 , 1 , 1
0.0085474 , 0.00745763 , 0.011488
0.00935413 , 0.010527 , 0.00894704
0.0173629 , 0.0198823 , 1
0.00990593 , 0.0102554 , 1
0.0124444 , 0.011488 , 0.00745763
0.0038872 , 0.0035786 , 0.00384546
0.00716334 , 0.00733709 , 0.00894704
0.0104434 , 0.0102554 , 0.00894704
0.0133565 , 0.011488 , 1
0.00578245 , 0.00509532 , 1
0.020692 , 1 , 1
0.0123507 , 0.0118737 , 1
0.0154298 , 0.0173629 , 1
0.0115995 , 0.0118737 , 0.011488
0.00956503 , 0.00933369 , 1
0.014837 , 0.0133565 , 1
0.00933369 , 0.0100024 , 0.00894704
0.0232029 , 0.0198823 , 1
0.00792745 , 0.00733709 , 1
0.00639952 , 0.00733709 , 0.00384546
0.00927304 , 0.011139 , 1
1 , 1 , 1
0.0101776 , 0.00976576 , 0.011488
0.0195362 , 0.0198823 , 1
0.00531505 , 0.00472646 , 0.004338
0.0141715 , 0.0140225 , 1
0.00591722 , 0.00658827 , 0.00745763
0.0133565 , 0.014837 , 1
0.0113798 , 0.0123046 , 0.00894704
0.00896543 , 0.00827759 , 0.011488
0.0155387 , 0.0198823 , 1
0.00682828 , 0.00649269 , 0.00639952
0.0116758 , 0.0118737 , 0.011488
0.0242431 , 1 , 1
