1 , 1 , 1
0.0066167 , 0.00711112 , 0.00516892
0.00832154 , 0.00796737 , 0.00796737
0.00962935 , 0.0110252 , 0.00620266
0.00876757 , 0.00887422 , 1
1 , 1 , 1
1 , 1 , 1
1 , 1 , 1
1 , 1 , 1
0.00490268 , 0.00492577 , 0.00443481
1 , 1 , 1
1 , 1 , 1
1 , 1 , 1
1 , 1 , 1
1 , 1 , 1
0.0104932 , 0.0110252 , 0.00796737
0.0168469 , 1 , 0.00796737
1 , 1 , 1
0.0107834 , 0.0110252 , 0.00796737
1 , 1 , 1
0.00994064 , 0.0110252 , 0.00796737
0.010942 , 0.0110252 , 1
1 , 1 , 1
1 , 1 , 1
1 , 1 , 1
1 , 1 , 1
0.00678708 , 0.00607833 , 1
1 , 1 , 1
1 , 1 , 1
0.0121827 , 0.0138071 , 1
1 , 1 , 1
1 , 1 , 1
1 , 1 , 1
1 , 1 , 1
1 , 1 , 1
0.00873299 , 0.00887422 , 1
1 , 1 , 1
1 , 1 , 1
0.0059367 , 0.00620266 , 1
1 , 1 , 1
0.011388 , 0.0102954 , 1
1 , 1 , 1
1 , 1 , 1
1 , 1 , 1
1 , 1 , 1
1 , 1 , 1
0.00591383 , 0.00607833 , 0.00386503
0.00693546 , 0.00677111 , 0.00516892
1 , 1 , 1
1 , 1 , 1
1 , 1 , 1
1 , 1 , 1
1 , 1 , 1
1 , 1 , 1
1 , 1 , 1
1 , 1 , 1
0.00930859 , 0.00823534 , 1
0.0103596 , 0.0138071 , 0.00796737
1 , 1 , 1
1 , 1 , 1
0.0112923 , 0.0120528 , 1
1 , 1 , 1
1 , 1 , 1
0.00579163 , 0.00534489 , 0.00516892
1 , 1 , 1
0.0054471 , 0.00492577 , 0.00620266
1 , 1 , 1
1 , 1 , 1
0.00994064 , 0.0110252 , 1
1 , 1 , 1
1 , 1 , 1
1 , 1 , 1
1 , 1 , 1
0.00691854 , 0.00633336 , 0.00620266
1 , 1 , 1
1 , 1 , 1
0.00554371 , 0.00620266 , 0.00796737
0.00820724 , 0.00853481 , 1
1 , 1 , 1
1 , 1 , 1
1 , 1 , 1
0.00983259 , 0.0102954 , 1
1 , 1 , 1
1 , 1 , 1
0.0104932 , 0.0102954 , 0.00620266
0.0102327 , 0.00972894 , 1
1 , 1 , 1
0.00891078 , 0.0120528 , 0.00620266
1 , 1 , 1
0.00422066 , 0.00335699 , 0.00796737
0.00637391 , 0.00595976 , 1
0.0143712 , 0.0138071 , 1
1 , 1 , 1
1 , 1 , 1
0.0052642 , 0.00553388 , 0.00516892
1 , 1 , 1
0.00690173 , 0.00677111 , 0.00386503
1 , 1 , 1
1 , 1 , 1
1 , 1 , 1
