0.0116215 , 0.0117124 , 0.0117124
0.00742638 , 0.00878372 , 0.00650154
0.00899027 , 0.00754551 , 0.00650154
0.0140006 , 0.0146912 , 0.0192177
0.0100477 , 0.011115 , 0.00766545
0.0108239 , 0.0101168 , 0.00650154
0.00984191 , 0.00778622 , 0.00891252
0.0110126 , 0.00904229 , 0.00541014
0.0120345 , 0.00917303 , 0.0217563
0.00950425 , 0.00984191 , 0.00891252
0.009371 , 0.010256 , 0.0192177
0.0120036 , 0.0156196 , 0.0150565
0.00970605 , 0.00790783 , 0.010256
0.0109253 , 0.0115611 , 0
0.015112 , 0.0138107 , 0.0170103
0.0106373 , 0.0115611 , 0.00891252
0.00900326 , 0.00827783 , 0.00650154
0.0129078 , 0.0141575 , 0.0170103
0.00992393 , 0.0108239 , 0.0150565
0.0126492 , 0.0139832 , 0.0170103
0.00875807 , 0.00957126 , 0.00541014
0.0107663 , 0.011115 , 0.0117124
0.00982827 , 0.0128104 , 0.0117124
0.0107951 , 0.011115 , 0.00891252
0.00812889 , 0.00695785 , 0.00341148
0.0077741 , 0.00865586 , 0.0133033
0.00878372 , 0.00891252 , 0.010256
0.00850367 , 0.010256 , 0.0133033
0.0108818 , 0.00917303 , 0.0192177
0.012859 , 0.0136399 , 0.00766545
0.012347 , 0.0131374 , 0.0170103
0.0124577 , 0.0154298 , 0.0150565
0.0115611 , 0.0139832 , 0.00891252
0.00497123 , 0.00509552 , 0.00438254
0.0145473 , 0.0160055 , 0.0217563
0.00891252 , 0.00904229 , 0.0150565
0.00995136 , 0.010256 , 0.0192177
0.00882226 , 0.00852894 , 0.0117124
0.00973314 , 0.00778622 , 0.00161571
0.0085796 , 0.00984191 , 0.0133033
0.0115461 , 0.010256 , 0.00650154
0.00904229 , 0.00970605 , 0.00766545
0.0129895 , 0.0120191 , 0.0170103
0.00662584 , 0.00742638 , 0.00650154
0.00861769 , 0.00754551 , 0.00766545
0.0110272 , 0.0105376 , 0.00766545
0.0103821 , 0.010256 , 0.0117124
0.0117276 , 0.00984191 , 0.00891252
0.00755746 , 0.00650154 , 0.000781462
0.00978744 , 0.00878372 , 0.0117124
0.0120345 , 0.0136399 , 0.00650154
0.0072845 , 0.00719055 , 0.010256
0.0109689 , 0.011115 , 0.00891252
0.0141575 , 0.0117124 , 0.0170103
0.0112773 , 0.00891252 , 0.0247465
0.0153545 , 0.0164003 , 0.0192177
0.00925195 , 0.0109689 , 0.0117124
0.008166 , 0.00891252 , 0.00650154
0.0125372 , 0.0141575 , 0.00891252
0.01327 , 0.0138107 , 0.0170103
0.00472524 , 0.00509552 , 0
0.0067168 , 0.00742638 , 0.00766545
0.00945083 , 0.0136399 , 0.010256
0.00977385 , 0.0109689 , 0.0150565
0.00981465 , 0.0094375 , 0.0170103
0.00574128 , 0.00891252 , 0.00766545
0.00801801 , 0.00878372 , 0.00650154
0.0136399 , 0.0136399 , 0.0170103
0.00832777 , 0.00719055 , 0.00341148
0.0102141 , 0.00840293 , 0.0150565
0.00930476 , 0.00827783 , 0.00766545
0.00901626 , 0.00695785 , 0.0150565
0.00849104 , 0.00917303 , 0.00650154
0.0109543 , 0.0120191 , 0.00650154
0.0117276 , 0.0123312 , 0.00438254
0.0135044 , 0.0129731 , 0.00541014
0.0117428 , 0.0108239 , 0.010256
0.00790783 , 0.00815362 , 0.0117124
0.00873247 , 0.00865586 , 0.00438254
0.0122683 , 0.0105376 , 0.0150565
0.00991024 , 0.00970605 , 0.0170103
0.00856692 , 0.0118651 , 0.010256
0.00951763 , 0.0112625 , 0.00650154
0.00895135 , 0.00930476 , 0.0117124
0.00546313 , 0.00478642 , 0.00650154
0.0152422 , 0.0139832 , 0.010256
0.00733167 , 0.00865586 , 0.00541014
0.00986921 , 0.0109689 , 0.0117124
0.0138795 , 0.0162018 , 0.0133033
0.0129568 , 0.0124895 , 0.0170103
0.0105092 , 0.0109689 , 0.00249092
0.00958469 , 0.0105376 , 0.00341148
0.00522069 , 0.00650154 , 0.00766545
0.0155814 , 0.0148729 , 0.0150565
0.00589289 , 0.00509552 , 0.00438254
0.0120345 , 0.0133033 , 0.0133033
0.00875807 , 0.00852894 , 0.010256
0.00892546 , 0.00852894 , 0.0133033
0.00954442 , 0.00790783 , 0.0150565
0.00641168 , 0.00428299 , 0.00650154
