0.0118634 , 0.0137533 , 0.0146314
0.0127838 , 0.01175 , 0.0114715
0.0076232 , 0.0085793 , 0.00380787
0.00873972 , 0.00795968 , 0.0090123
0.00860056 , 0.00785966 , 0.0090123
0.00900126 , 0.00776053 , 0.00611138
0.00752613 , 0.00816244 , 0.00189599
0.0124035 , 0.0108041 , 0.0146314
0.00836893 , 0.00795968 , 0.00795968
0.0118777 , 0.0120357 , 0.00529004
0.0103595 , 0.00993206 , 0.0146314
0.0111461 , 0.0123289 , 0.0166281
0.0115543 , 0.0139235 , 0.00699752
0.0115128 , 0.01175 , 0.00795968
0.00666144 , 0.00536952 , 0.0114715
0.0119349 , 0.00890247 , 0.0114715
0.0114166 , 0.0101743 , 0.0129396
0.0110662 , 0.013258 , 0.0166281
0.00712735 , 0.00699752 , 0.00611138
0.0132257 , 0.016849 , 0.00795968
0.0131615 , 0.0113347 , 0.0146314
0.00726815 , 0.00690569 , 0.00529004
0.0137533 , 0.0151936 , 0.0190658
0.0174216 , 0.0153875 , 0.0190658
0.010817 , 0.0123289 , 0.0190658
0.0118492 , 0.0110662 , 0.0129396
0.0139578 , 0.0159904 , 0.0190658
0.0149089 , 0.0140963 , 0.0221988
0.0115959 , 0.0123289 , 0.0221988
0.0105226 , 0.00912321 , 0.00699752
0.0119349 , 0.0100525 , 0.0146314
0.0105352 , 0.010422 , 0.0090123
0.00845261 , 0.00923524 , 0.0101743
0.0096481 , 0.0114715 , 0.00795968
0.00807074 , 0.00690569 , 0.00795968
0.0111863 , 0.0093484 , 0.00795968
0.00862186 , 0.00847362 , 0.0101743
0.00897923 , 0.00836893 , 0.0265966
0.00596745 , 0.00594224 , 0.00189599
0.00960147 , 0.00981286 , 0.00699752
0.0119206 , 0.0105479 , 0.0221988
0.00922399 , 0.00993206 , 0.0146314
0.0111461 , 0.013258 , 0.0090123
0.00820343 , 0.00746828 , 0.00795968
0.0080606 , 0.00690569 , 0.0101743
0.00850522 , 0.00923524 , 0.0045246
0.0120937 , 0.010422 , 0.0221988
0.0114577 , 0.0101743 , 0.0146314
0.00507042 , 0.00459884 , 0.00699752
0.0109344 , 0.0120357 , 0.0114715
0.00907871 , 0.00636995 , 0.00699752
0.00532176 , 0.0055302 , 0.0101743
0.00827554 , 0.00957822 , 0.0045246
0.00639614 , 0.00636995 , 0.00529004
0.0089353 , 0.0080606 , 0.0101743
0.0150408 , 0.0151936 , 0.0146314
0.00917909 , 0.0090123 , 0.00529004
0.01175 , 0.0105479 , 0.0101743
0.0127838 , 0.0120357 , 0.0129396
0.00741074 , 0.00785966 , 0.0090123
0.0125389 , 0.011892 , 0.0166281
0.00724927 , 0.00847362 , 0.00795968
0.00820343 , 0.00923524 , 0.0114715
0.0108821 , 0.0105479 , 0.0101743
0.00826521 , 0.0090123 , 0.00611138
0.0158061 , 0.0161989 , 0.0146314
0.0117924 , 0.0148156 , 0.0090123
0.0116657 , 0.0106752 , 0.0114715
0.00797979 , 0.00816244 , 0.00529004
0.00794964 , 0.0080606 , 0.000780171
0.0130342 , 0.0142718 , 0.0190658
0.01051 , 0.0090123 , 0.0166281
0.0123885 , 0.0111997 , 0.0190658
0.00779018 , 0.00890247 , 0.00529004
0.0124936 , 0.01175 , 0.0129396
0.00883708 , 0.00946272 , 0.0166281
0.00945124 , 0.0106752 , 0.00529004
0.00897923 , 0.0093484 , 0.0101743
0.00949725 , 0.00890247 , 0.0090123
0.0120647 , 0.0134207 , 0.0166281
0.00837936 , 0.00785966 , 0.0129396
0.00989617 , 0.0101743 , 0.0166281
0.00736301 , 0.00795968 , 0.00529004
0.011835 , 0.0120357 , 0.00529004
0.0112131 , 0.0108041 , 0.0166281
0.00888063 , 0.00923524 , 0.0045246
0.0102851 , 0.00993206 , 0.00529004
0.00826521 , 0.0080606 , 0.0090123
0.0102234 , 0.00890247 , 0.00529004
0.00745867 , 0.00737254 , 0.00611138
0.00905653 , 0.00690569 , 0.0129396
0.0134864 , 0.0151936 , 0.00795968
0.0103223 , 0.01175 , 0.0129396
0.00844211 , 0.00654571 , 0.0090123
0.011444 , 0.0101743 , 0.0114715
0.0102727 , 0.0093484 , 0.0114715
0.0133228 , 0.0140963 , 0.0166281
0.0102851 , 0.00981286 , 0.00795968
0.00683276 , 0.00776053 , 0.0101743
0.0106624 , 0.00946272 , 0.0114715
