0.175881, 0.191226
0.17693
0.225511
0.209103
0.244169
0.247865
0.165151
0.212909
0.155917
0.205285
0.189896
0.166465
0.179534
0.17693
0.180834
0.145288
0.178233
0.179534
0.179534
0.175627
0.173015
0.230516
0.146621
0.230516
0.183429
0.165151
0.137264
0.111555
0.174322
0.192474
0.206559
0.206559
0.180834
0.146621
0.159882
0.179534
0.163835
0.159882
0.220486
0.17693
0.171708
0.200176
0.171708
0.158562
0.239223
0.206559
0.217966
0.196331
0.125142
0.280597
0.245402
0.173015
0.205285
0.263745
0.246634
0.225511
0.178233
0.149284
0.170399
0.137264
0.216703
0.221744
0.162519
0.18602
0.149284
0.201455
0.191186
0.142618
0.0784457
0.193761
0.133234
0.196331
0.209103
0.137264
0.145288
0.167777
0.223001
0.103343
0.220486
0.137264
0.133234
0.217966
0.183429
0.209103
0.2601
0.217966
0.216703
0.18602
0.193761
0.178233
0.196331
0.255222
0.20401
0.236741
0.200176
0.17693
0.18602
0.197614
0.241698
0.139943
0.167777
