0.00928223, 0.00995512
0.0332297
7.73659e-51
7.73659e-51
0.0145213
0.0217396
0.017412
0.011626
0.00872623
7.73659e-51
0.0317974
0.0101767
7.73659e-51
7.73659e-51
0.00582197
7.73659e-51
7.73659e-51
7.73659e-51
0.0159672
7.73659e-51
0.011626
0.00872623
0.00727466
7.73659e-51
0.017412
0.0145213
0.0101767
7.73659e-51
0.0145213
0.0130742
7.73659e-51
0.00727466
0.0360907
0.00436815
0.0130742
0.0145213
0.0159672
7.73659e-51
0.0217396
0.0145213
0.00145717
0.0274938
7.73659e-51
0.017412
0.00145717
0.030364
7.73659e-51
0.00727466
0.00582197
0.0217396
7.73659e-51
0.0274938
0.0274938
0.017412
0.0188557
0.017412
0.00145717
0.0145213
0.00727466
0.024619
0.0332297
0.0130742
7.73659e-51
0.00727466
0.011626
7.73659e-51
0.00582197
0.00582197
0.0231798
7.73659e-51
7.73659e-51
0.0145213
0.0231798
0.011626
0.0188557
7.73659e-51
0.0101767
0.0101767
0.0217396
0.00872623
0.00436815
7.73659e-51
0.00436815
0.011626
0.0159672
0.0260569
0.0101767
0.00727466
7.73659e-51
7.73659e-51
7.73659e-51
0.0188557
7.73659e-51
0.0159672
7.73659e-51
7.73659e-51
0.00872623
0.00872623
0.030364
7.73659e-51
7.73659e-51
