0.578853, 0.614842
0.631386
0.531917
0.604091
0.549744
0.587536
0.615457
0.594203
0.605725
0.621073
0.568881
0.632173
0.633744
0.606541
0.628229
0.631386
0.608984
0.5663
0.590877
0.590877
0.611418
0.610608
0.57657
0.60081
0.608171
0.602452
0.597514
0.548863
0.579961
0.625057
0.552383
0.625851
0.665205
0.646962
0.538204
0.585859
0.612228
0.606541
0.589208
0.587536
0.613844
0.509963
0.595032
0.670436
0.594203
0.57657
0.655383
0.619473
0.568881
0.565438
0.648501
0.646192
0.574868
0.583337
0.655383
0.602452
0.632959
0.605725
0.555886
0.616262
0.613036
0.590043
0.530111
0.595032
0.586698
0.619473
0.531014
0.552383
0.567161
0.588372
0.610608
0.582495
0.570596
0.526486
0.636095
0.535516
0.631386
0.635312
0.606541
0.636095
0.604091
0.596688
0.647732
0.635312
0.646192
0.633744
0.572308
0.572308
0.581651
0.57657
0.657662
0.59171
0.647732
0.64542
0.565438
0.601631
0.621871
0.640773
0.64155
0.569739
0.617869
