0.43368, 0.467087
0.489286
0.457241
0.474875
0.461193
0.540883
0.463161
0.474875
0.443263
0.498751
0.502506
0.411475
0.51551
0.458231
0.448282
0.485468
0.534617
0.431096
0.446278
0.434154
0.449282
0.494978
0.458231
0.49781
0.399912
0.452276
0.490237
0.474875
0.526486
0.475844
0.423919
0.415642
0.506244
0.547097
0.499692
0.458231
0.48067
0.465125
0.431096
0.532818
0.447281
0.404134
0.542663
0.485468
0.445275
0.54444
0.428027
0.415642
0.505311
0.39034
0.501569
0.424948
0.41043
0.422888
0.506244
0.422888
0.454266
0.473906
0.439227
0.450281
0.461193
0.473906
0.465125
0.414602
0.454266
0.403081
0.431096
0.412519
0.442256
0.452276
0.451279
0.448282
0.408336
0.493085
0.423919
0.461193
0.484511
0.458231
0.447281
0.457241
0.422888
0.445275
0.461193
0.493085
0.559374
0.51089
0.470989
0.394607
0.414602
0.524668
0.439227
0.435171
0.436187
0.483552
0.41043
0.477778
0.464144
0.445275
0.496867
0.489286
0.403081
