0.248651, 0.270143
0.304225
0.288927
0.257664
0.255222
0.331887
0.287741
0.173015
0.244169
0.351028
0.257664
0.228016
0.264957
0.281791
0.264957
0.305393
0.299541
0.296015
0.197614
0.251549
0.344315
0.290111
0.284175
0.207832
0.285365
0.290111
0.274608
0.334158
0.306559
0.219227
0.303056
0.264957
0.149284
0.323897
0.216703
0.247865
0.301886
0.345437
0.354367
0.175627
0.288927
0.279402
0.237983
0.209103
0.273406
0.275808
0.313529
0.2601
0.225511
0.315842
0.312371
0.298367
0.251549
0.300714
0.214175
0.296015
0.264957
0.252775
0.197614
0.336425
0.273406
0.195047
0.293657
0.256443
0.285365
0.252775
0.240461
0.293657
0.285365
0.239223
0.231763
0.240461
0.288927
0.273406
0.236741
0.209103
0.231763
0.347677
0.230516
0.210373
0.207832
0.226764
0.242934
0.226764
0.314686
0.290111
0.230516
0.351028
0.274608
0.323897
0.278205
0.268586
0.262531
0.153268
0.240461
0.228016
0.305393
0.308888
0.321602
0.253999
0.210373
