0.486143, 0.521197
0.539098
0.508106
0.54798
0.536413
0.55676
0.474875
0.519186
0.503442
0.51551
0.523757
0.467085
0.49781
0.582495
0.486424
0.451279
0.470015
0.49781
0.508106
0.539991
0.384978
0.54798
0.567161
0.51643
0.571453
0.527394
0.489286
0.531917
0.512741
0.483552
0.470989
0.561979
0.469039
0.485468
0.494978
0.519186
0.502506
0.459219
0.572308
0.529206
0.511816
0.475844
0.499692
0.462178
0.520102
0.546212
0.512741
0.572308
0.51089
0.5663
0.525577
0.468063
0.48067
0.493085
0.501569
0.536413
0.506244
0.568021
0.483552
0.508106
0.539098
0.560243
0.562845
0.484511
0.537309
0.482593
0.571453
0.554137
0.551504
0.594203
0.542663
0.535516
0.500631
0.507175
0.479707
0.447281
0.530111
0.505311
0.471963
0.55326
0.507175
0.581651
0.501569
0.44427
0.494032
0.487379
0.552383
0.49781
0.504377
0.526486
0.531014
0.585859
0.528301
0.513665
0.468063
0.509035
0.532818
0.424948
0.573162
0.501569
0.519186
