0.534452, 0.57031
0.504377
0.541774
0.555012
0.554137
0.531917
0.567161
0.547097
0.549744
0.535516
0.526486
0.559374
0.595032
0.55676
0.610608
0.523757
0.572308
0.587536
0.567161
0.547097
0.538204
0.503442
0.531014
0.653097
0.534617
0.570596
0.511816
0.494032
0.540883
0.483552
0.621871
0.654622
0.518269
0.511816
0.590877
0.541774
0.577419
0.560243
0.59586
0.580807
0.574015
0.633744
0.519186
0.58502
0.54444
0.466106
0.60081
0.568021
0.488333
0.59586
0.598339
0.558503
0.512741
0.562845
0.634529
0.579115
0.57657
0.595032
0.519186
0.520102
0.609796
0.579115
0.521017
0.604091
0.617066
0.588372
0.48067
0.573162
0.529206
0.531014
0.590877
0.560243
0.593373
0.59171
0.580807
0.559374
0.538204
0.593373
0.512741
0.608171
0.599987
0.548863
0.627437
0.589208
0.554137
0.57657
0.592542
0.580807
0.560243
0.573162
0.58502
0.523757
0.605725
0.60081
0.585859
0.590877
0.590043
0.618671
0.549744
0.588372
0.574015
