0.315311, 0.34206
0.362114
0.376334
0.366512
0.278205
0.397794
0.366512
0.329611
0.356587
0.354367
0.356587
0.377419
0.300714
0.335292
0.382825
0.345437
0.315842
0.346558
0.367609
0.235499
0.290111
0.335292
0.380666
0.31815
0.427002
0.366512
0.306559
0.403081
0.311211
0.334158
0.362114
0.303056
0.406238
0.337556
0.351028
0.288927
0.388199
0.404134
0.344315
0.32847
0.334158
0.2601
0.402026
0.402026
0.348796
0.369797
0.290111
0.375248
0.299541
0.351028
0.333023
0.325042
0.382825
0.288927
0.355478
0.352143
0.39034
0.314686
0.308888
0.252775
0.303056
0.337556
0.344315
0.348796
0.371981
0.375248
0.288927
0.361011
0.288927
0.380666
0.416681
0.37089
0.358802
0.394607
0.457241
0.315842
0.288927
0.362114
0.359907
0.343192
0.326186
0.32847
0.366512
0.342067
0.280597
0.304225
0.37089
0.342067
0.291295
0.32275
0.353256
0.291295
0.365414
0.349913
0.392476
0.330749
0.266168
0.333023
0.369797
0.382825
0.357695
