0.855507, 0.879916
0.883428
0.883428
0.858861
0.893515
0.833284
0.866059
0.905508
0.831541
0.866609
0.896666
0.849886
0.867159
0.88182
0.911673
0.85495
0.875347
0.85607
0.823932
0.872085
0.865508
0.877512
0.877512
0.904474
0.876431
0.880746
0.873174
0.888227
0.816231
0.887164
0.887164
0.878052
0.845919
0.903957
0.907055
0.836178
0.877512
0.852705
0.851015
0.872629
0.877512
0.867708
0.848189
0.877512
0.889288
0.8699
0.872085
0.876431
0.875347
0.840781
0.857746
0.847622
0.888758
0.885565
0.864405
0.835022
0.870993
0.883428
0.840207
0.876431
0.867159
0.858861
0.891933
0.868805
0.8699
0.861639
0.851015
0.873718
0.882357
0.868805
0.898236
0.889818
0.877512
0.886631
0.897713
0.876972
0.862747
0.84364
0.873174
0.890347
0.852142
0.872085
0.885032
0.891933
0.866059
0.862193
0.847055
0.892461
0.870993
0.848755
0.88182
0.870447
0.886631
0.868257
0.869353
0.859418
0.89719
0.904991
0.870447
0.881283
0.859418
