0.690855, 0.724648
0.698153
0.712295
0.734993
0.68078
0.707379
0.697438
0.730923
0.69457
0.669691
0.717175
0.723397
0.710193
0.661444
0.74904
0.752999
0.711595
0.708084
0.701005
0.712295
0.751022
0.72133
0.698153
0.711595
0.741719
0.712995
0.747715
0.753656
0.724085
0.729561
0.698867
0.743724
0.745057
0.725458
0.710894
0.700293
0.719948
0.719256
0.689522
0.724772
0.677103
0.707379
0.702427
0.708084
0.685165
0.722709
0.724772
0.734993
0.665955
0.724772
0.689522
0.712995
0.701005
0.708788
0.751682
0.675627
0.708084
0.670436
0.726144
0.689522
0.728879
0.725458
0.712295
0.749701
0.750362
0.69958
0.756279
0.731603
0.697438
0.703137
0.680046
0.733639
0.703137
0.730923
0.673407
0.754313
0.72202
0.692411
0.662198
0.718563
0.695288
0.72202
0.754969
0.720639
0.68078
0.758892
0.665205
0.733639
0.748378
0.67784
0.718563
0.690245
0.692411
0.725458
0.710193
0.643875
0.681512
0.732283
0.715785
0.723397
0.724772
