0.749977, 0.781258
0.745057
0.74038
0.751022
0.767954
0.768597
0.707379
0.788825
0.773714
0.752999
0.769239
0.767311
0.786331
0.768597
0.821572
0.773076
0.815634
0.804803
0.790689
0.783827
0.783827
0.7832
0.788825
0.817422
0.766023
0.764732
0.756933
0.74105
0.801761
0.730243
0.78508
0.756933
0.74904
0.806016
0.767954
0.754969
0.743724
0.747052
0.714391
0.731603
0.781314
0.726829
0.76988
0.78508
0.773076
0.756933
0.793784
0.69457
0.776891
0.813243
0.766023
0.78508
0.808434
0.755624
0.777525
0.776891
0.793166
0.763439
0.7718
0.764086
0.735669
0.765378
0.754313
0.763439
0.726144
0.74105
0.780053
0.760194
0.756933
0.778158
0.774987
0.781943
0.781943
0.766023
0.766667
0.762791
0.78508
0.773076
0.804196
0.748378
0.780053
0.824521
0.739037
0.767311
0.793166
0.737018
0.77435
0.752341
0.817422
0.785706
0.752999
0.707379
0.791309
0.756933
0.789447
0.801761
0.778158
0.776257
0.799929
0.789447
0.728197
