0.819567, 0.846699
0.836178
0.827455
0.861639
0.862193
0.849321
0.827455
0.828041
0.836178
0.822753
0.826869
0.858861
0.839059
0.840207
0.845919
0.833864
0.813842
0.858861
0.853267
0.811444
0.853267
0.824521
0.830959
0.851015
0.835022
0.793784
0.837908
0.825109
0.855511
0.870447
0.826283
0.815037
0.870993
0.837908
0.874261
0.812044
0.824521
0.819797
0.837908
0.823932
0.864405
0.813243
0.802371
0.812044
0.813842
0.845919
0.844781
0.836755
0.85439
0.826869
0.848189
0.804803
0.832703
0.788203
0.871539
0.818016
0.80541
0.844781
0.839059
0.849321
0.866059
0.891405
0.833284
0.80541
0.818016
0.866609
0.798705
0.803588
0.822753
0.857188
0.885565
0.857746
0.882893
0.846487
0.793784
0.851579
0.845919
0.847055
0.826283
0.815037
0.823343
0.825696
0.793166
0.861639
0.857188
0.831541
0.825696
0.834443
0.849321
0.819797
0.836178
0.837332
0.846487
0.802371
0.822753
0.812044
0.867708
0.815037
0.84535
0.80964
0.845919
