0.798646, 0.82717
0.820981
0.829209
0.823932
0.829793
0.811444
0.852705
0.8356
0.788825
0.809037
0.793784
0.849886
0.851015
0.8356
0.776891
0.802371
0.791309
0.781314
0.812644
0.799317
0.824521
0.80964
0.777525
0.841926
0.782572
0.815634
0.804803
0.833864
0.855511
0.830959
0.823932
0.813243
0.756279
0.80964
0.812044
0.77435
0.84535
0.85439
0.8356
0.815037
0.836178
0.824521
0.81444
0.827455
0.810843
0.802371
0.802371
0.803588
0.819204
0.835022
0.798092
0.806016
0.825109
0.850451
0.857746
0.837332
0.846487
0.788203
0.80298
0.804803
0.823932
0.841926
0.820981
0.863853
0.822753
0.8356
0.835022
0.78508
0.799317
0.853829
0.847622
0.853267
0.822163
0.802371
0.80964
0.852705
0.806621
0.841354
0.810242
0.77052
0.763439
0.788825
0.806016
0.818016
0.803588
0.806016
0.861639
0.830376
0.820981
0.80964
0.803588
0.780684
0.848755
0.799929
0.788203
0.818016
0.785706
0.802371
0.793784
0.791309
0.836755
