0.775515, 0.80543
0.828625
0.823343
0.8356
0.782572
0.818016
0.806621
0.799929
0.801761
0.782572
0.758892
0.762143
0.778158
0.815634
0.811444
0.754313
0.781943
0.786956
0.766023
0.810843
0.813842
0.799929
0.823343
0.762143
0.80964
0.824521
0.832122
0.786331
0.790068
0.798705
0.799929
0.80298
0.800541
0.752341
0.778158
0.790689
0.793166
0.788203
0.804803
0.772438
0.801151
0.790689
0.80783
0.848189
0.75824
0.764732
0.826869
0.801761
0.789447
0.80298
0.820389
0.85439
0.810843
0.859418
0.790068
0.837908
0.829793
0.795634
0.791309
0.780684
0.804196
0.7832
0.799929
0.799317
0.7832
0.773714
0.800541
0.799317
0.816231
0.762791
0.820389
0.787579
0.825109
0.808434
0.804196
0.80964
0.791929
0.774987
0.778158
0.835022
0.798092
0.804196
0.830959
0.837908
0.828041
0.839633
0.737692
0.7718
0.792548
0.776257
0.792548
0.775622
0.830376
0.790689
0.775622
0.743057
0.781943
0.778158
0.796249
0.777525
0.779422
