0.721828, 0.754417
0.77116
0.696005
0.752341
0.761494
0.780684
0.703137
0.700293
0.777525
0.719256
0.778158
0.742388
0.759543
0.788203
0.752341
0.744391
0.756279
0.723397
0.774987
0.737018
0.755624
0.684436
0.744391
0.737018
0.718563
0.769239
0.728197
0.786331
0.767311
0.773076
0.719256
0.783827
0.684436
0.738365
0.711595
0.746387
0.737018
0.743724
0.705968
0.761494
0.703137
0.738365
0.74105
0.727513
0.74105
0.760194
0.765378
0.757587
0.717175
0.743724
0.767954
0.710193
0.734993
0.69169
0.729561
0.745723
0.723397
0.751022
0.695288
0.714391
0.68078
0.747052
0.711595
0.74038
0.804196
0.760845
0.698867
0.790689
0.760194
0.760194
0.702427
0.751022
0.766667
0.789447
0.756933
0.719256
0.728879
0.72133
0.767311
0.766667
0.750362
0.747715
0.780684
0.757587
0.713693
0.749701
0.733639
0.783827
0.743057
0.736344
0.751022
0.730923
0.708788
0.715088
0.794401
0.722709
0.703137
0.736344
0.76988
0.714391
0.719256
