0.619575, 0.655176
0.675627
0.656903
0.618671
0.665955
0.636877
0.646192
0.685893
0.690245
0.618671
0.659934
0.65842
0.688798
0.661444
0.662198
0.638438
0.666704
0.65842
0.608984
0.648501
0.603272
0.622669
0.704554
0.67118
0.649269
0.643101
0.689522
0.634529
0.644648
0.664454
0.639996
0.669691
0.632959
0.64155
0.648501
0.623466
0.622669
0.639217
0.619473
0.664454
0.651568
0.660689
0.656903
0.599164
0.640773
0.644648
0.610608
0.611418
0.665955
0.635312
0.580807
0.605725
0.656903
0.552383
0.626645
0.643101
0.682244
0.682976
0.638438
0.64155
0.650036
0.601631
0.672666
0.634529
0.681512
0.701716
0.646962
0.696722
0.65842
0.673407
0.677103
0.657662
0.649269
0.661444
0.656903
0.604091
0.653097
0.656903
0.700293
0.677103
0.627437
0.693132
0.685165
0.670436
0.68662
0.647732
0.700293
0.579961
0.682976
0.649269
0.659934
0.621073
0.681512
0.582495
0.632173
0.637658
0.621871
0.609796
0.669691
0.673407
0.665205
