0.870864, 0.89396
0.883428
0.84307
0.894041
0.88182
0.862747
0.883963
0.888758
0.872629
0.909112
0.889818
0.895617
0.8633
0.862193
0.8699
0.875889
0.896142
0.882893
0.879131
0.880746
0.874804
0.868805
0.898758
0.891405
0.862747
0.885565
0.880746
0.911161
0.850451
0.888227
0.861084
0.884498
0.874804
0.900322
0.890347
0.864405
0.876972
0.864957
0.876431
0.877512
0.91727
0.901882
0.889818
0.89928
0.889288
0.886099
0.903957
0.874804
0.870447
0.866609
0.880746
0.906024
0.889288
0.890347
0.882893
0.913714
0.898236
0.878592
0.896666
0.907055
0.911161
0.87967
0.892461
0.85495
0.879131
0.85495
0.880746
0.856629
0.876431
0.911673
0.887164
0.859418
0.90292
0.889288
0.886631
0.85607
0.886099
0.856629
0.900843
0.878052
0.868257
0.898236
0.871539
0.88182
0.887695
0.876972
0.907055
0.874804
0.892461
0.870993
0.878592
0.880746
0.901363
0.875889
0.891405
0.874804
0.873174
0.883963
0.909112
0.902402
0.874804
