0.884682, 0.906509
0.887164
0.886631
0.90757
0.914223
0.896142
0.876972
0.912694
0.869353
0.881283
0.909625
0.852705
0.896142
0.913714
0.938671
0.892988
0.922315
0.907055
0.904474
0.890347
0.894567
0.889288
0.91065
0.906024
0.916256
0.893515
0.89928
0.892988
0.913714
0.920806
0.904991
0.920806
0.892461
0.902402
0.871539
0.92632
0.914732
0.893515
0.901882
0.890876
0.894567
0.880208
0.885565
0.878592
0.878592
0.89719
0.889818
0.901882
0.922817
0.896142
0.901363
0.914223
0.911673
0.868805
0.877512
0.869353
0.884498
0.887695
0.890876
0.910137
0.898758
0.90292
0.901882
0.905508
0.90757
0.882893
0.915749
0.899801
0.887164
0.908084
0.906024
0.892461
0.873718
0.872085
0.900322
0.894041
0.920302
0.898758
0.905508
0.888227
0.901363
0.911673
0.895617
0.90757
0.903439
0.891405
0.89719
0.890876
0.900843
0.906024
0.885032
0.882357
0.914732
0.92881
0.91065
0.910137
0.882893
0.910137
0.910137
0.900843
0.88182
