0.918247, 0.936552
0.965455
0.92382
0.907055
0.944026
0.955549
0.948373
0.909625
0.935729
0.936711
0.934253
0.918282
0.94257
0.943056
0.920302
0.928313
0.929307
0.936221
0.934253
0.919798
0.910137
0.918788
0.91065
0.940136
0.925321
0.92382
0.958396
0.934253
0.944026
0.932774
0.920806
0.926819
0.932774
0.943056
0.929804
0.936221
0.925321
0.916256
0.941598
0.929307
0.92382
0.93376
0.913714
0.936221
0.93376
0.922817
0.922817
0.935238
0.934746
0.934253
0.949815
0.925321
0.926819
0.930795
0.935729
0.940136
0.92632
0.920302
0.91727
0.924821
0.936711
0.930795
0.943056
0.921812
0.949335
0.917776
0.927317
0.915749
0.945479
0.927317
0.920806
0.910137
0.93228
0.936711
0.929804
0.92382
0.944995
0.93376
0.938671
0.93228
0.948373
0.925321
0.922817
0.958869
0.936221
0.907055
0.940136
0.936221
0.936711
0.944026
0.900843
0.933267
0.914732
0.918282
0.944026
0.93376
0.945962
0.929804
0.933267
0.922817
0.91065
