0.897101, 0.917705
0.904474
0.89719
0.907055
0.914732
0.906539
0.904991
0.927816
0.886099
0.922315
0.919293
0.892461
0.920806
0.912184
0.917776
0.904991
0.898758
0.918788
0.891933
0.89719
0.940624
0.915749
0.920806
0.903957
0.913204
0.899801
0.899801
0.913714
0.893515
0.897713
0.90757
0.89719
0.90757
0.899801
0.889288
0.9303
0.902402
0.920806
0.887695
0.913204
0.918788
0.909112
0.924321
0.893515
0.915241
0.911161
0.895092
0.904991
0.904991
0.913204
0.92632
0.924321
0.90292
0.898758
0.916763
0.924321
0.913204
0.888758
0.924821
0.934746
0.931785
0.887695
0.896142
0.901363
0.897713
0.896142
0.909112
0.8699
0.918788
0.911161
0.93376
0.899801
0.894041
0.913204
0.903439
0.92632
0.913714
0.926819
0.893515
0.852142
0.919798
0.889818
0.908084
0.919293
0.91727
0.925321
0.896666
0.922817
0.907055
0.903957
0.894041
0.912694
0.900843
0.934253
0.91065
0.911161
0.947892
0.907055
0.892461
0.91727
0.934253
