0.90825, 0.927679
0.922315
0.922817
0.894041
0.922315
0.955549
0.927317
0.909625
0.925321
0.917776
0.93129
0.93228
0.903439
0.935729
0.90292
0.93228
0.913714
0.937202
0.929804
0.926819
0.908084
0.937202
0.895092
0.934746
0.916256
0.899801
0.924821
0.924321
0.911161
0.891405
0.92382
0.916763
0.943541
0.925821
0.937202
0.921812
0.904991
0.930795
0.918282
0.920806
0.919798
0.915749
0.896666
0.914732
0.937202
0.915241
0.944995
0.91065
0.900322
0.909625
0.951254
0.911161
0.909112
0.911673
0.93228
0.912184
0.904474
0.925321
0.943541
0.917776
0.902402
0.921812
0.927317
0.909625
0.936221
0.927317
0.929804
0.927816
0.914732
0.938181
0.911673
0.911161
0.9303
0.917776
0.934253
0.906539
0.925821
0.926819
0.912694
0.943541
0.94257
0.920302
0.925321
0.913204
0.935238
0.929804
0.930795
0.913204
0.954121
0.92881
0.927816
0.927317
0.935238
0.923318
0.914223
0.918282
0.917776
0.931785
0.90757
0.902402
0.935238
