0.00977823 , 0.00817821 , 0.00820792
0.00977823 , 0.0100635 , 0.0142567
0.00977823 , 0.00901871 , 0.0106587
0.00977823 , 0.0107534 , 0.00850623
0.00977823 , 0.00959935 , 0.0132501
0.00977823 , 0.00808924 , 0.00454004
0.00977823 , 0.00886729 , 0.0116145
0.00977823 , 0.00920118 , 0.0100324
0.00977823 , 0.00997029 , 0.0152826
0.00977823 , 0.0105013 , 0.00820792
0.00977823 , 0.00920118 , 0.00820792
0.00977823 , 0.0105957 , 0.0112938
0.00977823 , 0.00987725 , 0.0142567
0.00977823 , 0.00956858 , 0.0112938
0.00977823 , 0.00814853 , 0.0100324
0.00977823 , 0.00993925 , 0.0142567
0.00977823 , 0.0106587 , 0.0132501
0.00977823 , 0.00883707 , 0.00850623
0.00977823 , 0.0106903 , 0.00590538
0.00977823 , 0.0100324 , 0.00791193
0.00977823 , 0.0117112 , 0.0122624
0.00977823 , 0.00972263 , 0.0094151
0.00977823 , 0.00853619 , 0.0094151
0.00977823 , 0.00944575 , 0.00910984
0.00977823 , 0.00950712 , 0.00791193
0.00977823 , 0.0100635 , 0.00820792
0.00977823 , 0.0110705 , 0.0116145
0.00977823 , 0.00984628 , 0.00820792
0.00977823 , 0.00969178 , 0.0135836
0.00977823 , 0.0107218 , 0.0112938
0.00977823 , 0.00800048 , 0.00972263
0.00977823 , 0.00947642 , 0.0094151
0.00977823 , 0.0116467 , 0.0119374
0.00977823 , 0.0100324 , 0.0145965
0.00977823 , 0.0104385 , 0.0116145
0.00977823 , 0.0110387 , 0.0103445
0.00977823 , 0.0101882 , 0.00820792
0.00977823 , 0.0100947 , 0.0109751
0.00977823 , 0.00997029 , 0.00880688
0.00977823 , 0.010157 , 0.00880688
0.00977823 , 0.00978441 , 0.0142567
0.00977823 , 0.00993925 , 0.0100324
0.00977823 , 0.00969178 , 0.0119374
0.00977823 , 0.0112938 , 0.0094151
0.00977823 , 0.0106272 , 0.0094151
0.00977823 , 0.0102819 , 0.0116145
0.00977823 , 0.00892779 , 0.00732699
0.00977823 , 0.0102194 , 0.0135836
0.00977823 , 0.00950712 , 0.00480878
0.00977823 , 0.0094151 , 0.00480878
0.00977823 , 0.00969178 , 0.00820792
0.00977823 , 0.00886729 , 0.0122624
0.00977823 , 0.00935386 , 0.0119374
0.00977823 , 0.00859618 , 0.00535268
0.00977823 , 0.0094151 , 0.0103445
0.00977823 , 0.00978441 , 0.0064671
0.00977823 , 0.0104699 , 0.00880688
0.00977823 , 0.0103132 , 0.00972263
0.00977823 , 0.00914026 , 0.0132501
0.00977823 , 0.0100324 , 0.0109751
0.00977823 , 0.00972263 , 0.00562792
0.00977823 , 0.0102506 , 0.0122624
0.00977823 , 0.0111023 , 0.0129188
0.00977823 , 0.00969178 , 0.00791193
0.00977823 , 0.0114218 , 0.00590538
0.00977823 , 0.00966094 , 0.0112938
0.00977823 , 0.00950712 , 0.0116145
0.00977823 , 0.0100013 , 0.0122624
0.00977823 , 0.00926218 , 0.00535268
0.00977823 , 0.00935386 , 0.00703803
0.00977823 , 0.00926218 , 0.00820792
0.00977823 , 0.00978441 , 0.0100324
0.00977823 , 0.0105327 , 0.0119374
0.00977823 , 0.0100013 , 0.0122624
0.00977823 , 0.00969178 , 0.0116145
0.00977823 , 0.00829717 , 0.00972263
0.00977823 , 0.0113577 , 0.00910984
0.00977823 , 0.0106903 , 0.0106587
0.00977823 , 0.00835678 , 0.00703803
0.00977823 , 0.00956858 , 0.0067514
0.00977823 , 0.00969178 , 0.0067514
0.00977823 , 0.00826739 , 0.00880688
0.00977823 , 0.0104699 , 0.00972263
0.00977823 , 0.0100635 , 0.00880688
0.00977823 , 0.0109434 , 0.0109751
0.00977823 , 0.00898838 , 0.0132501
0.00977823 , 0.0101258 , 0.00820792
0.00977823 , 0.0103758 , 0.00820792
0.00977823 , 0.00926218 , 0.0106587
0.00977823 , 0.0103445 , 0.0106587
0.00977823 , 0.00920118 , 0.0103445
0.00977823 , 0.0103445 , 0.0125896
0.00977823 , 0.0103445 , 0.00791193
0.00977823 , 0.01088 , 0.00400875
0.00977823 , 0.00984628 , 0.0132501
0.00977823 , 0.00850623 , 0.00820792
0.00977823 , 0.00956858 , 0.00910984
0.00977823 , 0.00910984 , 0.00972263
0.00977823 , 0.00950712 , 0.0106587
0.00977823 , 0.0104699 , 0.00972263
