0.00944102 , 0.00927428 , 0.010558
0.00944102 , 0.00970495 , 0.00915262
0.00944102 , 0.00915262 , 0.0107195
0.00944102 , 0.0105419 , 0.00855325
0.00944102 , 0.00913745 , 0.0127568
0.00944102 , 0.00995453 , 0.00855325
0.00944102 , 0.00998591 , 0.00870171
0.00944102 , 0.00972047 , 0.0108821
0.00944102 , 0.0092438 , 0.00900139
0.00944102 , 0.00894116 , 0.00992319
0.00944102 , 0.00987626 , 0.0152495
0.00944102 , 0.00939655 , 0.0102385
0.00944102 , 0.00921337 , 0.00930479
0.00944102 , 0.00987626 , 0.00961201
0.00944102 , 0.00941188 , 0.0107195
0.00944102 , 0.00918297 , 0.00870171
0.00944102 , 0.00962748 , 0.00900139
0.00944102 , 0.00953484 , 0.00915262
0.00944102 , 0.00933534 , 0.00885109
0.00944102 , 0.00947328 , 0.00930479
0.00944102 , 0.00909201 , 0.00992319
0.00944102 , 0.0091223 , 0.00684072
0.00944102 , 0.0091223 , 0.00945791
0.00944102 , 0.00978266 , 0.0071174
0.00944102 , 0.00913745 , 0.00930479
0.00944102 , 0.00867195 , 0.00725704
0.00944102 , 0.00958112 , 0.00915262
0.00944102 , 0.00935062 , 0.00945791
0.00944102 , 0.00935062 , 0.00782433
0.00944102 , 0.00900139 , 0.00900139
0.00944102 , 0.00925904 , 0.0103977
0.00944102 , 0.00975155 , 0.0097671
0.00944102 , 0.00939655 , 0.00961201
0.00944102 , 0.0101276 , 0.00855325
0.00944102 , 0.00950404 , 0.00796835
0.00944102 , 0.0082006 , 0.00840568
0.00944102 , 0.00955026 , 0.00870171
0.00944102 , 0.00948866 , 0.010558
0.00944102 , 0.00986063 , 0.0107195
0.00944102 , 0.0100961 , 0.0103977
0.00944102 , 0.00933534 , 0.0097671
0.00944102 , 0.00876135 , 0.0097671
0.00944102 , 0.00876135 , 0.0103977
0.00944102 , 0.00882114 , 0.0100803
0.00944102 , 0.00953484 , 0.0102385
0.00944102 , 0.00933534 , 0.00796835
0.00944102 , 0.00993886 , 0.00855325
0.00944102 , 0.00922858 , 0.00855325
0.00944102 , 0.00986063 , 0.0108821
0.00944102 , 0.00972047 , 0.00930479
0.00944102 , 0.009736 , 0.00945791
0.00944102 , 0.00936592 , 0.0102385
0.00944102 , 0.00941188 , 0.010558
0.00944102 , 0.00904666 , 0.00885109
0.00944102 , 0.00932006 , 0.0110458
0.00944102 , 0.00907689 , 0.00811324
0.00944102 , 0.00958112 , 0.0100803
0.00944102 , 0.00909201 , 0.00930479
0.00944102 , 0.00992319 , 0.00796835
0.00944102 , 0.00938123 , 0.0120552
0.00944102 , 0.00901647 , 0.00930479
0.00944102 , 0.00962748 , 0.00796835
0.00944102 , 0.00955026 , 0.00811324
0.00944102 , 0.00951944 , 0.00753894
0.00944102 , 0.0100645 , 0.0103977
0.00944102 , 0.00941188 , 0.0097671
0.00944102 , 0.00989189 , 0.00992319
0.00944102 , 0.00972047 , 0.0112108
0.00944102 , 0.00950404 , 0.00840568
0.00944102 , 0.00897125 , 0.00825902
0.00944102 , 0.0101434 , 0.012579
0.00944102 , 0.00945791 , 0.0117134
0.00944102 , 0.00944256 , 0.00945791
0.00944102 , 0.00938123 , 0.00992319
0.00944102 , 0.00861253 , 0.00900139
0.00944102 , 0.00921337 , 0.00885109
0.00944102 , 0.00904666 , 0.00930479
0.00944102 , 0.00903156 , 0.0103977
0.00944102 , 0.00897125 , 0.0097671
0.00944102 , 0.00961201 , 0.00930479
0.00944102 , 0.00898632 , 0.0100803
0.00944102 , 0.0102543 , 0.00855325
0.00944102 , 0.0089562 , 0.0110458
0.00944102 , 0.00962748 , 0.010558
0.00944102 , 0.00874643 , 0.00900139
0.00944102 , 0.00936592 , 0.0076812
0.00944102 , 0.00918297 , 0.0102385
0.00944102 , 0.00910715 , 0.00961201
0.00944102 , 0.00919817 , 0.00915262
0.00944102 , 0.00927428 , 0.0117134
0.00944102 , 0.00939655 , 0.00796835
0.00944102 , 0.00883611 , 0.0103977
0.00944102 , 0.00972047 , 0.00930479
0.00944102 , 0.00964295 , 0.00900139
0.00944102 , 0.00956568 , 0.00885109
0.00944102 , 0.00901647 , 0.0113771
0.00944102 , 0.00942721 , 0.00616428
0.00944102 , 0.00953484 , 0.00811324
0.00944102 , 0.0097671 , 0.0076812
0.00944102 , 0.00915262 , 0.00697862
