0.0101178 , 0.0101275 , 0.0107786
0.0101178 , 0.0101603 , 0.0103153
0.0101178 , 0.0102152 , 0.0116802
0.0101178 , 0.00997667 , 0.00988133
0.0101178 , 0.0100087 , 0.0107786
0.0101178 , 0.0104967 , 0.0100949
0.0101178 , 0.0103377 , 0.0102042
0.0101178 , 0.0102929 , 0.0100949
0.0101178 , 0.00994475 , 0.00889662
0.0101178 , 0.0101385 , 0.0121125
0.0101178 , 0.00988133 , 0.0100949
0.0101178 , 0.0100409 , 0.0100949
0.0101178 , 0.0101494 , 0.00967387
0.0101178 , 0.0101713 , 0.0105429
0.0101178 , 0.0103714 , 0.011543
0.0101178 , 0.0100949 , 0.0108997
0.0101178 , 0.0102595 , 0.0110231
0.0101178 , 0.0100733 , 0.0106597
0.0101178 , 0.00988133 , 0.0102042
0.0101178 , 0.0102706 , 0.0107786
0.0101178 , 0.0102152 , 0.0104281
0.0101178 , 0.00960262 , 0.0095723
0.0101178 , 0.00997667 , 0.00967387
0.0101178 , 0.00990241 , 0.00998734
0.0101178 , 0.0104054 , 0.0104281
0.0101178 , 0.00990241 , 0.00967387
0.0101178 , 0.0103714 , 0.0104281
0.0101178 , 0.0100517 , 0.0100949
0.0101178 , 0.00994475 , 0.00988133
0.0101178 , 0.0103489 , 0.0116802
0.0101178 , 0.0106597 , 0.0104281
0.0101178 , 0.00980805 , 0.0104281
0.0101178 , 0.00975615 , 0.0108997
0.0101178 , 0.0102152 , 0.00977687
0.0101178 , 0.0104509 , 0.0105429
0.0101178 , 0.0101058 , 0.0102042
0.0101178 , 0.00974582 , 0.0102042
0.0101178 , 0.0103041 , 0.00908381
0.0101178 , 0.0102818 , 0.0107786
0.0101178 , 0.00992355 , 0.0100949
0.0101178 , 0.0101713 , 0.00862364
0.0101178 , 0.0103041 , 0.00871364
0.0101178 , 0.0095925 , 0.00967387
0.0101178 , 0.0103153 , 0.00988133
0.0101178 , 0.00952202 , 0.0095723
0.0101178 , 0.0102595 , 0.0104281
0.0101178 , 0.0102263 , 0.0111491
0.0101178 , 0.0102818 , 0.00937317
0.0101178 , 0.00984984 , 0.0103153
0.0101178 , 0.0104054 , 0.00977687
0.0101178 , 0.0101385 , 0.0111491
0.0101178 , 0.0102152 , 0.00977687
0.0101178 , 0.00987082 , 0.00917908
0.0101178 , 0.0101167 , 0.0107786
0.0101178 , 0.0103602 , 0.0110231
0.0101178 , 0.0101822 , 0.00889662
0.0101178 , 0.0102263 , 0.0105429
0.0101178 , 0.0104967 , 0.0110231
0.0101178 , 0.00956221 , 0.0095723
0.0101178 , 0.0100949 , 0.0105429
0.0101178 , 0.00984984 , 0.0103153
0.0101178 , 0.0101713 , 0.0103153
0.0101178 , 0.0104853 , 0.0103153
0.0101178 , 0.00992355 , 0.0100949
0.0101178 , 0.00995537 , 0.00977687
0.0101178 , 0.0101058 , 0.0116802
0.0101178 , 0.0102706 , 0.00917908
0.0101178 , 0.0100302 , 0.0103153
0.0101178 , 0.00968411 , 0.00988133
0.0101178 , 0.00994475 , 0.00967387
0.0101178 , 0.00986032 , 0.00835924
0.0101178 , 0.0103714 , 0.00977687
0.0101178 , 0.0100517 , 0.0103153
0.0101178 , 0.00979764 , 0.0100949
0.0101178 , 0.0097355 , 0.0095723
0.0101178 , 0.0102706 , 0.00917908
0.0101178 , 0.0101167 , 0.00988133
0.0101178 , 0.0102042 , 0.0108997
0.0101178 , 0.0102484 , 0.0103153
0.0101178 , 0.0102152 , 0.00988133
0.0101178 , 0.0101603 , 0.0104281
0.0101178 , 0.0101058 , 0.0107786
0.0101178 , 0.00997667 , 0.00998734
0.0101178 , 0.0102042 , 0.0107786
0.0101178 , 0.0100302 , 0.00908381
0.0101178 , 0.0102929 , 0.00977687
0.0101178 , 0.0101058 , 0.00947208
0.0101178 , 0.0100409 , 0.0102042
0.0101178 , 0.00998734 , 0.0102042
0.0101178 , 0.0102152 , 0.0104281
0.0101178 , 0.0101167 , 0.0110231
0.0101178 , 0.0101167 , 0.0105429
0.0101178 , 0.0101275 , 0.0111491
0.0101178 , 0.00999803 , 0.0107786
0.0101178 , 0.0100194 , 0.0124201
0.0101178 , 0.0103941 , 0.0110231
0.0101178 , 0.0100841 , 0.0095723
0.0101178 , 0.00980805 , 0.00967387
0.0101178 , 0.0102818 , 0.0095723
0.0101178 , 0.00987082 , 0.00998734
