0.00920818 , 0.00911456 , 0.00948895
0.00920818 , 0.00906317 , 0.00934427
0.00920818 , 0.00943016 , 0.00871632
0.00920818 , 0.00896314 , 0.00839697
0.00920818 , 0.0092747 , 0.00934427
0.00920818 , 0.00930232 , 0.0103591
0.00920818 , 0.00931623 , 0.0101607
0.00920818 , 0.00919347 , 0.0101607
0.00920818 , 0.00959502 , 0.00883118
0.00920818 , 0.00914061 , 0.0108082
0.00920818 , 0.00905047 , 0.0101607
0.00920818 , 0.0092747 , 0.00895089
0.00920818 , 0.00908875 , 0.00980379
0.00920818 , 0.00895089 , 0.0086059
0.00920818 , 0.00940123 , 0.0086059
0.00920818 , 0.00900024 , 0.00964178
0.00920818 , 0.00912756 , 0.00839697
0.00920818 , 0.00915373 , 0.00839697
0.00920818 , 0.00933022 , 0.00964178
0.00920818 , 0.00920684 , 0.00920684
0.00920818 , 0.00910162 , 0.00934427
0.00920818 , 0.0094594 , 0.00934427
0.00920818 , 0.0092747 , 0.00801894
0.00920818 , 0.00924736 , 0.00907593
0.00920818 , 0.00896314 , 0.00948895
0.00920818 , 0.00943016 , 0.0086059
0.00920818 , 0.00919347 , 0.00920684
0.00920818 , 0.00910162 , 0.00964178
0.00920818 , 0.0092747 , 0.00820195
0.00920818 , 0.00901271 , 0.0086059
0.00920818 , 0.0093584 , 0.00883118
0.00920818 , 0.00919347 , 0.00920684
0.00920818 , 0.00930232 , 0.00871632
0.00920818 , 0.00943016 , 0.00997626
0.00920818 , 0.00918016 , 0.00934427
0.00920818 , 0.0092747 , 0.00980379
0.00920818 , 0.00934427 , 0.00920684
0.00920818 , 0.00961051 , 0.00997626
0.00920818 , 0.00938688 , 0.00849955
0.00920818 , 0.00901271 , 0.00920684
0.00920818 , 0.00918016 , 0.00964178
0.00920818 , 0.00916692 , 0.00980379
0.00920818 , 0.00914061 , 0.00920684
0.00920818 , 0.00912756 , 0.00895089
0.00920818 , 0.00933022 , 0.00920684
0.00920818 , 0.00915373 , 0.00920684
0.00920818 , 0.00948895 , 0.00934427
0.00920818 , 0.00915373 , 0.00883118
0.00920818 , 0.0093726 , 0.00871632
0.00920818 , 0.00964178 , 0.00907593
0.00920818 , 0.00898782 , 0.00793143
0.00920818 , 0.00900024 , 0.00934427
0.00920818 , 0.00901271 , 0.00907593
0.00920818 , 0.00923379 , 0.00948895
0.00920818 , 0.00950385 , 0.00920684
0.00920818 , 0.00908875 , 0.00907593
0.00920818 , 0.00914061 , 0.00871632
0.00920818 , 0.0088904 , 0.00849955
0.00920818 , 0.00916692 , 0.00895089
0.00920818 , 0.0092747 , 0.00934427
0.00920818 , 0.0093584 , 0.00895089
0.00920818 , 0.0093726 , 0.00895089
0.00920818 , 0.00938688 , 0.00920684
0.00920818 , 0.00922028 , 0.00934427
0.00920818 , 0.00902524 , 0.00964178
0.00920818 , 0.0093726 , 0.00934427
0.00920818 , 0.00897545 , 0.00883118
0.00920818 , 0.00923379 , 0.00964178
0.00920818 , 0.00900024 , 0.00964178
0.00920818 , 0.00926099 , 0.0086059
0.00920818 , 0.00916692 , 0.00895089
0.00920818 , 0.00914061 , 0.00839697
0.00920818 , 0.0093584 , 0.00820195
0.00920818 , 0.00908875 , 0.00934427
0.00920818 , 0.00887845 , 0.00934427
0.00920818 , 0.00900024 , 0.0103591
0.00920818 , 0.00924736 , 0.00980379
0.00920818 , 0.0092747 , 0.00907593
0.00920818 , 0.00914061 , 0.00934427
0.00920818 , 0.00905047 , 0.00980379
0.00920818 , 0.00934427 , 0.00934427
0.00920818 , 0.00911456 , 0.00920684
0.00920818 , 0.00916692 , 0.00895089
0.00920818 , 0.00930232 , 0.0108082
0.00920818 , 0.00922028 , 0.00934427
0.00920818 , 0.00923379 , 0.0101607
0.00920818 , 0.00901271 , 0.00934427
0.00920818 , 0.00923379 , 0.0101607
0.00920818 , 0.0095339 , 0.0086059
0.00920818 , 0.00905047 , 0.00895089
0.00920818 , 0.00919347 , 0.00907593
0.00920818 , 0.0093726 , 0.00997626
0.00920818 , 0.00922028 , 0.00964178
0.00920818 , 0.00881948 , 0.00849955
0.00920818 , 0.00914061 , 0.00948895
0.00920818 , 0.00931623 , 0.00934427
0.00920818 , 0.00919347 , 0.00920684
0.00920818 , 0.00891444 , 0.00934427
0.00920818 , 0.00944474 , 0.00980379
0.00920818 , 0.00922028 , 0.0101607
