0.0108967 , 0.0110183 , 0.0108346
0.0108967 , 0.0108346 , 0.0101261
0.0108967 , 0.0120412 , 0.00962189
0.0108967 , 0.0107494 , 0.0108346
0.0108967 , 0.0106682 , 0.0101261
0.0108967 , 0.010924 , 0.00962189
0.0108967 , 0.010445 , 0.0120412
0.0108967 , 0.0112235 , 0.0120412
0.0108967 , 0.0105163 , 1
0.0108967 , 0.0111179 , 1
0.0108967 , 0.0106682 , 0.0120412
0.0108967 , 0.0105163 , 0.00890804
0.0108967 , 0.0106682 , 0.00922955
0.0108967 , 0.0106682 , 0.0120412
0.0108967 , 0.0112235 , 0.0108346
0.0108967 , 0.0106682 , 0.0120412
0.0108967 , 0.0110183 , 0.0101261
0.0108967 , 0.0108346 , 1
0.0108967 , 0.0106682 , 0.00922955
0.0108967 , 0.0113359 , 0.0101261
0.0108967 , 0.0107494 , 0.0101261
0.0108967 , 0.0113359 , 0.0108346
0.0108967 , 0.0110183 , 0.0108346
0.0108967 , 0.010445 , 0.0120412
0.0108967 , 0.0105906 , 0.0120412
0.0108967 , 0.0120412 , 0.0101261
0.0108967 , 0.0120412 , 0.0108346
0.0108967 , 0.0107494 , 0.0108346
0.0108967 , 0.0103764 , 1
0.0108967 , 0.0112235 , 0.0101261
0.0108967 , 0.0122243 , 1
0.0108967 , 0.0111179 , 0.0101261
0.0108967 , 0.0108346 , 0.0101261
0.0108967 , 0.0105163 , 0.0120412
0.0108967 , 0.0108346 , 1
0.0108967 , 0.0113359 , 0.0108346
0.0108967 , 0.0113359 , 0.0101261
0.0108967 , 0.011456 , 0.0108346
0.0108967 , 0.0105906 , 0.00962189
0.0108967 , 0.0107494 , 0.0108346
0.0108967 , 0.0102469 , 0.0120412
0.0108967 , 0.0110183 , 0.0120412
0.0108967 , 0.0105163 , 0.0101261
0.0108967 , 0.0105906 , 0.0101261
0.0108967 , 0.0110183 , 0.0120412
0.0108967 , 0.0105163 , 0.0101261
0.0108967 , 0.011456 , 0.0101261
0.0108967 , 0.011585 , 0.0108346
0.0108967 , 0.0113359 , 0.0108346
0.0108967 , 0.0110183 , 0.00962189
0.0108967 , 0.0108346 , 0.0101261
0.0108967 , 0.0107494 , 0.0120412
0.0108967 , 0.0111179 , 0.0108346
0.0108967 , 0.0107494 , 0.0108346
0.0108967 , 0.0112235 , 0.00922955
0.0108967 , 0.011585 , 0.0120412
0.0108967 , 0.0103764 , 0.0120412
0.0108967 , 0.011585 , 0.0108346
0.0108967 , 0.0113359 , 0.0108346
0.0108967 , 0.0105163 , 0.0120412
0.0108967 , 0.0105163 , 0.0108346
0.0108967 , 0.0108346 , 0.0120412
0.0108967 , 0.0105906 , 0.0120412
0.0108967 , 0.010924 , 0.0120412
0.0108967 , 0.0111179 , 0.00962189
0.0108967 , 0.0111179 , 0.00962189
0.0108967 , 0.0111179 , 0.00962189
0.0108967 , 0.0103764 , 0.0120412
0.0108967 , 0.0103764 , 0.0120412
0.0108967 , 0.0113359 , 0.0120412
0.0108967 , 0.0106682 , 0.0108346
0.0108967 , 0.0113359 , 0.0120412
0.0108967 , 0.0105906 , 0.0108346
0.0108967 , 0.011585 , 0.0120412
0.0108967 , 0.0110183 , 0.0101261
0.0108967 , 0.010924 , 0.0108346
0.0108967 , 0.0112235 , 0.0101261
0.0108967 , 0.0106682 , 0.00962189
0.0108967 , 0.0113359 , 0.00922955
0.0108967 , 0.0107494 , 0.0101261
0.0108967 , 0.0112235 , 1
0.0108967 , 0.0112235 , 1
0.0108967 , 0.0105906 , 0.0120412
0.0108967 , 0.0107494 , 0.0120412
0.0108967 , 0.0113359 , 0.00962189
0.0108967 , 0.010924 , 1
0.0108967 , 0.0110183 , 0.00962189
0.0108967 , 0.0110183 , 0.0120412
0.0108967 , 0.0110183 , 0.0120412
0.0108967 , 0.0112235 , 0.00962189
0.0108967 , 0.0110183 , 1
0.0108967 , 0.0112235 , 0.0120412
0.0108967 , 0.0107494 , 1
0.0108967 , 0.0108346 , 1
0.0108967 , 0.011456 , 0.00962189
0.0108967 , 0.011456 , 0.0108346
0.0108967 , 0.011456 , 0.0108346
0.0108967 , 0.0105906 , 0.00922955
0.0108967 , 0.010924 , 0.0101261
0.0108967 , 0.0110183 , 0.00962189
