0.00935865 , 0.00906615 , 1
0.00935865 , 0.00922199 , 0.00835783
0.00935865 , 0.00911643 , 0.00980921
0.00935865 , 0.00973218 , 0.00871239
0.00935865 , 0.0095885 , 0.00980921
0.00935865 , 0.00922199 , 0.0109014
0.00935865 , 0.00906615 , 0.00980921
0.00935865 , 0.00933505 , 0.00871239
0.00935865 , 0.00980921 , 0.00871239
0.00935865 , 0.00911643 , 0.00980921
0.00935865 , 0.0100656 , 0.00980921
0.00935865 , 0.00916834 , 0.00916834
0.00935865 , 0.00906615 , 0.00980921
0.00935865 , 0.00916834 , 0.00980921
0.00935865 , 0.0095885 , 0.0109014
0.00935865 , 0.00952126 , 0.00980921
0.00935865 , 0.00922199 , 0.00916834
0.00935865 , 0.00952126 , 0.00916834
0.00935865 , 0.0095885 , 0.0109014
0.00935865 , 0.0086732 , 0.0109014
0.00935865 , 0.00875257 , 0.00916834
0.00935865 , 0.00892417 , 0.00916834
0.00935865 , 0.00911643 , 0.00980921
0.00935865 , 0.00922199 , 0.0109014
0.00935865 , 0.00973218 , 0.00980921
0.00935865 , 0.00939473 , 1
0.00935865 , 0.0086732 , 0.00916834
0.00935865 , 0.00927752 , 0.00980921
0.00935865 , 0.00965872 , 0.00916834
0.00935865 , 0.0095885 , 0.00980921
0.00935865 , 0.00939473 , 0.00980921
0.00935865 , 0.00933505 , 1
0.00935865 , 0.00973218 , 0.0080674
0.00935865 , 0.00906615 , 0.00980921
0.00935865 , 0.00965872 , 0.00916834
0.00935865 , 0.0095885 , 0.00980921
0.00935865 , 0.00901741 , 0.00871239
0.00935865 , 0.00906615 , 0.00916834
0.00935865 , 0.00973218 , 0.0109014
0.00935865 , 0.00980921 , 0.0109014
0.00935865 , 0.00945674 , 0.00871239
0.00935865 , 0.00927752 , 0.00980921
0.00935865 , 0.00927752 , 0.00980921
0.00935865 , 0.0095885 , 0.0080674
0.00935865 , 0.0095885 , 0.00916834
0.00935865 , 0.00939473 , 0.00980921
0.00935865 , 0.00939473 , 0.00916834
0.00935865 , 0.0103717 , 0.0109014
0.00935865 , 0.00933505 , 0.0109014
0.00935865 , 0.00973218 , 0.00871239
0.00935865 , 0.0095885 , 1
0.00935865 , 0.00901741 , 1
0.00935865 , 0.00916834 , 0.00871239
0.00935865 , 0.00952126 , 0.00980921
0.00935865 , 0.00887952 , 0.00916834
0.00935865 , 0.00922199 , 1
0.00935865 , 0.00952126 , 0.00916834
0.00935865 , 0.0095885 , 0.00871239
0.00935865 , 0.0095885 , 0.00916834
0.00935865 , 0.0100656 , 0.00916834
0.00935865 , 0.00927752 , 0.00871239
0.00935865 , 0.00945674 , 0.00871239
0.00935865 , 0.00952126 , 0.00871239
0.00935865 , 0.00892417 , 0.00980921
0.00935865 , 0.010263 , 0.0109014
0.00935865 , 0.00939473 , 0.00916834
0.00935865 , 0.00897011 , 0.0109014
0.00935865 , 0.00883607 , 0.00980921
0.00935865 , 0.00892417 , 0.0109014
0.00935865 , 0.0095885 , 1
0.00935865 , 0.00965872 , 1
0.00935865 , 0.00965872 , 0.00871239
0.00935865 , 0.00927752 , 0.00916834
0.00935865 , 0.00933505 , 0.00980921
0.00935865 , 0.0100656 , 1
0.00935865 , 0.00945674 , 0.00916834
0.00935865 , 0.00939473 , 0.00980921
0.00935865 , 0.00980921 , 0.0109014
0.00935865 , 0.00945674 , 0.00916834
0.00935865 , 0.00945674 , 0.00916834
0.00935865 , 0.00927752 , 0.00916834
0.00935865 , 0.00922199 , 0.00916834
0.00935865 , 0.0095885 , 0.00916834
0.00935865 , 0.00906615 , 0.00916834
0.00935865 , 0.00945674 , 1
0.00935865 , 0.00939473 , 1
0.00935865 , 0.00901741 , 0.0109014
0.00935865 , 0.00952126 , 0.00916834
0.00935865 , 0.00933505 , 0.00980921
0.00935865 , 0.00939473 , 0.00916834
0.00935865 , 0.00906615 , 0.00980921
0.00935865 , 0.00933505 , 0.00871239
0.00935865 , 0.0095885 , 0.00916834
0.00935865 , 0.010263 , 0.00980921
0.00935865 , 0.00939473 , 1
0.00935865 , 0.00922199 , 1
0.00935865 , 0.00945674 , 0.00871239
0.00935865 , 0.00973218 , 0.00835783
0.00935865 , 0.00933505 , 0.00980921
0.00935865 , 0.00927752 , 0.00980921
