0.0111923 , 0.0117144
0.0107599 , 0.0112853
0.0107442 , 0.0112698
0.0112175 , 0.0117395
0.0104657 , 0.0109933
0.0109565 , 0.0114804
0.0108575 , 0.0113821
0.0109553 , 0.0114792
0.0110287 , 0.0115521
0.0108763 , 0.0114008
0.0104228 , 0.0109507
0.0109527 , 0.0114767
0.0117174 , 0.0122355
0.0113413 , 0.0118623
0.0107711 , 0.0112964
0.0114659 , 0.011986
0.0106132 , 0.0111397
0.0109277 , 0.0114518
0.0111142 , 0.0116369
0.0106905 , 0.0112164
0.010602 , 0.0111286
0.0109277 , 0.0114518
0.011316 , 0.0118372
0.0107211 , 0.0112468
0.0115134 , 0.0120331
0.0113571 , 0.0118779
0.0110991 , 0.0116219
0.0111117 , 0.0116344
0.0111268 , 0.0116494
0.0113166 , 0.0118378
0.0111772 , 0.0116994
0.0111961 , 0.0117182
0.0103744 , 0.0109027
0.0109258 , 0.0114499
0.0112579 , 0.0117795
0.0113608 , 0.0118817
0.0111482 , 0.0116707
0.0112175 , 0.0117395
0.0116385 , 0.0121573
0.0108687 , 0.0113933
0.0108506 , 0.0113753
0.0111797 , 0.0117019
0.0111104 , 0.0116332
0.0111054 , 0.0116282
0.0109521 , 0.011476
0.0112339 , 0.0117557
0.0112055 , 0.0117276
0.0102133 , 0.0107428
0.0110394 , 0.0115627
0.0107561 , 0.0112815
0.0112144 , 0.0117363
0.0115109 , 0.0120306
0.0109735 , 0.0114972
0.0111451 , 0.0116675
0.0105422 , 0.0110692
0.0105827 , 0.0111094
0.0110444 , 0.0115677
0.0105279 , 0.011055
0.010912 , 0.0114362
0.0109816 , 0.0115053
0.0114786 , 0.0119985
0.0116894 , 0.0122078
0.011655 , 0.0121737
0.0113008 , 0.0118221
0.0113514 , 0.0118723
0.0109164 , 0.0114406
0.0108882 , 0.0114126
0.0113817 , 0.0119024
0.0108456 , 0.0113703
0.0109132 , 0.0114375
0.0109559 , 0.0114798
0.010855 , 0.0113796
0.011101 , 0.0116238
0.0107236 , 0.0112493
0.0109835 , 0.0115072
0.0107592 , 0.0112846
0.0106874 , 0.0112134
0.011433 , 0.0119533
0.011251 , 0.0117726
0.0110394 , 0.0115627
0.010531 , 0.0110581
0.01149 , 0.0120099
0.01048 , 0.0110075
0.0108838 , 0.0114082
0.0105671 , 0.0110939
0.0110362 , 0.0115595
0.0112163 , 0.0117382
0.0110004 , 0.011524
0.0115363 , 0.0120558
0.0111048 , 0.0116276
0.0115293 , 0.0120489
0.0109791 , 0.0115028
0.0105092 , 0.0110365
0.0105827 , 0.0111094
0.010803 , 0.0113281
0.0109891 , 0.0115128
0.0109603 , 0.0114841
0.0109164 , 0.0114406
0.0108243 , 0.0113492
0.01113 , 0.0116525
