0.0406431 , 0.0409728
0.0408719 , 0.0412003
0.0406465 , 0.0409761
0.0405297 , 0.04086
0.0415643 , 0.0418889
0.0399444 , 0.0402779
0.0415122 , 0.0418371
0.0382744 , 0.0386174
0.0408115 , 0.0411403
0.0410679 , 0.0413953
0.0402163 , 0.0405484
0.0423951 , 0.0427152
0.0404831 , 0.0408137
0.041407 , 0.0417324
0.0411342 , 0.0414612
0.0399828 , 0.0403162
0.0421767 , 0.042498
0.0416482 , 0.0419724
0.0402727 , 0.0406044
0.0405275 , 0.0408578
0.0414884 , 0.0418134
0.0398862 , 0.0402201
0.0418291 , 0.0421523
0.0403003 , 0.0406319
0.0412208 , 0.0415473
0.0406676 , 0.0409972
0.0395397 , 0.0398755
0.0407434 , 0.0410726
0.0403125 , 0.040644
0.0423237 , 0.0426442
0.0404986 , 0.0408291
0.0414872 , 0.0418123
0.0418553 , 0.0421783
0.0397154 , 0.0400502
0.0413573 , 0.041683
0.0402826 , 0.0406143
0.0407312 , 0.0410604
0.040318 , 0.0406495
0.0404931 , 0.0408236
0.0408752 , 0.0412036
0.0415393 , 0.0418641
0.0407524 , 0.0410814
0.0422341 , 0.0425551
0.0404143 , 0.0407453
0.0414737 , 0.0417988
0.0409894 , 0.0413172
0.0420518 , 0.0423737
0.0417221 , 0.0420459
0.042014 , 0.0423362
0.0407033 , 0.0410326
0.0420323 , 0.0423544
0.0416584 , 0.0419826
0.0421893 , 0.0425105
0.040612 , 0.0409418
0.0417039 , 0.0420278
0.0409793 , 0.0413072
0.0410376 , 0.0413651
0.0420999 , 0.0424216
0.0408573 , 0.0411858
0.0401766 , 0.0405089
0.04168 , 0.042004
0.0411061 , 0.0414333
0.0411634 , 0.0414903
0.0411702 , 0.041497
0.0392345 , 0.039572
0.0403158 , 0.0406473
0.0409894 , 0.0413172
0.0417505 , 0.0420741
0.0413561 , 0.0416819
0.0426261 , 0.042945
0.0413336 , 0.0416594
0.042156 , 0.0424774
0.0408674 , 0.0411958
0.0416074 , 0.0419318
0.040462 , 0.0407927
0.04073 , 0.0410593
0.0407724 , 0.0411014
0.0409446 , 0.0412726
0.0406765 , 0.041006
0.0417869 , 0.0421104
0.0400664 , 0.0403993
0.0401248 , 0.0404573
0.0408864 , 0.0412147
0.0411027 , 0.0414299
0.040127 , 0.0404595
0.0414239 , 0.0417493
0.0416834 , 0.0420074
0.0410074 , 0.041335
0.0408652 , 0.0411936
0.0398259 , 0.0401602
0.0404509 , 0.0407817
0.0392811 , 0.0396184
0.0405853 , 0.0409153
0.0405508 , 0.040881
0.0406632 , 0.0409928
0.0424447 , 0.0427645
0.0421205 , 0.0424421
0.0405797 , 0.0409098
0.0411151 , 0.0414422
0.0401391 , 0.0404716
