0.0814702 , 0.0816271
0.0806128 , 0.0807724
0.0815334 , 0.0816901
0.0816221 , 0.0817786
0.0816907 , 0.0818469
0.0804838 , 0.0806438
0.0821706 , 0.0823254
0.0819812 , 0.0821365
0.0811375 , 0.0812954
0.0809069 , 0.0810656
0.0807522 , 0.0809113
0.0828788 , 0.0830314
0.083187 , 0.0833387
0.0815663 , 0.081723
0.080987 , 0.0811454
0.080212 , 0.0803728
0.0802637 , 0.0804244
0.0815917 , 0.0817482
0.0810045 , 0.0811629
0.0809344 , 0.081093
0.081683 , 0.0818393
0.0816805 , 0.0818368
0.083743 , 0.083893
0.0823351 , 0.0824894
0.0810271 , 0.0811854
0.080052 , 0.0802134
0.0810045 , 0.0811629
0.0814196 , 0.0815767
0.0815511 , 0.0817078
0.0797533 , 0.0799156
0.0806775 , 0.0808369
0.0806501 , 0.0808096
0.0810697 , 0.0812279
0.0804541 , 0.0806141
0.0813161 , 0.0814735
0.083873 , 0.0840227
0.0803057 , 0.0804662
0.0807522 , 0.0809113
0.0802761 , 0.0804367
0.0805532 , 0.080713
0.0809745 , 0.0811329
0.0827774 , 0.0829303
0.0810171 , 0.0811754
0.0795754 , 0.0797382
0.0801873 , 0.0803482
0.0814727 , 0.0816296
0.0804095 , 0.0805697
0.0828241 , 0.0829769
0.0832394 , 0.083391
0.081739 , 0.0818951
0.0815309 , 0.0816876
0.0814954 , 0.0816523
0.0825053 , 0.0826591
0.079629 , 0.0797916
0.0834734 , 0.0836242
0.0815968 , 0.0817533
0.0823892 , 0.0825433
0.0822374 , 0.082392
0.0805036 , 0.0806635
0.0827514 , 0.0829044
0.0821989 , 0.0823536
0.0814575 , 0.0816145
0.0829413 , 0.0830938
0.0805061 , 0.080666
0.0807098 , 0.0808691
0.0806302 , 0.0807898
0.0805607 , 0.0807204
0.0825363 , 0.08269
0.0796119 , 0.0797746
0.0822271 , 0.0823817
0.0814828 , 0.0816397
0.0795827 , 0.0797455
0.0820912 , 0.0822462
0.0788607 , 0.0790258
0.0802588 , 0.0804195
0.080957 , 0.0811155
0.0813035 , 0.081461
0.0804343 , 0.0805944
0.080583 , 0.0807427
0.0809845 , 0.0811429
0.0796801 , 0.0798426
0.0792433 , 0.0794072
0.0782604 , 0.0784274
0.0805681 , 0.0807279
0.080972 , 0.0811304
0.0806825 , 0.0808418
0.081828 , 0.0819839
0.081002 , 0.0811604
0.0816018 , 0.0817583
0.0815866 , 0.0817432
0.0806924 , 0.0808517
0.0804789 , 0.0806388
0.083284 , 0.0834354
0.0801283 , 0.0802893
0.0824718 , 0.0826256
0.0794515 , 0.0796147
0.0790384 , 0.0792029
0.0810647 , 0.0812229
0.0797313 , 0.0798937
0.0808445 , 0.0810033
