0.0317854 , 0.0321666
0.0309081 , 0.0312947
0.0305567 , 0.0309456
0.0306702 , 0.0310584
0.031618 , 0.0320003
0.0308869 , 0.0312737
0.0316666 , 0.0320486
0.0311646 , 0.0315497
0.0312822 , 0.0316666
0.0321547 , 0.0325337
0.0315574 , 0.0319401
0.0308271 , 0.0312143
0.0305677 , 0.0309565
0.0306629 , 0.0310511
0.0308409 , 0.031228
0.0312767 , 0.0316611
0.0298701 , 0.0302633
0.0302804 , 0.030671
0.0312285 , 0.0316132
0.030459 , 0.0308484
0.0312637 , 0.0316482
0.0308308 , 0.031218
0.0308042 , 0.0311915
0.0308722 , 0.0312591
0.0303769 , 0.0307669
0.0321207 , 0.0325
0.0315444 , 0.0319271
0.0325761 , 0.0329525
0.0308133 , 0.0312006
0.0307078 , 0.0310957
0.0308786 , 0.0312655
0.0301451 , 0.0305365
0.0302904 , 0.030681
0.0307261 , 0.0311139
0.0321943 , 0.0325731
0.0314289 , 0.0318124
0.0305732 , 0.0309619
0.0308676 , 0.0312545
0.0306977 , 0.0310857
0.0305393 , 0.0309283
0.0308382 , 0.0312253
0.0303186 , 0.030709
0.0309947 , 0.0313808
0.0308161 , 0.0312033
0.0307124 , 0.0311003
0.0310316 , 0.0314175
0.0306922 , 0.0310802
0.032737 , 0.0331125
0.0306327 , 0.031021
0.0307775 , 0.031165
0.0295724 , 0.0299674
0.0304079 , 0.0307977
0.0315332 , 0.031916
0.0316619 , 0.032044
0.0306162 , 0.0310047
0.0313416 , 0.0317256
0.0315714 , 0.031954
0.0307004 , 0.0310884
0.031197 , 0.0315819
0.0314122 , 0.0317958
0.0300672 , 0.0304591
0.0313685 , 0.0317524
0.0307151 , 0.031103
0.0320699 , 0.0324494
0.0304271 , 0.0308167
0.0306015 , 0.0309901
0.031791 , 0.0321722
0.0298864 , 0.0302794
0.0324213 , 0.0327987
0.0304116 , 0.0308013
0.0310196 , 0.0314056
0.0303924 , 0.0307823
0.0308418 , 0.0312289
0.0322358 , 0.0326144
0.0309541 , 0.0313405
0.0310851 , 0.0314707
0.0311248 , 0.0315102
0.0318378 , 0.0322188
0.0312924 , 0.0316767
0.0313212 , 0.0317053
0.0312526 , 0.0316371
0.0306656 , 0.0310538
0.030522 , 0.0309111
0.0309652 , 0.0313515
0.0314438 , 0.0318272
0.0306381 , 0.0310265
0.0307619 , 0.0311495
0.0308363 , 0.0312234
0.0312313 , 0.0316159
0.0315901 , 0.0319725
0.0307234 , 0.0311112
0.0310039 , 0.03139
0.0306785 , 0.0310666
0.0322661 , 0.0326444
0.0304052 , 0.030795
0.0318744 , 0.0322551
0.0307702 , 0.0311577
0.0312285 , 0.0316132
0.0312109 , 0.0315957
0.0310565 , 0.0314422
