0.0608388 , 0.0610704
0.0622638 , 0.0624896
0.0601503 , 0.0603848
0.0625091 , 0.0627338
0.0611122 , 0.0613427
0.0618889 , 0.0621161
0.0617769 , 0.0620047
0.0611707 , 0.061401
0.0597599 , 0.0599962
0.0612629 , 0.0614927
0.0608321 , 0.0610638
0.0595424 , 0.0597795
0.0601388 , 0.0603734
0.0632173 , 0.0634392
0.0596105 , 0.0598473
0.0619415 , 0.0621686
0.0615589 , 0.0617875
0.0610754 , 0.0613061
0.0594922 , 0.0597296
0.0631772 , 0.0633992
0.0612327 , 0.0614627
0.0610237 , 0.0612545
0.0622502 , 0.0624759
0.0617329 , 0.0619608
0.0598267 , 0.0600626
0.0614325 , 0.0616617
0.0621289 , 0.0623552
0.0616433 , 0.0618716
0.0602208 , 0.0604551
0.0615538 , 0.0617825
0.0604397 , 0.060673
0.0616382 , 0.0618665
0.0610687 , 0.0612994
0.0621733 , 0.0623993
0.0602767 , 0.0605107
0.061159 , 0.0613893
0.0630606 , 0.0632831
0.061144 , 0.0613743
0.0611557 , 0.061386
0.0600258 , 0.0602609
0.0628299 , 0.0630533
0.0626331 , 0.0628573
0.0605074 , 0.0607404
0.0612109 , 0.061441
0.0611189 , 0.0613494
0.0612226 , 0.0614527
0.0617143 , 0.0619423
0.0600864 , 0.0603212
0.0614897 , 0.0617187
0.061694 , 0.0619221
0.0613182 , 0.0615479
0.0609353 , 0.0611666
0.0609603 , 0.0611914
0.0601437 , 0.0603783
0.0609886 , 0.0612197
0.0616619 , 0.0618901
0.0611205 , 0.061351
0.0596624 , 0.059899
0.0599 , 0.0601357
0.0590379 , 0.0592773
0.0614561 , 0.0616851
0.0595003 , 0.0597376
0.0593823 , 0.0596201
0.0606546 , 0.060887
0.0594 , 0.0596378
0.0618838 , 0.0621111
0.0618108 , 0.0620384
0.061283 , 0.0615128
0.0624713 , 0.0626962
0.0608271 , 0.0610588
0.0601503 , 0.0603848
0.0593548 , 0.0595928
0.0608404 , 0.0610721
0.0627832 , 0.0630068
0.0632435 , 0.0634652
0.0617092 , 0.0619372
0.0624593 , 0.0626842
0.0603787 , 0.0606123
0.060476 , 0.0607092
0.0609203 , 0.0611516
0.0616568 , 0.061885
0.060972 , 0.0612031
0.0614881 , 0.061717
0.0609203 , 0.0611516
0.0600585 , 0.0602935
0.0593145 , 0.0595527
0.0616821 , 0.0619103
0.0607491 , 0.0609811
0.0614123 , 0.0616416
0.0598039 , 0.0600399
0.060977 , 0.061208
0.0614965 , 0.0617254
0.06165 , 0.0618783
0.0614662 , 0.0616952
0.0605388 , 0.0607717
0.0605371 , 0.06077
0.0611272 , 0.0613577
0.0615234 , 0.0617522
0.0605933 , 0.060826
0.0613905 , 0.0616198
