0.000973342 , 0.00157587
0.00105704 , 0.00165888
0.00103311 , 0.00163515
0.00114765 , 0.00174875
0.000845708 , 0.00144928
0.000838971 , 0.0014426
0.000749924 , 0.00135428
0.000945299 , 0.00154806
0.000792876 , 0.00139688
0.000922459 , 0.0015254
0.00123371 , 0.00183411
0.000776312 , 0.00138045
0.000931282 , 0.00153416
0.00094426 , 0.00154703
0.000832754 , 0.00143643
0.000971784 , 0.00157432
0.00113723 , 0.00173841
0.000837417 , 0.00144106
0.00089963 , 0.00150276
0.00106953 , 0.00167127
0.000861775 , 0.00146522
0.000906374 , 0.00150945
0.000949972 , 0.00155269
0.00109556 , 0.00169708
0.00106329 , 0.00166508
0.000852445 , 0.00145596
0.000887181 , 0.00149042
0.000921421 , 0.00152437
0.00113983 , 0.001741
0.00115338 , 0.00175444
0.000998282 , 0.00160061
0.000940107 , 0.00154291
0.0010144 , 0.00161659
0.00102583 , 0.00162793
0.00100556 , 0.00160782
0.00102323 , 0.00162535
0.000751476 , 0.00135582
0.00107369 , 0.0016754
0.00101752 , 0.00161968
0.00089133 , 0.00149453
0.000906893 , 0.00150996
0.000974381 , 0.0015769
0.000852963 , 0.00145648
0.000830163 , 0.00143386
0.000957241 , 0.0015599
0.00101076 , 0.00161298
0.00103519 , 0.00163722
0.000967629 , 0.0015702
0.00110701 , 0.00170845
0.00092194 , 0.00152489
0.00115234 , 0.0017534
0.000954126 , 0.00155681
0.000971265 , 0.00157381
0.000968667 , 0.00157123
0.00110857 , 0.00171
0.001004 , 0.00160628
0.00101492 , 0.0016171
0.000874736 , 0.00147807
0.00115234 , 0.0017534
0.0011367 , 0.0017379
0.000901186 , 0.00150431
0.0010992 , 0.0017007
0.00105652 , 0.00165837
0.000908449 , 0.00151151
0.000942184 , 0.00154497
0.000986331 , 0.00158875
0.00113097 , 0.00173221
0.000934397 , 0.00153724
0.00109764 , 0.00169915
0.000869033 , 0.00147242
0.000999842 , 0.00160215
0.00128594 , 0.00188591
0.000893924 , 0.0014971
0.00101284 , 0.00161504
0.000942184 , 0.00154497
0.00110962 , 0.00171103
0.0010092 , 0.00161143
0.00106849 , 0.00167024
0.000973342 , 0.00157587
0.000976459 , 0.00157896
0.00104248 , 0.00164444
0.00086333 , 0.00146676
0.000938031 , 0.00154085
0.000854518 , 0.00145802
0.00103623 , 0.00163825
0.000949452 , 0.00155218
0.00108879 , 0.00169037
0.000986331 , 0.00158875
0.000974381 , 0.0015769
0.000967629 , 0.0015702
0.00109087 , 0.00169244
0.00100504 , 0.00160731
0.0010092 , 0.00161143
0.000943741 , 0.00154651
0.000965032 , 0.00156763
0.0010092 , 0.00161143
0.00108254 , 0.00168418
0.000804784 , 0.00140869
0.000947376 , 0.00155012
0.00100088 , 0.00160318
