0.0914063 , 0.091535
0.0913008 , 0.0914298
0.0900465 , 0.0901788
0.0877066 , 0.0878453
0.0912388 , 0.091368
0.0918463 , 0.0919739
0.0886947 , 0.0888307
0.0909456 , 0.0910756
0.0897335 , 0.0898666
0.0921482 , 0.092275
0.0896375 , 0.089771
0.0898717 , 0.0900045
0.0895418 , 0.0896755
0.0898536 , 0.0899865
0.0927418 , 0.0928671
0.0915089 , 0.0916374
0.0907001 , 0.0908308
0.0901432 , 0.0902753
0.0925855 , 0.0927112
0.091245 , 0.0913742
0.0903281 , 0.0904597
0.0933978 , 0.0935215
0.0906512 , 0.0907819
0.0913783 , 0.0915072
0.091593 , 0.0917213
0.0917774 , 0.0919052
0.0893986 , 0.0895327
0.08888 , 0.0890155
0.0901372 , 0.0902693
0.090316 , 0.0904476
0.0909057 , 0.0910357
0.0895897 , 0.0897232
0.091369 , 0.0914979
0.0926556 , 0.0927811
0.0905626 , 0.0906936
0.092541 , 0.0926668
0.0915992 , 0.0917275
0.0921229 , 0.0922499
0.0891579 , 0.0892926
0.0912915 , 0.0914205
0.0920914 , 0.0922184
0.0905992 , 0.0907301
0.0895179 , 0.0896517
0.0911059 , 0.0912355
0.0918243 , 0.091952
0.0924901 , 0.0926161
0.0894075 , 0.0895416
0.0929883 , 0.093113
0.0906818 , 0.0908124
0.0903798 , 0.0905113
0.0882446 , 0.0883819
0.0887152 , 0.0888512
0.0910411 , 0.0911708
0.0904772 , 0.0906084
0.0915899 , 0.0917182
0.0900525 , 0.0901849
0.0890276 , 0.0891627
0.0901583 , 0.0902904
0.0897725 , 0.0899056
0.0898566 , 0.0899895
0.0896735 , 0.0898068
0.0925441 , 0.09267
0.0895777 , 0.0897113
0.0889125 , 0.0890479
0.0921229 , 0.0922499
0.0926428 , 0.0927684
0.0901281 , 0.0902602
0.0892142 , 0.0893488
0.0907032 , 0.0908338
0.0898777 , 0.0900105
0.0898085 , 0.0899415
0.0907399 , 0.0908705
0.0904346 , 0.0905659
0.092104 , 0.092231
0.0925791 , 0.0927049
0.090316 , 0.0904476
0.090231 , 0.0903629
0.0901009 , 0.0902331
0.091307 , 0.091436
0.0909857 , 0.0911155
0.0906176 , 0.0907484
0.0915276 , 0.091656
0.088883 , 0.0890185
0.0890957 , 0.0892306
0.0914156 , 0.0915443
0.0895897 , 0.0897232
0.0910781 , 0.0912078
0.0919938 , 0.0921211
0.0904407 , 0.090572
0.092379 , 0.0925053
0.0928153 , 0.0929404
0.0924774 , 0.0926034
0.0919216 , 0.092049
0.0907308 , 0.0908613
0.0905412 , 0.0906723
0.0917242 , 0.0918521
0.090835 , 0.0909653
0.0917367 , 0.0918646
0.0902856 , 0.0904173
0.0893778 , 0.0895119
