0.177621 , 0.177639
0.191156 , 0.191169
0.183468 , 0.183483
0.185271 , 0.185286
0.180336 , 0.180353
0.183186 , 0.183202
0.179426 , 0.179444
0.182124 , 0.18214
0.17962 , 0.179637
0.180402 , 0.180419
0.175829 , 0.175848
0.182582 , 0.182598
0.184036 , 0.184052
0.180577 , 0.180594
0.180688 , 0.180704
0.184084 , 0.1841
0.180205 , 0.180222
0.179021 , 0.179038
0.180931 , 0.180948
0.184685 , 0.184701
0.180998 , 0.181014
0.18071 , 0.180727
0.184013 , 0.184028
0.176565 , 0.176584
0.178535 , 0.178553
0.182444 , 0.18246
0.177993 , 0.178011
0.176847 , 0.176865
0.182055 , 0.182072
0.182192 , 0.182208
0.181625 , 0.181641
0.179298 , 0.179315
0.182261 , 0.182277
0.182238 , 0.182254
0.180009 , 0.180026
0.178936 , 0.178954
0.174451 , 0.17447
0.181087 , 0.181103
0.181176 , 0.181193
0.180776 , 0.180793
0.184108 , 0.184124
0.179448 , 0.179465
0.180998 , 0.181014
0.182033 , 0.182049
0.180599 , 0.180616
0.178704 , 0.178721
0.179835 , 0.179853
0.180931 , 0.180948
0.186139 , 0.186153
0.177745 , 0.177763
0.184084 , 0.1841
0.179127 , 0.179145
0.174738 , 0.174758
0.177848 , 0.177866
0.181602 , 0.181619
0.177334 , 0.177353
0.18321 , 0.183225
0.178746 , 0.178763
0.178894 , 0.178911
0.182169 , 0.182186
0.181265 , 0.181282
0.182352 , 0.182369
0.18082 , 0.180837
0.178242 , 0.17826
0.180975 , 0.180992
0.181535 , 0.181551
0.179555 , 0.179572
0.172599 , 0.172619
0.181109 , 0.181126
0.18286 , 0.182876
0.184782 , 0.184798
0.175632 , 0.175651
0.179792 , 0.179809
0.179555 , 0.179572
0.18102 , 0.181037
0.180865 , 0.180881
0.182307 , 0.182323
0.184855 , 0.18487
0.183491 , 0.183507
0.173207 , 0.173228
0.180865 , 0.180881
0.178725 , 0.178742
0.175829 , 0.175848
0.182837 , 0.182853
0.18167 , 0.181686
0.182744 , 0.18276
0.179577 , 0.179594
0.183163 , 0.183179
0.18038 , 0.180397
0.185026 , 0.185041
0.179362 , 0.179379
0.179577 , 0.179594
0.184661 , 0.184676
0.177601 , 0.177619
0.175163 , 0.175183
0.1814 , 0.181416
0.180688 , 0.180704
0.179641 , 0.179658
0.185566 , 0.185581
0.178577 , 0.178595
