0.149332 , 0.149368
0.151312 , 0.151346
0.151244 , 0.151279
0.150516 , 0.150551
0.152295 , 0.152329
0.148698 , 0.148735
0.150828 , 0.150863
0.150283 , 0.150319
0.148168 , 0.148205
0.150173 , 0.150208
0.152168 , 0.152202
0.148443 , 0.14848
0.147332 , 0.14737
0.149811 , 0.149846
0.149041 , 0.149077
0.150339 , 0.150374
0.146634 , 0.146672
0.149062 , 0.149099
0.152434 , 0.152468
0.151244 , 0.151279
0.150162 , 0.150197
0.149224 , 0.14926
0.148294 , 0.148331
0.150107 , 0.150142
0.153848 , 0.15388
0.149116 , 0.149152
0.148485 , 0.148522
0.146961 , 0.146999
0.154572 , 0.154604
0.15121 , 0.151245
0.147477 , 0.147515
0.152504 , 0.152537
0.151801 , 0.151835
0.149127 , 0.149163
0.151255 , 0.15129
0.152007 , 0.152041
0.151641 , 0.151675
0.153992 , 0.154024
0.155407 , 0.155438
0.152042 , 0.152075
0.151391 , 0.151425
0.152783 , 0.152817
0.145786 , 0.145825
0.148094 , 0.148131
0.150294 , 0.15033
0.147529 , 0.147567
0.148976 , 0.149013
0.153896 , 0.153928
0.148998 , 0.149034
0.154475 , 0.154507
0.15195 , 0.151984
0.150728 , 0.150763
0.149354 , 0.14939
0.149669 , 0.149704
0.151131 , 0.151166
0.153407 , 0.15344
0.148858 , 0.148895
0.148666 , 0.148703
0.153538 , 0.15357
0.151414 , 0.151448
0.149625 , 0.149661
0.150583 , 0.150618
0.154317 , 0.154349
0.145706 , 0.145745
0.150951 , 0.150986
0.148294 , 0.148331
0.14992 , 0.149956
0.152019 , 0.152052
0.152434 , 0.152468
0.150583 , 0.150618
0.149789 , 0.149824
0.149549 , 0.149585
0.149931 , 0.149967
0.15035 , 0.150385
0.154028 , 0.15406
0.149181 , 0.149217
0.150261 , 0.150297
0.151516 , 0.15155
0.151607 , 0.151641
0.147249 , 0.147287
0.150583 , 0.150618
0.152284 , 0.152317
0.153896 , 0.153928
0.151584 , 0.151618
0.154499 , 0.154531
0.154975 , 0.155007
0.151402 , 0.151437
0.151641 , 0.151675
0.150705 , 0.15074
0.151199 , 0.151233
0.150683 , 0.150718
0.149202 , 0.149238
0.154926 , 0.154958
0.149127 , 0.149163
0.15262 , 0.152654
0.152237 , 0.152271
0.148581 , 0.148618
0.150151 , 0.150186
0.151176 , 0.151211
0.149159 , 0.149195
