0.123841 , 0.123906
0.121058 , 0.121127
0.119209 , 0.119281
0.119126 , 0.119197
0.121438 , 0.121506
0.117908 , 0.117981
0.123197 , 0.123262
0.120762 , 0.120832
0.121403 , 0.121471
0.124457 , 0.124521
0.120514 , 0.120584
0.122555 , 0.122622
0.122255 , 0.122322
0.121368 , 0.121436
0.122011 , 0.122078
0.117772 , 0.117846
0.120855 , 0.120924
0.12044 , 0.120509
0.120612 , 0.120682
0.120578 , 0.120647
0.123638 , 0.123703
0.121491 , 0.121559
0.122772 , 0.122838
0.120537 , 0.120607
0.122065 , 0.122132
0.120595 , 0.120664
0.119558 , 0.119629
0.124879 , 0.124942
0.119603 , 0.119674
0.119535 , 0.119606
0.120768 , 0.120837
0.123398 , 0.123464
0.121105 , 0.121174
0.120062 , 0.120132
0.119994 , 0.120064
0.120222 , 0.120292
0.120572 , 0.120641
0.120051 , 0.120121
0.119704 , 0.119775
0.12021 , 0.12028
0.119637 , 0.119708
0.121052 , 0.121121
0.12145 , 0.121518
0.120578 , 0.120647
0.12071 , 0.12078
0.120745 , 0.120814
0.121987 , 0.122055
0.12009 , 0.120161
0.119682 , 0.119753
0.120526 , 0.120595
0.122519 , 0.122586
0.122041 , 0.122108
0.119271 , 0.119343
0.123552 , 0.123617
0.122196 , 0.122263
0.120142 , 0.120212
0.118593 , 0.118665
0.12017 , 0.12024
0.119456 , 0.119527
0.120578 , 0.120647
0.119025 , 0.119097
0.119154 , 0.119225
0.122237 , 0.122304
0.12025 , 0.12032
0.118504 , 0.118577
0.119716 , 0.119787
0.121409 , 0.121477
0.121421 , 0.121489
0.121685 , 0.121753
0.119738 , 0.119809
0.118455 , 0.118528
0.12021 , 0.12028
0.119215 , 0.119287
0.123172 , 0.123238
0.123984 , 0.124048
0.120583 , 0.120653
0.122585 , 0.122652
0.119721 , 0.119792
0.123233 , 0.123299
0.121679 , 0.121747
0.121152 , 0.12122
0.121526 , 0.121594
0.122417 , 0.122484
0.122279 , 0.122346
0.119165 , 0.119236
0.121697 , 0.121765
0.125889 , 0.125951
0.117663 , 0.117738
0.121105 , 0.121174
0.122447 , 0.122514
0.120108 , 0.120178
0.120624 , 0.120693
0.11958 , 0.119651
0.121023 , 0.121092
0.121041 , 0.12111
0.120699 , 0.120768
0.11984 , 0.119911
0.119903 , 0.119973
0.121703 , 0.121771
0.118714 , 0.118787
