0.13672 , 0.136768
0.146552 , 0.146591
0.140596 , 0.140641
0.143992 , 0.144033
0.139261 , 0.139307
0.143762 , 0.143803
0.142741 , 0.142783
0.143705 , 0.143746
0.140021 , 0.140065
0.136524 , 0.136572
0.137504 , 0.137551
0.140802 , 0.140846
0.141261 , 0.141304
0.14639 , 0.146429
0.137738 , 0.137785
0.143733 , 0.143775
0.141478 , 0.141522
0.142592 , 0.142634
0.146238 , 0.146277
0.140135 , 0.14018
0.141944 , 0.141987
0.142184 , 0.142226
0.142929 , 0.14297
0.139391 , 0.139437
0.142332 , 0.142374
0.14033 , 0.140374
0.139713 , 0.139759
0.134413 , 0.134464
0.140856 , 0.1409
0.144137 , 0.144177
0.139487 , 0.139532
0.138873 , 0.138919
0.14641 , 0.146449
0.14323 , 0.143271
0.138745 , 0.138791
0.14382 , 0.143861
0.14306 , 0.143102
0.138404 , 0.13845
0.141533 , 0.141576
0.143135 , 0.143177
0.141252 , 0.141295
0.138753 , 0.138799
0.142276 , 0.142319
0.139339 , 0.139385
0.137889 , 0.137936
0.144339 , 0.14438
0.14117 , 0.141214
0.137947 , 0.137994
0.140188 , 0.140233
0.140659 , 0.140703
0.141478 , 0.141522
0.140516 , 0.14056
0.138285 , 0.138332
0.142807 , 0.142849
0.142378 , 0.142421
0.141315 , 0.141359
0.142082 , 0.142125
0.140525 , 0.140569
0.137821 , 0.137869
0.142119 , 0.142162
0.137396 , 0.137443
0.139783 , 0.139829
0.143343 , 0.143385
0.143088 , 0.14313
0.139348 , 0.139393
0.142527 , 0.142569
0.141551 , 0.141594
0.135508 , 0.135558
0.138183 , 0.13823
0.138378 , 0.138425
0.13889 , 0.138936
0.13815 , 0.138196
0.141843 , 0.141886
0.140641 , 0.140685
0.137313 , 0.13736
0.140802 , 0.140846
0.139539 , 0.139584
0.142128 , 0.142171
0.143135 , 0.143177
0.142027 , 0.14207
0.138651 , 0.138697
0.141207 , 0.14125
0.140614 , 0.140658
0.1401 , 0.140145
0.140578 , 0.140623
0.141234 , 0.141277
0.140259 , 0.140303
0.138209 , 0.138256
0.144243 , 0.144283
0.143239 , 0.143281
0.142573 , 0.142616
0.140694 , 0.140739
0.137939 , 0.137986
0.141899 , 0.141941
0.144475 , 0.144516
0.142397 , 0.142439
0.144021 , 0.144062
0.141053 , 0.141097
0.139166 , 0.139212
0.140153 , 0.140197
