0.188323 , 0.188336
0.192501 , 0.192514
0.187332 , 0.187347
0.188349 , 0.188363
0.190988 , 0.191
0.187461 , 0.187476
0.187178 , 0.187192
0.189094 , 0.189108
0.187773 , 0.187787
0.191382 , 0.191395
0.196016 , 0.196027
0.19395 , 0.193963
0.191838 , 0.19185
0.187929 , 0.187943
0.189907 , 0.18992
0.195079 , 0.19509
0.190402 , 0.190415
0.187255 , 0.187269
0.194679 , 0.194691
0.189661 , 0.189675
0.192269 , 0.192282
0.189634 , 0.189648
0.190237 , 0.19025
0.194496 , 0.194507
0.18827 , 0.188284
0.192183 , 0.192195
0.19068 , 0.190693
0.187358 , 0.187372
0.187076 , 0.18709
0.195984 , 0.195996
0.197136 , 0.197147
0.191354 , 0.191367
0.190071 , 0.190085
0.186264 , 0.186279
0.193651 , 0.193663
0.186693 , 0.186708
0.195202 , 0.195214
0.193205 , 0.193217
0.189202 , 0.189215
0.188402 , 0.188416
0.191016 , 0.191029
0.192298 , 0.192311
0.194771 , 0.194782
0.194192 , 0.194204
0.188244 , 0.188257
0.192472 , 0.192485
0.187229 , 0.187244
0.201434 , 0.201444
0.191241 , 0.191254
0.187643 , 0.187657
0.189148 , 0.189161
0.192414 , 0.192427
0.189743 , 0.189757
0.187773 , 0.187787
0.191326 , 0.191338
0.192356 , 0.192369
0.188375 , 0.188389
0.198021 , 0.198032
0.191467 , 0.19148
0.19201 , 0.192023
0.192735 , 0.192747
0.193472 , 0.193484
0.191269 , 0.191282
0.186897 , 0.186911
0.191016 , 0.191029
0.192212 , 0.192224
0.193531 , 0.193544
0.186617 , 0.186632
0.182147 , 0.182163
0.196556 , 0.196567
0.195701 , 0.195712
0.195953 , 0.195964
0.188693 , 0.188707
0.195953 , 0.195964
0.191184 , 0.191197
0.190458 , 0.190471
0.189148 , 0.189161
0.192589 , 0.192601
0.193412 , 0.193425
0.189499 , 0.189512
0.193294 , 0.193306
0.191524 , 0.191537
0.183917 , 0.183933
0.191213 , 0.191225
0.187307 , 0.187321
0.190292 , 0.190305
0.196652 , 0.196663
0.191809 , 0.191822
0.185889 , 0.185903
0.191184 , 0.191197
0.185889 , 0.185903
0.195984 , 0.195996
0.192999 , 0.193011
0.191467 , 0.19148
0.18387 , 0.183885
0.187747 , 0.187761
0.189282 , 0.189296
0.193383 , 0.193395
0.191695 , 0.191708
0.190375 , 0.190388
