0.161596 , 0.161623
0.163429 , 0.163455
0.165141 , 0.165166
0.163 , 0.163026
0.162083 , 0.16211
0.156246 , 0.156276
0.158274 , 0.158304
0.158248 , 0.158277
0.157801 , 0.15783
0.160581 , 0.160609
0.1585 , 0.158529
0.164649 , 0.164674
0.162242 , 0.162268
0.158847 , 0.158875
0.159345 , 0.159373
0.157919 , 0.157948
0.16603 , 0.166054
0.158407 , 0.158436
0.160819 , 0.160846
0.163997 , 0.164023
0.163862 , 0.163888
0.160749 , 0.160776
0.158314 , 0.158343
0.163414 , 0.16344
0.163922 , 0.163948
0.163429 , 0.163455
0.154988 , 0.155019
0.15784 , 0.15787
0.158753 , 0.158782
0.15262 , 0.152654
0.164848 , 0.164873
0.162898 , 0.162924
0.164604 , 0.164629
0.157971 , 0.158001
0.158606 , 0.158635
0.15641 , 0.156441
0.163089 , 0.163115
0.164436 , 0.164461
0.166826 , 0.166849
0.162898 , 0.162924
0.160665 , 0.160692
0.161297 , 0.161325
0.156856 , 0.156886
0.156664 , 0.156695
0.165482 , 0.165507
0.161468 , 0.161495
0.16161 , 0.161637
0.165095 , 0.165119
0.16468 , 0.164705
0.163832 , 0.163858
0.16262 , 0.162646
0.159304 , 0.159333
0.158833 , 0.158862
0.156894 , 0.156925
0.162445 , 0.162471
0.161128 , 0.161155
0.167051 , 0.167074
0.162707 , 0.162733
0.1611 , 0.161127
0.157514 , 0.157544
0.161767 , 0.161794
0.162343 , 0.16237
0.16262 , 0.162646
0.159413 , 0.159441
0.163459 , 0.163485
0.161624 , 0.161651
0.160096 , 0.160124
0.162329 , 0.162355
0.160512 , 0.160539
0.158994 , 0.159023
0.162942 , 0.162968
0.162387 , 0.162413
0.157514 , 0.157544
0.163757 , 0.163783
0.16334 , 0.163366
0.155693 , 0.155724
0.164315 , 0.16434
0.163015 , 0.163041
0.161411 , 0.161438
0.163385 , 0.16341
0.161241 , 0.161268
0.164209 , 0.164234
0.158914 , 0.158942
0.161681 , 0.161708
0.159617 , 0.159645
0.164451 , 0.164476
0.156652 , 0.156682
0.155856 , 0.155887
0.163772 , 0.163798
0.159115 , 0.159144
0.156321 , 0.156352
0.160903 , 0.16093
0.160553 , 0.160581
0.165265 , 0.165289
0.160987 , 0.161014
0.158116 , 0.158145
0.157281 , 0.157311
0.16054 , 0.160567
0.16171 , 0.161737
0.160735 , 0.160762
