0.22153 , 0.221535
0.215927 , 0.215934
0.215573 , 0.215579
0.218497 , 0.218504
0.219873 , 0.21988
0.223256 , 0.223261
0.216387 , 0.216394
0.219873 , 0.21988
0.222832 , 0.222838
0.216645 , 0.216652
0.22449 , 0.224495
0.220211 , 0.220217
0.223992 , 0.223997
0.218715 , 0.218721
0.225633 , 0.225639
0.223745 , 0.22375
0.219152 , 0.219158
0.226348 , 0.226353
0.221646 , 0.221652
0.217061 , 0.217068
0.216645 , 0.216652
0.217747 , 0.217753
0.21608 , 0.216087
0.218174 , 0.21818
0.218878 , 0.218884
0.219986 , 0.219992
0.223134 , 0.22314
0.215271 , 0.215278
0.215371 , 0.215378
0.227885 , 0.22789
0.214527 , 0.214534
0.212465 , 0.212473
0.220894 , 0.220899
0.222413 , 0.222419
0.228227 , 0.228232
0.220551 , 0.220557
0.221999 , 0.222004
0.217061 , 0.217068
0.217693 , 0.2177
0.220098 , 0.220104
0.219484 , 0.21949
0.220779 , 0.220785
0.223316 , 0.223322
0.220098 , 0.220104
0.220894 , 0.220899
0.227479 , 0.227484
0.234051 , 0.234055
0.226283 , 0.226288
0.220267 , 0.220273
0.223438 , 0.223444
0.224302 , 0.224308
0.219318 , 0.219324
0.223683 , 0.223689
0.214873 , 0.21488
0.219152 , 0.219158
0.223622 , 0.223627
0.221008 , 0.221014
0.225698 , 0.225703
0.225633 , 0.225639
0.227681 , 0.227686
0.217587 , 0.217594
0.219373 , 0.219379
0.225633 , 0.225639
0.225121 , 0.225126
0.230053 , 0.230058
0.218443 , 0.21845
0.218389 , 0.218396
0.218552 , 0.218558
0.224427 , 0.224433
0.222354 , 0.222359
0.227277 , 0.227282
0.22194 , 0.221945
0.216697 , 0.216704
0.226943 , 0.226948
0.218552 , 0.218558
0.223377 , 0.223383
0.225376 , 0.225382
0.223256 , 0.223261
0.220098 , 0.220104
0.220494 , 0.2205
0.221999 , 0.222004
0.227681 , 0.227686
0.220894 , 0.220899
0.213507 , 0.213515
0.222058 , 0.222063
0.214478 , 0.214485
0.220098 , 0.220104
0.226677 , 0.226683
0.220154 , 0.22016
0.220154 , 0.22016
0.222117 , 0.222122
0.221297 , 0.221303
0.219595 , 0.219601
0.226876 , 0.226881
0.214873 , 0.21488
0.228296 , 0.228301
0.218878 , 0.218884
0.215876 , 0.215883
0.218013 , 0.21802
0.213364 , 0.213371
