0.2137 , 0.213707
0.205386 , 0.205395
0.21086 , 0.210867
0.215775 , 0.215782
0.208925 , 0.208934
0.206995 , 0.207003
0.211862 , 0.211869
0.212512 , 0.21252
0.209314 , 0.209322
0.209314 , 0.209322
0.220154 , 0.22016
0.209618 , 0.209626
0.209314 , 0.209322
0.208498 , 0.208506
0.213651 , 0.213659
0.21068 , 0.210688
0.209925 , 0.209933
0.213125 , 0.213133
0.211632 , 0.211639
0.213078 , 0.213085
0.219428 , 0.219434
0.2137 , 0.213707
0.206223 , 0.206232
0.207242 , 0.20725
0.212093 , 0.2121
0.213412 , 0.213419
0.20927 , 0.209279
0.206831 , 0.20684
0.206142 , 0.206151
0.202379 , 0.202388
0.2127 , 0.212707
0.223074 , 0.223079
0.204993 , 0.205002
0.212888 , 0.212896
0.212279 , 0.212286
0.208711 , 0.208719
0.206872 , 0.206881
0.20884 , 0.208848
0.205782 , 0.205791
0.215472 , 0.215479
0.20679 , 0.206799
0.2127 , 0.212707
0.217693 , 0.2177
0.207531 , 0.20754
0.207531 , 0.20754
0.208033 , 0.208041
0.214136 , 0.214143
0.209706 , 0.209714
0.217587 , 0.217594
0.212841 , 0.212849
0.206142 , 0.206151
0.203232 , 0.203242
0.21796 , 0.217966
0.208968 , 0.208976
0.207407 , 0.207415
0.205465 , 0.205474
0.207242 , 0.20725
0.21019 , 0.210198
0.211131 , 0.211138
0.211267 , 0.211274
0.214576 , 0.214583
0.212 , 0.212008
0.218443 , 0.21845
0.206587 , 0.206595
0.214087 , 0.214094
0.208968 , 0.208976
0.214429 , 0.214436
0.206749 , 0.206758
0.207036 , 0.207044
0.203232 , 0.203242
0.214774 , 0.214781
0.215522 , 0.215529
0.214625 , 0.214633
0.214429 , 0.214436
0.213364 , 0.213371
0.210323 , 0.210331
0.218715 , 0.218721
0.210457 , 0.210464
0.21438 , 0.214387
0.20774 , 0.207748
0.210013 , 0.210021
0.216131 , 0.216138
0.209184 , 0.209192
0.209098 , 0.209106
0.216697 , 0.216704
0.212186 , 0.212193
0.211862 , 0.211869
0.210635 , 0.210643
0.21068 , 0.210688
0.207656 , 0.207665
0.21608 , 0.216087
0.21104 , 0.211048
0.214233 , 0.21424
0.207949 , 0.207957
0.206022 , 0.206031
0.205942 , 0.205951
0.212139 , 0.212147
0.212093 , 0.2121
0.214625 , 0.214633
0.211267 , 0.211274
