0.271141 , 0.271142
0.274545 , 0.274547
0.273019 , 0.27302
0.269351 , 0.269353
0.272805 , 0.272807
0.256561 , 0.256563
0.271345 , 0.271347
0.273449 , 0.27345
0.264775 , 0.264777
0.284398 , 0.284399
0.267827 , 0.267829
0.272173 , 0.272174
0.275905 , 0.275906
0.269351 , 0.269353
0.275219 , 0.27522
0.281085 , 0.281086
0.278778 , 0.278779
0.270938 , 0.270939
0.267455 , 0.267457
0.260529 , 0.260531
0.266003 , 0.266005
0.258863 , 0.258866
0.277554 , 0.277555
0.261627 , 0.261629
0.272593 , 0.272595
0.268581 , 0.268583
0.266722 , 0.266724
0.279027 , 0.279028
0.265472 , 0.265474
0.267271 , 0.267272
0.279278 , 0.27928
0.28056 , 0.280561
0.268964 , 0.268966
0.277554 , 0.277555
0.269351 , 0.269353
0.268581 , 0.268583
0.271964 , 0.271966
0.273884 , 0.273885
0.271141 , 0.271142
0.270535 , 0.270536
0.263087 , 0.263089
0.275905 , 0.275906
0.266181 , 0.266183
0.259311 , 0.259313
0.267827 , 0.267829
0.262108 , 0.26211
0.276136 , 0.276137
0.270535 , 0.270536
0.274545 , 0.274547
0.275219 , 0.27522
0.267641 , 0.267642
0.271757 , 0.271758
0.273666 , 0.273667
0.269938 , 0.26994
0.276369 , 0.27637
0.273019 , 0.27302
0.278284 , 0.278285
0.267087 , 0.267089
0.275446 , 0.275448
0.28617 , 0.286171
0.274103 , 0.274104
0.268772 , 0.268774
0.287714 , 0.287715
0.274769 , 0.27477
0.269742 , 0.269743
0.264091 , 0.264093
0.283542 , 0.283543
0.265122 , 0.265124
0.276603 , 0.276604
0.266722 , 0.266724
0.271141 , 0.271142
0.265122 , 0.265124
0.270136 , 0.270138
0.270736 , 0.270737
0.264948 , 0.26495
0.274545 , 0.274547
0.272173 , 0.272174
0.274769 , 0.27477
0.280042 , 0.280043
0.274324 , 0.274325
0.28411 , 0.284111
0.271345 , 0.271347
0.266722 , 0.266724
0.280042 , 0.280043
0.264948 , 0.26495
0.268964 , 0.268966
0.265472 , 0.265474
0.273666 , 0.273667
0.268964 , 0.268966
0.274993 , 0.274995
0.269546 , 0.269547
0.272593 , 0.272595
0.269546 , 0.269547
0.269742 , 0.269743
0.263087 , 0.263089
0.261627 , 0.261629
0.265297 , 0.265298
0.261787 , 0.261789
0.274324 , 0.274325
0.265122 , 0.265124
