0.230705 , 0.230709
0.231965 , 0.231969
0.220551 , 0.220557
0.22809 , 0.228095
0.23189 , 0.231894
0.236588 , 0.236592
0.221413 , 0.221419
0.233266 , 0.23327
0.231071 , 0.231076
0.227411 , 0.227416
0.230705 , 0.230709
0.23437 , 0.234374
0.22194 , 0.221945
0.240487 , 0.240491
0.229412 , 0.229416
0.226677 , 0.226683
0.22721 , 0.227215
0.229341 , 0.229346
0.232192 , 0.232196
0.231145 , 0.23115
0.23159 , 0.231595
0.223683 , 0.223689
0.232956 , 0.23296
0.239933 , 0.239936
0.233188 , 0.233193
0.223074 , 0.223079
0.222176 , 0.222181
0.232725 , 0.23273
0.234771 , 0.234775
0.22393 , 0.223935
0.22927 , 0.229275
0.230998 , 0.231002
0.226152 , 0.226157
0.226022 , 0.226027
0.234051 , 0.234055
0.235505 , 0.235509
0.229412 , 0.229416
0.229838 , 0.229843
0.234131 , 0.234135
0.232496 , 0.2325
0.229624 , 0.229629
0.231071 , 0.231076
0.236588 , 0.236592
0.236335 , 0.236339
0.225121 , 0.225126
0.230125 , 0.230129
0.23437 , 0.234374
0.233111 , 0.233115
0.228227 , 0.228232
0.231145 , 0.23115
0.230632 , 0.230636
0.22878 , 0.228785
0.233657 , 0.233661
0.234051 , 0.234055
0.22892 , 0.228924
0.2292 , 0.229205
0.224365 , 0.22437
0.234691 , 0.234695
0.237355 , 0.237359
0.225121 , 0.225126
0.226943 , 0.226948
0.234691 , 0.234695
0.232116 , 0.23212
0.232496 , 0.2325
0.22927 , 0.229275
0.231071 , 0.231076
0.224678 , 0.224683
0.232572 , 0.232576
0.237441 , 0.237445
0.236419 , 0.236423
0.228296 , 0.228301
0.22892 , 0.228924
0.227749 , 0.227754
0.2335 , 0.233504
0.232725 , 0.23273
0.228503 , 0.228507
0.226087 , 0.226092
0.237614 , 0.237618
0.226876 , 0.226881
0.223561 , 0.223566
0.227681 , 0.227686
0.230341 , 0.230346
0.236588 , 0.236592
0.2335 , 0.233504
0.236927 , 0.236931
0.228503 , 0.228507
0.22913 , 0.229134
0.226414 , 0.226419
0.23805 , 0.238054
0.232649 , 0.232653
0.233578 , 0.233582
0.223868 , 0.223873
0.234051 , 0.234055
0.228022 , 0.228026
0.22721 , 0.227215
0.230125 , 0.230129
0.226087 , 0.226092
0.232956 , 0.23296
0.230851 , 0.230855
0.225376 , 0.225382
