0.205504 , 0.205513
0.196206 , 0.196217
0.198554 , 0.198565
0.2003 , 0.200311
0.200335 , 0.200346
0.199745 , 0.199755
0.202086 , 0.202096
0.204218 , 0.204227
0.200441 , 0.200451
0.202415 , 0.202425
0.204488 , 0.204497
0.200231 , 0.200241
0.191781 , 0.191793
0.19947 , 0.19948
0.201868 , 0.201877
0.200828 , 0.200838
0.197201 , 0.197212
0.201614 , 0.201624
0.199196 , 0.199207
0.205032 , 0.205041
0.194709 , 0.194721
0.196333 , 0.196344
0.197527 , 0.197538
0.207159 , 0.207168
0.202122 , 0.202132
0.201904 , 0.201914
0.200405 , 0.200416
0.200405 , 0.200416
0.207573 , 0.207581
0.198287 , 0.198297
0.198087 , 0.198098
0.200757 , 0.200768
0.197494 , 0.197505
0.206506 , 0.206514
0.198154 , 0.198164
0.208201 , 0.20821
0.193057 , 0.19307
0.201904 , 0.201914
0.204837 , 0.204846
0.200793 , 0.200803
0.199641 , 0.199652
0.206344 , 0.206352
0.199162 , 0.199173
0.196748 , 0.19676
0.206872 , 0.206881
0.204798 , 0.204807
0.201184 , 0.201194
0.198021 , 0.198032
0.195638 , 0.19565
0.201219 , 0.201229
0.202195 , 0.202205
0.199952 , 0.199963
0.197006 , 0.197018
0.202748 , 0.202757
0.196781 , 0.196792
0.206303 , 0.206312
0.19906 , 0.199071
0.196524 , 0.196535
0.197856 , 0.197866
0.201831 , 0.201841
0.19832 , 0.198331
0.203609 , 0.203618
0.208244 , 0.208252
0.199162 , 0.199173
0.202711 , 0.20272
0.203008 , 0.203017
0.19879 , 0.1988
0.196142 , 0.196154
0.204643 , 0.204652
0.199538 , 0.199549
0.204954 , 0.204963
0.197691 , 0.197702
0.200161 , 0.200171
0.201112 , 0.201122
0.203684 , 0.203694
0.203571 , 0.20358
0.198959 , 0.198969
0.195264 , 0.195276
0.202049 , 0.202059
0.20395 , 0.20396
0.200935 , 0.200945
0.203798 , 0.203808
0.20749 , 0.207498
0.199162 , 0.199173
0.201904 , 0.201914
0.196237 , 0.196249
0.198959 , 0.198969
0.201291 , 0.201301
0.203008 , 0.203017
0.200196 , 0.200206
0.199367 , 0.199377
0.196047 , 0.196059
0.197625 , 0.197636
0.202637 , 0.202646
0.198722 , 0.198733
0.194557 , 0.194568
0.19386 , 0.193872
0.204372 , 0.204381
0.198521 , 0.198531
0.199333 , 0.199343
