0.300794 , 0.300795
0.273449 , 0.27345
0.266361 , 0.266363
0.2803 , 0.280301
0.29424 , 0.294241
0.279531 , 0.279532
0.285274 , 0.285275
0.279027 , 0.279028
0.279531 , 0.279532
0.281085 , 0.281086
0.280042 , 0.280043
0.285869 , 0.28587
0.284979 , 0.28498
0.277554 , 0.277555
0.275675 , 0.275676
0.279027 , 0.279028
0.282705 , 0.282706
0.28617 , 0.286171
0.286474 , 0.286475
0.302632 , 0.302633
0.280042 , 0.280043
0.272382 , 0.272384
0.286474 , 0.286475
0.288672 , 0.288672
0.285869 , 0.28587
0.281886 , 0.281887
0.296166 , 0.296167
0.287714 , 0.287715
0.28617 , 0.286171
0.296966 , 0.296967
0.277314 , 0.277315
0.281617 , 0.281618
0.289654 , 0.289655
0.290664 , 0.290665
0.277554 , 0.277555
0.2803 , 0.280301
0.277796 , 0.277797
0.273884 , 0.273885
0.292053 , 0.292054
0.276369 , 0.27637
0.28135 , 0.281351
0.284687 , 0.284688
0.282705 , 0.282706
0.284398 , 0.284399
0.271345 , 0.271347
0.297372 , 0.297373
0.2803 , 0.280301
0.278284 , 0.278285
0.28135 , 0.281351
0.278778 , 0.278779
0.272805 , 0.272807
0.27853 , 0.278531
0.2874 , 0.287401
0.277076 , 0.277077
0.293131 , 0.293132
0.273666 , 0.273667
0.275219 , 0.27522
0.281617 , 0.281618
0.274324 , 0.274325
0.290324 , 0.290325
0.274993 , 0.274995
0.28056 , 0.280561
0.296966 , 0.296967
0.274103 , 0.274104
0.273449 , 0.27345
0.279278 , 0.27928
0.280821 , 0.280823
0.279278 , 0.27928
0.279278 , 0.27928
0.297372 , 0.297373
0.274993 , 0.274995
0.2803 , 0.280301
0.302632 , 0.302633
0.279531 , 0.279532
0.271757 , 0.271758
0.285869 , 0.28587
0.278778 , 0.278779
0.270535 , 0.270536
0.294618 , 0.294618
0.273884 , 0.273885
0.287714 , 0.287715
0.289324 , 0.289325
0.289988 , 0.289989
0.268581 , 0.268583
0.282157 , 0.282158
0.279278 , 0.27928
0.270335 , 0.270337
0.279531 , 0.279532
0.289654 , 0.289655
0.282157 , 0.282158
0.274769 , 0.27477
0.277554 , 0.277555
0.28135 , 0.281351
0.271964 , 0.271966
0.28411 , 0.284111
0.268391 , 0.268393
0.293131 , 0.293132
0.293867 , 0.293868
0.274769 , 0.27477
0.279531 , 0.279532
