0.326387 , 0.326388
0.33232 , 0.33232
0.333414 , 0.333414
0.352078 , 0.352078
0.334543 , 0.334543
0.384954 , 0.384954
0.348465 , 0.348465
0.319014 , 0.319014
0.317563 , 0.317564
0.315492 , 0.315492
0.348465 , 0.348465
0.372358 , 0.372358
0.352078 , 0.352078
0.358338 , 0.358338
0.329229 , 0.32923
0.33023 , 0.33023
0.321307 , 0.321307
0.33571 , 0.33571
0.369043 , 0.369043
0.310486 , 0.310487
0.342211 , 0.342211
0.346792 , 0.346792
0.350224 , 0.350224
0.34081 , 0.34081
0.348465 , 0.348465
0.352078 , 0.352078
0.331259 , 0.33126
0.33571 , 0.33571
0.358338 , 0.358338
0.33571 , 0.33571
0.333414 , 0.333414
0.363264 , 0.363265
0.363264 , 0.363265
0.316859 , 0.31686
0.326387 , 0.326388
0.325488 , 0.325489
0.380195 , 0.380195
0.348465 , 0.348465
0.317563 , 0.317564
0.352078 , 0.352078
0.350224 , 0.350224
0.345196 , 0.345197
0.328256 , 0.328257
0.343672 , 0.343672
0.358338 , 0.358338
0.334543 , 0.334543
0.372358 , 0.372358
0.369043 , 0.369043
0.358338 , 0.358338
0.352078 , 0.352078
0.354039 , 0.354039
0.34081 , 0.34081
0.329229 , 0.32923
0.322921 , 0.322921
0.34081 , 0.34081
0.336916 , 0.336917
0.350224 , 0.350224
0.342211 , 0.342211
0.345196 , 0.345197
0.320526 , 0.320526
0.350224 , 0.350224
0.34081 , 0.34081
0.323756 , 0.323757
0.339463 , 0.339463
0.333414 , 0.333414
0.34081 , 0.34081
0.326387 , 0.326388
0.333414 , 0.333414
0.369043 , 0.369043
0.376043 , 0.376043
0.345196 , 0.345197
0.354039 , 0.354039
0.350224 , 0.350224
0.331259 , 0.33126
0.322105 , 0.322105
0.33571 , 0.33571
0.316169 , 0.316169
0.343672 , 0.343672
0.336916 , 0.336917
0.348465 , 0.348465
0.346792 , 0.346792
0.336916 , 0.336917
0.339463 , 0.339463
0.322921 , 0.322921
0.358338 , 0.358338
0.320526 , 0.320526
0.329229 , 0.32923
0.334543 , 0.334543
0.336916 , 0.336917
0.33023 , 0.33023
0.342211 , 0.342211
0.380195 , 0.380195
0.369043 , 0.369043
0.363264 , 0.363265
0.405905 , 0.405905
0.380195 , 0.380195
0.338166 , 0.338167
0.328256 , 0.328257
0.33023 , 0.33023
0.350224 , 0.350224
