0.352078 , 0.352078
0.292053 , 0.292054
0.345196 , 0.345197
0.308221 , 0.308222
0.307139 , 0.30714
0.358338 , 0.358338
0.331259 , 0.33126
0.345196 , 0.345197
0.34081 , 0.34081
0.328256 , 0.328257
0.323756 , 0.323757
0.336916 , 0.336917
0.317563 , 0.317564
0.328256 , 0.328257
0.345196 , 0.345197
0.354039 , 0.354039
0.326387 , 0.326388
0.315492 , 0.315492
0.319014 , 0.319014
0.333414 , 0.333414
0.319014 , 0.319014
0.336916 , 0.336917
0.346792 , 0.346792
0.326387 , 0.326388
0.334543 , 0.334543
0.328256 , 0.328257
0.325488 , 0.325489
0.315492 , 0.315492
0.33232 , 0.33232
0.322921 , 0.322921
0.331259 , 0.33126
0.307139 , 0.30714
0.336916 , 0.336917
0.323756 , 0.323757
0.312902 , 0.312903
0.329229 , 0.32923
0.325488 , 0.325489
0.314174 , 0.314174
0.329229 , 0.32923
0.338166 , 0.338167
0.345196 , 0.345197
0.33571 , 0.33571
0.342211 , 0.342211
0.348465 , 0.348465
0.316169 , 0.316169
0.329229 , 0.32923
0.325488 , 0.325489
0.360711 , 0.360711
0.326387 , 0.326388
0.342211 , 0.342211
0.376043 , 0.376043
0.319762 , 0.319762
0.346792 , 0.346792
0.33571 , 0.33571
0.34081 , 0.34081
0.343672 , 0.343672
0.324612 , 0.324612
0.326387 , 0.326388
0.34081 , 0.34081
0.318281 , 0.318282
0.319014 , 0.319014
0.34081 , 0.34081
0.363264 , 0.363265
0.303587 , 0.303587
0.339463 , 0.339463
0.336916 , 0.336917
0.329229 , 0.32923
0.333414 , 0.333414
0.336916 , 0.336917
0.346792 , 0.346792
0.33023 , 0.33023
0.326387 , 0.326388
0.33023 , 0.33023
0.354039 , 0.354039
0.345196 , 0.345197
0.319014 , 0.319014
0.354039 , 0.354039
0.311674 , 0.311675
0.343672 , 0.343672
0.322921 , 0.322921
0.325488 , 0.325489
0.348465 , 0.348465
0.320526 , 0.320526
0.33023 , 0.33023
0.358338 , 0.358338
0.338166 , 0.338167
0.346792 , 0.346792
0.328256 , 0.328257
0.334543 , 0.334543
0.329229 , 0.32923
0.319014 , 0.319014
0.33571 , 0.33571
0.360711 , 0.360711
0.308774 , 0.308775
0.34081 , 0.34081
0.322921 , 0.322921
0.342211 , 0.342211
0.331259 , 0.33126
0.327309 , 0.32731
0.339463 , 0.339463
