0.301245 , 0.301246
0.299908 , 0.299909
0.314827 , 0.314827
0.334543 , 0.334543
0.317563 , 0.317564
0.309907 , 0.309907
0.315492 , 0.315492
0.307676 , 0.307677
0.299908 , 0.299909
0.315492 , 0.315492
0.316859 , 0.31686
0.321307 , 0.321307
0.297783 , 0.297784
0.325488 , 0.325489
0.302632 , 0.302633
0.319762 , 0.319762
0.303587 , 0.303587
0.317563 , 0.317564
0.322921 , 0.322921
0.298618 , 0.298619
0.321307 , 0.321307
0.312902 , 0.312903
0.33023 , 0.33023
0.314827 , 0.314827
0.312902 , 0.312903
0.313533 , 0.313533
0.313533 , 0.313533
0.319014 , 0.319014
0.303587 , 0.303587
0.331259 , 0.33126
0.314174 , 0.314174
0.301245 , 0.301246
0.308221 , 0.308222
0.308221 , 0.308222
0.308774 , 0.308775
0.342211 , 0.342211
0.320526 , 0.320526
0.317563 , 0.317564
0.311674 , 0.311675
0.314174 , 0.314174
0.33023 , 0.33023
0.302164 , 0.302164
0.303106 , 0.303107
0.298618 , 0.298619
0.320526 , 0.320526
0.319014 , 0.319014
0.314827 , 0.314827
0.287714 , 0.287715
0.346792 , 0.346792
0.303106 , 0.303107
0.322921 , 0.322921
0.311075 , 0.311076
0.307676 , 0.307677
0.311674 , 0.311675
0.300349 , 0.300349
0.326387 , 0.326388
0.304074 , 0.304074
0.307139 , 0.30714
0.291006 , 0.291007
0.311075 , 0.311076
0.305574 , 0.305575
0.320526 , 0.320526
0.301702 , 0.301702
0.307139 , 0.30714
0.331259 , 0.33126
0.328256 , 0.328257
0.326387 , 0.326388
0.316859 , 0.31686
0.322921 , 0.322921
0.302632 , 0.302633
0.311674 , 0.311675
0.291006 , 0.291007
0.33023 , 0.33023
0.313533 , 0.313533
0.339463 , 0.339463
0.302164 , 0.302164
0.308774 , 0.308775
0.316169 , 0.316169
0.322105 , 0.322105
0.320526 , 0.320526
0.317563 , 0.317564
0.299043 , 0.299044
0.30661 , 0.306611
0.320526 , 0.320526
0.339463 , 0.339463
0.314174 , 0.314174
0.311674 , 0.311675
0.302632 , 0.302633
0.304567 , 0.304568
0.308774 , 0.308775
0.299043 , 0.299044
0.310486 , 0.310487
0.291701 , 0.291702
0.314827 , 0.314827
0.305067 , 0.305068
0.319762 , 0.319762
0.311075 , 0.311076
0.303587 , 0.303587
0.316859 , 0.31686
0.316169 , 0.316169
