0.0104386 , 0.0104386
0.0108444 , 0.0108444
0.00937628 , 0.00937628
0.0100394 , 0.0100394
0.00916979 , 0.00916979
0.0100866 , 0.0100866
0.0108389 , 0.0108389
0.00959294 , 0.00959294
0.00809019 , 0.00809019
0.0121567 , 0.0121567
0.0109237 , 0.0109237
0.00962553 , 0.00962553
0.0104084 , 0.0104084
0.0100019 , 0.0100019
0.0102257 , 0.0102257
0.0105844 , 0.0105844
0.00902324 , 0.00902324
0.0103609 , 0.0103609
0.0114738 , 0.0114738
0.00940342 , 0.00940342
0.0106234 , 0.0106234
0.00875059 , 0.00875059
0.00916578 , 0.00916578
0.00859105 , 0.00859105
0.00762023 , 0.00762023
0.012321 , 0.012321
0.0100653 , 0.0100653
0.0103212 , 0.0103212
0.010233 , 0.010233
0.0102135 , 0.0102135
0.0123673 , 0.0123673
0.0111401 , 0.0111401
0.00915576 , 0.00915576
0.0110689 , 0.0110689
0.00954119 , 0.00954119
0.0108689 , 0.0108689
0.0094687 , 0.0094687
0.00909405 , 0.00909405
0.0109569 , 0.0109569
0.00899206 , 0.00899206
0.00925065 , 0.00925065
0.0123673 , 0.0123673
0.0092588 , 0.0092588
0.00981617 , 0.00981617
0.010474 , 0.010474
0.00853888 , 0.00853888
0.00926084 , 0.00926084
0.0117165 , 0.0117165
0.0125752 , 0.0125752
0.011647 , 0.011647
0.0106286 , 0.0106286
0.010299 , 0.010299
0.0092588 , 0.0092588
0.00931002 , 0.00931002
0.00987057 , 0.00987057
0.0134865 , 0.0134865
0.00995087 , 0.00995087
0.00906247 , 0.00906247
0.0109154 , 0.0109154
0.0119438 , 0.0119438
0.0116627 , 0.0116627
0.0110548 , 0.0110548
0.00996012 , 0.00996012
0.0117229 , 0.0117229
0.00867484 , 0.00867484
0.0120172 , 0.0120172
0.0110746 , 0.0110746
0.0121121 , 0.0121121
0.00925268 , 0.00925268
0.0106679 , 0.0106679
0.0101127 , 0.0101127
0.00980265 , 0.00980265
0.0101341 , 0.0101341
0.00960812 , 0.00960812
0.00949205 , 0.00949205
0.00907232 , 0.00907232
0.0100889 , 0.0100889
0.0116032 , 0.0116032
0.00960595 , 0.00960595
0.0104995 , 0.0104995
0.0100113 , 0.0100113
0.0101032 , 0.0101032
0.00791305 , 0.00791305
0.0111086 , 0.0111086
0.00898235 , 0.00898235
0.00852279 , 0.00852279
0.01025 , 0.01025
0.00970011 , 0.00970011
0.00989339 , 0.00989339
0.0121257 , 0.0121257
0.01066 , 0.01066
0.0135084 , 0.0135084
0.00829883 , 0.00829883
0.0122016 , 0.0122016
0.0100394 , 0.0100394
0.0102111 , 0.0102111
0.0107155 , 0.0107155
0.00868954 , 0.00868954
0.0102451 , 0.0102451
0.00923235 , 0.00923235
