0.00971232 , 0.00971232
0.0103924 , 0.0103924
0.00907913 , 0.00907913
0.0158954 , 0.0158954
0.0146869 , 0.0146869
0.00973163 , 0.00973163
0.00760548 , 0.00760548
0.0110678 , 0.0110678
0.00939184 , 0.00939184
0.0130336 , 0.0130336
0.00861136 , 0.00861136
0.0101341 , 0.0101341
0.0119501 , 0.0119501
0.00873905 , 0.00873905
0.0152974 , 0.0152974
0.0109448 , 0.0109448
0.0123042 , 0.0123042
0.0113087 , 0.0113087
0.00804882 , 0.00804882
0.00834104 , 0.00834104
0.0123207 , 0.0123207
0.0106866 , 0.0106866
0.00923645 , 0.00923645
0.00846065 , 0.00846065
0.00915143 , 0.00915143
0.0136559 , 0.0136559
0.0123042 , 0.0123042
0.00862863 , 0.00862863
0.0122715 , 0.0122715
0.00914098 , 0.00914098
0.0122878 , 0.0122878
0.00990484 , 0.00990484
0.00798292 , 0.00798292
0.01077 , 0.01077
0.0107419 , 0.0107419
0.00991863 , 0.00991863
0.0124562 , 0.0124562
0.00935216 , 0.00935216
0.0139685 , 0.0139685
0.0100387 , 0.0100387
0.00973809 , 0.00973809
0.0119646 , 0.0119646
0.011893 , 0.011893
0.0134993 , 0.0134993
0.0118788 , 0.0118788
0.0107419 , 0.0107419
0.010856 , 0.010856
0.0187181 , 0.0187181
0.00930198 , 0.00930198
0.0106775 , 0.0106775
0.00913578 , 0.00913578
0.00887767 , 0.00887767
0.0107233 , 0.0107233
0.00757279 , 0.00757279
0.00880288 , 0.00880288
0.0100459 , 0.0100459
0.0132106 , 0.0132106
0.010272 , 0.010272
0.00888717 , 0.00888717
0.00933533 , 0.00933533
1 , 1
0.0091462 , 0.0091462
0.00753464 , 0.00753464
0.00881675 , 0.00881675
0.0119792 , 0.0119792
0.00959311 , 0.00959311
0.00898394 , 0.00898394
0.0107984 , 0.0107984
0.0130551 , 0.0130551
0.0157765 , 0.0157765
0.00736509 , 0.00736509
0.00862863 , 0.00862863
0.011153 , 0.011153
0.00969953 , 0.00969953
0.0102878 , 0.0102878
0.0128076 , 0.0128076
0.00971874 , 0.00971874
0.0151087 , 0.0151087
0.0136027 , 0.0136027
0.0113202 , 0.0113202
0.0131652 , 0.0131652
0.0118093 , 0.0118093
0.0102176 , 0.0102176
0.00704454 , 0.00704454
0.0117685 , 0.0117685
0.0123876 , 0.0123876
0.0100604 , 0.0100604
0.0107141 , 0.0107141
0.0093691 , 0.0093691
0.011047 , 0.011047
0.00967412 , 0.00967412
0.00890147 , 0.00890147
0.00732699 , 0.00732699
0.00890625 , 0.00890625
0.00922031 , 0.00922031
0.0130768 , 0.0130768
0.0096302 , 0.0096302
0.0124389 , 0.0124389
0.0117685 , 0.0117685
0.010856 , 0.010856
