0.0616823 , 0.0625574
0.0620451 , 0.0629141
0.0578979 , 0.0588384
0.0665611 , 0.0673573
0.0681242 , 0.0688964
0.06155 , 0.0624272
0.0616823 , 0.0625574
0.0639621 , 0.0647996
0.0656147 , 0.0664257
0.0612743 , 0.0621562
0.0569776 , 0.0579345
0.0626679 , 0.0635266
0.0611072 , 0.0619919
0.0656407 , 0.0664514
0.0609406 , 0.0618282
0.0597202 , 0.0606287
0.060905 , 0.0617932
0.0612982 , 0.0621797
0.0632487 , 0.0640978
0.0623007 , 0.0631654
0.0612384 , 0.0621209
0.061803 , 0.062676
0.0570436 , 0.0579993
0.0580436 , 0.0589815
0.0612862 , 0.0621679
0.0650063 , 0.065827
0.0580885 , 0.0590256
0.0615379 , 0.0624154
0.0600109 , 0.0609144
0.059755 , 0.0606629
0.0643797 , 0.0652105
0.0563007 , 0.0572699
0.0637232 , 0.0645645
0.0628896 , 0.0637446
0.0607746 , 0.061665
0.0590521 , 0.0599722
0.0632736 , 0.0641222
0.0587896 , 0.0597143
0.0633358 , 0.0641834
0.0655366 , 0.0663489
0.0610476 , 0.0619334
0.0660069 , 0.0668117
0.0597434 , 0.0606515
0.0620209 , 0.0628903
0.0601628 , 0.0610636
0.0622885 , 0.0631534
0.0595466 , 0.0604581
0.0639999 , 0.0648368
0.0593505 , 0.0602654
0.0569666 , 0.0579237
0.0586531 , 0.0595802
0.0635729 , 0.0644167
0.0612504 , 0.0621327
0.0583813 , 0.0593132
0.0592356 , 0.0601525
0.0651094 , 0.0659284
0.0630874 , 0.0639391
0.0564963 , 0.057462
0.0612145 , 0.0620975
0.0619481 , 0.0628187
0.0590178 , 0.0599385
0.0633856 , 0.0642324
0.0595929 , 0.0605035
0.0605502 , 0.0614444
0.0672827 , 0.0680678
0.0618876 , 0.0627592
0.062435 , 0.0632975
0.061574 , 0.0624509
0.0632114 , 0.0640611
0.0652255 , 0.0660427
0.0616221 , 0.0624982
0.0590521 , 0.0599722
0.0577862 , 0.0587286
0.0633233 , 0.0641712
0.0588237 , 0.0597478
0.0586077 , 0.0595356
0.0621545 , 0.0630217
0.0633109 , 0.064159
0.0623129 , 0.0631774
0.0608576 , 0.0617466
0.0621788 , 0.0630456
0.0607037 , 0.0615953
0.0647368 , 0.0655618
0.0584718 , 0.0594021
0.0603737 , 0.061271
0.0620209 , 0.0628903
0.0681105 , 0.068883
0.0572973 , 0.0582485
0.0618151 , 0.0626879
0.0635479 , 0.0643921
0.0673635 , 0.0681474
0.0630379 , 0.0638904
0.0611906 , 0.062074
0.0630008 , 0.0638539
0.062435 , 0.0632975
0.059941 , 0.0608457
0.0557077 , 0.0566878
0.0625452 , 0.0634059
0.0598945 , 0.0607999
0.0570216 , 0.0579777
