0.0105435 , 0.0126239
0.0117219 , 0.013768
0.0118616 , 0.0139038
0.0115546 , 0.0136056
0.0103662 , 0.0124518
0.0094707 , 0.0115825
0.0108815 , 0.0129521
0.0111801 , 0.013242
0.0114341 , 0.0134886
0.0103662 , 0.0124518
0.0105026 , 0.0125842
0.011787 , 0.0138313
0.0104935 , 0.0125753
0.00964504 , 0.0117517
0.0107625 , 0.0128365
0.0102122 , 0.0123023
0.010498 , 0.0125798
0.0102348 , 0.0123242
0.00945285 , 0.0115651
0.0124858 , 0.0145098
0.00977504 , 0.0118779
0.0111064 , 0.0131705
0.0114665 , 0.0135201
0.0101082 , 0.0122013
0.0110421 , 0.013108
0.00951981 , 0.0116301
0.0106392 , 0.0127169
0.0115175 , 0.0135696
0.00954215 , 0.0116518
0.0106803 , 0.0127567
0.011601 , 0.0136507
0.011955 , 0.0139944
0.00944839 , 0.0115608
0.00957792 , 0.0116865
0.0121001 , 0.0141353
0.0117544 , 0.0137997
0.011801 , 0.0138449
0.0104207 , 0.0125047
0.0110283 , 0.0130946
0.00904395 , 0.0111682
0.0103254 , 0.0124122
0.0112723 , 0.0133315
0.0104753 , 0.0125577
0.0101263 , 0.0122189
0.0107351 , 0.0128099
0.00977953 , 0.0118823
0.00867769 , 0.0108127
0.0117591 , 0.0138042
0.0119691 , 0.0140081
0.0100901 , 0.0121838
0.00964504 , 0.0117517
0.0103889 , 0.0124739
0.0127508 , 0.0147671
0.010262 , 0.0123506
0.0102122 , 0.0123023
0.0105526 , 0.0126328
0.0105253 , 0.0126063
0.012147 , 0.0141808
0.0120018 , 0.0140398
0.0129504 , 0.014961
0.0107351 , 0.0128099
0.00978402 , 0.0118866
0.0113925 , 0.0134482
0.0111755 , 0.0132375
0.00995487 , 0.0120525
0.0118243 , 0.0138675
0.011337 , 0.0133943
0.00973466 , 0.0118387
0.0115036 , 0.0135561
0.0109686 , 0.0130367
0.0107579 , 0.0128321
0.0102303 , 0.0123198
0.0109136 , 0.0129832
0.011337 , 0.0133943
0.0106711 , 0.0127479
0.0122409 , 0.014272
0.00998641 , 0.0120831
0.0112216 , 0.0132823
0.0116428 , 0.0136913
0.013347 , 0.0153462
0.0115175 , 0.0135696
0.0113693 , 0.0134257
0.0107625 , 0.0128365
0.0105663 , 0.0126461
0.00975709 , 0.0118605
0.0115407 , 0.0135921
0.00838384 , 0.0105274
0.0105162 , 0.0125974
0.00986039 , 0.0119608
0.0110007 , 0.0130679
0.0107031 , 0.0127789
0.0128267 , 0.0148409
0.010909 , 0.0129788
0.0107031 , 0.0127789
0.0100044 , 0.0121006
0.0116149 , 0.0136642
0.0123915 , 0.0144182
0.0099774 , 0.0120743
0.00970776 , 0.0118126
0.0103617 , 0.0124474
