0.0718147 , 0.0725327
0.065902 , 0.0667085
0.0692591 , 0.0700143
0.0733248 , 0.0740216
0.0746165 , 0.0752955
0.0719917 , 0.0727072
0.0735378 , 0.0742316
0.0706932 , 0.0714273
0.0716089 , 0.0723298
0.0727963 , 0.0735005
0.0717852 , 0.0725036
0.0747257 , 0.0754031
0.0695539 , 0.0703048
0.0677153 , 0.0684937
0.07556 , 0.0762263
0.0643036 , 0.0651355
0.0705781 , 0.0713139
0.0686746 , 0.0694386
0.0752435 , 0.075914
0.0734312 , 0.0741265
0.0723775 , 0.0730875
0.0670678 , 0.0678562
0.074275 , 0.0749586
0.0693712 , 0.0701248
0.0760706 , 0.0767301
0.0741359 , 0.0748215
0.0698222 , 0.0705691
0.0725416 , 0.0732493
0.0684675 , 0.0692346
0.0694836 , 0.0702355
0.0678376 , 0.0686142
0.0683986 , 0.0691667
0.0712435 , 0.0719697
0.0679875 , 0.0687618
0.0741822 , 0.0748671
0.069893 , 0.0706388
0.0731581 , 0.0738572
0.0713456 , 0.0720703
0.0689243 , 0.0696845
0.0758785 , 0.0765405
0.0727363 , 0.0734412
0.0726314 , 0.0733378
0.0739973 , 0.0746847
0.0690496 , 0.0698079
0.0718294 , 0.0725472
0.075149 , 0.0758207
0.0716529 , 0.0723732
0.071697 , 0.0724167
0.0759425 , 0.0766036
0.0713456 , 0.0720703
0.0719326 , 0.072649
0.0741977 , 0.0748824
0.0705925 , 0.0713281
0.0694977 , 0.0702493
0.0702772 , 0.0710174
0.073249 , 0.0739468
0.0718589 , 0.0725762
0.0715649 , 0.0722865
0.0741051 , 0.074791
0.0720805 , 0.0727947
0.0685226 , 0.0692889
0.072318 , 0.0730288
0.0755283 , 0.0761949
0.0709386 , 0.0716692
0.0710981 , 0.0718264
0.0670812 , 0.0678694
0.0703344 , 0.0710737
0.0716382 , 0.0723588
0.0772719 , 0.0779155
0.0730674 , 0.0737678
0.0708085 , 0.071541
0.0672558 , 0.0680413
0.0685502 , 0.0693161
0.0726164 , 0.0733231
0.0675797 , 0.0683602
0.0700776 , 0.0708208
0.0693572 , 0.070111
0.0697091 , 0.0704576
0.0680558 , 0.0688291
0.068179 , 0.0689504
0.0690775 , 0.0698354
0.0738436 , 0.0745332
0.0724222 , 0.0731316
0.0717852 , 0.0725036
0.0698363 , 0.070583
0.0729468 , 0.0736488
0.0690914 , 0.0698491
0.0735531 , 0.0742466
0.0726613 , 0.0733673
0.0711272 , 0.071855
0.0693292 , 0.0700833
0.0701773 , 0.070919
0.0750075 , 0.0756811
0.0719917 , 0.0727072
0.0668405 , 0.0676324
0.0641262 , 0.064961
0.0681242 , 0.0688964
0.0666939 , 0.0674881
0.0726464 , 0.0733526
0.0768302 , 0.0774796
