0.0792324 , 0.079851
0.0879184 , 0.0884357
0.0783515 , 0.0789812
0.080426 , 0.0810297
0.0849135 , 0.0854641
0.0801293 , 0.0807367
0.0803211 , 0.0809261
0.080707 , 0.0813072
0.0815058 , 0.0820963
0.0787054 , 0.0793306
0.0841335 , 0.0846931
0.078486 , 0.079114
0.0785197 , 0.0791473
0.0787392 , 0.079364
0.0873307 , 0.0878544
0.082245 , 0.0828267
0.0764732 , 0.0771273
0.08147 , 0.082061
0.0823177 , 0.0828985
0.0823541 , 0.0829345
0.0802164 , 0.0808227
0.0803386 , 0.0809434
0.0827562 , 0.0833319
0.0827562 , 0.0833319
0.0736752 , 0.0743671
0.0841713 , 0.0847304
0.0830139 , 0.0835865
0.0813271 , 0.0819199
0.0779002 , 0.0785357
0.0811847 , 0.0817791
0.0845315 , 0.0850865
0.081847 , 0.0824334
0.0754174 , 0.0760855
0.0849135 , 0.0854641
0.0778669 , 0.0785029
0.089514 , 0.0900143
0.0807246 , 0.0813246
0.081721 , 0.0823089
0.0817569 , 0.0823445
0.0813093 , 0.0819022
0.0800423 , 0.0806508
0.0840581 , 0.0846185
0.0807774 , 0.0813769
0.080391 , 0.0809952
0.0780001 , 0.0786343
0.081847 , 0.0824334
0.0834401 , 0.0840077
0.0781002 , 0.0787332
0.0771242 , 0.0777698
0.0794894 , 0.0801048
0.0767163 , 0.0773672
0.0801989 , 0.0808055
0.0766027 , 0.0772551
0.0834029 , 0.0839709
0.0876947 , 0.0882144
0.0777506 , 0.0783881
0.0847604 , 0.0853127
0.0771898 , 0.0778345
0.081721 , 0.0823089
0.0869895 , 0.0875169
0.0817569 , 0.0823445
0.0846077 , 0.0851618
0.0830508 , 0.0836229
0.0788239 , 0.0794476
0.086314 , 0.0868489
0.0790277 , 0.0796489
0.0773212 , 0.0779642
0.0807774 , 0.0813769
0.0766189 , 0.0772711
0.0820275 , 0.0826118
0.0742904 , 0.0749739
0.0756713 , 0.076336
0.0809364 , 0.0815339
0.0854534 , 0.0859979
0.0747413 , 0.0754186
0.0812559 , 0.0818494
0.0858037 , 0.0863442
0.0805487 , 0.081151
0.0771242 , 0.0777698
0.0820094 , 0.0825939
0.080391 , 0.0809952
0.0823723 , 0.0829525
0.0850095 , 0.085559
0.0768954 , 0.0775439
0.0792324 , 0.079851
0.0780335 , 0.0786673
0.0797997 , 0.0804112
0.0794551 , 0.0800709
0.0847413 , 0.0852938
0.0791982 , 0.0798172
0.0857061 , 0.0862478
0.082977 , 0.08355
0.0762474 , 0.0769045
0.0822631 , 0.0828446
0.0843985 , 0.084955
0.0840016 , 0.0845626
0.0845696 , 0.0851241
0.0821361 , 0.0827191
0.0798343 , 0.0804453
0.0782676 , 0.0788984
