0.0229149 , 0.0246457
0.0199591 , 0.021771
0.0228576 , 0.0245899
0.023312 , 0.025032
0.0186037 , 0.0204533
0.0202692 , 0.0220725
0.0204058 , 0.0222054
0.0204989 , 0.0222959
0.0218645 , 0.0236239
0.0186195 , 0.0204688
0.0226347 , 0.024373
0.0218364 , 0.0235965
0.0198074 , 0.0216235
0.0201929 , 0.0219983
0.0210166 , 0.0227993
0.0209779 , 0.0227616
0.0200786 , 0.0218872
0.0201275 , 0.0219348
0.0222029 , 0.023953
0.0213887 , 0.0231611
0.0182872 , 0.0201457
0.0216065 , 0.0233729
0.0204551 , 0.0222533
0.0216681 , 0.0234328
0.0188688 , 0.0207111
0.0215505 , 0.0233185
0.0225378 , 0.0242788
0.0234914 , 0.0252066
0.019253 , 0.0210845
0.0203293 , 0.0221309
0.0206911 , 0.0224827
0.0216569 , 0.0234219
0.0217914 , 0.0235528
0.0209282 , 0.0227133
0.0226176 , 0.0243564
0.0196723 , 0.0214921
0.018938 , 0.0207783
0.0213998 , 0.023172
0.0220729 , 0.0238266
0.0194246 , 0.0212514
0.0222822 , 0.0240302
0.021545 , 0.0233131
0.0199048 , 0.0217182
0.0183978 , 0.0202532
0.0208343 , 0.022622
0.0207682 , 0.0225577
0.0218251 , 0.0235856
0.0234393 , 0.0251558
0.0218195 , 0.0235801
0.021517 , 0.0232859
0.0207957 , 0.0225845
0.0198778 , 0.0216919
0.0217634 , 0.0235255
0.0198182 , 0.021634
0.0177014 , 0.0195764
0.0209337 , 0.0227186
0.0193924 , 0.02122
0.0200351 , 0.0218449
0.0219658 , 0.0237224
0.0218308 , 0.0235911
0.0216625 , 0.0234274
0.0221237 , 0.023876
0.0227203 , 0.0244564
0.0196183 , 0.0214397
0.0215394 , 0.0233077
0.0208619 , 0.0226488
0.0191246 , 0.0209597
0.0238287 , 0.0255347
0.021333 , 0.023107
0.021545 , 0.0233131
0.0199645 , 0.0217762
0.0189007 , 0.0207421
0.0205538 , 0.0223492
0.0209282 , 0.0227133
0.0185931 , 0.0204431
0.0209116 , 0.0226971
0.0206581 , 0.0224507
0.0194837 , 0.0213088
0.0189114 , 0.0207524
0.0232889 , 0.0250096
0.0205647 , 0.0223599
0.0211663 , 0.0229448
0.0210056 , 0.0227885
0.0213163 , 0.0230907
0.0220391 , 0.0237937
0.0213775 , 0.0231503
0.0213943 , 0.0231665
0.0197966 , 0.021613
0.0198778 , 0.0216919
0.0221972 , 0.0239475
0.0210498 , 0.0228316
0.0211829 , 0.022961
0.0205922 , 0.0223866
0.0220109 , 0.0237663
0.0216009 , 0.0233675
0.0202529 , 0.0220566
0.0191033 , 0.020939
0.0197209 , 0.0215394
0.0188582 , 0.0207008
0.0206361 , 0.0224293
