0.0896828 , 0.0901813
0.092332 , 0.0928036
0.0901073 , 0.0906015
0.0855116 , 0.0860555
0.0944297 , 0.0948808
0.097211 , 0.0976361
0.092065 , 0.0925392
0.098158 , 0.0985746
0.0937817 , 0.094239
0.0908593 , 0.0913457
0.0890736 , 0.0895786
0.0895772 , 0.0900769
0.0918435 , 0.09232
0.0852213 , 0.0857684
0.0916891 , 0.0921671
0.0876947 , 0.0882144
0.0845315 , 0.0850865
0.0926006 , 0.0930695
0.092623 , 0.0930917
0.0864721 , 0.0870052
0.090708 , 0.091196
0.0889069 , 0.0894137
0.0936439 , 0.0941026
0.0956807 , 0.09612
0.0920206 , 0.0924953
0.0900434 , 0.0905382
0.0960166 , 0.0964527
0.0909894 , 0.0914745
0.0869295 , 0.0874576
0.0889069 , 0.0894137
0.0922428 , 0.0927153
0.0924661 , 0.0929363
0.0889485 , 0.0894548
0.0892409 , 0.0897441
0.0866506 , 0.0871817
0.0860778 , 0.0866153
0.0951339 , 0.0955783
0.0916671 , 0.0921453
0.093621 , 0.0940799
0.0910981 , 0.0915821
0.0960648 , 0.0965005
0.08922 , 0.0897234
0.0886786 , 0.0891878
0.0952522 , 0.0956955
0.0896828 , 0.0901813
0.0920428 , 0.0925172
0.0890528 , 0.089558
0.0907728 , 0.0912601
0.0931648 , 0.0936282
0.0932557 , 0.0937182
0.0882662 , 0.0887798
0.0932557 , 0.0937182
0.0871698 , 0.0876953
0.0934608 , 0.0939213
0.0815416 , 0.0821317
0.0918656 , 0.0923418
0.0893038 , 0.0898063
0.0952048 , 0.0956486
0.0918435 , 0.09232
0.0885545 , 0.089065
0.0909026 , 0.0913886
0.0940584 , 0.094513
0.0965249 , 0.0969563
0.093438 , 0.0938987
0.0902354 , 0.0907283
0.0902568 , 0.0907494
0.0949451 , 0.0953913
0.0932557 , 0.0937182
0.0999527 , 0.100354
0.090321 , 0.090813
0.0878166 , 0.088335
0.0906217 , 0.0911106
0.0944297 , 0.0948808
0.0959204 , 0.0963574
0.0918435 , 0.09232
0.0905356 , 0.0910254
0.0824087 , 0.0829885
0.0905356 , 0.0910254
0.0907728 , 0.0912601
0.0934152 , 0.0938761
0.0856477 , 0.08619
0.092332 , 0.0928036
0.0945698 , 0.0950195
0.0901073 , 0.0906015
0.0930741 , 0.0935383
0.0865712 , 0.0871032
0.100849 , 0.101242
0.0873307 , 0.0878544
0.0861171 , 0.0866541
0.0920872 , 0.0925612
0.0902568 , 0.0907494
0.0900647 , 0.0905593
0.090881 , 0.0913672
0.102611 , 0.102989
0.0908593 , 0.0913457
0.0885132 , 0.0890242
0.090321 , 0.090813
0.0966223 , 0.0970528
0.0840581 , 0.0846185
0.0924885 , 0.0929585
