0.00121531 , 0.0035699
0.00123062 , 0.00358477
0.00147246 , 0.00381949
0.000845166 , 0.00321065
0.000989867 , 0.0033511
0.00128811 , 0.00364056
0.000970805 , 0.0033326
0.00139941 , 0.00374859
0.000678102 , 0.0030485
0.000765367 , 0.0031332
0.00126894 , 0.00362196
0.00159572 , 0.00393912
0.00138405 , 0.00373368
0.000451119 , 0.00282819
0.000829957 , 0.00319589
0.00105854 , 0.00341775
0.0015148 , 0.00386058
0.00192061 , 0.00425445
0.00114643 , 0.00350305
0.00109674 , 0.00345482
0.000864184 , 0.00322911
0.00123062 , 0.00358477
0.000697061 , 0.0030669
0.00150325 , 0.00384937
0.000887013 , 0.00325127
0.000986054 , 0.0033474
0.00123062 , 0.00358477
0.000906046 , 0.00326974
0.00119999 , 0.00355504
0.000697061 , 0.0030669
0.000906046 , 0.00326974
0.00116938 , 0.00352533
0.00143785 , 0.0037859
0.000890819 , 0.00325496
0.00105854 , 0.00341775
0.000894625 , 0.00325866
0.00076157 , 0.00312951
0.000864184 , 0.00322911
0.000556926 , 0.00293088
0.000602335 , 0.00297496
0.00058341 , 0.00295659
0.000814753 , 0.00318113
0.00129194 , 0.00364428
0.00169221 , 0.00403277
0.00135333 , 0.00370386
0.000906046 , 0.00326974
0.000906046 , 0.00326974
0.000852772 , 0.00321803
0.000928893 , 0.00329192
0.0011579 , 0.00351419
0.000864184 , 0.00322911
0.000963182 , 0.0033252
0.00076157 , 0.00312951
0.000887013 , 0.00325127
0.00121148 , 0.00356619
0.000643994 , 0.00301539
0.00105854 , 0.00341775
0.000963182 , 0.0033252
0.00157644 , 0.00392041
0.0011732 , 0.00352904
0.000982241 , 0.0033437
0.00138789 , 0.00373741
0.00094413 , 0.0033067
0.00144938 , 0.00379709
0.000526674 , 0.00290152
0.000826156 , 0.0031922
0.000837561 , 0.00320327
0.000982241 , 0.0033437
0.00121148 , 0.00356619
0.00109674 , 0.00345482
0.00127277 , 0.00362568
0.00147246 , 0.00381949
0.00115408 , 0.00351048
0.000989867 , 0.0033511
0.000678102 , 0.0030485
0.00037567 , 0.00275495
0.00107382 , 0.00343258
0.000803352 , 0.00317007
0.00133797 , 0.00368896
0.000753976 , 0.00312214
0.00113878 , 0.00349563
0.000890819 , 0.00325496
0.00131112 , 0.0036629
0.000883208 , 0.00324757
0.00113496 , 0.00349192
0.00123445 , 0.00358849
0.00133414 , 0.00368524
0.000613693 , 0.00298598
0.000986054 , 0.0033474
0.00115025 , 0.00350676
0.00139557 , 0.00374487
0.000511554 , 0.00288684
0.000697061 , 0.0030669
0.00102038 , 0.00338071
0.00113496 , 0.00349192
0.000864184 , 0.00322911
0.0011579 , 0.00351419
0.000982241 , 0.0033437
0.00107764 , 0.00343629
0.000769164 , 0.00313688
