0.0293362 , 0.0308975
0.0313739 , 0.0328835
0.0285783 , 0.030159
0.0288084 , 0.0303832
0.0307457 , 0.0322711
0.03023 , 0.0317685
0.0313672 , 0.0328769
0.0318602 , 0.0333576
0.0310188 , 0.0325373
0.0309387 , 0.0324592
0.0289752 , 0.0305457
0.0310188 , 0.0325373
0.0312396 , 0.0327526
0.0297715 , 0.0313216
0.0331861 , 0.0346506
0.034155 , 0.0355958
0.0339641 , 0.0354095
0.0299151 , 0.0314616
0.0324332 , 0.0339163
0.0303552 , 0.0318904
0.0322483 , 0.033736
0.031099 , 0.0326155
0.030474 , 0.0320063
0.0335141 , 0.0349706
0.0332209 , 0.0346846
0.0294139 , 0.0309732
0.0313873 , 0.0328966
0.0304476 , 0.0319805
0.0297128 , 0.0312644
0.031253 , 0.0327656
0.0313 , 0.0328114
0.0288981 , 0.0304706
0.0287316 , 0.0303084
0.0311057 , 0.032622
0.0305269 , 0.0320578
0.0303684 , 0.0319033
0.0324881 , 0.0339698
0.0327427 , 0.0342182
0.0335772 , 0.0350321
0.0282731 , 0.0298617
0.0298367 , 0.0313852
0.030932 , 0.0324527
0.0300068 , 0.0315509
0.0317653 , 0.033265
0.0320982 , 0.0335896
0.0309254 , 0.0324462
0.0307989 , 0.0323229
0.0312463 , 0.0327591
0.0316097 , 0.0331134
0.0326462 , 0.0341241
0.029974 , 0.031519
0.0316841 , 0.0331858
0.0301183 , 0.0316596
0.0298041 , 0.0313534
0.0309454 , 0.0324657
0.0337879 , 0.0352376
0.0337808 , 0.0352307
0.0300199 , 0.0315637
0.0325018 , 0.0339832
0.0317856 , 0.0332848
0.0295826 , 0.0311376
0.0325774 , 0.034057
0.0292264 , 0.0307904
0.0294528 , 0.0310111
0.0317449 , 0.0332452
0.0304014 , 0.0319355
0.0313941 , 0.0329031
0.0304938 , 0.0320256
0.0327841 , 0.0342586
0.0301643 , 0.0317044
0.03244 , 0.033923
0.0293233 , 0.0308849
0.0313269 , 0.0328376
0.0297258 , 0.0312771
0.0304212 , 0.0319548
0.0312262 , 0.0327395
0.0292328 , 0.0307967
0.0315153 , 0.0330213
0.0256321 , 0.02729
0.0301906 , 0.03173
0.0293621 , 0.0309227
0.0315827 , 0.033087
0.0336122 , 0.0350663
0.0285337 , 0.0301156
0.0289431 , 0.0305144
0.0336684 , 0.035121
0.0321937 , 0.0336828
0.0301249 , 0.031666
0.0322278 , 0.0337161
0.0317246 , 0.0332254
0.0320777 , 0.0335697
0.0301971 , 0.0317364
0.0309787 , 0.0324982
0.0320914 , 0.033583
0.0284827 , 0.0300659
0.0309988 , 0.0325178
0.0336543 , 0.0351073
0.030138 , 0.0316788
0.0296151 , 0.0311693
0.0326118 , 0.0340905
