0.153047 , 0.153166
0.153791 , 0.153908
0.155663 , 0.155775
0.161406 , 0.161503
0.157708 , 0.157814
0.152477 , 0.152597
0.160139 , 0.160239
0.178754 , 0.178817
0.149959 , 0.150087
0.149049 , 0.14918
0.156452 , 0.156562
0.153624 , 0.153742
0.166096 , 0.166182
0.166984 , 0.167069
0.146854 , 0.146992
0.156718 , 0.156827
0.157527 , 0.157633
0.152558 , 0.152678
0.169524 , 0.169604
0.164903 , 0.164992
0.16416 , 0.164251
0.151516 , 0.151639
0.157799 , 0.157905
0.163429 , 0.163522
0.169643 , 0.169723
0.175094 , 0.175163
0.149049 , 0.14918
0.150808 , 0.150934
0.158074 , 0.158179
0.170852 , 0.170929
0.156012 , 0.156123
0.162915 , 0.163008
0.156188 , 0.156298
0.168817 , 0.168898
0.163845 , 0.163937
0.173503 , 0.173575
0.168934 , 0.169015
0.167663 , 0.167746
0.174557 , 0.174628
0.170852 , 0.170929
0.164583 , 0.164673
0.160235 , 0.160335
0.159471 , 0.159573
0.163845 , 0.163937
0.151914 , 0.152036
0.15835 , 0.158454
0.166316 , 0.166402
0.160235 , 0.160335
0.159661 , 0.159762
0.15272 , 0.15284
0.165441 , 0.165529
0.161505 , 0.161602
0.163741 , 0.163833
0.153791 , 0.153908
0.16501 , 0.165099
0.151674 , 0.151797
0.16501 , 0.165099
0.152965 , 0.153084
0.166761 , 0.166846
0.159947 , 0.160048
0.164796 , 0.164885
0.169524 , 0.169604
0.154209 , 0.154325
0.165876 , 0.165964
0.157617 , 0.157724
0.154042 , 0.154158
0.175094 , 0.175163
0.161307 , 0.161405
0.148974 , 0.149106
0.159282 , 0.159385
0.160235 , 0.160335
0.158257 , 0.158362
0.156986 , 0.157094
0.165658 , 0.165746
0.153047 , 0.153166
0.156188 , 0.156298
0.152074 , 0.152196
0.153459 , 0.153576
0.158257 , 0.158362
0.160043 , 0.160143
0.166984 , 0.167069
0.158074 , 0.158179
0.167322 , 0.167406
0.162915 , 0.163008
0.170364 , 0.170442
0.161012 , 0.161111
0.167891 , 0.167974
0.163741 , 0.163833
0.156986 , 0.157094
0.160915 , 0.161013
0.158535 , 0.158639
0.167322 , 0.167406
0.162711 , 0.162805
0.164371 , 0.164461
0.163429 , 0.163522
0.163017 , 0.163111
0.158907 , 0.15901
0.164477 , 0.164567
0.162915 , 0.163008
0.167777 , 0.16786
