0.145309 , 0.145452
0.149049 , 0.14918
0.148825 , 0.148957
0.150653 , 0.150779
0.147865 , 0.148
0.148379 , 0.148513
0.154125 , 0.154241
0.154294 , 0.154409
0.153958 , 0.154074
0.157346 , 0.157453
0.150497 , 0.150624
0.142304 , 0.142458
0.153129 , 0.153248
0.148825 , 0.148957
0.159377 , 0.159479
0.154378 , 0.154493
0.145586 , 0.145728
0.152639 , 0.152759
0.161012 , 0.161111
0.153874 , 0.153991
0.147646 , 0.147782
0.151834 , 0.151956
0.144624 , 0.144769
0.146854 , 0.146992
0.149882 , 0.15001
0.1489 , 0.149031
0.1512 , 0.151324
0.146356 , 0.146496
0.141345 , 0.141502
0.15272 , 0.15284
0.145795 , 0.145936
0.149653 , 0.149783
0.146215 , 0.146355
0.146997 , 0.147134
0.14935 , 0.14948
0.152558 , 0.152678
0.148379 , 0.148513
0.155403 , 0.155516
0.156188 , 0.156298
0.150266 , 0.150393
0.150035 , 0.150163
0.154802 , 0.154916
0.15073 , 0.150856
0.146427 , 0.146567
0.154888 , 0.155001
0.157256 , 0.157363
0.160235 , 0.160335
0.145171 , 0.145315
0.1492 , 0.14933
0.146145 , 0.146285
0.14476 , 0.144905
0.143284 , 0.143434
0.154042 , 0.154158
0.147719 , 0.147854
0.143882 , 0.14403
0.14415 , 0.144297
0.150497 , 0.150624
0.1512 , 0.151324
0.150112 , 0.15024
0.144285 , 0.144432
0.15042 , 0.150547
0.153047 , 0.153166
0.154632 , 0.154747
0.156276 , 0.156386
0.160719 , 0.160818
0.154378 , 0.154493
0.148158 , 0.148292
0.154125 , 0.154241
0.157799 , 0.157905
0.151595 , 0.151718
0.149577 , 0.149707
0.159756 , 0.159857
0.14714 , 0.147277
0.150965 , 0.15109
0.148676 , 0.148808
0.15549 , 0.155602
0.146854 , 0.146992
0.157617 , 0.157724
0.150808 , 0.150934
0.150189 , 0.150316
0.151516 , 0.151639
0.142304 , 0.142458
0.1687 , 0.168781
0.159661 , 0.159762
0.150886 , 0.151012
0.154888 , 0.155001
0.151834 , 0.151956
0.151994 , 0.152116
0.149806 , 0.149934
0.148379 , 0.148513
0.152802 , 0.152921
0.150343 , 0.15047
0.157076 , 0.157184
0.149959 , 0.150087
0.156718 , 0.156827
0.151595 , 0.151718
0.14524 , 0.145383
0.146215 , 0.146355
0.144828 , 0.144973
0.14875 , 0.148882
