0.18373 , 0.183785
0.181326 , 0.181385
0.178608 , 0.178671
0.196944 , 0.196983
0.168121 , 0.168203
0.170123 , 0.170201
0.179197 , 0.17926
0.173503 , 0.173575
0.187697 , 0.187748
0.177452 , 0.177517
0.173634 , 0.173706
0.184899 , 0.184953
0.176188 , 0.176255
0.171843 , 0.171918
0.174691 , 0.174761
0.177452 , 0.177517
0.187878 , 0.187928
0.172729 , 0.172803
0.176466 , 0.176533
0.18698 , 0.187032
0.180248 , 0.180309
0.177882 , 0.177946
0.178171 , 0.178235
0.184899 , 0.184953
0.179495 , 0.179557
0.177452 , 0.177517
0.182591 , 0.182648
0.171221 , 0.171297
0.177882 , 0.177946
0.179795 , 0.179856
0.178901 , 0.178964
0.185754 , 0.185807
0.186101 , 0.186153
0.173503 , 0.173575
0.177452 , 0.177517
0.201691 , 0.201726
0.190305 , 0.190352
0.178901 , 0.178964
0.168121 , 0.168203
0.194756 , 0.194798
0.182913 , 0.18297
0.178316 , 0.17838
0.172221 , 0.172295
0.176327 , 0.176394
0.179795 , 0.179856
0.187337 , 0.187388
0.187158 , 0.18721
0.181482 , 0.181541
0.183401 , 0.183457
0.179795 , 0.179856
0.181796 , 0.181855
0.166427 , 0.166513
0.169287 , 0.169367
0.175774 , 0.175843
0.190114 , 0.190161
0.180401 , 0.180461
0.187697 , 0.187748
0.168584 , 0.168665
0.185239 , 0.185292
0.175229 , 0.175298
0.180861 , 0.180921
0.190114 , 0.190161
0.170729 , 0.170807
0.172347 , 0.172421
0.178461 , 0.178525
0.18806 , 0.18811
0.171345 , 0.171421
0.169643 , 0.169723
0.18373 , 0.183785
0.170607 , 0.170685
0.178316 , 0.17838
0.188243 , 0.188293
0.190305 , 0.190352
0.190691 , 0.190738
0.187158 , 0.18721
0.171098 , 0.171174
0.181326 , 0.181385
0.17605 , 0.176117
0.180401 , 0.180461
0.169643 , 0.169723
0.19187 , 0.191916
0.187697 , 0.187748
0.175094 , 0.175163
0.173373 , 0.173446
0.194331 , 0.194374
0.173373 , 0.173446
0.172602 , 0.172675
0.173503 , 0.173575
0.178754 , 0.178817
0.19672 , 0.19676
0.181639 , 0.181697
0.202709 , 0.202743
0.184394 , 0.184449
0.172347 , 0.172421
0.180861 , 0.180921
0.184394 , 0.184449
0.175638 , 0.175706
0.190886 , 0.190932
0.175365 , 0.175434
0.180248 , 0.180309
