0.139485 , 0.13965
0.143284 , 0.143434
0.139607 , 0.139771
0.13542 , 0.135601
0.133249 , 0.133439
0.138227 , 0.138397
0.14053 , 0.14069
0.137524 , 0.137696
0.147357 , 0.147493
0.136945 , 0.13712
0.138405 , 0.138573
0.131737 , 0.131934
0.139425 , 0.139589
0.133622 , 0.13381
0.143548 , 0.143698
0.135755 , 0.135934
0.13805 , 0.13822
0.138464 , 0.138633
0.142175 , 0.142329
0.139729 , 0.139892
0.139303 , 0.139468
0.139183 , 0.139348
0.1489 , 0.149031
0.143548 , 0.143698
0.148306 , 0.148439
0.140344 , 0.140505
0.14022 , 0.140382
0.145725 , 0.145867
0.150189 , 0.150316
0.144965 , 0.145109
0.133249 , 0.133439
0.148676 , 0.148808
0.148306 , 0.148439
0.134703 , 0.134887
0.146854 , 0.146992
0.137582 , 0.137754
0.138643 , 0.13881
0.139851 , 0.140014
0.135032 , 0.135215
0.137933 , 0.138103
0.136945 , 0.13712
0.14415 , 0.144297
0.138822 , 0.138989
0.142824 , 0.142976
0.132985 , 0.133176
0.136431 , 0.136608
0.146782 , 0.146921
0.138762 , 0.138929
0.139607 , 0.139771
0.141345 , 0.141502
0.145516 , 0.145659
0.140344 , 0.140505
0.132774 , 0.132967
0.142563 , 0.142716
0.14211 , 0.142265
0.135309 , 0.13549
0.140406 , 0.140566
0.139243 , 0.139408
0.139851 , 0.140014
0.129631 , 0.129838
0.138168 , 0.138338
0.141918 , 0.142073
0.135811 , 0.13599
0.142304 , 0.142458
0.142175 , 0.142329
0.141854 , 0.142009
0.155403 , 0.155516
0.140904 , 0.141063
0.131024 , 0.131225
0.150112 , 0.15024
0.139062 , 0.139228
0.134977 , 0.13516
0.135699 , 0.135878
0.136205 , 0.136382
0.137874 , 0.138045
0.13542 , 0.135601
0.138822 , 0.138989
0.135979 , 0.136157
0.136488 , 0.136664
0.138643 , 0.13881
0.137291 , 0.137465
0.133729 , 0.133917
0.146004 , 0.146145
0.144692 , 0.144837
0.141282 , 0.141439
0.142433 , 0.142587
0.136205 , 0.136382
0.134051 , 0.134238
0.150343 , 0.15047
0.137061 , 0.137235
0.142824 , 0.142976
0.141662 , 0.141818
0.145378 , 0.145521
0.151358 , 0.151482
0.143949 , 0.144097
0.141345 , 0.141502
0.154209 , 0.154325
0.143152 , 0.143302
0.14442 , 0.144566
0.138405 , 0.138573
