0.171469 , 0.171544
0.171969 , 0.172043
0.169406 , 0.169485
0.169882 , 0.169961
0.202197 , 0.202232
0.186803 , 0.186854
0.161111 , 0.161208
0.172347 , 0.172421
0.176188 , 0.176255
0.164055 , 0.164146
0.169882 , 0.169961
0.1687 , 0.168781
0.174825 , 0.174895
0.170002 , 0.170081
0.185754 , 0.185807
0.175774 , 0.175843
0.181639 , 0.181697
0.162305 , 0.1624
0.156541 , 0.15665
0.181796 , 0.181855
0.178901 , 0.178964
0.175638 , 0.175706
0.168236 , 0.168318
0.171969 , 0.172043
0.166538 , 0.166623
0.180401 , 0.180461
0.185068 , 0.185122
0.168236 , 0.168318
0.163637 , 0.163729
0.170852 , 0.170929
0.175912 , 0.17598
0.170486 , 0.170563
0.161209 , 0.161307
0.181015 , 0.181075
0.163223 , 0.163316
0.176886 , 0.176952
0.178316 , 0.17838
0.173115 , 0.173187
0.184561 , 0.184616
0.164796 , 0.164885
0.164477 , 0.164567
0.176327 , 0.176394
0.170729 , 0.170807
0.171098 , 0.171174
0.178026 , 0.17809
0.164583 , 0.164673
0.1687 , 0.168781
0.178608 , 0.178671
0.180707 , 0.180767
0.167209 , 0.167293
0.17605 , 0.176117
0.170243 , 0.170322
0.179945 , 0.180007
0.164903 , 0.164992
0.16395 , 0.164041
0.173765 , 0.173836
0.170123 , 0.170201
0.167435 , 0.167519
0.164477 , 0.164567
0.166096 , 0.166182
0.172347 , 0.172421
0.170486 , 0.170563
0.169406 , 0.169485
0.167663 , 0.167746
0.171098 , 0.171174
0.1687 , 0.168781
0.172094 , 0.172169
0.177595 , 0.17766
0.162406 , 0.162501
0.172986 , 0.173059
0.177452 , 0.177517
0.176466 , 0.176533
0.170123 , 0.170201
0.181482 , 0.181541
0.170486 , 0.170563
0.165225 , 0.165313
0.165767 , 0.165854
0.169287 , 0.169367
0.177595 , 0.17766
0.176605 , 0.176672
0.170243 , 0.170322
0.176745 , 0.176812
0.183895 , 0.18395
0.189544 , 0.189592
0.169406 , 0.169485
0.174959 , 0.175029
0.174557 , 0.174628
0.170852 , 0.170929
0.16555 , 0.165637
0.18541 , 0.185463
0.165986 , 0.166073
0.176886 , 0.176952
0.159566 , 0.159668
0.172986 , 0.173059
0.177738 , 0.177803
0.179049 , 0.179112
0.173115 , 0.173187
0.161804 , 0.1619
0.170486 , 0.170563
0.168467 , 0.168549
