0.101063 , 0.101454
0.0987658 , 0.099177
0.0981077 , 0.0985248
0.098537 , 0.0989502
0.103418 , 0.10379
0.0996922 , 0.100095
0.10566 , 0.106014
0.0943366 , 0.0947886
0.102721 , 0.103099
0.101063 , 0.101454
0.0985877 , 0.0990005
0.109615 , 0.10994
0.102999 , 0.103374
0.0963064 , 0.0967398
0.10339 , 0.103762
0.100823 , 0.101216
0.10467 , 0.105032
0.107003 , 0.107347
0.0993298 , 0.0997361
0.106761 , 0.107107
0.0970877 , 0.097514
0.0995884 , 0.0999924
0.0995884 , 0.0999924
0.0966467 , 0.097077
0.100584 , 0.100979
0.1037 , 0.10407
0.0984356 , 0.0988498
0.103194 , 0.103568
0.0955375 , 0.0959781
0.108728 , 0.10906
0.11407 , 0.114365
0.104497 , 0.104861
0.104785 , 0.105146
0.103222 , 0.103596
0.102556 , 0.102935
0.100162 , 0.100561
0.103166 , 0.10354
0.103083 , 0.103457
0.098919 , 0.0993289
0.100031 , 0.100431
0.100188 , 0.100587
0.105367 , 0.105723
0.10069 , 0.101084
0.0953946 , 0.0958366
0.0938047 , 0.0942618
0.101735 , 0.102121
0.0998744 , 0.100276
0.100769 , 0.101163
0.102418 , 0.102798
0.0943134 , 0.0947656
0.100531 , 0.100927
0.107337 , 0.107678
0.102999 , 0.103374
0.0964034 , 0.0968359
0.101519 , 0.101907
0.098385 , 0.0987996
0.101277 , 0.101666
0.109297 , 0.109624
0.103756 , 0.104126
0.101465 , 0.101853
0.0965249 , 0.0969563
0.101627 , 0.102014
0.100531 , 0.100927
0.0998483 , 0.10025
0.103278 , 0.103651
0.0969894 , 0.0974166
0.102666 , 0.103044
0.0962822 , 0.0967158
0.103728 , 0.104098
0.0983345 , 0.0987495
0.097137 , 0.0975628
0.107459 , 0.107799
0.101546 , 0.101933
0.104988 , 0.105347
0.100452 , 0.100848
0.103138 , 0.103513
0.100876 , 0.101269
0.103955 , 0.104322
0.100584 , 0.100979
0.0965979 , 0.0970287
0.102666 , 0.103044
0.104068 , 0.104435
0.104097 , 0.104463
0.10179 , 0.102175
0.0953471 , 0.0957895
0.0994072 , 0.0998128
0.106193 , 0.106543
0.0984356 , 0.0988498
0.108603 , 0.108935
0.102062 , 0.102445
0.101681 , 0.102068
0.0938047 , 0.0942618
0.103474 , 0.103846
0.103222 , 0.103596
0.0986894 , 0.0991013
0.0997442 , 0.100147
0.0973593 , 0.0977831
0.0997442 , 0.100147
0.103306 , 0.103679
0.100083 , 0.100483
