0.187697 , 0.187748
0.196497 , 0.196537
0.171469 , 0.171544
0.191672 , 0.191717
0.189168 , 0.189217
0.19187 , 0.191916
0.208792 , 0.208822
0.189733 , 0.189781
0.18698 , 0.187032
0.205917 , 0.205948
0.181015 , 0.181075
0.190691 , 0.190738
0.199251 , 0.199288
0.191672 , 0.191717
0.201943 , 0.201978
0.202452 , 0.202486
0.194756 , 0.194798
0.185068 , 0.185122
0.192271 , 0.192316
0.188243 , 0.188293
0.18406 , 0.184116
0.192675 , 0.192719
0.185582 , 0.185635
0.191474 , 0.191519
0.193083 , 0.193127
0.202709 , 0.202743
0.186626 , 0.186678
0.188426 , 0.188476
0.193703 , 0.193746
0.198313 , 0.198351
0.195836 , 0.195876
0.193083 , 0.193127
0.193083 , 0.193127
0.187337 , 0.187388
0.176886 , 0.176952
0.199728 , 0.199765
0.185582 , 0.185635
0.190691 , 0.190738
0.18645 , 0.186502
0.186101 , 0.186153
0.203227 , 0.20326
0.202967 , 0.203001
0.209392 , 0.209421
0.193495 , 0.193539
0.193083 , 0.193127
0.212527 , 0.212553
0.181482 , 0.181541
0.193495 , 0.193539
0.195617 , 0.195659
0.186275 , 0.186327
0.19187 , 0.191916
0.179346 , 0.179408
0.193495 , 0.193539
0.214528 , 0.214553
0.186275 , 0.186327
0.179795 , 0.179856
0.192472 , 0.192517
0.18645 , 0.186502
0.185927 , 0.18598
0.197169 , 0.197208
0.198779 , 0.198817
0.205365 , 0.205397
0.185068 , 0.185122
0.183895 , 0.18395
0.203488 , 0.203522
0.187337 , 0.187388
0.179645 , 0.179706
0.194331 , 0.194374
0.189544 , 0.189592
0.184899 , 0.184953
0.190886 , 0.190932
0.20564 , 0.205672
0.203227 , 0.20326
0.18541 , 0.185463
0.195184 , 0.195226
0.182431 , 0.182488
0.181015 , 0.181075
0.197395 , 0.197434
0.190498 , 0.190545
0.207909 , 0.207939
0.190886 , 0.190932
0.196497 , 0.196537
0.190886 , 0.190932
0.181796 , 0.181855
0.188426 , 0.188476
0.196055 , 0.196096
0.180554 , 0.180614
0.177168 , 0.177234
0.193703 , 0.193746
0.210308 , 0.210336
0.192271 , 0.192316
0.207044 , 0.207074
0.184227 , 0.184282
0.200453 , 0.20049
0.194331 , 0.194374
0.180707 , 0.180767
0.191081 , 0.191127
0.199489 , 0.199526
0.186626 , 0.186678
0.183895 , 0.18395
