0.280326 , 0.28033
0.28217 , 0.282173
0.317131 , 0.317132
0.304843 , 0.304845
0.288312 , 0.288315
0.28217 , 0.282173
0.290605 , 0.290608
0.286151 , 0.286154
0.322374 , 0.322375
0.335974 , 0.335974
0.295663 , 0.295665
0.272251 , 0.272256
0.272251 , 0.272256
0.236629 , 0.236643
0.280326 , 0.28033
0.28217 , 0.282173
0.286151 , 0.286154
0.272251 , 0.272256
0.265585 , 0.265591
0.317131 , 0.317132
0.345457 , 0.345457
0.268114 , 0.26812
0.301522 , 0.301524
0.275279 , 0.275283
0.288312 , 0.288315
0.276888 , 0.276892
1 , 1
0.275279 , 0.275283
0.276888 , 0.276892
0.269444 , 0.26945
0.312556 , 0.312558
0.278568 , 0.278572
0.290605 , 0.290608
0.272251 , 0.272256
0.28217 , 0.282173
0.280326 , 0.28033
0.262076 , 0.262083
0.286151 , 0.286154
0.275279 , 0.275283
0.260974 , 0.260981
0.278568 , 0.278572
0.328523 , 0.328524
0.328523 , 0.328524
0.273735 , 0.273739
0.293048 , 0.293051
0.284108 , 0.284111
0.284108 , 0.284111
0.280326 , 0.28033
0.312556 , 0.312558
0.293048 , 0.293051
0.308495 , 0.308497
0.272251 , 0.272256
0.312556 , 0.312558
0.288312 , 0.288315
0.298476 , 0.298479
0.301522 , 0.301524
0.317131 , 0.317132
0.301522 , 0.301524
0.317131 , 0.317132
0.276888 , 0.276892
0.284108 , 0.284111
0.304843 , 0.304845
0.269444 , 0.26945
0.262076 , 0.262083
0.298476 , 0.298479
0.28217 , 0.282173
0.248909 , 0.248919
0.345457 , 0.345457
0.272251 , 0.272256
0.269444 , 0.26945
0.268114 , 0.26812
0.26438 , 0.264386
0.254943 , 0.254951
0.304843 , 0.304845
0.272251 , 0.272256
0.288312 , 0.288315
0.273735 , 0.273739
0.322374 , 0.322375
0.254943 , 0.254951
0.295663 , 0.295665
0.358593 , 0.358593
0.328523 , 0.328524
0.259902 , 0.259909
0.298476 , 0.298479
0.298476 , 0.298479
0.263211 , 0.263217
0.278568 , 0.278572
0.284108 , 0.284111
0.278568 , 0.278572
0.280326 , 0.28033
0.275279 , 0.275283
0.328523 , 0.328524
0.301522 , 0.301524
0.273735 , 0.273739
0.280326 , 0.28033
0.301522 , 0.301524
0.308495 , 0.308497
0.290605 , 0.290608
0.284108 , 0.284111
0.304843 , 0.304845
