0.236046 , 0.23606
0.272251 , 0.272256
0.266829 , 0.266835
0.266829 , 0.266835
0.308495 , 0.308497
0.224973 , 0.224992
0.278568 , 0.278572
0.248118 , 0.248128
0.242299 , 0.24231
0.242299 , 0.24231
0.273735 , 0.273739
0.232185 , 0.2322
0.266829 , 0.266835
0.242981 , 0.242993
0.236629 , 0.236643
0.242299 , 0.24231
0.242981 , 0.242993
0.243676 , 0.243687
0.259902 , 0.259909
0.241628 , 0.24164
0.262076 , 0.262083
0.247342 , 0.247352
0.270822 , 0.270827
0.259902 , 0.259909
0.304843 , 0.304845
0.263211 , 0.263217
0.251383 , 0.251392
0.246581 , 0.246592
0.253122 , 0.253131
0.278568 , 0.278572
0.28217 , 0.282173
0.251383 , 0.251392
0.222828 , 0.222848
0.260974 , 0.260981
0.258858 , 0.258866
0.280326 , 0.28033
0.238432 , 0.238445
0.244382 , 0.244394
0.293048 , 0.293051
0.242981 , 0.242993
0.245102 , 0.245113
0.229145 , 0.229162
0.262076 , 0.262083
0.23968 , 0.239692
0.245835 , 0.245845
0.240318 , 0.240331
0.260974 , 0.260981
0.243676 , 0.243687
0.247342 , 0.247352
0.244382 , 0.244394
0.266829 , 0.266835
0.230636 , 0.230652
0.251383 , 0.251392
0.251383 , 0.251392
0.272251 , 0.272256
0.258858 , 0.258866
0.240318 , 0.240331
0.258858 , 0.258866
0.259902 , 0.259909
0.250541 , 0.25055
0.253122 , 0.253131
0.286151 , 0.286154
0.273735 , 0.273739
0.260974 , 0.260981
0.249717 , 0.249726
0.254943 , 0.254951
0.246581 , 0.246592
0.253122 , 0.253131
0.22866 , 0.228677
0.232185 , 0.2322
0.254943 , 0.254951
0.290605 , 0.290608
0.26438 , 0.264386
0.230636 , 0.230652
0.270822 , 0.270827
0.248909 , 0.248919
0.234346 , 0.234361
0.247342 , 0.247352
0.246581 , 0.246592
0.259902 , 0.259909
0.234905 , 0.234919
0.260974 , 0.260981
0.234346 , 0.234361
0.275279 , 0.275283
0.257842 , 0.25785
0.252243 , 0.252252
0.245102 , 0.245113
0.250541 , 0.25055
0.224102 , 0.224121
0.266829 , 0.266835
0.254022 , 0.254031
0.255885 , 0.255893
0.262076 , 0.262083
0.246581 , 0.246592
0.241628 , 0.24164
0.256851 , 0.256859
0.243676 , 0.243687
0.247342 , 0.247352
0.239051 , 0.239064
0.244382 , 0.244394
