0.237822 , 0.237835
0.237221 , 0.237235
0.220393 , 0.220415
0.248909 , 0.248919
0.247342 , 0.247352
0.242981 , 0.242993
0.218847 , 0.218869
0.247342 , 0.247352
0.257842 , 0.25785
0.227706 , 0.227724
0.225864 , 0.225883
0.214528 , 0.214553
0.215217 , 0.215242
0.219228 , 0.21925
0.223673 , 0.223692
0.239051 , 0.239064
0.237221 , 0.237235
0.239051 , 0.239064
0.23968 , 0.239692
0.243676 , 0.243687
0.258858 , 0.258866
0.211244 , 0.211272
0.226775 , 0.226793
0.230133 , 0.230149
0.231662 , 0.231678
0.242981 , 0.242993
0.216273 , 0.216297
0.21385 , 0.213876
0.22866 , 0.228677
0.251383 , 0.251392
0.241628 , 0.24164
0.225864 , 0.225883
0.220789 , 0.22081
0.242981 , 0.242993
0.23968 , 0.239692
0.213183 , 0.213209
0.22818 , 0.228198
0.246581 , 0.246592
0.239051 , 0.239064
0.239051 , 0.239064
0.234346 , 0.234361
0.252243 , 0.252252
0.22818 , 0.228198
0.243676 , 0.243687
0.241628 , 0.24164
0.254022 , 0.254031
0.234346 , 0.234361
0.22818 , 0.228198
0.222828 , 0.222848
0.236629 , 0.236643
0.254022 , 0.254031
0.212854 , 0.21288
0.231146 , 0.231162
0.233251 , 0.233266
0.22818 , 0.228198
0.218469 , 0.218492
0.244382 , 0.244394
0.218847 , 0.218869
0.225416 , 0.225435
0.237822 , 0.237835
0.229636 , 0.229653
0.242299 , 0.24231
0.222828 , 0.222848
0.222828 , 0.222848
0.240318 , 0.240331
0.225864 , 0.225883
0.219613 , 0.219635
0.245835 , 0.245845
0.241628 , 0.24164
0.213183 , 0.213209
0.23968 , 0.239692
0.231662 , 0.231678
0.209392 , 0.209421
0.21 , 0.210029
0.224535 , 0.224554
0.216273 , 0.216297
0.231662 , 0.231678
0.252243 , 0.252252
0.272251 , 0.272256
0.248118 , 0.248128
0.230133 , 0.230149
0.212854 , 0.21288
0.235471 , 0.235486
0.231146 , 0.231162
0.220789 , 0.22081
0.232185 , 0.2322
0.229636 , 0.229653
0.222 , 0.222021
0.232714 , 0.23273
0.248118 , 0.248128
0.222 , 0.222021
0.218847 , 0.218869
0.240968 , 0.24098
0.222412 , 0.222432
0.236629 , 0.236643
0.248909 , 0.248919
0.232185 , 0.2322
0.226775 , 0.226793
0.232185 , 0.2322
0.243676 , 0.243687
