0.222 , 0.222021
0.252243 , 0.252252
0.220001 , 0.220023
0.235471 , 0.235486
0.242981 , 0.242993
0.246581 , 0.246592
0.245835 , 0.245845
0.223673 , 0.223692
0.236629 , 0.236643
0.240968 , 0.24098
0.256851 , 0.256859
0.237221 , 0.237235
0.250541 , 0.25055
0.229636 , 0.229653
0.236629 , 0.236643
0.259902 , 0.259909
0.241628 , 0.24164
0.227706 , 0.227724
0.227706 , 0.227724
0.262076 , 0.262083
0.218095 , 0.218118
0.229145 , 0.229162
0.258858 , 0.258866
0.243676 , 0.243687
0.239051 , 0.239064
0.232185 , 0.2322
0.238432 , 0.238445
0.236629 , 0.236643
0.223673 , 0.223692
0.286151 , 0.286154
0.258858 , 0.258866
0.245835 , 0.245845
0.242299 , 0.24231
0.252243 , 0.252252
0.22866 , 0.228677
0.284108 , 0.284111
0.253122 , 0.253131
0.250541 , 0.25055
0.284108 , 0.284111
0.246581 , 0.246592
0.278568 , 0.278572
0.244382 , 0.244394
0.257842 , 0.25785
0.224535 , 0.224554
0.216992 , 0.217016
0.225864 , 0.225883
0.259902 , 0.259909
0.258858 , 0.258866
0.240968 , 0.24098
0.229636 , 0.229653
0.236629 , 0.236643
0.224535 , 0.224554
0.248909 , 0.248919
0.258858 , 0.258866
0.241628 , 0.24164
0.269444 , 0.26945
0.232714 , 0.23273
0.214871 , 0.214896
0.263211 , 0.263217
0.254943 , 0.254951
0.23968 , 0.239692
0.240318 , 0.240331
0.254022 , 0.254031
0.248118 , 0.248128
0.244382 , 0.244394
0.240968 , 0.24098
0.273735 , 0.273739
0.247342 , 0.247352
0.253122 , 0.253131
0.253122 , 0.253131
0.241628 , 0.24164
0.256851 , 0.256859
0.255885 , 0.255893
0.240318 , 0.240331
0.252243 , 0.252252
0.251383 , 0.251392
0.221593 , 0.221613
0.237221 , 0.237235
0.224535 , 0.224554
0.219613 , 0.219635
0.245102 , 0.245113
0.240318 , 0.240331
0.247342 , 0.247352
0.220001 , 0.220023
0.236046 , 0.23606
0.248118 , 0.248128
0.246581 , 0.246592
0.254022 , 0.254031
0.252243 , 0.252252
0.232185 , 0.2322
0.245102 , 0.245113
0.254022 , 0.254031
0.234905 , 0.234919
0.262076 , 0.262083
0.254943 , 0.254951
0.239051 , 0.239064
0.248118 , 0.248128
0.245835 , 0.245845
0.247342 , 0.247352
0.263211 , 0.263217
