0.194331 , 0.194374
0.200453 , 0.20049
0.219613 , 0.219635
0.209091 , 0.20912
0.208792 , 0.208822
0.210618 , 0.210646
0.208792 , 0.208822
0.223673 , 0.223692
0.194543 , 0.194585
0.215217 , 0.215242
0.213515 , 0.213541
0.201691 , 0.201726
0.213515 , 0.213541
0.197852 , 0.19789
0.216992 , 0.217016
0.20482 , 0.204852
0.218095 , 0.218118
0.21 , 0.210029
0.213515 , 0.213541
0.214528 , 0.214553
0.211561 , 0.211588
0.217724 , 0.217747
0.216273 , 0.216297
0.20482 , 0.204852
0.225864 , 0.225883
0.199489 , 0.199526
0.21093 , 0.210957
0.214528 , 0.214553
0.201192 , 0.201227
0.209695 , 0.209724
0.203227 , 0.20326
0.215918 , 0.215942
0.198313 , 0.198351
0.208201 , 0.208231
0.224102 , 0.224121
0.221189 , 0.22121
0.204016 , 0.204049
0.211244 , 0.211272
0.220001 , 0.220023
0.215217 , 0.215242
0.218847 , 0.218869
0.196497 , 0.196537
0.211881 , 0.211908
0.207909 , 0.207939
0.213183 , 0.213209
0.202709 , 0.202743
0.21385 , 0.213876
0.231146 , 0.231162
0.212527 , 0.212553
0.217357 , 0.21738
0.223248 , 0.223268
0.240318 , 0.240331
0.210618 , 0.210646
0.201943 , 0.201978
0.234905 , 0.234919
0.205917 , 0.205948
0.212203 , 0.212229
0.218469 , 0.218492
0.205917 , 0.205948
0.21 , 0.210029
0.215566 , 0.215591
0.209091 , 0.20912
0.209695 , 0.209724
0.196275 , 0.196316
0.227238 , 0.227256
0.209695 , 0.209724
0.229145 , 0.229162
0.227706 , 0.227724
0.216631 , 0.216655
0.242981 , 0.242993
0.209695 , 0.209724
0.210308 , 0.210336
0.216273 , 0.216297
0.202967 , 0.203001
0.198545 , 0.198583
0.224973 , 0.224992
0.212203 , 0.212229
0.210618 , 0.210646
0.232185 , 0.2322
0.225864 , 0.225883
0.233251 , 0.233266
0.199489 , 0.199526
0.207044 , 0.207074
0.20455 , 0.204583
0.213183 , 0.213209
0.227238 , 0.227256
0.222828 , 0.222848
0.198779 , 0.198817
0.215217 , 0.215242
0.227238 , 0.227256
0.221593 , 0.221613
0.191081 , 0.191127
0.202709 , 0.202743
0.222412 , 0.222432
0.220393 , 0.220415
0.227238 , 0.227256
0.20455 , 0.204583
0.205092 , 0.205124
0.226775 , 0.226793
0.229145 , 0.229162
