0.231146 , 0.231162
0.227706 , 0.227724
0.211244 , 0.211272
0.211881 , 0.211908
0.225416 , 0.225435
0.231146 , 0.231162
0.242981 , 0.242993
0.220789 , 0.22081
0.223673 , 0.223692
0.217357 , 0.21738
0.219228 , 0.21925
0.21 , 0.210029
0.208496 , 0.208525
0.220789 , 0.22081
0.22866 , 0.228677
0.239051 , 0.239064
0.221593 , 0.221613
0.218469 , 0.218492
0.217724 , 0.217747
0.214188 , 0.214213
0.216631 , 0.216655
0.211561 , 0.211588
0.21 , 0.210029
0.220001 , 0.220023
0.225416 , 0.225435
0.215918 , 0.215942
0.216273 , 0.216297
0.224535 , 0.224554
0.230133 , 0.230149
0.211881 , 0.211908
0.231146 , 0.231162
0.221593 , 0.221613
0.240318 , 0.240331
0.230133 , 0.230149
0.230636 , 0.230652
0.217357 , 0.21738
0.209695 , 0.209724
0.222 , 0.222021
0.223248 , 0.223268
0.209091 , 0.20912
0.202197 , 0.202232
0.233251 , 0.233266
0.222 , 0.222021
0.211561 , 0.211588
0.215566 , 0.215591
0.21385 , 0.213876
0.251383 , 0.251392
0.222412 , 0.222432
0.206759 , 0.20679
0.234346 , 0.234361
0.258858 , 0.258866
0.235471 , 0.235486
0.224535 , 0.224554
0.214871 , 0.214896
0.229636 , 0.229653
0.226317 , 0.226335
0.21385 , 0.213876
0.219228 , 0.21925
0.227706 , 0.227724
0.238432 , 0.238445
0.22866 , 0.228677
0.226317 , 0.226335
0.224102 , 0.224121
0.223248 , 0.223268
0.215217 , 0.215242
0.207044 , 0.207074
0.236046 , 0.23606
0.221189 , 0.22121
0.212203 , 0.212229
0.234905 , 0.234919
0.235471 , 0.235486
0.235471 , 0.235486
0.217357 , 0.21738
0.221189 , 0.22121
0.206196 , 0.206227
0.216631 , 0.216655
0.219613 , 0.219635
0.225864 , 0.225883
0.219613 , 0.219635
0.218469 , 0.218492
0.231662 , 0.231678
0.206477 , 0.206507
0.236046 , 0.23606
0.226317 , 0.226335
0.215566 , 0.215591
0.230636 , 0.230652
0.214871 , 0.214896
0.234346 , 0.234361
0.234905 , 0.234919
0.225864 , 0.225883
0.220393 , 0.220415
0.216992 , 0.217016
0.214188 , 0.214213
0.227706 , 0.227724
0.211881 , 0.211908
0.224535 , 0.224554
0.216273 , 0.216297
0.229636 , 0.229653
0.21 , 0.210029
0.231146 , 0.231162
