0.335974 , 0.335974
0.358593 , 0.358593
0.304843 , 0.304845
0.301522 , 0.301524
0.358593 , 0.358593
0.298476 , 0.298479
0.26438 , 0.264386
0.298476 , 0.298479
0.28217 , 0.282173
0.312556 , 0.312558
0.317131 , 0.317132
0.328523 , 0.328524
0.358593 , 0.358593
0.358593 , 0.358593
0.312556 , 0.312558
0.322374 , 0.322375
0.335974 , 0.335974
0.298476 , 0.298479
1 , 1
0.312556 , 0.312558
0.284108 , 0.284111
0.280326 , 0.28033
0.308495 , 0.308497
1 , 1
0.345457 , 0.345457
0.345457 , 0.345457
0.322374 , 0.322375
0.312556 , 0.312558
0.295663 , 0.295665
0.380442 , 0.380442
0.358593 , 0.358593
0.288312 , 0.288315
0.269444 , 0.26945
0.317131 , 0.317132
0.322374 , 0.322375
0.312556 , 0.312558
0.286151 , 0.286154
0.335974 , 0.335974
0.293048 , 0.293051
0.358593 , 0.358593
0.380442 , 0.380442
0.301522 , 0.301524
0.328523 , 0.328524
0.322374 , 0.322375
0.288312 , 0.288315
0.358593 , 0.358593
0.298476 , 0.298479
0.317131 , 0.317132
0.301522 , 0.301524
0.345457 , 0.345457
0.304843 , 0.304845
0.322374 , 0.322375
0.288312 , 0.288315
0.358593 , 0.358593
0.328523 , 0.328524
0.308495 , 0.308497
1 , 1
0.345457 , 0.345457
1 , 1
0.312556 , 0.312558
0.280326 , 0.28033
0.322374 , 0.322375
0.317131 , 0.317132
0.328523 , 0.328524
0.308495 , 0.308497
0.308495 , 0.308497
0.380442 , 0.380442
0.304843 , 0.304845
0.312556 , 0.312558
1 , 1
0.304843 , 0.304845
0.301522 , 0.301524
0.345457 , 0.345457
0.380442 , 0.380442
0.328523 , 0.328524
1 , 1
0.301522 , 0.301524
1 , 1
0.278568 , 0.278572
0.26438 , 0.264386
0.301522 , 0.301524
0.312556 , 0.312558
0.290605 , 0.290608
0.322374 , 0.322375
0.312556 , 0.312558
0.266829 , 0.266835
0.28217 , 0.282173
0.335974 , 0.335974
0.322374 , 0.322375
0.358593 , 0.358593
0.288312 , 0.288315
1 , 1
0.358593 , 0.358593
0.317131 , 0.317132
0.304843 , 0.304845
0.288312 , 0.288315
0.317131 , 0.317132
0.284108 , 0.284111
0.345457 , 0.345457
0.288312 , 0.288315
