0.298476 , 0.298479
0.312556 , 0.312558
0.380442 , 0.380442
0.270822 , 0.270827
0.345457 , 0.345457
1 , 1
0.358593 , 0.358593
0.317131 , 0.317132
0.335974 , 0.335974
0.358593 , 0.358593
0.380442 , 0.380442
0.345457 , 0.345457
0.322374 , 0.322375
0.322374 , 0.322375
0.312556 , 0.312558
0.301522 , 0.301524
1 , 1
0.345457 , 0.345457
0.322374 , 0.322375
0.312556 , 0.312558
0.290605 , 0.290608
0.322374 , 0.322375
1 , 1
1 , 1
0.288312 , 0.288315
0.328523 , 0.328524
0.322374 , 0.322375
0.358593 , 0.358593
0.345457 , 0.345457
0.317131 , 0.317132
0.317131 , 0.317132
1 , 1
0.358593 , 0.358593
0.312556 , 0.312558
0.284108 , 0.284111
0.308495 , 0.308497
0.345457 , 0.345457
0.322374 , 0.322375
0.312556 , 0.312558
1 , 1
0.345457 , 0.345457
1 , 1
0.358593 , 0.358593
0.308495 , 0.308497
0.358593 , 0.358593
1 , 1
1 , 1
0.322374 , 0.322375
0.288312 , 0.288315
0.295663 , 0.295665
1 , 1
0.328523 , 0.328524
0.335974 , 0.335974
0.345457 , 0.345457
1 , 1
0.335974 , 0.335974
1 , 1
1 , 1
0.312556 , 0.312558
0.312556 , 0.312558
0.317131 , 0.317132
0.328523 , 0.328524
0.358593 , 0.358593
0.272251 , 0.272256
0.317131 , 0.317132
0.301522 , 0.301524
0.380442 , 0.380442
0.322374 , 0.322375
0.308495 , 0.308497
0.288312 , 0.288315
0.358593 , 0.358593
0.288312 , 0.288315
0.301522 , 0.301524
0.295663 , 0.295665
0.298476 , 0.298479
0.345457 , 0.345457
0.335974 , 0.335974
0.358593 , 0.358593
0.317131 , 0.317132
0.301522 , 0.301524
0.312556 , 0.312558
0.380442 , 0.380442
0.322374 , 0.322375
0.328523 , 0.328524
0.269444 , 0.26945
0.304843 , 0.304845
0.380442 , 0.380442
1 , 1
1 , 1
0.358593 , 0.358593
0.335974 , 0.335974
1 , 1
0.345457 , 0.345457
0.322374 , 0.322375
0.304843 , 0.304845
0.358593 , 0.358593
0.265585 , 0.265591
0.322374 , 0.322375
0.312556 , 0.312558
0.328523 , 0.328524
