0.00844345 , 0.0121688
0.0101586 , 0.0131243
0.0114087 , 0.0138826
0.00922169 , 0.0125907
0.00875954 , 0.0123379
0.00978976 , 0.0129108
0.00942564 , 0.0127044
0.00914057 , 0.0125458
0.00906825 , 0.012506
0.0106721 , 0.0134292
0.00996293 , 0.0130104
0.0115359 , 0.0139629
0.00902501 , 0.0124823
0.00999346 , 0.0130281
0.00881989 , 0.0123705
0.00949707 , 0.0127445
0.00922898 , 0.0125947
0.00934963 , 0.0126619
0.0102814 , 0.0131964
0.00907426 , 0.0125093
0.0103765 , 0.0132526
0.0114368 , 0.0139003
0.0101509 , 0.0131198
0.011004 , 0.0136311
0.0100177 , 0.0130422
0.0105685 , 0.013367
0.0099426 , 0.0129987
0.0103074 , 0.0132117
0.0101098 , 0.0130958
0.00968452 , 0.0128507
0.0106601 , 0.013422
0.00960605 , 0.0128061
0.0104275 , 0.0132829
0.00995403 , 0.0130053
0.00960481 , 0.0128054
0.0101471 , 0.0131175
0.00829094 , 0.0120882
0.0107001 , 0.0134461
0.00875954 , 0.0123379
0.00902141 , 0.0124803
0.0114241 , 0.0138923
0.00923384 , 0.0125974
0.0109481 , 0.0135969
0.00906464 , 0.012504
0.00929468 , 0.0126312
0.0100355 , 0.0130525
0.0112729 , 0.0137976
0.00886856 , 0.0123969
0.00964088 , 0.0128259
0.0105051 , 0.013329
0.0102983 , 0.0132064
0.0105328 , 0.0133456
0.0103974 , 0.013265
0.00869822 , 0.0123049
0.0105011 , 0.0133267
0.00891499 , 0.0124222
0.00928006 , 0.0126231
0.0112534 , 0.0137854
0.0100317 , 0.0130503
0.0104919 , 0.0133212
0.0101213 , 0.0131025
0.0105183 , 0.0133369
0.00918532 , 0.0125706
0.00939986 , 0.01269
0.00911402 , 0.0125312
0.00899744 , 0.0124672
0.0105156 , 0.0133353
0.010097 , 0.0130883
0.00866647 , 0.0122878
0.00911884 , 0.0125339
0.00995403 , 0.0130053
0.010353 , 0.0132387
0.0101278 , 0.0131063
0.00880804 , 0.0123641
0.0101793 , 0.0131364
0.010599 , 0.0133852
0.0099147 , 0.0129826
0.00853535 , 0.0122176
0.00943793 , 0.0127113
0.00861953 , 0.0122626
0.0093203 , 0.0126455
0.0111882 , 0.0137449
0.0100228 , 0.0130451
0.00882108 , 0.0123712
0.010218 , 0.0131591
0.0114143 , 0.0138861
0.0105645 , 0.0133646
0.0110477 , 0.013658
0.0099426 , 0.0129987
0.00994387 , 0.0129994
0.0100995 , 0.0130898
0.0111923 , 0.0137474
0.0096683 , 0.0128414
0.00992357 , 0.0129877
0.00972203 , 0.0128721
0.0102879 , 0.0132002
0.0102348 , 0.013169
0.0108816 , 0.0135562
0.00937779 , 0.0126776
0.0112062 , 0.013756
