0.0105464 , 0.011675
0.0108267 , 0.0118878
0.0103895 , 0.0115574
0.00954309 , 0.0109407
0.0110331 , 0.0120464
0.0101275 , 0.0113633
0.0106338 , 0.011741
0.0104498 , 0.0116025
0.0113639 , 0.0123042
0.0099852 , 0.011259
0.0103805 , 0.0115507
0.0101526 , 0.0113818
0.00944723 , 0.0108727
0.0104841 , 0.0116282
0.00987713 , 0.0111804
0.00949301 , 0.0109051
0.0106916 , 0.0117848
0.00911227 , 0.0106385
0.0107738 , 0.0118473
0.0108765 , 0.0119258
0.00939383 , 0.0108351
0.00920692 , 0.0107042
0.00952102 , 0.010925
0.00927067 , 0.0107487
0.0107906 , 0.0118601
0.00969436 , 0.0110487
0.0101559 , 0.0113842
0.00982682 , 0.011144
0.0101592 , 0.0113866
0.0108814 , 0.0119296
0.0100291 , 0.0112911
0.0106186 , 0.0117295
0.00983309 , 0.0111486
0.00960769 , 0.0109867
0.0101069 , 0.0113481
0.01035 , 0.011528
0.00886154 , 0.0104663
0.0096219 , 0.0109968
0.010294 , 0.0114863
0.0102152 , 0.011428
0.00972004 , 0.0110671
0.00972519 , 0.0110708
0.00979452 , 0.0111207
0.00958441 , 0.0109701
0.00996069 , 0.0112412
0.00911798 , 0.0106424
0.0102818 , 0.0114772
0.00918004 , 0.0106855
0.01018 , 0.011402
0.00858613 , 0.0102802
0.00997773 , 0.0112536
0.0102673 , 0.0114665
0.00993944 , 0.0112257
0.010013 , 0.0112793
0.0104669 , 0.0116153
0.0103907 , 0.0115583
0.00883854 , 0.0104506
0.00954913 , 0.010945
0.009506 , 0.0109143
0.0109132 , 0.011954
0.00969743 , 0.0110509
0.00956221 , 0.0109543
0.00905451 , 0.0105986
0.010376 , 0.0115473
0.00994475 , 0.0112296
0.0108997 , 0.0119436
0.00971798 , 0.0110656
0.00990663 , 0.0112018
0.0106022 , 0.0117171
0.00966978 , 0.011031
0.0098446 , 0.0111569
0.00935746 , 0.0108095
0.0107129 , 0.011801
0.0100237 , 0.0112872
0.0100409 , 0.0112998
0.00986452 , 0.0111713
0.0102762 , 0.0114731
0.0109834 , 0.012008
0.0107978 , 0.0118656
0.00935844 , 0.0108102
0.0105789 , 0.0116995
0.00925033 , 0.0107344
0.00865683 , 0.0103277
0.0101537 , 0.0113826
0.010083 , 0.0113306
0.010013 , 0.0112793
0.0101232 , 0.0113601
0.0102009 , 0.0114174
0.0102241 , 0.0114345
0.0101483 , 0.0113786
0.0101877 , 0.0114076
0.0103321 , 0.0115146
0.0105036 , 0.0116429
0.0115011 , 0.0124124
0.0110519 , 0.0120609
0.00940073 , 0.0108399
0.00992143 , 0.0112126
0.00948503 , 0.0108995
0.00858613 , 0.0102802
0.0100044 , 0.0112731
