0.0104886 , 0.0109416
0.0097252 , 0.0102921
0.0106121 , 0.0110486
0.00931134 , 0.00994961
0.0108339 , 0.0112422
0.0106 , 0.0110381
0.00934223 , 0.00997493
0.010229 , 0.0107182
0.00907989 , 0.00976126
0.01079 , 0.0112037
0.0089975 , 0.00969477
0.0107423 , 0.0111621
0.0106705 , 0.0110994
0.0101826 , 0.0106786
0.00988622 , 0.0104272
0.00983001 , 0.0103799
0.00992715 , 0.0104617
0.0105479 , 0.0109929
0.0094536 , 0.0100665
0.0107256 , 0.0111475
0.00908178 , 0.00976279
0.0106216 , 0.0110568
0.0106041 , 0.0110416
0.00976682 , 0.0103269
0.00873218 , 0.00948273
0.00897343 , 0.00967541
0.0101476 , 0.0106487
0.0104743 , 0.0109291
0.00989869 , 0.0104377
0.0101584 , 0.0106579
0.0110508 , 0.0114332
0.0105933 , 0.0110323
0.00899564 , 0.00969328
0.008685 , 0.00944536
0.0103422 , 0.0108153
0.00986816 , 0.010412
0.00992944 , 0.0104636
0.0089799 , 0.00968061
0.0100067 , 0.010529
0.0102623 , 0.0107467
0.0109777 , 0.0113686
0.00963778 , 0.0102191
0.00987492 , 0.0104177
0.00944848 , 0.0100623
0.0112567 , 0.0116158
0.00982332 , 0.0103743
0.0105759 , 0.0110171
0.0094577 , 0.0100699
0.00920531 , 0.00986303
0.0096592 , 0.010237
0.009469 , 0.0100792
0.00888561 , 0.00960496
0.00917146 , 0.0098355
0.00933424 , 0.00996837
0.0104186 , 0.0108811
0.010185 , 0.0106806
0.00961008 , 0.0101961
0.0106338 , 0.0110674
0.0112361 , 0.0115974
0.0103675 , 0.0108371
0.0108154 , 0.011226
0.00937435 , 0.0100013
0.00990437 , 0.0104425
0.0107745 , 0.0111902
0.00938443 , 0.0100096
0.0101838 , 0.0106796
0.00904507 , 0.00973312
0.0093915 , 0.0100154
0.0101033 , 0.0106109
0.00978999 , 0.0103463
0.0102167 , 0.0107077
0.010676 , 0.0111042
0.0105188 , 0.0109677
0.00997888 , 0.0105054
0.0114558 , 0.0117936
0.00999394 , 0.0105182
0.010596 , 0.0110346
0.00871028 , 0.00946537
0.0102167 , 0.0107077
0.0105004 , 0.0109517
0.0116964 , 0.01201
0.0102057 , 0.0106983
0.00956045 , 0.0101549
0.0088414 , 0.00956963
0.0102685 , 0.010752
0.0113779 , 0.0117239
0.0104939 , 0.0109461
0.00966672 , 0.0102432
0.00956676 , 0.0101601
0.00996848 , 0.0104966
0.0100021 , 0.010525
0.00965169 , 0.0102307
0.00941278 , 0.0100329
0.00931929 , 0.00995612
0.0112392 , 0.0116002
0.0106733 , 0.0111018
0.0100336 , 0.0105517
0.0107689 , 0.0111853
0.00899379 , 0.00969178
0.00927572 , 0.00992047
