0.00901646 , 0.0092163
0.0125216 , 0.012569
0.00975907 , 0.00990742
0.00960896 , 0.00976658
0.0105361 , 0.0106442
0.00928433 , 0.00946392
0.0101722 , 0.0102976
0.00997804 , 0.0101138
0.00932461 , 0.00950133
0.00978548 , 0.00993225
0.0107333 , 0.0108329
0.00964178 , 0.00979733
0.0111292 , 0.0112138
0.0092055 , 0.00939084
0.0105383 , 0.0106463
0.0111209 , 0.0112058
0.0105229 , 0.0106316
0.0110552 , 0.0111424
0.0114302 , 0.0115049
0.00973455 , 0.00988437
0.0104408 , 0.0105532
0.0110687 , 0.0111555
0.00910291 , 0.009296
0.011484 , 0.0115571
0.00891444 , 0.00912254
0.0106351 , 0.0107389
0.010921 , 0.0110132
0.010738 , 0.0108375
0.00919481 , 0.00938094
0.00878929 , 0.00900795
0.00882649 , 0.00904196
0.0107214 , 0.0108215
0.010104 , 0.010233
0.010262 , 0.0103829
0.00954602 , 0.00970769
0.00954147 , 0.00970344
0.00988862 , 0.0100294
0.0102206 , 0.0103436
0.0106328 , 0.0107367
0.0099181 , 0.0100572
0.00904667 , 0.00924412
0.0108057 , 0.0109024
0.00840909 , 0.00866294
0.00992683 , 0.0100654
0.00999234 , 0.0101273
0.0113683 , 0.0114449
0.00937118 , 0.00954462
0.00884763 , 0.00906131
0.00939835 , 0.00956992
0.00942145 , 0.00959143
0.00963706 , 0.00979291
0.00936407 , 0.00953801
0.0101078 , 0.0102365
0.0103944 , 0.010509
0.0116358 , 0.0117044
0.0103489 , 0.0104655
0.0116088 , 0.0116781
0.0110097 , 0.0110986
0.0122458 , 0.0122989
0.00894844 , 0.00915375
0.0101684 , 0.010294
0.0102167 , 0.0103399
0.0100854 , 0.0102153
0.0111153 , 0.0112005
0.0107404 , 0.0108398
0.0100595 , 0.0101908
0.0140747 , 0.0140993
0.0105516 , 0.010659
0.0100139 , 0.0101477
0.00921624 , 0.00940079
0.010274 , 0.0103943
0.0100339 , 0.0101666
0.0107166 , 0.010817
0.0122026 , 0.0122568
0.0105942 , 0.0106997
0.0088441 , 0.00905807
0.00929954 , 0.00947804
0.0116155 , 0.0116847
0.0116121 , 0.0116814
0.00993383 , 0.010072
0.00826297 , 0.00853167
0.0104729 , 0.0105838
0.00873779 , 0.00896093
0.0102109 , 0.0103343
0.00927607 , 0.00945626
0.0098869 , 0.0100278
0.00958576 , 0.00974487
0.0105405 , 0.0106484
0.00922838 , 0.00941203
0.0100375 , 0.01017
0.0110606 , 0.0111477
0.00995319 , 0.0100903
0.010545 , 0.0106526
0.00867274 , 0.00890168
0.0109728 , 0.0110631
0.00947709 , 0.00964331
0.0107668 , 0.0108651
0.00922703 , 0.00941078
0.0105605 , 0.0106675
0.00961051 , 0.00976804
