0.0119907 , 0.012026
0.00889926 , 0.00903842
0.0109605 , 0.0110166
0.00997906 , 0.0100658
0.0115591 , 0.011602
0.00900315 , 0.00913618
0.0115979 , 0.0116401
0.0099106 , 0.01
0.0121456 , 0.0121785
0.0103878 , 0.0104602
0.0086236 , 0.00878032
0.0140969 , 0.0141105
0.0114876 , 0.0115319
0.0104111 , 0.0104827
0.0107107 , 0.0107735
0.00869714 , 0.00884898
0.0105924 , 0.0106585
0.0112367 , 0.0112863
0.0103241 , 0.0103986
0.0107226 , 0.010785
0.00874125 , 0.00889024
0.0116374 , 0.0116788
0.0102138 , 0.010292
0.00902505 , 0.00915682
0.0112145 , 0.0112646
0.0103017 , 0.0103769
0.0100451 , 0.0101294
0.0101805 , 0.0102599
0.00906793 , 0.00919727
0.0100495 , 0.0101337
0.0118651 , 0.0119025
0.0103698 , 0.0104428
0.00932387 , 0.00943957
0.0102794 , 0.0103554
0.00897857 , 0.00911303
0.00983381 , 0.00992633
0.0100878 , 0.0101706
0.0111528 , 0.0112043
0.0106379 , 0.0107027
0.0106872 , 0.0107506
0.00948459 , 0.00959244
0.00976536 , 0.00986071
0.00981145 , 0.00990488
0.00961157 , 0.00971358
0.0104771 , 0.0105467
0.0125835 , 0.0126105
0.00827701 , 0.00845878
0.0107196 , 0.0107821
0.00852916 , 0.00869236
0.0104986 , 0.0105676
0.0098155 , 0.00990877
0.00915135 , 0.00927609
0.00897139 , 0.00910626
0.00981753 , 0.00991071
0.0100207 , 0.0101059
0.0105756 , 0.0106422
0.00988751 , 0.00997787
0.0103116 , 0.0103865
0.0106523 , 0.0107166
0.00939778 , 0.00950981
0.00837607 , 0.00855032
0.0131532 , 0.0131741
0.0121567 , 0.0121895
0.010136 , 0.010217
0.0104691 , 0.0105389
0.00883867 , 0.00898152
0.00958564 , 0.00968882
0.00986879 , 0.00995989
0.0110341 , 0.0110884
0.0100317 , 0.0101165
0.0101876 , 0.0102667
0.00971624 , 0.00981367
0.0112516 , 0.0113008
0.00993391 , 0.0100224
0.00978129 , 0.00987597
0.0094356 , 0.00954579
0.00960413 , 0.00970648
0.0101547 , 0.010235
0.00947225 , 0.00958069
0.00920595 , 0.00932776
0.00959672 , 0.0096994
0.00895423 , 0.00909011
0.0112108 , 0.011261
0.00971235 , 0.00980995
0.0101617 , 0.0102417
0.00928936 , 0.00940682
0.00941834 , 0.00952936
0.00954906 , 0.00965391
0.0120748 , 0.0121088
0.010598 , 0.010664
0.00987294 , 0.00996387
0.0102258 , 0.0103036
0.00855457 , 0.008716
0.00853881 , 0.00870134
0.0102769 , 0.010353
0.00962652 , 0.00972786
0.00931067 , 0.00942704
0.0109638 , 0.0110198
0.00828357 , 0.00846483
0.0094356 , 0.00954579
