0.0126056 , 0.0126214
0.00966005 , 0.00972476
0.00965311 , 0.00971802
0.00940835 , 0.00948123
0.0113626 , 0.0113913
0.0120084 , 0.0120294
0.0121742 , 0.0121936
0.0104703 , 0.0105143
0.0102047 , 0.0102547
0.0108202 , 0.0108574
0.0118677 , 0.0118902
0.0125421 , 0.0125584
0.00913424 , 0.00921716
0.0103271 , 0.0103742
0.0086816 , 0.00878408
0.0093633 , 0.00943774
0.0102438 , 0.0102928
0.0122351 , 0.0122539
0.0104804 , 0.0105242
0.0101374 , 0.0101889
0.00860792 , 0.00871398
0.0102347 , 0.0102839
0.0106527 , 0.010693
0.0102529 , 0.0103017
0.0100636 , 0.0101171
0.00833732 , 0.00845757
0.0118038 , 0.011827
0.0100359 , 0.0100901
0.0089856 , 0.00907451
0.00861518 , 0.00872088
0.00997353 , 0.0100293
0.00846048 , 0.00857406
0.00945645 , 0.0095277
0.0103208 , 0.0103681
0.0113987 , 0.0114269
0.0110989 , 0.0111314
0.0106896 , 0.0107293
0.0100277 , 0.010082
0.0110454 , 0.0110788
0.0107196 , 0.0107587
0.00837503 , 0.0084932
0.00824626 , 0.00837168
0.0102167 , 0.0102663
0.0100387 , 0.0100928
0.00974273 , 0.00980495
0.0121151 , 0.012135
0.00998695 , 0.0100424
0.00925065 , 0.00932915
0.00930725 , 0.00938369
0.00960963 , 0.0096759
0.00807069 , 0.00820667
0.0102681 , 0.0103166
0.0103652 , 0.0104115
0.0112874 , 0.0113171
0.00989989 , 0.00995764
0.0102317 , 0.010281
0.00939598 , 0.00946928
0.00973312 , 0.00979562
0.0103177 , 0.010365
0.0107966 , 0.0108342
0.010025 , 0.0100794
0.0103398 , 0.0103866
0.0105352 , 0.0105778
0.0129558 , 0.0129691
0.0079419 , 0.00808616
0.00948197 , 0.00955236
0.00991546 , 0.00997278
0.00954048 , 0.00960895
0.0112005 , 0.0112315
0.00886718 , 0.00896116
0.0109719 , 0.0110065
0.00937346 , 0.00944755
0.00999234 , 0.0100476
0.00852671 , 0.00863685
0.0111676 , 0.0111991
0.00986398 , 0.00992272
0.00958933 , 0.00965624
0.0101781 , 0.0102287
0.00945857 , 0.00952974
0.0108561 , 0.0108927
0.00970929 , 0.0097725
0.00864594 , 0.00875013
0.0100195 , 0.010074
0.00907111 , 0.00915652
0.00994694 , 0.0100034
0.00968805 , 0.0097519
0.0108401 , 0.0108769
0.00915815 , 0.00924015
0.0154021 , 0.0154061
0.00861809 , 0.00872365
0.0106056 , 0.0106469
0.00969511 , 0.00975874
0.0159695 , 0.0159726
0.0109257 , 0.010961
0.0132602 , 0.0132717
0.00940009 , 0.00947326
0.0102897 , 0.0103376
0.0105179 , 0.0105609
0.0103461 , 0.0103928
0.0110899 , 0.0111226
