0.0104584 , 0.0104761
0.0125307 , 0.0125364
0.00967894 , 0.00970596
1 , 1
0.0104367 , 0.0104546
0.00880853 , 0.00885167
0.0105194 , 0.0105365
0.0131608 , 0.0131648
0.0107726 , 0.0107876
0.0111194 , 0.0111318
0.0107726 , 0.0107876
0.00915582 , 0.00919163
0.00976 , 0.00978586
0.010825 , 0.0108395
0.00942293 , 0.00945395
0.0100881 , 0.0101098
0.00966099 , 0.00968827
0.00897807 , 0.00901747
0.0124332 , 0.0124393
0.010565 , 0.0105818
0.00954326 , 0.00957233
0.0120749 , 0.0120823
0.012267 , 0.0122736
0.0112482 , 0.0112598
0.0108653 , 0.0108795
0.0110657 , 0.0110785
0.00976 , 0.00978586
0.00948703 , 0.00951699
0.00866965 , 0.00871612
0.00834705 , 0.00840224
0.0120109 , 0.0120185
0.0101106 , 0.010132
0.00851242 , 0.00856296
0.0136411 , 0.0136442
0.0101106 , 0.010132
0.00910714 , 0.0091439
0.0098885 , 0.00991263
0.00810817 , 0.00817084
0.00935788 , 0.00939001
0.0101612 , 0.010182
0.0103678 , 0.0103864
0.0114882 , 0.0114983
0.0110733 , 0.011086
0.0105081 , 0.0105254
0.00964675 , 0.00967425
0.010728 , 0.0107433
0.00930977 , 0.00934274
0.00828498 , 0.00834203
0.0100134 , 0.010036
0.0103626 , 0.0103813
0.00968255 , 0.00970952
0.0160547 , 0.0160555
0.0100703 , 0.0100921
0.0114882 , 0.0114983
0.0113511 , 0.011362
0.0103626 , 0.0103813
0.00750953 , 0.00759546
0.00980958 , 0.00983476
0.0089215 , 0.00896211
1 , 1
0.0104748 , 0.0104924
0.0103014 , 0.0103207
0.00910714 , 0.0091439
0.00929793 , 0.00933111
0.0093701 , 0.00940202
0.0108184 , 0.010833
0.00868889 , 0.00873489
0.0102814 , 0.0103009
0.0112399 , 0.0112515
0.0115558 , 0.0115656
0.0115169 , 0.0115269
0.0107091 , 0.0107246
0.0164331 , 0.0164338
0.00995828 , 0.00998152
0.0114414 , 0.0114517
0.0118774 , 0.0118856
0.0095943 , 0.00962258
0.00992512 , 0.00994878
0.0103471 , 0.0103659
0.00970801 , 0.00973461
0.00970436 , 0.00973101
0.00940724 , 0.00943852
0.0105081 , 0.0105254
0.0125474 , 0.0125531
0.0134946 , 0.013498
0.00853214 , 0.00858215
0.00950339 , 0.0095331
0.00966099 , 0.00968827
0.0117972 , 0.0118058
0.00853016 , 0.00858022
0.0143373 , 0.0143394
0.00995411 , 0.00997739
0.0110062 , 0.0110194
0.00946113 , 0.00949152
0.00955336 , 0.00958227
0.00924842 , 0.00928249
0.009745 , 0.00977107
0.0111587 , 0.0111708
0.00930681 , 0.00933982
0.0126335 , 0.012639
