1 , 1
0.0105906 , 0.010601
0.0132441 , 0.0132464
0.00922603 , 0.00924875
0.0103697 , 0.0103815
0.0117983 , 0.0118035
0.00931245 , 0.00933408
0.015447 , 0.0154476
0.0107411 , 0.0107507
0.00957853 , 0.0095971
0.0107661 , 0.0107755
0.00936106 , 0.0093821
0.0092016 , 0.00922464
0.0130477 , 0.0130502
0.010222 , 0.0102349
0.00929045 , 0.00931235
0.0115193 , 0.0115254
0.00873958 , 0.00876954
0.0102098 , 0.0102227
0.010629 , 0.0106392
0.0125408 , 0.0125442
0.00854897 , 0.00858235
0.0101261 , 0.0101397
0.00951541 , 0.00953467
0.0122633 , 0.0122673
0.0101496 , 0.010163
0.0104311 , 0.0104425
0.0145887 , 0.0145898
0.0122633 , 0.0122673
0.0120941 , 0.0120985
0.00941104 , 0.00943148
0.0100352 , 0.0100495
0.00983622 , 0.00985225
0.013964 , 0.0139655
0.0104803 , 0.0104914
0.0108346 , 0.0108436
0.0172242 , 0.0172245
0.0108787 , 0.0108875
0.00882746 , 0.00885597
0.0106603 , 0.0106703
0.0101794 , 0.0101926
0.00989667 , 0.00991215
1 , 1
0.0099434 , 0.00995847
0.0146656 , 0.0146666
0.0166439 , 0.0166442
0.0103105 , 0.0103227
0.00861529 , 0.00864745
0.0116955 , 0.011701
0.00927593 , 0.00929801
0.00991211 , 0.00992746
0.0116955 , 0.011701
0.0128994 , 0.0129021
0.0135055 , 0.0135075
0.0107165 , 0.0107262
0.0133149 , 0.0133171
0.0100801 , 0.010094
0.0112454 , 0.0112526
0.00888175 , 0.00890938
0.0145887 , 0.0145898
0.0121122 , 0.0121165
0.0110774 , 0.0110852
0.0117535 , 0.0117588
0.0104241 , 0.0104356
0.0123235 , 0.0123274
0.0114937 , 0.0114999
0.00949486 , 0.00951434
0.00879676 , 0.00882577
0.0119564 , 0.0119612
0.0110575 , 0.0110654
0.00937247 , 0.00939337
0.00929045 , 0.00931235
0.0137197 , 0.0137214
0.009052 , 0.00907709
0.0110774 , 0.0110852
0.00838532 , 0.00842195
0.00955301 , 0.00957186
0.0181047 , 0.0181048
0.00982142 , 0.00983759
0.0132098 , 0.0132121
0.0103899 , 0.0104016
0.0136747 , 0.0136764
0.010222 , 0.0102349
0.00963953 , 0.00965747
0.0120941 , 0.0120985
0.00986618 , 0.00988194
0.0117832 , 0.0117884
0.0101379 , 0.0101513
0.00937247 , 0.00939337
0.0104172 , 0.0104287
0.00948264 , 0.00950226
0.00863037 , 0.00866225
0.0102657 , 0.0102782
0.0105457 , 0.0105563
0.0112901 , 0.0112971
0.0143766 , 0.0143778
0.0107578 , 0.0107672
0.0109611 , 0.0109695
0.010103 , 0.0101167
0.0166439 , 0.0166442
