0.00950814 , 0.00951632
0.00884467 , 0.00885712
1 , 1
0.0150708 , 0.015071
0.00930028 , 0.00930961
0.00954781 , 0.00955579
1 , 1
0.00911133 , 0.00912184
0.00967314 , 0.00968051
1 , 1
0.0181085 , 0.0181085
1 , 1
0.00977795 , 0.00978484
0.00878961 , 0.0088025
1 , 1
0.0115078 , 0.0115101
0.0111387 , 0.0111416
1 , 1
0.00969503 , 0.00970229
0.0159454 , 0.0159455
0.00927752 , 0.00928698
0.0109172 , 0.0109206
0.0100109 , 0.0100169
0.00930028 , 0.00930961
0.0097935 , 0.00980032
0.0106815 , 0.0106853
0.00965872 , 0.00966615
0.00957482 , 0.00958266
0.0116278 , 0.0116299
1 , 1
0.00906121 , 0.00907207
0.0106014 , 0.0106055
0.00785822 , 0.00788142
1 , 1
0.00946307 , 0.00947148
0.0110847 , 0.0110877
1 , 1
0.00765633 , 0.00768267
0.00833885 , 0.00835599
0.0135928 , 0.0135934
0.00896546 , 0.00897699
0.00937059 , 0.00937951
0.00846641 , 0.00848223
0.0110156 , 0.0110187
0.00971722 , 0.00972438
1 , 1
0.0102215 , 0.0102267
0.0153118 , 0.015312
1 , 1
0.00982507 , 0.00983176
0.00931179 , 0.00932104
0.00825909 , 0.00827711
0.0136823 , 0.0136828
0.00708527 , 0.00712295
0.0115311 , 0.0115333
1 , 1
0.0110326 , 0.0110357
0.00952126 , 0.00952936
0.0071356 , 0.00717211
0.00911133 , 0.00912184
0.00917362 , 0.00918373
1 , 1
0.0108397 , 0.0108432
0.0102841 , 0.0102891
0.00890616 , 0.00891814
0.00896546 , 0.00897699
0.0112524 , 0.0112551
0.00970979 , 0.00971698
1 , 1
0.0102841 , 0.0102891
0.00879378 , 0.00880663
0.0106952 , 0.0106991
0.0102317 , 0.0102369
0.0129574 , 0.0129583
0.0102011 , 0.0102064
0.014862 , 0.0148622
1 , 1
0.00715069 , 0.00718687
1 , 1
0.0107514 , 0.0107552
0.0086274 , 0.00864168
0.00961622 , 0.00962385
0.00923295 , 0.00924268
0.0104763 , 0.0104808
1 , 1
0.0129004 , 0.0129013
0.00871239 , 0.00872593
0.0123807 , 0.012382
0.00804628 , 0.00806689
1 , 1
0.0130166 , 0.0130174
1 , 1
0.00917362 , 0.00918373
0.0100564 , 0.0100621
0.00852182 , 0.00853709
0.0106543 , 0.0106583
0.00971722 , 0.00972438
0.0100109 , 0.0100169
0.0118411 , 0.011843
0.0100564 , 0.0100621
