0.00951409 , 0.404521
0.00600982 , 0.404145
0.00341514 , 0.403864
0.00212852 , 0.403724
4.02075e-37 , 0.403491
0.0025566 , 0.403771
0.00644505 , 0.404192
0.00514174 , 0.404051
0.00600982 , 0.404145
0.0112855 , 0.404709
0.0025566 , 0.403771
4.02075e-37 , 0.403491
0.00644505 , 0.404192
0.00731792 , 0.404286
0.00557538 , 0.404098
0.00731792 , 0.404286
0.00212852 , 0.403724
0.00212852 , 0.403724
0.00170124 , 0.403678
0.00688109 , 0.404239
0.00644505 , 0.404192
0.0103982 , 0.404615
0.0038456 , 0.403911
4.02075e-37 , 0.403491
0.00644505 , 0.404192
0.00170124 , 0.403678
0.00863322 , 0.404427
0.0047089 , 0.404005
0.00995574 , 0.404568
0.00298547 , 0.403818
0.0047089 , 0.404005
0.00298547 , 0.403818
0.00644505 , 0.404192
0.0047089 , 0.404005
0.00427685 , 0.403958
0.00514174 , 0.404051
0.00170124 , 0.403678
0.000849037 , 0.403585
0.0144165 , 0.40504
0.0038456 , 0.403911
0.00341514 , 0.403864
0.00951409 , 0.404521
0.0162236 , 0.40523
0.00298547 , 0.403818
0.0103982 , 0.404615
0.00127474 , 0.403631
0.000849037 , 0.403585
0.0047089 , 0.404005
0.00298547 , 0.403818
0.0135179 , 0.404946
0.00819398 , 0.40438
0.00644505 , 0.404192
0.0025566 , 0.403771
0.0047089 , 0.404005
0.00863322 , 0.404427
0.0047089 , 0.404005
0.0047089 , 0.404005
0.000849037 , 0.403585
0.0112855 , 0.404709
0.00212852 , 0.403724
0.00775555 , 0.404333
0.0112855 , 0.404709
0.00775555 , 0.404333
0.0038456 , 0.403911
0.00644505 , 0.404192
0.00212852 , 0.403724
0.00127474 , 0.403631
0.0103982 , 0.404615
0.0162236 , 0.40523
0.00341514 , 0.403864
0.00427685 , 0.403958
0.00170124 , 0.403678
0.00907326 , 0.404474
0.00775555 , 0.404333
0.00127474 , 0.403631
0.00600982 , 0.404145
0.00688109 , 0.404239
0.00557538 , 0.404098
0.0038456 , 0.403911
0.00731792 , 0.404286
0.0135179 , 0.404946
0.00600982 , 0.404145
0.0126225 , 0.404851
0.00427685 , 0.403958
0.00341514 , 0.403864
0.000424124 , 0.403538
0.00995574 , 0.404568
0.00951409 , 0.404521
0.00557538 , 0.404098
0.00341514 , 0.403864
0.00600982 , 0.404145
0.00644505 , 0.404192
0.00644505 , 0.404192
0.00600982 , 0.404145
0.00688109 , 0.404239
0.00212852 , 0.403724
0.00775555 , 0.404333
0.00644505 , 0.404192
0.00427685 , 0.403958
0.0103982 , 0.404615
