Building DAG of jobs...
Using shell: /usr/bin/bash
Provided cores: 100
Rules claiming more threads will be scaled down.
Job stats:
job                 count
----------------  -------
all                     1
plot_k_variation        1
plot_r_variation        1
total                   3

Select jobs to execute...
Execute 2 jobs...

[Mon May 12 23:09:59 2025]
localrule plot_r_variation:
    input: chr21_centromere_sketch_100/varying_r/r0.001_k30.output, chr21_centromere_sketch_100/varying_r/r0.011_k30.output, chr21_centromere_sketch_100/varying_r/r0.021_k30.output, chr21_centromere_sketch_100/varying_r/r0.031_k30.output, chr21_centromere_sketch_100/varying_r/r0.041_k30.output, chr21_centromere_sketch_100/varying_r/r0.051_k30.output, chr21_centromere_sketch_100/varying_r/r0.061_k30.output, chr21_centromere_sketch_100/varying_r/r0.071_k30.output, chr21_centromere_sketch_100/varying_r/r0.081_k30.output, chr21_centromere_sketch_100/varying_r/r0.091_k30.output, chr21_centromere_sketch_100/varying_r/r0.101_k30.output, chr21_centromere_sketch_100/varying_r/r0.111_k30.output, chr21_centromere_sketch_100/varying_r/r0.121_k30.output, chr21_centromere_sketch_100/varying_r/r0.131_k30.output, chr21_centromere_sketch_100/varying_r/r0.141_k30.output, chr21_centromere_sketch_100/varying_r/r0.151_k30.output, chr21_centromere_sketch_100/varying_r/r0.161_k30.output, chr21_centromere_sketch_100/varying_r/r0.171_k30.output, chr21_centromere_sketch_100/varying_r/r0.181_k30.output, chr21_centromere_sketch_100/varying_r/r0.191_k30.output
    output: chr21_centromere_sketch_100/single_panel_sketch_r_k30.png
    jobid: 30
    reason: Missing output files: chr21_centromere_sketch_100/single_panel_sketch_r_k30.png
    wildcards: output_dir=chr21_centromere_sketch_100, fixed_k=30
    resources: tmpdir=/tmp


[Mon May 12 23:09:59 2025]
localrule plot_k_variation:
    input: chr21_centromere_sketch_100/varying_k/k8_r0.01.output, chr21_centromere_sketch_100/varying_k/k16_r0.01.output, chr21_centromere_sketch_100/varying_k/k32_r0.01.output, chr21_centromere_sketch_100/varying_k/k60_r0.01.output, chr21_centromere_sketch_100/varying_k/k90_r0.01.output, chr21_centromere_sketch_100/varying_k/k120_r0.01.output, chr21_centromere_sketch_100/varying_k/k150_r0.01.output, chr21_centromere_sketch_100/varying_k/k180_r0.01.output, chr21_centromere_sketch_100/varying_k/k210_r0.01.output, chr21_centromere_sketch_100/varying_k/k240_r0.01.output, chr21_centromere_sketch_100/varying_k/k270_r0.01.output, chr21_centromere_sketch_100/varying_k/k300_r0.01.output, chr21_centromere_sketch_100/varying_k/k330_r0.01.output, chr21_centromere_sketch_100/varying_k/k360_r0.01.output, chr21_centromere_sketch_100/varying_k/k390_r0.01.output, chr21_centromere_sketch_100/varying_k/k420_r0.01.output, chr21_centromere_sketch_100/varying_k/k450_r0.01.output, chr21_centromere_sketch_100/varying_k/k480_r0.01.output, chr21_centromere_sketch_100/varying_k/k510_r0.01.output, chr21_centromere_sketch_100/varying_k/k540_r0.01.output, chr21_centromere_sketch_100/varying_k/k570_r0.01.output, chr21_centromere_sketch_100/varying_k/k600_r0.01.output, chr21_centromere_sketch_100/varying_k/k630_r0.01.output, chr21_centromere_sketch_100/varying_k/k660_r0.01.output, chr21_centromere_sketch_100/varying_k/k690_r0.01.output, chr21_centromere_sketch_100/varying_k/k720_r0.01.output, chr21_centromere_sketch_100/varying_k/k750_r0.01.output, chr21_centromere_sketch_100/varying_k/k780_r0.01.output
    output: chr21_centromere_sketch_100/boxplot_triple_k_comparison_r0.01.png
    jobid: 1
    reason: Updated input files: chr21_centromere_sketch_100/varying_k/k480_r0.01.output, chr21_centromere_sketch_100/varying_k/k270_r0.01.output, chr21_centromere_sketch_100/varying_k/k600_r0.01.output, chr21_centromere_sketch_100/varying_k/k510_r0.01.output, chr21_centromere_sketch_100/varying_k/k180_r0.01.output, chr21_centromere_sketch_100/varying_k/k750_r0.01.output, chr21_centromere_sketch_100/varying_k/k360_r0.01.output, chr21_centromere_sketch_100/varying_k/k32_r0.01.output, chr21_centromere_sketch_100/varying_k/k60_r0.01.output, chr21_centromere_sketch_100/varying_k/k90_r0.01.output, chr21_centromere_sketch_100/varying_k/k780_r0.01.output, chr21_centromere_sketch_100/varying_k/k720_r0.01.output, chr21_centromere_sketch_100/varying_k/k450_r0.01.output, chr21_centromere_sketch_100/varying_k/k630_r0.01.output, chr21_centromere_sketch_100/varying_k/k330_r0.01.output, chr21_centromere_sketch_100/varying_k/k660_r0.01.output, chr21_centromere_sketch_100/varying_k/k8_r0.01.output, chr21_centromere_sketch_100/varying_k/k300_r0.01.output, chr21_centromere_sketch_100/varying_k/k390_r0.01.output, chr21_centromere_sketch_100/varying_k/k120_r0.01.output, chr21_centromere_sketch_100/varying_k/k420_r0.01.output, chr21_centromere_sketch_100/varying_k/k540_r0.01.output, chr21_centromere_sketch_100/varying_k/k16_r0.01.output, chr21_centromere_sketch_100/varying_k/k150_r0.01.output, chr21_centromere_sketch_100/varying_k/k240_r0.01.output, chr21_centromere_sketch_100/varying_k/k210_r0.01.output, chr21_centromere_sketch_100/varying_k/k690_r0.01.output, chr21_centromere_sketch_100/varying_k/k570_r0.01.output
    wildcards: output_dir=chr21_centromere_sketch_100, fixed_r=0.01
    resources: tmpdir=/tmp

[Mon May 12 23:10:35 2025]
Finished job 1.
1 of 3 steps (33%) done
[Mon May 12 23:10:38 2025]
Finished job 30.
2 of 3 steps (67%) done
Select jobs to execute...
Execute 1 jobs...

[Mon May 12 23:10:38 2025]
localrule all:
    input: chr21_centromere_sketch_100/boxplot_triple_k_comparison_r0.01.png, chr21_centromere_sketch_100/single_panel_sketch_r_k30.png
    jobid: 0
    reason: Input files updated by another job: chr21_centromere_sketch_100/single_panel_sketch_r_k30.png, chr21_centromere_sketch_100/boxplot_triple_k_comparison_r0.01.png
    resources: tmpdir=/tmp

[Mon May 12 23:10:38 2025]
Finished job 0.
3 of 3 steps (100%) done
Complete log: .snakemake/log/2025-05-12T230958.658260.snakemake.log
