Building DAG of jobs...
Using shell: /usr/bin/bash
Provided cores: 100
Rules claiming more threads will be scaled down.
Job stats:
job                 count
----------------  -------
all                     1
plot_r_variation        2
total                   3

Select jobs to execute...
Execute 2 jobs...

[Wed May  7 10:25:28 2025]
localrule plot_r_variation:
    input: chr21_centromere_sketch_100/varing_r/r0.001_k30.output, chr21_centromere_sketch_100/varing_r/r0.011_k30.output, chr21_centromere_sketch_100/varing_r/r0.021_k30.output, chr21_centromere_sketch_100/varing_r/r0.031_k30.output, chr21_centromere_sketch_100/varing_r/r0.041_k30.output, chr21_centromere_sketch_100/varing_r/r0.051_k30.output, chr21_centromere_sketch_100/varing_r/r0.061_k30.output, chr21_centromere_sketch_100/varing_r/r0.071_k30.output, chr21_centromere_sketch_100/varing_r/r0.081_k30.output, chr21_centromere_sketch_100/varing_r/r0.091_k30.output, chr21_centromere_sketch_100/varing_r/r0.101_k30.output, chr21_centromere_sketch_100/varing_r/r0.111_k30.output, chr21_centromere_sketch_100/varing_r/r0.121_k30.output, chr21_centromere_sketch_100/varing_r/r0.131_k30.output, chr21_centromere_sketch_100/varing_r/r0.141_k30.output, chr21_centromere_sketch_100/varing_r/r0.151_k30.output, chr21_centromere_sketch_100/varing_r/r0.161_k30.output, chr21_centromere_sketch_100/varing_r/r0.171_k30.output, chr21_centromere_sketch_100/varing_r/r0.181_k30.output, chr21_centromere_sketch_100/varing_r/r0.191_k30.output, chr21_centromere_sketch_100/varing_r/r0.201_k30.output, chr21_centromere_sketch_100/varing_r/r0.211_k30.output, chr21_centromere_sketch_100/varing_r/r0.221_k30.output, chr21_centromere_sketch_100/varing_r/r0.231_k30.output, chr21_centromere_sketch_100/varing_r/r0.241_k30.output, chr21_centromere_sketch_100/varing_r/r0.251_k30.output, chr21_centromere_sketch_100/varing_r/r0.261_k30.output, chr21_centromere_sketch_100/varing_r/r0.271_k30.output, chr21_centromere_sketch_100/varing_r/r0.281_k30.output, chr21_centromere_sketch_100/varing_r/r0.291_k30.output, chr21_centromere_sketch_100/varing_r/r0.301_k30.output
    output: chr21_centromere_sketch_100/dual_sketch_boxplot_k30.png
    jobid: 207
    reason: Missing output files: chr21_centromere_sketch_100/dual_sketch_boxplot_k30.png
    wildcards: output_dir=chr21_centromere_sketch_100, fixed_k=30
    resources: tmpdir=/tmp


[Wed May  7 10:25:28 2025]
localrule plot_r_variation:
    input: chr21_centromere_sketch_1/varing_r/r0.001_k30.output, chr21_centromere_sketch_1/varing_r/r0.011_k30.output, chr21_centromere_sketch_1/varing_r/r0.021_k30.output, chr21_centromere_sketch_1/varing_r/r0.031_k30.output, chr21_centromere_sketch_1/varing_r/r0.041_k30.output, chr21_centromere_sketch_1/varing_r/r0.051_k30.output, chr21_centromere_sketch_1/varing_r/r0.061_k30.output, chr21_centromere_sketch_1/varing_r/r0.071_k30.output, chr21_centromere_sketch_1/varing_r/r0.081_k30.output, chr21_centromere_sketch_1/varing_r/r0.091_k30.output, chr21_centromere_sketch_1/varing_r/r0.101_k30.output, chr21_centromere_sketch_1/varing_r/r0.111_k30.output, chr21_centromere_sketch_1/varing_r/r0.121_k30.output, chr21_centromere_sketch_1/varing_r/r0.131_k30.output, chr21_centromere_sketch_1/varing_r/r0.141_k30.output, chr21_centromere_sketch_1/varing_r/r0.151_k30.output, chr21_centromere_sketch_1/varing_r/r0.161_k30.output, chr21_centromere_sketch_1/varing_r/r0.171_k30.output, chr21_centromere_sketch_1/varing_r/r0.181_k30.output, chr21_centromere_sketch_1/varing_r/r0.191_k30.output, chr21_centromere_sketch_1/varing_r/r0.201_k30.output, chr21_centromere_sketch_1/varing_r/r0.211_k30.output, chr21_centromere_sketch_1/varing_r/r0.221_k30.output, chr21_centromere_sketch_1/varing_r/r0.231_k30.output, chr21_centromere_sketch_1/varing_r/r0.241_k30.output, chr21_centromere_sketch_1/varing_r/r0.251_k30.output, chr21_centromere_sketch_1/varing_r/r0.261_k30.output, chr21_centromere_sketch_1/varing_r/r0.271_k30.output, chr21_centromere_sketch_1/varing_r/r0.281_k30.output, chr21_centromere_sketch_1/varing_r/r0.291_k30.output, chr21_centromere_sketch_1/varing_r/r0.301_k30.output
    output: chr21_centromere_sketch_1/dual_sketch_boxplot_k30.png
    jobid: 271
    reason: Params have changed since last execution
    wildcards: output_dir=chr21_centromere_sketch_1, fixed_k=30
    resources: tmpdir=/tmp

[Wed May  7 10:25:35 2025]
Finished job 271.
1 of 3 steps (33%) done
[Wed May  7 10:26:28 2025]
Finished job 207.
2 of 3 steps (67%) done
Select jobs to execute...
Execute 1 jobs...

[Wed May  7 10:26:28 2025]
localrule all:
    input: chr6_RepeatMasker_sketch_100/boxplot_triple_k_comparison_r0.01.png, chr21_centromere_sketch_100/boxplot_triple_k_comparison_r0.01.png, chr6_RepeatMasker_sketch_1/boxplot_triple_k_comparison_r0.01.png, chr21_centromere_sketch_1/boxplot_triple_k_comparison_r0.01.png, chrY_SimpleRepeat_sketch_1/boxplot_triple_k_comparison_r0.01.png, chrY_SimpleRepeat_sketch_100/boxplot_triple_k_comparison_r0.01.png, chr6_RepeatMasker_sketch_100/dual_sketch_boxplot_k30.png, chr21_centromere_sketch_100/dual_sketch_boxplot_k30.png, chr6_RepeatMasker_sketch_1/dual_sketch_boxplot_k30.png, chr21_centromere_sketch_1/dual_sketch_boxplot_k30.png, chrY_SimpleRepeat_sketch_1/dual_sketch_boxplot_k10.png, chrY_SimpleRepeat_sketch_100/dual_sketch_boxplot_k10.png
    jobid: 0
    reason: Input files updated by another job: chr21_centromere_sketch_1/dual_sketch_boxplot_k30.png, chr21_centromere_sketch_100/dual_sketch_boxplot_k30.png
    resources: tmpdir=/tmp

[Wed May  7 10:26:28 2025]
Finished job 0.
3 of 3 steps (100%) done
Complete log: .snakemake/log/2025-05-07T102527.736479.snakemake.log
