0.040018 , 0.0239388 , 0.0840509
0.0418219 , 0.0250858 , 0.0851273
0.0416576 , 0.0249811 , 0.085029
0.0514646 , 0.0313436 , 0.0909997
0.032397 , 0.0191699 , 0.0795758
0.0346525 , 0.0205687 , 0.0808884
0.0506244 , 0.0307897 , 0.0904799
0.041165 , 0.0246673 , 0.0847346
0.0383848 , 0.0229065 , 0.0830822
0.0497859 , 0.0302385 , 0.0899627
0.0277644 , 0.0163283 , 0.0769091
0.0320758 , 0.0189716 , 0.0793896
0.0364333 , 0.0216805 , 0.0819317
0.049451 , 0.0300188 , 0.0897565
0.0401817 , 0.0240426 , 0.0841483
0.0398544 , 0.0238351 , 0.0839537
0.0451217 , 0.027203 , 0.0871141
0.0357849 , 0.0212749 , 0.0815511
0.0405092 , 0.0242504 , 0.0843434
0.036109 , 0.0214775 , 0.0817412
0.0377333 , 0.0224963 , 0.0826973
0.0454531 , 0.027417 , 0.0873149
0.041001 , 0.024563 , 0.0846367
0.034491 , 0.0204682 , 0.0807941
0.0277644 , 0.0163283 , 0.0769091
0.044129 , 0.0265635 , 0.086514
0.0413292 , 0.0247718 , 0.0848326
0.0406731 , 0.0243545 , 0.084441
0.0416576 , 0.0249811 , 0.085029
0.041001 , 0.024563 , 0.0846367
0.0314341 , 0.0185759 , 0.0790183
0.0507923 , 0.0309002 , 0.0905836
0.0504565 , 0.0306792 , 0.0903762
0.0424798 , 0.025506 , 0.0855216
0.0385478 , 0.0230093 , 0.0831786
0.0429739 , 0.0258221 , 0.0858183
0.0414933 , 0.0248764 , 0.0849308
0.040837 , 0.0244587 , 0.0845388
0.0359469 , 0.0213762 , 0.0816461
0.0335232 , 0.0198671 , 0.08023
0.0319153 , 0.0188725 , 0.0792967
0.0396909 , 0.0237316 , 0.0838565
0.0261794 , 0.0153653 , 0.0760055
0.0446251 , 0.0268828 , 0.0868136
0.0401817 , 0.0240426 , 0.0841483
0.0428091 , 0.0257167 , 0.0857193
0.0418219 , 0.0250858 , 0.0851273
0.0433036 , 0.0260334 , 0.0860166
0.0388741 , 0.0232151 , 0.0833718
0.046449 , 0.0280616 , 0.0879198
0.0395274 , 0.0236281 , 0.0837593
0.0429739 , 0.0258221 , 0.0858183
0.0403454 , 0.0241465 , 0.0842458
0.040018 , 0.0239388 , 0.0840509
0.039364 , 0.0235247 , 0.0836623
0.032397 , 0.0191699 , 0.0795758
0.0428091 , 0.0257167 , 0.0857193
0.0293558 , 0.0172998 , 0.0778208
0.0340068 , 0.0201672 , 0.0805116
0.0385478 , 0.0230093 , 0.0831786
0.0454531 , 0.027417 , 0.0873149
0.0433036 , 0.0260334 , 0.0860166
0.0335232 , 0.0198671 , 0.08023
0.0486149 , 0.0294716 , 0.089243
0.0322363 , 0.0190707 , 0.0794826
0.0362711 , 0.021579 , 0.0818364
0.0335232 , 0.0198671 , 0.08023
0.0382218 , 0.0228038 , 0.0829858
0.0437987 , 0.0263512 , 0.0863147
0.0385478 , 0.0230093 , 0.0831786
0.0442943 , 0.0266698 , 0.0866138
0.0390373 , 0.0233182 , 0.0834686
0.041165 , 0.0246673 , 0.0847346
0.0356229 , 0.0211737 , 0.0814562
0.0370828 , 0.0220876 , 0.0823138
0.0343295 , 0.0203678 , 0.0806998
0.0403454 , 0.0241465 , 0.0842458
0.0482809 , 0.0292535 , 0.0890383
0.0369204 , 0.0219857 , 0.0822181
0.0349757 , 0.02077 , 0.0810773
0.0341681 , 0.0202674 , 0.0806057
0.0395274 , 0.0236281 , 0.0837593
0.0395274 , 0.0236281 , 0.0837593
0.0472807 , 0.0286017 , 0.0884267
0.0325577 , 0.0192692 , 0.079669
0.0421507 , 0.0252957 , 0.0853243
0.0377333 , 0.0224963 , 0.0826973
0.0429739 , 0.0258221 , 0.0858183
0.0433036 , 0.0260334 , 0.0860166
0.0479472 , 0.0290358 , 0.088834
0.035461 , 0.0210727 , 0.0813613
0.040837 , 0.0244587 , 0.0845388
0.0413292 , 0.0247718 , 0.0848326
0.0437987 , 0.0263512 , 0.0863147
0.0372453 , 0.0221896 , 0.0824095
0.036109 , 0.0214775 , 0.0817412
0.0436336 , 0.0262452 , 0.0862152
0.0260212 , 0.0152695 , 0.0759155
0.0333621 , 0.0197672 , 0.0801362
0.0388741 , 0.0232151 , 0.0833718
