0.0790513 , 0.0505154 , 0.108991
0.0875536 , 0.0568175 , 0.114905
0.093248 , 0.0611415 , 0.118962
0.0799632 , 0.0511825 , 0.109617
0.10873 , 0.0733049 , 0.130377
0.077417 , 0.0493254 , 0.107874
0.0934401 , 0.0612887 , 0.119101
0.084381 , 0.0544443 , 0.112678
0.0944026 , 0.0620282 , 0.119795
0.0915262 , 0.0598254 , 0.117727
0.0892486 , 0.058096 , 0.116105
0.09229 , 0.0604083 , 0.118274
0.0883056 , 0.0573838 , 0.115436
0.0799632 , 0.0511825 , 0.109617
0.0868037 , 0.0562542 , 0.114376
0.0779608 , 0.0497206 , 0.108245
0.0834549 , 0.0537563 , 0.112032
0.0819795 , 0.0526649 , 0.111008
0.0883056 , 0.0573838 , 0.115436
0.0747126 , 0.0473712 , 0.10604
0.0799632 , 0.0511825 , 0.109617
0.0990778 , 0.0656525 , 0.123196
0.0830853 , 0.0534824 , 0.111775
0.0819795 , 0.0526649 , 0.111008
0.0854965 , 0.0552758 , 0.113458
0.0942098 , 0.0618799 , 0.119655
0.0934401 , 0.0612887 , 0.119101
0.0808779 , 0.0518537 , 0.110247
0.08327 , 0.0536193 , 0.111903
0.0736374 , 0.0465995 , 0.105316
0.0871784 , 0.0565355 , 0.11464
0.0851241 , 0.0549979 , 0.113197
0.0940172 , 0.0617318 , 0.119516
0.094982 , 0.0624744 , 0.120213
0.0877414 , 0.0569588 , 0.115037
0.0827162 , 0.0532092 , 0.111519
0.0775981 , 0.0494569 , 0.107997
0.098096 , 0.0648869 , 0.122477
0.077236 , 0.0491939 , 0.107751
0.0907647 , 0.0592458 , 0.117183
0.0777794 , 0.0495887 , 0.108121
0.0990778 , 0.0656525 , 0.123196
0.0977045 , 0.0645823 , 0.122191
0.0879293 , 0.0571003 , 0.11517
0.0996688 , 0.0661145 , 0.123629
0.0851241 , 0.0549979 , 0.113197
0.0996688 , 0.0661145 , 0.123629
0.0829007 , 0.0533457 , 0.111647
0.0838249 , 0.054031 , 0.11229
0.0886824 , 0.0576681 , 0.115703
0.0792335 , 0.0506485 , 0.109116
0.0886824 , 0.0576681 , 0.115703
0.0714979 , 0.0450728 , 0.103883
0.0871784 , 0.0565355 , 0.11464
0.0816118 , 0.0523938 , 0.110754
0.0913356 , 0.0596802 , 0.117591
0.0969235 , 0.0639757 , 0.121622
0.0853102 , 0.0551367 , 0.113327
0.0792335 , 0.0506485 , 0.109116
0.0873659 , 0.0566764 , 0.114772
0.0738164 , 0.0467277 , 0.105436
0.0919078 , 0.0601164 , 0.118001
0.0926728 , 0.0607009 , 0.118549
0.0775981 , 0.0494569 , 0.107997
0.0896268 , 0.0583823 , 0.116373
0.0984882 , 0.0651925 , 0.122764
0.0864295 , 0.0559737 , 0.114113
0.0896268 , 0.0583823 , 0.116373
0.0905747 , 0.0591014 , 0.117048
0.0998662 , 0.066269 , 0.123774
0.0992746 , 0.0658063 , 0.12334
0.0827162 , 0.0532092 , 0.111519
0.0866165 , 0.0561139 , 0.114244
0.0930561 , 0.0609944 , 0.118824
0.09229 , 0.0604083 , 0.118274
0.0823476 , 0.0529367 , 0.111263
0.0879293 , 0.0571003 , 0.11517
0.0873659 , 0.0566764 , 0.114772
0.0917169 , 0.0599708 , 0.117864
0.0894376 , 0.0582391 , 0.116239
0.0866165 , 0.0561139 , 0.114244
0.0930561 , 0.0609944 , 0.118824
0.0930561 , 0.0609944 , 0.118824
0.0786873 , 0.0502498 , 0.108742
0.0982921 , 0.0650396 , 0.12262
0.0920988 , 0.0602623 , 0.118137
0.0900056 , 0.0586693 , 0.116643
0.0894376 , 0.0582391 , 0.116239
0.0821635 , 0.0528007 , 0.111135
0.104656 , 0.0700473 , 0.12732
0.0781422 , 0.0498526 , 0.108369
0.0845666 , 0.0545824 , 0.112807
0.0875536 , 0.0568175 , 0.114905
0.0871784 , 0.0565355 , 0.11464
0.096145 , 0.0633725 , 0.121056
0.0971185 , 0.064127 , 0.121764
0.0862427 , 0.0558338 , 0.113982
0.0934401 , 0.0612887 , 0.119101
0.0829007 , 0.0533457 , 0.111647
0.0982921 , 0.0650396 , 0.12262
