0.0383007 , 0.0348104 , 0.0404501
0.0650551 , 0.0605033 , 0.0659928
0.0525454 , 0.0483781 , 0.0539385
0.0577505 , 0.0534028 , 0.0589338
0.0565257 , 0.0522176 , 0.0577556
0.0495259 , 0.0454784 , 0.0510557
0.051411 , 0.0472873 , 0.0528541
0.0530874 , 0.0488999 , 0.0544572
0.0478018 , 0.043828 , 0.049415
0.0583794 , 0.054012 , 0.0595394
0.0659461 , 0.0613728 , 0.0668573
0.0415633 , 0.0378915 , 0.0435132
0.0434278 , 0.0396597 , 0.0452711
0.0380929 , 0.0346148 , 0.0402556
0.0493147 , 0.0452759 , 0.0508544
0.0541968 , 0.0499689 , 0.0555199
0.0495967 , 0.0455462 , 0.0511231
0.0568713 , 0.0525519 , 0.0580879
0.0511145 , 0.0470025 , 0.0525709
0.0565257 , 0.0522176 , 0.0577556
0.0450153 , 0.0411693 , 0.0467718
0.0488264 , 0.0448083 , 0.0503895
0.0465443 , 0.0426268 , 0.0482208
0.0478018 , 0.043828 , 0.049415
0.0521633 , 0.0480105 , 0.053573
0.0488264 , 0.0448083 , 0.0503895
0.0518605 , 0.0477193 , 0.0532836
0.03925 , 0.0357051 , 0.0413396
0.0585612 , 0.0541881 , 0.0597145
0.0537171 , 0.0495064 , 0.0550602
0.0496675 , 0.0456141 , 0.0511906
0.0475334 , 0.0435715 , 0.0491599
0.0606257 , 0.0561913 , 0.061706
0.0506014 , 0.0465098 , 0.0520811
0.0592049 , 0.0548122 , 0.060335
0.0662862 , 0.0617051 , 0.0671876
0.038878 , 0.0353543 , 0.0409908
0.0470685 , 0.0431273 , 0.0487183
0.0459634 , 0.0420727 , 0.0476699
0.0478693 , 0.0438925 , 0.0494791
0.055259 , 0.0509938 , 0.0565388
0.0564398 , 0.0521346 , 0.057673
0.0560984 , 0.0518046 , 0.0573449
0.0487572 , 0.044742 , 0.0503237
0.0557603 , 0.0514778 , 0.0570201
0.0550111 , 0.0507544 , 0.0563009
0.0498809 , 0.0458186 , 0.051394
0.0619059 , 0.0574356 , 0.0629431
0.0492445 , 0.0452087 , 0.0507876
0.0495967 , 0.0455462 , 0.0511231
0.0596721 , 0.0552654 , 0.0607856
0.0568713 , 0.0525519 , 0.0580879
0.0487572 , 0.044742 , 0.0503237
0.0408319 , 0.0371993 , 0.042825
0.0476004 , 0.0436354 , 0.0492235
0.0579291 , 0.0535757 , 0.0591057
0.0611125 , 0.0566642 , 0.0621762
0.0551762 , 0.0509138 , 0.0564593
0.0510407 , 0.0469317 , 0.0525005
0.0459634 , 0.0420727 , 0.0476699
0.0460275 , 0.0421338 , 0.0477307
0.0464793 , 0.0425648 , 0.0481591
0.0549288 , 0.050675 , 0.0562219
0.0554253 , 0.0511543 , 0.0566985
0.0570454 , 0.0527203 , 0.0582553
0.0610146 , 0.0565691 , 0.0620816
0.044953 , 0.04111 , 0.0467128
0.0422516 , 0.0385436 , 0.0441614
0.0667451 , 0.0621534 , 0.0676332
0.0400053 , 0.0364181 , 0.0420483
0.0442741 , 0.040464 , 0.0460707
0.0431896 , 0.0394335 , 0.0450461
0.0560136 , 0.0517226 , 0.0572634
0.0588356 , 0.0544541 , 0.059979
0.0528541 , 0.0486752 , 0.0542339
0.0506014 , 0.0465098 , 0.0520811
0.0566118 , 0.0523009 , 0.0578383
0.0447666 , 0.0409326 , 0.0465364
0.0509671 , 0.046861 , 0.0524302
0.0550111 , 0.0507544 , 0.0563009
0.0520116 , 0.0478646 , 0.053428
0.0541968 , 0.0499689 , 0.0555199
0.0485503 , 0.044544 , 0.0501268
0.0537171 , 0.0495064 , 0.0550602
0.0472007 , 0.0432536 , 0.0488439
0.0537171 , 0.0495064 , 0.0550602
0.0652757 , 0.0607185 , 0.0662068
0.0497385 , 0.0456821 , 0.0512582
0.0549288 , 0.050675 , 0.0562219
0.0445195 , 0.0406975 , 0.0463027
0.0538763 , 0.0496599 , 0.0552127
0.0460275 , 0.0421338 , 0.0477307
0.0626154 , 0.0581259 , 0.0636293
0.0534009 , 0.0492017 , 0.0547573
0.0580187 , 0.0536625 , 0.059192
0.0526995 , 0.0485264 , 0.0540859
0.0495967 , 0.0455462 , 0.0511231
0.0524687 , 0.0483043 , 0.0538651
0.0465443 , 0.0426268 , 0.0482208
0.0453286 , 0.0414677 , 0.0470685
