0.0514646 , 0.0313436 , 0.0909997
0.0570549 , 0.0350734 , 0.0944998
0.0639423 , 0.0397756 , 0.0989124
0.0704334 , 0.0443176 , 0.103175
0.0616898 , 0.0382246 , 0.0974569
0.0579089 , 0.03565 , 0.0950409
0.0613445 , 0.0379879 , 0.0972348
0.0434686 , 0.0261392 , 0.0861159
0.0476138 , 0.0288185 , 0.0886301
0.0627277 , 0.0389376 , 0.098126
0.0533193 , 0.0325726 , 0.092153
0.0709652 , 0.0446945 , 0.103528
0.0504565 , 0.0306792 , 0.0903762
0.0615171 , 0.0381062 , 0.0973458
0.0579089 , 0.03565 , 0.0950409
0.0502888 , 0.0305689 , 0.0902727
0.0507923 , 0.0309002 , 0.0905836
0.0601384 , 0.0371638 , 0.0964615
0.0526438 , 0.0321241 , 0.0917321
0.059451 , 0.0366957 , 0.0960222
0.0620354 , 0.0384617 , 0.0976794
0.0611719 , 0.0378698 , 0.097124
0.0582511 , 0.0358815 , 0.0952581
0.0447906 , 0.0269894 , 0.0869137
0.0649867 , 0.0404991 , 0.0995913
0.0649867 , 0.0404991 , 0.0995913
0.0615171 , 0.0381062 , 0.0973458
0.0491163 , 0.0297996 , 0.0895508
0.0620354 , 0.0384617 , 0.0976794
0.0622083 , 0.0385805 , 0.0977909
0.065161 , 0.0406201 , 0.0997049
0.0587649 , 0.0362297 , 0.0955849
0.049451 , 0.0300188 , 0.0897565
0.0592794 , 0.036579 , 0.0959127
0.0608271 , 0.037634 , 0.0969027
0.0635948 , 0.0395355 , 0.0986871
0.0634212 , 0.0394156 , 0.0985746
0.0584223 , 0.0359974 , 0.0953669
0.0570549 , 0.0350734 , 0.0944998
0.0562027 , 0.0344999 , 0.0939616
0.0599665 , 0.0370466 , 0.0963515
0.0546736 , 0.0334752 , 0.0930001
0.0551826 , 0.0338157 , 0.0933196
0.0501211 , 0.0304586 , 0.0901692
0.0524752 , 0.0320122 , 0.0916271
0.0684907 , 0.0429469 , 0.101888
0.0723876 , 0.0457063 , 0.104478
0.059451 , 0.0366957 , 0.0960222
0.0553525 , 0.0339294 , 0.0934263
0.0560325 , 0.0343856 , 0.0938543
0.0706106 , 0.0444431 , 0.103292
0.06551 , 0.0408627 , 0.0999325
0.0523066 , 0.0319005 , 0.0915223
0.0572255 , 0.0351885 , 0.0946078
0.054504 , 0.033362 , 0.0928938
0.0550129 , 0.0337021 , 0.0932129
0.0611719 , 0.0378698 , 0.097124
0.0644641 , 0.0401367 , 0.0992513
0.0646382 , 0.0402574 , 0.0993645
0.0585935 , 0.0361135 , 0.0954758
0.0582511 , 0.0358815 , 0.0952581
0.0572255 , 0.0351885 , 0.0946078
0.0560325 , 0.0343856 , 0.0938543
0.05808 , 0.0357657 , 0.0951494
0.0683147 , 0.0428232 , 0.101772
0.0646382 , 0.0402574 , 0.0993645
0.0630743 , 0.0391763 , 0.0983501
0.0439638 , 0.0264573 , 0.0864143
0.0560325 , 0.0343856 , 0.0938543
0.0732798 , 0.0463435 , 0.105076
0.0501211 , 0.0304586 , 0.0901692
0.0618626 , 0.0383431 , 0.0975681
0.0670848 , 0.041961 , 0.100963
0.0553525 , 0.0339294 , 0.0934263
0.0579089 , 0.03565 , 0.0950409
0.0558624 , 0.0342713 , 0.0937471
0.0546736 , 0.0334752 , 0.0930001
0.0562027 , 0.0344999 , 0.0939616
0.056373 , 0.0346143 , 0.094069
0.0572255 , 0.0351885 , 0.0946078
0.0618626 , 0.0383431 , 0.0975681
0.0649867 , 0.0404991 , 0.0995913
0.0591078 , 0.0364625 , 0.0958033
0.0562027 , 0.0344999 , 0.0939616
0.0620354 , 0.0384617 , 0.0976794
0.0625545 , 0.0388184 , 0.0980142
0.054504 , 0.033362 , 0.0928938
0.0511283 , 0.0311217 , 0.0907915
0.0519696 , 0.0316774 , 0.091313
0.0575671 , 0.035419 , 0.0948241
0.0686668 , 0.0430708 , 0.102005
0.0562027 , 0.0344999 , 0.0939616
0.0616898 , 0.0382246 , 0.0974569
0.0775981 , 0.0494569 , 0.107997
0.0604826 , 0.0373986 , 0.0966818
0.0504565 , 0.0306792 , 0.0903762
0.0634212 , 0.0394156 , 0.0985746
0.0693724 , 0.0435678 , 0.102471
0.0502888 , 0.0305689 , 0.0902727
0.066384 , 0.0414715 , 0.100504
