0.0860314 , 0.0811339 , 0.0865029
0.0864466 , 0.081545 , 0.0869116
0.0883833 , 0.0834637 , 0.0888191
0.0846188 , 0.0797359 , 0.085113
0.119795 , 0.114771 , 0.119943
0.0911602 , 0.0862179 , 0.0915572
0.0687676 , 0.0641312 , 0.0695996
0.105199 , 0.100187 , 0.105445
0.10596 , 0.100946 , 0.106199
0.103373 , 0.098367 , 0.103635
0.0918935 , 0.0869458 , 0.0922808
0.0987612 , 0.093773 , 0.0990681
0.0755323 , 0.0707702 , 0.0761997
0.0648359 , 0.0602895 , 0.0657803
0.0895115 , 0.0845823 , 0.0899311
0.0961155 , 0.0911408 , 0.0964513
0.115322 , 0.110297 , 0.115496
0.0944663 , 0.0895013 , 0.0948214
0.0846188 , 0.0797359 , 0.085113
0.0761374 , 0.0713657 , 0.0767917
0.0796785 , 0.0748551 , 0.0802608
0.0852167 , 0.0803275 , 0.0857012
0.119795 , 0.114771 , 0.119943
0.0846188 , 0.0797359 , 0.085113
0.0793405 , 0.0745216 , 0.0799293
0.10302 , 0.0980154 , 0.103286
0.0852167 , 0.0803275 , 0.0857012
0.0783466 , 0.0735417 , 0.078955
0.107947 , 0.102929 , 0.108171
0.0810664 , 0.0762249 , 0.0816226
0.0909195 , 0.085979 , 0.0913197
0.0795091 , 0.0746879 , 0.0800946
0.0906805 , 0.0857419 , 0.0910839
0.0921417 , 0.0871922 , 0.0925258
0.0955562 , 0.0905847 , 0.0958985
0.0840316 , 0.0791551 , 0.0845356
0.0886058 , 0.0836843 , 0.0890384
0.0767538 , 0.0719724 , 0.0773949
0.0780219 , 0.0732216 , 0.0786368
0.0926439 , 0.0876909 , 0.0930216
0.0916472 , 0.0867013 , 0.0920378
0.093935 , 0.0889733 , 0.0942965
0.0883833 , 0.0834637 , 0.0888191
0.101648 , 0.0966475 , 0.101926
0.119199 , 0.114175 , 0.11935
0.0840316 , 0.0791551 , 0.0845356
0.102327 , 0.0973239 , 0.102598
0.0906805 , 0.0857419 , 0.0910839
0.0936726 , 0.0887126 , 0.0940373
0.0737801 , 0.0690473 , 0.0744869
0.104456 , 0.0994463 , 0.104708
0.0886058 , 0.0836843 , 0.0890384
0.101648 , 0.0966475 , 0.101926
0.0834548 , 0.0785847 , 0.0839686
0.0952803 , 0.0903103 , 0.0956257
0.0852167 , 0.0803275 , 0.0857012
0.0936726 , 0.0887126 , 0.0940373
0.0950066 , 0.0900383 , 0.0953553
0.0785102 , 0.073703 , 0.0791154
0.0990692 , 0.0940796 , 0.0993729
0.0911602 , 0.0862179 , 0.0915572
0.0769097 , 0.0721259 , 0.0775476
0.0866561 , 0.0817525 , 0.0871179
0.11007 , 0.105049 , 0.110278
0.0877248 , 0.0828111 , 0.0881703
0.101985 , 0.0969839 , 0.10226
0.0881623 , 0.0832447 , 0.0886013
0.0739227 , 0.0691874 , 0.0746262
0.0958346 , 0.0908615 , 0.0961736
0.114299 , 0.109274 , 0.114478
0.0926439 , 0.0876909 , 0.0930216
0.0888298 , 0.0839064 , 0.0892592
0.0682808 , 0.0636548 , 0.069126
0.0955562 , 0.0905847 , 0.0958985
0.089974 , 0.085041 , 0.0903872
0.0993803 , 0.0943893 , 0.0996808
0.0969732 , 0.0919938 , 0.0972993
0.0990692 , 0.0940796 , 0.0993729
0.109633 , 0.104613 , 0.109845
0.107539 , 0.102523 , 0.107767
0.0909195 , 0.085979 , 0.0913197
0.0864466 , 0.081545 , 0.0869116
0.104825 , 0.0998145 , 0.105074
0.0819646 , 0.0771119 , 0.0825044
0.105199 , 0.100187 , 0.105445
0.0872931 , 0.0823834 , 0.0877451
0.0934123 , 0.088454 , 0.0937803
0.0916472 , 0.0867013 , 0.0920378
0.0981539 , 0.0931686 , 0.0984673
0.0958346 , 0.0908615 , 0.0961736
0.0816024 , 0.0767541 , 0.0821487
0.0993803 , 0.0943893 , 0.0996808
0.0812441 , 0.0764003 , 0.081797
0.105577 , 0.100564 , 0.10582
0.0758335 , 0.0710665 , 0.0764943
0.114806 , 0.109781 , 0.114983
0.0872931 , 0.0823834 , 0.0877451
0.0892827 , 0.0843554 , 0.0897055
0.0916472 , 0.0867013 , 0.0920378
0.0934123 , 0.088454 , 0.0937803
