0.0225585 , 0.0131821 , 0.0739567
0.0260212 , 0.0152695 , 0.0759155
0.0206832 , 0.0120601 , 0.0729038
0.0220888 , 0.0129005 , 0.0736925
0.0202159 , 0.0117814 , 0.0726422
0.0197492 , 0.0115033 , 0.0723813
0.0239712 , 0.0140312 , 0.0747535
0.0211511 , 0.0123395 , 0.073166
0.0202159 , 0.0117814 , 0.0726422
0.0200603 , 0.0116886 , 0.0725552
0.0214634 , 0.0125262 , 0.0733412
0.0271296 , 0.0159421 , 0.0765467
0.0146561 , 0.00849065 , 0.0695542
0.0211511 , 0.0123395 , 0.073166
0.0258631 , 0.0151737 , 0.0758257
0.0293558 , 0.0172998 , 0.0778208
0.0203716 , 0.0118742 , 0.0727293
0.0261794 , 0.0153653 , 0.0760055
0.0216197 , 0.0126197 , 0.0734289
0.0257051 , 0.0150781 , 0.0757359
0.0195938 , 0.0114108 , 0.0722945
0.0205274 , 0.0119671 , 0.0728165
0.0257051 , 0.0150781 , 0.0757359
0.0152694 , 0.00885146 , 0.0698928
0.0197492 , 0.0115033 , 0.0723813
0.0213072 , 0.0124328 , 0.0732536
0.0164994 , 0.00957665 , 0.0705733
0.032397 , 0.0191699 , 0.0795758
0.0175793 , 0.0102151 , 0.0711725
0.0172704 , 0.0100323 , 0.0710009
0.0222453 , 0.0129943 , 0.0737805
0.0181979 , 0.0105817 , 0.0715164
0.0227152 , 0.0132761 , 0.0740449
0.0231857 , 0.0135587 , 0.0743101
0.023814 , 0.0139366 , 0.0746647
0.0202159 , 0.0117814 , 0.0726422
0.0111519 , 0.0064386 , 0.0676285
0.0255472 , 0.0149825 , 0.0756462
0.0268126 , 0.0157495 , 0.076366
0.0181979 , 0.0105817 , 0.0715164
0.0166535 , 0.00966764 , 0.0706587
0.023814 , 0.0139366 , 0.0746647
0.0253893 , 0.014887 , 0.0755566
0.0282411 , 0.0166189 , 0.0771818
0.0257051 , 0.0150781 , 0.0757359
0.0252315 , 0.0147916 , 0.0754671
0.0241285 , 0.014126 , 0.0748425
0.0239712 , 0.0140312 , 0.0747535
0.014503 , 0.00840063 , 0.0694697
0.0277644 , 0.0163283 , 0.0769091
0.0195938 , 0.0114108 , 0.0722945
0.0277644 , 0.0163283 , 0.0769091
0.0191279 , 0.0111337 , 0.0720345
0.0174248 , 0.0101237 , 0.0710867
0.0200603 , 0.0116886 , 0.0725552
0.0224019 , 0.0130882 , 0.0738686
0.0233427 , 0.013653 , 0.0743986
0.00933883 , 0.00538292 , 0.0666378
0.0214634 , 0.0125262 , 0.0733412
0.0231857 , 0.0135587 , 0.0743101
0.0250737 , 0.0146963 , 0.0753776
0.0295153 , 0.0173975 , 0.0779125
0.0200603 , 0.0116886 , 0.0725552
0.0181979 , 0.0105817 , 0.0715164
0.021776 , 0.0127132 , 0.0735167
0.0132804 , 0.00768312 , 0.0687964
0.00994199 , 0.00573369 , 0.066967
0.0175793 , 0.0102151 , 0.0711725
0.0132804 , 0.00768312 , 0.0687964
0.0219323 , 0.0128068 , 0.0736045
0.0263376 , 0.0154612 , 0.0760955
0.0282411 , 0.0166189 , 0.0771818
0.0205274 , 0.0119671 , 0.0728165
0.015116 , 0.00876115 , 0.069808
0.0242859 , 0.0142208 , 0.0749315
0.0172704 , 0.0100323 , 0.0710009
0.0250737 , 0.0146963 , 0.0753776
0.0258631 , 0.0151737 , 0.0758257
0.0209951 , 0.0122463 , 0.0730785
0.0244433 , 0.0143158 , 0.0750205
0.0284001 , 0.0167159 , 0.0772728
0.0296748 , 0.0174952 , 0.0780042
0.0188176 , 0.0109494 , 0.0718615
0.0197492 , 0.0115033 , 0.0723813
0.0146561 , 0.00849065 , 0.0695542
0.014044 , 0.00813102 , 0.0692167
0.0233427 , 0.013653 , 0.0743986
0.0203716 , 0.0118742 , 0.0727293
0.0185076 , 0.0107654 , 0.0716888
0.0172704 , 0.0100323 , 0.0710009
0.0183527 , 0.0106735 , 0.0716026
0.0163454 , 0.00948574 , 0.070488
0.0227152 , 0.0132761 , 0.0740449
0.0311137 , 0.0183786 , 0.0788332
0.0222453 , 0.0129943 , 0.0737805
0.0164994 , 0.00957665 , 0.0705733
0.0178885 , 0.0103982 , 0.0713443
0.0195938 , 0.0114108 , 0.0722945
0.0119104 , 0.00688146 , 0.0680441
0.026971 , 0.0158458 , 0.0764563
