0.0365206 , 0.0331366 , 0.0387861
0.0294208 , 0.0265155 , 0.0322036
0.0426005 , 0.0388745 , 0.0444904
0.0301295 , 0.0271724 , 0.0328567
0.034963 , 0.0316766 , 0.0373345
0.0247153 , 0.0221776 , 0.0278911
0.0284416 , 0.0256095 , 0.0313029
0.033375 , 0.0301921 , 0.0358588
0.0297527 , 0.0268231 , 0.0325094
0.0300875 , 0.0271334 , 0.0328179
0.0309802 , 0.0279621 , 0.0336418
0.0293795 , 0.0264773 , 0.0321656
0.0286841 , 0.0258337 , 0.0315258
0.024496 , 0.0219764 , 0.0276911
0.0348678 , 0.0315874 , 0.0372459
0.0303405 , 0.0273681 , 0.0330513
0.0300455 , 0.0270945 , 0.0327792
0.0361252 , 0.0327656 , 0.0384172
0.036076 , 0.0327195 , 0.0383714
0.0323368 , 0.0292241 , 0.0348964
0.034348 , 0.0311012 , 0.0367625
0.0323368 , 0.0292241 , 0.0348964
0.0408876 , 0.037252 , 0.0428774
0.0338353 , 0.0306219 , 0.0362861
0.0315433 , 0.0284856 , 0.0341622
0.0324259 , 0.0293072 , 0.034979
0.0416202 , 0.0379454 , 0.0435667
0.028321 , 0.0254979 , 0.031192
0.0343011 , 0.0310573 , 0.0367189
0.0254554 , 0.0228572 , 0.0285667
0.0358801 , 0.0325358 , 0.0381887
0.0288467 , 0.025984 , 0.0316753
0.0226786 , 0.0203128 , 0.0260372
0.033789 , 0.0305787 , 0.0362431
0.0311094 , 0.0280822 , 0.0337611
0.0285627 , 0.0257214 , 0.0314142
0.0282006 , 0.0253867 , 0.0310815
0.0299197 , 0.0269779 , 0.0326633
0.0325153 , 0.0293905 , 0.0350618
0.0322478 , 0.0291412 , 0.034814
0.0340209 , 0.0307954 , 0.0364585
0.0330107 , 0.0298522 , 0.0355209
0.0270951 , 0.0243663 , 0.030067
0.0295449 , 0.0266305 , 0.032318
0.030256 , 0.0272897 , 0.0329733
0.024752 , 0.0222113 , 0.0279246
0.0328749 , 0.0297257 , 0.035395
0.0338353 , 0.0306219 , 0.0362861
0.0278816 , 0.025092 , 0.0307885
0.036076 , 0.0327195 , 0.0383714
0.0310232 , 0.0280021 , 0.0336815
0.0282407 , 0.0254238 , 0.0311183
0.0198867 , 0.0177692 , 0.0235084
0.027644 , 0.0248727 , 0.0305704
0.0281206 , 0.0253128 , 0.031008
0.0319821 , 0.0288938 , 0.0345681
0.0217489 , 0.0194642 , 0.0251935
0.0293795 , 0.0264773 , 0.0321656
0.0286841 , 0.0258337 , 0.0315258
0.0308943 , 0.0278823 , 0.0335624
0.0337428 , 0.0305355 , 0.0362002
0.0312824 , 0.0282429 , 0.033921
0.0336966 , 0.0304924 , 0.0361573
0.0241692 , 0.0216768 , 0.0273932
0.0219536 , 0.019651 , 0.0253792
0.034678 , 0.0314098 , 0.0370693
0.0281206 , 0.0253128 , 0.031008
0.0348678 , 0.0315874 , 0.0372459
0.0280807 , 0.0252759 , 0.0309713
0.0300875 , 0.0271334 , 0.0328179
0.0295449 , 0.0266305 , 0.032318
0.0318499 , 0.0287708 , 0.0344458
0.034963 , 0.0316766 , 0.0373345
0.0288467 , 0.025984 , 0.0316753
0.0286841 , 0.0258337 , 0.0315258
0.0356366 , 0.0323075 , 0.0379618
0.0336505 , 0.0304494 , 0.0361145
0.0355397 , 0.0322166 , 0.0378714
0.0308514 , 0.0278425 , 0.0335228
0.0270951 , 0.0243663 , 0.030067
0.0280408 , 0.0252391 , 0.0309346
0.0358801 , 0.0325358 , 0.0381887
0.0355397 , 0.0322166 , 0.0378714
0.0335584 , 0.0303634 , 0.036029
0.0252319 , 0.0226519 , 0.0283626
0.031938 , 0.0288528 , 0.0345273
0.0238809 , 0.0214127 , 0.0271307
0.040499 , 0.0368846 , 0.0425121
0.0260576 , 0.0234109 , 0.0291171
0.0262477 , 0.0235858 , 0.029291
0.0262858 , 0.0236209 , 0.0293259
0.0268622 , 0.0241517 , 0.0298536
0.0351543 , 0.0318556 , 0.0375125
0.034395 , 0.0311451 , 0.0368062
0.0282407 , 0.0254238 , 0.0311183
0.0274078 , 0.0246547 , 0.0303537
0.0315433 , 0.0284856 , 0.0341622
0.0310663 , 0.0280421 , 0.0337213
0.0265921 , 0.0239029 , 0.0296063
0.0217149 , 0.0194332 , 0.0251627
