0.000599839 , 0.000530656 , 0.00637061
9.09861e-33 , 0 , 0.00584305
0.000842383 , 0.000745227 , 0.00658393
0.00182786 , 0.00161713 , 0.00745074
0.00106604 , 0.000943098 , 0.00678064
0.000298764 , 0.000264307 , 0.00610582
0.000599839 , 0.000530656 , 0.00637061
0.000599839 , 0.000530656 , 0.00637061
0.00168259 , 0.0014886 , 0.00732295
0.000984565 , 0.000871014 , 0.00670898
0.0014554 , 0.00128758 , 0.00712311
0.000599839 , 0.000530656 , 0.00637061
0.000438977 , 0.000388347 , 0.00622913
0.000258796 , 0.000228949 , 0.00607066
0.00120904 , 0.00106961 , 0.00690641
0.000599839 , 0.000530656 , 0.00637061
9.09861e-33 , 0 , 0.00584305
0.00209906 , 0.00185712 , 0.00768932
0.000619994 , 0.000548486 , 0.00638833
0.00100492 , 0.000889021 , 0.00672688
0.00151723 , 0.00134228 , 0.00717749
0.000599839 , 0.000530656 , 0.00637061
0.00164119 , 0.00145196 , 0.00728653
0.000438977 , 0.000388347 , 0.00622913
0.00120904 , 0.00106961 , 0.00690641
0.000599839 , 0.000530656 , 0.00637061
0.00216191 , 0.00191274 , 0.00774462
0.000984565 , 0.000871014 , 0.00670898
0.000318764 , 0.000282 , 0.00612341
0.000599839 , 0.000530656 , 0.00637061
0.00120904 , 0.00106961 , 0.00690641
0.00222487 , 0.00196845 , 0.00780001
0.00151723 , 0.00134228 , 0.00717749
0.000338774 , 0.000299701 , 0.006141
0.00139367 , 0.00123295 , 0.0070688
0.00135256 , 0.00119659 , 0.00703265
9.93332e-05 , 8.78774e-05 , 0.00593042
9.09861e-33 , 0 , 0.00584305
9.09861e-33 , 0 , 0.00584305
0.00155851 , 0.0013788 , 0.0072138
0.00193195 , 0.00170924 , 0.0075423
0.0028173 , 0.00249282 , 0.00832131
0.00224587 , 0.00198704 , 0.00781849
0.000358794 , 0.000317412 , 0.00615861
0.000599839 , 0.000530656 , 0.00637061
9.09861e-33 , 0 , 0.00584305
0.00151723 , 0.00134228 , 0.00717749
0.00172404 , 0.00152527 , 0.00735941
0.00247768 , 0.0021922 , 0.00802245
0.00424974 , 0.0037614 , 0.00958248
0.000923566 , 0.000817049 , 0.00665533
0.000599839 , 0.000530656 , 0.00637061
9.09861e-33 , 0 , 0.00584305
0.000579695 , 0.000512835 , 0.00635289
9.09861e-33 , 0 , 0.00584305
0.00135256 , 0.00119659 , 0.00703265
0.000599839 , 0.000530656 , 0.00637061
0.000358794 , 0.000317412 , 0.00615861
0.00159983 , 0.00141536 , 0.00725015
0.000499222 , 0.000441644 , 0.00628212
0.000842383 , 0.000745227 , 0.00658393
0.0019528 , 0.00172769 , 0.00756065
0.00151723 , 0.00134228 , 0.00717749
0.00120904 , 0.00106961 , 0.00690641
0.00114769 , 0.00101533 , 0.00685245
0.000599839 , 0.000530656 , 0.00637061
0.000903255 , 0.000799079 , 0.00663746
0.00157916 , 0.00139708 , 0.00723197
0.00104566 , 0.000925063 , 0.00676271
0.000278775 , 0.000246623 , 0.00608824
0.00222487 , 0.00196845 , 0.00780001
0.00102528 , 0.000907037 , 0.00674479
0.00245655 , 0.0021735 , 0.00800386
0.000298764 , 0.000264307 , 0.00610582
0.00166189 , 0.00147027 , 0.00730474
0.00120904 , 0.00106961 , 0.00690641
0.000599839 , 0.000530656 , 0.00637061
0.00100492 , 0.000889021 , 0.00672688
9.09861e-33 , 0 , 0.00584305
0.000923566 , 0.000817049 , 0.00665533
0.000438977 , 0.000388347 , 0.00622913
0.000943888 , 0.000835028 , 0.0066732
0.000378824 , 0.000335132 , 0.00617623
0.000599839 , 0.000530656 , 0.00637061
0.00220387 , 0.00194987 , 0.00778153
0.00133203 , 0.00117842 , 0.00701459
0.000599839 , 0.000530656 , 0.00637061
0.000599839 , 0.000530656 , 0.00637061
0.000599839 , 0.000530656 , 0.00637061
9.09861e-33 , 0 , 0.00584305
0.00212 , 0.00187565 , 0.00770775
9.09861e-33 , 0 , 0.00584305
0.000599839 , 0.000530656 , 0.00637061
0.000822113 , 0.000727295 , 0.0065661
0.00112726 , 0.000997261 , 0.00683449
0.000822113 , 0.000727295 , 0.0065661
0.000599839 , 0.000530656 , 0.00637061
0.000720923 , 0.000637775 , 0.0064771
0.00164119 , 0.00145196 , 0.00728653
0.00166189 , 0.00147027 , 0.00730474
