0.0761374 , 0.0713657 , 0.0767917
0.0705288 , 0.0658563 , 0.0713146
0.0769097 , 0.0721259 , 0.0775476
0.0810664 , 0.0762249 , 0.0816226
0.0632354 , 0.0587295 , 0.0642294
0.0690137 , 0.0643721 , 0.069839
0.0744991 , 0.069754 , 0.0751894
0.0681602 , 0.0635368 , 0.0690086
0.0830759 , 0.0782101 , 0.0835961
0.0718455 , 0.0671477 , 0.0725984
0.0727989 , 0.0680835 , 0.0735287
0.072661 , 0.0679481 , 0.0733941
0.0778607 , 0.0730628 , 0.0784789
0.0727989 , 0.0680835 , 0.0735287
0.0840316 , 0.0791551 , 0.0845356
0.0762905 , 0.0715163 , 0.0769415
0.0753827 , 0.070623 , 0.0760534
0.0657211 , 0.0611533 , 0.066639
0.0733561 , 0.0686307 , 0.0740727
0.0812441 , 0.0764003 , 0.081797
0.0744991 , 0.069754 , 0.0751894
0.0654977 , 0.0609352 , 0.0664222
0.0576616 , 0.0533167 , 0.0588482
0.082888 , 0.0780244 , 0.0834115
0.0786746 , 0.073865 , 0.0792765
0.0881623 , 0.0832447 , 0.0886013
0.0686453 , 0.0640115 , 0.0694805
0.0746447 , 0.0698972 , 0.0753318
0.0624112 , 0.0579272 , 0.0634318
0.072661 , 0.0679481 , 0.0733941
0.071578 , 0.0668852 , 0.0723375
0.0737801 , 0.0690473 , 0.0744869
0.0777003 , 0.0729047 , 0.0783218
0.0762905 , 0.0715163 , 0.0769415
0.0673276 , 0.0627226 , 0.0681992
0.0709185 , 0.0662383 , 0.0716943
0.0850162 , 0.0801291 , 0.0855039
0.0783466 , 0.0735417 , 0.078955
0.0678009 , 0.0631854 , 0.0686592
0.0644018 , 0.0598661 , 0.0653594
0.0652757 , 0.0607185 , 0.0662068
0.0734968 , 0.068769 , 0.0742102
0.0707881 , 0.0661105 , 0.0715673
0.0734968 , 0.068769 , 0.0742102
0.0632354 , 0.0587295 , 0.0642294
0.0718455 , 0.0671477 , 0.0725984
0.0918935 , 0.0869458 , 0.0922808
0.0890555 , 0.0841301 , 0.0894816
0.0762905 , 0.0715163 , 0.0769415
0.0667451 , 0.0621534 , 0.0676332
0.0707881 , 0.0661105 , 0.0715673
0.0697628 , 0.0651057 , 0.0705683
0.0678009 , 0.0631854 , 0.0686592
0.0743541 , 0.0696114 , 0.0750477
0.0650551 , 0.0605033 , 0.0659928
0.0632354 , 0.0587295 , 0.0642294
0.0693862 , 0.0647368 , 0.0702016
0.0634445 , 0.0589332 , 0.0644319
0.0801922 , 0.0753619 , 0.0807646
0.0652757 , 0.0607185 , 0.0662068
0.0767538 , 0.0719724 , 0.0773949
0.0681602 , 0.0635368 , 0.0690086
0.0764442 , 0.0716676 , 0.0770919
0.0750856 , 0.0703307 , 0.0757628
0.0591122 , 0.0547223 , 0.0602456
0.0739227 , 0.0691874 , 0.0746262
0.0714451 , 0.0667548 , 0.0722078
0.0618057 , 0.0573382 , 0.0628462
0.0638667 , 0.0593445 , 0.0648408
0.0872931 , 0.0823834 , 0.0877451
0.0611125 , 0.0566642 , 0.0621762
0.101985 , 0.0969839 , 0.10226
0.0703999 , 0.06573 , 0.071189
0.0660591 , 0.0614832 , 0.066967
0.0674453 , 0.0628377 , 0.0683136
0.0764442 , 0.0716676 , 0.0770919
0.062718 , 0.0582257 , 0.0637286
0.0759851 , 0.0712157 , 0.0766427
0.0744991 , 0.069754 , 0.0751894
0.072661 , 0.0679481 , 0.0733941
0.0729373 , 0.0682194 , 0.0736638
0.062718 , 0.0582257 , 0.0637286
0.0769097 , 0.0721259 , 0.0775476
0.0868671 , 0.0819614 , 0.0873256
0.0875082 , 0.0825965 , 0.087957
0.0764442 , 0.0716676 , 0.0770919
0.0709185 , 0.0662383 , 0.0716943
0.0703999 , 0.06573 , 0.071189
0.0780219 , 0.0732216 , 0.0786368
0.0825155 , 0.0776562 , 0.0830456
0.0764442 , 0.0716676 , 0.0770919
0.0725237 , 0.0678133 , 0.0732601
0.0786746 , 0.073865 , 0.0792765
0.0740659 , 0.0693281 , 0.0747661
0.0646182 , 0.0600771 , 0.0655691
0.0660591 , 0.0614832 , 0.066967
0.0756826 , 0.070918 , 0.0763467
0.0719801 , 0.0672797 , 0.0727296
0.0783466 , 0.0735417 , 0.078955
0.0916472 , 0.0867013 , 0.0920378
