0.0717115 , 0.0670162 , 0.0724677
0.0665149 , 0.0619284 , 0.0674096
0.0575729 , 0.0532309 , 0.0587629
0.0604329 , 0.056004 , 0.0615198
0.0519359 , 0.0477919 , 0.0533557
0.0556762 , 0.0513966 , 0.0569394
0.0625132 , 0.0580264 , 0.0635304
0.0500955 , 0.0460245 , 0.0515986
0.0755323 , 0.0707702 , 0.0761997
0.0812441 , 0.0764003 , 0.081797
0.0583794 , 0.054012 , 0.0595394
0.0722508 , 0.0675454 , 0.0729938
0.0599554 , 0.0555404 , 0.061059
0.0526224 , 0.0484522 , 0.0540121
0.0647269 , 0.0601831 , 0.0656745
0.0533223 , 0.049126 , 0.054682
0.0625132 , 0.0580264 , 0.0635304
0.0626154 , 0.0581259 , 0.0636293
0.0560984 , 0.0518046 , 0.0573449
0.059391 , 0.0549927 , 0.0605145
0.0580187 , 0.0536625 , 0.059192
0.0560136 , 0.0517226 , 0.0572634
0.0595781 , 0.0551743 , 0.060695
0.0635496 , 0.0590356 , 0.0645337
0.0761374 , 0.0713657 , 0.0767917
0.0697628 , 0.0651057 , 0.0705683
0.0565257 , 0.0522176 , 0.0577556
0.0597663 , 0.0553568 , 0.0608764
0.0611125 , 0.0566642 , 0.0621762
0.0580187 , 0.0536625 , 0.059192
0.0675634 , 0.0629532 , 0.0684284
0.0775406 , 0.0727474 , 0.0781654
0.0596721 , 0.0552654 , 0.0607856
0.0607225 , 0.0562853 , 0.0617995
0.0662862 , 0.0617051 , 0.0671876
0.0566118 , 0.0523009 , 0.0578383
0.0581986 , 0.0538368 , 0.0593652
0.059391 , 0.0549927 , 0.0605145
0.0675634 , 0.0629532 , 0.0684284
0.0761374 , 0.0713657 , 0.0767917
0.0571328 , 0.0528049 , 0.0583394
0.0607225 , 0.0562853 , 0.0617995
0.0610146 , 0.0565691 , 0.0620816
0.0695112 , 0.0648593 , 0.0703234
0.0648359 , 0.0602895 , 0.0657803
0.055259 , 0.0509938 , 0.0565388
0.0619059 , 0.0574356 , 0.0629431
0.0485503 , 0.044544 , 0.0501268
0.0620064 , 0.0575333 , 0.0630402
0.0631313 , 0.0586281 , 0.0641286
0.0479368 , 0.0439571 , 0.0495433
0.0607225 , 0.0562853 , 0.0617995
0.0727989 , 0.0680835 , 0.0735287
0.0562687 , 0.0519692 , 0.0575086
0.0647269 , 0.0601831 , 0.0656745
0.0587439 , 0.0543652 , 0.0598906
0.0610146 , 0.0565691 , 0.0620816
0.0581085 , 0.0537495 , 0.0592785
0.0674453 , 0.0628377 , 0.0683136
0.0734968 , 0.068769 , 0.0742102
0.0491046 , 0.0450747 , 0.0506544
0.0647269 , 0.0601831 , 0.0656745
0.0637607 , 0.0592412 , 0.0647381
0.062924 , 0.0584263 , 0.063928
0.0573962 , 0.0530598 , 0.0585928
0.0497385 , 0.0456821 , 0.0512582
0.0638667 , 0.0593445 , 0.0648408
0.0548467 , 0.0505958 , 0.0561432
0.0539562 , 0.0497368 , 0.0552893
0.0561835 , 0.0518868 , 0.0574266
0.0530874 , 0.0488999 , 0.0544572
0.0650551 , 0.0605033 , 0.0659928
0.0550111 , 0.0507544 , 0.0563009
0.0597663 , 0.0553568 , 0.0608764
0.0710493 , 0.0663667 , 0.0718219
0.0713127 , 0.0666249 , 0.0720787
0.0603369 , 0.0559107 , 0.0614271
0.0636549 , 0.0591382 , 0.0646357
0.0584702 , 0.0540999 , 0.0596269
0.0758335 , 0.0710665 , 0.0764943
0.0601456 , 0.0557251 , 0.0612425
0.0605292 , 0.0560975 , 0.0616128
0.0721152 , 0.0674123 , 0.0728614
0.0619059 , 0.0574356 , 0.0629431
0.0632354 , 0.0587295 , 0.0642294
0.0587439 , 0.0543652 , 0.0598906
0.0696368 , 0.0649823 , 0.0704456
0.0719801 , 0.0672797 , 0.0727296
0.0582889 , 0.0539242 , 0.0594522
0.0660591 , 0.0614832 , 0.066967
0.0563542 , 0.0520518 , 0.0575907
0.0578397 , 0.0534892 , 0.0590197
0.0742097 , 0.0694694 , 0.0749066
0.0565257 , 0.0522176 , 0.0577556
0.0674453 , 0.0628377 , 0.0683136
0.0676819 , 0.0630691 , 0.0685436
0.0558445 , 0.0515592 , 0.057101
0.0707881 , 0.0661105 , 0.0715673
0.0649453 , 0.0603962 , 0.0658864
0.0652757 , 0.0607185 , 0.0662068
