0.0745331 , 0.0472422 , 0.105919
0.0868037 , 0.0562542 , 0.114376
0.0795981 , 0.0509151 , 0.109366
0.0795981 , 0.0509151 , 0.109366
0.0690194 , 0.043319 , 0.102238
0.0816118 , 0.0523938 , 0.110754
0.0745331 , 0.0472422 , 0.105919
0.0825318 , 0.0530729 , 0.111391
0.0792335 , 0.0506485 , 0.109116
0.0810612 , 0.0519885 , 0.110373
0.0794157 , 0.0507817 , 0.109241
0.0936323 , 0.0614362 , 0.119239
0.0725659 , 0.0458334 , 0.104597
0.0829007 , 0.0533457 , 0.111647
0.0732798 , 0.0463435 , 0.105076
0.0886824 , 0.0576681 , 0.115703
0.077236 , 0.0491939 , 0.107751
0.0739954 , 0.0468561 , 0.105557
0.0587649 , 0.0362297 , 0.0955849
0.0738164 , 0.0467277 , 0.105436
0.0875536 , 0.0568175 , 0.114905
0.0792335 , 0.0506485 , 0.109116
0.088871 , 0.0578106 , 0.115837
0.0757915 , 0.0481485 , 0.10677
0.0718535 , 0.0453257 , 0.104121
0.0725659 , 0.0458334 , 0.104597
0.0722095 , 0.0455793 , 0.104359
0.0830853 , 0.0534824 , 0.111775
0.0854965 , 0.0552758 , 0.113458
0.0890597 , 0.0579532 , 0.115971
0.0734586 , 0.0464714 , 0.105196
0.0783238 , 0.0499849 , 0.108493
0.0830853 , 0.0534824 , 0.111775
0.0795981 , 0.0509151 , 0.109366
0.0754314 , 0.0478888 , 0.106526
0.0944026 , 0.0620282 , 0.119795
0.0630743 , 0.0391763 , 0.0983501
0.0754314 , 0.0478888 , 0.106526
0.0866165 , 0.0561139 , 0.114244
0.0738164 , 0.0467277 , 0.105436
0.0644641 , 0.0401367 , 0.0992513
0.0722095 , 0.0455793 , 0.104359
0.0819795 , 0.0526649 , 0.111008
0.0766935 , 0.0488007 , 0.107382
0.0829007 , 0.0533457 , 0.111647
0.0928644 , 0.0608476 , 0.118687
0.0686668 , 0.0430708 , 0.102005
0.0734586 , 0.0464714 , 0.105196
0.0727442 , 0.0459607 , 0.104717
0.0829007 , 0.0533457 , 0.111647
0.0786873 , 0.0502498 , 0.108742
0.0714979 , 0.0450728 , 0.103883
0.0601384 , 0.0371638 , 0.0964615
0.0792335 , 0.0506485 , 0.109116
0.0797806 , 0.0510487 , 0.109491
0.0840102 , 0.0541685 , 0.112419
0.0819795 , 0.0526649 , 0.111008
0.0797806 , 0.0510487 , 0.109491
0.0729227 , 0.0460882 , 0.104836
0.0812446 , 0.0521234 , 0.1105
0.0786873 , 0.0502498 , 0.108742
0.0803287 , 0.0514504 , 0.109868
0.0821635 , 0.0528007 , 0.111135
0.0873659 , 0.0566764 , 0.114772
0.0825318 , 0.0530729 , 0.111391
0.0716756 , 0.0451992 , 0.104002
0.0900056 , 0.0586693 , 0.116643
0.0697257 , 0.0438171 , 0.102705
0.0806947 , 0.0517191 , 0.11012
0.0777794 , 0.0495887 , 0.108121
0.0729227 , 0.0460882 , 0.104836
0.0672602 , 0.0420837 , 0.101078
0.077236 , 0.0491939 , 0.107751
0.0853102 , 0.0551367 , 0.113327
0.0806947 , 0.0517191 , 0.11012
0.0662091 , 0.0413494 , 0.100389
0.0838249 , 0.054031 , 0.11229
0.0896268 , 0.0583823 , 0.116373
0.0819795 , 0.0526649 , 0.111008
0.0763324 , 0.0485393 , 0.107136
0.0718535 , 0.0453257 , 0.104121
0.0877414 , 0.0569588 , 0.115037
0.0718535 , 0.0453257 , 0.104121
0.0913356 , 0.0596802 , 0.117591
0.08327 , 0.0536193 , 0.111903
0.0596228 , 0.0368126 , 0.0961319
0.0871784 , 0.0565355 , 0.11464
0.0905747 , 0.0591014 , 0.117048
0.0745331 , 0.0472422 , 0.105919
0.0805117 , 0.0515847 , 0.109994
0.088871 , 0.0578106 , 0.115837
0.0803287 , 0.0514504 , 0.109868
0.0783238 , 0.0499849 , 0.108493
0.0819795 , 0.0526649 , 0.111008
0.0829007 , 0.0533457 , 0.111647
0.0849382 , 0.0548592 , 0.113067
0.0711427 , 0.0448205 , 0.103647
0.086991 , 0.0563948 , 0.114508
0.0805117 , 0.0515847 , 0.109994
0.0884939 , 0.0575259 , 0.11557
