0.11692 , 0.0799703 , 0.136632
0.14682 , 0.105547 , 0.160634
0.12104 , 0.0833818 , 0.139833
0.129346 , 0.0903729 , 0.146394
0.120602 , 0.0830173 , 0.139491
0.112678 , 0.0764981 , 0.133373
0.130037 , 0.0909615 , 0.146946
0.14605 , 0.104867 , 0.159995
0.117564 , 0.0805014 , 0.13713
0.138568 , 0.0983063 , 0.153838
0.123024 , 0.0850386 , 0.141388
0.123024 , 0.0850386 , 0.141388
0.130268 , 0.0911584 , 0.147131
0.115637 , 0.0789162 , 0.135642
0.145795 , 0.104641 , 0.159783
0.119511 , 0.0821116 , 0.138641
0.127743 , 0.0890128 , 0.145117
0.132831 , 0.0933507 , 0.149188
0.123246 , 0.0852244 , 0.141562
0.124583 , 0.0863461 , 0.142615
0.112468 , 0.0763275 , 0.133213
0.112049 , 0.0759872 , 0.132894
0.123246 , 0.0852244 , 0.141562
0.163436 , 0.120508 , 0.174673
0.133066 , 0.0935524 , 0.149377
0.11059 , 0.0748051 , 0.131785
0.120165 , 0.0826541 , 0.13915
0.143515 , 0.102632 , 0.157897
0.131661 , 0.0923483 , 0.148247
0.133302 , 0.0937545 , 0.149567
0.127516 , 0.08882 , 0.144936
0.124136 , 0.0859708 , 0.142263
0.142513 , 0.101752 , 0.157071
0.123024 , 0.0850386 , 0.141388
0.119729 , 0.0822921 , 0.13881
0.127288 , 0.0886275 , 0.144756
0.12436 , 0.0861583 , 0.142439
0.119294 , 0.0819315 , 0.138472
0.141022 , 0.100446 , 0.155846
0.12214 , 0.0842989 , 0.140694
0.119947 , 0.0824729 , 0.13898
0.116064 , 0.0792664 , 0.135971
0.127288 , 0.0886275 , 0.144756
0.131661 , 0.0923483 , 0.148247
0.123246 , 0.0852244 , 0.141562
0.116277 , 0.0794419 , 0.136136
0.119947 , 0.0824729 , 0.13898
0.121479 , 0.0837477 , 0.140176
0.119077 , 0.0817516 , 0.138303
0.125705 , 0.0872905 , 0.143501
0.113098 , 0.07684 , 0.133694
0.127971 , 0.089206 , 0.145299
0.118643 , 0.0813929 , 0.137967
0.133302 , 0.0937545 , 0.149567
0.129576 , 0.0905687 , 0.146577
0.127743 , 0.0890128 , 0.145117
0.117995 , 0.0808571 , 0.137464
0.132362 , 0.0929485 , 0.148811
0.131195 , 0.0919501 , 0.147874
0.115637 , 0.0789162 , 0.135642
0.132362 , 0.0929485 , 0.148811
0.132362 , 0.0929485 , 0.148811
0.123468 , 0.0854105 , 0.141737
0.123913 , 0.0857837 , 0.142087
0.133302 , 0.0937545 , 0.149567
0.124136 , 0.0859708 , 0.142263
0.118643 , 0.0813929 , 0.137967
0.1282 , 0.0893995 , 0.14548
0.132831 , 0.0933507 , 0.149188
0.120821 , 0.0831994 , 0.139662
0.120602 , 0.0830173 , 0.139491
0.129576 , 0.0905687 , 0.146577
0.118211 , 0.0810354 , 0.137631
0.12593 , 0.0874804 , 0.143679
0.128886 , 0.0899824 , 0.146027
0.129346 , 0.0903729 , 0.146394
0.125031 , 0.0867228 , 0.142968
0.136393 , 0.0964192 , 0.152067
0.127743 , 0.0890128 , 0.145117
0.117349 , 0.0803241 , 0.136964
0.140036 , 0.0995844 , 0.155038
0.118643 , 0.0813929 , 0.137967
0.132128 , 0.0927481 , 0.148622
0.123246 , 0.0852244 , 0.141562
0.131894 , 0.092548 , 0.148435
0.140282 , 0.099799 , 0.155239
0.134483 , 0.094771 , 0.150521
0.135197 , 0.0953859 , 0.151098
0.117779 , 0.0806791 , 0.137297
0.136874 , 0.0968355 , 0.152458
0.129806 , 0.0907649 , 0.146761
0.135197 , 0.0953859 , 0.151098
0.130268 , 0.0911584 , 0.147131
0.132362 , 0.0929485 , 0.148811
0.135913 , 0.0960046 , 0.151678
0.120821 , 0.0831994 , 0.139662
0.145285 , 0.104191 , 0.159361
0.131195 , 0.0919501 , 0.147874
0.133066 , 0.0935524 , 0.149377
0.134959 , 0.0951805 , 0.150905
