0.181781 , 0.137549 , 0.190664
0.167555 , 0.124289 , 0.178221
0.179129 , 0.135055 , 0.188323
0.174306 , 0.130545 , 0.184091
0.164308 , 0.121306 , 0.175422
0.156659 , 0.114348 , 0.168892
0.163436 , 0.120508 , 0.174673
0.173677 , 0.129959 , 0.183542
0.180447 , 0.136294 , 0.189486
0.144271 , 0.103297 , 0.158522
0.1775 , 0.133528 , 0.186891
0.156384 , 0.1141 , 0.168659
0.163726 , 0.120773 , 0.174922
0.161709 , 0.118931 , 0.173193
0.163726 , 0.120773 , 0.174922
0.178149 , 0.134136 , 0.187461
0.159723 , 0.117123 , 0.171497
0.168154 , 0.124841 , 0.178739
0.174939 , 0.131134 , 0.184644
0.175574 , 0.131727 , 0.185201
0.164599 , 0.121573 , 0.175673
0.169664 , 0.126236 , 0.180048
0.166364 , 0.123194 , 0.177193
0.184493 , 0.14011 , 0.193068
0.167256 , 0.124014 , 0.177963
0.174622 , 0.130839 , 0.184367
0.165185 , 0.122111 , 0.176177
0.175574 , 0.131727 , 0.185201
0.169058 , 0.125676 , 0.179522
0.165773 , 0.122651 , 0.176683
0.182116 , 0.137866 , 0.190961
0.157488 , 0.115097 , 0.169595
0.157211 , 0.114847 , 0.16936
0.170886 , 0.127366 , 0.181109
0.146563 , 0.10532 , 0.16042
0.167256 , 0.124014 , 0.177963
0.15232 , 0.110446 , 0.16523
0.189395 , 0.144765 , 0.197436
0.179129 , 0.135055 , 0.188323
0.170886 , 0.127366 , 0.181109
0.184836 , 0.140435 , 0.193373
0.176855 , 0.132924 , 0.186324
0.165773 , 0.122651 , 0.176683
0.163146 , 0.120243 , 0.174425
0.173992 , 0.130251 , 0.183816
0.154202 , 0.112134 , 0.166815
0.185181 , 0.140762 , 0.193679
0.158322 , 0.115852 , 0.170304
0.177177 , 0.133225 , 0.186607
0.190473 , 0.145793 , 0.1984
0.166661 , 0.123466 , 0.177449
0.161709 , 0.118931 , 0.173193
0.1775 , 0.133528 , 0.186891
0.153124 , 0.111166 , 0.165906
0.151256 , 0.109494 , 0.164337
0.14811 , 0.106692 , 0.161708
0.161139 , 0.118411 , 0.172705
0.174306 , 0.130545 , 0.184091
0.169664 , 0.126236 , 0.180048
0.171193 , 0.127651 , 0.181376
0.163726 , 0.120773 , 0.174922
0.167256 , 0.124014 , 0.177963
0.155288 , 0.113112 , 0.167732
0.15232 , 0.110446 , 0.16523
0.180447 , 0.136294 , 0.189486
0.167256 , 0.124014 , 0.177963
0.183129 , 0.138821 , 0.191858
0.157765 , 0.115348 , 0.169831
0.176213 , 0.132323 , 0.185761
0.173364 , 0.129668 , 0.183268
0.172429 , 0.128798 , 0.182452
0.166958 , 0.12374 , 0.177706
0.159441 , 0.116868 , 0.171257
0.153662 , 0.111649 , 0.166359
0.155288 , 0.113112 , 0.167732
0.155835 , 0.113605 , 0.168194
0.159723 , 0.117123 , 0.171497
0.181112 , 0.136919 , 0.190073
0.167555 , 0.124289 , 0.178221
0.153662 , 0.111649 , 0.166359
0.163146 , 0.120243 , 0.174425
0.137356 , 0.0972535 , 0.15285
0.164016 , 0.121039 , 0.175171
0.176533 , 0.132623 , 0.186042
0.153931 , 0.111891 , 0.166587
0.167256 , 0.124014 , 0.177963
0.164892 , 0.121842 , 0.175924
0.174939 , 0.131134 , 0.184644
0.1964 , 0.151471 , 0.203729
0.151521 , 0.109731 , 0.16456
0.17274 , 0.129087 , 0.182724
0.162282 , 0.119454 , 0.173684
0.193398 , 0.148589 , 0.201024
0.162858 , 0.11998 , 0.174177
0.143013 , 0.102191 , 0.157484
0.171501 , 0.127937 , 0.181644
0.166069 , 0.122922 , 0.176938
0.179457 , 0.135363 , 0.188613
0.162858 , 0.11998 , 0.174177
0.153392 , 0.111407 , 0.166132
