0.113799 , 0.108775 , 0.113982
0.125756 , 0.120739 , 0.125877
0.125756 , 0.120739 , 0.125877
0.128034 , 0.123021 , 0.128145
0.102672 , 0.0976678 , 0.10294
0.148783 , 0.143833 , 0.148836
0.150407 , 0.145463 , 0.150456
0.134129 , 0.12913 , 0.134219
0.111878 , 0.106855 , 0.112074
0.117477 , 0.112452 , 0.117638
0.105199 , 0.100187 , 0.105445
0.134129 , 0.12913 , 0.134219
0.145783 , 0.140821 , 0.145842
0.122302 , 0.11728 , 0.122438
0.138262 , 0.133274 , 0.138339
0.113799 , 0.108775 , 0.113982
0.129654 , 0.124644 , 0.129759
0.122962 , 0.117941 , 0.123095
0.140564 , 0.135584 , 0.140635
0.113308 , 0.108283 , 0.113494
0.141785 , 0.136809 , 0.141853
0.13939 , 0.134407 , 0.139465
0.113799 , 0.108775 , 0.113982
0.131365 , 0.126359 , 0.131464
0.138262 , 0.133274 , 0.138339
0.117477 , 0.112452 , 0.117638
0.110512 , 0.10549 , 0.110717
0.138262 , 0.133274 , 0.138339
0.119199 , 0.114175 , 0.11935
0.110961 , 0.105939 , 0.111163
0.132259 , 0.127255 , 0.132354
0.0981539 , 0.0931686 , 0.0984673
0.13939 , 0.134407 , 0.139465
0.10836 , 0.103342 , 0.108581
0.131365 , 0.126359 , 0.131464
0.100012 , 0.095018 , 0.100306
0.122302 , 0.11728 , 0.122438
0.130497 , 0.125489 , 0.130599
0.124327 , 0.119308 , 0.124454
0.114299 , 0.109274 , 0.114478
0.143059 , 0.138087 , 0.143124
0.125033 , 0.120015 , 0.125157
0.118041 , 0.113016 , 0.118198
0.179425 , 0.174619 , 0.179442
0.132259 , 0.127255 , 0.132354
0.143059 , 0.138087 , 0.143124
0.119199 , 0.114175 , 0.11935
0.128034 , 0.123021 , 0.128145
0.113799 , 0.108775 , 0.113982
0.120403 , 0.115379 , 0.120548
0.129654 , 0.124644 , 0.129759
0.106347 , 0.101333 , 0.106584
0.175195 , 0.170367 , 0.175215
0.111416 , 0.106394 , 0.111615
0.115847 , 0.110822 , 0.116017
0.114299 , 0.109274 , 0.114478
0.148783 , 0.143833 , 0.148836
0.120403 , 0.115379 , 0.120548
0.0931541 , 0.0881976 , 0.0935253
0.116381 , 0.111356 , 0.116548
0.13318 , 0.128178 , 0.133272
0.118614 , 0.11359 , 0.118769
0.127256 , 0.122241 , 0.12737
0.0950066 , 0.0900383 , 0.0953553
0.124327 , 0.119308 , 0.124454
0.0966847 , 0.0917069 , 0.0970141
0.122962 , 0.117941 , 0.123095
0.106739 , 0.101724 , 0.106973
0.127256 , 0.122241 , 0.12737
0.152125 , 0.147188 , 0.152171
0.121023 , 0.116 , 0.121165
0.140564 , 0.135584 , 0.140635
0.125756 , 0.120739 , 0.125877
0.152125 , 0.147188 , 0.152171
0.125033 , 0.120015 , 0.125157
0.131365 , 0.126359 , 0.131464
0.110961 , 0.105939 , 0.111163
0.152125 , 0.147188 , 0.152171
0.116381 , 0.111356 , 0.116548
0.120403 , 0.115379 , 0.120548
0.122302 , 0.11728 , 0.122438
0.102672 , 0.0976678 , 0.10294
0.136124 , 0.131131 , 0.136208
0.165322 , 0.160445 , 0.165351
0.121023 , 0.116 , 0.121165
0.130497 , 0.125489 , 0.130599
0.114299 , 0.109274 , 0.114478
0.129654 , 0.124644 , 0.129759
0.122962 , 0.117941 , 0.123095
0.145783 , 0.140821 , 0.145842
0.128034 , 0.123021 , 0.128145
0.13318 , 0.128178 , 0.133272
0.117477 , 0.112452 , 0.117638
0.119199 , 0.114175 , 0.11935
0.104091 , 0.0990823 , 0.104346
0.0950066 , 0.0900383 , 0.0953553
0.119795 , 0.114771 , 0.119943
0.125756 , 0.120739 , 0.125877
0.137174 , 0.132183 , 0.137254
0.138262 , 0.133274 , 0.138339
