0.134483 , 0.094771 , 0.150521
0.135197 , 0.0953859 , 0.151098
0.142014 , 0.101314 , 0.156661
0.130268 , 0.0911584 , 0.147131
0.147593 , 0.106233 , 0.161276
0.117995 , 0.0808571 , 0.137464
0.13979 , 0.0993702 , 0.154837
0.135197 , 0.0953859 , 0.151098
0.135674 , 0.0957979 , 0.151485
0.149937 , 0.108317 , 0.163232
0.138325 , 0.0980948 , 0.15364
0.138568 , 0.0983063 , 0.153838
0.141517 , 0.100879 , 0.156253
0.144019 , 0.103075 , 0.158313
0.13784 , 0.0976733 , 0.153244
0.142014 , 0.101314 , 0.156661
0.140282 , 0.099799 , 0.155239
0.140775 , 0.10023 , 0.155643
0.144271 , 0.103297 , 0.158522
0.134959 , 0.0951805 , 0.150905
0.113519 , 0.0771832 , 0.134016
0.12436 , 0.0861583 , 0.142439
0.135913 , 0.0960046 , 0.151678
0.129806 , 0.0907649 , 0.146761
0.131894 , 0.092548 , 0.148435
0.141269 , 0.100662 , 0.156049
0.12593 , 0.0874804 , 0.143679
0.128657 , 0.0897878 , 0.145844
0.144271 , 0.103297 , 0.158522
0.142763 , 0.101971 , 0.157277
0.134246 , 0.0945669 , 0.150329
0.12236 , 0.0844833 , 0.140867
0.149151 , 0.107617 , 0.162576
0.144777 , 0.103743 , 0.15894
0.155835 , 0.113605 , 0.168194
0.134483 , 0.094771 , 0.150521
0.125256 , 0.0869117 , 0.143146
0.132596 , 0.0931494 , 0.148999
0.13784 , 0.0976733 , 0.153244
0.147077 , 0.105775 , 0.160847
0.122581 , 0.0846681 , 0.14104
0.135674 , 0.0957979 , 0.151485
0.150991 , 0.109257 , 0.164115
0.129576 , 0.0905687 , 0.146577
0.144777 , 0.103743 , 0.15894
0.132831 , 0.0933507 , 0.149188
0.128657 , 0.0897878 , 0.145844
0.142763 , 0.101971 , 0.157277
0.138812 , 0.0985182 , 0.154037
0.13979 , 0.0993702 , 0.154837
0.156384 , 0.1141 , 0.168659
0.138082 , 0.0978838 , 0.153442
0.145031 , 0.103967 , 0.15915
0.147077 , 0.105775 , 0.160847
0.120165 , 0.0826541 , 0.13915
0.117564 , 0.0805014 , 0.13713
0.14682 , 0.105547 , 0.160634
0.135435 , 0.0955917 , 0.151291
0.129806 , 0.0907649 , 0.146761
0.127743 , 0.0890128 , 0.145117
0.156935 , 0.114597 , 0.169126
0.140036 , 0.0995844 , 0.155038
0.142263 , 0.101533 , 0.156866
0.144524 , 0.10352 , 0.158731
0.117564 , 0.0805014 , 0.13713
0.138325 , 0.0980948 , 0.15364
0.131661 , 0.0923483 , 0.148247
0.14837 , 0.106922 , 0.161924
0.135435 , 0.0955917 , 0.151291
0.136874 , 0.0968355 , 0.152458
0.146563 , 0.10532 , 0.16042
0.132362 , 0.0929485 , 0.148811
0.127743 , 0.0890128 , 0.145117
0.158322 , 0.115852 , 0.170304
0.144524 , 0.10352 , 0.158731
0.144524 , 0.10352 , 0.158731
0.164308 , 0.121306 , 0.175422
0.142014 , 0.101314 , 0.156661
0.134483 , 0.094771 , 0.150521
0.129576 , 0.0905687 , 0.146577
0.142763 , 0.101971 , 0.157277
0.13401 , 0.0943632 , 0.150138
0.14682 , 0.105547 , 0.160634
0.12214 , 0.0842989 , 0.140694
0.146563 , 0.10532 , 0.16042
0.121699 , 0.0839311 , 0.140349
0.134959 , 0.0951805 , 0.150905
0.132362 , 0.0929485 , 0.148811
0.140282 , 0.099799 , 0.155239
0.140282 , 0.099799 , 0.155239
0.134246 , 0.0945669 , 0.150329
0.127061 , 0.0884354 , 0.144575
0.131428 , 0.092149 , 0.14806
0.137115 , 0.0970443 , 0.152654
0.124807 , 0.0865343 , 0.142791
0.139056 , 0.0987305 , 0.154236
0.125256 , 0.0869117 , 0.143146
0.131195 , 0.0919501 , 0.147874
0.145795 , 0.104641 , 0.159783
0.134483 , 0.094771 , 0.150521
