0.114299 , 0.109274 , 0.114478
0.147245 , 0.142289 , 0.147301
0.208942 , 0.204299 , 0.208948
0.175195 , 0.170367 , 0.175215
0.140564 , 0.135584 , 0.140635
1 , 1 , 1
0.134129 , 0.12913 , 0.134219
0.1844 , 0.17962 , 0.184414
0.128034 , 0.123021 , 0.128145
0.120403 , 0.115379 , 0.120548
0.124327 , 0.119308 , 0.124454
0.115847 , 0.110822 , 0.116017
0.140564 , 0.135584 , 0.140635
0.140564 , 0.135584 , 0.140635
0.175195 , 0.170367 , 0.175215
0.121656 , 0.116633 , 0.121795
0.121656 , 0.116633 , 0.121795
0.115322 , 0.110297 , 0.115496
0.143059 , 0.138087 , 0.143124
0.160228 , 0.155327 , 0.160263
0.130497 , 0.125489 , 0.130599
0.13511 , 0.130114 , 0.135197
0.148783 , 0.143833 , 0.148836
0.155896 , 0.150976 , 0.155937
0.111878 , 0.106855 , 0.112074
0.190447 , 0.1857 , 0.190458
0.124327 , 0.119308 , 0.124454
0.140564 , 0.135584 , 0.140635
0.114299 , 0.109274 , 0.114478
0.150407 , 0.145463 , 0.150456
0.121656 , 0.116633 , 0.121795
0.137174 , 0.132183 , 0.137254
0.157981 , 0.15307 , 0.158019
0.121656 , 0.116633 , 0.121795
0.128034 , 0.123021 , 0.128145
0.143059 , 0.138087 , 0.143124
0.112348 , 0.107324 , 0.11254
0.128034 , 0.123021 , 0.128145
0.119199 , 0.114175 , 0.11935
0.107539 , 0.102523 , 0.107767
0.127256 , 0.122241 , 0.12737
0.134129 , 0.12913 , 0.134219
0.150407 , 0.145463 , 0.150456
0.114806 , 0.109781 , 0.114983
0.124327 , 0.119308 , 0.124454
0.137174 , 0.132183 , 0.137254
0.160228 , 0.155327 , 0.160263
0.121023 , 0.116 , 0.121165
0.117477 , 0.112452 , 0.117638
0.105577 , 0.100564 , 0.10582
0.13318 , 0.128178 , 0.133272
0.13318 , 0.128178 , 0.133272
0.121023 , 0.116 , 0.121165
0.130497 , 0.125489 , 0.130599
0.208942 , 0.204299 , 0.208948
0.117477 , 0.112452 , 0.117638
0.140564 , 0.135584 , 0.140635
1 , 1 , 1
0.126497 , 0.121481 , 0.126614
0.155896 , 0.150976 , 0.155937
0.125033 , 0.120015 , 0.125157
0.112824 , 0.1078 , 0.113013
0.13939 , 0.134407 , 0.139465
0.13511 , 0.130114 , 0.135197
0.160228 , 0.155327 , 0.160263
0.115322 , 0.110297 , 0.115496
0.107137 , 0.102121 , 0.107367
0.137174 , 0.132183 , 0.137254
0.116924 , 0.111899 , 0.117088
0.147245 , 0.142289 , 0.147301
0.162663 , 0.157773 , 0.162695
0.15395 , 0.149021 , 0.153993
0.157981 , 0.15307 , 0.158019
0.162663 , 0.157773 , 0.162695
0.136124 , 0.131131 , 0.136208
0.131365 , 0.126359 , 0.131464
0.141785 , 0.136809 , 0.141853
0.116924 , 0.111899 , 0.117088
0.143059 , 0.138087 , 0.143124
0.122302 , 0.11728 , 0.122438
0.124327 , 0.119308 , 0.124454
0.13318 , 0.128178 , 0.133272
0.115847 , 0.110822 , 0.116017
0.1844 , 0.17962 , 0.184414
0.128034 , 0.123021 , 0.128145
0.107137 , 0.102121 , 0.107367
0.165322 , 0.160445 , 0.165351
0.143059 , 0.138087 , 0.143124
0.134129 , 0.12913 , 0.134219
0.111878 , 0.106855 , 0.112074
0.136124 , 0.131131 , 0.136208
0.113308 , 0.108283 , 0.113494
0.115847 , 0.110822 , 0.116017
0.1844 , 0.17962 , 0.184414
0.0966847 , 0.0917069 , 0.0970141
0.116381 , 0.111356 , 0.116548
0.1844 , 0.17962 , 0.184414
0.130497 , 0.125489 , 0.130599
0.0926439 , 0.0876909 , 0.0930216
0.115847 , 0.110822 , 0.116017
