0.0916472 , 0.0867013 , 0.0920378
0.106347 , 0.101333 , 0.106584
0.0941995 , 0.0892362 , 0.0945578
0.0923918 , 0.0874406 , 0.0927727
0.10836 , 0.103342 , 0.108581
0.0931541 , 0.0881976 , 0.0935253
0.11007 , 0.105049 , 0.110278
0.118041 , 0.113016 , 0.118198
0.138262 , 0.133274 , 0.138339
0.0996944 , 0.094702 , 0.0999917
0.0944663 , 0.0895013 , 0.0948214
0.120403 , 0.115379 , 0.120548
0.102672 , 0.0976678 , 0.10294
0.112824 , 0.1078 , 0.113013
0.0975581 , 0.0925757 , 0.0978778
0.0879428 , 0.0830272 , 0.0883851
0.0904433 , 0.0855065 , 0.09085
0.127256 , 0.122241 , 0.12737
0.122962 , 0.117941 , 0.123095
0.0987612 , 0.093773 , 0.0990681
0.0923918 , 0.0874406 , 0.0927727
0.0906805 , 0.0857419 , 0.0910839
0.125756 , 0.120739 , 0.125877
0.102327 , 0.0973239 , 0.102598
0.105577 , 0.100564 , 0.10582
0.105577 , 0.100564 , 0.10582
0.107539 , 0.102523 , 0.107767
0.10836 , 0.103342 , 0.108581
0.0892827 , 0.0843554 , 0.0897055
0.104091 , 0.0990823 , 0.104346
0.117477 , 0.112452 , 0.117638
0.0846188 , 0.0797359 , 0.085113
0.10373 , 0.0987226 , 0.103989
0.0772237 , 0.0724352 , 0.077855
0.0911602 , 0.0862179 , 0.0915572
0.113799 , 0.108775 , 0.113982
0.141785 , 0.136809 , 0.141853
0.074938 , 0.0701855 , 0.0756185
0.105199 , 0.100187 , 0.105445
0.0819646 , 0.0771119 , 0.0825044
0.116381 , 0.111356 , 0.116548
0.0911602 , 0.0862179 , 0.0915572
0.0906805 , 0.0857419 , 0.0910839
0.11007 , 0.105049 , 0.110278
0.129654 , 0.124644 , 0.129759
0.0872931 , 0.0823834 , 0.0877451
0.115322 , 0.110297 , 0.115496
0.0990692 , 0.0940796 , 0.0993729
0.121023 , 0.116 , 0.121165
0.0879428 , 0.0830272 , 0.0883851
0.101985 , 0.0969839 , 0.10226
0.0950066 , 0.0900383 , 0.0953553
0.0955562 , 0.0905847 , 0.0958985
0.0978546 , 0.0928707 , 0.0981711
0.0969732 , 0.0919938 , 0.0972993
0.0969732 , 0.0919938 , 0.0972993
0.100983 , 0.0959854 , 0.101268
0.0890555 , 0.0841301 , 0.0894816
0.109203 , 0.104183 , 0.109418
0.115847 , 0.110822 , 0.116017
0.120403 , 0.115379 , 0.120548
0.0852167 , 0.0803275 , 0.0857012
0.101314 , 0.0963147 , 0.101595
0.0803652 , 0.0755326 , 0.0809343
0.107947 , 0.102929 , 0.108171
0.110961 , 0.105939 , 0.111163
0.0850162 , 0.0801291 , 0.0855039
0.0931541 , 0.0881976 , 0.0935253
0.116924 , 0.111899 , 0.117088
0.0810664 , 0.0762249 , 0.0816226
0.110961 , 0.105939 , 0.111163
0.104825 , 0.0998145 , 0.105074
0.0914028 , 0.0864587 , 0.0917966
0.120403 , 0.115379 , 0.120548
0.103373 , 0.098367 , 0.103635
0.125033 , 0.120015 , 0.125157
0.0838382 , 0.0789638 , 0.0843455
0.0821472 , 0.0772923 , 0.0826838
0.0996944 , 0.094702 , 0.0999917
0.092898 , 0.0879432 , 0.0932724
0.107947 , 0.102929 , 0.108171
0.121023 , 0.116 , 0.121165
0.106739 , 0.101724 , 0.106973
0.0969732 , 0.0919938 , 0.0972993
0.101314 , 0.0963147 , 0.101595
0.0963988 , 0.0914225 , 0.0967314
0.107947 , 0.102929 , 0.108171
0.121023 , 0.116 , 0.121165
0.0969732 , 0.0919938 , 0.0972993
0.105577 , 0.100564 , 0.10582
0.124327 , 0.119308 , 0.124454
0.102672 , 0.0976678 , 0.10294
0.0978546 , 0.0928707 , 0.0981711
0.0902078 , 0.0852729 , 0.0906177
0.0984561 , 0.0934693 , 0.0987662
0.0914028 , 0.0864587 , 0.0917966
0.0931541 , 0.0881976 , 0.0935253
0.0918935 , 0.0869458 , 0.0922808
0.0931541 , 0.0881976 , 0.0935253
0.0854185 , 0.0805272 , 0.0858997
