0.165322 , 0.160445 , 0.165351
0.144389 , 0.139423 , 0.144451
0.162663 , 0.157773 , 0.162695
0.175195 , 0.170367 , 0.175215
0.198176 , 0.193471 , 0.198184
1 , 1 , 1
0.132259 , 0.127255 , 0.132354
0.227013 , 0.222472 , 0.227015
0.1844 , 0.17962 , 0.184414
0.13939 , 0.134407 , 0.139465
1 , 1 , 1
0.227013 , 0.222472 , 0.227015
1 , 1 , 1
0.147245 , 0.142289 , 0.147301
1 , 1 , 1
0.168251 , 0.163388 , 0.168277
0.136124 , 0.131131 , 0.136208
0.227013 , 0.222472 , 0.227015
0.190447 , 0.1857 , 0.190458
0.179425 , 0.174619 , 0.179442
0.130497 , 0.125489 , 0.130599
0.198176 , 0.193471 , 0.198184
0.190447 , 0.1857 , 0.190458
0.106347 , 0.101333 , 0.106584
0.125756 , 0.120739 , 0.125877
0.15395 , 0.149021 , 0.153993
0.168251 , 0.163388 , 0.168277
1 , 1 , 1
0.157981 , 0.15307 , 0.158019
0.162663 , 0.157773 , 0.162695
0.162663 , 0.157773 , 0.162695
0.126497 , 0.121481 , 0.126614
0.143059 , 0.138087 , 0.143124
0.179425 , 0.174619 , 0.179442
0.227013 , 0.222472 , 0.227015
0.131365 , 0.126359 , 0.131464
1 , 1 , 1
0.162663 , 0.157773 , 0.162695
0.165322 , 0.160445 , 0.165351
0.208942 , 0.204299 , 0.208948
0.179425 , 0.174619 , 0.179442
1 , 1 , 1
0.128034 , 0.123021 , 0.128145
0.162663 , 0.157773 , 0.162695
0.171513 , 0.166667 , 0.171536
0.13318 , 0.128178 , 0.133272
0.227013 , 0.222472 , 0.227015
1 , 1 , 1
1 , 1 , 1
0.125756 , 0.120739 , 0.125877
0.138262 , 0.133274 , 0.138339
0.13511 , 0.130114 , 0.135197
0.168251 , 0.163388 , 0.168277
0.198176 , 0.193471 , 0.198184
0.198176 , 0.193471 , 0.198184
0.168251 , 0.163388 , 0.168277
0.150407 , 0.145463 , 0.150456
0.141785 , 0.136809 , 0.141853
0.136124 , 0.131131 , 0.136208
0.126497 , 0.121481 , 0.126614
0.171513 , 0.166667 , 0.171536
0.155896 , 0.150976 , 0.155937
0.137174 , 0.132183 , 0.137254
0.171513 , 0.166667 , 0.171536
0.179425 , 0.174619 , 0.179442
0.165322 , 0.160445 , 0.165351
0.198176 , 0.193471 , 0.198184
0.162663 , 0.157773 , 0.162695
0.150407 , 0.145463 , 0.150456
0.13318 , 0.128178 , 0.133272
0.165322 , 0.160445 , 0.165351
0.148783 , 0.143833 , 0.148836
0.208942 , 0.204299 , 0.208948
0.155896 , 0.150976 , 0.155937
0.190447 , 0.1857 , 0.190458
0.190447 , 0.1857 , 0.190458
0.168251 , 0.163388 , 0.168277
0.157981 , 0.15307 , 0.158019
0.198176 , 0.193471 , 0.198184
1 , 1 , 1
1 , 1 , 1
0.227013 , 0.222472 , 0.227015
0.160228 , 0.155327 , 0.160263
0.143059 , 0.138087 , 0.143124
0.179425 , 0.174619 , 0.179442
0.171513 , 0.166667 , 0.171536
0.227013 , 0.222472 , 0.227015
1 , 1 , 1
0.198176 , 0.193471 , 0.198184
0.131365 , 0.126359 , 0.131464
0.198176 , 0.193471 , 0.198184
0.208942 , 0.204299 , 0.208948
0.140564 , 0.135584 , 0.140635
1 , 1 , 1
0.152125 , 0.147188 , 0.152171
0.155896 , 0.150976 , 0.155937
1 , 1 , 1
1 , 1 , 1
0.140564 , 0.135584 , 0.140635
0.208942 , 0.204299 , 0.208948
