0.177177 , 0.133225 , 0.186607
0.150463 , 0.108786 , 0.163673
0.158601 , 0.116105 , 0.170541
0.151787 , 0.109969 , 0.164783
0.160854 , 0.118152 , 0.172462
0.15888 , 0.116359 , 0.170779
0.155288 , 0.113112 , 0.167732
0.170579 , 0.127083 , 0.180842
0.142513 , 0.101752 , 0.157071
0.162282 , 0.119454 , 0.173684
0.169361 , 0.125956 , 0.179785
0.168455 , 0.125119 , 0.179
0.1502 , 0.108551 , 0.163452
0.160854 , 0.118152 , 0.172462
0.159441 , 0.116868 , 0.171257
0.171809 , 0.128223 , 0.181913
0.14682 , 0.105547 , 0.160634
0.155016 , 0.112867 , 0.167502
0.173364 , 0.129668 , 0.183268
0.144019 , 0.103075 , 0.158313
0.141766 , 0.101096 , 0.156457
0.160287 , 0.117637 , 0.171978
0.163726 , 0.120773 , 0.174922
0.153931 , 0.111891 , 0.166587
0.155016 , 0.112867 , 0.167502
0.178149 , 0.134136 , 0.187461
0.173992 , 0.130251 , 0.183816
0.17274 , 0.129087 , 0.182724
0.146306 , 0.105093 , 0.160207
0.150727 , 0.109021 , 0.163894
0.168154 , 0.124841 , 0.178739
0.155288 , 0.113112 , 0.167732
0.161995 , 0.119192 , 0.173438
0.170579 , 0.127083 , 0.180842
0.160571 , 0.117894 , 0.17222
0.178475 , 0.134441 , 0.187748
0.144019 , 0.103075 , 0.158313
0.157488 , 0.115097 , 0.169595
0.161995 , 0.119192 , 0.173438
0.152053 , 0.110207 , 0.165006
0.152587 , 0.110685 , 0.165455
0.1502 , 0.108551 , 0.163452
0.168756 , 0.125397 , 0.179261
0.151256 , 0.109494 , 0.164337
0.160854 , 0.118152 , 0.172462
0.157211 , 0.114847 , 0.16936
0.141766 , 0.101096 , 0.156457
0.150991 , 0.109257 , 0.164115
0.131661 , 0.0923483 , 0.148247
0.173992 , 0.130251 , 0.183816
0.144524 , 0.10352 , 0.158731
0.166958 , 0.12374 , 0.177706
0.1775 , 0.133528 , 0.186891
0.147851 , 0.106462 , 0.161492
0.156659 , 0.114348 , 0.168892
0.179129 , 0.135055 , 0.188323
0.176213 , 0.132323 , 0.185761
0.179129 , 0.135055 , 0.188323
0.154744 , 0.112622 , 0.167272
0.160287 , 0.117637 , 0.171978
0.144777 , 0.103743 , 0.15894
0.159161 , 0.116613 , 0.171018
0.15232 , 0.110446 , 0.16523
0.178475 , 0.134441 , 0.187748
0.1502 , 0.108551 , 0.163452
0.173052 , 0.129377 , 0.182995
0.14605 , 0.104867 , 0.159995
0.155561 , 0.113358 , 0.167963
0.158322 , 0.115852 , 0.170304
0.155288 , 0.113112 , 0.167732
0.156935 , 0.114597 , 0.169126
0.176213 , 0.132323 , 0.185761
0.162858 , 0.11998 , 0.174177
0.176533 , 0.132623 , 0.186042
0.161424 , 0.118671 , 0.172949
0.161424 , 0.118671 , 0.172949
0.15232 , 0.110446 , 0.16523
0.147851 , 0.106462 , 0.161492
0.1393 , 0.0989433 , 0.154436
0.147335 , 0.106004 , 0.161062
0.144777 , 0.103743 , 0.15894
0.153124 , 0.111166 , 0.165906
0.149413 , 0.10785 , 0.162794
0.140282 , 0.099799 , 0.155239
0.153392 , 0.111407 , 0.166132
0.152855 , 0.110925 , 0.16568
0.157765 , 0.115348 , 0.169831
0.155288 , 0.113112 , 0.167732
0.158601 , 0.116105 , 0.170541
0.169058 , 0.125676 , 0.179522
0.172429 , 0.128798 , 0.182452
0.159161 , 0.116613 , 0.171018
0.157488 , 0.115097 , 0.169595
0.155561 , 0.113358 , 0.167963
0.147335 , 0.106004 , 0.161062
0.144524 , 0.10352 , 0.158731
0.179457 , 0.135363 , 0.188613
0.14889 , 0.107385 , 0.162358
0.173677 , 0.129959 , 0.183542
0.1393 , 0.0989433 , 0.154436
