0.17274 , 0.129087 , 0.182724
0.160005 , 0.11738 , 0.171737
0.170886 , 0.127366 , 0.181109
0.174306 , 0.130545 , 0.184091
0.175893 , 0.132025 , 0.18548
0.182453 , 0.138183 , 0.191259
0.187973 , 0.143412 , 0.196166
0.170579 , 0.127083 , 0.180842
0.188682 , 0.144086 , 0.196799
0.179786 , 0.135672 , 0.188903
0.176533 , 0.132623 , 0.186042
0.169058 , 0.125676 , 0.179522
0.171193 , 0.127651 , 0.181376
0.175256 , 0.13143 , 0.184922
0.171193 , 0.127651 , 0.181376
0.179129 , 0.135055 , 0.188323
0.162858 , 0.11998 , 0.174177
0.166661 , 0.123466 , 0.177449
0.166958 , 0.12374 , 0.177706
0.182791 , 0.138502 , 0.191558
0.169968 , 0.126517 , 0.180312
0.173992 , 0.130251 , 0.183816
0.189395 , 0.144765 , 0.197436
0.167256 , 0.124014 , 0.177963
0.180779 , 0.136606 , 0.189779
0.184836 , 0.140435 , 0.193373
0.154744 , 0.112622 , 0.167272
0.195642 , 0.150742 , 0.203045
0.169664 , 0.126236 , 0.180048
0.16257 , 0.119716 , 0.17393
0.180779 , 0.136606 , 0.189779
0.169968 , 0.126517 , 0.180312
0.167854 , 0.124565 , 0.17848
0.169664 , 0.126236 , 0.180048
0.189395 , 0.144765 , 0.197436
0.185873 , 0.141417 , 0.194294
0.164892 , 0.121842 , 0.175924
0.167256 , 0.124014 , 0.177963
0.193769 , 0.148945 , 0.201358
0.170886 , 0.127366 , 0.181109
0.191926 , 0.147181 , 0.199703
0.178149 , 0.134136 , 0.187461
0.183469 , 0.139142 , 0.192159
0.203062 , 0.157903 , 0.209765
0.174622 , 0.130839 , 0.184367
0.169361 , 0.125956 , 0.179785
0.177177 , 0.133225 , 0.186607
0.181446 , 0.137234 , 0.190368
0.173677 , 0.129959 , 0.183542
0.185181 , 0.140762 , 0.193679
0.177177 , 0.133225 , 0.186607
0.174622 , 0.130839 , 0.184367
0.18622 , 0.141747 , 0.194604
0.194141 , 0.149301 , 0.201693
0.197932 , 0.152945 , 0.205112
0.171809 , 0.128223 , 0.181913
0.167854 , 0.124565 , 0.17848
0.165773 , 0.122651 , 0.176683
0.183809 , 0.139464 , 0.192461
0.181112 , 0.136919 , 0.190073
0.184493 , 0.14011 , 0.193068
0.166661 , 0.123466 , 0.177449
0.164016 , 0.121039 , 0.175171
0.182116 , 0.137866 , 0.190961
0.165773 , 0.122651 , 0.176683
0.163436 , 0.120508 , 0.174673
0.166958 , 0.12374 , 0.177706
0.166661 , 0.123466 , 0.177449
0.185873 , 0.141417 , 0.194294
0.179129 , 0.135055 , 0.188323
0.17274 , 0.129087 , 0.182724
0.171809 , 0.128223 , 0.181913
0.173364 , 0.129668 , 0.183268
0.178149 , 0.134136 , 0.187461
0.150463 , 0.108786 , 0.163673
0.187973 , 0.143412 , 0.196166
0.168756 , 0.125397 , 0.179261
0.161709 , 0.118931 , 0.173193
0.191197 , 0.146484 , 0.199049
0.173364 , 0.129668 , 0.183268
0.166661 , 0.123466 , 0.177449
0.156384 , 0.1141 , 0.168659
0.181781 , 0.137549 , 0.190664
0.176533 , 0.132623 , 0.186042
0.19266 , 0.147882 , 0.200361
0.188682 , 0.144086 , 0.196799
0.164016 , 0.121039 , 0.175171
0.180779 , 0.136606 , 0.189779
0.186918 , 0.142409 , 0.195225
0.169058 , 0.125676 , 0.179522
0.180447 , 0.136294 , 0.189486
0.185526 , 0.141089 , 0.193986
0.174939 , 0.131134 , 0.184644
0.158043 , 0.1156 , 0.170067
0.195265 , 0.15038 , 0.202705
0.173677 , 0.129959 , 0.183542
0.169664 , 0.126236 , 0.180048
0.169968 , 0.126517 , 0.180312
0.176855 , 0.132924 , 0.186324
0.176213 , 0.132323 , 0.185761
