0.0979002 , 0.0647345 , 0.122334
0.0992746 , 0.0658063 , 0.12334
0.0994716 , 0.0659603 , 0.123484
0.100261 , 0.0665786 , 0.124065
0.0967286 , 0.0638245 , 0.12148
0.0829007 , 0.0533457 , 0.111647
0.094982 , 0.0624744 , 0.120213
0.0917169 , 0.0599708 , 0.117864
0.113519 , 0.0771832 , 0.134016
0.102648 , 0.0684562 , 0.125827
0.096145 , 0.0633725 , 0.121056
0.0996688 , 0.0661145 , 0.123629
0.100459 , 0.0667338 , 0.12421
0.0977045 , 0.0645823 , 0.122191
0.107295 , 0.072153 , 0.129296
0.104253 , 0.0697271 , 0.127019
0.0894376 , 0.0582391 , 0.116239
0.108936 , 0.0734705 , 0.130532
0.100459 , 0.0667338 , 0.12421
0.0984882 , 0.0651925 , 0.122764
0.097509 , 0.0644303 , 0.122049
0.108114 , 0.0728096 , 0.129912
0.1075 , 0.0723167 , 0.129449
0.0944026 , 0.0620282 , 0.119795
0.0947887 , 0.0623254 , 0.120073
0.0892486 , 0.058096 , 0.116105
0.0942098 , 0.0618799 , 0.119655
0.0898161 , 0.0585257 , 0.116508
0.0988811 , 0.0654989 , 0.123052
0.103449 , 0.0690897 , 0.126421
0.106276 , 0.071338 , 0.128531
0.095369 , 0.0627729 , 0.120493
0.0849382 , 0.0548592 , 0.113067
0.100064 , 0.0664237 , 0.123919
0.110176 , 0.0744698 , 0.13147
0.105465 , 0.0706906 , 0.127923
0.112049 , 0.0759872 , 0.132894
0.10648 , 0.0715005 , 0.128683
0.0944026 , 0.0620282 , 0.119795
0.0973137 , 0.0642785 , 0.121906
0.0875536 , 0.0568175 , 0.114905
0.10165 , 0.0676697 , 0.125089
0.0840102 , 0.0541685 , 0.112419
0.0996688 , 0.0661145 , 0.123629
0.0996688 , 0.0661145 , 0.123629
0.0959508 , 0.0632223 , 0.120915
0.111631 , 0.0756481 , 0.132576
0.0924813 , 0.0605545 , 0.118412
0.103649 , 0.0692487 , 0.12657
0.0996688 , 0.0661145 , 0.123629
0.0920988 , 0.0602623 , 0.118137
0.108525 , 0.0731395 , 0.130222
0.0998662 , 0.066269 , 0.123774
0.105667 , 0.0708521 , 0.128075
0.0957567 , 0.0630723 , 0.120774
0.0936323 , 0.0614362 , 0.119239
0.100856 , 0.0670449 , 0.124502
0.101849 , 0.0678266 , 0.125236
0.0959508 , 0.0632223 , 0.120915
0.0868037 , 0.0562542 , 0.114376
0.0951754 , 0.0626235 , 0.120353
0.0996688 , 0.0661145 , 0.123629
0.0957567 , 0.0630723 , 0.120774
0.116277 , 0.0794419 , 0.136136
0.0849382 , 0.0548592 , 0.113067
0.0947887 , 0.0623254 , 0.120073
0.0881174 , 0.057242 , 0.115303
0.104051 , 0.0695674 , 0.126869
0.0947887 , 0.0623254 , 0.120073
0.094982 , 0.0624744 , 0.120213
0.0940172 , 0.0617318 , 0.119516
0.0866165 , 0.0561139 , 0.114244
0.110383 , 0.0746373 , 0.131627
0.0984882 , 0.0651925 , 0.122764
0.100856 , 0.0670449 , 0.124502
0.0988811 , 0.0654989 , 0.123052
0.0907647 , 0.0592458 , 0.117183
0.0858693 , 0.0555544 , 0.113719
0.102049 , 0.0679836 , 0.125383
0.102248 , 0.0681409 , 0.125531
0.102848 , 0.0686142 , 0.125975
0.0942098 , 0.0618799 , 0.119655
0.10648 , 0.0715005 , 0.128683
0.0951754 , 0.0626235 , 0.120353
0.100856 , 0.0670449 , 0.124502
0.0868037 , 0.0562542 , 0.114376
0.0909549 , 0.0593904 , 0.117319
0.100856 , 0.0670449 , 0.124502
0.108525 , 0.0731395 , 0.130222
0.0817956 , 0.0525293 , 0.110881
0.095369 , 0.0627729 , 0.120493
0.108936 , 0.0734705 , 0.130532
0.104656 , 0.0700473 , 0.12732
0.0919078 , 0.0601164 , 0.118001
0.108114 , 0.0728096 , 0.129912
0.0868037 , 0.0562542 , 0.114376
0.106887 , 0.0718262 , 0.128989
0.104253 , 0.0697271 , 0.127019
0.101253 , 0.0673568 , 0.124795
0.107704 , 0.0724808 , 0.129603
