0.136153 , 0.0962117 , 0.151873
0.11184 , 0.0758175 , 0.132735
0.139056 , 0.0987305 , 0.154236
0.119511 , 0.0821116 , 0.138641
0.130037 , 0.0909615 , 0.146946
0.120602 , 0.0830173 , 0.139491
0.103449 , 0.0690897 , 0.126421
0.120602 , 0.0830173 , 0.139491
0.12436 , 0.0861583 , 0.142439
0.107295 , 0.072153 , 0.129296
0.114999 , 0.0783932 , 0.135152
0.119294 , 0.0819315 , 0.138472
0.116064 , 0.0792664 , 0.135971
0.117995 , 0.0808571 , 0.137464
0.118427 , 0.0812139 , 0.137799
0.110798 , 0.0749731 , 0.131942
0.126156 , 0.0876707 , 0.143858
0.121699 , 0.0839311 , 0.140349
0.109762 , 0.0741356 , 0.131156
0.124807 , 0.0865343 , 0.142791
0.127971 , 0.089206 , 0.145299
0.11692 , 0.0799703 , 0.136632
0.12548 , 0.0871009 , 0.143323
0.109349 , 0.0738025 , 0.130844
0.117349 , 0.0803241 , 0.136964
0.109349 , 0.0738025 , 0.130844
0.113729 , 0.0773552 , 0.134178
0.11059 , 0.0748051 , 0.131785
0.11184 , 0.0758175 , 0.132735
0.113519 , 0.0771832 , 0.134016
0.115424 , 0.0787416 , 0.135479
0.116064 , 0.0792664 , 0.135971
0.10506 , 0.0703684 , 0.127621
0.113519 , 0.0771832 , 0.134016
0.120821 , 0.0831994 , 0.139662
0.116705 , 0.0797938 , 0.136466
0.10165 , 0.0676697 , 0.125089
0.125256 , 0.0869117 , 0.143146
0.119077 , 0.0817516 , 0.138303
0.130037 , 0.0909615 , 0.146946
0.127516 , 0.08882 , 0.144936
0.117134 , 0.080147 , 0.136797
0.100856 , 0.0670449 , 0.124502
0.128657 , 0.0897878 , 0.145844
0.11692 , 0.0799703 , 0.136632
0.109142 , 0.0736364 , 0.130688
0.113729 , 0.0773552 , 0.134178
0.127288 , 0.0886275 , 0.144756
0.125705 , 0.0872905 , 0.143501
0.126156 , 0.0876707 , 0.143858
0.100856 , 0.0670449 , 0.124502
0.122803 , 0.0848532 , 0.141214
0.127516 , 0.08882 , 0.144936
0.108525 , 0.0731395 , 0.130222
0.117779 , 0.0806791 , 0.137297
0.124807 , 0.0865343 , 0.142791
0.119511 , 0.0821116 , 0.138641
0.116491 , 0.0796177 , 0.136301
0.129806 , 0.0907649 , 0.146761
0.108936 , 0.0734705 , 0.130532
0.109349 , 0.0738025 , 0.130844
0.126382 , 0.0878613 , 0.144037
0.117134 , 0.080147 , 0.136797
0.123246 , 0.0852244 , 0.141562
0.10385 , 0.0694079 , 0.12672
0.112049 , 0.0759872 , 0.132894
0.115637 , 0.0789162 , 0.135642
0.12104 , 0.0833818 , 0.139833
0.113098 , 0.07684 , 0.133694
0.125256 , 0.0869117 , 0.143146
0.129576 , 0.0905687 , 0.146577
0.128657 , 0.0897878 , 0.145844
0.120602 , 0.0830173 , 0.139491
0.106276 , 0.071338 , 0.128531
0.107704 , 0.0724808 , 0.129603
0.1075 , 0.0723167 , 0.129449
0.119077 , 0.0817516 , 0.138303
0.127288 , 0.0886275 , 0.144756
0.115212 , 0.0785672 , 0.135315
0.114787 , 0.0782195 , 0.134989
0.117564 , 0.0805014 , 0.13713
0.117134 , 0.080147 , 0.136797
0.116491 , 0.0796177 , 0.136301
0.117134 , 0.080147 , 0.136797
0.120165 , 0.0826541 , 0.13915
0.113729 , 0.0773552 , 0.134178
0.115637 , 0.0789162 , 0.135642
0.117349 , 0.0803241 , 0.136964
0.135913 , 0.0960046 , 0.151678
0.109349 , 0.0738025 , 0.130844
0.120165 , 0.0826541 , 0.13915
0.12236 , 0.0844833 , 0.140867
0.146306 , 0.105093 , 0.160207
0.10648 , 0.0715005 , 0.128683
0.103248 , 0.0689309 , 0.126272
0.111631 , 0.0756481 , 0.132576
0.115212 , 0.0785672 , 0.135315
0.130499 , 0.0913558 , 0.147316
0.131195 , 0.0919501 , 0.147874
0.12548 , 0.0871009 , 0.143323
