0.13939 , 0.134407 , 0.139465
0.1844 , 0.17962 , 0.184414
0.145783 , 0.140821 , 0.145842
0.179425 , 0.174619 , 0.179442
0.157981 , 0.15307 , 0.158019
0.190447 , 0.1857 , 0.190458
0.171513 , 0.166667 , 0.171536
0.160228 , 0.155327 , 0.160263
0.227013 , 0.222472 , 0.227015
0.160228 , 0.155327 , 0.160263
0.198176 , 0.193471 , 0.198184
0.175195 , 0.170367 , 0.175215
0.198176 , 0.193471 , 0.198184
0.150407 , 0.145463 , 0.150456
0.15395 , 0.149021 , 0.153993
0.227013 , 0.222472 , 0.227015
1 , 1 , 1
0.162663 , 0.157773 , 0.162695
0.15395 , 0.149021 , 0.153993
1 , 1 , 1
0.1844 , 0.17962 , 0.184414
0.1844 , 0.17962 , 0.184414
0.1844 , 0.17962 , 0.184414
1 , 1 , 1
0.162663 , 0.157773 , 0.162695
0.141785 , 0.136809 , 0.141853
0.119199 , 0.114175 , 0.11935
1 , 1 , 1
0.165322 , 0.160445 , 0.165351
0.190447 , 0.1857 , 0.190458
1 , 1 , 1
0.13511 , 0.130114 , 0.135197
0.157981 , 0.15307 , 0.158019
0.141785 , 0.136809 , 0.141853
0.208942 , 0.204299 , 0.208948
0.175195 , 0.170367 , 0.175215
0.198176 , 0.193471 , 0.198184
1 , 1 , 1
0.179425 , 0.174619 , 0.179442
0.144389 , 0.139423 , 0.144451
0.227013 , 0.222472 , 0.227015
0.227013 , 0.222472 , 0.227015
1 , 1 , 1
1 , 1 , 1
0.152125 , 0.147188 , 0.152171
0.143059 , 0.138087 , 0.143124
0.227013 , 0.222472 , 0.227015
0.152125 , 0.147188 , 0.152171
0.143059 , 0.138087 , 0.143124
1 , 1 , 1
0.143059 , 0.138087 , 0.143124
0.131365 , 0.126359 , 0.131464
0.175195 , 0.170367 , 0.175215
0.116924 , 0.111899 , 0.117088
1 , 1 , 1
0.179425 , 0.174619 , 0.179442
1 , 1 , 1
0.171513 , 0.166667 , 0.171536
1 , 1 , 1
1 , 1 , 1
0.190447 , 0.1857 , 0.190458
1 , 1 , 1
1 , 1 , 1
0.138262 , 0.133274 , 0.138339
1 , 1 , 1
0.141785 , 0.136809 , 0.141853
0.152125 , 0.147188 , 0.152171
0.147245 , 0.142289 , 0.147301
0.1844 , 0.17962 , 0.184414
0.208942 , 0.204299 , 0.208948
0.140564 , 0.135584 , 0.140635
0.198176 , 0.193471 , 0.198184
0.152125 , 0.147188 , 0.152171
0.175195 , 0.170367 , 0.175215
0.171513 , 0.166667 , 0.171536
0.150407 , 0.145463 , 0.150456
0.208942 , 0.204299 , 0.208948
0.190447 , 0.1857 , 0.190458
0.175195 , 0.170367 , 0.175215
0.162663 , 0.157773 , 0.162695
0.138262 , 0.133274 , 0.138339
1 , 1 , 1
1 , 1 , 1
0.160228 , 0.155327 , 0.160263
0.155896 , 0.150976 , 0.155937
0.179425 , 0.174619 , 0.179442
0.168251 , 0.163388 , 0.168277
0.160228 , 0.155327 , 0.160263
0.190447 , 0.1857 , 0.190458
0.157981 , 0.15307 , 0.158019
0.227013 , 0.222472 , 0.227015
0.168251 , 0.163388 , 0.168277
0.190447 , 0.1857 , 0.190458
0.175195 , 0.170367 , 0.175215
0.1844 , 0.17962 , 0.184414
1 , 1 , 1
1 , 1 , 1
0.179425 , 0.174619 , 0.179442
1 , 1 , 1
1 , 1 , 1
