0.197164 , 0.152205 , 0.204418
0.173992 , 0.130251 , 0.183816
0.192292 , 0.147531 , 0.200031
0.190834 , 0.146138 , 0.198724
0.197932 , 0.152945 , 0.205112
0.189038 , 0.144425 , 0.197117
0.177177 , 0.133225 , 0.186607
0.172119 , 0.12851 , 0.182182
0.180779 , 0.136606 , 0.189779
0.188682 , 0.144086 , 0.196799
0.195265 , 0.15038 , 0.202705
0.172429 , 0.128798 , 0.182452
0.17274 , 0.129087 , 0.182724
0.185873 , 0.141417 , 0.194294
0.173992 , 0.130251 , 0.183816
0.197932 , 0.152945 , 0.205112
0.169058 , 0.125676 , 0.179522
0.190112 , 0.145449 , 0.198078
0.205101 , 0.159883 , 0.211622
0.184493 , 0.14011 , 0.193068
0.201857 , 0.156736 , 0.208669
0.175574 , 0.131727 , 0.185201
0.194889 , 0.150019 , 0.202366
0.204691 , 0.159483 , 0.211248
0.190834 , 0.146138 , 0.198724
0.188682 , 0.144086 , 0.196799
0.186918 , 0.142409 , 0.195225
0.180447 , 0.136294 , 0.189486
0.21547 , 0.170017 , 0.221132
0.194889 , 0.150019 , 0.202366
0.163146 , 0.120243 , 0.174425
0.20027 , 0.155201 , 0.207229
0.175893 , 0.132025 , 0.18548
0.193769 , 0.148945 , 0.201358
0.196781 , 0.151837 , 0.204072
0.186569 , 0.142077 , 0.194914
0.187973 , 0.143412 , 0.196166
0.184836 , 0.140435 , 0.193373
0.173992 , 0.130251 , 0.183816
0.175256 , 0.13143 , 0.184922
0.201061 , 0.155965 , 0.207946
0.176533 , 0.132623 , 0.186042
0.178149 , 0.134136 , 0.187461
0.204281 , 0.159086 , 0.210875
0.176213 , 0.132323 , 0.185761
0.182116 , 0.137866 , 0.190961
0.158322 , 0.115852 , 0.170304
0.173052 , 0.129377 , 0.182995
0.201857 , 0.156736 , 0.208669
0.190112 , 0.145449 , 0.198078
0.203873 , 0.15869 , 0.210503
0.175256 , 0.13143 , 0.184922
0.167555 , 0.124289 , 0.178221
0.188327 , 0.143748 , 0.196482
0.197932 , 0.152945 , 0.205112
0.185873 , 0.141417 , 0.194294
0.174939 , 0.131134 , 0.184644
0.205101 , 0.159883 , 0.211622
0.179786 , 0.135672 , 0.188903
0.1964 , 0.151471 , 0.203729
0.197164 , 0.152205 , 0.204418
0.173052 , 0.129377 , 0.182995
0.151256 , 0.109494 , 0.164337
0.173052 , 0.129377 , 0.182995
0.203062 , 0.157903 , 0.209765
0.176213 , 0.132323 , 0.185761
0.195265 , 0.15038 , 0.202705
0.189395 , 0.144765 , 0.197436
0.162282 , 0.119454 , 0.173684
0.183809 , 0.139464 , 0.192461
0.176855 , 0.132924 , 0.186324
0.180779 , 0.136606 , 0.189779
0.187973 , 0.143412 , 0.196166
0.212781 , 0.167377 , 0.218656
0.200665 , 0.155582 , 0.207587
0.202659 , 0.157513 , 0.209398
0.193769 , 0.148945 , 0.201358
0.177177 , 0.133225 , 0.186607
0.170273 , 0.1268 , 0.180577
0.171809 , 0.128223 , 0.181913
0.194141 , 0.149301 , 0.201693
0.171809 , 0.128223 , 0.181913
0.174622 , 0.130839 , 0.184367
0.182116 , 0.137866 , 0.190961
0.166364 , 0.123194 , 0.177193
0.194141 , 0.149301 , 0.201693
0.203062 , 0.157903 , 0.209765
0.21547 , 0.170017 , 0.221132
0.198706 , 0.153691 , 0.205812
0.187269 , 0.142742 , 0.195538
0.178801 , 0.134747 , 0.188035
0.18622 , 0.141747 , 0.194604
0.169664 , 0.126236 , 0.180048
0.181781 , 0.137549 , 0.190664
0.184151 , 0.139787 , 0.192764
0.183469 , 0.139142 , 0.192159
0.180779 , 0.136606 , 0.189779
0.209299 , 0.163972 , 0.21546
0.191926 , 0.147181 , 0.199703
0.180116 , 0.135982 , 0.189194
