0.147851 , 0.106462 , 0.161492
0.142014 , 0.101314 , 0.156661
0.124136 , 0.0859708 , 0.142263
0.1393 , 0.0989433 , 0.154436
0.145795 , 0.104641 , 0.159783
0.131661 , 0.0923483 , 0.148247
0.15232 , 0.110446 , 0.16523
0.144777 , 0.103743 , 0.15894
0.159161 , 0.116613 , 0.171018
0.151521 , 0.109731 , 0.16456
0.14889 , 0.107385 , 0.162358
0.135674 , 0.0957979 , 0.151485
0.13401 , 0.0943632 , 0.150138
0.152053 , 0.110207 , 0.165006
0.158322 , 0.115852 , 0.170304
0.144524 , 0.10352 , 0.158731
0.129346 , 0.0903729 , 0.146394
0.151521 , 0.109731 , 0.16456
0.163436 , 0.120508 , 0.174673
0.145795 , 0.104641 , 0.159783
0.141766 , 0.101096 , 0.156457
0.1393 , 0.0989433 , 0.154436
0.136874 , 0.0968355 , 0.152458
0.152855 , 0.110925 , 0.16568
0.146563 , 0.10532 , 0.16042
0.154473 , 0.112378 , 0.167043
0.14682 , 0.105547 , 0.160634
0.141022 , 0.100446 , 0.155846
0.163146 , 0.120243 , 0.174425
0.147335 , 0.106004 , 0.161062
0.147851 , 0.106462 , 0.161492
0.142513 , 0.101752 , 0.157071
0.139545 , 0.0991565 , 0.154636
0.153124 , 0.111166 , 0.165906
0.140528 , 0.100014 , 0.155441
0.162282 , 0.119454 , 0.173684
0.142513 , 0.101752 , 0.157071
0.138812 , 0.0985182 , 0.154037
0.135913 , 0.0960046 , 0.151678
0.14889 , 0.107385 , 0.162358
0.140528 , 0.100014 , 0.155441
0.139545 , 0.0991565 , 0.154636
0.136874 , 0.0968355 , 0.152458
0.142014 , 0.101314 , 0.156661
0.14837 , 0.106922 , 0.161924
0.164892 , 0.121842 , 0.175924
0.1393 , 0.0989433 , 0.154436
0.135435 , 0.0955917 , 0.151291
0.165479 , 0.12238 , 0.17643
0.167256 , 0.124014 , 0.177963
0.147335 , 0.106004 , 0.161062
0.137598 , 0.0974632 , 0.153047
0.170886 , 0.127366 , 0.181109
0.138568 , 0.0983063 , 0.153838
0.133537 , 0.0939569 , 0.149757
0.121479 , 0.0837477 , 0.140176
0.146563 , 0.10532 , 0.16042
0.138568 , 0.0983063 , 0.153838
0.154202 , 0.112134 , 0.166815
0.142513 , 0.101752 , 0.157071
0.154473 , 0.112378 , 0.167043
0.146563 , 0.10532 , 0.16042
0.132596 , 0.0931494 , 0.148999
0.139056 , 0.0987305 , 0.154236
0.138082 , 0.0978838 , 0.153442
0.158322 , 0.115852 , 0.170304
0.14811 , 0.106692 , 0.161708
0.167854 , 0.124565 , 0.17848
0.133302 , 0.0937545 , 0.149567
0.147851 , 0.106462 , 0.161492
0.14682 , 0.105547 , 0.160634
0.144019 , 0.103075 , 0.158313
0.157211 , 0.114847 , 0.16936
0.153931 , 0.111891 , 0.166587
0.138325 , 0.0980948 , 0.15364
0.135674 , 0.0957979 , 0.151485
0.159161 , 0.116613 , 0.171018
0.152053 , 0.110207 , 0.165006
0.14863 , 0.107153 , 0.162141
0.136874 , 0.0968355 , 0.152458
0.14889 , 0.107385 , 0.162358
0.142014 , 0.101314 , 0.156661
0.135913 , 0.0960046 , 0.151678
0.141766 , 0.101096 , 0.156457
0.130731 , 0.0915535 , 0.147501
0.165479 , 0.12238 , 0.17643
0.138568 , 0.0983063 , 0.153838
0.127516 , 0.08882 , 0.144936
0.142014 , 0.101314 , 0.156661
0.144777 , 0.103743 , 0.15894
0.119294 , 0.0819315 , 0.138472
0.14682 , 0.105547 , 0.160634
0.142263 , 0.101533 , 0.156866
0.150727 , 0.109021 , 0.163894
0.126156 , 0.0876707 , 0.143858
0.143013 , 0.102191 , 0.157484
0.149151 , 0.107617 , 0.162576
0.144524 , 0.10352 , 0.158731
0.133537 , 0.0939569 , 0.149757
0.165479 , 0.12238 , 0.17643
