1 , 1 , 1
1 , 1 , 1
1 , 1 , 1
1 , 1 , 1
1 , 1 , 1
1 , 1 , 1
0.190447 , 0.1857 , 0.190458
0.179425 , 0.174619 , 0.179442
1 , 1 , 1
0.208942 , 0.204299 , 0.208948
1 , 1 , 1
0.227013 , 0.222472 , 0.227015
1 , 1 , 1
0.198176 , 0.193471 , 0.198184
1 , 1 , 1
0.165322 , 0.160445 , 0.165351
0.15395 , 0.149021 , 0.153993
1 , 1 , 1
1 , 1 , 1
1 , 1 , 1
0.148783 , 0.143833 , 0.148836
0.1844 , 0.17962 , 0.184414
0.1844 , 0.17962 , 0.184414
1 , 1 , 1
1 , 1 , 1
0.190447 , 0.1857 , 0.190458
1 , 1 , 1
1 , 1 , 1
1 , 1 , 1
0.162663 , 0.157773 , 0.162695
0.198176 , 0.193471 , 0.198184
0.198176 , 0.193471 , 0.198184
0.162663 , 0.157773 , 0.162695
1 , 1 , 1
1 , 1 , 1
1 , 1 , 1
1 , 1 , 1
0.208942 , 0.204299 , 0.208948
1 , 1 , 1
0.165322 , 0.160445 , 0.165351
1 , 1 , 1
1 , 1 , 1
0.227013 , 0.222472 , 0.227015
0.227013 , 0.222472 , 0.227015
1 , 1 , 1
0.143059 , 0.138087 , 0.143124
0.227013 , 0.222472 , 0.227015
0.1844 , 0.17962 , 0.184414
1 , 1 , 1
0.198176 , 0.193471 , 0.198184
0.168251 , 0.163388 , 0.168277
1 , 1 , 1
0.208942 , 0.204299 , 0.208948
1 , 1 , 1
0.208942 , 0.204299 , 0.208948
1 , 1 , 1
1 , 1 , 1
1 , 1 , 1
1 , 1 , 1
1 , 1 , 1
1 , 1 , 1
0.1844 , 0.17962 , 0.184414
1 , 1 , 1
1 , 1 , 1
1 , 1 , 1
0.208942 , 0.204299 , 0.208948
1 , 1 , 1
0.160228 , 0.155327 , 0.160263
1 , 1 , 1
1 , 1 , 1
0.208942 , 0.204299 , 0.208948
0.198176 , 0.193471 , 0.198184
0.227013 , 0.222472 , 0.227015
1 , 1 , 1
1 , 1 , 1
1 , 1 , 1
1 , 1 , 1
1 , 1 , 1
1 , 1 , 1
1 , 1 , 1
1 , 1 , 1
1 , 1 , 1
1 , 1 , 1
0.198176 , 0.193471 , 0.198184
0.141785 , 0.136809 , 0.141853
0.227013 , 0.222472 , 0.227015
0.165322 , 0.160445 , 0.165351
1 , 1 , 1
1 , 1 , 1
0.136124 , 0.131131 , 0.136208
0.175195 , 0.170367 , 0.175215
0.227013 , 0.222472 , 0.227015
1 , 1 , 1
1 , 1 , 1
0.227013 , 0.222472 , 0.227015
1 , 1 , 1
0.1844 , 0.17962 , 0.184414
0.198176 , 0.193471 , 0.198184
0.168251 , 0.163388 , 0.168277
0.198176 , 0.193471 , 0.198184
