0.218698 , 0.173194 , 0.224114
0.192292 , 0.147531 , 0.200031
0.212781 , 0.167377 , 0.218656
0.20027 , 0.155201 , 0.207229
0.215017 , 0.169572 , 0.220715
0.209299 , 0.163972 , 0.21546
0.213224 , 0.167812 , 0.219064
0.211462 , 0.166085 , 0.217443
0.211462 , 0.166085 , 0.217443
0.209728 , 0.16439 , 0.215853
0.206344 , 0.16109 , 0.212756
0.236038 , 0.190429 , 0.240288
0.202257 , 0.157123 , 0.209033
0.240022 , 0.194425 , 0.244037
0.229567 , 0.183966 , 0.234223
0.218698 , 0.173194 , 0.224114
0.21547 , 0.170017 , 0.221132
0.223494 , 0.177934 , 0.228562
0.226484 , 0.1809 , 0.231346
0.216841 , 0.171365 , 0.222398
0.211462 , 0.166085 , 0.217443
0.21367 , 0.168249 , 0.219473
0.211462 , 0.166085 , 0.217443
0.22598 , 0.180399 , 0.230875
0.219168 , 0.173658 , 0.224549
0.233833 , 0.188223 , 0.238218
0.186569 , 0.142077 , 0.194914
0.223494 , 0.177934 , 0.228562
0.186569 , 0.142077 , 0.194914
0.1964 , 0.151471 , 0.203729
0.226484 , 0.1809 , 0.231346
0.224978 , 0.179405 , 0.229942
0.241781 , 0.196194 , 0.245697
0.201061 , 0.155965 , 0.207946
0.211462 , 0.166085 , 0.217443
0.203467 , 0.158296 , 0.210133
0.225478 , 0.179901 , 0.230408
0.21964 , 0.174123 , 0.224986
0.21547 , 0.170017 , 0.221132
0.197932 , 0.152945 , 0.205112
0.194889 , 0.150019 , 0.202366
0.205101 , 0.159883 , 0.211622
0.209728 , 0.16439 , 0.215853
0.194889 , 0.150019 , 0.202366
0.21547 , 0.170017 , 0.221132
0.215925 , 0.170464 , 0.221552
0.216382 , 0.170913 , 0.221974
0.210159 , 0.164811 , 0.216248
0.236038 , 0.190429 , 0.240288
0.203467 , 0.158296 , 0.210133
0.217766 , 0.172275 , 0.223252
0.225478 , 0.179901 , 0.230408
0.2119 , 0.166514 , 0.217846
0.212781 , 0.167377 , 0.218656
0.22059 , 0.175061 , 0.225866
0.2119 , 0.166514 , 0.217846
0.218698 , 0.173194 , 0.224114
0.219168 , 0.173658 , 0.224549
0.223494 , 0.177934 , 0.228562
0.214117 , 0.168688 , 0.219885
0.209728 , 0.16439 , 0.215853
0.229047 , 0.183448 , 0.233737
0.228014 , 0.18242 , 0.232772
0.194889 , 0.150019 , 0.202366
0.203467 , 0.158296 , 0.210133
0.206344 , 0.16109 , 0.212756
0.201458 , 0.15635 , 0.208307
0.190473 , 0.145793 , 0.1984
0.2119 , 0.166514 , 0.217846
0.210591 , 0.165234 , 0.216644
0.247893 , 0.202356 , 0.25148
0.20027 , 0.155201 , 0.207229
0.2119 , 0.166514 , 0.217846
0.201458 , 0.15635 , 0.208307
0.191561 , 0.146832 , 0.199375
0.223494 , 0.177934 , 0.228562
0.216841 , 0.171365 , 0.222398
0.231677 , 0.18607 , 0.236197
0.213224 , 0.167812 , 0.219064
0.224481 , 0.178912 , 0.22948
0.205101 , 0.159883 , 0.211622
0.224978 , 0.179405 , 0.229942
0.201458 , 0.15635 , 0.208307
0.214566 , 0.169128 , 0.220299
0.239442 , 0.193843 , 0.243491
0.226992 , 0.181404 , 0.231818
0.210591 , 0.165234 , 0.216644
0.190473 , 0.145793 , 0.1984
0.22598 , 0.180399 , 0.230875
0.227501 , 0.181911 , 0.232294
0.215017 , 0.169572 , 0.220715
0.222031 , 0.176486 , 0.227203
0.208446 , 0.163139 , 0.214678
0.208023 , 0.162726 , 0.214291
0.209728 , 0.16439 , 0.215853
0.234379 , 0.18877 , 0.23873
0.205928 , 0.160686 , 0.212376
0.21547 , 0.170017 , 0.221132
0.199877 , 0.154821 , 0.206873
0.218698 , 0.173194 , 0.224114
