0.283857 , 0.2391 , 0.285961
0.284808 , 0.240081 , 0.286882
0.272366 , 0.22728 , 0.274869
0.266753 , 0.221532 , 0.269475
0.296046 , 0.251706 , 0.29779
0.270725 , 0.225598 , 0.273291
0.263699 , 0.218412 , 0.266547
0.28973 , 0.245166 , 0.291654
0.275741 , 0.230746 , 0.278121
0.287727 , 0.243095 , 0.28971
0.255798 , 0.210366 , 0.258997
0.253758 , 0.208294 , 0.257052
0.26221 , 0.216892 , 0.265121
0.265213 , 0.219958 , 0.267998
0.269115 , 0.223949 , 0.271743
0.244787 , 0.199221 , 0.248539
0.261475 , 0.216143 , 0.264418
0.263699 , 0.218412 , 0.266547
0.27748 , 0.232533 , 0.279798
0.267534 , 0.22233 , 0.270224
0.309054 , 0.265225 , 0.310477
0.283857 , 0.2391 , 0.285961
0.244787 , 0.199221 , 0.248539
0.331091 , 0.288256 , 0.332089
0.281986 , 0.237171 , 0.284151
0.266753 , 0.221532 , 0.269475
0.273197 , 0.228133 , 0.27567
0.260022 , 0.214662 , 0.263028
0.270725 , 0.225598 , 0.273291
0.265213 , 0.219958 , 0.267998
0.240604 , 0.195011 , 0.244587
0.26598 , 0.220741 , 0.268733
0.280155 , 0.235285 , 0.282381
0.26598 , 0.220741 , 0.268733
0.293887 , 0.249468 , 0.295691
0.258592 , 0.213207 , 0.261662
0.268321 , 0.223136 , 0.27098
0.259304 , 0.213931 , 0.262343
0.271542 , 0.226435 , 0.274076
0.246017 , 0.200462 , 0.249703
0.2454 , 0.19984 , 0.249119
0.231145 , 0.185539 , 0.235699
0.266753 , 0.221532 , 0.269475
0.283857 , 0.2391 , 0.285961
0.266753 , 0.221532 , 0.269475
0.251105 , 0.205606 , 0.254529
0.26221 , 0.216892 , 0.265121
0.249164 , 0.203642 , 0.252686
0.285769 , 0.241074 , 0.287814
0.259304 , 0.213931 , 0.262343
0.274037 , 0.228995 , 0.276479
0.239442 , 0.193843 , 0.243491
0.253758 , 0.208294 , 0.257052
0.251761 , 0.20627 , 0.255153
0.271542 , 0.226435 , 0.274076
0.255798 , 0.210366 , 0.258997
0.29075 , 0.246221 , 0.292644
0.251761 , 0.20627 , 0.255153
0.285769 , 0.241074 , 0.287814
0.255113 , 0.20967 , 0.258343
0.274037 , 0.228995 , 0.276479
0.26598 , 0.220741 , 0.268733
0.266753 , 0.221532 , 0.269475
0.298262 , 0.254005 , 0.299948
0.27748 , 0.232533 , 0.279798
0.274885 , 0.229866 , 0.277296
0.262951 , 0.217649 , 0.265831
0.276606 , 0.231634 , 0.278955
0.257184 , 0.211775 , 0.260319
0.29075 , 0.246221 , 0.292644
0.253758 , 0.208294 , 0.257052
0.269115 , 0.223949 , 0.271743
0.274885 , 0.229866 , 0.277296
0.261475 , 0.216143 , 0.264418
0.265213 , 0.219958 , 0.267998
0.260022 , 0.214662 , 0.263028
0.286742 , 0.242079 , 0.288756
0.266753 , 0.221532 , 0.269475
0.318578 , 0.27516 , 0.3198
0.266753 , 0.221532 , 0.269475
0.283857 , 0.2391 , 0.285961
0.263699 , 0.218412 , 0.266547
0.236038 , 0.190429 , 0.240288
0.237159 , 0.191553 , 0.241342
0.259304 , 0.213931 , 0.262343
0.269115 , 0.223949 , 0.271743
0.243573 , 0.197998 , 0.24739
0.254433 , 0.208979 , 0.257695
0.260745 , 0.215399 , 0.26372
0.27748 , 0.232533 , 0.279798
0.266753 , 0.221532 , 0.269475
0.247893 , 0.202356 , 0.25148
0.274037 , 0.228995 , 0.276479
0.256489 , 0.211067 , 0.259655
0.285769 , 0.241074 , 0.287814
0.284808 , 0.240081 , 0.286882
0.263699 , 0.218412 , 0.266547
0.271542 , 0.226435 , 0.274076
0.269916 , 0.224769 , 0.272513
0.254433 , 0.208979 , 0.257695
