1 , 1 , 1
1 , 1 , 1
1 , 1 , 1
0.179425 , 0.174619 , 0.179442
1 , 1 , 1
1 , 1 , 1
0.160228 , 0.155327 , 0.160263
1 , 1 , 1
0.157981 , 0.15307 , 0.158019
1 , 1 , 1
1 , 1 , 1
1 , 1 , 1
0.168251 , 0.163388 , 0.168277
1 , 1 , 1
1 , 1 , 1
0.190447 , 0.1857 , 0.190458
1 , 1 , 1
0.168251 , 0.163388 , 0.168277
1 , 1 , 1
0.179425 , 0.174619 , 0.179442
0.147245 , 0.142289 , 0.147301
0.198176 , 0.193471 , 0.198184
1 , 1 , 1
1 , 1 , 1
1 , 1 , 1
1 , 1 , 1
1 , 1 , 1
0.160228 , 0.155327 , 0.160263
0.227013 , 0.222472 , 0.227015
0.1844 , 0.17962 , 0.184414
1 , 1 , 1
1 , 1 , 1
1 , 1 , 1
1 , 1 , 1
1 , 1 , 1
1 , 1 , 1
0.175195 , 0.170367 , 0.175215
1 , 1 , 1
0.168251 , 0.163388 , 0.168277
1 , 1 , 1
1 , 1 , 1
0.227013 , 0.222472 , 0.227015
1 , 1 , 1
1 , 1 , 1
1 , 1 , 1
1 , 1 , 1
1 , 1 , 1
0.190447 , 0.1857 , 0.190458
1 , 1 , 1
0.198176 , 0.193471 , 0.198184
1 , 1 , 1
0.227013 , 0.222472 , 0.227015
1 , 1 , 1
1 , 1 , 1
1 , 1 , 1
1 , 1 , 1
0.198176 , 0.193471 , 0.198184
1 , 1 , 1
1 , 1 , 1
0.1844 , 0.17962 , 0.184414
1 , 1 , 1
1 , 1 , 1
0.208942 , 0.204299 , 0.208948
1 , 1 , 1
1 , 1 , 1
1 , 1 , 1
1 , 1 , 1
1 , 1 , 1
0.227013 , 0.222472 , 0.227015
0.179425 , 0.174619 , 0.179442
1 , 1 , 1
1 , 1 , 1
1 , 1 , 1
0.1844 , 0.17962 , 0.184414
0.208942 , 0.204299 , 0.208948
1 , 1 , 1
0.15395 , 0.149021 , 0.153993
0.208942 , 0.204299 , 0.208948
1 , 1 , 1
1 , 1 , 1
1 , 1 , 1
1 , 1 , 1
1 , 1 , 1
0.227013 , 0.222472 , 0.227015
0.227013 , 0.222472 , 0.227015
1 , 1 , 1
0.175195 , 0.170367 , 0.175215
1 , 1 , 1
0.190447 , 0.1857 , 0.190458
1 , 1 , 1
0.198176 , 0.193471 , 0.198184
0.175195 , 0.170367 , 0.175215
0.208942 , 0.204299 , 0.208948
0.208942 , 0.204299 , 0.208948
1 , 1 , 1
1 , 1 , 1
0.162663 , 0.157773 , 0.162695
0.168251 , 0.163388 , 0.168277
0.227013 , 0.222472 , 0.227015
1 , 1 , 1
