0.239442 , 0.193843 , 0.243491
0.218698 , 0.173194 , 0.224114
0.248526 , 0.202996 , 0.252081
0.240604 , 0.195011 , 0.244587
0.240022 , 0.194425 , 0.244037
0.221548 , 0.176009 , 0.226755
0.237159 , 0.191553 , 0.241342
0.236038 , 0.190429 , 0.240288
0.257184 , 0.211775 , 0.260319
0.244178 , 0.198608 , 0.247963
0.221068 , 0.175534 , 0.226309
0.242972 , 0.197392 , 0.246822
0.236038 , 0.190429 , 0.240288
0.242375 , 0.196791 , 0.246258
0.218698 , 0.173194 , 0.224114
0.246017 , 0.200462 , 0.249703
0.23009 , 0.184488 , 0.234712
0.226484 , 0.1809 , 0.231346
0.234929 , 0.189319 , 0.239246
0.22059 , 0.175061 , 0.225866
0.222517 , 0.176966 , 0.227654
0.248526 , 0.202996 , 0.252081
0.223986 , 0.178422 , 0.22902
0.23009 , 0.184488 , 0.234712
0.222031 , 0.176486 , 0.227203
0.219168 , 0.173658 , 0.224549
0.216841 , 0.171365 , 0.222398
0.251761 , 0.20627 , 0.255153
0.217302 , 0.171819 , 0.222824
0.250454 , 0.204946 , 0.253911
0.240604 , 0.195011 , 0.244587
0.235482 , 0.189873 , 0.239765
0.240022 , 0.194425 , 0.244037
0.223494 , 0.177934 , 0.228562
0.224978 , 0.179405 , 0.229942
0.238866 , 0.193265 , 0.242949
0.227501 , 0.181911 , 0.232294
0.263699 , 0.218412 , 0.266547
0.220113 , 0.174591 , 0.225425
0.231677 , 0.18607 , 0.236197
0.267534 , 0.22233 , 0.270224
0.213224 , 0.167812 , 0.219064
0.241191 , 0.1956 , 0.24514
0.231677 , 0.18607 , 0.236197
0.244178 , 0.198608 , 0.247963
0.219168 , 0.173658 , 0.224549
0.228014 , 0.18242 , 0.232772
0.257184 , 0.211775 , 0.260319
0.269916 , 0.224769 , 0.272513
0.239442 , 0.193843 , 0.243491
0.222517 , 0.176966 , 0.227654
0.229047 , 0.183448 , 0.233737
0.21367 , 0.168249 , 0.219473
0.224481 , 0.178912 , 0.22948
0.228529 , 0.182933 , 0.233253
0.233833 , 0.188223 , 0.238218
0.231677 , 0.18607 , 0.236197
0.240022 , 0.194425 , 0.244037
0.214117 , 0.168688 , 0.219885
0.242972 , 0.197392 , 0.246822
0.232749 , 0.18714 , 0.237201
0.228014 , 0.18242 , 0.232772
0.20718 , 0.161905 , 0.21352
0.264453 , 0.219181 , 0.267269
0.238866 , 0.193265 , 0.242949
0.221068 , 0.175534 , 0.226309
0.248526 , 0.202996 , 0.252081
0.238866 , 0.193265 , 0.242949
0.226484 , 0.1809 , 0.231346
0.240604 , 0.195011 , 0.244587
0.241781 , 0.196194 , 0.245697
0.256489 , 0.211067 , 0.259655
0.255798 , 0.210366 , 0.258997
0.249164 , 0.203642 , 0.252686
0.254433 , 0.208979 , 0.257695
0.218231 , 0.172734 , 0.223682
0.232211 , 0.186603 , 0.236697
0.261475 , 0.216143 , 0.264418
0.247263 , 0.20172 , 0.250883
0.270725 , 0.225598 , 0.273291
0.233289 , 0.18768 , 0.237708
0.239442 , 0.193843 , 0.243491
0.241781 , 0.196194 , 0.245697
0.274885 , 0.229866 , 0.277296
0.212781 , 0.167377 , 0.218656
0.221068 , 0.175534 , 0.226309
0.26221 , 0.216892 , 0.265121
0.226992 , 0.181404 , 0.231818
0.225478 , 0.179901 , 0.230408
0.234929 , 0.189319 , 0.239246
0.228529 , 0.182933 , 0.233253
0.224481 , 0.178912 , 0.22948
0.237725 , 0.19212 , 0.241874
0.231145 , 0.185539 , 0.235699
0.223004 , 0.177449 , 0.228107
0.248526 , 0.202996 , 0.252081
0.255113 , 0.20967 , 0.258343
0.231145 , 0.185539 , 0.235699
0.249807 , 0.204291 , 0.253296
0.256489 , 0.211067 , 0.259655
