0.249807 , 0.204291 , 0.253296
0.251105 , 0.205606 , 0.254529
0.250454 , 0.204946 , 0.253911
0.274885 , 0.229866 , 0.277296
0.247893 , 0.202356 , 0.25148
0.260022 , 0.214662 , 0.263028
0.250454 , 0.204946 , 0.253911
0.22598 , 0.180399 , 0.230875
0.260022 , 0.214662 , 0.263028
0.246017 , 0.200462 , 0.249703
0.258592 , 0.213207 , 0.261662
0.246638 , 0.201089 , 0.250291
0.253087 , 0.207614 , 0.256414
0.259304 , 0.213931 , 0.262343
0.237725 , 0.19212 , 0.241874
0.256489 , 0.211067 , 0.259655
0.249164 , 0.203642 , 0.252686
0.26221 , 0.216892 , 0.265121
0.217302 , 0.171819 , 0.222824
0.252422 , 0.20694 , 0.255781
0.241191 , 0.1956 , 0.24514
0.266753 , 0.221532 , 0.269475
0.253087 , 0.207614 , 0.256414
0.260745 , 0.215399 , 0.26372
0.257184 , 0.211775 , 0.260319
0.281065 , 0.236223 , 0.283261
0.281065 , 0.236223 , 0.283261
0.273197 , 0.228133 , 0.27567
0.22059 , 0.175061 , 0.225866
0.268321 , 0.223136 , 0.27098
0.234379 , 0.18877 , 0.23873
0.251761 , 0.20627 , 0.255153
0.244787 , 0.199221 , 0.248539
0.223004 , 0.177449 , 0.228107
0.238294 , 0.192691 , 0.24241
0.260745 , 0.215399 , 0.26372
0.220113 , 0.174591 , 0.225425
0.247263 , 0.20172 , 0.250883
0.27748 , 0.232533 , 0.279798
0.26221 , 0.216892 , 0.265121
0.273197 , 0.228133 , 0.27567
0.279254 , 0.234358 , 0.281511
0.232749 , 0.18714 , 0.237201
0.246017 , 0.200462 , 0.249703
0.231677 , 0.18607 , 0.236197
0.22598 , 0.180399 , 0.230875
0.240604 , 0.195011 , 0.244587
0.274885 , 0.229866 , 0.277296
0.259304 , 0.213931 , 0.262343
0.257184 , 0.211775 , 0.260319
0.261475 , 0.216143 , 0.264418
0.253087 , 0.207614 , 0.256414
0.240022 , 0.194425 , 0.244037
0.257184 , 0.211775 , 0.260319
0.229567 , 0.183966 , 0.234223
0.280155 , 0.235285 , 0.282381
0.261475 , 0.216143 , 0.264418
0.246017 , 0.200462 , 0.249703
0.254433 , 0.208979 , 0.257695
0.242972 , 0.197392 , 0.246822
0.257886 , 0.212488 , 0.260988
0.271542 , 0.226435 , 0.274076
0.257886 , 0.212488 , 0.260988
0.216382 , 0.170913 , 0.221974
0.256489 , 0.211067 , 0.259655
0.269916 , 0.224769 , 0.272513
0.233289 , 0.18768 , 0.237708
0.271542 , 0.226435 , 0.274076
0.243573 , 0.197998 , 0.24739
0.222031 , 0.176486 , 0.227203
0.278362 , 0.23344 , 0.28065
0.235482 , 0.189873 , 0.239765
0.261475 , 0.216143 , 0.264418
0.249164 , 0.203642 , 0.252686
0.261475 , 0.216143 , 0.264418
0.252422 , 0.20694 , 0.255781
0.252422 , 0.20694 , 0.255781
0.240022 , 0.194425 , 0.244037
0.269115 , 0.223949 , 0.271743
0.260745 , 0.215399 , 0.26372
0.231677 , 0.18607 , 0.236197
0.267534 , 0.22233 , 0.270224
0.250454 , 0.204946 , 0.253911
0.253087 , 0.207614 , 0.256414
0.262951 , 0.217649 , 0.265831
0.248526 , 0.202996 , 0.252081
0.268321 , 0.223136 , 0.27098
0.247263 , 0.20172 , 0.250883
0.244178 , 0.198608 , 0.247963
0.246638 , 0.201089 , 0.250291
0.238866 , 0.193265 , 0.242949
0.253758 , 0.208294 , 0.257052
0.240022 , 0.194425 , 0.244037
0.262951 , 0.217649 , 0.265831
0.287727 , 0.243095 , 0.28971
0.251105 , 0.205606 , 0.254529
0.230616 , 0.185012 , 0.235204
0.229047 , 0.183448 , 0.233737
0.305295 , 0.261312 , 0.306805
0.258592 , 0.213207 , 0.261662
