1 , 1 , 1
1 , 1 , 1
1 , 1 , 1
1 , 1 , 1
1 , 1 , 1
1 , 1 , 1
1 , 1 , 1
0.208942 , 0.204299 , 0.208948
1 , 1 , 1
1 , 1 , 1
1 , 1 , 1
1 , 1 , 1
1 , 1 , 1
1 , 1 , 1
1 , 1 , 1
1 , 1 , 1
1 , 1 , 1
1 , 1 , 1
1 , 1 , 1
1 , 1 , 1
1 , 1 , 1
1 , 1 , 1
1 , 1 , 1
0.190447 , 0.1857 , 0.190458
1 , 1 , 1
0.227013 , 0.222472 , 0.227015
1 , 1 , 1
1 , 1 , 1
1 , 1 , 1
1 , 1 , 1
1 , 1 , 1
1 , 1 , 1
1 , 1 , 1
1 , 1 , 1
1 , 1 , 1
1 , 1 , 1
1 , 1 , 1
1 , 1 , 1
1 , 1 , 1
1 , 1 , 1
1 , 1 , 1
1 , 1 , 1
1 , 1 , 1
0.1844 , 0.17962 , 0.184414
1 , 1 , 1
1 , 1 , 1
1 , 1 , 1
1 , 1 , 1
1 , 1 , 1
1 , 1 , 1
1 , 1 , 1
1 , 1 , 1
1 , 1 , 1
1 , 1 , 1
1 , 1 , 1
0.175195 , 0.170367 , 0.175215
1 , 1 , 1
1 , 1 , 1
0.227013 , 0.222472 , 0.227015
1 , 1 , 1
1 , 1 , 1
1 , 1 , 1
1 , 1 , 1
1 , 1 , 1
1 , 1 , 1
1 , 1 , 1
1 , 1 , 1
1 , 1 , 1
0.190447 , 0.1857 , 0.190458
1 , 1 , 1
1 , 1 , 1
0.227013 , 0.222472 , 0.227015
0.198176 , 0.193471 , 0.198184
1 , 1 , 1
1 , 1 , 1
1 , 1 , 1
1 , 1 , 1
1 , 1 , 1
1 , 1 , 1
1 , 1 , 1
1 , 1 , 1
1 , 1 , 1
1 , 1 , 1
1 , 1 , 1
1 , 1 , 1
1 , 1 , 1
1 , 1 , 1
1 , 1 , 1
1 , 1 , 1
1 , 1 , 1
1 , 1 , 1
0.198176 , 0.193471 , 0.198184
1 , 1 , 1
1 , 1 , 1
1 , 1 , 1
1 , 1 , 1
1 , 1 , 1
1 , 1 , 1
1 , 1 , 1
1 , 1 , 1
