0.272366 , 0.22728 , 0.274869
0.261475 , 0.216143 , 0.264418
0.254433 , 0.208979 , 0.257695
0.298262 , 0.254005 , 0.299948
0.281986 , 0.237171 , 0.284151
0.269115 , 0.223949 , 0.271743
0.296046 , 0.251706 , 0.29779
0.251761 , 0.20627 , 0.255153
0.288722 , 0.244124 , 0.290676
0.293887 , 0.249468 , 0.295691
0.309054 , 0.265225 , 0.310477
0.307782 , 0.2639 , 0.309234
0.282916 , 0.23813 , 0.285051
0.279254 , 0.234358 , 0.281511
0.276606 , 0.231634 , 0.278955
0.27748 , 0.232533 , 0.279798
0.274885 , 0.229866 , 0.277296
0.283857 , 0.2391 , 0.285961
0.286742 , 0.242079 , 0.288756
0.275741 , 0.230746 , 0.278121
0.30054 , 0.256369 , 0.302167
0.274885 , 0.229866 , 0.277296
0.291783 , 0.24729 , 0.293646
0.294959 , 0.25058 , 0.296734
0.250454 , 0.204946 , 0.253911
0.292828 , 0.248372 , 0.294662
0.298262 , 0.254005 , 0.299948
0.284808 , 0.240081 , 0.286882
0.32616 , 0.28309 , 0.327241
0.274885 , 0.229866 , 0.277296
0.281065 , 0.236223 , 0.283261
0.274037 , 0.228995 , 0.276479
0.291783 , 0.24729 , 0.293646
0.262951 , 0.217649 , 0.265831
0.309054 , 0.265225 , 0.310477
0.278362 , 0.23344 , 0.28065
0.30408 , 0.260048 , 0.305619
0.275741 , 0.230746 , 0.278121
0.260745 , 0.215399 , 0.26372
0.251761 , 0.20627 , 0.255153
0.286742 , 0.242079 , 0.288756
0.255798 , 0.210366 , 0.258997
0.268321 , 0.223136 , 0.27098
0.287727 , 0.243095 , 0.28971
0.280155 , 0.235285 , 0.282381
0.29075 , 0.246221 , 0.292644
0.262951 , 0.217649 , 0.265831
0.310347 , 0.266572 , 0.311741
0.283857 , 0.2391 , 0.285961
0.318578 , 0.27516 , 0.3198
0.278362 , 0.23344 , 0.28065
0.310347 , 0.266572 , 0.311741
0.264453 , 0.219181 , 0.267269
0.284808 , 0.240081 , 0.286882
0.267534 , 0.22233 , 0.270224
0.269115 , 0.223949 , 0.271743
0.278362 , 0.23344 , 0.28065
0.269115 , 0.223949 , 0.271743
0.291783 , 0.24729 , 0.293646
0.265213 , 0.219958 , 0.267998
0.275741 , 0.230746 , 0.278121
0.317145 , 0.273664 , 0.318396
0.266753 , 0.221532 , 0.269475
0.278362 , 0.23344 , 0.28065
0.26221 , 0.216892 , 0.265121
0.279254 , 0.234358 , 0.281511
0.314356 , 0.270752 , 0.315664
0.279254 , 0.234358 , 0.281511
0.248526 , 0.202996 , 0.252081
0.29075 , 0.246221 , 0.292644
0.276606 , 0.231634 , 0.278955
0.281065 , 0.236223 , 0.283261
0.284808 , 0.240081 , 0.286882
0.273197 , 0.228133 , 0.27567
0.307782 , 0.2639 , 0.309234
0.262951 , 0.217649 , 0.265831
0.278362 , 0.23344 , 0.28065
0.317145 , 0.273664 , 0.318396
0.315738 , 0.272195 , 0.317018
0.284808 , 0.240081 , 0.286882
0.275741 , 0.230746 , 0.278121
0.29075 , 0.246221 , 0.292644
0.296046 , 0.251706 , 0.29779
0.280155 , 0.235285 , 0.282381
0.294959 , 0.25058 , 0.296734
0.282916 , 0.23813 , 0.285051
0.297146 , 0.252847 , 0.298862
0.283857 , 0.2391 , 0.285961
0.247263 , 0.20172 , 0.250883
0.275741 , 0.230746 , 0.278121
0.255113 , 0.20967 , 0.258343
0.276606 , 0.231634 , 0.278955
0.276606 , 0.231634 , 0.278955
0.270725 , 0.225598 , 0.273291
0.291783 , 0.24729 , 0.293646
0.267534 , 0.22233 , 0.270224
0.283857 , 0.2391 , 0.285961
0.301703 , 0.257578 , 0.303301
0.29075 , 0.246221 , 0.292644
0.306529 , 0.262596 , 0.30801
