0.233289 , 0.18768 , 0.237708
0.211026 , 0.165659 , 0.217043
0.215925 , 0.170464 , 0.221552
0.241781 , 0.196194 , 0.245697
0.208446 , 0.163139 , 0.214678
0.235482 , 0.189873 , 0.239765
0.194889 , 0.150019 , 0.202366
0.231677 , 0.18607 , 0.236197
0.219168 , 0.173658 , 0.224549
0.223986 , 0.178422 , 0.22902
0.1964 , 0.151471 , 0.203729
0.238294 , 0.192691 , 0.24241
0.199877 , 0.154821 , 0.206873
0.201857 , 0.156736 , 0.208669
0.231677 , 0.18607 , 0.236197
0.21964 , 0.174123 , 0.224986
0.229567 , 0.183966 , 0.234223
0.242375 , 0.196791 , 0.246258
0.214117 , 0.168688 , 0.219885
0.191561 , 0.146832 , 0.199375
0.236038 , 0.190429 , 0.240288
0.21964 , 0.174123 , 0.224986
0.236038 , 0.190429 , 0.240288
0.226992 , 0.181404 , 0.231818
0.213224 , 0.167812 , 0.219064
0.218231 , 0.172734 , 0.223682
0.214117 , 0.168688 , 0.219885
0.220113 , 0.174591 , 0.225425
0.216382 , 0.170913 , 0.221974
0.216382 , 0.170913 , 0.221974
0.226992 , 0.181404 , 0.231818
0.2119 , 0.166514 , 0.217846
0.247893 , 0.202356 , 0.25148
0.234379 , 0.18877 , 0.23873
0.22059 , 0.175061 , 0.225866
0.218231 , 0.172734 , 0.223682
0.250454 , 0.204946 , 0.253911
0.223494 , 0.177934 , 0.228562
0.273197 , 0.228133 , 0.27567
0.212339 , 0.166945 , 0.21825
0.224978 , 0.179405 , 0.229942
0.222031 , 0.176486 , 0.227203
0.22598 , 0.180399 , 0.230875
0.226992 , 0.181404 , 0.231818
0.194889 , 0.150019 , 0.202366
0.222031 , 0.176486 , 0.227203
0.205928 , 0.160686 , 0.212376
0.223004 , 0.177449 , 0.228107
0.204691 , 0.159483 , 0.211248
0.232211 , 0.186603 , 0.236697
0.244178 , 0.198608 , 0.247963
0.20718 , 0.161905 , 0.21352
0.223494 , 0.177934 , 0.228562
0.215017 , 0.169572 , 0.220715
0.241191 , 0.1956 , 0.24514
0.232211 , 0.186603 , 0.236697
0.246017 , 0.200462 , 0.249703
0.232749 , 0.18714 , 0.237201
0.22598 , 0.180399 , 0.230875
0.218698 , 0.173194 , 0.224114
0.213224 , 0.167812 , 0.219064
0.246017 , 0.200462 , 0.249703
0.237159 , 0.191553 , 0.241342
0.219168 , 0.173658 , 0.224549
0.213224 , 0.167812 , 0.219064
0.212339 , 0.166945 , 0.21825
0.217302 , 0.171819 , 0.222824
0.236038 , 0.190429 , 0.240288
0.241781 , 0.196194 , 0.245697
0.236038 , 0.190429 , 0.240288
0.216841 , 0.171365 , 0.222398
0.232211 , 0.186603 , 0.236697
0.215017 , 0.169572 , 0.220715
0.234929 , 0.189319 , 0.239246
0.211026 , 0.165659 , 0.217043
0.228014 , 0.18242 , 0.232772
0.221068 , 0.175534 , 0.226309
0.242375 , 0.196791 , 0.246258
0.206761 , 0.161497 , 0.213137
0.223004 , 0.177449 , 0.228107
0.223986 , 0.178422 , 0.22902
0.226992 , 0.181404 , 0.231818
0.224481 , 0.178912 , 0.22948
0.218231 , 0.172734 , 0.223682
0.213224 , 0.167812 , 0.219064
0.254433 , 0.208979 , 0.257695
0.223986 , 0.178422 , 0.22902
0.221068 , 0.175534 , 0.226309
0.232211 , 0.186603 , 0.236697
0.2119 , 0.166514 , 0.217846
0.210159 , 0.164811 , 0.216248
0.226992 , 0.181404 , 0.231818
0.20718 , 0.161905 , 0.21352
0.225478 , 0.179901 , 0.230408
0.244178 , 0.198608 , 0.247963
0.21547 , 0.170017 , 0.221132
0.222517 , 0.176966 , 0.227654
0.221068 , 0.175534 , 0.226309
0.220113 , 0.174591 , 0.225425
0.2076 , 0.162314 , 0.213904
