0.29075 , 0.246221 , 0.292644
0.28973 , 0.245166 , 0.291654
0.318578 , 0.27516 , 0.3198
0.283857 , 0.2391 , 0.285961
0.29075 , 0.246221 , 0.292644
0.315738 , 0.272195 , 0.317018
0.262951 , 0.217649 , 0.265831
0.284808 , 0.240081 , 0.286882
0.274037 , 0.228995 , 0.276479
0.301703 , 0.257578 , 0.303301
0.296046 , 0.251706 , 0.29779
0.282916 , 0.23813 , 0.285051
0.310347 , 0.266572 , 0.311741
0.291783 , 0.24729 , 0.293646
0.273197 , 0.228133 , 0.27567
0.318578 , 0.27516 , 0.3198
0.294959 , 0.25058 , 0.296734
0.310347 , 0.266572 , 0.311741
0.293887 , 0.249468 , 0.295691
0.315738 , 0.272195 , 0.317018
0.281986 , 0.237171 , 0.284151
0.318578 , 0.27516 , 0.3198
0.260745 , 0.215399 , 0.26372
0.280155 , 0.235285 , 0.282381
0.285769 , 0.241074 , 0.287814
0.28973 , 0.245166 , 0.291654
0.305295 , 0.261312 , 0.306805
0.29075 , 0.246221 , 0.292644
0.271542 , 0.226435 , 0.274076
0.261475 , 0.216143 , 0.264418
0.270725 , 0.225598 , 0.273291
0.297146 , 0.252847 , 0.298862
0.317145 , 0.273664 , 0.318396
0.26221 , 0.216892 , 0.265121
0.270725 , 0.225598 , 0.273291
0.267534 , 0.22233 , 0.270224
0.282916 , 0.23813 , 0.285051
0.30408 , 0.260048 , 0.305619
0.286742 , 0.242079 , 0.288756
0.28973 , 0.245166 , 0.291654
0.331091 , 0.288256 , 0.332089
0.273197 , 0.228133 , 0.27567
0.264453 , 0.219181 , 0.267269
0.305295 , 0.261312 , 0.306805
0.268321 , 0.223136 , 0.27098
0.293887 , 0.249468 , 0.295691
0.278362 , 0.23344 , 0.28065
0.307782 , 0.2639 , 0.309234
0.299393 , 0.255179 , 0.30105
0.298262 , 0.254005 , 0.299948
0.273197 , 0.228133 , 0.27567
0.264453 , 0.219181 , 0.267269
0.280155 , 0.235285 , 0.282381
0.309054 , 0.265225 , 0.310477
0.309054 , 0.265225 , 0.310477
0.299393 , 0.255179 , 0.30105
0.282916 , 0.23813 , 0.285051
0.276606 , 0.231634 , 0.278955
0.297146 , 0.252847 , 0.298862
0.338202 , 0.295715 , 0.33909
0.274885 , 0.229866 , 0.277296
0.30408 , 0.260048 , 0.305619
0.299393 , 0.255179 , 0.30105
0.30408 , 0.260048 , 0.305619
0.318578 , 0.27516 , 0.3198
0.30054 , 0.256369 , 0.302167
0.306529 , 0.262596 , 0.30801
0.321523 , 0.278238 , 0.322689
0.298262 , 0.254005 , 0.299948
0.285769 , 0.241074 , 0.287814
0.293887 , 0.249468 , 0.295691
0.262951 , 0.217649 , 0.265831
0.302883 , 0.258804 , 0.304451
0.298262 , 0.254005 , 0.299948
0.357187 , 0.315688 , 0.357832
0.285769 , 0.241074 , 0.287814
0.327769 , 0.284774 , 0.328823
0.262951 , 0.217649 , 0.265831
0.287727 , 0.243095 , 0.28971
0.30054 , 0.256369 , 0.302167
0.29075 , 0.246221 , 0.292644
0.283857 , 0.2391 , 0.285961
0.293887 , 0.249468 , 0.295691
0.293887 , 0.249468 , 0.295691
0.297146 , 0.252847 , 0.298862
0.261475 , 0.216143 , 0.264418
0.268321 , 0.223136 , 0.27098
0.286742 , 0.242079 , 0.288756
0.270725 , 0.225598 , 0.273291
0.30408 , 0.260048 , 0.305619
0.309054 , 0.265225 , 0.310477
0.269115 , 0.223949 , 0.271743
0.312997 , 0.269335 , 0.314334
0.297146 , 0.252847 , 0.298862
0.296046 , 0.251706 , 0.29779
0.292828 , 0.248372 , 0.294662
0.306529 , 0.262596 , 0.30801
0.272366 , 0.22728 , 0.274869
0.269115 , 0.223949 , 0.271743
0.299393 , 0.255179 , 0.30105
