0.345142, 0.345903
0.341597
0.357415
0.34729
0.370856
0.33324
0.374474
0.353794
0.314219
0.346625
0.332648
0.339971
0.348177
0.361109
0.337752
0.335237
0.346625
0.34278
0.348917
0.345146
0.37964
0.342928
0.34315
0.325693
0.343446
0.363398
0.342559
0.325323
0.349508
0.354164
0.347882
0.362069
0.348695
0.379935
0.321992
0.344999
0.391221
0.365245
0.353129
0.335977
0.343224
0.349508
0.358597
0.335311
0.355124
0.364802
0.363768
0.361552
0.320956
0.337456
0.329985
0.363251
0.339157
0.348103
0.324657
0.378016
0.335015
0.359557
0.334276
0.348547
0.318735
0.324953
0.35106
0.330059
0.342854
0.365762
0.347586
0.361256
0.368568
0.372554
0.358228
0.331168
0.360961
0.350173
0.345812
0.369897
0.329393
0.369232
0.328579
0.364654
0.333314
0.352021
0.333314
0.399921
0.349434
0.363694
0.350912
0.3325
0.346699
0.331982
0.336716
0.347512
0.35542
0.338344
0.346773
0.324361
0.327617
0.336347
0.346773
0.356898
0.328727
