0.714964, 0.716076
0.733826
0.687701
0.719816
0.717443
0.743944
0.703483
0.700025
0.715933
0.72226
0.699449
0.712839
0.716292
0.720103
0.687917
0.714854
0.74588
0.699881
0.706147
0.720535
0.709314
0.698152
0.723554
0.72456
0.711113
0.697
0.704707
0.710033
0.72075
0.735261
0.715285
0.724344
0.723554
0.711041
0.715789
0.731671
0.712839
0.711041
0.69491
0.721972
0.709745
0.700458
0.724703
0.729445
0.738778
0.727218
0.726787
0.735333
0.700962
0.700386
0.721685
0.704059
0.715213
0.715861
0.709961
0.717515
0.719169
0.733036
0.725997
0.720822
0.69008
0.730953
0.728655
0.709242
0.710969
0.68128
0.695342
0.738276
0.722404
0.699665
0.717874
0.703122
0.70017
0.701538
0.715573
0.725135
0.739855
0.683084
0.705355
0.71658
0.724057
0.733538
0.718593
0.726069
0.761786
0.724703
0.706362
0.757704
0.694838
0.711472
0.712552
0.686619
0.717443
0.721038
0.735836
0.707802
0.706434
0.708522
0.716796
0.716652
0.717946
