0.850775, 0.85174
0.867055
0.820661
0.871157
0.852257
0.859836
0.862243
0.835586
0.86104
0.845379
0.828553
0.846231
0.853107
0.8402
0.844599
0.862526
0.857004
0.844954
0.842045
0.85254
0.851194
0.849138
0.869319
0.858349
0.85169
0.854099
0.847436
0.840768
0.844599
0.855729
0.861748
0.864862
0.870026
0.832106
0.860615
0.836864
0.829121
0.839206
0.864862
0.841052
0.8402
0.846231
0.84467
0.84091
0.847791
0.833526
0.868045
0.864366
0.824857
0.840413
0.850981
0.846089
0.848854
0.861111
0.842471
0.863659
0.848145
0.852257
0.868541
0.840058
0.857853
0.848996
0.843961
0.857358
0.858491
0.850201
0.840484
0.832745
0.821088
0.834236
0.870026
0.868824
0.85332
0.835444
0.847507
0.821514
0.872925
0.854312
0.834236
0.853957
0.852327
0.859836
0.852044
0.863517
0.862526
0.839703
0.846089
0.869743
0.850768
0.85169
0.838852
0.83381
0.821372
0.844386
0.822012
0.84928
0.840058
0.84928
0.854878
0.862102
0.865499
