0.198012, 0.198465
0.194451
0.19326
0.195494
0.213724
0.212162
0.225771
0.214542
0.218186
0.193707
0.207624
0.186411
0.191027
0.208888
0.201671
0.196238
0.186411
0.18991
0.20874
0.196387
0.169354
0.186709
0.207177
0.20874
0.201894
0.180379
0.236474
0.217963
0.182166
0.199141
0.217814
0.194228
0.18306
0.190134
0.213872
0.188049
0.189761
0.188794
0.209186
0.194377
0.2074
0.216624
0.188123
0.199364
0.19728
0.195419
0.20301
0.207847
0.196908
0.227778
0.220194
0.203308
0.190208
0.191846
0.20993
0.165927
0.20368
0.19326
0.209409
0.20807
0.198545
0.221607
0.19795
0.192814
0.190431
0.204275
0.192963
0.175984
0.200555
0.206656
0.213724
0.19192
0.194005
0.19795
0.206359
0.193707
0.195196
0.22302
0.195866
0.210153
0.171515
0.198917
0.187677
0.18373
0.191548
0.192516
0.205317
0.212385
0.201299
0.185741
0.199141
0.165554
0.186858
0.223614
0.18522
0.192963
0.172632
0.200852
0.230677
0.187528
0.203531
