0.951663, 0.952207
0.950086
0.941194
0.957429
0.946587
0.948757
0.964834
0.965044
0.950576
0.950716
0.945817
0.946797
0.943926
0.960015
0.964415
0.95715
0.956311
0.956311
0.947147
0.944976
0.942525
0.944556
0.949246
0.951555
0.959107
0.946307
0.950436
0.958617
0.957639
0.945186
0.959316
0.952465
0.954353
0.957499
0.943786
0.956101
0.955682
0.956171
0.93769
0.944556
0.936919
0.950996
0.957289
0.953164
0.959107
0.953094
0.965602
0.950926
0.946377
0.949386
0.940073
0.961552
0.944556
0.950086
0.955472
0.950436
0.955262
0.960993
0.952954
0.948267
0.951975
0.947567
0.942315
0.951695
0.948547
0.949526
0.952115
0.956241
0.939372
0.955472
0.957289
0.951835
0.955961
0.948197
0.954073
0.954912
0.955821
0.959526
0.947077
0.954773
0.947637
0.951276
0.959526
0.950786
0.952465
0.950786
0.952185
0.953864
0.947217
0.936569
0.942175
0.945607
0.942735
0.937901
0.95673
0.952325
0.941404
0.957988
0.952675
0.941054
0.954073
