0.96172, 0.962189
0.965951
0.965672
0.969162
0.969511
0.960364
0.960644
0.965951
0.966231
0.971673
0.960714
0.970766
0.962949
0.963438
0.965951
0.963577
0.955332
0.965742
0.960783
0.961133
0.966929
0.954703
0.960155
0.968185
0.964904
0.960015
0.954982
0.961692
0.967417
0.966929
0.959246
0.96239
0.960504
0.963508
0.955682
0.958617
0.960364
0.96644
0.961272
0.972092
0.950996
0.959526
0.965812
0.961831
0.967138
0.959945
0.964764
0.954353
0.966859
0.970208
0.95722
0.963577
0.954912
0.965672
0.968743
0.959176
0.964555
0.95694
0.962739
0.956241
0.960085
0.968604
0.956031
0.965463
0.963438
0.95666
0.958268
0.959107
0.961203
0.965183
0.961901
0.954982
0.960504
0.959107
0.960993
0.967627
0.963019
0.955122
0.966859
0.950226
0.955472
0.962111
0.955821
0.955542
0.970487
0.960644
0.970766
0.957918
0.955402
0.968743
0.958687
0.961342
0.958408
0.964555
0.968952
0.963019
0.967417
0.967068
0.960434
0.962739
0.959875
