0.969768, 0.970168
0.968743
0.970069
0.96637
0.971325
0.972859
0.963717
0.971534
0.973835
0.976275
0.966719
0.973835
0.954982
0.965253
0.977321
0.974254
0.968324
0.968324
0.968185
0.96986
0.965114
0.968604
0.971604
0.972371
0.968813
0.980177
0.965742
0.970278
0.968604
0.960993
0.973975
0.961552
0.969511
0.974811
0.965393
0.96972
0.967696
0.969301
0.97502
0.961622
0.973277
0.963647
0.963787
0.969929
0.964695
0.969371
0.966719
0.96958
0.969301
0.970557
0.980038
0.968255
0.967836
0.967138
0.971743
0.96958
0.963438
0.965114
0.965951
0.965532
0.970139
0.975857
0.971394
0.966231
0.969162
0.975578
0.965323
0.972998
0.974951
0.96965
0.965183
0.967836
0.968673
0.974951
0.971045
0.968185
0.967417
0.973556
0.970906
0.973835
0.978993
0.972022
0.971045
0.96246
0.97516
0.976693
0.970348
0.969092
0.960853
0.974602
0.960155
0.966929
0.961622
0.965742
0.975857
0.971883
0.969232
0.968604
0.962809
0.968952
0.970069
