0.976192, 0.976531
0.982267
0.97502
0.978296
0.974602
0.978575
0.980735
0.971883
0.980944
0.973835
0.980247
0.975787
0.97516
0.977181
0.973417
0.973626
0.974602
0.97753
0.974532
0.974323
0.981361
0.973905
0.976136
0.97753
0.980317
0.978505
0.97502
0.978296
0.981431
0.978575
0.968534
0.971743
0.974463
0.978714
0.97523
0.980317
0.975718
0.974951
0.974672
0.973626
0.977808
0.974463
0.975787
0.981153
0.970069
0.976554
0.980526
0.976484
0.973417
0.97969
0.973487
0.972301
0.976693
0.978436
0.974532
0.98533
0.981222
0.978296
0.967906
0.972929
0.976833
0.978157
0.973835
0.979968
0.980456
0.974811
0.96979
0.967347
0.976415
0.973556
0.974672
0.97516
0.974044
0.979132
0.980944
0.979132
0.97251
0.979968
0.979202
0.97955
0.977042
0.977181
0.977321
0.972929
0.973765
0.97251
0.980247
0.974602
0.969022
0.96239
0.97753
0.975857
0.977808
0.973556
0.978854
0.977321
0.971255
0.975508
0.977181
0.972092
0.978018
