0.985362, 0.985601
0.983381
0.984077
0.987418
0.987418
0.982754
0.984704
0.987835
0.981501
0.990618
0.982615
0.981361
0.988809
0.979132
0.987348
0.984913
0.987
0.987905
0.987279
0.986026
0.990409
0.981222
0.983172
0.984704
0.985957
0.988879
0.987696
0.98352
0.982963
0.989783
0.982545
0.989505
0.98157
0.98352
0.984704
0.985748
0.982336
0.98352
0.986096
0.990618
0.989992
0.986165
0.987348
0.98707
0.980874
0.988323
0.986861
0.986096
0.98714
0.990688
0.992913
0.98714
0.986931
0.987209
0.988531
0.984356
0.986861
0.981083
0.987905
0.990409
0.984704
0.983451
0.990548
0.98714
0.989575
0.981431
0.981361
0.98714
0.981361
0.990827
0.990062
0.991661
0.9854
0.988879
0.980804
0.983868
0.98164
0.983938
0.986931
0.987627
0.991592
0.982615
0.985609
0.985052
0.988183
0.988392
0.987905
0.985121
0.98874
0.987
0.983242
0.98164
0.988879
0.982685
0.979272
0.9854
0.984077
0.982058
0.989714
0.987348
0.987557
