0.939127, 0.939752
0.943716
0.923799
0.938672
0.931239
0.93769
0.940283
0.931099
0.940984
0.945677
0.943996
0.940353
0.935167
0.933764
0.942105
0.939022
0.938531
0.937971
0.940774
0.935728
0.938111
0.938812
0.954353
0.933203
0.939863
0.934746
0.934325
0.941124
0.941474
0.944206
0.93713
0.943506
0.941194
0.927239
0.944416
0.946097
0.940984
0.936218
0.935307
0.950156
0.93769
0.938812
0.939653
0.936008
0.942875
0.944766
0.929344
0.946237
0.93187
0.929344
0.941474
0.93755
0.938391
0.938391
0.935657
0.939232
0.939653
0.944346
0.952954
0.934816
0.941965
0.946097
0.942805
0.935517
0.943856
0.933133
0.930888
0.949736
0.945537
0.945957
0.935237
0.936078
0.923518
0.941965
0.928292
0.929836
0.944976
0.939372
0.949596
0.934395
0.938952
0.930537
0.945817
0.940564
0.939513
0.943506
0.928643
0.939372
0.944626
0.938952
0.943366
0.942525
0.940143
0.929695
0.936499
0.930327
0.944206
0.950436
0.942105
0.942665
0.941264
