0.923542, 0.924253
0.924079
0.930607
0.908684
0.928573
0.918459
0.925414
0.914734
0.93173
0.927309
0.930678
0.930116
0.934185
0.919795
0.917616
0.903053
0.929064
0.919232
0.916491
0.93173
0.929415
0.92766
0.912061
0.898474
0.917827
0.936639
0.926046
0.910654
0.919513
0.925203
0.907136
0.935517
0.934395
0.911077
0.908755
0.926818
0.920638
0.929134
0.921621
0.921621
0.917757
0.934536
0.920286
0.922956
0.914101
0.938461
0.922253
0.920848
0.908121
0.921481
0.940213
0.93187
0.915859
0.928432
0.917054
0.917405
0.921972
0.913538
0.92745
0.925975
0.927099
0.925765
0.930958
0.913327
0.906855
0.921551
0.916843
0.929344
0.923799
0.9186
0.933974
0.923096
0.925273
0.919584
0.925765
0.919654
0.922675
0.909036
0.923728
0.932712
0.92436
0.923377
0.920076
0.910232
0.921902
0.923869
0.919443
0.930467
0.929134
0.918319
0.935237
0.93187
0.919724
0.910795
0.921832
0.924009
0.917405
0.91621
0.920146
0.920778
0.90981
