0.991109, 0.991273
0.995345
0.994094
0.991939
0.990688
0.992913
0.991244
0.993191
0.992217
0.99027
0.987975
0.991383
0.990201
0.990827
0.990827
0.992635
0.992982
0.987696
0.99743
0.989296
0.99187
0.990618
0.992704
0.99465
0.989714
0.989714
0.990827
0.990966
0.991105
0.991453
0.987557
0.992704
0.988392
0.993955
0.988531
0.992148
0.989018
0.991453
0.987975
0.992356
0.995206
0.988044
0.991939
0.990618
0.989783
0.988114
0.992217
0.990896
0.987418
0.992426
0.989366
0.993955
0.992843
0.994094
0.996944
0.990479
0.990131
0.990618
0.99187
0.989853
0.990479
0.992287
0.99326
0.990131
0.990062
0.990757
0.987627
0.989436
0.991731
0.992843
0.992009
0.990548
0.994233
0.991383
0.992356
0.991105
0.992843
0.991731
0.993121
0.990827
0.988462
0.993052
0.993399
0.990548
0.987696
0.990688
0.993469
0.993886
0.993886
0.989366
0.991731
0.99027
0.990479
0.989018
0.991105
0.991174
0.988531
0.990201
0.986931
0.989227
0.992009
