0.993103, 0.993238
0.992496
0.993191
0.994372
0.994789
0.991244
0.994442
0.993121
0.994025
0.994372
0.993816
0.995554
0.996735
0.993747
0.990757
0.991939
0.994929
0.992635
0.99604
0.990827
0.993469
0.992078
0.991522
0.994233
0.994442
0.991244
0.992635
0.993816
0.99465
0.993747
0.991522
0.996388
0.99472
0.997152
0.993816
0.993121
0.991939
0.992565
0.993608
0.990966
0.992287
0.990827
0.991035
0.994164
0.989714
0.990827
0.994789
0.992287
0.994511
0.99333
0.995415
0.993816
0.995067
0.995623
0.993608
0.992356
0.994581
0.99333
0.99333
0.990896
0.992913
0.996318
0.993469
0.990131
0.991522
0.990896
0.990131
0.992217
0.993816
0.996596
0.994233
0.993469
0.992496
0.995484
0.996388
0.993538
0.992913
0.99187
0.992009
0.990896
0.995137
0.993191
0.991174
0.994442
0.989436
0.9918
0.996249
0.989366
0.995554
0.993816
0.995137
0.992843
0.995206
0.993538
0.996527
0.993886
0.987627
0.992287
0.992565
0.995484
0.992982
