0.995891, 0.995981
0.994859
0.997361
0.997569
0.996318
0.995206
0.995554
0.99611
0.996874
0.995832
0.995345
0.993399
0.994789
0.997499
0.997499
0.994859
0.996944
0.996179
0.997777
0.996457
0.996735
0.997569
0.996666
0.99326
0.996805
0.994859
0.992148
0.998055
0.996179
0.997638
0.996735
0.995137
0.995971
0.993747
0.996249
0.995623
0.995623
0.996805
0.997222
0.99868
0.99465
0.997291
0.996596
0.995067
0.993955
0.997291
0.995067
0.994511
0.996179
0.997222
0.995206
0.996527
0.996874
0.997847
0.994511
0.997499
0.996596
0.997916
0.993469
0.996249
0.994442
0.995345
0.995067
0.996805
0.994998
0.995345
0.994581
0.993191
0.99611
0.991383
0.99472
0.996457
0.997708
0.997986
0.994025
0.994303
0.997916
0.990827
0.99868
0.997361
0.996735
0.997569
0.995971
0.997638
0.995971
0.99743
0.995832
0.995554
0.99604
0.997291
0.996596
0.996666
0.995832
0.995971
0.994511
0.997291
0.997013
0.997152
0.996179
0.994859
0.997638
