0.0214606 , 0.0218408 , 0.0204634
0.0214606 , 0.0217075 , 0.0220898
0.0214606 , 0.020764 , 0.0196785
0.0214606 , 0.0218981 , 0.0222182
0.0214606 , 0.0216695 , 0.0185631
0.0214606 , 0.0210424 , 0.0193223
0.0214606 , 0.0215494 , 0.0208318
0.0214606 , 0.0221475 , 0.0229332
0.0214606 , 0.0217899 , 0.0207701
0.0214606 , 0.0211731 , 0.021581
0.0214606 , 0.0214612 , 0.0228021
0.0214606 , 0.0217328 , 0.0213921
0.0214606 , 0.0224117 , 0.0204634
0.0214606 , 0.0210859 , 0.0217075
0.0214606 , 0.0219299 , 0.0208318
0.0214606 , 0.0214361 , 0.0227367
0.0214606 , 0.0211544 , 0.021581
0.0214606 , 0.0224182 , 0.0216442
0.0214606 , 0.0211856 , 0.0237982
0.0214606 , 0.0209927 , 0.0216442
0.0214606 , 0.0216315 , 0.0204023
0.0214606 , 0.021879 , 0.0212668
0.0214606 , 0.022109 , 0.0217075
0.0214606 , 0.0218599 , 0.0228676
0.0214606 , 0.0211295 , 0.0220898
0.0214606 , 0.0217392 , 0.0204634
0.0214606 , 0.0211607 , 0.0212043
0.0214606 , 0.0211482 , 0.0210797
0.0214606 , 0.0200264 , 0.0203414
0.0214606 , 0.0213169 , 0.022999
0.0214606 , 0.0205123 , 0.0187368
0.0214606 , 0.0209803 , 0.0233963
0.0214606 , 0.0217963 , 0.0213294
0.0214606 , 0.0217265 , 0.0213294
0.0214606 , 0.021809 , 0.0218344
0.0214606 , 0.0215557 , 0.0196189
0.0214606 , 0.0217899 , 0.0201593
0.0214606 , 0.0216505 , 0.0202199
0.0214606 , 0.0212231 , 0.0190283
0.0214606 , 0.0220066 , 0.021142
0.0214606 , 0.0214927 , 0.0206471
0.0214606 , 0.0211108 , 0.021142
0.0214606 , 0.0228479 , 0.0210176
0.0214606 , 0.0217075 , 0.0236637
0.0214606 , 0.0211856 , 0.0200989
0.0214606 , 0.0214738 , 0.0220257
0.0214606 , 0.0209431 , 0.0197382
0.0214606 , 0.0211357 , 0.0204634
0.0214606 , 0.0215747 , 0.0205245
0.0214606 , 0.0215305 , 0.0197981
0.0214606 , 0.0211669 , 0.0226063
0.0214606 , 0.0218217 , 0.0219619
0.0214606 , 0.0211794 , 0.0222182
0.0214606 , 0.021581 , 0.0217075
0.0214606 , 0.0220834 , 0.0202806
0.0214606 , 0.0211856 , 0.0205857
0.0214606 , 0.0218153 , 0.0187949
0.0214606 , 0.0211918 , 0.0205245
0.0214606 , 0.0211544 , 0.0213921
0.0214606 , 0.0217963 , 0.0212043
0.0214606 , 0.0205551 , 0.0220898
0.0214606 , 0.021809 , 0.0223471
0.0214606 , 0.0217011 , 0.024479
0.0214606 , 0.0218535 , 0.0197382
0.0214606 , 0.0214927 , 0.0210797
0.0214606 , 0.021562 , 0.0228021
0.0214606 , 0.0213419 , 0.0219619
0.0214606 , 0.0213921 , 0.0196785
0.0214606 , 0.0217075 , 0.0222182
0.0214606 , 0.0210984 , 0.0210176
0.0214606 , 0.0219236 , 0.0241369
0.0214606 , 0.0216505 , 0.0210176
0.0214606 , 0.0209989 , 0.0222182
0.0214606 , 0.021499 , 0.0219619
0.0214606 , 0.0216378 , 0.0226063
0.0214606 , 0.0213733 , 0.0210176
0.0214606 , 0.0210921 , 0.0180472
0.0214606 , 0.0222632 , 0.0239333
0.0214606 , 0.0212231 , 0.0222182
0.0214606 , 0.0217518 , 0.0216442
0.0214606 , 0.0217075 , 0.0208936
0.0214606 , 0.0216315 , 0.0202806
0.0214606 , 0.0222182 , 0.0203414
0.0214606 , 0.0217011 , 0.0229332
0.0214606 , 0.0220321 , 0.0218344
0.0214606 , 0.0209308 , 0.0194406
0.0214606 , 0.0210859 , 0.0210797
0.0214606 , 0.0216568 , 0.0218344
0.0214606 , 0.0214801 , 0.0193223
0.0214606 , 0.0217011 , 0.0206471
0.0214606 , 0.0219299 , 0.0205245
0.0214606 , 0.0218408 , 0.0196189
0.0214606 , 0.0215116 , 0.0212668
0.0214606 , 0.0216378 , 0.0212668
0.0214606 , 0.0211981 , 0.0210176
0.0214606 , 0.0211295 , 0.0216442
0.0214606 , 0.0219236 , 0.0233963
0.0214606 , 0.021117 , 0.0210176
0.0214606 , 0.0218471 , 0.0221539
0.0214606 , 0.0217075 , 0.022999
