0.0515384 , 0.0509163 , 0.0507948
0.0515384 , 0.0526182 , 0.0507948
0.0515384 , 0.051952 , 0.054312
0.0515384 , 0.0514378 , 0.0493129
0.0515384 , 0.0522517 , 0.0507948
0.0515384 , 0.0526182 , 0.0514069
0.0515384 , 0.051376 , 0.0525062
0.0515384 , 0.0526022 , 0.0520306
0.0515384 , 0.0525702 , 0.0497505
0.0515384 , 0.0512682 , 0.049604
0.0515384 , 0.0511607 , 0.0512528
0.0515384 , 0.0510536 , 0.050493
0.0515384 , 0.0506738 , 0.0480339
0.0515384 , 0.050962 , 0.0529889
0.0515384 , 0.0518735 , 0.0452298
0.0515384 , 0.0520621 , 0.050194
0.0515384 , 0.0514997 , 0.0523469
0.0515384 , 0.0511607 , 0.0487383
0.0515384 , 0.0501494 , 0.0509468
0.0515384 , 0.0508859 , 0.050194
0.0515384 , 0.0532003 , 0.0480339
0.0515384 , 0.0528434 , 0.0507948
0.0515384 , 0.0518422 , 0.054312
0.0515384 , 0.0526182 , 0.0558675
0.0515384 , 0.0509468 , 0.050493
0.0515384 , 0.0518266 , 0.0567648
0.0515384 , 0.050418 , 0.0462701
0.0515384 , 0.0512836 , 0.0546514
0.0515384 , 0.0512682 , 0.0498977
0.0515384 , 0.0518422 , 0.0512528
0.0515384 , 0.0516705 , 0.0509468
0.0515384 , 0.0518579 , 0.049604
0.0515384 , 0.051376 , 0.0538096
0.0515384 , 0.0522993 , 0.0503432
0.0515384 , 0.0515927 , 0.0525062
0.0515384 , 0.0524424 , 0.0497505
0.0515384 , 0.0527789 , 0.0512528
0.0515384 , 0.051376 , 0.0521884
0.0515384 , 0.052331 , 0.0497505
0.0515384 , 0.0518266 , 0.0490243
0.0515384 , 0.0519363 , 0.0529889
0.0515384 , 0.0514069 , 0.0509468
0.0515384 , 0.0520463 , 0.0517172
0.0515384 , 0.0514223 , 0.049604
0.0515384 , 0.0506134 , 0.055167
0.0515384 , 0.0531514 , 0.0531514
0.0515384 , 0.0507494 , 0.0507948
0.0515384 , 0.0509316 , 0.0541437
0.0515384 , 0.0514842 , 0.0497505
0.0515384 , 0.0505381 , 0.0528273
0.0515384 , 0.0522517 , 0.0517172
0.0515384 , 0.0526503 , 0.0474811
0.0515384 , 0.0523787 , 0.0506436
0.0515384 , 0.0511147 , 0.0510994
0.0515384 , 0.0517328 , 0.0512528
0.0515384 , 0.0523469 , 0.0500455
0.0515384 , 0.0517953 , 0.0509468
0.0515384 , 0.0517017 , 0.0509468
0.0515384 , 0.0514532 , 0.0478948
0.0515384 , 0.0514687 , 0.0493129
0.0515384 , 0.0510688 , 0.0517172
0.0515384 , 0.0519991 , 0.0546514
0.0515384 , 0.0520148 , 0.0515617
0.0515384 , 0.0510078 , 0.0523469
0.0515384 , 0.0520306 , 0.0500455
0.0515384 , 0.0513297 , 0.0521884
0.0515384 , 0.0513606 , 0.0544813
0.0515384 , 0.0515462 , 0.0497505
0.0515384 , 0.0518579 , 0.0536438
0.0515384 , 0.0523469 , 0.0544813
0.0515384 , 0.0517017 , 0.0498977
0.0515384 , 0.05081 , 0.0531514
0.0515384 , 0.0511147 , 0.0531514
0.0515384 , 0.0525702 , 0.0521884
0.0515384 , 0.0505381 , 0.0515617
0.0515384 , 0.0515307 , 0.0507948
0.0515384 , 0.0525702 , 0.0512528
0.0515384 , 0.0520778 , 0.0494581
0.0515384 , 0.0502238 , 0.0512528
0.0515384 , 0.0520306 , 0.055167
0.0515384 , 0.0521567 , 0.0539762
0.0515384 , 0.0518422 , 0.0534789
0.0515384 , 0.0509163 , 0.0521884
0.0515384 , 0.0510688 , 0.0526664
0.0515384 , 0.0506587 , 0.0487383
0.0515384 , 0.0516861 , 0.0539762
0.0515384 , 0.0512067 , 0.0510994
0.0515384 , 0.0515307 , 0.0500455
0.0515384 , 0.0512528 , 0.0523469
0.0515384 , 0.0517017 , 0.0544813
0.0515384 , 0.0511914 , 0.0512528
0.0515384 , 0.0518109 , 0.0517172
0.0515384 , 0.0517328 , 0.0498977
0.0515384 , 0.0507948 , 0.0497505
0.0515384 , 0.05081 , 0.0485962
0.0515384 , 0.0513452 , 0.0478948
0.0515384 , 0.052331 , 0.0503432
0.0515384 , 0.0498829 , 0.0531514
0.0515384 , 0.0514997 , 0.0571308
0.0515384 , 0.0502984 , 0.0509468
