0.0314713 , 0.0323705 , 0.0296733
0.0314713 , 0.0307743 , 0.0346833
0.0314713 , 0.0315884 , 0.0345903
0.0314713 , 0.03199 , 0.0299958
0.0314713 , 0.032197 , 0.0321711
0.0314713 , 0.0314273 , 0.0328698
0.0314713 , 0.0310574 , 0.0321711
0.0314713 , 0.0311244 , 0.0319127
0.0314713 , 0.0306915 , 0.0322576
0.0314713 , 0.0313176 , 0.0306502
0.0314713 , 0.031116 , 0.0294334
0.0314713 , 0.0323183 , 0.0304854
0.0314713 , 0.0310574 , 0.0303214
0.0314713 , 0.0305512 , 0.0297536
0.0314713 , 0.0318613 , 0.0322576
0.0314713 , 0.0314612 , 0.0334934
0.0314713 , 0.0317843 , 0.0326937
0.0314713 , 0.0311244 , 0.0309822
0.0314713 , 0.0318185 , 0.0316564
0.0314713 , 0.0311495 , 0.0324314
0.0314713 , 0.03181 , 0.031402
0.0314713 , 0.0305759 , 0.0343127
0.0314713 , 0.0310741 , 0.0313176
0.0314713 , 0.0324053 , 0.0351525
0.0314713 , 0.030874 , 0.0325186
0.0314713 , 0.0311663 , 0.0327817
0.0314713 , 0.031402 , 0.0332247
0.0314713 , 0.0310658 , 0.0311495
0.0314713 , 0.0317246 , 0.0309822
0.0314713 , 0.0317075 , 0.0348702
0.0314713 , 0.0307412 , 0.0326937
0.0314713 , 0.0317843 , 0.031402
0.0314713 , 0.0313345 , 0.0327817
0.0314713 , 0.0318784 , 0.0296733
0.0314713 , 0.0310825 , 0.0298341
0.0314713 , 0.0320761 , 0.0308989
0.0314713 , 0.0312671 , 0.0295132
0.0314713 , 0.0313176 , 0.0311495
0.0314713 , 0.032033 , 0.0292745
0.0314713 , 0.0318442 , 0.0313176
0.0314713 , 0.0306337 , 0.0295132
0.0314713 , 0.0304279 , 0.0321711
0.0314713 , 0.0306915 , 0.0316564
0.0314713 , 0.0306502 , 0.0326061
0.0314713 , 0.031699 , 0.0305677
0.0314713 , 0.0318356 , 0.0308989
0.0314713 , 0.0317672 , 0.0325186
0.0314713 , 0.0312923 , 0.0333141
0.0314713 , 0.0315884 , 0.0317416
0.0314713 , 0.0314273 , 0.0294334
0.0314713 , 0.0316905 , 0.0304033
0.0314713 , 0.0302234 , 0.0323444
0.0314713 , 0.0320072 , 0.0300769
0.0314713 , 0.0320244 , 0.0317416
0.0314713 , 0.0307826 , 0.0312335
0.0314713 , 0.0318699 , 0.0296733
0.0314713 , 0.0315799 , 0.0327817
0.0314713 , 0.0310992 , 0.0290374
0.0314713 , 0.0317416 , 0.0325186
0.0314713 , 0.0311244 , 0.0308158
0.0314713 , 0.0309656 , 0.0302397
0.0314713 , 0.0318185 , 0.0285683
0.0314713 , 0.0310574 , 0.0313176
0.0314713 , 0.0313345 , 0.0295132
0.0314713 , 0.0325099 , 0.0306502
0.0314713 , 0.0321279 , 0.0324314
0.0314713 , 0.0325536 , 0.0332247
0.0314713 , 0.0321883 , 0.0314866
0.0314713 , 0.0313682 , 0.0331356
0.0314713 , 0.0320416 , 0.031402
0.0314713 , 0.0315629 , 0.0308989
0.0314713 , 0.0317331 , 0.0327817
0.0314713 , 0.0318956 , 0.0334036
0.0314713 , 0.0316394 , 0.0307329
0.0314713 , 0.0310658 , 0.0292745
0.0314713 , 0.0306337 , 0.0328698
0.0314713 , 0.0316224 , 0.0282592
0.0314713 , 0.0314104 , 0.0338551
0.0314713 , 0.0318613 , 0.0345903
0.0314713 , 0.0320158 , 0.0284134
0.0314713 , 0.0309072 , 0.0301582
0.0314713 , 0.0319471 , 0.0326061
0.0314713 , 0.0305018 , 0.0299958
0.0314713 , 0.0317929 , 0.036601
0.0314713 , 0.0311579 , 0.0302397
0.0314713 , 0.0322143 , 0.0313176
0.0314713 , 0.0312671 , 0.0255267
0.0314713 , 0.0311495 , 0.0318271
0.0314713 , 0.0315714 , 0.0319986
0.0314713 , 0.0304279 , 0.0322576
0.0314713 , 0.0319299 , 0.0329582
0.0314713 , 0.0317331 , 0.0315714
0.0314713 , 0.0304197 , 0.0332247
0.0314713 , 0.0325448 , 0.0286461
0.0314713 , 0.0309572 , 0.0334934
0.0314713 , 0.0309822 , 0.0333141
0.0314713 , 0.0308158 , 0.0292745
0.0314713 , 0.0317758 , 0.0304033
0.0314713 , 0.0315459 , 0.0313176
0.0314713 , 0.0308407 , 0.0322576
