0.0610258 , 0.060974 , 0.0610362
0.0610258 , 0.0617707 , 0.0647707
0.0610258 , 0.0610362 , 0.0638525
0.0610258 , 0.0598745 , 0.0664434
0.0610258 , 0.06085 , 0.0627401
0.0610258 , 0.0612861 , 0.0598145
0.0610258 , 0.0592205 , 0.0608293
0.0610258 , 0.0627182 , 0.0629595
0.0610258 , 0.0599949 , 0.0594173
0.0610258 , 0.0607059 , 0.0625222
0.0610258 , 0.0621764 , 0.0606238
0.0610258 , 0.0607881 , 0.066199
0.0610258 , 0.0594766 , 0.0576875
0.0610258 , 0.061307 , 0.060015
0.0610258 , 0.0623705 , 0.0631805
0.0610258 , 0.060156 , 0.0616647
0.0610258 , 0.060156 , 0.0650044
0.0610258 , 0.0616436 , 0.0664434
0.0610258 , 0.0606443 , 0.0629595
0.0610258 , 0.061307 , 0.0586371
0.0610258 , 0.061538 , 0.0590249
0.0610258 , 0.061707 , 0.0636269
0.0610258 , 0.0610777 , 0.0629595
0.0610258 , 0.061307 , 0.0564029
0.0610258 , 0.0608913 , 0.0575009
0.0610258 , 0.0619196 , 0.0620906
0.0610258 , 0.0610154 , 0.0602166
0.0610258 , 0.0613489 , 0.058445
0.0610258 , 0.0604196 , 0.0586371
0.0610258 , 0.0612235 , 0.0631805
0.0610258 , 0.0610154 , 0.0623057
0.0610258 , 0.0595161 , 0.0596153
0.0610258 , 0.0612652 , 0.0623057
0.0610258 , 0.0605011 , 0.0618769
0.0610258 , 0.0627401 , 0.0620906
0.0610258 , 0.0597546 , 0.0588304
0.0610258 , 0.061307 , 0.0578752
0.0610258 , 0.0608087 , 0.0602166
0.0610258 , 0.062241 , 0.0647707
0.0610258 , 0.0606853 , 0.0573153
0.0610258 , 0.0603383 , 0.0567648
0.0610258 , 0.0615802 , 0.0616647
0.0610258 , 0.0610777 , 0.0602166
0.0610258 , 0.0603586 , 0.065477
0.0610258 , 0.0586757 , 0.0625222
0.0610258 , 0.061538 , 0.0594173
0.0610258 , 0.0618344 , 0.0645387
0.0610258 , 0.0614538 , 0.0627401
0.0610258 , 0.0606443 , 0.056045
0.0610258 , 0.0618557 , 0.058445
0.0610258 , 0.0618769 , 0.0565834
0.0610258 , 0.0608293 , 0.0643083
0.0610258 , 0.0607676 , 0.0629595
0.0610258 , 0.0607676 , 0.058445
0.0610258 , 0.0621764 , 0.0623057
0.0610258 , 0.0594766 , 0.0604196
0.0610258 , 0.0606853 , 0.0562235
0.0610258 , 0.0604196 , 0.0634029
0.0610258 , 0.0613489 , 0.0564029
0.0610258 , 0.0609947 , 0.0638525
0.0610258 , 0.0599748 , 0.0623057
0.0610258 , 0.0609119 , 0.0664434
0.0610258 , 0.0596749 , 0.0602166
0.0610258 , 0.0614959 , 0.0614538
0.0610258 , 0.0610362 , 0.0539762
0.0610258 , 0.0607881 , 0.0602166
0.0610258 , 0.0623705 , 0.0576875
0.0610258 , 0.06044 , 0.0631805
0.0610258 , 0.0612861 , 0.0602166
0.0610258 , 0.0609119 , 0.0610362
0.0610258 , 0.0628716 , 0.0604196
0.0610258 , 0.0606033 , 0.0652399
0.0610258 , 0.0610569 , 0.0612443
0.0610258 , 0.0608706 , 0.0594173
0.0610258 , 0.0606238 , 0.0650044
0.0610258 , 0.0605624 , 0.0608293
0.0610258 , 0.0605216 , 0.0598145
0.0610258 , 0.0614118 , 0.0636269
0.0610258 , 0.0602571 , 0.0573153
0.0610258 , 0.0614538 , 0.0610362
0.0610258 , 0.0609533 , 0.0604196
0.0610258 , 0.0605829 , 0.0604196
0.0610258 , 0.0598745 , 0.0588304
0.0610258 , 0.0610569 , 0.0608293
0.0610258 , 0.0607676 , 0.0612443
0.0610258 , 0.0624354 , 0.0638525
0.0610258 , 0.0598945 , 0.0608293
0.0610258 , 0.0629375 , 0.0596153
0.0610258 , 0.0607059 , 0.0627401
0.0610258 , 0.0611817 , 0.0627401
0.0610258 , 0.061328 , 0.0634029
0.0610258 , 0.0605011 , 0.0614538
0.0610258 , 0.0612652 , 0.060015
0.0610258 , 0.0606648 , 0.0645387
0.0610258 , 0.0618982 , 0.0629595
0.0610258 , 0.0608293 , 0.0592205
0.0610258 , 0.062005 , 0.0610362
0.0610258 , 0.0620263 , 0.0645387
0.0610258 , 0.0614328 , 0.0590249
0.0610258 , 0.0618131 , 0.0638525
