0.0106124 , 0.0103317 , 0.0107518
0.0106124 , 0.0103862 , 0.010936
0.0106124 , 0.0105685 , 0.0100244
0.0106124 , 0.0108115 , 0.0133766
0.0106124 , 0.0108945 , 0.0120152
0.0106124 , 0.011061 , 0.00935632
0.0106124 , 0.010715 , 0.0111677
0.0106124 , 0.0101958 , 0.00962201
0.0106124 , 0.0107609 , 0.0107977
0.0106124 , 0.0103181 , 0.00957759
0.0106124 , 0.0109545 , 0.0104772
0.0106124 , 0.0102999 , 0.0096665
0.0106124 , 0.0103181 , 0.0113543
0.0106124 , 0.0102682 , 0.0109822
0.0106124 , 0.0101822 , 0.0114011
0.0106124 , 0.0106829 , 0.0114948
0.0106124 , 0.0110888 , 0.0114948
0.0106124 , 0.0106096 , 0.0111677
0.0106124 , 0.0113075 , 0.0120629
0.0106124 , 0.011603 , 0.00918033
0.0106124 , 0.0113777 , 0.0103862
0.0106124 , 0.0105046 , 0.0113075
0.0106124 , 0.0109222 , 0.0116831
0.0106124 , 0.00963535 , 0.0114948
0.0106124 , 0.0101551 , 0.0120629
0.0106124 , 0.0106142 , 0.0119676
0.0106124 , 0.0112655 , 0.00971104
0.0106124 , 0.0105913 , 0.0100695
0.0106124 , 0.0104089 , 0.0117304
0.0106124 , 0.0103498 , 0.0101145
0.0106124 , 0.0111166 , 0.0113075
0.0106124 , 0.0109822 , 0.00926821
0.0106124 , 0.0111492 , 0.0110749
0.0106124 , 0.0114854 , 0.0101145
0.0106124 , 0.011387 , 0.0107518
0.0106124 , 0.0100379 , 0.00891802
0.0106124 , 0.0107563 , 0.0108438
0.0106124 , 0.0110007 , 0.0110749
0.0106124 , 0.0108438 , 0.0123505
0.0106124 , 0.0109684 , 0.0111213
0.0106124 , 0.0103953 , 0.00993461
0.0106124 , 0.010418 , 0.0124952
0.0106124 , 0.0109915 , 0.0102501
0.0106124 , 0.0108299 , 0.0100244
0.0106124 , 0.0102682 , 0.0110749
0.0106124 , 0.0106692 , 0.0102048
0.0106124 , 0.0108069 , 0.0136756
0.0106124 , 0.0105274 , 0.010936
0.0106124 , 0.0105593 , 0.0103862
0.0106124 , 0.0103544 , 0.0111677
0.0106124 , 0.0104044 , 0.00909267
0.0106124 , 0.0101371 , 0.01066
0.0106124 , 0.01101 , 0.011636
0.0106124 , 0.0108484 , 0.0102954
0.0106124 , 0.0103453 , 0.0101596
0.0106124 , 0.0110054 , 0.00900523
0.0106124 , 0.0102274 , 0.00904892
0.0106124 , 0.0103135 , 0.0123505
0.0106124 , 0.0102274 , 0.0125436
0.0106124 , 0.0107472 , 0.0114948
0.0106124 , 0.0105228 , 0.0127378
0.0106124 , 0.0108115 , 0.0112609
0.0106124 , 0.0109175 , 0.0117777
0.0106124 , 0.0109129 , 0.00831365
0.0106124 , 0.0106462 , 0.0111677
0.0106124 , 0.00984948 , 0.0103407
0.0106124 , 0.0109499 , 0.0100695
0.0106124 , 0.0106554 , 0.0113075
0.0106124 , 0.0106417 , 0.0101145
0.0106124 , 0.00993909 , 0.0115418
0.0106124 , 0.0108668 , 0.01066
0.0106124 , 0.0105502 , 0.0114479
0.0106124 , 0.0107472 , 0.00993461
0.0106124 , 0.0109776 , 0.0122544
0.0106124 , 0.0105411 , 0.0105685
0.0106124 , 0.0115136 , 0.011636
0.0106124 , 0.0105776 , 0.0108438
0.0106124 , 0.0102908 , 0.0108438
0.0106124 , 0.0106783 , 0.0111213
0.0106124 , 0.0100289 , 0.0100244
0.0106124 , 0.0102863 , 0.0120629
0.0106124 , 0.0100244 , 0.0107518
0.0106124 , 0.0100514 , 0.0118251
0.0106124 , 0.0101687 , 0.0107977
0.0106124 , 0.0108023 , 0.0101145
0.0106124 , 0.0104135 , 0.0123505
0.0106124 , 0.0112889 , 0.0113543
0.0106124 , 0.0106737 , 0.01192
0.0106124 , 0.0106646 , 0.0107518
0.0106124 , 0.0104863 , 0.0121107
0.0106124 , 0.0101913 , 0.00944466
0.0106124 , 0.0103317 , 0.0086145
0.0106124 , 0.0107609 , 0.0113543
0.0106124 , 0.0108207 , 0.00988978
0.0106124 , 0.0100875 , 0.0127378
0.0106124 , 0.00968876 , 0.011636
0.0106124 , 0.0106921 , 0.00913647
0.0106124 , 0.0103498 , 0.0117304
0.0106124 , 0.0102094 , 0.00857136
0.0106124 , 0.0106692 , 0.0103407
