0.0709704 , 0.0699917 , 0.0711913
0.0709704 , 0.0706278 , 0.0714769
0.0709704 , 0.0710212 , 0.0720557
0.0709704 , 0.0700191 , 0.0669376
0.0709704 , 0.0693949 , 0.0703497
0.0709704 , 0.0711062 , 0.0695296
0.0709704 , 0.0701015 , 0.0676935
0.0709704 , 0.0714482 , 0.0698006
0.0709704 , 0.0716494 , 0.0711913
0.0709704 , 0.0711629 , 0.072944
0.0709704 , 0.0708239 , 0.0726451
0.0709704 , 0.070074 , 0.0706278
0.0709704 , 0.0718519 , 0.074168
0.0709704 , 0.0715918 , 0.0698006
0.0709704 , 0.0706278 , 0.0757672
0.0709704 , 0.0724671 , 0.0720557
0.0709704 , 0.0717071 , 0.0698006
0.0709704 , 0.0686509 , 0.0671876
0.0709704 , 0.0707117 , 0.0709083
0.0709704 , 0.0708239 , 0.071765
0.0709704 , 0.0727643 , 0.0689942
0.0709704 , 0.071765 , 0.0692608
0.0709704 , 0.0714482 , 0.0674396
0.0709704 , 0.0705163 , 0.0735502
0.0709704 , 0.0718809 , 0.0692608
0.0709704 , 0.0715343 , 0.0767666
0.0709704 , 0.0710495 , 0.0738576
0.0709704 , 0.0701289 , 0.0711913
0.0709704 , 0.069937 , 0.0744815
0.0709704 , 0.0702115 , 0.0711913
0.0709704 , 0.0722608 , 0.0767666
0.0709704 , 0.0711062 , 0.0720557
0.0709704 , 0.0704885 , 0.0764299
0.0709704 , 0.0705999 , 0.0664434
0.0709704 , 0.0732759 , 0.071765
0.0709704 , 0.0708239 , 0.0709083
0.0709704 , 0.0694487 , 0.0720557
0.0709704 , 0.0698278 , 0.0682075
0.0709704 , 0.070184 , 0.0711913
0.0709704 , 0.0713338 , 0.0732456
0.0709704 , 0.0715343 , 0.0720557
0.0709704 , 0.072349 , 0.072944
0.0709704 , 0.0720265 , 0.0757672
0.0709704 , 0.0705999 , 0.0706278
0.0709704 , 0.0716206 , 0.0714769
0.0709704 , 0.0710778 , 0.0735502
0.0709704 , 0.0708239 , 0.0703497
0.0709704 , 0.0716206 , 0.0754409
0.0709704 , 0.0708239 , 0.0706278
0.0709704 , 0.0714196 , 0.0711913
0.0709704 , 0.0714196 , 0.0714769
0.0709704 , 0.0710212 , 0.0751179
0.0709704 , 0.0716494 , 0.072349
0.0709704 , 0.0711062 , 0.0714769
0.0709704 , 0.0716494 , 0.0714769
0.0709704 , 0.0720265 , 0.0695296
0.0709704 , 0.0705441 , 0.0711913
0.0709704 , 0.0710212 , 0.0714769
0.0709704 , 0.0715056 , 0.0714769
0.0709704 , 0.0720849 , 0.0720557
0.0709704 , 0.072854 , 0.0698006
0.0709704 , 0.0694487 , 0.0698006
0.0709704 , 0.0721141 , 0.0711913
0.0709704 , 0.0702667 , 0.0674396
0.0709704 , 0.0712483 , 0.0687298
0.0709704 , 0.0722902 , 0.0687298
0.0709704 , 0.0715918 , 0.0709083
0.0709704 , 0.0706278 , 0.0689942
0.0709704 , 0.0710212 , 0.0676935
0.0709704 , 0.0710495 , 0.0714769
0.0709704 , 0.0711629 , 0.0698006
0.0709704 , 0.069937 , 0.0664434
0.0709704 , 0.0709365 , 0.0669376
0.0709704 , 0.0696106 , 0.0777983
0.0709704 , 0.0711062 , 0.0684676
0.0709704 , 0.0707958 , 0.0703497
0.0709704 , 0.0711345 , 0.0682075
0.0709704 , 0.0722314 , 0.0709083
0.0709704 , 0.0721141 , 0.0659566
0.0709704 , 0.0718519 , 0.0692608
0.0709704 , 0.071736 , 0.0682075
0.0709704 , 0.0706278 , 0.0738576
0.0709704 , 0.0721727 , 0.066199
0.0709704 , 0.0702944 , 0.0687298
0.0709704 , 0.0705441 , 0.072944
0.0709704 , 0.0716494 , 0.0687298
0.0709704 , 0.0715056 , 0.072349
0.0709704 , 0.0713053 , 0.0692608
0.0709704 , 0.0701015 , 0.0671876
0.0709704 , 0.0727345 , 0.0695296
0.0709704 , 0.0693412 , 0.0706278
0.0709704 , 0.070322 , 0.0676935
0.0709704 , 0.07191 , 0.071765
0.0709704 , 0.0706557 , 0.0695296
0.0709704 , 0.0709083 , 0.0666895
0.0709704 , 0.0708802 , 0.0751179
0.0709704 , 0.0695836 , 0.0703497
0.0709704 , 0.0699644 , 0.0720557
0.0709704 , 0.0724376 , 0.0720557
0.0709704 , 0.0730643 , 0.0671876
