0.0881752 , 0.0866968 , 0.089001
0.0881752 , 0.089503 , 0.0926964
0.0881752 , 0.088117 , 0.0905318
0.0881752 , 0.088605 , 0.096253
0.0881752 , 0.0887529 , 0.0926964
0.0881752 , 0.0887036 , 0.096253
0.0881752 , 0.089251 , 0.0910591
0.0881752 , 0.0879239 , 0.0852493
0.0881752 , 0.0867895 , 0.0900132
0.0881752 , 0.0869291 , 0.089503
0.0881752 , 0.0892008 , 0.0910591
0.0881752 , 0.0891507 , 0.0921411
0.0881752 , 0.0902196 , 0.0900132
0.0881752 , 0.0878758 , 0.0852493
0.0881752 , 0.0896552 , 0.0870693
0.0881752 , 0.089251 , 0.0818964
0.0881752 , 0.0911123 , 0.0885068
0.0881752 , 0.0895536 , 0.0870693
0.0881752 , 0.0887036 , 0.0885068
0.0881752 , 0.0883113 , 0.0848102
0.0881752 , 0.0886543 , 0.0848102
0.0881752 , 0.0875412 , 0.0885068
0.0881752 , 0.0889015 , 0.0956314
0.0881752 , 0.0870225 , 0.0870693
0.0881752 , 0.0889015 , 0.0856945
0.0881752 , 0.0899105 , 0.0900132
0.0881752 , 0.0879239 , 0.0861462
0.0881752 , 0.0885068 , 0.0905318
0.0881752 , 0.0890508 , 0.0848102
0.0881752 , 0.0876842 , 0.0905318
0.0881752 , 0.0874463 , 0.089503
0.0881752 , 0.087732 , 0.089001
0.0881752 , 0.0891007 , 0.0915954
0.0881752 , 0.0886543 , 0.0921411
0.0881752 , 0.087732 , 0.0835284
0.0881752 , 0.0889015 , 0.0975347
0.0881752 , 0.0867895 , 0.0852493
0.0881752 , 0.0875888 , 0.089001
0.0881752 , 0.0910591 , 0.0852493
0.0881752 , 0.0870225 , 0.0880203
0.0881752 , 0.0883601 , 0.0926964
0.0881752 , 0.0904274 , 0.0910591
0.0881752 , 0.0874463 , 0.0900132
0.0881752 , 0.0879721 , 0.0910591
0.0881752 , 0.0876842 , 0.089503
0.0881752 , 0.0887036 , 0.0870693
0.0881752 , 0.0895536 , 0.0900132
0.0881752 , 0.0899105 , 0.0900132
0.0881752 , 0.0877799 , 0.0921411
0.0881752 , 0.0875412 , 0.089503
0.0881752 , 0.0872102 , 0.0861462
0.0881752 , 0.0883113 , 0.0861462
0.0881752 , 0.0884089 , 0.0861462
0.0881752 , 0.0877799 , 0.0848102
0.0881752 , 0.0874937 , 0.0915954
0.0881752 , 0.0883601 , 0.0900132
0.0881752 , 0.0880686 , 0.0915954
0.0881752 , 0.0909 , 0.0870693
0.0881752 , 0.089001 , 0.0885068
0.0881752 , 0.088117 , 0.0875412
0.0881752 , 0.0908471 , 0.0861462
0.0881752 , 0.0865582 , 0.0880203
0.0881752 , 0.0884578 , 0.0856945
0.0881752 , 0.086836 , 0.0848102
0.0881752 , 0.0886543 , 0.0932618
0.0881752 , 0.0908471 , 0.089503
0.0881752 , 0.0877799 , 0.0803443
0.0881752 , 0.0861462 , 0.0880203
0.0881752 , 0.0882626 , 0.0866044
0.0881752 , 0.0877799 , 0.0875412
0.0881752 , 0.0886543 , 0.0822966
0.0881752 , 0.0874937 , 0.0880203
0.0881752 , 0.0897061 , 0.0856945
0.0881752 , 0.0856945 , 0.0905318
0.0881752 , 0.0874463 , 0.095022
0.0881752 , 0.0863287 , 0.0885068
0.0881752 , 0.0889512 , 0.0885068
0.0881752 , 0.0890508 , 0.0785052
0.0881752 , 0.088117 , 0.089503
0.0881752 , 0.0878758 , 0.0932618
0.0881752 , 0.0886543 , 0.0870693
0.0881752 , 0.0876365 , 0.0880203
0.0881752 , 0.0913798 , 0.0880203
0.0881752 , 0.0888519 , 0.0861462
0.0881752 , 0.0893012 , 0.0921411
0.0881752 , 0.0873516 , 0.0900132
0.0881752 , 0.0896552 , 0.089001
0.0881752 , 0.0874937 , 0.089503
0.0881752 , 0.0896552 , 0.0905318
0.0881752 , 0.088117 , 0.0866044
0.0881752 , 0.0862373 , 0.0926964
0.0881752 , 0.0877799 , 0.0866044
0.0881752 , 0.0875412 , 0.0835284
0.0881752 , 0.0866968 , 0.0848102
0.0881752 , 0.0883601 , 0.0900132
0.0881752 , 0.0883601 , 0.0875412
0.0881752 , 0.0871162 , 0.0905318
0.0881752 , 0.0900647 , 0.0880203
0.0881752 , 0.0885068 , 0.0910591
0.0881752 , 0.0879721 , 0.0852493
