0.140634 , 0.140906 , 0.132627
0.140634 , 0.14118 , 0.134767
0.140634 , 0.143172 , 0.142302
0.140634 , 0.144374 , 0.139572
0.140634 , 0.140365 , 0.148658
0.140634 , 0.139834 , 0.13063
0.140634 , 0.137556 , 0.139572
0.140634 , 0.1388 , 0.148658
0.140634 , 0.140365 , 0.152439
0.140634 , 0.139055 , 0.148658
0.140634 , 0.1388 , 0.142302
0.140634 , 0.143172 , 0.145309
0.140634 , 0.140365 , 0.13063
0.140634 , 0.143468 , 0.132627
0.140634 , 0.139572 , 0.145309
0.140634 , 0.140098 , 0.148658
0.140634 , 0.143767 , 0.132627
0.140634 , 0.140634 , 0.139572
0.140634 , 0.137801 , 0.13063
0.140634 , 0.136362 , 0.137073
0.140634 , 0.143172 , 0.161893
0.140634 , 0.139834 , 0.139572
0.140634 , 0.137314 , 0.152439
0.140634 , 0.142589 , 0.137073
0.140634 , 0.1388 , 0.142302
0.140634 , 0.142017 , 0.152439
0.140634 , 0.141456 , 0.152439
0.140634 , 0.140365 , 0.148658
0.140634 , 0.14118 , 0.152439
0.140634 , 0.137314 , 0.137073
0.140634 , 0.141456 , 0.148658
0.140634 , 0.142017 , 0.145309
0.140634 , 0.143468 , 0.142302
0.140634 , 0.142017 , 0.134767
0.140634 , 0.138296 , 0.156784
0.140634 , 0.139055 , 0.145309
0.140634 , 0.140634 , 0.134767
0.140634 , 0.13499 , 0.137073
0.140634 , 0.143468 , 0.142302
0.140634 , 0.139834 , 0.142302
0.140634 , 0.144994 , 0.137073
0.140634 , 0.137073 , 0.152439
0.140634 , 0.142589 , 0.132627
0.140634 , 0.14118 , 0.148658
0.140634 , 0.137556 , 0.148658
0.140634 , 0.143767 , 0.128757
0.140634 , 0.138296 , 0.13063
0.140634 , 0.139055 , 0.145309
0.140634 , 0.140098 , 0.142302
0.140634 , 0.137073 , 0.134767
0.140634 , 0.138048 , 0.139572
0.140634 , 0.139313 , 0.137073
0.140634 , 0.142879 , 0.125329
0.140634 , 0.138547 , 0.134767
0.140634 , 0.140098 , 0.134767
0.140634 , 0.142017 , 0.161893
0.140634 , 0.146603 , 0.132627
0.140634 , 0.142017 , 0.128757
0.140634 , 0.14118 , 0.145309
0.140634 , 0.142589 , 0.134767
0.140634 , 0.138048 , 0.148658
0.140634 , 0.135668 , 0.132627
0.140634 , 0.140634 , 0.145309
0.140634 , 0.138296 , 0.148658
0.140634 , 0.138547 , 0.134767
0.140634 , 0.138296 , 0.139572
0.140634 , 0.142589 , 0.132627
0.140634 , 0.140365 , 0.145309
0.140634 , 0.143172 , 0.152439
0.140634 , 0.144374 , 0.132627
0.140634 , 0.143767 , 0.152439
0.140634 , 0.14118 , 0.148658
0.140634 , 0.137073 , 0.152439
0.140634 , 0.143172 , 0.145309
0.140634 , 0.139834 , 0.134767
0.140634 , 0.141456 , 0.134767
0.140634 , 0.140634 , 0.132627
0.140634 , 0.139313 , 0.137073
0.140634 , 0.140365 , 0.148658
0.140634 , 0.137073 , 0.148658
0.140634 , 0.137073 , 0.145309
0.140634 , 0.141456 , 0.142302
0.140634 , 0.143468 , 0.137073
0.140634 , 0.145949 , 0.139572
0.140634 , 0.14118 , 0.152439
0.140634 , 0.137073 , 0.145309
0.140634 , 0.138048 , 0.132627
0.140634 , 0.140365 , 0.148658
0.140634 , 0.146603 , 0.148658
0.140634 , 0.138547 , 0.142302
0.140634 , 0.141735 , 0.126995
0.140634 , 0.1388 , 0.142302
0.140634 , 0.142589 , 0.148658
0.140634 , 0.140906 , 0.132627
0.140634 , 0.144069 , 0.139572
0.140634 , 0.1388 , 0.152439
0.140634 , 0.140634 , 0.137073
0.140634 , 0.136362 , 0.142302
0.140634 , 0.139055 , 0.13063
0.140634 , 0.142017 , 0.142302
