0.151959 , 0.150488 , 0.161893
0.151959 , 0.159226 , 0.156784
0.151959 , 0.151253 , 0.142302
0.151959 , 0.149742 , 0.161893
0.151959 , 0.158721 , 0.152439
0.151959 , 0.149015 , 0.168104
0.151959 , 0.149376 , 0.168104
0.151959 , 0.154531 , 0.145309
0.151959 , 0.152039 , 0.152439
0.151959 , 0.152846 , 0.205672
0.151959 , 0.150113 , 0.148658
0.151959 , 0.152846 , 0.161893
0.151959 , 0.157256 , 0.168104
0.151959 , 0.156319 , 0.137073
0.151959 , 0.146936 , 0.148658
0.151959 , 0.152846 , 0.161893
0.151959 , 0.155861 , 0.152439
0.151959 , 0.147957 , 0.139572
0.151959 , 0.150113 , 0.152439
0.151959 , 0.152439 , 0.148658
0.151959 , 0.150868 , 0.176043
0.151959 , 0.158721 , 0.13063
0.151959 , 0.144994 , 0.142302
0.151959 , 0.149015 , 0.142302
0.151959 , 0.155861 , 0.156784
0.151959 , 0.15974 , 0.168104
0.151959 , 0.157256 , 0.13063
0.151959 , 0.149742 , 0.187105
0.151959 , 0.151643 , 0.161893
0.151959 , 0.150113 , 0.156784
0.151959 , 0.152439 , 0.161893
0.151959 , 0.150113 , 0.168104
0.151959 , 0.154531 , 0.139572
0.151959 , 0.1541 , 0.139572
0.151959 , 0.155411 , 0.139572
0.151959 , 0.157736 , 0.168104
0.151959 , 0.151643 , 0.161893
0.151959 , 0.149742 , 0.156784
0.151959 , 0.148658 , 0.156784
0.151959 , 0.149015 , 0.148658
0.151959 , 0.149376 , 0.145309
0.151959 , 0.156319 , 0.156784
0.151959 , 0.155411 , 0.139572
0.151959 , 0.157736 , 0.152439
0.151959 , 0.149742 , 0.168104
0.151959 , 0.145627 , 0.168104
0.151959 , 0.157736 , 0.176043
0.151959 , 0.154531 , 0.156784
0.151959 , 0.152846 , 0.156784
0.151959 , 0.150113 , 0.156784
0.151959 , 0.154531 , 0.145309
0.151959 , 0.154531 , 0.161893
0.151959 , 0.148306 , 0.156784
0.151959 , 0.152439 , 0.156784
0.151959 , 0.155861 , 0.156784
0.151959 , 0.155861 , 0.156784
0.151959 , 0.150488 , 0.148658
0.151959 , 0.155411 , 0.187105
0.151959 , 0.157736 , 0.148658
0.151959 , 0.155861 , 0.168104
0.151959 , 0.147613 , 0.137073
0.151959 , 0.152039 , 0.145309
0.151959 , 0.149015 , 0.145309
0.151959 , 0.154967 , 0.168104
0.151959 , 0.155411 , 0.139572
0.151959 , 0.156784 , 0.168104
0.151959 , 0.153676 , 0.152439
0.151959 , 0.149742 , 0.168104
0.151959 , 0.151253 , 0.152439
0.151959 , 0.154967 , 0.161893
0.151959 , 0.149742 , 0.142302
0.151959 , 0.155411 , 0.176043
0.151959 , 0.150488 , 0.132627
0.151959 , 0.156319 , 0.152439
0.151959 , 0.148306 , 0.137073
0.151959 , 0.154531 , 0.187105
0.151959 , 0.152846 , 0.142302
0.151959 , 0.161893 , 0.168104
0.151959 , 0.152846 , 0.152439
0.151959 , 0.147957 , 0.139572
0.151959 , 0.155411 , 0.156784
0.151959 , 0.150868 , 0.152439
0.151959 , 0.157736 , 0.161893
0.151959 , 0.147613 , 0.126995
0.151959 , 0.150868 , 0.148658
0.151959 , 0.151643 , 0.148658
0.151959 , 0.154967 , 0.145309
0.151959 , 0.153258 , 0.156784
0.151959 , 0.153676 , 0.137073
0.151959 , 0.1541 , 0.148658
0.151959 , 0.148658 , 0.148658
0.151959 , 0.153258 , 0.139572
0.151959 , 0.150488 , 0.161893
0.151959 , 0.157256 , 0.161893
0.151959 , 0.153258 , 0.156784
0.151959 , 0.148658 , 0.168104
0.151959 , 0.149742 , 0.168104
0.151959 , 0.153258 , 0.142302
0.151959 , 0.156319 , 0.134767
0.151959 , 0.154531 , 0.148658
