0.129923 , 0.133253 , 0.125329
0.129923 , 0.127339 , 0.125329
0.129923 , 0.131019 , 0.132627
0.129923 , 0.128757 , 0.126995
0.129923 , 0.127166 , 0.132627
0.129923 , 0.133043 , 0.120823
0.129923 , 0.126317 , 0.134767
0.129923 , 0.128217 , 0.137073
0.129923 , 0.130056 , 0.13063
0.129923 , 0.129122 , 0.122252
0.129923 , 0.129867 , 0.13063
0.129923 , 0.127339 , 0.13063
0.129923 , 0.127687 , 0.126995
0.129923 , 0.133253 , 0.132627
0.129923 , 0.129492 , 0.132627
0.129923 , 0.130246 , 0.137073
0.129923 , 0.131612 , 0.137073
0.129923 , 0.12804 , 0.125329
0.129923 , 0.128757 , 0.139572
0.129923 , 0.132421 , 0.132627
0.129923 , 0.132217 , 0.139572
0.129923 , 0.128396 , 0.125329
0.129923 , 0.133043 , 0.118152
0.129923 , 0.131215 , 0.134767
0.129923 , 0.131612 , 0.126995
0.129923 , 0.13063 , 0.137073
0.129923 , 0.131812 , 0.134767
0.129923 , 0.132834 , 0.13063
0.129923 , 0.133893 , 0.122252
0.129923 , 0.132014 , 0.137073
0.129923 , 0.128939 , 0.137073
0.129923 , 0.130056 , 0.142302
0.129923 , 0.130246 , 0.125329
0.129923 , 0.131413 , 0.126995
0.129923 , 0.12804 , 0.132627
0.129923 , 0.133253 , 0.128757
0.129923 , 0.131812 , 0.132627
0.129923 , 0.131019 , 0.118152
0.129923 , 0.134327 , 0.13063
0.129923 , 0.129867 , 0.13063
0.129923 , 0.130246 , 0.13063
0.129923 , 0.128576 , 0.123751
0.129923 , 0.130056 , 0.128757
0.129923 , 0.128396 , 0.122252
0.129923 , 0.131413 , 0.139572
0.129923 , 0.128757 , 0.125329
0.129923 , 0.132014 , 0.123751
0.129923 , 0.132014 , 0.137073
0.129923 , 0.128396 , 0.126995
0.129923 , 0.129122 , 0.125329
0.129923 , 0.131413 , 0.132627
0.129923 , 0.129867 , 0.13063
0.129923 , 0.129867 , 0.132627
0.129923 , 0.128939 , 0.156784
0.129923 , 0.129867 , 0.125329
0.129923 , 0.135214 , 0.122252
0.129923 , 0.129867 , 0.134767
0.129923 , 0.130246 , 0.123751
0.129923 , 0.131413 , 0.13063
0.129923 , 0.127863 , 0.1169
0.129923 , 0.13063 , 0.137073
0.129923 , 0.126824 , 0.128757
0.129923 , 0.131215 , 0.120823
0.129923 , 0.127339 , 0.13063
0.129923 , 0.133043 , 0.145309
0.129923 , 0.131812 , 0.137073
0.129923 , 0.130437 , 0.148658
0.129923 , 0.133253 , 0.126995
0.129923 , 0.129307 , 0.148658
0.129923 , 0.130437 , 0.123751
0.129923 , 0.126995 , 0.128757
0.129923 , 0.131413 , 0.132627
0.129923 , 0.128576 , 0.128757
0.129923 , 0.130056 , 0.13063
0.129923 , 0.131413 , 0.139572
0.129923 , 0.130056 , 0.122252
0.129923 , 0.128217 , 0.115697
0.129923 , 0.12804 , 0.132627
0.129923 , 0.134109 , 0.132627
0.129923 , 0.13063 , 0.13063
0.129923 , 0.132014 , 0.126995
0.129923 , 0.127687 , 0.132627
0.129923 , 0.128757 , 0.137073
0.129923 , 0.132627 , 0.13063
0.129923 , 0.129867 , 0.119458
0.129923 , 0.13499 , 0.134767
0.129923 , 0.132014 , 0.128757
0.129923 , 0.128757 , 0.126995
0.129923 , 0.13063 , 0.139572
0.129923 , 0.130824 , 0.134767
0.129923 , 0.126824 , 0.13063
0.129923 , 0.12804 , 0.13063
0.129923 , 0.129122 , 0.122252
0.129923 , 0.12804 , 0.132627
0.129923 , 0.128576 , 0.123751
0.129923 , 0.137073 , 0.13063
0.129923 , 0.127166 , 0.118152
0.129923 , 0.129307 , 0.122252
0.129923 , 0.125655 , 0.137073
0.129923 , 0.128939 , 0.137073
