0.194684 , 0.200829 , 0.205672
0.194684 , 0.188493 , 0.187105
0.194684 , 0.194863 , 0.176043
0.194684 , 0.188493 , 1
0.194684 , 0.185782 , 0.187105
0.194684 , 0.191497 , 0.205672
0.194684 , 0.194863 , 1
0.194684 , 0.200829 , 0.205672
0.194684 , 0.191497 , 0.176043
0.194684 , 0.203144 , 0.205672
0.194684 , 0.198694 , 0.187105
0.194684 , 0.198694 , 1
0.194684 , 0.183309 , 0.187105
0.194684 , 0.198694 , 1
0.194684 , 0.183309 , 0.187105
0.194684 , 0.200829 , 1
0.194684 , 0.200829 , 1
0.194684 , 0.189955 , 0.187105
0.194684 , 0.194863 , 0.168104
0.194684 , 0.185782 , 1
0.194684 , 0.189955 , 0.161893
0.194684 , 0.191497 , 0.205672
0.194684 , 0.203144 , 0.168104
0.194684 , 0.200829 , 0.168104
0.194684 , 0.200829 , 0.187105
0.194684 , 0.194863 , 0.176043
0.194684 , 0.196712 , 0.205672
0.194684 , 0.200829 , 0.205672
0.194684 , 0.188493 , 1
0.194684 , 0.191497 , 0.187105
0.194684 , 0.193129 , 0.205672
0.194684 , 0.200829 , 0.176043
0.194684 , 0.198694 , 1
0.194684 , 0.200829 , 0.187105
0.194684 , 0.188493 , 1
0.194684 , 0.208456 , 0.205672
0.194684 , 0.194863 , 0.176043
0.194684 , 0.200829 , 0.205672
0.194684 , 0.198694 , 0.187105
0.194684 , 0.194863 , 0.187105
0.194684 , 0.194863 , 0.187105
0.194684 , 0.194863 , 1
0.194684 , 0.200829 , 0.205672
0.194684 , 0.191497 , 0.205672
0.194684 , 0.188493 , 1
0.194684 , 0.196712 , 0.187105
0.194684 , 0.194863 , 0.187105
0.194684 , 0.203144 , 0.205672
0.194684 , 0.196712 , 1
0.194684 , 0.194863 , 0.205672
0.194684 , 0.185782 , 0.205672
0.194684 , 0.198694 , 0.205672
0.194684 , 0.181036 , 1
0.194684 , 0.198694 , 0.205672
0.194684 , 0.188493 , 0.187105
0.194684 , 0.191497 , 0.187105
0.194684 , 0.198694 , 0.187105
0.194684 , 0.198694 , 0.187105
0.194684 , 0.194863 , 0.205672
0.194684 , 0.194863 , 0.205672
0.194684 , 0.200829 , 0.176043
0.194684 , 0.189955 , 0.176043
0.194684 , 0.191497 , 0.187105
0.194684 , 0.191497 , 1
0.194684 , 0.194863 , 0.176043
0.194684 , 0.194863 , 1
0.194684 , 0.200829 , 0.205672
0.194684 , 0.188493 , 0.187105
0.194684 , 0.189955 , 0.205672
0.194684 , 0.205672 , 1
0.194684 , 0.183309 , 0.187105
0.194684 , 0.200829 , 0.176043
0.194684 , 0.196712 , 0.176043
0.194684 , 0.189955 , 0.176043
0.194684 , 0.193129 , 0.205672
0.194684 , 0.208456 , 1
0.194684 , 0.187105 , 0.187105
0.194684 , 0.184518 , 0.176043
0.194684 , 0.188493 , 1
0.194684 , 0.187105 , 1
0.194684 , 0.200829 , 0.176043
0.194684 , 0.198694 , 0.205672
0.194684 , 0.188493 , 0.187105
0.194684 , 0.205672 , 0.176043
0.194684 , 0.211558 , 1
0.194684 , 0.198694 , 0.176043
0.194684 , 0.211558 , 0.205672
0.194684 , 0.198694 , 0.205672
0.194684 , 0.193129 , 0.187105
0.194684 , 0.189955 , 0.205672
0.194684 , 0.203144 , 0.205672
0.194684 , 0.184518 , 0.205672
0.194684 , 0.211558 , 0.168104
0.194684 , 0.189955 , 0.176043
0.194684 , 0.203144 , 0.176043
0.194684 , 0.189955 , 0.187105
0.194684 , 0.184518 , 0.168104
0.194684 , 0.193129 , 1
0.194684 , 0.196712 , 0.187105
0.194684 , 0.203144 , 0.187105
