0.166882 , 0.169525 , 0.161893
0.166882 , 0.165457 , 0.148658
0.166882 , 0.16675 , 0.145309
0.166882 , 0.168806 , 0.176043
0.166882 , 0.163032 , 0.187105
0.166882 , 0.162457 , 0.176043
0.166882 , 0.168806 , 0.187105
0.166882 , 0.168806 , 0.156784
0.166882 , 0.17102 , 0.205672
0.166882 , 0.166096 , 0.161893
0.166882 , 0.165457 , 0.168104
0.166882 , 0.171799 , 0.205672
0.166882 , 0.165457 , 0.168104
0.166882 , 0.164219 , 0.176043
0.166882 , 0.168806 , 0.161893
0.166882 , 0.169525 , 0.161893
0.166882 , 0.167419 , 0.205672
0.166882 , 0.174269 , 0.168104
0.166882 , 0.168104 , 0.156784
0.166882 , 0.171799 , 0.168104
0.166882 , 0.168806 , 0.205672
0.166882 , 0.161893 , 0.168104
0.166882 , 0.162457 , 0.161893
0.166882 , 0.17102 , 0.187105
0.166882 , 0.162457 , 0.168104
0.166882 , 0.169525 , 0.152439
0.166882 , 0.160796 , 0.187105
0.166882 , 0.16362 , 0.187105
0.166882 , 0.170263 , 0.168104
0.166882 , 0.170263 , 0.176043
0.166882 , 0.164831 , 0.205672
0.166882 , 0.164219 , 0.161893
0.166882 , 0.16362 , 0.161893
0.166882 , 0.164831 , 0.161893
0.166882 , 0.164219 , 0.176043
0.166882 , 0.164219 , 0.205672
0.166882 , 0.178932 , 0.156784
0.166882 , 0.16675 , 0.161893
0.166882 , 0.168806 , 0.168104
0.166882 , 0.164219 , 0.168104
0.166882 , 0.164219 , 0.156784
0.166882 , 0.168806 , 0.161893
0.166882 , 0.166096 , 0.156784
0.166882 , 0.16362 , 0.176043
0.166882 , 0.164219 , 0.187105
0.166882 , 0.165457 , 0.156784
0.166882 , 0.165457 , 0.187105
0.166882 , 0.172598 , 0.161893
0.166882 , 0.176043 , 0.156784
0.166882 , 0.168806 , 0.187105
0.166882 , 0.169525 , 0.176043
0.166882 , 0.168806 , 0.161893
0.166882 , 0.158224 , 0.176043
0.166882 , 0.174269 , 0.187105
0.166882 , 0.162457 , 0.176043
0.166882 , 0.162457 , 0.156784
0.166882 , 0.171799 , 0.156784
0.166882 , 0.168806 , 0.148658
0.166882 , 0.17102 , 0.176043
0.166882 , 0.165457 , 0.145309
0.166882 , 0.168806 , 0.161893
0.166882 , 0.170263 , 0.148658
0.166882 , 0.158224 , 0.176043
0.166882 , 0.168806 , 0.161893
0.166882 , 0.169525 , 0.176043
0.166882 , 0.165457 , 0.152439
0.166882 , 0.157736 , 0.156784
0.166882 , 0.164831 , 0.168104
0.166882 , 0.169525 , 1
0.166882 , 0.165457 , 0.176043
0.166882 , 0.172598 , 1
0.166882 , 0.167419 , 0.176043
0.166882 , 0.17102 , 0.156784
0.166882 , 0.16675 , 0.156784
0.166882 , 0.165457 , 0.176043
0.166882 , 0.167419 , 0.161893
0.166882 , 0.164219 , 0.187105
0.166882 , 0.160263 , 0.176043
0.166882 , 0.164219 , 0.176043
0.166882 , 0.164831 , 0.187105
0.166882 , 0.16675 , 0.161893
0.166882 , 0.168104 , 0.187105
0.166882 , 0.168806 , 0.168104
0.166882 , 0.16675 , 0.176043
0.166882 , 0.166096 , 0.148658
0.166882 , 0.167419 , 0.187105
0.166882 , 0.168104 , 0.161893
0.166882 , 0.170263 , 0.168104
0.166882 , 0.164219 , 0.187105
0.166882 , 0.170263 , 0.152439
0.166882 , 0.16675 , 0.161893
0.166882 , 0.17102 , 0.205672
0.166882 , 0.16675 , 0.145309
0.166882 , 0.164219 , 0.161893
0.166882 , 0.160796 , 0.168104
0.166882 , 0.169525 , 0.152439
0.166882 , 0.167419 , 0.145309
0.166882 , 0.17102 , 0.168104
0.166882 , 0.162457 , 0.148658
0.166882 , 0.17102 , 0.176043
