0.170114 , 0.175142 , 0.205672
0.170114 , 0.165457 , 0.187105
0.170114 , 0.181036 , 0.168104
0.170114 , 0.164219 , 0.156784
0.170114 , 0.169525 , 0.139572
0.170114 , 0.16675 , 0.142302
0.170114 , 0.174269 , 0.161893
0.170114 , 0.169525 , 0.156784
0.170114 , 0.168806 , 0.176043
0.170114 , 0.179964 , 0.156784
0.170114 , 0.170263 , 1
0.170114 , 0.16675 , 0.156784
0.170114 , 0.169525 , 0.161893
0.170114 , 0.168104 , 0.176043
0.170114 , 0.172598 , 0.205672
0.170114 , 0.173421 , 0.152439
0.170114 , 0.170263 , 0.176043
0.170114 , 0.165457 , 0.168104
0.170114 , 0.168104 , 0.168104
0.170114 , 0.172598 , 0.176043
0.170114 , 0.171799 , 0.176043
0.170114 , 0.171799 , 0.205672
0.170114 , 0.17102 , 0.176043
0.170114 , 0.176974 , 0.168104
0.170114 , 0.165457 , 0.176043
0.170114 , 0.170263 , 0.142302
0.170114 , 0.168104 , 0.176043
0.170114 , 0.166096 , 0.176043
0.170114 , 0.176974 , 1
0.170114 , 0.168104 , 0.187105
0.170114 , 0.167419 , 0.176043
0.170114 , 0.177936 , 0.161893
0.170114 , 0.168104 , 0.205672
0.170114 , 0.169525 , 0.176043
0.170114 , 0.167419 , 0.168104
0.170114 , 0.170263 , 0.205672
0.170114 , 0.16362 , 0.161893
0.170114 , 0.167419 , 0.176043
0.170114 , 0.172598 , 0.156784
0.170114 , 0.165457 , 0.205672
0.170114 , 0.173421 , 0.145309
0.170114 , 0.165457 , 0.176043
0.170114 , 0.168104 , 0.187105
0.170114 , 0.167419 , 0.176043
0.170114 , 0.177936 , 0.156784
0.170114 , 0.17102 , 0.176043
0.170114 , 0.172598 , 0.156784
0.170114 , 0.17102 , 0.187105
0.170114 , 0.16362 , 1
0.170114 , 0.169525 , 0.187105
0.170114 , 0.164831 , 0.168104
0.170114 , 0.176974 , 0.187105
0.170114 , 0.17102 , 0.176043
0.170114 , 0.174269 , 0.176043
0.170114 , 0.170263 , 1
0.170114 , 0.171799 , 0.176043
0.170114 , 0.171799 , 0.168104
0.170114 , 0.163032 , 0.187105
0.170114 , 0.167419 , 0.148658
0.170114 , 0.170263 , 0.187105
0.170114 , 0.172598 , 0.152439
0.170114 , 0.170263 , 0.176043
0.170114 , 0.171799 , 0.168104
0.170114 , 0.172598 , 0.161893
0.170114 , 0.174269 , 0.187105
0.170114 , 0.178932 , 0.161893
0.170114 , 0.175142 , 0.161893
0.170114 , 0.171799 , 0.176043
0.170114 , 0.168104 , 0.176043
0.170114 , 0.173421 , 0.187105
0.170114 , 0.162457 , 1
0.170114 , 0.162457 , 0.168104
0.170114 , 0.166096 , 0.168104
0.170114 , 0.161893 , 0.205672
0.170114 , 0.168806 , 0.176043
0.170114 , 0.178932 , 0.168104
0.170114 , 0.179964 , 0.205672
0.170114 , 0.16675 , 0.168104
0.170114 , 0.168104 , 0.156784
0.170114 , 0.16675 , 0.205672
0.170114 , 0.164831 , 0.176043
0.170114 , 0.168806 , 0.176043
0.170114 , 0.16362 , 0.168104
0.170114 , 0.168806 , 0.168104
0.170114 , 0.169525 , 0.187105
0.170114 , 0.172598 , 0.176043
0.170114 , 0.174269 , 0.187105
0.170114 , 0.164831 , 0.187105
0.170114 , 0.170263 , 0.161893
0.170114 , 0.17102 , 0.205672
0.170114 , 0.168104 , 0.161893
0.170114 , 0.172598 , 0.205672
0.170114 , 0.176974 , 0.187105
0.170114 , 0.168104 , 0.161893
0.170114 , 0.170263 , 0.168104
0.170114 , 0.16362 , 0.168104
0.170114 , 0.163032 , 0.187105
0.170114 , 0.168806 , 0.168104
0.170114 , 0.164219 , 0.168104
0.170114 , 0.165457 , 0.161893
