0.0997369 , 0.100268 , 0.100991
0.0997369 , 0.0989397 , 0.105721
0.0997369 , 0.101211 , 0.0975347
0.0997369 , 0.0988031 , 0.111311
0.0997369 , 0.10272 , 0.102489
0.0997369 , 0.0989397 , 0.0975347
0.0997369 , 0.100126 , 0.101731
0.0997369 , 0.100627 , 0.108389
0.0997369 , 0.0976658 , 0.102489
0.0997369 , 0.0997018 , 0.107474
0.0997369 , 0.100918 , 0.0968873
0.0997369 , 0.100555 , 0.107474
0.0997369 , 0.10034 , 0.0988713
0.0997369 , 0.0981958 , 0.104063
0.0997369 , 0.0985994 , 0.101731
0.0997369 , 0.100918 , 0.0938376
0.0997369 , 0.100772 , 0.102489
0.0997369 , 0.0995619 , 0.100268
0.0997369 , 0.100627 , 0.102489
0.0997369 , 0.0982627 , 0.0975347
0.0997369 , 0.100411 , 0.104063
0.0997369 , 0.0988713 , 0.0995619
0.0997369 , 0.100772 , 0.0956314
0.0997369 , 0.10034 , 0.100268
0.0997369 , 0.100197 , 0.0968873
0.0997369 , 0.099772 , 0.0988713
0.0997369 , 0.099913 , 0.0968873
0.0997369 , 0.0982627 , 0.103266
0.0997369 , 0.100845 , 0.0921411
0.0997369 , 0.100555 , 0.0932618
0.0997369 , 0.102642 , 0.0944242
0.0997369 , 0.0988031 , 0.104881
0.0997369 , 0.101064 , 0.100268
0.0997369 , 0.0985994 , 0.096253
0.0997369 , 0.101731 , 0.0975347
0.0997369 , 0.0994921 , 0.095022
0.0997369 , 0.0994921 , 0.0975347
0.0997369 , 0.10034 , 0.096253
0.0997369 , 0.0977975 , 0.108389
0.0997369 , 0.100483 , 0.0880203
0.0997369 , 0.0994921 , 0.107474
0.0997369 , 0.0994921 , 0.104063
0.0997369 , 0.1007 , 0.105721
0.0997369 , 0.100197 , 0.0988713
0.0997369 , 0.100555 , 0.100991
0.0997369 , 0.097996 , 0.095022
0.0997369 , 0.0977975 , 0.095022
0.0997369 , 0.0992147 , 0.0995619
0.0997369 , 0.0991457 , 0.0995619
0.0997369 , 0.0996318 , 0.11235
0.0997369 , 0.0985318 , 0.100268
0.0997369 , 0.0979297 , 0.100268
0.0997369 , 0.100055 , 0.11235
0.0997369 , 0.099772 , 0.102489
0.0997369 , 0.0985318 , 0.104881
0.0997369 , 0.0991457 , 0.102489
0.0997369 , 0.0972093 , 0.100991
0.0997369 , 0.100411 , 0.0975347
0.0997369 , 0.0991457 , 0.0988713
0.0997369 , 0.101507 , 0.0921411
0.0997369 , 0.0983298 , 0.102489
0.0997369 , 0.0982627 , 0.105721
0.0997369 , 0.0988713 , 0.096253
0.0997369 , 0.0991457 , 0.0988713
0.0997369 , 0.100772 , 0.107474
0.0997369 , 0.10272 , 0.0981958
0.0997369 , 0.0994921 , 0.102489
0.0997369 , 0.102336 , 0.0975347
0.0997369 , 0.0992838 , 0.107474
0.0997369 , 0.098397 , 0.101731
0.0997369 , 0.0985994 , 0.104881
0.0997369 , 0.0989397 , 0.100991
0.0997369 , 0.0977975 , 0.101731
0.0997369 , 0.1007 , 0.0975347
0.0997369 , 0.101433 , 0.096253
0.0997369 , 0.100555 , 0.0968873
0.0997369 , 0.100055 , 0.095022
0.0997369 , 0.0997018 , 0.100991
0.0997369 , 0.0982627 , 0.100268
0.0997369 , 0.0986671 , 0.104881
0.0997369 , 0.102336 , 0.095022
0.0997369 , 0.0996318 , 0.100268
0.0997369 , 0.0986671 , 0.103266
0.0997369 , 0.0974041 , 0.101731
0.0997369 , 0.099772 , 0.11454
0.0997369 , 0.101731 , 0.109332
0.0997369 , 0.0994225 , 0.107474
0.0997369 , 0.0985318 , 0.0956314
0.0997369 , 0.0974041 , 0.101731
0.0997369 , 0.0992147 , 0.0988713
0.0997369 , 0.0987351 , 0.095022
0.0997369 , 0.0998424 , 0.0944242
0.0997369 , 0.101656 , 0.0988713
0.0997369 , 0.0975347 , 0.101731
0.0997369 , 0.100055 , 0.100268
0.0997369 , 0.100555 , 0.0956314
0.0997369 , 0.0993531 , 0.0975347
0.0997369 , 0.0992147 , 0.100268
0.0997369 , 0.100268 , 0.0975347
0.0997369 , 0.0994225 , 0.11454
