0.112034 , 0.111619 , 0.115697
0.112034 , 0.107928 , 0.111311
0.112034 , 0.110207 , 0.119458
0.112034 , 0.110504 , 0.120823
0.112034 , 0.109718 , 0.11235
0.112034 , 0.111826 , 0.105721
0.112034 , 0.111311 , 0.110306
0.112034 , 0.11001 , 0.105721
0.112034 , 0.111311 , 0.11235
0.112034 , 0.110905 , 0.111311
0.112034 , 0.113316 , 0.119458
0.112034 , 0.111006 , 0.118152
0.112034 , 0.109525 , 0.113425
0.112034 , 0.11235 , 0.110306
0.112034 , 0.11235 , 0.110306
0.112034 , 0.113645 , 0.118152
0.112034 , 0.11001 , 0.115697
0.112034 , 0.111006 , 0.11235
0.112034 , 0.115462 , 0.109332
0.112034 , 0.109621 , 0.11454
0.112034 , 0.11454 , 0.107474
0.112034 , 0.110905 , 0.11235
0.112034 , 0.111413 , 0.107474
0.112034 , 0.111006 , 0.126995
0.112034 , 0.112991 , 0.11454
0.112034 , 0.111413 , 0.110306
0.112034 , 0.111311 , 0.11235
0.112034 , 0.111209 , 0.104881
0.112034 , 0.108857 , 0.109332
0.112034 , 0.109141 , 0.119458
0.112034 , 0.112456 , 0.107474
0.112034 , 0.111006 , 0.109332
0.112034 , 0.109913 , 0.109332
0.112034 , 0.113535 , 0.105721
0.112034 , 0.116534 , 0.109332
0.112034 , 0.112456 , 0.115697
0.112034 , 0.111209 , 0.108389
0.112034 , 0.111413 , 0.111311
0.112034 , 0.113756 , 0.109332
0.112034 , 0.113535 , 0.122252
0.112034 , 0.108763 , 0.102489
0.112034 , 0.11193 , 0.111311
0.112034 , 0.111311 , 0.110306
0.112034 , 0.113207 , 0.111311
0.112034 , 0.11193 , 0.108389
0.112034 , 0.111311 , 0.110306
0.112034 , 0.112669 , 0.126995
0.112034 , 0.113099 , 0.109332
0.112034 , 0.113207 , 0.109332
0.112034 , 0.110306 , 0.109332
0.112034 , 0.114202 , 0.109332
0.112034 , 0.111826 , 0.109332
0.112034 , 0.111413 , 0.123751
0.112034 , 0.113535 , 0.122252
0.112034 , 0.113535 , 0.11454
0.112034 , 0.113978 , 0.101731
0.112034 , 0.113535 , 0.109332
0.112034 , 0.111107 , 0.110306
0.112034 , 0.112562 , 0.118152
0.112034 , 0.110905 , 0.11454
0.112034 , 0.111619 , 0.1169
0.112034 , 0.11193 , 0.113425
0.112034 , 0.112456 , 0.113425
0.112034 , 0.113099 , 0.111311
0.112034 , 0.110109 , 0.118152
0.112034 , 0.112562 , 0.122252
0.112034 , 0.111413 , 0.110306
0.112034 , 0.113207 , 0.111311
0.112034 , 0.109621 , 0.109332
0.112034 , 0.112456 , 0.132627
0.112034 , 0.112669 , 0.110306
0.112034 , 0.111826 , 0.1169
0.112034 , 0.111006 , 0.119458
0.112034 , 0.110905 , 0.105721
0.112034 , 0.113756 , 0.113425
0.112034 , 0.113756 , 0.104881
0.112034 , 0.112776 , 0.119458
0.112034 , 0.111413 , 0.122252
0.112034 , 0.112669 , 0.111311
0.112034 , 0.112244 , 0.125329
0.112034 , 0.11235 , 0.107474
0.112034 , 0.11193 , 0.107474
0.112034 , 0.113099 , 0.115697
0.112034 , 0.113535 , 0.125329
0.112034 , 0.110905 , 0.106585
0.112034 , 0.11235 , 0.111311
0.112034 , 0.115113 , 0.110306
0.112034 , 0.111311 , 0.107474
0.112034 , 0.11235 , 0.111311
0.112034 , 0.112883 , 0.11235
0.112034 , 0.110207 , 0.11235
0.112034 , 0.110804 , 0.104881
0.112034 , 0.110905 , 0.115697
0.112034 , 0.108296 , 0.108389
0.112034 , 0.110804 , 0.104881
0.112034 , 0.111826 , 0.113425
0.112034 , 0.111107 , 0.109332
0.112034 , 0.110905 , 0.119458
0.112034 , 0.113425 , 0.11235
0.112034 , 0.11454 , 0.104881
