0.213604 , 0.229566 , 0.161893
0.213604 , 0.229566 , 0.205672
0.213604 , 0.21506 , 1
0.213604 , 0.247163 , 1
0.213604 , 0.219083 , 1
0.213604 , 0.205672 , 0.205672
0.213604 , 0.223814 , 1
0.213604 , 0.211558 , 0.187105
0.213604 , 0.21506 , 1
0.213604 , 0.21506 , 0.205672
0.213604 , 0.229566 , 1
0.213604 , 0.223814 , 0.205672
0.213604 , 0.21506 , 1
0.213604 , 0.219083 , 1
0.213604 , 0.223814 , 0.176043
0.213604 , 0.198694 , 1
0.213604 , 0.229566 , 1
0.213604 , 0.21506 , 1
0.213604 , 0.219083 , 0.187105
0.213604 , 0.200829 , 0.187105
0.213604 , 0.203144 , 0.205672
0.213604 , 0.211558 , 1
0.213604 , 0.229566 , 0.205672
0.213604 , 0.21506 , 0.187105
0.213604 , 0.223814 , 0.205672
0.213604 , 0.219083 , 0.187105
0.213604 , 0.200829 , 1
0.213604 , 0.21506 , 1
0.213604 , 0.208456 , 0.176043
0.213604 , 0.229566 , 0.205672
0.213604 , 0.219083 , 1
0.213604 , 0.208456 , 0.205672
0.213604 , 0.203144 , 0.205672
0.213604 , 0.203144 , 1
0.213604 , 0.205672 , 1
0.213604 , 0.211558 , 1
0.213604 , 0.193129 , 0.187105
0.213604 , 0.229566 , 0.205672
0.213604 , 0.211558 , 0.205672
0.213604 , 0.229566 , 0.205672
0.213604 , 0.203144 , 0.205672
0.213604 , 0.205672 , 0.205672
0.213604 , 0.205672 , 1
0.213604 , 0.205672 , 0.205672
0.213604 , 0.211558 , 0.187105
0.213604 , 0.219083 , 0.205672
0.213604 , 0.236919 , 0.205672
0.213604 , 0.211558 , 0.205672
0.213604 , 0.198694 , 0.205672
0.213604 , 0.211558 , 0.205672
0.213604 , 0.223814 , 1
0.213604 , 0.21506 , 1
0.213604 , 0.247163 , 0.176043
0.213604 , 0.219083 , 0.205672
0.213604 , 0.219083 , 1
0.213604 , 0.208456 , 1
0.213604 , 0.21506 , 0.205672
0.213604 , 0.21506 , 1
0.213604 , 0.223814 , 1
0.213604 , 0.211558 , 0.205672
0.213604 , 0.21506 , 0.205672
0.213604 , 0.21506 , 1
0.213604 , 0.21506 , 1
0.213604 , 0.21506 , 0.205672
0.213604 , 0.236919 , 1
0.213604 , 0.229566 , 0.205672
0.213604 , 0.223814 , 0.205672
0.213604 , 0.198694 , 0.205672
0.213604 , 0.223814 , 1
0.213604 , 0.205672 , 0.205672
0.213604 , 0.205672 , 1
0.213604 , 0.229566 , 1
0.213604 , 0.211558 , 1
0.213604 , 0.21506 , 1
0.213604 , 0.205672 , 0.205672
0.213604 , 0.21506 , 0.205672
0.213604 , 0.223814 , 0.205672
0.213604 , 0.223814 , 1
0.213604 , 0.223814 , 1
0.213604 , 0.211558 , 0.205672
0.213604 , 0.229566 , 1
0.213604 , 0.200829 , 0.187105
0.213604 , 0.208456 , 0.205672
0.213604 , 0.203144 , 0.205672
0.213604 , 0.211558 , 1
0.213604 , 0.223814 , 1
0.213604 , 0.219083 , 1
0.213604 , 0.223814 , 1
0.213604 , 0.236919 , 0.187105
0.213604 , 0.21506 , 1
0.213604 , 0.211558 , 1
0.213604 , 0.205672 , 0.187105
0.213604 , 0.203144 , 1
0.213604 , 0.211558 , 1
0.213604 , 0.211558 , 0.187105
0.213604 , 0.21506 , 0.205672
0.213604 , 0.208456 , 1
0.213604 , 0.21506 , 0.205672
0.213604 , 0.211558 , 0.187105
0.213604 , 0.211558 , 1
