0.207876 , 0.208456 , 1
0.207876 , 0.203144 , 1
0.207876 , 0.211558 , 0.205672
0.207876 , 0.200829 , 0.205672
0.207876 , 0.198694 , 0.187105
0.207876 , 0.203144 , 0.205672
0.207876 , 0.211558 , 0.205672
0.207876 , 0.208456 , 0.187105
0.207876 , 0.203144 , 0.176043
0.207876 , 0.200829 , 0.176043
0.207876 , 0.200829 , 0.205672
0.207876 , 0.219083 , 0.205672
0.207876 , 0.223814 , 0.205672
0.207876 , 0.205672 , 0.205672
0.207876 , 0.200829 , 1
0.207876 , 0.219083 , 0.205672
0.207876 , 0.205672 , 1
0.207876 , 0.208456 , 1
0.207876 , 0.219083 , 0.205672
0.207876 , 0.211558 , 1
0.207876 , 0.203144 , 0.187105
0.207876 , 0.194863 , 0.205672
0.207876 , 0.223814 , 0.205672
0.207876 , 0.21506 , 1
0.207876 , 0.203144 , 1
0.207876 , 0.21506 , 0.205672
0.207876 , 0.211558 , 1
0.207876 , 0.205672 , 1
0.207876 , 0.208456 , 0.176043
0.207876 , 0.200829 , 1
0.207876 , 0.208456 , 0.187105
0.207876 , 0.21506 , 0.205672
0.207876 , 0.208456 , 0.176043
0.207876 , 0.205672 , 1
0.207876 , 0.203144 , 0.205672
0.207876 , 0.200829 , 0.205672
0.207876 , 0.223814 , 0.205672
0.207876 , 0.203144 , 0.187105
0.207876 , 0.208456 , 0.205672
0.207876 , 0.223814 , 1
0.207876 , 0.203144 , 0.205672
0.207876 , 0.211558 , 0.187105
0.207876 , 0.208456 , 0.176043
0.207876 , 0.205672 , 0.205672
0.207876 , 0.203144 , 0.205672
0.207876 , 0.194863 , 0.176043
0.207876 , 0.205672 , 0.205672
0.207876 , 0.205672 , 0.205672
0.207876 , 0.203144 , 1
0.207876 , 0.203144 , 1
0.207876 , 0.21506 , 1
0.207876 , 0.21506 , 0.187105
0.207876 , 0.205672 , 0.205672
0.207876 , 0.208456 , 1
0.207876 , 0.211558 , 1
0.207876 , 0.203144 , 1
0.207876 , 0.223814 , 0.187105
0.207876 , 0.208456 , 0.187105
0.207876 , 0.208456 , 1
0.207876 , 0.211558 , 1
0.207876 , 0.205672 , 1
0.207876 , 0.203144 , 0.205672
0.207876 , 0.208456 , 1
0.207876 , 0.21506 , 1
0.207876 , 0.219083 , 0.187105
0.207876 , 0.208456 , 1
0.207876 , 0.200829 , 1
0.207876 , 0.203144 , 0.205672
0.207876 , 0.219083 , 0.187105
0.207876 , 0.205672 , 0.187105
0.207876 , 0.198694 , 0.187105
0.207876 , 0.229566 , 0.205672
0.207876 , 0.200829 , 1
0.207876 , 0.193129 , 0.205672
0.207876 , 0.205672 , 0.187105
0.207876 , 0.208456 , 0.187105
0.207876 , 0.211558 , 1
0.207876 , 0.208456 , 0.187105
0.207876 , 0.203144 , 0.187105
0.207876 , 0.211558 , 0.205672
0.207876 , 0.219083 , 0.205672
0.207876 , 0.219083 , 0.205672
0.207876 , 0.229566 , 1
0.207876 , 0.21506 , 0.205672
0.207876 , 0.208456 , 0.205672
0.207876 , 0.193129 , 1
0.207876 , 0.196712 , 1
0.207876 , 0.223814 , 0.205672
0.207876 , 0.208456 , 1
0.207876 , 0.21506 , 1
0.207876 , 0.205672 , 0.205672
0.207876 , 0.194863 , 0.187105
0.207876 , 0.211558 , 1
0.207876 , 0.21506 , 1
0.207876 , 0.211558 , 1
0.207876 , 0.219083 , 1
0.207876 , 0.203144 , 0.205672
0.207876 , 0.223814 , 0.205672
0.207876 , 0.208456 , 0.205672
0.207876 , 0.205672 , 0.205672
