0.318708 , 1 , 1
0.318708 , 1 , 1
0.318708 , 1 , 1
0.318708 , 1 , 1
0.318708 , 1 , 1
0.318708 , 0.264358 , 1
0.318708 , 1 , 1
0.318708 , 1 , 1
0.318708 , 1 , 1
0.318708 , 0.264358 , 1
0.318708 , 1 , 1
0.318708 , 1 , 1
0.318708 , 1 , 1
0.318708 , 1 , 1
0.318708 , 1 , 1
0.318708 , 1 , 1
0.318708 , 1 , 1
0.318708 , 1 , 1
0.318708 , 1 , 1
0.318708 , 1 , 1
0.318708 , 1 , 1
0.318708 , 1 , 1
0.318708 , 1 , 1
0.318708 , 1 , 1
0.318708 , 1 , 1
0.318708 , 1 , 1
0.318708 , 1 , 1
0.318708 , 1 , 1
0.318708 , 1 , 1
0.318708 , 1 , 1
0.318708 , 1 , 1
0.318708 , 1 , 1
0.318708 , 1 , 1
0.318708 , 1 , 1
0.318708 , 1 , 1
0.318708 , 1 , 1
0.318708 , 1 , 1
0.318708 , 1 , 1
0.318708 , 1 , 1
0.318708 , 1 , 1
0.318708 , 1 , 1
0.318708 , 1 , 1
0.318708 , 1 , 1
0.318708 , 1 , 1
0.318708 , 1 , 1
0.318708 , 1 , 1
0.318708 , 1 , 1
0.318708 , 1 , 1
0.318708 , 1 , 1
0.318708 , 1 , 1
0.318708 , 1 , 1
0.318708 , 1 , 1
0.318708 , 0.264358 , 1
0.318708 , 1 , 1
0.318708 , 1 , 1
0.318708 , 1 , 1
0.318708 , 1 , 1
0.318708 , 1 , 1
0.318708 , 1 , 1
0.318708 , 1 , 1
0.318708 , 1 , 1
0.318708 , 1 , 1
0.318708 , 0.264358 , 1
0.318708 , 1 , 1
0.318708 , 1 , 1
0.318708 , 1 , 1
0.318708 , 1 , 1
0.318708 , 1 , 1
0.318708 , 1 , 1
0.318708 , 1 , 1
0.318708 , 0.264358 , 1
0.318708 , 1 , 1
0.318708 , 1 , 1
0.318708 , 1 , 1
0.318708 , 0.264358 , 1
0.318708 , 1 , 1
0.318708 , 1 , 1
0.318708 , 1 , 1
0.318708 , 1 , 1
0.318708 , 0.264358 , 1
0.318708 , 1 , 1
0.318708 , 1 , 1
0.318708 , 1 , 1
0.318708 , 1 , 1
0.318708 , 1 , 1
0.318708 , 1 , 1
0.318708 , 1 , 1
0.318708 , 1 , 1
0.318708 , 1 , 1
0.318708 , 1 , 1
0.318708 , 1 , 1
0.318708 , 1 , 1
0.318708 , 1 , 1
0.318708 , 1 , 1
0.318708 , 1 , 1
0.318708 , 1 , 1
0.318708 , 1 , 1
0.318708 , 1 , 1
0.318708 , 0.264358 , 1
0.318708 , 1 , 1
