0.273052 , 1 , 1
0.273052 , 1 , 1
0.273052 , 1 , 1
0.273052 , 0.264358 , 1
0.273052 , 1 , 1
0.273052 , 1 , 1
0.273052 , 1 , 1
0.273052 , 1 , 1
0.273052 , 0.264358 , 1
0.273052 , 1 , 1
0.273052 , 0.264358 , 1
0.273052 , 1 , 1
0.273052 , 1 , 1
0.273052 , 0.247163 , 1
0.273052 , 0.264358 , 1
0.273052 , 1 , 1
0.273052 , 1 , 1
0.273052 , 0.264358 , 0.187105
0.273052 , 1 , 1
0.273052 , 1 , 1
0.273052 , 1 , 1
0.273052 , 0.264358 , 1
0.273052 , 0.236919 , 1
0.273052 , 1 , 1
0.273052 , 0.264358 , 1
0.273052 , 0.264358 , 1
0.273052 , 1 , 1
0.273052 , 0.264358 , 1
0.273052 , 0.264358 , 0.205672
0.273052 , 1 , 1
0.273052 , 0.264358 , 1
0.273052 , 1 , 1
0.273052 , 0.264358 , 1
0.273052 , 1 , 1
0.273052 , 0.247163 , 1
0.273052 , 0.247163 , 1
0.273052 , 0.264358 , 1
0.273052 , 0.236919 , 0.205672
0.273052 , 1 , 1
0.273052 , 1 , 1
0.273052 , 1 , 1
0.273052 , 1 , 1
0.273052 , 0.264358 , 1
0.273052 , 0.247163 , 1
0.273052 , 0.247163 , 1
0.273052 , 1 , 1
0.273052 , 0.247163 , 1
0.273052 , 0.264358 , 1
0.273052 , 0.247163 , 0.205672
0.273052 , 0.264358 , 1
0.273052 , 1 , 1
0.273052 , 1 , 1
0.273052 , 0.264358 , 1
0.273052 , 0.264358 , 1
0.273052 , 1 , 1
0.273052 , 1 , 1
0.273052 , 0.264358 , 1
0.273052 , 1 , 1
0.273052 , 0.264358 , 1
0.273052 , 1 , 1
0.273052 , 1 , 1
0.273052 , 1 , 1
0.273052 , 0.247163 , 1
0.273052 , 0.264358 , 1
0.273052 , 1 , 0.205672
0.273052 , 0.247163 , 1
0.273052 , 1 , 1
0.273052 , 1 , 1
0.273052 , 0.247163 , 1
0.273052 , 1 , 0.205672
0.273052 , 0.247163 , 1
0.273052 , 1 , 1
0.273052 , 1 , 1
0.273052 , 1 , 1
0.273052 , 0.247163 , 1
0.273052 , 1 , 1
0.273052 , 1 , 1
0.273052 , 0.264358 , 1
0.273052 , 0.236919 , 1
0.273052 , 0.264358 , 1
0.273052 , 1 , 1
0.273052 , 0.264358 , 1
0.273052 , 0.264358 , 1
0.273052 , 0.264358 , 1
0.273052 , 1 , 1
0.273052 , 0.247163 , 0.205672
0.273052 , 0.264358 , 1
0.273052 , 1 , 1
0.273052 , 0.264358 , 1
0.273052 , 0.264358 , 1
0.273052 , 0.247163 , 1
0.273052 , 1 , 1
0.273052 , 1 , 1
0.273052 , 1 , 1
0.273052 , 1 , 1
0.273052 , 1 , 1
0.273052 , 1 , 1
0.273052 , 1 , 1
0.273052 , 1 , 1
0.273052 , 0.264358 , 1
