0.286487 , 1 , 1
0.286487 , 1 , 1
0.286487 , 1 , 1
0.286487 , 1 , 1
0.286487 , 1 , 1
0.286487 , 1 , 1
0.286487 , 0.264358 , 1
0.286487 , 0.264358 , 1
0.286487 , 1 , 1
0.286487 , 0.264358 , 0.205672
0.286487 , 0.264358 , 1
0.286487 , 1 , 1
0.286487 , 1 , 1
0.286487 , 1 , 1
0.286487 , 1 , 1
0.286487 , 0.264358 , 1
0.286487 , 1 , 1
0.286487 , 0.264358 , 0.205672
0.286487 , 0.264358 , 0.205672
0.286487 , 1 , 1
0.286487 , 0.264358 , 0.205672
0.286487 , 0.264358 , 1
0.286487 , 0.247163 , 1
0.286487 , 1 , 1
0.286487 , 0.264358 , 1
0.286487 , 0.264358 , 1
0.286487 , 0.264358 , 1
0.286487 , 1 , 1
0.286487 , 1 , 1
0.286487 , 1 , 1
0.286487 , 1 , 1
0.286487 , 1 , 1
0.286487 , 1 , 1
0.286487 , 0.264358 , 1
0.286487 , 1 , 1
0.286487 , 1 , 1
0.286487 , 1 , 1
0.286487 , 1 , 1
0.286487 , 1 , 1
0.286487 , 1 , 1
0.286487 , 0.264358 , 1
0.286487 , 1 , 1
0.286487 , 1 , 1
0.286487 , 1 , 1
0.286487 , 1 , 1
0.286487 , 0.264358 , 1
0.286487 , 1 , 1
0.286487 , 0.264358 , 1
0.286487 , 1 , 1
0.286487 , 1 , 1
0.286487 , 1 , 1
0.286487 , 0.264358 , 1
0.286487 , 0.264358 , 1
0.286487 , 1 , 1
0.286487 , 1 , 1
0.286487 , 1 , 1
0.286487 , 0.264358 , 1
0.286487 , 1 , 1
0.286487 , 1 , 1
0.286487 , 1 , 1
0.286487 , 1 , 1
0.286487 , 0.264358 , 1
0.286487 , 0.264358 , 1
0.286487 , 1 , 1
0.286487 , 0.264358 , 1
0.286487 , 1 , 1
0.286487 , 1 , 1
0.286487 , 0.264358 , 1
0.286487 , 0.264358 , 1
0.286487 , 1 , 1
0.286487 , 0.264358 , 1
0.286487 , 0.236919 , 1
0.286487 , 1 , 0.205672
0.286487 , 1 , 1
0.286487 , 1 , 1
0.286487 , 1 , 1
0.286487 , 1 , 1
0.286487 , 0.264358 , 1
0.286487 , 0.264358 , 1
0.286487 , 1 , 1
0.286487 , 1 , 1
0.286487 , 1 , 1
0.286487 , 1 , 1
0.286487 , 1 , 1
0.286487 , 0.264358 , 1
0.286487 , 1 , 1
0.286487 , 0.264358 , 1
0.286487 , 1 , 1
0.286487 , 1 , 1
0.286487 , 0.264358 , 1
0.286487 , 1 , 1
0.286487 , 0.264358 , 1
0.286487 , 1 , 1
0.286487 , 1 , 1
0.286487 , 0.247163 , 1
0.286487 , 1 , 1
0.286487 , 1 , 1
0.286487 , 1 , 1
0.286487 , 1 , 1
0.286487 , 0.264358 , 1
