0.0618481 , 0.0620756
0.0616213 , 0.0618497
0.0606811 , 0.0609134
0.060595 , 0.0608277
0.0612193 , 0.0614494
0.0614174 , 0.0616466
0.0619892 , 0.062216
0.058913 , 0.0591529
0.0601109 , 0.0603457
0.0604232 , 0.0606566
0.0628196 , 0.063043
0.0621579 , 0.062384
0.0608804 , 0.0611118
0.0614712 , 0.0617002
0.0609753 , 0.0612064
0.0615015 , 0.0617304
0.0607823 , 0.0610142
0.061804 , 0.0620317
0.0606214 , 0.060854
0.0604084 , 0.0606419
0.0611791 , 0.0614093
0.0611172 , 0.0613477
0.0610237 , 0.0612545
0.0605189 , 0.0607519
0.0606678 , 0.0609002
0.0600487 , 0.0602837
0.0618821 , 0.0621094
0.060867 , 0.0610986
0.0613972 , 0.0616265
0.0605867 , 0.0608194
0.0624095 , 0.0626346
0.0623786 , 0.0626039
0.0606977 , 0.0609299
0.0600193 , 0.0602544
0.0610955 , 0.0613261
0.0620931 , 0.0623195
0.0626089 , 0.0628332
0.061799 , 0.0620266
0.0591648 , 0.0594036
0.0594792 , 0.0597167
0.0615875 , 0.0618161
0.0612444 , 0.0614744
0.0592823 , 0.0595206
0.061236 , 0.061466
0.0603063 , 0.0605402
0.061894 , 0.0621212
0.0611506 , 0.061381
0.0605123 , 0.0607454
0.0603244 , 0.0605582
0.0612009 , 0.061431
0.0616805 , 0.0619086
0.0628386 , 0.063062
0.0608388 , 0.0610704
0.0611925 , 0.0614227
0.0599555 , 0.0601909
0.0616483 , 0.0618766
0.0611138 , 0.0613444
0.0612645 , 0.0614944
0.0596705 , 0.0599071
0.060443 , 0.0606763
0.0617922 , 0.0620199
0.0609336 , 0.0611649
0.0619398 , 0.0621669
0.0596949 , 0.0599314
0.0609153 , 0.0611466
0.062216 , 0.0624419
0.0627521 , 0.0629758
0.0620556 , 0.0622821
0.0602143 , 0.0604486
0.0619025 , 0.0621297
0.0605999 , 0.0608326
0.0614746 , 0.0617036
0.0599457 , 0.0601812
0.0596202 , 0.059857
0.0629391 , 0.063162
0.0611824 , 0.0614127
0.0601864 , 0.0604208
0.0597176 , 0.059954
0.0603277 , 0.0605615
0.0598592 , 0.0600951
0.0618108 , 0.0620384
0.0603112 , 0.0605451
0.0604364 , 0.0606698
0.0610253 , 0.0612562
0.0619432 , 0.0621703
0.0625349 , 0.0627595
0.060764 , 0.060996
0.0615757 , 0.0618043
0.0629495 , 0.0631724
0.0601339 , 0.0603685
0.0609836 , 0.0612147
0.0618363 , 0.0620638
0.061419 , 0.0616483
0.0593693 , 0.0596073
0.0618906 , 0.0621178
0.0601568 , 0.0603914
0.0606032 , 0.0608359
0.0605008 , 0.0607339
0.0617481 , 0.061976
0.0604067 , 0.0606402
