0.0811551 , 0.0813129
0.0823068 , 0.0824612
0.0803304 , 0.0804909
0.0807796 , 0.0809387
0.0812909 , 0.0814484
0.0807896 , 0.0809486
0.08146 , 0.081617
0.0831529 , 0.0833047
0.0810496 , 0.0812079
0.0816805 , 0.0818368
0.0798706 , 0.0800325
0.0800422 , 0.0802036
0.0828423 , 0.0829951
0.0799931 , 0.0801546
0.0802366 , 0.0803974
0.0823326 , 0.0824868
0.0820553 , 0.0822105
0.0813287 , 0.0814861
0.0800987 , 0.0802599
0.0805111 , 0.080671
0.0802144 , 0.0803752
0.0792506 , 0.0794144
0.0794467 , 0.0796099
0.0792409 , 0.0794048
0.0795778 , 0.0797407
0.0814221 , 0.0815792
0.0817975 , 0.0819534
0.0810221 , 0.0811804
0.0815511 , 0.0817078
0.0807671 , 0.0809262
0.0793255 , 0.0794891
0.0815739 , 0.0817305
0.0786621 , 0.0788279
0.0810547 , 0.0812129
0.0816602 , 0.0818165
0.080972 , 0.0811304
0.080947 , 0.0811055
0.0815385 , 0.0816952
0.0808545 , 0.0810133
0.0797679 , 0.0799302
0.0809194 , 0.0810781
0.0800226 , 0.080184
0.0807846 , 0.0809436
0.0791685 , 0.0793326
0.081455 , 0.0816119
0.0824331 , 0.082587
0.0818994 , 0.082055
0.0813817 , 0.0815389
0.0797265 , 0.0798888
0.082063 , 0.0822181
0.0795171 , 0.0796801
0.0805185 , 0.0806784
0.080977 , 0.0811354
0.0801726 , 0.0803335
0.0804714 , 0.0806314
0.0783552 , 0.0785219
0.0813943 , 0.0815515
0.0795292 , 0.0796922
0.0817034 , 0.0818596
0.081002 , 0.0811604
0.0807049 , 0.0808642
0.0824795 , 0.0826333
0.080412 , 0.0805722
0.0797973 , 0.0799594
0.082063 , 0.0822181
0.0800299 , 0.0801913
0.0807223 , 0.0808815
0.0833339 , 0.0834852
0.0842572 , 0.0844057
0.0807721 , 0.0809312
0.0820042 , 0.0821594
0.0819199 , 0.0820754
0.0810672 , 0.0812254
0.0823351 , 0.0824894
0.0817644 , 0.0819204
0.0814247 , 0.0815817
0.0794248 , 0.0795881
0.0820246 , 0.0821798
0.0809069 , 0.0810656
0.0815663 , 0.081723
0.0820835 , 0.0822385
0.0787266 , 0.0788922
0.0806825 , 0.0808418
0.0813035 , 0.081461
0.0821065 , 0.0822615
0.0803848 , 0.0805451
0.0784739 , 0.0786403
0.0823635 , 0.0825176
0.0821091 , 0.0822641
0.0815157 , 0.0816725
0.0810948 , 0.0812529
0.0801307 , 0.0802918
0.0821732 , 0.082328
0.0804145 , 0.0805747
0.0780572 , 0.0782249
0.0841795 , 0.0843283
0.0832184 , 0.08337
0.0805582 , 0.080718
0.0819786 , 0.082134
0.0805731 , 0.0807328
