0.0414329 , 0.0417583
0.0401568 , 0.0404891
0.0418827 , 0.0422056
0.0413821 , 0.0417077
0.0412084 , 0.041535
0.0402042 , 0.0405363
0.0412749 , 0.0416011
0.0415847 , 0.0419092
0.0414488 , 0.041774
0.0413719 , 0.0416976
0.0407758 , 0.0411047
0.0408283 , 0.0411569
0.0413155 , 0.0416415
0.0406799 , 0.0410094
0.0406676 , 0.0409972
0.0417175 , 0.0420413
0.0410904 , 0.0414176
0.0402252 , 0.0405572
0.0421423 , 0.0424637
0.0401127 , 0.0404453
0.0411736 , 0.0415003
0.0403468 , 0.0406781
0.0422892 , 0.0426099
0.0406888 , 0.0410182
0.0399598 , 0.0402932
0.0413381 , 0.0416639
0.0407702 , 0.0410992
0.042006 , 0.0423282
0.0413392 , 0.0416651
0.0412659 , 0.0415922
0.0403711 , 0.0407023
0.0400895 , 0.0404223
0.0423283 , 0.0426488
0.0406565 , 0.0409861
0.0405286 , 0.0408589
0.0412107 , 0.0415373
0.0410612 , 0.0413886
0.0407323 , 0.0410615
0.0407936 , 0.0411225
0.0413482 , 0.041674
0.0405608 , 0.040891
0.0398325 , 0.0401667
0.0408819 , 0.0412103
0.0399905 , 0.0403238
0.0416516 , 0.0419758
0.0415563 , 0.041881
0.041511 , 0.0418359
0.0410837 , 0.0414109
0.040592 , 0.0409219
0.0416664 , 0.0419905
0.0412805 , 0.0416067
0.0402771 , 0.0406088
0.0406921 , 0.0410216
0.0409099 , 0.0412381
0.0409681 , 0.041296
0.0408775 , 0.0412059
0.0401932 , 0.0405253
0.0397231 , 0.0400579
0.0415212 , 0.0418461
0.0420792 , 0.0424011
0.0408987 , 0.041227
0.042537 , 0.0428564
0.0399993 , 0.0403326
0.0404365 , 0.0407673
0.0409737 , 0.0413016
0.0407869 , 0.0411158
0.0402484 , 0.0405802
0.0404864 , 0.040817
0.0408339 , 0.0411625
0.0421125 , 0.0424341
0.0417494 , 0.042073
0.040807 , 0.0411358
0.0414578 , 0.041783
0.0419329 , 0.0422555
0.0404975 , 0.040828
0.0402771 , 0.0406088
0.039543 , 0.0398788
0.0425324 , 0.0428518
0.0407222 , 0.0410515
0.0414624 , 0.0417875
0.0419043 , 0.0422271
0.0411578 , 0.0414847
0.0400433 , 0.0403763
0.0417198 , 0.0420436
0.0415303 , 0.0418551
0.0425451 , 0.0428644
0.0397876 , 0.040122
0.0404565 , 0.0407872
0.041451 , 0.0417763
0.0404409 , 0.0407717
0.0415824 , 0.0419069
0.0406398 , 0.0409695
0.0409513 , 0.0412793
0.039781 , 0.0401155
0.0408909 , 0.0412192
0.0415779 , 0.0419024
0.0406888 , 0.0410182
0.041087 , 0.0414143
0.0397854 , 0.0401199
0.0403601 , 0.0406913
