0.100774 , 0.10088
0.101367 , 0.101472
0.103066 , 0.103167
0.103133 , 0.103235
0.0997794 , 0.0998879
0.0999425 , 0.100051
0.100748 , 0.100854
0.103717 , 0.103817
0.100327 , 0.100434
0.10203 , 0.102134
0.102943 , 0.103045
0.100571 , 0.100677
0.100668 , 0.100775
0.102252 , 0.102355
0.102217 , 0.10232
0.100323 , 0.10043
0.099374 , 0.0994834
0.100203 , 0.100311
0.0985626 , 0.0986739
0.103645 , 0.103745
0.100952 , 0.101058
0.100416 , 0.100524
0.10164 , 0.101744
0.0982283 , 0.0983403
0.099264 , 0.0993737
0.100211 , 0.100318
0.101698 , 0.101802
0.101387 , 0.101491
0.101017 , 0.101122
0.101325 , 0.10143
0.0998794 , 0.0999877
0.101671 , 0.101775
0.102092 , 0.102196
0.100695 , 0.100801
0.100876 , 0.100982
0.103145 , 0.103246
0.101976 , 0.10208
0.10196 , 0.102064
0.10107 , 0.101175
0.100252 , 0.100359
0.101055 , 0.10116
0.100994 , 0.1011
0.100383 , 0.10049
0.102911 , 0.103013
0.100099 , 0.100206
0.101532 , 0.101637
0.102057 , 0.102161
0.0991763 , 0.0992861
0.10217 , 0.102273
0.0995173 , 0.0996264
0.0999091 , 0.100017
0.101119 , 0.101225
0.102065 , 0.102169
0.10011 , 0.100218
0.100619 , 0.100726
0.101752 , 0.101856
0.098805 , 0.0989157
0.101226 , 0.101331
0.103572 , 0.103673
0.100371 , 0.100479
0.0994805 , 0.0995897
0.101586 , 0.101691
0.0959924 , 0.0961097
0.0996353 , 0.0997441
0.103741 , 0.103841
0.10033 , 0.100438
0.0988485 , 0.0989591
0.100514 , 0.100621
0.102271 , 0.102374
0.10226 , 0.102363
0.100158 , 0.100266
0.0987361 , 0.098847
0.100623 , 0.10073
0.101736 , 0.10184
0.101698 , 0.101802
0.0988921 , 0.0990026
0.101617 , 0.101721
0.100963 , 0.101069
0.0988957 , 0.0990062
0.102868 , 0.10297
0.10014 , 0.100247
0.0988812 , 0.0989917
0.0998535 , 0.0999618
0.102683 , 0.102785
0.10191 , 0.102014
0.0994254 , 0.0995347
0.0993447 , 0.0994541
0.104328 , 0.104427
0.100185 , 0.100292
0.0999425 , 0.100051
0.100274 , 0.100382
0.101024 , 0.10113
0.100312 , 0.100419
0.0993117 , 0.0994212
0.100563 , 0.10067
0.101578 , 0.101683
0.0986674 , 0.0987784
0.101844 , 0.101948
0.100121 , 0.100229
0.101933 , 0.102037
