0.195607 , 0.195619
0.191467 , 0.19148
0.197889 , 0.197899
0.201614 , 0.201624
0.206872 , 0.206881
0.199952 , 0.199963
0.200616 , 0.200626
0.20312 , 0.203129
0.208456 , 0.208464
0.197266 , 0.197277
0.197039 , 0.19705
0.204954 , 0.204963
0.201219 , 0.201229
0.200231 , 0.200241
0.203495 , 0.203505
0.198187 , 0.198198
0.203157 , 0.203167
0.201255 , 0.201265
0.206263 , 0.206272
0.204837 , 0.204846
0.207698 , 0.207706
0.203495 , 0.203505
0.195795 , 0.195807
0.198891 , 0.198902
0.201219 , 0.201229
0.198823 , 0.198834
0.20884 , 0.208848
0.199162 , 0.199173
0.204954 , 0.204963
0.202342 , 0.202352
0.204798 , 0.204807
0.20472 , 0.204729
0.204643 , 0.204652
0.199573 , 0.199583
0.2026 , 0.202609
0.205623 , 0.205632
0.200022 , 0.200032
0.202748 , 0.202757
0.2072 , 0.207209
0.198554 , 0.198565
0.201795 , 0.201805
0.195513 , 0.195525
0.202379 , 0.202388
0.203082 , 0.203092
0.201112 , 0.201122
0.19971 , 0.199721
0.195576 , 0.195587
0.200899 , 0.200909
0.191809 , 0.191822
0.202674 , 0.202683
0.198287 , 0.198297
0.202711 , 0.20272
0.200161 , 0.200171
0.197462 , 0.197473
0.196684 , 0.196695
0.201219 , 0.201229
0.20312 , 0.203129
0.205386 , 0.205395
0.196079 , 0.19609
0.200335 , 0.200346
0.202305 , 0.202315
0.202563 , 0.202572
0.198154 , 0.198164
0.200405 , 0.200416
0.20418 , 0.204189
0.204103 , 0.204113
0.201687 , 0.201696
0.195701 , 0.195712
0.198689 , 0.198699
0.200091 , 0.200101
0.199883 , 0.199893
0.202526 , 0.202535
0.202159 , 0.202169
0.202379 , 0.202388
0.203609 , 0.203618
0.198925 , 0.198935
0.201759 , 0.201769
0.207118 , 0.207127
0.200022 , 0.200032
0.207159 , 0.207168
0.204915 , 0.204924
0.190347 , 0.19036
0.20511 , 0.205119
0.204798 , 0.204807
0.203647 , 0.203656
0.199299 , 0.199309
0.201255 , 0.201265
0.20327 , 0.203279
0.207615 , 0.207623
0.199952 , 0.199963
0.199779 , 0.19979
0.198454 , 0.198464
0.199401 , 0.199412
0.200476 , 0.200486
0.194894 , 0.194905
0.196428 , 0.19644
0.201148 , 0.201158
0.205902 , 0.205911
0.202822 , 0.202831
0.200935 , 0.200945
