0.231071 , 0.231076
0.213173 , 0.21318
0.230924 , 0.230929
0.224302 , 0.224308
0.22544 , 0.225446
0.21649 , 0.216497
0.220324 , 0.22033
0.228022 , 0.228026
0.226876 , 0.226881
0.224741 , 0.224746
0.21866 , 0.218667
0.229767 , 0.229771
0.225762 , 0.225768
0.227885 , 0.22789
0.218988 , 0.218994
0.221297 , 0.221303
0.218824 , 0.21883
0.224678 , 0.224683
0.215221 , 0.215228
0.215927 , 0.215934
0.219097 , 0.219103
0.223745 , 0.22375
0.212888 , 0.212896
0.223316 , 0.223322
0.219539 , 0.219545
0.217853 , 0.217859
0.221066 , 0.221072
0.21812 , 0.218127
0.221763 , 0.221769
0.219986 , 0.219992
0.225957 , 0.225962
0.213507 , 0.213515
0.220836 , 0.220842
0.219484 , 0.21949
0.21796 , 0.217966
0.224178 , 0.224183
0.227479 , 0.227484
0.214625 , 0.214633
0.228711 , 0.228715
0.211176 , 0.211184
0.224302 , 0.224308
0.216645 , 0.216652
0.227681 , 0.227686
0.220608 , 0.220614
0.228641 , 0.228646
0.231815 , 0.231819
0.21965 , 0.219656
0.220494 , 0.2205
0.221471 , 0.221477
0.213844 , 0.213852
0.217061 , 0.217068
0.227479 , 0.227484
0.213507 , 0.213515
0.220098 , 0.220104
0.22648 , 0.226485
0.221413 , 0.221419
0.219762 , 0.219768
0.215573 , 0.215579
0.225121 , 0.225126
0.217376 , 0.217383
0.208882 , 0.208891
0.226152 , 0.226157
0.219929 , 0.219936
0.22648 , 0.226485
0.217376 , 0.217383
0.225892 , 0.225897
0.221181 , 0.221187
0.224741 , 0.224746
0.216285 , 0.216291
0.230632 , 0.230636
0.222892 , 0.222898
0.222413 , 0.222419
0.223561 , 0.223566
0.216029 , 0.216036
0.222058 , 0.222063
0.224116 , 0.224121
0.216697 , 0.216704
0.223683 , 0.223689
0.216233 , 0.21624
0.219539 , 0.219545
0.228365 , 0.228369
0.227411 , 0.227416
0.22681 , 0.226815
0.216801 , 0.216807
0.226545 , 0.226551
0.229412 , 0.229416
0.221297 , 0.221303
0.222354 , 0.222359
0.224615 , 0.224621
0.213748 , 0.213755
0.230125 , 0.230129
0.219539 , 0.219545
0.227817 , 0.227822
0.218769 , 0.218775
0.216336 , 0.216343
0.223316 , 0.223322
0.217693 , 0.2177
0.216905 , 0.216911
0.217218 , 0.217225
0.223316 , 0.223322
