0.405905 , 0.405905
0.333414 , 0.333414
0.35612 , 0.356121
0.397297 , 0.397297
0.33571 , 0.33571
0.350224 , 0.350224
0.376043 , 0.376043
0.369043 , 0.369043
0.324612 , 0.324612
0.33571 , 0.33571
0.34081 , 0.34081
0.384954 , 0.384954
0.363264 , 0.363265
0.346792 , 0.346792
0.329229 , 0.32923
0.322921 , 0.322921
0.33023 , 0.33023
0.329229 , 0.32923
0.333414 , 0.333414
0.33232 , 0.33232
0.384954 , 0.384954
0.348465 , 0.348465
0.342211 , 0.342211
0.327309 , 0.32731
0.339463 , 0.339463
0.354039 , 0.354039
0.338166 , 0.338167
0.331259 , 0.33126
0.327309 , 0.32731
0.338166 , 0.338167
0.342211 , 0.342211
0.338166 , 0.338167
0.345196 , 0.345197
0.316169 , 0.316169
0.33232 , 0.33232
0.33571 , 0.33571
0.372358 , 0.372358
0.334543 , 0.334543
0.323756 , 0.323757
0.315492 , 0.315492
0.369043 , 0.369043
0.339463 , 0.339463
0.308221 , 0.308222
0.33571 , 0.33571
0.358338 , 0.358338
0.348465 , 0.348465
0.33571 , 0.33571
0.352078 , 0.352078
0.333414 , 0.333414
0.334543 , 0.334543
0.323756 , 0.323757
0.352078 , 0.352078
0.343672 , 0.343672
0.345196 , 0.345197
0.333414 , 0.333414
0.34081 , 0.34081
0.346792 , 0.346792
0.343672 , 0.343672
0.33571 , 0.33571
0.33023 , 0.33023
0.33571 , 0.33571
0.345196 , 0.345197
0.324612 , 0.324612
0.327309 , 0.32731
0.329229 , 0.32923
0.328256 , 0.328257
0.333414 , 0.333414
0.345196 , 0.345197
0.366029 , 0.366029
0.336916 , 0.336917
0.33571 , 0.33571
0.342211 , 0.342211
0.354039 , 0.354039
0.333414 , 0.333414
0.331259 , 0.33126
0.324612 , 0.324612
0.339463 , 0.339463
0.33571 , 0.33571
0.33023 , 0.33023
0.358338 , 0.358338
0.34081 , 0.34081
0.339463 , 0.339463
0.346792 , 0.346792
0.333414 , 0.333414
0.363264 , 0.363265
0.336916 , 0.336917
0.35612 , 0.356121
0.343672 , 0.343672
0.331259 , 0.33126
0.333414 , 0.333414
0.342211 , 0.342211
0.331259 , 0.33126
0.334543 , 0.334543
0.333414 , 0.333414
0.360711 , 0.360711
0.322921 , 0.322921
0.325488 , 0.325489
0.34081 , 0.34081
0.33571 , 0.33571
0.324612 , 0.324612
