0.0103287 , 0.0103287
0.0093277 , 0.0093277
0.00930485 , 0.00930485
0.0101578 , 0.0101578
0.0100467 , 0.0100467
0.00996527 , 0.00996527
0.00976063 , 0.00976063
0.0107003 , 0.0107003
0.00991889 , 0.00991889
0.00924472 , 0.00924472
0.010851 , 0.010851
0.00923781 , 0.00923781
0.0101453 , 0.0101453
0.00985356 , 0.00985356
0.0104485 , 0.0104485
0.00973738 , 0.00973738
0.00869702 , 0.00869702
0.00923967 , 0.00923967
0.0102925 , 0.0102925
0.0106947 , 0.0106947
0.00973165 , 0.00973165
0.00976178 , 0.00976178
0.00967919 , 0.00967919
0.0103344 , 0.0103344
0.0101927 , 0.0101927
0.0102345 , 0.0102345
0.00994248 , 0.00994248
0.00993156 , 0.00993156
0.00937745 , 0.00937745
0.00974254 , 0.00974254
0.0102379 , 0.0102379
0.0102268 , 0.0102268
0.0114565 , 0.0114565
0.0103633 , 0.0103633
0.0105991 , 0.0105991
0.0101061 , 0.0101061
0.0103334 , 0.0103334
0.0103225 , 0.0103225
0.00969739 , 0.00969739
0.0107549 , 0.0107549
0.0102157 , 0.0102157
0.00957969 , 0.00957969
0.0103175 , 0.0103175
0.0101816 , 0.0101816
0.00980476 , 0.00980476
0.010509 , 0.010509
0.00941201 , 0.00941201
0.00970138 , 0.00970138
0.00982766 , 0.00982766
0.00945525 , 0.00945525
0.00986873 , 0.00986873
0.0102222 , 0.0102222
0.0097348 , 0.0097348
0.0100539 , 0.0100539
0.0101881 , 0.0101881
0.0095068 , 0.0095068
0.0100087 , 0.0100087
0.00921473 , 0.00921473
0.00984423 , 0.00984423
0.00967465 , 0.00967465
0.0101532 , 0.0101532
0.0104421 , 0.0104421
0.00957857 , 0.00957857
0.010254 , 0.010254
0.00892556 , 0.00892556
0.00975 , 0.00975
0.00963673 , 0.00963673
0.00995579 , 0.00995579
0.0104094 , 0.0104094
0.00997774 , 0.00997774
0.00918777 , 0.00918777
0.0104059 , 0.0104059
0.0103762 , 0.0103762
0.0107562 , 0.0107562
0.00994692 , 0.00994692
0.0101416 , 0.0101416
0.0105936 , 0.0105936
0.0101921 , 0.0101921
0.0097929 , 0.0097929
0.0100174 , 0.0100174
0.0102683 , 0.0102683
0.010009 , 0.010009
0.00984569 , 0.00984569
0.0101939 , 0.0101939
0.0103193 , 0.0103193
0.00993481 , 0.00993481
0.0105533 , 0.0105533
0.00965906 , 0.00965906
0.0102676 , 0.0102676
0.0108541 , 0.0108541
0.0103291 , 0.0103291
0.0108082 , 0.0108082
0.0093574 , 0.0093574
0.0107605 , 0.0107605
0.00981432 , 0.00981432
0.0103955 , 0.0103955
0.0105484 , 0.0105484
0.0104373 , 0.0104373
0.00960127 , 0.00960127
0.00969796 , 0.00969796
