0.00994699 , 0.0110037
0.0102184 , 0.0112721
0.00996639 , 0.0110229
0.00978153 , 0.0108401
0.00998057 , 0.0110369
0.0102859 , 0.0113388
0.00943777 , 0.0105002
0.0095712 , 0.0106322
0.0101114 , 0.0111663
0.0104052 , 0.0114568
0.00949407 , 0.0105559
0.00980238 , 0.0108607
0.00998356 , 0.0110399
0.0101944 , 0.0112484
0.0102979 , 0.0113507
0.0100657 , 0.0111212
0.010074 , 0.0111293
0.00996117 , 0.0110178
0.00957343 , 0.0106344
0.0105655 , 0.0116153
0.0102731 , 0.0113262
0.0106438 , 0.0116928
0.0105399 , 0.01159
0.0102761 , 0.0113292
0.0102297 , 0.0112832
0.00985899 , 0.0109167
0.00990969 , 0.0109669
0.010573 , 0.0116227
0.00972796 , 0.0107872
0.0103234 , 0.0113759
0.0100075 , 0.0110635
0.00994027 , 0.0109971
0.00956972 , 0.0106307
0.0100299 , 0.0110857
0.0101024 , 0.0111574
0.00982472 , 0.0108828
0.0102731 , 0.0113262
0.00974581 , 0.0108048
0.0103444 , 0.0113967
0.0100358 , 0.0110916
0.00964025 , 0.0107004
0.0100456 , 0.0111012
0.0102214 , 0.0112751
0.0104932 , 0.0115438
0.0096774 , 0.0107372
0.0101435 , 0.0111981
0.0102117 , 0.0112654
0.00994997 , 0.0110067
0.00971085 , 0.0107703
0.00956972 , 0.0106307
0.00958753 , 0.0106483
0.00994848 , 0.0110052
0.0100209 , 0.0110768
0.0102979 , 0.0113507
0.0096878 , 0.0107475
0.0101009 , 0.0111559
0.0098344 , 0.0108924
0.00954969 , 0.0106109
0.0094874 , 0.0105493
0.0100351 , 0.0110909
0.0100598 , 0.0111152
0.0104654 , 0.0115163
0.0104112 , 0.0114628
0.0104376 , 0.0114888
0.00985303 , 0.0109108
0.00996564 , 0.0110222
0.0101256 , 0.0111803
0.0101054 , 0.0111603
0.0106944 , 0.0117427
0.00989552 , 0.0109528
0.010163 , 0.0112173
0.00975623 , 0.0108151
0.0102446 , 0.011298
0.00994251 , 0.0109993
0.00984334 , 0.0109013
0.0100448 , 0.0111005
0.00978153 , 0.0108401
0.00973391 , 0.010793
0.0103542 , 0.0114063
0.010515 , 0.0115654
0.00975474 , 0.0108136
0.00942592 , 0.0104885
0.0100007 , 0.0110569
0.00998804 , 0.0110443
0.00986197 , 0.0109197
0.0104797 , 0.0115304
0.0101091 , 0.011164
0.00989253 , 0.0109499
0.00962911 , 0.0106894
0.0103872 , 0.011439
0.0103812 , 0.0114331
0.0103902 , 0.011442
0.0102551 , 0.0113084
0.0102289 , 0.0112825
0.0102724 , 0.0113255
0.0106536 , 0.0117025
0.0100702 , 0.0111256
0.0105263 , 0.0115766
0.00962911 , 0.0106894
0.0103046 , 0.0113574
