0.00977773 , 0.00977773
0.0100817 , 0.0100817
0.0105273 , 0.0105273
0.0100337 , 0.0100337
0.0107003 , 0.0107003
0.00986323 , 0.00986323
0.00998891 , 0.00998891
0.00985389 , 0.00985389
0.00970081 , 0.00970081
0.0106316 , 0.0106316
0.00991656 , 0.00991656
0.0103911 , 0.0103911
0.00940904 , 0.00940904
0.0103333 , 0.0103333
0.00940425 , 0.00940425
0.00942463 , 0.00942463
0.0101252 , 0.0101252
0.00965906 , 0.00965906
0.0104384 , 0.0104384
0.00978297 , 0.00978297
0.00972486 , 0.00972486
0.010519 , 0.010519
0.00980794 , 0.00980794
0.00953545 , 0.00953545
0.00919252 , 0.00919252
0.00952929 , 0.00952929
0.0101815 , 0.0101815
0.0104589 , 0.0104589
0.00989407 , 0.00989407
0.0104461 , 0.0104461
0.0103623 , 0.0103623
0.00871677 , 0.00871677
0.0102494 , 0.0102494
0.00962361 , 0.00962361
0.00965355 , 0.00965355
0.0107063 , 0.0107063
0.0106965 , 0.0106965
0.0103204 , 0.0103204
0.010159 , 0.010159
0.010029 , 0.010029
0.00996419 , 0.00996419
0.00981806 , 0.00981806
0.00955525 , 0.00955525
0.00987616 , 0.00987616
0.0103363 , 0.0103363
0.0101161 , 0.0101161
0.0100509 , 0.0100509
0.00995599 , 0.00995599
0.00894479 , 0.00894479
0.010383 , 0.010383
0.00997059 , 0.00997059
0.0100625 , 0.0100625
0.00979653 , 0.00979653
0.0101299 , 0.0101299
0.00965101 , 0.00965101
0.0105667 , 0.0105667
0.0102995 , 0.0102995
0.0100327 , 0.0100327
0.0102562 , 0.0102562
0.0102182 , 0.0102182
0.00926242 , 0.00926242
0.0100041 , 0.0100041
0.00999212 , 0.00999212
0.00912639 , 0.00912639
0.0100977 , 0.0100977
0.0101921 , 0.0101921
0.00926704 , 0.00926704
0.00918457 , 0.00918457
0.00984235 , 0.00984235
0.0105451 , 0.0105451
0.0106092 , 0.0106092
0.00948922 , 0.00948922
0.00968457 , 0.00968457
0.0106845 , 0.0106845
0.00882696 , 0.00882696
0.00950553 , 0.00950553
0.00915181 , 0.00915181
0.00954823 , 0.00954823
0.00989497 , 0.00989497
0.0101323 , 0.0101323
0.00981278 , 0.00981278
0.0101337 , 0.0101337
0.0109381 , 0.0109381
0.0100258 , 0.0100258
0.0102051 , 0.0102051
0.0103608 , 0.0103608
0.0101223 , 0.0101223
0.0102931 , 0.0102931
0.00977948 , 0.00977948
0.00962949 , 0.00962949
0.0100416 , 0.0100416
0.010494 , 0.010494
0.00988242 , 0.00988242
0.0111702 , 0.0111702
0.0104369 , 0.0104369
0.0103503 , 0.0103503
0.0102504 , 0.0102504
0.00934489 , 0.00934489
0.0101781 , 0.0101781
0.0100253 , 0.0100253
