0.00982178 , 0.00982178
0.0095526 , 0.0095526
0.0102011 , 0.0102011
0.00980234 , 0.00980234
0.0106762 , 0.0106762
0.00948707 , 0.00948707
0.00996742 , 0.00996742
0.0100511 , 0.0100511
0.0110077 , 0.0110077
0.00941655 , 0.00941655
0.00975081 , 0.00975081
0.00978769 , 0.00978769
0.00995429 , 0.00995429
0.0115414 , 0.0115414
0.0100444 , 0.0100444
0.00978039 , 0.00978039
0.0104481 , 0.0104481
0.010607 , 0.010607
0.00940335 , 0.00940335
0.0101477 , 0.0101477
0.00980601 , 0.00980601
0.00941749 , 0.00941749
0.00908372 , 0.00908372
0.00896993 , 0.00896993
0.0100182 , 0.0100182
0.0104003 , 0.0104003
0.00913714 , 0.00913714
0.00973225 , 0.00973225
0.0106762 , 0.0106762
0.0107807 , 0.0107807
0.00952528 , 0.00952528
0.00982178 , 0.00982178
0.0101604 , 0.0101604
0.010183 , 0.010183
0.0103917 , 0.0103917
0.0100299 , 0.0100299
0.0106214 , 0.0106214
0.00960638 , 0.00960638
0.0102713 , 0.0102713
0.00991787 , 0.00991787
0.0100912 , 0.0100912
0.0104694 , 0.0104694
0.00931231 , 0.00931231
0.0102564 , 0.0102564
0.010036 , 0.010036
0.0101529 , 0.0101529
0.0096888 , 0.0096888
0.0105636 , 0.0105636
0.00971686 , 0.00971686
0.00949141 , 0.00949141
0.00979187 , 0.00979187
0.00944831 , 0.00944831
0.00985247 , 0.00985247
0.0102198 , 0.0102198
0.0101472 , 0.0101472
0.010183 , 0.010183
0.0106988 , 0.0106988
0.0105908 , 0.0105908
0.00960439 , 0.00960439
0.0100923 , 0.0100923
0.0102175 , 0.0102175
0.010306 , 0.010306
0.00983604 , 0.00983604
0.00900395 , 0.00900395
0.0113409 , 0.0113409
0.010435 , 0.010435
0.00964133 , 0.00964133
0.0105642 , 0.0105642
0.0103898 , 0.0103898
0.0107035 , 0.0107035
0.00971532 , 0.00971532
0.00949526 , 0.00949526
0.0101906 , 0.0101906
0.0104096 , 0.0104096
0.0110619 , 0.0110619
0.0104518 , 0.0104518
0.0093441 , 0.0093441
0.00995593 , 0.00995593
0.0101231 , 0.0101231
0.00991085 , 0.00991085
0.0097374 , 0.0097374
0.0100686 , 0.0100686
0.0103084 , 0.0103084
0.00930452 , 0.00930452
0.0101923 , 0.0101923
0.0093404 , 0.0093404
0.01045 , 0.01045
0.0103531 , 0.0103531
0.00991247 , 0.00991247
0.0100082 , 0.0100082
0.00988771 , 0.00988771
0.00965138 , 0.00965138
0.0110849 , 0.0110849
0.00949574 , 0.00949574
0.00972506 , 0.00972506
0.0100635 , 0.0100635
0.0110938 , 0.0110938
0.0101099 , 0.0101099
0.00921228 , 0.00921228
0.00999991 , 0.00999991
