0.0100931 , 0.0102064
0.0100733 , 0.0101866
0.0100492 , 0.0101626
0.010236 , 0.0103488
0.0103457 , 0.0104582
0.0101699 , 0.0102829
0.00993584 , 0.0100496
0.0101138 , 0.010227
0.00913118 , 0.00924723
0.00925012 , 0.00936582
0.0101742 , 0.0102872
0.00996414 , 0.0100778
0.0097512 , 0.00986545
0.0105783 , 0.0106902
0.0100612 , 0.0101746
0.010106 , 0.0102193
0.00970351 , 0.00981789
0.0103213 , 0.010434
0.00988274 , 0.0099966
0.010032 , 0.0101454
0.0105303 , 0.0106423
0.0100114 , 0.0101249
0.0101668 , 0.0102799
0.0102481 , 0.0103609
0.00996929 , 0.0100829
0.0101349 , 0.0102481
0.01033 , 0.0104426
0.00990971 , 0.0100235
0.00928496 , 0.00940056
0.0101461 , 0.0102592
0.0101681 , 0.0102812
0.00957144 , 0.0096862
0.010501 , 0.0106131
0.00988017 , 0.00999404
0.0101198 , 0.010233
0.0101151 , 0.0102283
0.0100415 , 0.0101549
0.0100251 , 0.0101386
0.0102498 , 0.0103627
0.0101198 , 0.010233
0.00989001 , 0.0100039
0.00937624 , 0.00949157
0.0101871 , 0.0103001
0.0102299 , 0.0103428
0.00986648 , 0.00998039
0.0101725 , 0.0102855
0.0094167 , 0.00953192
0.00978062 , 0.00989478
0.0102092 , 0.0103221
0.00941754 , 0.00953276
0.00998002 , 0.0100936
0.0101681 , 0.0102812
0.0104021 , 0.0105145
0.00948087 , 0.0095959
0.00972607 , 0.00984039
0.00986605 , 0.00997996
0.0101272 , 0.0102403
0.00996071 , 0.0100744
0.0100011 , 0.0101146
0.00987546 , 0.00998935
0.00985066 , 0.00996461
0.0102702 , 0.0103829
0.0101781 , 0.0102911
0.00997015 , 0.0100838
0.0101302 , 0.0102433
0.0103861 , 0.0104985
0.0101151 , 0.0102283
0.00967203 , 0.00978651
0.00984595 , 0.00995993
0.0097397 , 0.00985398
0.00930093 , 0.00941648
0.0102005 , 0.0103135
0.00964016 , 0.00975473
0.0095956 , 0.0097103
0.00977678 , 0.00989096
0.00967458 , 0.00978905
0.0096967 , 0.0098111
0.01046 , 0.0105722
0.00983783 , 0.00995183
0.00947918 , 0.00959422
0.0100015 , 0.010115
0.00976058 , 0.0098748
0.00993498 , 0.0100487
0.00952824 , 0.00964313
0.0102767 , 0.0103894
0.00984724 , 0.0099612
0.00985621 , 0.00997016
0.00990414 , 0.0100179
0.0107383 , 0.0108498
0.0101349 , 0.0102481
0.00989857 , 0.0100124
0.0105364 , 0.0106484
0.00976357 , 0.00987778
0.00980239 , 0.00991648
0.0103331 , 0.0104456
0.00956381 , 0.0096786
0.00962573 , 0.00974034
0.00987589 , 0.00998977
0.0100303 , 0.0101437
0.0105613 , 0.0106732
