0.00953756 , 0.00953756
0.0104702 , 0.0104702
0.0110392 , 0.0110392
0.00980067 , 0.00980067
0.0095557 , 0.0095557
0.0104979 , 0.0104979
0.0112718 , 0.0112718
0.0121569 , 0.0121569
0.00974765 , 0.00974765
0.00914854 , 0.00914854
0.0112646 , 0.0112646
0.0109689 , 0.0109689
0.0113676 , 0.0113676
0.00954249 , 0.00954249
0.0109532 , 0.0109532
0.010091 , 0.010091
0.0100204 , 0.0100204
0.00846887 , 0.00846887
0.00998188 , 0.00998188
0.0106072 , 0.0106072
0.00884657 , 0.00884657
0.0110134 , 0.0110134
0.0103153 , 0.0103153
0.00998993 , 0.00998993
0.00958908 , 0.00958908
0.0106943 , 0.0106943
0.0102215 , 0.0102215
0.011421 , 0.011421
0.0103865 , 0.0103865
0.0100265 , 0.0100265
0.00991851 , 0.00991851
0.0119609 , 0.0119609
0.00991071 , 0.00991071
0.00841291 , 0.00841291
0.00988749 , 0.00988749
0.00921991 , 0.00921991
0.0102036 , 0.0102036
0.00879084 , 0.00879084
0.00947601 , 0.00947601
0.00979144 , 0.00979144
0.0121407 , 0.0121407
0.0129234 , 0.0129234
0.00899047 , 0.00899047
0.00890869 , 0.00890869
0.0110653 , 0.0110653
0.00998792 , 0.00998792
0.0109626 , 0.0109626
0.0123661 , 0.0123661
0.0110984 , 0.0110984
0.0104577 , 0.0104577
0.0100451 , 0.0100451
0.0100596 , 0.0100596
0.0104059 , 0.0104059
0.0107706 , 0.0107706
0.0116189 , 0.0116189
0.00838545 , 0.00838545
0.00950819 , 0.00950819
0.0090608 , 0.0090608
0.0105081 , 0.0105081
0.0128117 , 0.0128117
0.0100554 , 0.0100554
0.0102125 , 0.0102125
0.00980438 , 0.00980438
0.0090661 , 0.0090661
0.00992633 , 0.00992633
0.0106449 , 0.0106449
0.00824115 , 0.00824115
0.00975126 , 0.00975126
0.00927609 , 0.00927609
0.00963667 , 0.00963667
0.00940992 , 0.00940992
0.00959919 , 0.00959919
0.0087399 , 0.0087399
0.00980809 , 0.00980809
0.0108856 , 0.0108856
0.011062 , 0.011062
0.0120516 , 0.0120516
0.0104502 , 0.0104502
0.00985501 , 0.00985501
0.0094333 , 0.0094333
0.0112538 , 0.0112538
0.010269 , 0.010269
0.00907807 , 0.00907807
0.00979328 , 0.00979328
0.0103865 , 0.0103865
0.00918604 , 0.00918604
0.0102667 , 0.0102667
0.00953592 , 0.00953592
0.0103129 , 0.0103129
0.0109942 , 0.0109942
0.0108053 , 0.0108053
0.0102508 , 0.0102508
0.0105834 , 0.0105834
0.011007 , 0.011007
0.0107908 , 0.0107908
0.00952609 , 0.00952609
0.011236 , 0.011236
0.0117629 , 0.0117629
0.00972607 , 0.00972607
0.00986642 , 0.00986642
