0.0105143 , 0.0105143
0.0108848 , 0.0108848
0.00991285 , 0.00991285
0.0100086 , 0.0100086
0.00981432 , 0.00981432
0.0082558 , 0.0082558
0.0116314 , 0.0116314
0.010571 , 0.010571
0.0100034 , 0.0100034
0.00906795 , 0.00906795
0.0109046 , 0.0109046
0.00874173 , 0.00874173
0.00972476 , 0.00972476
0.0102576 , 0.0102576
0.0102173 , 0.0102173
0.00942604 , 0.00942604
0.0132843 , 0.0132843
0.010246 , 0.010246
0.00970685 , 0.00970685
0.00997532 , 0.00997532
0.0100241 , 0.0100241
0.00916851 , 0.00916851
0.00923128 , 0.00923128
0.0113813 , 0.0113813
0.0110962 , 0.0110962
0.0120226 , 0.0120226
0.0091463 , 0.0091463
0.00967151 , 0.00967151
0.0107886 , 0.0107886
0.0094144 , 0.0094144
0.00911427 , 0.00911427
0.0101833 , 0.0101833
0.00953383 , 0.00953383
0.0099906 , 0.0099906
0.00947127 , 0.00947127
0.00990793 , 0.00990793
0.0117779 , 0.0117779
0.00972251 , 0.00972251
0.0132717 , 0.0132717
0.00978172 , 0.00978172
0.00960683 , 0.00960683
0.0102928 , 0.0102928
0.00922421 , 0.00922421
0.00987867 , 0.00987867
0.0110487 , 0.0110487
0.00917884 , 0.00917884
0.00980963 , 0.00980963
0.00964539 , 0.00964539
0.00877696 , 0.00877696
0.0110275 , 0.0110275
0.00927963 , 0.00927963
0.00983318 , 0.00983318
0.00969796 , 0.00969796
0.010511 , 0.010511
0.0100397 , 0.0100397
0.00914461 , 0.00914461
0.00917195 , 0.00917195
0.0114578 , 0.0114578
0.0134144 , 0.0134144
0.0107256 , 0.0107256
0.0118146 , 0.0118146
0.00907451 , 0.00907451
0.0102987 , 0.0102987
0.011127 , 0.011127
0.00915994 , 0.00915994
0.00895805 , 0.00895805
0.00906305 , 0.00906305
0.0120992 , 0.0120992
0.0101225 , 0.0101225
0.0110023 , 0.0110023
0.00882731 , 0.00882731
0.0100137 , 0.0100137
0.00950737 , 0.00950737
0.0109006 , 0.0109006
0.0098642 , 0.0098642
0.00851813 , 0.00851813
0.00931067 , 0.00931067
0.0124546 , 0.0124546
0.0102316 , 0.0102316
0.0102693 , 0.0102693
0.00909761 , 0.00909761
0.00886108 , 0.00886108
0.00946928 , 0.00946928
0.00946333 , 0.00946333
0.00947923 , 0.00947923
0.0108927 , 0.0108927
0.0102957 , 0.0102957
0.00945148 , 0.00945148
0.00965189 , 0.00965189
0.00952565 , 0.00952565
0.0099401 , 0.0099401
0.00970685 , 0.00970685
0.00991778 , 0.00991778
0.0104495 , 0.0104495
0.0105408 , 0.0105408
0.0098642 , 0.0098642
0.00812832 , 0.00812832
0.0116771 , 0.0116771
0.00910759 , 0.00910759
0.012009 , 0.012009
