0.011086 , 0.011086
0.00914914 , 0.00914914
0.011874 , 0.011874
0.0107812 , 0.0107812
0.0138366 , 0.0138366
0.0134701 , 0.0134701
0.0122736 , 0.0122736
0.00984623 , 0.00984623
0.0141294 , 0.0141294
0.0147917 , 0.0147917
0.0105309 , 0.0105309
0.00959896 , 0.00959896
0.00978958 , 0.00978958
0.0087307 , 0.0087307
0.0100531 , 0.0100531
0.00945086 , 0.00945086
0.0116662 , 0.0116662
0.0101231 , 0.0101231
0.0105033 , 0.0105033
0.0113187 , 0.0113187
0.013498 , 0.013498
0.00928249 , 0.00928249
0.0133889 , 0.0133889
0.00979703 , 0.00979703
0.0108795 , 0.0108795
0.00964651 , 0.00964651
0.0101142 , 0.0101142
0.00910761 , 0.00910761
0.0105254 , 0.0105254
0.00916761 , 0.00916761
0.00921597 , 0.00921597
1 , 1
0.0103257 , 0.0103257
0.0107061 , 0.0107061
0.0095202 , 0.0095202
0.010599 , 0.010599
0.0129033 , 0.0129033
0.00941411 , 0.00941411
0.00869345 , 0.00869345
0.0101365 , 0.0101365
0.0110487 , 0.0110487
0.0104653 , 0.0104653
0.00927404 , 0.00927404
0.0109905 , 0.0109905
0.00946327 , 0.00946327
0.0110635 , 0.0110635
0.00991263 , 0.00991263
0.0079598 , 0.0079598
0.0099898 , 0.0099898
0.0112269 , 0.0112269
0.0108004 , 0.0108004
0.0132859 , 0.0132859
0.00947891 , 0.00947891
0.00854776 , 0.00854776
0.0124551 , 0.0124551
0.0120565 , 0.0120565
0.00899802 , 0.00899802
0.00972381 , 0.00972381
0.00976006 , 0.00976006
0.00957564 , 0.00957564
0.00987718 , 0.00987718
0.0109621 , 0.0109621
0.00908973 , 0.00908973
0.00960568 , 0.00960568
0.00978586 , 0.00978586
0.00977107 , 0.00977107
0.0130078 , 0.0130078
0.0198372 , 0.0198372
0.0099898 , 0.0099898
0.00884499 , 0.00884499
0.0105704 , 0.0105704
0.0115754 , 0.0115754
0.00922689 , 0.00922689
0.00805142 , 0.00805142
0.0112764 , 0.0112764
0.0113708 , 0.0113708
0.00921869 , 0.00921869
0.0109273 , 0.0109273
0.0125034 , 0.0125034
0.00978215 , 0.00978215
0.00872444 , 0.00872444
0.0106106 , 0.0106106
0.0100318 , 0.0100318
0.0114795 , 0.0114795
0.00921053 , 0.00921053
0.0104815 , 0.0104815
0.0104599 , 0.0104599
0.0103207 , 0.0103207
0.00968476 , 0.00968476
0.0105309 , 0.0105309
0.00908212 , 0.00908212
0.00951699 , 0.00951699
0.00972023 , 0.00972023
0.0117617 , 0.0117617
0.0111708 , 0.0111708
0.00907203 , 0.00907203
0.0149713 , 0.0149713
0.00918359 , 0.00918359
0.0127853 , 0.0127853
0.0105477 , 0.0105477
