0.00926619 , 0.00926619
0.00958444 , 0.00958444
0.00847676 , 0.00847676
0.00891797 , 0.00891797
0.0110168 , 0.0110168
0.0137675 , 0.0137675
0.0140736 , 0.0140736
0.0119285 , 0.0119285
0.00994807 , 0.00994807
0.0111154 , 0.0111154
0.0124109 , 0.0124109
0.0113084 , 0.0113084
0.00960135 , 0.00960135
0.0083751 , 0.0083751
0.0103949 , 0.0103949
0.00905522 , 0.00905522
0.0126637 , 0.0126637
0.0133907 , 0.0133907
0.010586 , 0.010586
0.0121715 , 0.0121715
0.01071 , 0.01071
0.0103617 , 0.0103617
0.018803 , 0.018803
0.0103099 , 0.0103099
0.00979909 , 0.00979909
0.0104914 , 0.0104914
0.00922806 , 0.00922806
0.0115126 , 0.0115126
0.00977077 , 0.00977077
0.0108178 , 0.0108178
0.00817298 , 0.00817298
0.00929801 , 0.00929801
1 , 1
0.00965747 , 0.00965747
0.00962703 , 0.00962703
0.0114378 , 0.0114378
0.00908024 , 0.00908024
0.00946259 , 0.00946259
0.0106315 , 0.0106315
0.00954698 , 0.00954698
0.00953058 , 0.00953058
0.00968846 , 0.00968846
0.0112092 , 0.0112092
0.00865237 , 0.00865237
0.0107755 , 0.0107755
0.00926269 , 0.00926269
0.0145162 , 0.0145162
0.0135482 , 0.0135482
0.00924875 , 0.00924875
0.0133907 , 0.0133907
0.00876428 , 0.00876428
0.0104287 , 0.0104287
0.0111669 , 0.0111669
0.00987696 , 0.00987696
0.0107507 , 0.0107507
0.00992234 , 0.00992234
0.00811231 , 0.00811231
0.0115383 , 0.0115383
0.00986209 , 0.00986209
0.00977077 , 0.00977077
0.00983273 , 0.00983273
0.0121346 , 0.0121346
0.0100222 , 0.0100222
0.00966627 , 0.00966627
0.00954287 , 0.00954287
1 , 1
0.0101339 , 0.0101339
0.0107672 , 0.0107672
0.0112971 , 0.0112971
0.0115644 , 0.0115644
0.00775272 , 0.00775272
0.00930159 , 0.00930159
0.010601 , 0.010601
0.0103882 , 0.0103882
0.0146666 , 0.0146666
0.0132814 , 0.0132814
0.0115254 , 0.0115254
0.00871507 , 0.00871507
0.00997946 , 0.00997946
0.00911523 , 0.00911523
0.0101572 , 0.0101572
0.0113084 , 0.0113084
0.00939337 , 0.00939337
0.012714 , 0.012714
0.0090367 , 0.0090367
0.00972456 , 0.00972456
0.0102782 , 0.0102782
0.00918071 , 0.00918071
0.0086697 , 0.0086697
0.0125911 , 0.0125911
0.0100997 , 0.0100997
0.0115126 , 0.0115126
0.0100828 , 0.0100828
0.0110753 , 0.0110753
0.00926619 , 0.00926619
0.0101455 , 0.0101455
0.00972912 , 0.00972912
0.00886708 , 0.00886708
0.00991724 , 0.00991724
0.00998475 , 0.00998475
