0.0143641 , 0.0143641
0.00900492 , 0.00900492
0.00976189 , 0.00976189
0.00862684 , 0.00862684
1 , 1
0.0143641 , 0.0143641
0.00954252 , 0.00954252
0.0125075 , 0.0125075
0.0104808 , 0.0104808
1 , 1
0.014678 , 0.014678
0.00884434 , 0.00884434
0.00953593 , 0.00953593
0.0104104 , 0.0104104
0.00932679 , 0.00932679
0.0108133 , 0.0108133
0.00917325 , 0.00917325
0.00977715 , 0.00977715
0.00871027 , 0.00871027
0.00900023 , 0.00900023
0.00823622 , 0.00823622
0.00989658 , 0.00989658
0.00949054 , 0.00949054
0.0101374 , 0.0101374
0.0083591 , 0.0083591
0.015071 , 0.015071
0.0084755 , 0.0084755
0.00787683 , 0.00787683
0.00805143 , 0.00805143
0.0102785 , 0.0102785
0.0110019 , 0.0110019
0.015071 , 0.015071
0.00847215 , 0.00847215
0.0108737 , 0.0108737
0.00914734 , 0.00914734
0.00925915 , 0.00925915
0.00932679 , 0.00932679
0.0100806 , 0.0100806
0.0121929 , 0.0121929
0.0117869 , 0.0117869
0.0107409 , 0.0107409
0.0103105 , 0.0103105
0.00828602 , 0.00828602
0.00855464 , 0.00855464
1 , 1
0.0107552 , 0.0107552
0.0107986 , 0.0107986
0.0111785 , 0.0111785
0.00963082 , 0.00963082
0.0107695 , 0.0107695
0.0104688 , 0.0104688
0.0125971 , 0.0125971
0.00894503 , 0.00894503
0.00880663 , 0.00880663
0.0119614 , 0.0119614
1 , 1
0.0108282 , 0.0108282
1 , 1
0.0104104 , 0.0104104
1 , 1
0.011655 , 0.011655
0.0125971 , 0.0125971
0.00851974 , 0.00851974
0.00872987 , 0.00872987
0.0103213 , 0.0103213
1 , 1
0.00947781 , 0.00947781
1 , 1
0.0110702 , 0.0110702
0.0100258 , 0.0100258
0.00813841 , 0.00813841
0.00937356 , 0.00937356
1 , 1
0.0101765 , 0.0101765
1 , 1
0.0105544 , 0.0105544
0.00954252 , 0.00954252
0.00968051 , 0.00968051
0.00894051 , 0.00894051
0.014678 , 0.014678
0.00988012 , 0.00988012
0.00829198 , 0.00829198
0.00959627 , 0.00959627
0.0113774 , 0.0113774
0.0114872 , 0.0114872
0.0116299 , 0.0116299
0.00907207 , 0.00907207
0.00948416 , 0.00948416
0.00961 , 0.00961
0.00986384 , 0.00986384
0.0132095 , 0.0132095
0.00908683 , 0.00908683
0.0123423 , 0.0123423
0.0116805 , 0.0116805
0.00874971 , 0.00874971
0.0116052 , 0.0116052
0.0108892 , 0.0108892
0.00988012 , 0.00988012
1 , 1
0.00825071 , 0.00825071
