0.00974892 , 0.00975065
0.00957826 , 0.00958002
0.00944633 , 0.00944811
0.0101307 , 0.0101324
0.0102694 , 0.010271
0.010297 , 0.0102986
0.0101318 , 0.0101335
0.00999456 , 0.00999625
0.0100215 , 0.0100232
0.00985522 , 0.00985693
0.0103294 , 0.0103311
0.0105683 , 0.0105699
0.00924561 , 0.00924743
0.0097942 , 0.00979592
0.00905693 , 0.00905878
0.0103808 , 0.0103824
0.00992386 , 0.00992556
0.0104675 , 0.0104691
0.00927665 , 0.00927846
0.00980087 , 0.0098026
0.00988101 , 0.00988272
0.0101665 , 0.0101682
0.0101357 , 0.0101373
0.00975131 , 0.00975304
0.0103017 , 0.0103034
0.00950599 , 0.00950776
0.00981076 , 0.00981248
0.00961418 , 0.00961593
0.00992467 , 0.00992637
0.00981958 , 0.0098213
0.0101478 , 0.0101494
0.0105118 , 0.0105134
0.0104025 , 0.0104041
0.00915402 , 0.00915585
0.0105101 , 0.0105117
0.00976808 , 0.0097698
0.00997555 , 0.00997725
0.0104596 , 0.0104612
0.0102939 , 0.0102956
0.0100673 , 0.010069
0.0101643 , 0.010166
0.00960237 , 0.00960412
0.0101104 , 0.010112
0.00940399 , 0.00940578
0.0103968 , 0.0103985
0.0108844 , 0.0108859
0.0104437 , 0.0104453
0.0097569 , 0.00975863
0.0105019 , 0.0105035
0.00985334 , 0.00985505
0.00964943 , 0.00965117
0.00964074 , 0.00964248
0.0105207 , 0.0105223
0.0103785 , 0.0103802
0.00996362 , 0.00996532
0.009949 , 0.0099507
0.00987644 , 0.00987815
0.00958638 , 0.00958814
0.00964547 , 0.00964722
0.0102305 , 0.0102321
0.0102141 , 0.0102158
0.0102621 , 0.0102638
0.00976222 , 0.00976395
0.0097782 , 0.00977992
0.00942334 , 0.00942512
0.0102635 , 0.0102652
0.0106949 , 0.0106965
0.0103833 , 0.010385
0.0101745 , 0.0101762
0.00991441 , 0.00991612
0.0107664 , 0.0107679
0.00938545 , 0.00938724
0.0105255 , 0.0105271
0.0103949 , 0.0103965
0.00944944 , 0.00945122
0.0109644 , 0.010966
0.0102294 , 0.010231
0.0097862 , 0.00978792
0.0101837 , 0.0101853
0.00994115 , 0.00994285
0.00971363 , 0.00971536
0.0101236 , 0.0101252
0.0102208 , 0.0102224
0.0104525 , 0.0104541
0.00998424 , 0.00998593
0.00949637 , 0.00949814
0.00999564 , 0.00999734
0.00952734 , 0.0095291
0.0102313 , 0.0102329
0.0105306 , 0.0105322
0.0101986 , 0.0102002
0.00984154 , 0.00984326
0.0100931 , 0.0100948
0.0104358 , 0.0104374
0.00967052 , 0.00967226
0.0107434 , 0.010745
0.0103783 , 0.0103799
0.00945125 , 0.00945303
0.0105792 , 0.0105808
0.010328 , 0.0103297
