0.0701625 , 0.0768885
0.0677446 , 0.0746167
0.0718601 , 0.0784845
0.0703904 , 0.0771027
0.0736461 , 0.0801648
0.0698442 , 0.0765893
0.0686247 , 0.0754434
0.0705579 , 0.0772601
0.0747789 , 0.081231
0.0715984 , 0.0782385
0.0693759 , 0.0761492
0.0656832 , 0.0726813
0.0694966 , 0.0762626
0.0694966 , 0.0762626
0.0701473 , 0.0768742
0.075159 , 0.0815889
0.0674923 , 0.0743797
0.0684003 , 0.0752326
0.0700563 , 0.0767886
0.071322 , 0.0779786
0.0743843 , 0.0808595
0.0701929 , 0.076917
0.0755086 , 0.081918
0.0706341 , 0.0773317
0.0728816 , 0.0794455
0.0697685 , 0.0765182
0.0719988 , 0.078615
0.0689697 , 0.0757675
0.0657708 , 0.0727635
0.0657562 , 0.0727498
0.0651736 , 0.072203
0.0713374 , 0.077993
0.0691801 , 0.0759652
0.0691651 , 0.0759511
0.0701929 , 0.076917
0.0699199 , 0.0766604
0.0717831 , 0.0784121
0.0718139 , 0.0784411
0.0662097 , 0.0731755
0.0691801 , 0.0759652
0.0710923 , 0.0777625
0.0683406 , 0.0751764
0.0682659 , 0.0751063
0.0698291 , 0.0765751
0.0716138 , 0.0782529
0.0708476 , 0.0775325
0.0676704 , 0.074547
0.0708324 , 0.0775182
0.0656394 , 0.0726402
0.0670779 , 0.0739906
0.0710005 , 0.0776762
0.0666356 , 0.0735753
0.0677001 , 0.0745749
0.0699805 , 0.0767174
0.0683406 , 0.0751764
0.0695117 , 0.0762768
0.0704209 , 0.0771313
0.0675813 , 0.0744633
0.0681316 , 0.0749802
0.0708324 , 0.0775182
0.0674182 , 0.0743101
0.0721378 , 0.0787457
0.0692253 , 0.0760077
0.0735522 , 0.0800764
0.0709393 , 0.0776187
0.0684302 , 0.0752607
0.0667092 , 0.0736444
0.0668124 , 0.0737413
0.0684452 , 0.0752747
0.06599 , 0.0729693
0.0642476 , 0.0713343
0.0693458 , 0.0761209
0.0717677 , 0.0783976
0.0690147 , 0.0758098
0.0678338 , 0.0747005
0.0740224 , 0.0805189
0.0709087 , 0.07759
0.0653335 , 0.0723531
0.0696023 , 0.0763619
0.0685349 , 0.075359
0.0644351 , 0.0715101
0.0696929 , 0.0764471
0.0638736 , 0.0709834
0.0686247 , 0.0754434
0.069391 , 0.0761634
0.0679529 , 0.0748123
0.0664592 , 0.0734097
0.0684003 , 0.0752326
0.0653772 , 0.0723941
0.0709087 , 0.07759
0.0692554 , 0.076036
0.0707561 , 0.0774464
0.0730995 , 0.0796505
0.0712914 , 0.0779497
0.0710923 , 0.0777625
0.0689096 , 0.075711
0.0678487 , 0.0747144
0.0703904 , 0.0771027
0.0719988 , 0.078615
0.0702992 , 0.077017
