0.0310054 , 0.0325243
0.0341338 , 0.0355751
0.0299675 , 0.0315126
0.0275801 , 0.0291867
0.0312262 , 0.0327395
0.029974 , 0.031519
0.0287572 , 0.0303333
0.0344036 , 0.0358384
0.0304872 , 0.0320192
0.031549 , 0.0330542
0.0297584 , 0.0313089
0.0318059 , 0.0333047
0.0289046 , 0.0304769
0.0292264 , 0.0307904
0.0288789 , 0.0304519
0.0278436 , 0.0294434
0.0306064 , 0.0321353
0.0308921 , 0.0324137
0.0327496 , 0.0342249
0.0294917 , 0.031049
0.0323646 , 0.0338495
0.0306926 , 0.0322193
0.0335772 , 0.0350321
0.0325293 , 0.03401
0.0308388 , 0.0323618
0.0306793 , 0.0322064
0.0317382 , 0.0332386
0.0305732 , 0.032103
0.0328394 , 0.0343125
0.0324332 , 0.0339163
0.0319824 , 0.0334768
0.0349979 , 0.0364182
0.0294852 , 0.0310427
0.0336263 , 0.0350799
0.0328601 , 0.0343327
0.0293751 , 0.0309353
0.0301643 , 0.0317044
0.0324812 , 0.0339632
0.0325912 , 0.0340704
0.0313873 , 0.0328966
0.0337246 , 0.0351758
0.0296412 , 0.0311946
0.0323989 , 0.0338829
0.0337527 , 0.0352033
0.0319145 , 0.0334105
0.0271624 , 0.0287799
0.0305534 , 0.0320836
0.0346534 , 0.0360821
0.0345748 , 0.0360053
0.0308521 , 0.0323748
0.0323509 , 0.0338361
0.0333743 , 0.0348342
0.0333324 , 0.0347933
0.0309454 , 0.0324657
0.0291103 , 0.0306773
0.0303288 , 0.0318647
0.0307656 , 0.0322905
0.0319077 , 0.0334039
0.031347 , 0.0328573
0.0298825 , 0.0314298
0.0304146 , 0.0319483
0.0307191 , 0.0322452
0.0290395 , 0.0306083
0.0305335 , 0.0320643
0.0304014 , 0.0319355
0.0295372 , 0.0310933
0.0273552 , 0.0289677
0.0302893 , 0.0318262
0.0339711 , 0.0354164
0.0330333 , 0.0345016
0.0322552 , 0.0337427
0.0293104 , 0.0308723
0.0307391 , 0.0322646
0.0268219 , 0.0284484
0.0303354 , 0.0318712
0.029401 , 0.0309606
0.0326945 , 0.0341711
0.0325843 , 0.0340637
0.0289174 , 0.0304894
0.0279065 , 0.0295047
0.0317991 , 0.0332981
0.0334582 , 0.034916
0.0303354 , 0.0318712
0.0318127 , 0.0333113
0.0308921 , 0.0324137
0.0289302 , 0.0305019
0.0276239 , 0.0292294
0.0293233 , 0.0308849
0.030912 , 0.0324332
0.0313605 , 0.0328704
0.0306395 , 0.0321676
0.0319145 , 0.0334105
0.0291103 , 0.0306773
0.0314344 , 0.0329425
0.032495 , 0.0339765
0.0288597 , 0.0304331
0.0336192 , 0.0350731
0.0305997 , 0.0321288
0.0298759 , 0.0314234
0.0305468 , 0.0320772
