0.0402561 , 0.0415533
0.0433118 , 0.044541
0.0405114 , 0.0418028
0.0422513 , 0.0435037
0.0408644 , 0.0421479
0.0406395 , 0.041928
0.0409369 , 0.0422187
0.0414392 , 0.0427097
0.0396705 , 0.0409811
0.0356353 , 0.0370403
0.0372034 , 0.0385712
0.0388197 , 0.0401498
0.0431182 , 0.0443516
0.0384494 , 0.039788
0.0432275 , 0.0444586
0.040792 , 0.0420771
0.0421521 , 0.0434068
0.0422843 , 0.0435361
0.0448095 , 0.0460063
0.0419134 , 0.0431734
0.0401607 , 0.0414601
0.0424998 , 0.0437468
0.042783 , 0.0440238
0.0409289 , 0.0422109
0.0403916 , 0.0416857
0.0400417 , 0.0413438
0.0400893 , 0.0413903
0.0392786 , 0.0405981
0.0401925 , 0.0414911
0.0420944 , 0.0433504
0.0409934 , 0.0422739
0.0403198 , 0.0416156
0.0392161 , 0.040537
0.0424169 , 0.0436657
0.0402561 , 0.0415533
0.0420779 , 0.0433342
0.0401369 , 0.0414368
0.0419709 , 0.0432296
0.0376104 , 0.0389686
0.0399309 , 0.0412355
0.0387115 , 0.040044
0.0371884 , 0.0385565
0.0393176 , 0.0406362
0.038843 , 0.0401725
0.0431266 , 0.0443598
0.0419627 , 0.0432216
0.0403677 , 0.0416623
0.0403517 , 0.0416467
0.0435147 , 0.0447395
0.0410418 , 0.0423213
0.0440767 , 0.0452893
0.0412361 , 0.0425112
0.0442396 , 0.0454487
0.0367772 , 0.038155
0.0363175 , 0.0377062
0.0394272 , 0.0407433
0.0422513 , 0.0435037
0.0453682 , 0.0465531
0.0395369 , 0.0408505
0.0429922 , 0.0442284
0.0401052 , 0.0414058
0.0409531 , 0.0422345
0.0399309 , 0.0412355
0.0381198 , 0.0394661
0.0394193 , 0.0407356
0.0429755 , 0.044212
0.0392629 , 0.0405828
0.0385186 , 0.0398557
0.0403437 , 0.0416389
0.0400021 , 0.0413051
0.0380359 , 0.0393841
0.0371584 , 0.0385272
0.0386883 , 0.0400214
0.0390603 , 0.0403848
0.0375273 , 0.0388874
0.0397808 , 0.0410888
0.0395448 , 0.0408582
0.0413335 , 0.0426064
0.0427997 , 0.0440401
0.0440254 , 0.045239
0.0387501 , 0.0400818
0.0392629 , 0.0405828
0.0416104 , 0.0428771
0.0377241 , 0.0390796
0.0416349 , 0.042901
0.0413091 , 0.0425825
0.0412118 , 0.0424874
0.0416267 , 0.0428931
0.0398519 , 0.0411582
0.0393098 , 0.0406286
0.0441453 , 0.0453563
0.0419463 , 0.0432055
0.0387269 , 0.0400591
0.0351204 , 0.0365378
0.0430174 , 0.044253
0.0436844 , 0.0449054
0.0398676 , 0.0411737
0.0399783 , 0.0412818
0.0403517 , 0.0416467
0.0408483 , 0.0421321
