0.133836 , 0.134023
0.143482 , 0.143632
0.143615 , 0.143764
0.138643 , 0.13881
0.143152 , 0.143302
0.141982 , 0.142137
0.146215 , 0.146355
0.143086 , 0.143237
0.139912 , 0.140075
0.14335 , 0.1435
0.138524 , 0.138692
0.149275 , 0.149405
0.137815 , 0.137986
0.136773 , 0.136949
0.148085 , 0.148219
0.142563 , 0.142716
0.144488 , 0.144634
0.137992 , 0.138162
0.141155 , 0.141313
0.147938 , 0.148073
0.133729 , 0.133917
0.143748 , 0.143897
0.137815 , 0.137986
0.148085 , 0.148219
0.139851 , 0.140014
0.138822 , 0.138989
0.144896 , 0.145041
0.154463 , 0.154578
0.138227 , 0.138397
0.134703 , 0.134887
0.14053 , 0.14069
0.129436 , 0.129643
0.139974 , 0.140136
0.132149 , 0.132344
0.145309 , 0.145452
0.148825 , 0.148957
0.136148 , 0.136326
0.143748 , 0.143897
0.140406 , 0.140566
0.147284 , 0.147421
0.135979 , 0.136157
0.144488 , 0.144634
0.139485 , 0.13965
0.139607 , 0.139771
0.148825 , 0.148957
0.144352 , 0.144499
0.132617 , 0.13281
0.14476 , 0.144905
0.138702 , 0.13887
0.130873 , 0.131074
0.140097 , 0.140259
0.136205 , 0.136382
0.135475 , 0.135656
0.151754 , 0.151877
0.13805 , 0.13822
0.138286 , 0.138455
0.140097 , 0.140259
0.134758 , 0.134941
0.143681 , 0.14383
0.149275 , 0.149405
0.153624 , 0.153742
0.137291 , 0.137465
0.144083 , 0.14423
0.144965 , 0.145109
0.148676 , 0.148808
0.135531 , 0.135711
0.149577 , 0.149707
0.136148 , 0.136326
0.148379 , 0.148513
0.148232 , 0.148365
0.14442 , 0.144566
0.148974 , 0.149106
0.148306 , 0.148439
0.144488 , 0.144634
0.135253 , 0.135435
0.146711 , 0.14685
0.143284 , 0.143434
0.129047 , 0.129256
0.143548 , 0.143698
0.141854 , 0.142009
0.143615 , 0.143764
0.145447 , 0.14559
0.143548 , 0.143698
0.144828 , 0.144973
0.156188 , 0.156298
0.147574 , 0.14771
0.137118 , 0.137292
0.147719 , 0.147854
0.134105 , 0.134292
0.143152 , 0.143302
0.140716 , 0.140876
0.150266 , 0.150393
0.138643 , 0.13881
0.141092 , 0.141251
0.14442 , 0.144566
0.14415 , 0.144297
0.141155 , 0.141313
0.132253 , 0.132447
0.140097 , 0.140259
0.154125 , 0.154241
