0.160945 , 0.163589
0.162386 , 0.164986
0.159949 , 0.162624
0.156608 , 0.159388
0.162132 , 0.16474
0.162023 , 0.164635
0.159525 , 0.162213
0.153575 , 0.156452
0.161267 , 0.163902
0.166725 , 0.169198
0.163995 , 0.166548
0.163664 , 0.166226
0.155181 , 0.158006
0.160446 , 0.163105
0.156677 , 0.159454
0.158963 , 0.161668
0.154475 , 0.157323
0.157813 , 0.160555
0.159349 , 0.162043
0.159103 , 0.161804
0.160945 , 0.163589
0.162458 , 0.165057
0.161339 , 0.163972
0.163041 , 0.165622
0.158264 , 0.160992
0.162023 , 0.164635
0.160766 , 0.163416
0.161124 , 0.163763
0.155587 , 0.158399
0.156642 , 0.159421
0.158578 , 0.161296
0.162531 , 0.165127
0.157744 , 0.160487
0.160766 , 0.163416
0.157779 , 0.160521
0.159419 , 0.162111
0.155621 , 0.158432
0.152814 , 0.155716
0.163553 , 0.166119
0.155553 , 0.158366
0.154174 , 0.157032
0.157744 , 0.160487
0.160339 , 0.163002
0.160268 , 0.162933
0.161411 , 0.164041
0.166233 , 0.16872
0.16522 , 0.167736
0.170632 , 0.172994
0.160945 , 0.163589
0.166915 , 0.169382
0.166271 , 0.168757
0.152946 , 0.155844
0.157952 , 0.160689
0.155655 , 0.158464
0.160197 , 0.162864
0.15726 , 0.160019
0.1637 , 0.166262
0.159772 , 0.162453
0.158195 , 0.160924
0.155926 , 0.158727
0.164996 , 0.167519
0.163774 , 0.166333
0.16264 , 0.165233
0.162096 , 0.164705
0.163443 , 0.166013
0.162132 , 0.16474
0.159068 , 0.16177
0.163407 , 0.165977
0.159138 , 0.161838
0.159419 , 0.162111
0.160553 , 0.163209
0.160091 , 0.162761
0.172385 , 0.174699
0.168678 , 0.171095
0.167257 , 0.169715
0.164513 , 0.16705
0.159068 , 0.16177
0.161699 , 0.16432
0.163553 , 0.166119
0.164365 , 0.166906
0.160197 , 0.162864
0.163517 , 0.166084
0.15726 , 0.160019
0.159702 , 0.162384
0.162313 , 0.164916
0.163664 , 0.166226
0.159103 , 0.161804
0.16326 , 0.165835
0.157744 , 0.160487
0.169768 , 0.172154
0.163077 , 0.165657
0.158543 , 0.161262
0.155688 , 0.158497
0.157467 , 0.16022
0.163224 , 0.165799
0.161735 , 0.164355
0.16507 , 0.167591
0.163407 , 0.165977
0.163407 , 0.165977
0.161519 , 0.164146
