0.183358 , 0.185387
0.182729 , 0.184774
0.185454 , 0.187432
0.187551 , 0.189479
0.183584 , 0.185607
0.18255 , 0.184599
0.181396 , 0.183473
0.180823 , 0.182915
0.194745 , 0.196509
0.188023 , 0.18994
0.191643 , 0.193476
0.184537 , 0.186537
0.176701 , 0.178899
0.189599 , 0.191479
0.200245 , 0.201892
0.183765 , 0.185784
0.18774 , 0.189663
0.179732 , 0.181852
0.191643 , 0.193476
0.190469 , 0.19233
0.185454 , 0.187432
0.180167 , 0.182276
0.187929 , 0.189848
0.186894 , 0.188837
0.181838 , 0.183905
0.182595 , 0.184643
0.184264 , 0.186271
0.185362 , 0.187342
0.185224 , 0.187208
0.180867 , 0.182958
0.186474 , 0.188427
0.180867 , 0.182958
0.189023 , 0.190916
0.189358 , 0.191244
0.190761 , 0.192615
0.185731 , 0.187702
0.187929 , 0.189848
0.190033 , 0.191903
0.184812 , 0.186805
0.185178 , 0.187163
0.192881 , 0.194687
0.189985 , 0.191856
0.1868 , 0.188746
0.188023 , 0.18994
0.180648 , 0.182744
0.195613 , 0.197359
0.183043 , 0.18508
0.18931 , 0.191197
0.189792 , 0.191667
0.179516 , 0.181641
0.180867 , 0.182958
0.180037 , 0.182149
0.181043 , 0.183129
0.1793 , 0.18143
0.187222 , 0.189157
0.187645 , 0.189571
0.186847 , 0.188791
0.187081 , 0.18902
0.191299 , 0.19314
0.18264 , 0.184686
0.187316 , 0.189249
0.185778 , 0.187748
0.19081 , 0.192663
0.180473 , 0.182574
0.191741 , 0.193573
0.189743 , 0.19162
0.183403 , 0.185431
0.18774 , 0.189663
0.184446 , 0.186448
0.189599 , 0.191479
0.18255 , 0.184599
0.190421 , 0.192282
0.186148 , 0.188109
0.1868 , 0.188746
0.175989 , 0.178205
0.190518 , 0.192377
0.184128 , 0.186138
0.186287 , 0.188245
0.19013 , 0.191998
0.185731 , 0.187702
0.176197 , 0.178409
0.192682 , 0.194492
0.185916 , 0.187883
0.185685 , 0.187657
0.190615 , 0.192472
0.185963 , 0.187928
0.184355 , 0.186359
0.179863 , 0.181979
0.179776 , 0.181894
0.198217 , 0.199906
0.187645 , 0.189571
0.182998 , 0.185036
0.178611 , 0.180759
0.184218 , 0.186226
0.184674 , 0.186671
0.190518 , 0.192377
0.184812 , 0.186805
0.178568 , 0.180718
0.185132 , 0.187118
0.184812 , 0.186805
