0.193632 , 0.195421
0.1996 , 0.20126
0.199868 , 0.201523
0.194592 , 0.19636
0.199386 , 0.201051
0.200407 , 0.202051
0.189743 , 0.19162
0.191054 , 0.192901
0.201714 , 0.203331
0.197219 , 0.19893
0.195819 , 0.19756
0.20057 , 0.20221
0.194136 , 0.195914
0.191201 , 0.193045
0.192235 , 0.194055
0.195357 , 0.197108
0.198534 , 0.200217
0.205635 , 0.207174
0.195204 , 0.196958
0.190615 , 0.192472
0.192334 , 0.194152
0.191201 , 0.193045
0.193131 , 0.194931
0.192632 , 0.194444
0.186055 , 0.188019
0.192533 , 0.194346
0.187881 , 0.189801
0.196232 , 0.197964
0.198693 , 0.200373
0.186427 , 0.188382
0.191889 , 0.193717
0.191006 , 0.192853
0.192186 , 0.194007
0.193783 , 0.195569
0.202706 , 0.204303
0.190859 , 0.19271
0.193331 , 0.195127
0.198906 , 0.200581
0.196854 , 0.198573
0.201495 , 0.203116
0.195101 , 0.196858
0.192434 , 0.194249
0.196542 , 0.198268
0.197795 , 0.199494
0.187222 , 0.189157
0.190859 , 0.19271
0.190518 , 0.192377
0.194339 , 0.196112
0.193532 , 0.195323
0.203207 , 0.204794
0.190957 , 0.192806
0.187551 , 0.189479
0.193985 , 0.195766
0.191988 , 0.193814
0.206729 , 0.208246
0.195204 , 0.196958
0.196439 , 0.198166
0.190324 , 0.192187
0.196542 , 0.198268
0.191545 , 0.19338
0.200353 , 0.201998
0.203318 , 0.204903
0.198746 , 0.200425
0.194948 , 0.196708
0.196335 , 0.198065
0.193934 , 0.195717
0.199065 , 0.200737
0.19701 , 0.198725
0.190859 , 0.19271
0.195408 , 0.197158
0.192682 , 0.194492
0.190372 , 0.192235
0.198217 , 0.199906
0.19444 , 0.196211
0.194389 , 0.196161
0.198428 , 0.200113
0.18931 , 0.191197
0.199332 , 0.200998
0.194694 , 0.196459
0.191006 , 0.192853
0.196439 , 0.198166
0.196439 , 0.198166
0.191643 , 0.193476
0.195204 , 0.196958
0.191692 , 0.193525
0.197533 , 0.199237
0.189551 , 0.191432
0.191397 , 0.193236
0.19748 , 0.199186
0.190859 , 0.19271
0.198587 , 0.200269
0.192632 , 0.194444
0.196077 , 0.197812
0.199279 , 0.200946
0.193031 , 0.194833
0.188879 , 0.190776
0.191446 , 0.193284
0.191103 , 0.192949
0.193834 , 0.195618
0.197795 , 0.199494
