0.188611 , 0.18866
0.222412 , 0.222432
0.237822 , 0.237835
0.214188 , 0.214213
0.207618 , 0.207648
0.207618 , 0.207648
0.208792 , 0.208822
0.199251 , 0.199288
0.202452 , 0.202486
0.211881 , 0.211908
0.214528 , 0.214553
0.218095 , 0.218118
0.202452 , 0.202486
0.217357 , 0.21738
0.215217 , 0.215242
0.220001 , 0.220023
0.196275 , 0.196316
0.212527 , 0.212553
0.217357 , 0.21738
0.233251 , 0.233266
0.196055 , 0.196096
0.226775 , 0.226793
0.223673 , 0.223692
0.192879 , 0.192923
0.207044 , 0.207074
0.20482 , 0.204852
0.234346 , 0.234361
0.212527 , 0.212553
0.204016 , 0.204049
0.214871 , 0.214896
0.207909 , 0.207939
0.218469 , 0.218492
0.220789 , 0.22081
0.20455 , 0.204583
0.211244 , 0.211272
0.20482 , 0.204852
0.203227 , 0.20326
0.198082 , 0.19812
0.197852 , 0.19789
0.19672 , 0.19676
0.222828 , 0.222848
0.215217 , 0.215242
0.21385 , 0.213876
0.217357 , 0.21738
0.233795 , 0.233809
0.199968 , 0.200005
0.201943 , 0.201978
0.225416 , 0.225435
0.218095 , 0.218118
0.216273 , 0.216297
0.220789 , 0.22081
0.201943 , 0.201978
0.212854 , 0.21288
0.236629 , 0.236643
0.21 , 0.210029
0.215918 , 0.215942
0.194121 , 0.194163
0.223673 , 0.223692
0.196497 , 0.196537
0.201192 , 0.201227
0.215217 , 0.215242
0.219228 , 0.21925
0.211561 , 0.211588
0.224973 , 0.224992
0.19672 , 0.19676
0.203227 , 0.20326
0.224102 , 0.224121
0.193289 , 0.193332
0.222828 , 0.222848
0.214528 , 0.214553
0.21385 , 0.213876
0.220001 , 0.220023
0.209091 , 0.20912
0.218847 , 0.218869
0.198545 , 0.198583
0.220789 , 0.22081
0.218095 , 0.218118
0.205092 , 0.205124
0.204016 , 0.204049
0.231662 , 0.231678
0.207618 , 0.207648
0.20455 , 0.204583
0.227238 , 0.227256
0.208496 , 0.208525
0.209392 , 0.209421
0.208201 , 0.208231
0.22866 , 0.228677
0.20021 , 0.200247
0.218469 , 0.218492
0.234346 , 0.234361
0.211244 , 0.211272
0.227238 , 0.227256
0.194121 , 0.194163
0.207909 , 0.207939
0.196497 , 0.196537
0.21093 , 0.210957
0.208496 , 0.208525
0.199489 , 0.199526
0.189356 , 0.189404
0.215918 , 0.215942
