0.253122 , 0.253131
0.212854 , 0.21288
0.220393 , 0.220415
0.244382 , 0.244394
0.222828 , 0.222848
0.222 , 0.222021
0.225416 , 0.225435
0.234905 , 0.234919
0.226317 , 0.226335
0.245835 , 0.245845
0.242299 , 0.24231
0.221189 , 0.22121
0.233251 , 0.233266
0.225864 , 0.225883
0.240968 , 0.24098
0.230636 , 0.230652
0.235471 , 0.235486
0.238432 , 0.238445
0.209091 , 0.20912
0.231146 , 0.231162
0.236629 , 0.236643
0.234346 , 0.234361
0.230636 , 0.230652
0.245835 , 0.245845
0.260974 , 0.260981
0.230636 , 0.230652
0.226317 , 0.226335
0.229636 , 0.229653
0.22866 , 0.228677
0.204282 , 0.204315
0.252243 , 0.252252
0.240318 , 0.240331
0.245102 , 0.245113
0.219228 , 0.21925
0.233795 , 0.233809
0.222828 , 0.222848
0.212854 , 0.21288
0.229145 , 0.229162
0.234346 , 0.234361
0.226317 , 0.226335
0.212527 , 0.212553
0.232185 , 0.2322
0.284108 , 0.284111
0.251383 , 0.251392
0.230133 , 0.230149
0.238432 , 0.238445
0.223248 , 0.223268
0.218469 , 0.218492
0.222 , 0.222021
0.248118 , 0.248128
0.230133 , 0.230149
0.233795 , 0.233809
0.237221 , 0.237235
0.227238 , 0.227256
0.222828 , 0.222848
0.226317 , 0.226335
0.257842 , 0.25785
0.240968 , 0.24098
0.236629 , 0.236643
0.22818 , 0.228198
0.234346 , 0.234361
0.221189 , 0.22121
0.216992 , 0.217016
0.237822 , 0.237835
0.223248 , 0.223268
0.237221 , 0.237235
0.246581 , 0.246592
0.236046 , 0.23606
0.222828 , 0.222848
0.255885 , 0.255893
0.247342 , 0.247352
0.218095 , 0.218118
0.224535 , 0.224554
0.245102 , 0.245113
0.247342 , 0.247352
0.233795 , 0.233809
0.257842 , 0.25785
0.240968 , 0.24098
0.242981 , 0.242993
0.231662 , 0.231678
0.223673 , 0.223692
0.230636 , 0.230652
0.236629 , 0.236643
0.231146 , 0.231162
0.209392 , 0.209421
0.242299 , 0.24231
0.235471 , 0.235486
0.235471 , 0.235486
0.205092 , 0.205124
0.242299 , 0.24231
0.215566 , 0.215591
0.243676 , 0.243687
0.230133 , 0.230149
0.234905 , 0.234919
0.237221 , 0.237235
0.246581 , 0.246592
0.229145 , 0.229162
0.227706 , 0.227724
0.233251 , 0.233266
0.221593 , 0.221613
