0.268114 , 0.26812
0.275279 , 0.275283
0.275279 , 0.275283
0.237822 , 0.237835
0.263211 , 0.263217
0.322374 , 0.322375
0.269444 , 0.26945
0.28217 , 0.282173
0.253122 , 0.253131
0.268114 , 0.26812
0.266829 , 0.266835
0.288312 , 0.288315
0.28217 , 0.282173
0.248118 , 0.248128
0.248118 , 0.248128
0.254943 , 0.254951
0.270822 , 0.270827
0.246581 , 0.246592
0.284108 , 0.284111
0.270822 , 0.270827
0.248909 , 0.248919
0.242299 , 0.24231
0.22818 , 0.228198
0.26438 , 0.264386
0.275279 , 0.275283
0.293048 , 0.293051
0.257842 , 0.25785
0.26438 , 0.264386
0.276888 , 0.276892
0.251383 , 0.251392
0.273735 , 0.273739
0.28217 , 0.282173
0.270822 , 0.270827
0.227706 , 0.227724
0.260974 , 0.260981
0.262076 , 0.262083
0.265585 , 0.265591
0.275279 , 0.275283
0.255885 , 0.255893
0.265585 , 0.265591
0.270822 , 0.270827
0.272251 , 0.272256
0.246581 , 0.246592
0.280326 , 0.28033
0.240318 , 0.240331
0.272251 , 0.272256
0.249717 , 0.249726
0.272251 , 0.272256
0.254943 , 0.254951
0.256851 , 0.256859
0.254022 , 0.254031
0.275279 , 0.275283
0.255885 , 0.255893
0.263211 , 0.263217
0.275279 , 0.275283
0.280326 , 0.28033
0.258858 , 0.258866
0.257842 , 0.25785
0.308495 , 0.308497
0.28217 , 0.282173
0.272251 , 0.272256
0.293048 , 0.293051
0.254943 , 0.254951
0.268114 , 0.26812
0.269444 , 0.26945
0.240968 , 0.24098
0.243676 , 0.243687
0.240968 , 0.24098
0.230133 , 0.230149
0.259902 , 0.259909
0.248118 , 0.248128
0.255885 , 0.255893
0.293048 , 0.293051
0.248909 , 0.248919
0.265585 , 0.265591
0.253122 , 0.253131
0.284108 , 0.284111
0.269444 , 0.26945
0.239051 , 0.239064
0.269444 , 0.26945
0.254022 , 0.254031
0.242299 , 0.24231
0.252243 , 0.252252
0.268114 , 0.26812
0.28217 , 0.282173
0.28217 , 0.282173
0.242981 , 0.242993
0.298476 , 0.298479
0.262076 , 0.262083
0.256851 , 0.256859
0.276888 , 0.276892
0.236046 , 0.23606
0.260974 , 0.260981
0.248118 , 0.248128
0.269444 , 0.26945
0.243676 , 0.243687
0.273735 , 0.273739
0.28217 , 0.282173
0.243676 , 0.243687
0.246581 , 0.246592
