0.317131 , 0.317132
0.380442 , 0.380442
0.345457 , 0.345457
0.328523 , 0.328524
0.288312 , 0.288315
0.322374 , 0.322375
0.380442 , 0.380442
0.298476 , 0.298479
0.295663 , 0.295665
0.312556 , 0.312558
0.304843 , 0.304845
0.301522 , 0.301524
0.328523 , 0.328524
1 , 1
0.380442 , 0.380442
1 , 1
0.335974 , 0.335974
0.335974 , 0.335974
0.308495 , 0.308497
0.358593 , 0.358593
0.335974 , 0.335974
0.380442 , 0.380442
0.345457 , 0.345457
0.295663 , 0.295665
0.358593 , 0.358593
0.312556 , 0.312558
1 , 1
0.328523 , 0.328524
0.358593 , 0.358593
0.295663 , 0.295665
1 , 1
1 , 1
0.322374 , 0.322375
0.298476 , 0.298479
0.358593 , 0.358593
0.345457 , 0.345457
0.380442 , 0.380442
0.335974 , 0.335974
0.345457 , 0.345457
0.304843 , 0.304845
0.328523 , 0.328524
0.312556 , 0.312558
0.295663 , 0.295665
0.308495 , 0.308497
0.358593 , 0.358593
1 , 1
1 , 1
0.358593 , 0.358593
0.328523 , 0.328524
0.380442 , 0.380442
0.298476 , 0.298479
1 , 1
0.380442 , 0.380442
1 , 1
1 , 1
1 , 1
0.317131 , 0.317132
0.358593 , 0.358593
0.358593 , 0.358593
0.380442 , 0.380442
0.301522 , 0.301524
0.276888 , 0.276892
0.317131 , 0.317132
0.335974 , 0.335974
0.328523 , 0.328524
0.293048 , 0.293051
0.335974 , 0.335974
1 , 1
1 , 1
1 , 1
0.301522 , 0.301524
0.28217 , 0.282173
0.312556 , 0.312558
0.335974 , 0.335974
0.288312 , 0.288315
1 , 1
0.293048 , 0.293051
0.298476 , 0.298479
0.312556 , 0.312558
1 , 1
0.308495 , 0.308497
0.280326 , 0.28033
0.293048 , 0.293051
0.322374 , 0.322375
0.322374 , 0.322375
0.358593 , 0.358593
0.322374 , 0.322375
0.335974 , 0.335974
0.317131 , 0.317132
0.380442 , 0.380442
0.345457 , 0.345457
0.335974 , 0.335974
0.275279 , 0.275283
0.345457 , 0.345457
0.273735 , 0.273739
0.301522 , 0.301524
0.358593 , 0.358593
0.380442 , 0.380442
1 , 1
0.358593 , 0.358593
