0.0955628 , 0.114999 , 0.0816118
0.0955628 , 0.0816118 , 0.100657
0.0955628 , 0.102648 , 0.173052
0.0955628 , 0.102648 , 0.0816118
0.0955628 , 0.123691 , 0.0816118
0.0955628 , 0.0890597 , 0.0637685
0.0955628 , 0.102648 , 0.0304735
0.0955628 , 0.114999 , 0.100657
0.0955628 , 0.102648 , 0.121479
0.0955628 , 0.0637685 , 0
0.0955628 , 0.0797806 , 0.209299
0.0955628 , 0.114999 , 0.0816118
0.0955628 , 0.106683 , 0.100657
0.0955628 , 0.10873 , 0.209299
0.0955628 , 0.0909549 , 0.173052
0.0955628 , 0.0672602 , 0.145031
0.0955628 , 0.0928644 , 0.100657
0.0955628 , 0.110798 , 0.0148094
0.0955628 , 0.104656 , 0.0637685
0.0955628 , 0.112887 , 0.121479
0.0955628 , 0.076152 , 0.0637685
0.0955628 , 0.100657 , 0.0467815
0.0955628 , 0.0928644 , 0.0816118
0.0955628 , 0.104656 , 0.0304735
0.0955628 , 0.106683 , 0.0467815
0.0955628 , 0.104656 , 0.100657
0.0955628 , 0.100657 , 0.100657
0.0955628 , 0.0909549 , 0.100657
0.0955628 , 0.123691 , 0.0637685
0.0955628 , 0.0928644 , 0.0637685
0.0955628 , 0.0797806 , 0.0816118
0.0955628 , 0.0909549 , 0.121479
0.0955628 , 0.102648 , 0.100657
0.0955628 , 0.0947887 , 0.100657
0.0955628 , 0.0816118 , 0.0637685
0.0955628 , 0.106683 , 0.209299
0.0955628 , 0.106683 , 0.0637685
0.0955628 , 0.0928644 , 0.0467815
0.0955628 , 0.104656 , 0.0467815
0.0955628 , 0.106683 , 0.173052
0.0955628 , 0.0928644 , 0.209299
0.0955628 , 0.114999 , 0.145031
0.0955628 , 0.112887 , 0.121479
0.0955628 , 0.0707879 , 0.100657
0.0955628 , 0.100657 , 0.0304735
0.0955628 , 0.0928644 , 0.100657
0.0955628 , 0.0707879 , 0.100657
0.0955628 , 0.0707879 , 0.209299
0.0955628 , 0.076152 , 0.121479
0.0955628 , 0.123691 , 0.145031
0.0955628 , 0.0986846 , 0.0467815
0.0955628 , 0.0928644 , 0.100657
0.0955628 , 0.0797806 , 0.121479
0.0955628 , 0.117134 , 0.0304735
0.0955628 , 0.102648 , 0.145031
0.0955628 , 0.114999 , 0.121479
0.0955628 , 0.117134 , 0.0816118
0.0955628 , 0.119294 , 0.121479
0.0955628 , 0.0853102 , 0.145031
0.0955628 , 0.102648 , 0.0467815
0.0955628 , 0.0871784 , 0.121479
0.0955628 , 0.121479 , 0.145031
0.0955628 , 0.0816118 , 0.121479
0.0955628 , 0.0928644 , 0.173052
0.0955628 , 0.106683 , 0.0467815
0.0955628 , 0.117134 , 0.0816118
0.0955628 , 0.0871784 , 0.0637685
0.0955628 , 0.0690194 , 0.0467815
0.0955628 , 0.076152 , 0.100657
0.0955628 , 0.117134 , 0.0467815
0.0955628 , 0.0797806 , 0.121479
0.0955628 , 0.0986846 , 0.173052
0.0955628 , 0.0871784 , 0.145031
0.0955628 , 0.0947887 , 0.121479
0.0955628 , 0.0909549 , 0.0816118
0.0955628 , 0.0986846 , 0.0467815
0.0955628 , 0.102648 , 0.173052
0.0955628 , 0.106683 , 0.0304735
0.0955628 , 0.0890597 , 0.145031
0.0955628 , 0.0797806 , 0.173052
0.0955628 , 0.0853102 , 0.145031
0.0955628 , 0.10873 , 0.0304735
0.0955628 , 0.0967286 , 0.173052
0.0955628 , 0.114999 , 0.0637685
0.0955628 , 0.123691 , 0.145031
0.0955628 , 0.0871784 , 0.100657
0.0955628 , 0.0816118 , 0.0816118
0.0955628 , 0.104656 , 0.100657
0.0955628 , 0.0928644 , 0.0816118
0.0955628 , 0.0871784 , 0.0467815
0.0955628 , 0.112887 , 0.0637685
0.0955628 , 0.112887 , 0.0467815
0.0955628 , 0.0909549 , 0.121479
0.0955628 , 0.100657 , 0.0637685
0.0955628 , 0.0551826 , 0.100657
0.0955628 , 0.0986846 , 0.100657
0.0955628 , 0.0947887 , 0.100657
0.0955628 , 0.0890597 , 0.0816118
0.0955628 , 0.0890597 , 0.0816118
0.0955628 , 0.0909549 , 0.121479
