0.15888 , 0.173052 , 0.209299
0.15888 , 0.164016 , 0.121479
0.15888 , 0.179457 , 0.100657
0.15888 , 0.123691 , 0.100657
0.15888 , 0.161139 , 0.121479
0.15888 , 0.152855 , 0.209299
0.15888 , 0.1502 , 0.209299
0.15888 , 0.152855 , 0.145031
0.15888 , 0.142513 , 0.209299
0.15888 , 0.197164 , 0.145031
0.15888 , 0.147593 , 0.173052
0.15888 , 0.166958 , 0.145031
0.15888 , 0.142513 , 0.209299
0.15888 , 0.137598 , 0.209299
0.15888 , 0.173052 , 0.121479
0.15888 , 0.161139 , 0.265213
0.15888 , 0.182791 , 0.145031
0.15888 , 0.147593 , 0.0637685
0.15888 , 0.158322 , 0.173052
0.15888 , 0.164016 , 0.0816118
0.15888 , 0.158322 , 0.265213
0.15888 , 0.176213 , 0.209299
0.15888 , 0.189753 , 0.173052
0.15888 , 0.182791 , 0.209299
0.15888 , 0.1502 , 1
0.15888 , 0.176213 , 0.173052
0.15888 , 0.18622 , 0.209299
0.15888 , 0.161139 , 0.209299
0.15888 , 0.176213 , 0.145031
0.15888 , 0.147593 , 0.209299
0.15888 , 0.135197 , 0.173052
0.15888 , 0.140036 , 0.173052
0.15888 , 0.147593 , 0.121479
0.15888 , 0.169968 , 0.209299
0.15888 , 0.173052 , 0.173052
0.15888 , 0.137598 , 0.100657
0.15888 , 0.179457 , 0.173052
0.15888 , 0.152855 , 0.173052
0.15888 , 0.18622 , 0.173052
0.15888 , 0.173052 , 0.121479
0.15888 , 0.152855 , 0.173052
0.15888 , 0.169968 , 0.265213
0.15888 , 0.169968 , 0.121479
0.15888 , 0.145031 , 0.145031
0.15888 , 0.166958 , 0.0816118
0.15888 , 0.158322 , 0.209299
0.15888 , 0.140036 , 0.173052
0.15888 , 0.145031 , 0.121479
0.15888 , 0.1502 , 0.265213
0.15888 , 0.201061 , 0.173052
0.15888 , 0.155561 , 0.121479
0.15888 , 0.158322 , 0.100657
0.15888 , 0.142513 , 0.121479
0.15888 , 0.173052 , 0.209299
0.15888 , 0.142513 , 0.173052
0.15888 , 0.145031 , 1
0.15888 , 0.161139 , 0.209299
0.15888 , 0.145031 , 0.145031
0.15888 , 0.145031 , 0.173052
0.15888 , 0.135197 , 0.173052
0.15888 , 0.1502 , 0.0816118
0.15888 , 0.155561 , 0.265213
0.15888 , 0.158322 , 0.145031
0.15888 , 0.158322 , 0.145031
0.15888 , 0.189753 , 0.265213
0.15888 , 0.147593 , 0.173052
0.15888 , 0.176213 , 0.265213
0.15888 , 0.155561 , 0.265213
0.15888 , 0.161139 , 0.173052
0.15888 , 0.173052 , 0.121479
0.15888 , 0.147593 , 0.209299
0.15888 , 0.173052 , 0.173052
0.15888 , 0.169968 , 0.209299
0.15888 , 0.176213 , 0.145031
0.15888 , 0.176213 , 0.100657
0.15888 , 0.164016 , 0.173052
0.15888 , 0.155561 , 0.145031
0.15888 , 0.155561 , 0.145031
0.15888 , 0.169968 , 0.0816118
0.15888 , 0.161139 , 0.173052
0.15888 , 0.142513 , 0.265213
0.15888 , 0.173052 , 1
0.15888 , 0.179457 , 0.209299
0.15888 , 0.155561 , 0.209299
0.15888 , 0.158322 , 0.100657
0.15888 , 0.182791 , 0.145031
0.15888 , 0.166958 , 0.173052
0.15888 , 0.169968 , 0.145031
0.15888 , 0.164016 , 1
0.15888 , 0.169968 , 0.145031
0.15888 , 0.182791 , 0.145031
0.15888 , 0.166958 , 1
0.15888 , 0.173052 , 0.209299
0.15888 , 0.158322 , 1
0.15888 , 0.142513 , 0.145031
0.15888 , 0.166958 , 0.100657
0.15888 , 0.166958 , 0.121479
0.15888 , 0.166958 , 0.209299
0.15888 , 0.142513 , 0.100657
0.15888 , 0.158322 , 0.121479
