0.107704 , 0.104656 , 0.0816118
0.107704 , 0.0967286 , 0.121479
0.107704 , 0.104656 , 0.145031
0.107704 , 0.106683 , 0.0467815
0.107704 , 0.121479 , 0.121479
0.107704 , 0.112887 , 0.173052
0.107704 , 0.117134 , 0.145031
0.107704 , 0.106683 , 0.121479
0.107704 , 0.142513 , 0.0304735
0.107704 , 0.0816118 , 0.145031
0.107704 , 0.114999 , 0.121479
0.107704 , 0.106683 , 0.121479
0.107704 , 0.100657 , 0.121479
0.107704 , 0.0967286 , 0.209299
0.107704 , 0.10873 , 0.0304735
0.107704 , 0.114999 , 0.0304735
0.107704 , 0.106683 , 0.0304735
0.107704 , 0.104656 , 0.0816118
0.107704 , 0.100657 , 0.121479
0.107704 , 0.0853102 , 0.173052
0.107704 , 0.117134 , 0.0816118
0.107704 , 0.102648 , 0.0816118
0.107704 , 0.117134 , 0.100657
0.107704 , 0.123691 , 0.100657
0.107704 , 0.114999 , 0.173052
0.107704 , 0.132831 , 0.0637685
0.107704 , 0.130499 , 0.121479
0.107704 , 0.117134 , 0.0816118
0.107704 , 0.100657 , 0.121479
0.107704 , 0.0986846 , 0.173052
0.107704 , 0.10873 , 0.265213
0.107704 , 0.10873 , 0.173052
0.107704 , 0.123691 , 0.173052
0.107704 , 0.100657 , 0.100657
0.107704 , 0.121479 , 0.100657
0.107704 , 0.0986846 , 0.100657
0.107704 , 0.112887 , 0.121479
0.107704 , 0.104656 , 0.173052
0.107704 , 0.0986846 , 0.173052
0.107704 , 0.123691 , 0.0816118
0.107704 , 0.0967286 , 0.121479
0.107704 , 0.0743538 , 0.0816118
0.107704 , 0.076152 , 0.145031
0.107704 , 0.104656 , 0.0816118
0.107704 , 0.0986846 , 0.173052
0.107704 , 0.110798 , 0.100657
0.107704 , 0.119294 , 0.145031
0.107704 , 0.142513 , 0.173052
0.107704 , 0.104656 , 0.100657
0.107704 , 0.114999 , 0.173052
0.107704 , 0.100657 , 0.0816118
0.107704 , 0.106683 , 0.265213
0.107704 , 0.112887 , 0.100657
0.107704 , 0.110798 , 0.0637685
0.107704 , 0.1282 , 0.145031
0.107704 , 0.0947887 , 0.121479
0.107704 , 0.10873 , 0.173052
0.107704 , 0.100657 , 0.265213
0.107704 , 0.102648 , 0.0637685
0.107704 , 0.114999 , 0.173052
0.107704 , 0.104656 , 0.145031
0.107704 , 0.112887 , 0.173052
0.107704 , 0.102648 , 0.209299
0.107704 , 0.100657 , 0.100657
0.107704 , 0.130499 , 0.173052
0.107704 , 0.145031 , 0.173052
0.107704 , 0.0967286 , 0.0148094
0.107704 , 0.121479 , 0.100657
0.107704 , 0.110798 , 0.145031
0.107704 , 0.142513 , 0.0467815
0.107704 , 0.0947887 , 0.100657
0.107704 , 0.100657 , 0.145031
0.107704 , 0.140036 , 0.209299
0.107704 , 0.12593 , 0.121479
0.107704 , 0.0928644 , 0.145031
0.107704 , 0.0909549 , 0.0637685
0.107704 , 0.106683 , 0
0.107704 , 0.123691 , 0.0816118
0.107704 , 0.123691 , 0.100657
0.107704 , 0.114999 , 0.145031
0.107704 , 0.102648 , 0.0637685
0.107704 , 0.0834549 , 0.145031
0.107704 , 0.106683 , 0.121479
0.107704 , 0.0928644 , 0.145031
0.107704 , 0.0947887 , 0.121479
0.107704 , 0.0909549 , 0.100657
0.107704 , 0.0967286 , 0.121479
0.107704 , 0.112887 , 0.0816118
0.107704 , 0.106683 , 0.0816118
0.107704 , 0.132831 , 0.0637685
0.107704 , 0.0967286 , 0.0816118
0.107704 , 0.137598 , 0.121479
0.107704 , 0.112887 , 0.145031
0.107704 , 0.121479 , 0.0637685
0.107704 , 0.100657 , 0.0637685
0.107704 , 0.130499 , 0.0637685
0.107704 , 0.114999 , 0.209299
0.107704 , 0.0986846 , 0.0148094
0.107704 , 0.123691 , 0.121479
0.107704 , 0.10873 , 0.0816118
