0.10506 , 0.135197 , 0.0637685
0.10506 , 0.110798 , 0.0467815
0.10506 , 0.0947887 , 0.0304735
0.10506 , 0.117134 , 0.121479
0.10506 , 0.110798 , 0.145031
0.10506 , 0.106683 , 0.145031
0.10506 , 0.110798 , 0.100657
0.10506 , 0.0871784 , 0.100657
0.10506 , 0.0947887 , 0.100657
0.10506 , 0.104656 , 0.100657
0.10506 , 0.119294 , 0.0304735
0.10506 , 0.110798 , 0.0467815
0.10506 , 0.0947887 , 0.145031
0.10506 , 0.0947887 , 0.0467815
0.10506 , 0.0986846 , 0.0148094
0.10506 , 0.110798 , 0.100657
0.10506 , 0.100657 , 0.0304735
0.10506 , 0.137598 , 0.0637685
0.10506 , 0.137598 , 0.145031
0.10506 , 0.114999 , 0.173052
0.10506 , 0.0871784 , 0.209299
0.10506 , 0.102648 , 0.0467815
0.10506 , 0.112887 , 0.145031
0.10506 , 0.0947887 , 0.145031
0.10506 , 0.102648 , 0.100657
0.10506 , 0.123691 , 0.121479
0.10506 , 0.104656 , 0.0467815
0.10506 , 0.119294 , 0.173052
0.10506 , 0.100657 , 0.173052
0.10506 , 0.0909549 , 0.100657
0.10506 , 0.0986846 , 0.121479
0.10506 , 0.100657 , 0.100657
0.10506 , 0.0947887 , 0.209299
0.10506 , 0.117134 , 0.145031
0.10506 , 0.0947887 , 0.0816118
0.10506 , 0.0986846 , 0.0148094
0.10506 , 0.102648 , 0.0816118
0.10506 , 0.100657 , 0.100657
0.10506 , 0.0890597 , 0.121479
0.10506 , 0.0947887 , 0
0.10506 , 0.0967286 , 0.0816118
0.10506 , 0.0779608 , 0.173052
0.10506 , 0.104656 , 0.121479
0.10506 , 0.110798 , 0.145031
0.10506 , 0.0986846 , 0.145031
0.10506 , 0.104656 , 0.121479
0.10506 , 0.0834549 , 0.0816118
0.10506 , 0.1282 , 0.0816118
0.10506 , 0.123691 , 0.173052
0.10506 , 0.0967286 , 0.0816118
0.10506 , 0.104656 , 0.173052
0.10506 , 0.0909549 , 0.100657
0.10506 , 0.10873 , 0.0816118
0.10506 , 0.0947887 , 0.145031
0.10506 , 0.119294 , 0.0467815
0.10506 , 0.10873 , 0.145031
0.10506 , 0.104656 , 0
0.10506 , 0.0909549 , 0.0304735
0.10506 , 0.10873 , 0.145031
0.10506 , 0.117134 , 0.145031
0.10506 , 0.100657 , 0.0816118
0.10506 , 0.0986846 , 0.121479
0.10506 , 0.0890597 , 0.0816118
0.10506 , 0.114999 , 0.100657
0.10506 , 0.100657 , 0.121479
0.10506 , 0.10873 , 0.0467815
0.10506 , 0.0986846 , 0.100657
0.10506 , 0.0967286 , 0.0304735
0.10506 , 0.137598 , 0.145031
0.10506 , 0.0890597 , 0.145031
0.10506 , 0.0637685 , 0.145031
0.10506 , 0.0967286 , 0.0816118
0.10506 , 0.102648 , 0.121479
0.10506 , 0.076152 , 0.100657
0.10506 , 0.104656 , 0.121479
0.10506 , 0.121479 , 0.145031
0.10506 , 0.117134 , 0
0.10506 , 0.0909549 , 0.209299
0.10506 , 0.102648 , 0.100657
0.10506 , 0.0928644 , 0.145031
0.10506 , 0.110798 , 0
0.10506 , 0.0947887 , 0.100657
0.10506 , 0.106683 , 0.100657
0.10506 , 0.104656 , 0.0467815
0.10506 , 0.110798 , 0.121479
0.10506 , 0.0909549 , 0.121479
0.10506 , 0.152855 , 0.0637685
0.10506 , 0.117134 , 0.0637685
0.10506 , 0.0986846 , 0.265213
0.10506 , 0.130499 , 0.209299
0.10506 , 0.0797806 , 0.100657
0.10506 , 0.106683 , 0.121479
0.10506 , 0.10873 , 0.209299
0.10506 , 0.110798 , 0.121479
0.10506 , 0.1282 , 0.100657
0.10506 , 0.0743538 , 0.0816118
0.10506 , 0.130499 , 0.0467815
0.10506 , 0.121479 , 0.209299
0.10506 , 0.100657 , 0.100657
0.10506 , 0.112887 , 0.145031
