0.149937 , 0.1502 , 0.145031
0.149937 , 0.152855 , 0.265213
0.149937 , 0.155561 , 0.209299
0.149937 , 0.161139 , 0.173052
0.149937 , 0.155561 , 0.173052
0.149937 , 0.173052 , 0.145031
0.149937 , 0.158322 , 0.145031
0.149937 , 0.137598 , 0.0816118
0.149937 , 0.12593 , 0.265213
0.149937 , 0.110798 , 0.173052
0.149937 , 0.12593 , 0.173052
0.149937 , 0.137598 , 0.121479
0.149937 , 0.145031 , 0.121479
0.149937 , 0.1502 , 0.100657
0.149937 , 0.140036 , 0.173052
0.149937 , 0.140036 , 0.145031
0.149937 , 0.1502 , 0.209299
0.149937 , 0.137598 , 0.173052
0.149937 , 0.164016 , 0.145031
0.149937 , 0.155561 , 0.173052
0.149937 , 0.169968 , 0.209299
0.149937 , 0.130499 , 0.209299
0.149937 , 0.140036 , 0.100657
0.149937 , 0.166958 , 0.265213
0.149937 , 0.152855 , 0.173052
0.149937 , 0.135197 , 0.145031
0.149937 , 0.152855 , 0.121479
0.149937 , 0.173052 , 0.121479
0.149937 , 0.1502 , 0.209299
0.149937 , 0.164016 , 0.209299
0.149937 , 0.161139 , 1
0.149937 , 0.123691 , 0.145031
0.149937 , 0.176213 , 0.100657
0.149937 , 0.155561 , 0.209299
0.149937 , 0.158322 , 0.121479
0.149937 , 0.1282 , 0.121479
0.149937 , 0.140036 , 0.121479
0.149937 , 0.164016 , 0.265213
0.149937 , 0.169968 , 0.265213
0.149937 , 0.152855 , 0.145031
0.149937 , 0.114999 , 0.121479
0.149937 , 0.161139 , 0.173052
0.149937 , 0.158322 , 0.145031
0.149937 , 0.1502 , 0.209299
0.149937 , 0.145031 , 0.121479
0.149937 , 0.1502 , 0.173052
0.149937 , 0.12593 , 0.121479
0.149937 , 0.123691 , 0.145031
0.149937 , 0.135197 , 0.121479
0.149937 , 0.137598 , 0.121479
0.149937 , 0.169968 , 0.121479
0.149937 , 0.176213 , 0.121479
0.149937 , 0.123691 , 0.209299
0.149937 , 0.169968 , 0.145031
0.149937 , 0.140036 , 0.173052
0.149937 , 0.1502 , 0.100657
0.149937 , 0.132831 , 0.121479
0.149937 , 0.152855 , 0.173052
0.149937 , 0.119294 , 0.0816118
0.149937 , 0.161139 , 0.121479
0.149937 , 0.155561 , 0.209299
0.149937 , 0.130499 , 0.173052
0.149937 , 0.166958 , 0.209299
0.149937 , 0.158322 , 0.100657
0.149937 , 0.135197 , 0.145031
0.149937 , 0.142513 , 0.0637685
0.149937 , 0.155561 , 0.209299
0.149937 , 0.166958 , 0.145031
0.149937 , 0.169968 , 0.121479
0.149937 , 0.142513 , 0.121479
0.149937 , 0.132831 , 0.121479
0.149937 , 0.1502 , 0.121479
0.149937 , 0.158322 , 0.145031
0.149937 , 0.137598 , 0.145031
0.149937 , 0.142513 , 0.145031
0.149937 , 0.169968 , 0.209299
0.149937 , 0.155561 , 0.173052
0.149937 , 0.1282 , 0.265213
0.149937 , 0.145031 , 0.121479
0.149937 , 0.1502 , 0.265213
0.149937 , 0.145031 , 0.265213
0.149937 , 0.145031 , 0.173052
0.149937 , 0.164016 , 0.173052
0.149937 , 0.132831 , 0.145031
0.149937 , 0.164016 , 0.173052
0.149937 , 0.164016 , 0.209299
0.149937 , 0.123691 , 0.145031
0.149937 , 0.164016 , 0.173052
0.149937 , 0.142513 , 0.265213
0.149937 , 0.1502 , 0.173052
0.149937 , 0.166958 , 0.145031
0.149937 , 0.147593 , 0.173052
0.149937 , 0.137598 , 0.145031
0.149937 , 0.164016 , 0.145031
0.149937 , 0.169968 , 0.145031
0.149937 , 0.137598 , 0.209299
0.149937 , 0.152855 , 0.265213
0.149937 , 0.179457 , 0.145031
0.149937 , 0.119294 , 0.173052
0.149937 , 0.1502 , 0.173052
