0.21547 , 0.233289 , 1
0.21547 , 0.251105 , 0.209299
0.21547 , 0.18622 , 0.209299
0.21547 , 0.238866 , 0.209299
0.21547 , 0.197164 , 0.173052
0.21547 , 0.193398 , 0.173052
0.21547 , 0.193398 , 0.173052
0.21547 , 0.223004 , 0.209299
0.21547 , 0.193398 , 0.265213
0.21547 , 0.233289 , 0.265213
0.21547 , 0.238866 , 0.265213
0.21547 , 0.244787 , 0.265213
0.21547 , 0.223004 , 1
0.21547 , 0.223004 , 0.209299
0.21547 , 0.228014 , 0.265213
0.21547 , 0.218231 , 1
0.21547 , 0.193398 , 0.265213
0.21547 , 0.238866 , 0.100657
0.21547 , 0.244787 , 0.145031
0.21547 , 0.238866 , 0.265213
0.21547 , 0.265213 , 0.173052
0.21547 , 0.193398 , 0.209299
0.21547 , 0.205101 , 0.145031
0.21547 , 0.197164 , 1
0.21547 , 0.223004 , 0.265213
0.21547 , 0.223004 , 0.265213
0.21547 , 0.238866 , 1
0.21547 , 0.223004 , 0.209299
0.21547 , 0.21367 , 1
0.21547 , 0.233289 , 0.145031
0.21547 , 0.233289 , 0.265213
0.21547 , 0.197164 , 0.265213
0.21547 , 0.201061 , 0.173052
0.21547 , 0.233289 , 0.265213
0.21547 , 0.21367 , 0.209299
0.21547 , 0.182791 , 1
0.21547 , 0.193398 , 0.173052
0.21547 , 0.233289 , 0.265213
0.21547 , 0.193398 , 0.209299
0.21547 , 0.223004 , 1
0.21547 , 0.218231 , 0.265213
0.21547 , 0.193398 , 0.265213
0.21547 , 0.21367 , 0.265213
0.21547 , 0.238866 , 0.145031
0.21547 , 0.228014 , 1
0.21547 , 0.182791 , 0.209299
0.21547 , 0.21367 , 1
0.21547 , 0.209299 , 1
0.21547 , 0.189753 , 0.209299
0.21547 , 0.209299 , 0.173052
0.21547 , 0.21367 , 1
0.21547 , 0.238866 , 0.209299
0.21547 , 0.201061 , 0.209299
0.21547 , 0.209299 , 1
0.21547 , 0.205101 , 0.265213
0.21547 , 0.238866 , 0.265213
0.21547 , 0.244787 , 0.145031
0.21547 , 0.218231 , 0.209299
0.21547 , 0.218231 , 0.265213
0.21547 , 0.21367 , 0.209299
0.21547 , 0.21367 , 0.265213
0.21547 , 0.218231 , 1
0.21547 , 0.205101 , 0.265213
0.21547 , 0.209299 , 0.173052
0.21547 , 0.251105 , 0.173052
0.21547 , 0.223004 , 0.265213
0.21547 , 0.189753 , 0.173052
0.21547 , 0.205101 , 1
0.21547 , 0.209299 , 0.209299
0.21547 , 0.228014 , 0.209299
0.21547 , 0.244787 , 0.265213
0.21547 , 0.223004 , 1
0.21547 , 0.189753 , 0.265213
0.21547 , 0.223004 , 0.209299
0.21547 , 0.228014 , 0.209299
0.21547 , 0.197164 , 0.173052
0.21547 , 0.265213 , 1
0.21547 , 0.189753 , 1
0.21547 , 0.193398 , 1
0.21547 , 0.251105 , 0.145031
0.21547 , 0.223004 , 0.265213
0.21547 , 0.244787 , 0.121479
0.21547 , 0.18622 , 0.145031
0.21547 , 0.238866 , 1
0.21547 , 0.197164 , 0.145031
0.21547 , 0.201061 , 1
0.21547 , 0.218231 , 0.145031
0.21547 , 0.18622 , 1
0.21547 , 0.193398 , 1
0.21547 , 0.218231 , 1
0.21547 , 0.223004 , 0.145031
0.21547 , 0.201061 , 0.173052
0.21547 , 0.244787 , 0.209299
0.21547 , 0.193398 , 0.173052
0.21547 , 0.223004 , 0.265213
0.21547 , 0.244787 , 0.145031
0.21547 , 0.218231 , 0.173052
0.21547 , 0.21367 , 0.209299
0.21547 , 0.233289 , 0.209299
0.21547 , 0.233289 , 0.145031
