Building DAG of jobs...
Using shell: /usr/bin/bash
Provided cores: 100
Rules claiming more threads will be scaled down.
Job stats:
job                 count
----------------  -------
all                     1
plot_k_variation        6
plot_r_variation        6
total                  13

Select jobs to execute...
Execute 12 jobs...

[Sun Apr 27 15:12:41 2025]
localrule plot_k_variation:
    input: chr6_RepeatMasker_sketch_100/varing_k/k8_r0.01.output, chr6_RepeatMasker_sketch_100/varing_k/k16_r0.01.output, chr6_RepeatMasker_sketch_100/varing_k/k32_r0.01.output, chr6_RepeatMasker_sketch_100/varing_k/k60_r0.01.output, chr6_RepeatMasker_sketch_100/varing_k/k90_r0.01.output, chr6_RepeatMasker_sketch_100/varing_k/k120_r0.01.output, chr6_RepeatMasker_sketch_100/varing_k/k150_r0.01.output, chr6_RepeatMasker_sketch_100/varing_k/k180_r0.01.output, chr6_RepeatMasker_sketch_100/varing_k/k210_r0.01.output, chr6_RepeatMasker_sketch_100/varing_k/k240_r0.01.output, chr6_RepeatMasker_sketch_100/varing_k/k270_r0.01.output, chr6_RepeatMasker_sketch_100/varing_k/k300_r0.01.output, chr6_RepeatMasker_sketch_100/varing_k/k330_r0.01.output, chr6_RepeatMasker_sketch_100/varing_k/k360_r0.01.output, chr6_RepeatMasker_sketch_100/varing_k/k390_r0.01.output, chr6_RepeatMasker_sketch_100/varing_k/k420_r0.01.output, chr6_RepeatMasker_sketch_100/varing_k/k450_r0.01.output, chr6_RepeatMasker_sketch_100/varing_k/k480_r0.01.output, chr6_RepeatMasker_sketch_100/varing_k/k510_r0.01.output, chr6_RepeatMasker_sketch_100/varing_k/k540_r0.01.output, chr6_RepeatMasker_sketch_100/varing_k/k570_r0.01.output, chr6_RepeatMasker_sketch_100/varing_k/k600_r0.01.output, chr6_RepeatMasker_sketch_100/varing_k/k630_r0.01.output, chr6_RepeatMasker_sketch_100/varing_k/k660_r0.01.output, chr6_RepeatMasker_sketch_100/varing_k/k690_r0.01.output, chr6_RepeatMasker_sketch_100/varing_k/k720_r0.01.output, chr6_RepeatMasker_sketch_100/varing_k/k750_r0.01.output, chr6_RepeatMasker_sketch_100/varing_k/k780_r0.01.output
    output: chr6_RepeatMasker_sketch_100/boxplot_triple_k_comparison_r0.01.png
    jobid: 1
    reason: Missing output files: chr6_RepeatMasker_sketch_100/boxplot_triple_k_comparison_r0.01.png
    wildcards: output_dir=chr6_RepeatMasker_sketch_100, fixed_r=0.01
    resources: tmpdir=/tmp


[Sun Apr 27 15:12:41 2025]
localrule plot_k_variation:
    input: chr21_centromere_sketch_1/varing_k/k8_r0.01.output, chr21_centromere_sketch_1/varing_k/k16_r0.01.output, chr21_centromere_sketch_1/varing_k/k32_r0.01.output, chr21_centromere_sketch_1/varing_k/k60_r0.01.output, chr21_centromere_sketch_1/varing_k/k90_r0.01.output, chr21_centromere_sketch_1/varing_k/k120_r0.01.output, chr21_centromere_sketch_1/varing_k/k150_r0.01.output, chr21_centromere_sketch_1/varing_k/k180_r0.01.output, chr21_centromere_sketch_1/varing_k/k210_r0.01.output, chr21_centromere_sketch_1/varing_k/k240_r0.01.output, chr21_centromere_sketch_1/varing_k/k270_r0.01.output, chr21_centromere_sketch_1/varing_k/k300_r0.01.output, chr21_centromere_sketch_1/varing_k/k330_r0.01.output, chr21_centromere_sketch_1/varing_k/k360_r0.01.output, chr21_centromere_sketch_1/varing_k/k390_r0.01.output, chr21_centromere_sketch_1/varing_k/k420_r0.01.output, chr21_centromere_sketch_1/varing_k/k450_r0.01.output, chr21_centromere_sketch_1/varing_k/k480_r0.01.output, chr21_centromere_sketch_1/varing_k/k510_r0.01.output, chr21_centromere_sketch_1/varing_k/k540_r0.01.output, chr21_centromere_sketch_1/varing_k/k570_r0.01.output, chr21_centromere_sketch_1/varing_k/k600_r0.01.output, chr21_centromere_sketch_1/varing_k/k630_r0.01.output, chr21_centromere_sketch_1/varing_k/k660_r0.01.output, chr21_centromere_sketch_1/varing_k/k690_r0.01.output, chr21_centromere_sketch_1/varing_k/k720_r0.01.output, chr21_centromere_sketch_1/varing_k/k750_r0.01.output, chr21_centromere_sketch_1/varing_k/k780_r0.01.output
    output: chr21_centromere_sketch_1/boxplot_triple_k_comparison_r0.01.png
    jobid: 88
    reason: Missing output files: chr21_centromere_sketch_1/boxplot_triple_k_comparison_r0.01.png
    wildcards: output_dir=chr21_centromere_sketch_1, fixed_r=0.01
    resources: tmpdir=/tmp


[Sun Apr 27 15:12:41 2025]
localrule plot_r_variation:
    input: chr6_RepeatMasker_sketch_100/varing_r/r0.001_k30.output, chr6_RepeatMasker_sketch_100/varing_r/r0.011_k30.output, chr6_RepeatMasker_sketch_100/varing_r/r0.021_k30.output, chr6_RepeatMasker_sketch_100/varing_r/r0.031_k30.output, chr6_RepeatMasker_sketch_100/varing_r/r0.041_k30.output, chr6_RepeatMasker_sketch_100/varing_r/r0.051_k30.output, chr6_RepeatMasker_sketch_100/varing_r/r0.061_k30.output, chr6_RepeatMasker_sketch_100/varing_r/r0.071_k30.output, chr6_RepeatMasker_sketch_100/varing_r/r0.081_k30.output, chr6_RepeatMasker_sketch_100/varing_r/r0.091_k30.output, chr6_RepeatMasker_sketch_100/varing_r/r0.101_k30.output, chr6_RepeatMasker_sketch_100/varing_r/r0.111_k30.output, chr6_RepeatMasker_sketch_100/varing_r/r0.121_k30.output, chr6_RepeatMasker_sketch_100/varing_r/r0.131_k30.output, chr6_RepeatMasker_sketch_100/varing_r/r0.141_k30.output, chr6_RepeatMasker_sketch_100/varing_r/r0.151_k30.output, chr6_RepeatMasker_sketch_100/varing_r/r0.161_k30.output, chr6_RepeatMasker_sketch_100/varing_r/r0.171_k30.output, chr6_RepeatMasker_sketch_100/varing_r/r0.181_k30.output, chr6_RepeatMasker_sketch_100/varing_r/r0.191_k30.output, chr6_RepeatMasker_sketch_100/varing_r/r0.201_k30.output, chr6_RepeatMasker_sketch_100/varing_r/r0.211_k30.output, chr6_RepeatMasker_sketch_100/varing_r/r0.221_k30.output, chr6_RepeatMasker_sketch_100/varing_r/r0.231_k30.output, chr6_RepeatMasker_sketch_100/varing_r/r0.241_k30.output, chr6_RepeatMasker_sketch_100/varing_r/r0.251_k30.output, chr6_RepeatMasker_sketch_100/varing_r/r0.261_k30.output, chr6_RepeatMasker_sketch_100/varing_r/r0.271_k30.output, chr6_RepeatMasker_sketch_100/varing_r/r0.281_k30.output, chr6_RepeatMasker_sketch_100/varing_r/r0.291_k30.output, chr6_RepeatMasker_sketch_100/varing_r/r0.301_k30.output
    output: chr6_RepeatMasker_sketch_100/dual_sketch_boxplot_k30.png
    jobid: 175
    reason: Missing output files: chr6_RepeatMasker_sketch_100/dual_sketch_boxplot_k30.png
    wildcards: output_dir=chr6_RepeatMasker_sketch_100, fixed_k=30
    resources: tmpdir=/tmp


[Sun Apr 27 15:12:41 2025]
localrule plot_r_variation:
    input: chrY_SimpleRepeat_sketch_1/varing_r/r0.001_k10.output, chrY_SimpleRepeat_sketch_1/varing_r/r0.011_k10.output, chrY_SimpleRepeat_sketch_1/varing_r/r0.021_k10.output, chrY_SimpleRepeat_sketch_1/varing_r/r0.031_k10.output, chrY_SimpleRepeat_sketch_1/varing_r/r0.041_k10.output, chrY_SimpleRepeat_sketch_1/varing_r/r0.051_k10.output, chrY_SimpleRepeat_sketch_1/varing_r/r0.061_k10.output, chrY_SimpleRepeat_sketch_1/varing_r/r0.071_k10.output, chrY_SimpleRepeat_sketch_1/varing_r/r0.081_k10.output, chrY_SimpleRepeat_sketch_1/varing_r/r0.091_k10.output, chrY_SimpleRepeat_sketch_1/varing_r/r0.101_k10.output, chrY_SimpleRepeat_sketch_1/varing_r/r0.111_k10.output, chrY_SimpleRepeat_sketch_1/varing_r/r0.121_k10.output, chrY_SimpleRepeat_sketch_1/varing_r/r0.131_k10.output, chrY_SimpleRepeat_sketch_1/varing_r/r0.141_k10.output, chrY_SimpleRepeat_sketch_1/varing_r/r0.151_k10.output, chrY_SimpleRepeat_sketch_1/varing_r/r0.161_k10.output, chrY_SimpleRepeat_sketch_1/varing_r/r0.171_k10.output, chrY_SimpleRepeat_sketch_1/varing_r/r0.181_k10.output, chrY_SimpleRepeat_sketch_1/varing_r/r0.191_k10.output, chrY_SimpleRepeat_sketch_1/varing_r/r0.201_k10.output, chrY_SimpleRepeat_sketch_1/varing_r/r0.211_k10.output, chrY_SimpleRepeat_sketch_1/varing_r/r0.221_k10.output, chrY_SimpleRepeat_sketch_1/varing_r/r0.231_k10.output, chrY_SimpleRepeat_sketch_1/varing_r/r0.241_k10.output, chrY_SimpleRepeat_sketch_1/varing_r/r0.251_k10.output, chrY_SimpleRepeat_sketch_1/varing_r/r0.261_k10.output, chrY_SimpleRepeat_sketch_1/varing_r/r0.271_k10.output, chrY_SimpleRepeat_sketch_1/varing_r/r0.281_k10.output, chrY_SimpleRepeat_sketch_1/varing_r/r0.291_k10.output, chrY_SimpleRepeat_sketch_1/varing_r/r0.301_k10.output
    output: chrY_SimpleRepeat_sketch_1/dual_sketch_boxplot_k10.png
    jobid: 303
    reason: Missing output files: chrY_SimpleRepeat_sketch_1/dual_sketch_boxplot_k10.png
    wildcards: output_dir=chrY_SimpleRepeat_sketch_1, fixed_k=10
    resources: tmpdir=/tmp


[Sun Apr 27 15:12:41 2025]
localrule plot_r_variation:
    input: chr21_centromere_sketch_100/varing_r/r0.001_k30.output, chr21_centromere_sketch_100/varing_r/r0.011_k30.output, chr21_centromere_sketch_100/varing_r/r0.021_k30.output, chr21_centromere_sketch_100/varing_r/r0.031_k30.output, chr21_centromere_sketch_100/varing_r/r0.041_k30.output, chr21_centromere_sketch_100/varing_r/r0.051_k30.output, chr21_centromere_sketch_100/varing_r/r0.061_k30.output, chr21_centromere_sketch_100/varing_r/r0.071_k30.output, chr21_centromere_sketch_100/varing_r/r0.081_k30.output, chr21_centromere_sketch_100/varing_r/r0.091_k30.output, chr21_centromere_sketch_100/varing_r/r0.101_k30.output, chr21_centromere_sketch_100/varing_r/r0.111_k30.output, chr21_centromere_sketch_100/varing_r/r0.121_k30.output, chr21_centromere_sketch_100/varing_r/r0.131_k30.output, chr21_centromere_sketch_100/varing_r/r0.141_k30.output, chr21_centromere_sketch_100/varing_r/r0.151_k30.output, chr21_centromere_sketch_100/varing_r/r0.161_k30.output, chr21_centromere_sketch_100/varing_r/r0.171_k30.output, chr21_centromere_sketch_100/varing_r/r0.181_k30.output, chr21_centromere_sketch_100/varing_r/r0.191_k30.output, chr21_centromere_sketch_100/varing_r/r0.201_k30.output, chr21_centromere_sketch_100/varing_r/r0.211_k30.output, chr21_centromere_sketch_100/varing_r/r0.221_k30.output, chr21_centromere_sketch_100/varing_r/r0.231_k30.output, chr21_centromere_sketch_100/varing_r/r0.241_k30.output, chr21_centromere_sketch_100/varing_r/r0.251_k30.output, chr21_centromere_sketch_100/varing_r/r0.261_k30.output, chr21_centromere_sketch_100/varing_r/r0.271_k30.output, chr21_centromere_sketch_100/varing_r/r0.281_k30.output, chr21_centromere_sketch_100/varing_r/r0.291_k30.output, chr21_centromere_sketch_100/varing_r/r0.301_k30.output
    output: chr21_centromere_sketch_100/dual_sketch_boxplot_k30.png
    jobid: 207
    reason: Missing output files: chr21_centromere_sketch_100/dual_sketch_boxplot_k30.png
    wildcards: output_dir=chr21_centromere_sketch_100, fixed_k=30
    resources: tmpdir=/tmp


[Sun Apr 27 15:12:41 2025]
localrule plot_k_variation:
    input: chr6_RepeatMasker_sketch_1/varing_k/k8_r0.01.output, chr6_RepeatMasker_sketch_1/varing_k/k16_r0.01.output, chr6_RepeatMasker_sketch_1/varing_k/k32_r0.01.output, chr6_RepeatMasker_sketch_1/varing_k/k60_r0.01.output, chr6_RepeatMasker_sketch_1/varing_k/k90_r0.01.output, chr6_RepeatMasker_sketch_1/varing_k/k120_r0.01.output, chr6_RepeatMasker_sketch_1/varing_k/k150_r0.01.output, chr6_RepeatMasker_sketch_1/varing_k/k180_r0.01.output, chr6_RepeatMasker_sketch_1/varing_k/k210_r0.01.output, chr6_RepeatMasker_sketch_1/varing_k/k240_r0.01.output, chr6_RepeatMasker_sketch_1/varing_k/k270_r0.01.output, chr6_RepeatMasker_sketch_1/varing_k/k300_r0.01.output, chr6_RepeatMasker_sketch_1/varing_k/k330_r0.01.output, chr6_RepeatMasker_sketch_1/varing_k/k360_r0.01.output, chr6_RepeatMasker_sketch_1/varing_k/k390_r0.01.output, chr6_RepeatMasker_sketch_1/varing_k/k420_r0.01.output, chr6_RepeatMasker_sketch_1/varing_k/k450_r0.01.output, chr6_RepeatMasker_sketch_1/varing_k/k480_r0.01.output, chr6_RepeatMasker_sketch_1/varing_k/k510_r0.01.output, chr6_RepeatMasker_sketch_1/varing_k/k540_r0.01.output, chr6_RepeatMasker_sketch_1/varing_k/k570_r0.01.output, chr6_RepeatMasker_sketch_1/varing_k/k600_r0.01.output, chr6_RepeatMasker_sketch_1/varing_k/k630_r0.01.output, chr6_RepeatMasker_sketch_1/varing_k/k660_r0.01.output, chr6_RepeatMasker_sketch_1/varing_k/k690_r0.01.output, chr6_RepeatMasker_sketch_1/varing_k/k720_r0.01.output, chr6_RepeatMasker_sketch_1/varing_k/k750_r0.01.output, chr6_RepeatMasker_sketch_1/varing_k/k780_r0.01.output
    output: chr6_RepeatMasker_sketch_1/boxplot_triple_k_comparison_r0.01.png
    jobid: 59
    reason: Missing output files: chr6_RepeatMasker_sketch_1/boxplot_triple_k_comparison_r0.01.png
    wildcards: output_dir=chr6_RepeatMasker_sketch_1, fixed_r=0.01
    resources: tmpdir=/tmp


[Sun Apr 27 15:12:41 2025]
localrule plot_k_variation:
    input: chrY_SimpleRepeat_sketch_100/varing_k/k8_r0.01.output, chrY_SimpleRepeat_sketch_100/varing_k/k16_r0.01.output, chrY_SimpleRepeat_sketch_100/varing_k/k32_r0.01.output, chrY_SimpleRepeat_sketch_100/varing_k/k60_r0.01.output, chrY_SimpleRepeat_sketch_100/varing_k/k90_r0.01.output, chrY_SimpleRepeat_sketch_100/varing_k/k120_r0.01.output, chrY_SimpleRepeat_sketch_100/varing_k/k150_r0.01.output, chrY_SimpleRepeat_sketch_100/varing_k/k180_r0.01.output, chrY_SimpleRepeat_sketch_100/varing_k/k210_r0.01.output, chrY_SimpleRepeat_sketch_100/varing_k/k240_r0.01.output, chrY_SimpleRepeat_sketch_100/varing_k/k270_r0.01.output, chrY_SimpleRepeat_sketch_100/varing_k/k300_r0.01.output, chrY_SimpleRepeat_sketch_100/varing_k/k330_r0.01.output, chrY_SimpleRepeat_sketch_100/varing_k/k360_r0.01.output, chrY_SimpleRepeat_sketch_100/varing_k/k390_r0.01.output, chrY_SimpleRepeat_sketch_100/varing_k/k420_r0.01.output, chrY_SimpleRepeat_sketch_100/varing_k/k450_r0.01.output, chrY_SimpleRepeat_sketch_100/varing_k/k480_r0.01.output, chrY_SimpleRepeat_sketch_100/varing_k/k510_r0.01.output, chrY_SimpleRepeat_sketch_100/varing_k/k540_r0.01.output, chrY_SimpleRepeat_sketch_100/varing_k/k570_r0.01.output, chrY_SimpleRepeat_sketch_100/varing_k/k600_r0.01.output, chrY_SimpleRepeat_sketch_100/varing_k/k630_r0.01.output, chrY_SimpleRepeat_sketch_100/varing_k/k660_r0.01.output, chrY_SimpleRepeat_sketch_100/varing_k/k690_r0.01.output, chrY_SimpleRepeat_sketch_100/varing_k/k720_r0.01.output, chrY_SimpleRepeat_sketch_100/varing_k/k750_r0.01.output, chrY_SimpleRepeat_sketch_100/varing_k/k780_r0.01.output
    output: chrY_SimpleRepeat_sketch_100/boxplot_triple_k_comparison_r0.01.png
    jobid: 146
    reason: Missing output files: chrY_SimpleRepeat_sketch_100/boxplot_triple_k_comparison_r0.01.png
    wildcards: output_dir=chrY_SimpleRepeat_sketch_100, fixed_r=0.01
    resources: tmpdir=/tmp


[Sun Apr 27 15:12:41 2025]
localrule plot_r_variation:
    input: chrY_SimpleRepeat_sketch_100/varing_r/r0.001_k10.output, chrY_SimpleRepeat_sketch_100/varing_r/r0.011_k10.output, chrY_SimpleRepeat_sketch_100/varing_r/r0.021_k10.output, chrY_SimpleRepeat_sketch_100/varing_r/r0.031_k10.output, chrY_SimpleRepeat_sketch_100/varing_r/r0.041_k10.output, chrY_SimpleRepeat_sketch_100/varing_r/r0.051_k10.output, chrY_SimpleRepeat_sketch_100/varing_r/r0.061_k10.output, chrY_SimpleRepeat_sketch_100/varing_r/r0.071_k10.output, chrY_SimpleRepeat_sketch_100/varing_r/r0.081_k10.output, chrY_SimpleRepeat_sketch_100/varing_r/r0.091_k10.output, chrY_SimpleRepeat_sketch_100/varing_r/r0.101_k10.output, chrY_SimpleRepeat_sketch_100/varing_r/r0.111_k10.output, chrY_SimpleRepeat_sketch_100/varing_r/r0.121_k10.output, chrY_SimpleRepeat_sketch_100/varing_r/r0.131_k10.output, chrY_SimpleRepeat_sketch_100/varing_r/r0.141_k10.output, chrY_SimpleRepeat_sketch_100/varing_r/r0.151_k10.output, chrY_SimpleRepeat_sketch_100/varing_r/r0.161_k10.output, chrY_SimpleRepeat_sketch_100/varing_r/r0.171_k10.output, chrY_SimpleRepeat_sketch_100/varing_r/r0.181_k10.output, chrY_SimpleRepeat_sketch_100/varing_r/r0.191_k10.output, chrY_SimpleRepeat_sketch_100/varing_r/r0.201_k10.output, chrY_SimpleRepeat_sketch_100/varing_r/r0.211_k10.output, chrY_SimpleRepeat_sketch_100/varing_r/r0.221_k10.output, chrY_SimpleRepeat_sketch_100/varing_r/r0.231_k10.output, chrY_SimpleRepeat_sketch_100/varing_r/r0.241_k10.output, chrY_SimpleRepeat_sketch_100/varing_r/r0.251_k10.output, chrY_SimpleRepeat_sketch_100/varing_r/r0.261_k10.output, chrY_SimpleRepeat_sketch_100/varing_r/r0.271_k10.output, chrY_SimpleRepeat_sketch_100/varing_r/r0.281_k10.output, chrY_SimpleRepeat_sketch_100/varing_r/r0.291_k10.output, chrY_SimpleRepeat_sketch_100/varing_r/r0.301_k10.output
    output: chrY_SimpleRepeat_sketch_100/dual_sketch_boxplot_k10.png
    jobid: 335
    reason: Missing output files: chrY_SimpleRepeat_sketch_100/dual_sketch_boxplot_k10.png
    wildcards: output_dir=chrY_SimpleRepeat_sketch_100, fixed_k=10
    resources: tmpdir=/tmp


[Sun Apr 27 15:12:41 2025]
localrule plot_r_variation:
    input: chr6_RepeatMasker_sketch_1/varing_r/r0.001_k30.output, chr6_RepeatMasker_sketch_1/varing_r/r0.011_k30.output, chr6_RepeatMasker_sketch_1/varing_r/r0.021_k30.output, chr6_RepeatMasker_sketch_1/varing_r/r0.031_k30.output, chr6_RepeatMasker_sketch_1/varing_r/r0.041_k30.output, chr6_RepeatMasker_sketch_1/varing_r/r0.051_k30.output, chr6_RepeatMasker_sketch_1/varing_r/r0.061_k30.output, chr6_RepeatMasker_sketch_1/varing_r/r0.071_k30.output, chr6_RepeatMasker_sketch_1/varing_r/r0.081_k30.output, chr6_RepeatMasker_sketch_1/varing_r/r0.091_k30.output, chr6_RepeatMasker_sketch_1/varing_r/r0.101_k30.output, chr6_RepeatMasker_sketch_1/varing_r/r0.111_k30.output, chr6_RepeatMasker_sketch_1/varing_r/r0.121_k30.output, chr6_RepeatMasker_sketch_1/varing_r/r0.131_k30.output, chr6_RepeatMasker_sketch_1/varing_r/r0.141_k30.output, chr6_RepeatMasker_sketch_1/varing_r/r0.151_k30.output, chr6_RepeatMasker_sketch_1/varing_r/r0.161_k30.output, chr6_RepeatMasker_sketch_1/varing_r/r0.171_k30.output, chr6_RepeatMasker_sketch_1/varing_r/r0.181_k30.output, chr6_RepeatMasker_sketch_1/varing_r/r0.191_k30.output, chr6_RepeatMasker_sketch_1/varing_r/r0.201_k30.output, chr6_RepeatMasker_sketch_1/varing_r/r0.211_k30.output, chr6_RepeatMasker_sketch_1/varing_r/r0.221_k30.output, chr6_RepeatMasker_sketch_1/varing_r/r0.231_k30.output, chr6_RepeatMasker_sketch_1/varing_r/r0.241_k30.output, chr6_RepeatMasker_sketch_1/varing_r/r0.251_k30.output, chr6_RepeatMasker_sketch_1/varing_r/r0.261_k30.output, chr6_RepeatMasker_sketch_1/varing_r/r0.271_k30.output, chr6_RepeatMasker_sketch_1/varing_r/r0.281_k30.output, chr6_RepeatMasker_sketch_1/varing_r/r0.291_k30.output, chr6_RepeatMasker_sketch_1/varing_r/r0.301_k30.output
    output: chr6_RepeatMasker_sketch_1/dual_sketch_boxplot_k30.png
    jobid: 239
    reason: Missing output files: chr6_RepeatMasker_sketch_1/dual_sketch_boxplot_k30.png
    wildcards: output_dir=chr6_RepeatMasker_sketch_1, fixed_k=30
    resources: tmpdir=/tmp


[Sun Apr 27 15:12:41 2025]
localrule plot_k_variation:
    input: chr21_centromere_sketch_100/varing_k/k8_r0.01.output, chr21_centromere_sketch_100/varing_k/k16_r0.01.output, chr21_centromere_sketch_100/varing_k/k32_r0.01.output, chr21_centromere_sketch_100/varing_k/k60_r0.01.output, chr21_centromere_sketch_100/varing_k/k90_r0.01.output, chr21_centromere_sketch_100/varing_k/k120_r0.01.output, chr21_centromere_sketch_100/varing_k/k150_r0.01.output, chr21_centromere_sketch_100/varing_k/k180_r0.01.output, chr21_centromere_sketch_100/varing_k/k210_r0.01.output, chr21_centromere_sketch_100/varing_k/k240_r0.01.output, chr21_centromere_sketch_100/varing_k/k270_r0.01.output, chr21_centromere_sketch_100/varing_k/k300_r0.01.output, chr21_centromere_sketch_100/varing_k/k330_r0.01.output, chr21_centromere_sketch_100/varing_k/k360_r0.01.output, chr21_centromere_sketch_100/varing_k/k390_r0.01.output, chr21_centromere_sketch_100/varing_k/k420_r0.01.output, chr21_centromere_sketch_100/varing_k/k450_r0.01.output, chr21_centromere_sketch_100/varing_k/k480_r0.01.output, chr21_centromere_sketch_100/varing_k/k510_r0.01.output, chr21_centromere_sketch_100/varing_k/k540_r0.01.output, chr21_centromere_sketch_100/varing_k/k570_r0.01.output, chr21_centromere_sketch_100/varing_k/k600_r0.01.output, chr21_centromere_sketch_100/varing_k/k630_r0.01.output, chr21_centromere_sketch_100/varing_k/k660_r0.01.output, chr21_centromere_sketch_100/varing_k/k690_r0.01.output, chr21_centromere_sketch_100/varing_k/k720_r0.01.output, chr21_centromere_sketch_100/varing_k/k750_r0.01.output, chr21_centromere_sketch_100/varing_k/k780_r0.01.output
    output: chr21_centromere_sketch_100/boxplot_triple_k_comparison_r0.01.png
    jobid: 30
    reason: Missing output files: chr21_centromere_sketch_100/boxplot_triple_k_comparison_r0.01.png
    wildcards: output_dir=chr21_centromere_sketch_100, fixed_r=0.01
    resources: tmpdir=/tmp


[Sun Apr 27 15:12:41 2025]
localrule plot_k_variation:
    input: chrY_SimpleRepeat_sketch_1/varing_k/k8_r0.01.output, chrY_SimpleRepeat_sketch_1/varing_k/k16_r0.01.output, chrY_SimpleRepeat_sketch_1/varing_k/k32_r0.01.output, chrY_SimpleRepeat_sketch_1/varing_k/k60_r0.01.output, chrY_SimpleRepeat_sketch_1/varing_k/k90_r0.01.output, chrY_SimpleRepeat_sketch_1/varing_k/k120_r0.01.output, chrY_SimpleRepeat_sketch_1/varing_k/k150_r0.01.output, chrY_SimpleRepeat_sketch_1/varing_k/k180_r0.01.output, chrY_SimpleRepeat_sketch_1/varing_k/k210_r0.01.output, chrY_SimpleRepeat_sketch_1/varing_k/k240_r0.01.output, chrY_SimpleRepeat_sketch_1/varing_k/k270_r0.01.output, chrY_SimpleRepeat_sketch_1/varing_k/k300_r0.01.output, chrY_SimpleRepeat_sketch_1/varing_k/k330_r0.01.output, chrY_SimpleRepeat_sketch_1/varing_k/k360_r0.01.output, chrY_SimpleRepeat_sketch_1/varing_k/k390_r0.01.output, chrY_SimpleRepeat_sketch_1/varing_k/k420_r0.01.output, chrY_SimpleRepeat_sketch_1/varing_k/k450_r0.01.output, chrY_SimpleRepeat_sketch_1/varing_k/k480_r0.01.output, chrY_SimpleRepeat_sketch_1/varing_k/k510_r0.01.output, chrY_SimpleRepeat_sketch_1/varing_k/k540_r0.01.output, chrY_SimpleRepeat_sketch_1/varing_k/k570_r0.01.output, chrY_SimpleRepeat_sketch_1/varing_k/k600_r0.01.output, chrY_SimpleRepeat_sketch_1/varing_k/k630_r0.01.output, chrY_SimpleRepeat_sketch_1/varing_k/k660_r0.01.output, chrY_SimpleRepeat_sketch_1/varing_k/k690_r0.01.output, chrY_SimpleRepeat_sketch_1/varing_k/k720_r0.01.output, chrY_SimpleRepeat_sketch_1/varing_k/k750_r0.01.output, chrY_SimpleRepeat_sketch_1/varing_k/k780_r0.01.output
    output: chrY_SimpleRepeat_sketch_1/boxplot_triple_k_comparison_r0.01.png
    jobid: 117
    reason: Missing output files: chrY_SimpleRepeat_sketch_1/boxplot_triple_k_comparison_r0.01.png
    wildcards: output_dir=chrY_SimpleRepeat_sketch_1, fixed_r=0.01
    resources: tmpdir=/tmp


[Sun Apr 27 15:12:41 2025]
localrule plot_r_variation:
    input: chr21_centromere_sketch_1/varing_r/r0.001_k30.output, chr21_centromere_sketch_1/varing_r/r0.011_k30.output, chr21_centromere_sketch_1/varing_r/r0.021_k30.output, chr21_centromere_sketch_1/varing_r/r0.031_k30.output, chr21_centromere_sketch_1/varing_r/r0.041_k30.output, chr21_centromere_sketch_1/varing_r/r0.051_k30.output, chr21_centromere_sketch_1/varing_r/r0.061_k30.output, chr21_centromere_sketch_1/varing_r/r0.071_k30.output, chr21_centromere_sketch_1/varing_r/r0.081_k30.output, chr21_centromere_sketch_1/varing_r/r0.091_k30.output, chr21_centromere_sketch_1/varing_r/r0.101_k30.output, chr21_centromere_sketch_1/varing_r/r0.111_k30.output, chr21_centromere_sketch_1/varing_r/r0.121_k30.output, chr21_centromere_sketch_1/varing_r/r0.131_k30.output, chr21_centromere_sketch_1/varing_r/r0.141_k30.output, chr21_centromere_sketch_1/varing_r/r0.151_k30.output, chr21_centromere_sketch_1/varing_r/r0.161_k30.output, chr21_centromere_sketch_1/varing_r/r0.171_k30.output, chr21_centromere_sketch_1/varing_r/r0.181_k30.output, chr21_centromere_sketch_1/varing_r/r0.191_k30.output, chr21_centromere_sketch_1/varing_r/r0.201_k30.output, chr21_centromere_sketch_1/varing_r/r0.211_k30.output, chr21_centromere_sketch_1/varing_r/r0.221_k30.output, chr21_centromere_sketch_1/varing_r/r0.231_k30.output, chr21_centromere_sketch_1/varing_r/r0.241_k30.output, chr21_centromere_sketch_1/varing_r/r0.251_k30.output, chr21_centromere_sketch_1/varing_r/r0.261_k30.output, chr21_centromere_sketch_1/varing_r/r0.271_k30.output, chr21_centromere_sketch_1/varing_r/r0.281_k30.output, chr21_centromere_sketch_1/varing_r/r0.291_k30.output, chr21_centromere_sketch_1/varing_r/r0.301_k30.output
    output: chr21_centromere_sketch_1/dual_sketch_boxplot_k30.png
    jobid: 271
    reason: Missing output files: chr21_centromere_sketch_1/dual_sketch_boxplot_k30.png
    wildcards: output_dir=chr21_centromere_sketch_1, fixed_k=30
    resources: tmpdir=/tmp

[Sun Apr 27 15:12:46 2025]
Finished job 59.
1 of 13 steps (8%) done
[Sun Apr 27 15:12:46 2025]
Finished job 117.
2 of 13 steps (15%) done
[Sun Apr 27 15:12:46 2025]
Finished job 88.
3 of 13 steps (23%) done
[Sun Apr 27 15:12:48 2025]
Finished job 303.
4 of 13 steps (31%) done
[Sun Apr 27 15:12:48 2025]
Finished job 271.
5 of 13 steps (38%) done
[Sun Apr 27 15:12:48 2025]
Finished job 239.
6 of 13 steps (46%) done
[Sun Apr 27 15:13:02 2025]
Finished job 1.
7 of 13 steps (54%) done
[Sun Apr 27 15:13:02 2025]
Finished job 146.
8 of 13 steps (62%) done
[Sun Apr 27 15:13:03 2025]
Finished job 30.
9 of 13 steps (69%) done
[Sun Apr 27 15:13:38 2025]
Finished job 175.
10 of 13 steps (77%) done
[Sun Apr 27 15:13:39 2025]
Finished job 207.
11 of 13 steps (85%) done
[Sun Apr 27 15:13:42 2025]
Finished job 335.
12 of 13 steps (92%) done
Select jobs to execute...
Execute 1 jobs...

[Sun Apr 27 15:13:42 2025]
localrule all:
    input: chr6_RepeatMasker_sketch_100/boxplot_triple_k_comparison_r0.01.png, chr21_centromere_sketch_100/boxplot_triple_k_comparison_r0.01.png, chr6_RepeatMasker_sketch_1/boxplot_triple_k_comparison_r0.01.png, chr21_centromere_sketch_1/boxplot_triple_k_comparison_r0.01.png, chrY_SimpleRepeat_sketch_1/boxplot_triple_k_comparison_r0.01.png, chrY_SimpleRepeat_sketch_100/boxplot_triple_k_comparison_r0.01.png, chr6_RepeatMasker_sketch_100/dual_sketch_boxplot_k30.png, chr21_centromere_sketch_100/dual_sketch_boxplot_k30.png, chr6_RepeatMasker_sketch_1/dual_sketch_boxplot_k30.png, chr21_centromere_sketch_1/dual_sketch_boxplot_k30.png, chrY_SimpleRepeat_sketch_1/dual_sketch_boxplot_k10.png, chrY_SimpleRepeat_sketch_100/dual_sketch_boxplot_k10.png
    jobid: 0
    reason: Input files updated by another job: chr21_centromere_sketch_1/dual_sketch_boxplot_k30.png, chr6_RepeatMasker_sketch_100/dual_sketch_boxplot_k30.png, chrY_SimpleRepeat_sketch_1/dual_sketch_boxplot_k10.png, chr6_RepeatMasker_sketch_1/boxplot_triple_k_comparison_r0.01.png, chrY_SimpleRepeat_sketch_100/dual_sketch_boxplot_k10.png, chrY_SimpleRepeat_sketch_100/boxplot_triple_k_comparison_r0.01.png, chr21_centromere_sketch_100/boxplot_triple_k_comparison_r0.01.png, chrY_SimpleRepeat_sketch_1/boxplot_triple_k_comparison_r0.01.png, chr6_RepeatMasker_sketch_100/boxplot_triple_k_comparison_r0.01.png, chr21_centromere_sketch_100/dual_sketch_boxplot_k30.png, chr6_RepeatMasker_sketch_1/dual_sketch_boxplot_k30.png, chr21_centromere_sketch_1/boxplot_triple_k_comparison_r0.01.png
    resources: tmpdir=/tmp

[Sun Apr 27 15:13:42 2025]
Finished job 0.
13 of 13 steps (100%) done
Complete log: .snakemake/log/2025-04-27T151240.604598.snakemake.log
