Building DAG of jobs...
IncompleteFilesException:
The files below seem to be incomplete. If you are sure that certain files are not incomplete, mark them as complete with

    snakemake --cleanup-metadata <filenames>

To re-generate the files rerun your command with the --rerun-incomplete flag.
Incomplete files:
results/r0.001_k20_t0.output
results/r0.001_k20_t1.output
results/r0.001_k30_t0.output
results/r0.001_k30_t1.output
results/r0.001_k40_t0.output
results/r0.001_k40_t1.output
results/r0.001_k50_t0.output
results/r0.001_k50_t1.output
results/r0.001_k60_t0.output
results/r0.001_k60_t1.output
results/r0.01_k20_t0.output
results/r0.01_k20_t1.output
results/r0.01_k30_t0.output
results/r0.01_k30_t1.output
results/r0.01_k40_t0.output
results/r0.01_k40_t1.output
results/r0.01_k50_t0.output
results/r0.01_k50_t1.output
results/r0.01_k60_t0.output
results/r0.01_k60_t1.output
results/r0.05_k20_t0.output
results/r0.05_k20_t1.output
results/r0.05_k30_t0.output
results/r0.05_k30_t1.output
results/r0.05_k40_t0.output
results/r0.05_k40_t1.output
results/r0.05_k50_t0.output
results/r0.05_k50_t1.output
results/r0.05_k60_t0.output
results/r0.05_k60_t1.output
results/r0.2_k20_t0.output
results/r0.2_k20_t1.output
results/r0.2_k30_t0.output
results/r0.2_k30_t1.output
results/r0.2_k40_t0.output
results/r0.2_k40_t1.output
results/r0.2_k50_t0.output
results/r0.2_k50_t1.output
results/r0.2_k60_t0.output
results/r0.2_k60_t1.output
