Building DAG of jobs...
Using shell: /bin/bash
Provided cores: 100
Rules claiming more threads will be scaled down.
Job stats:
job                count
---------------  -------
all                    1
run_cpp_program       40
total                 41

Select jobs to execute...
Execute 40 jobs...

[Thu Jan 23 21:41:46 2025]
localrule run_cpp_program:
    output: results/r0.001_k4_t1.output
    jobid: 4
    reason: Missing output files: results/r0.001_k4_t1.output
    wildcards: r=0.001, k=4_t1
    resources: tmpdir=/tmp


[Thu Jan 23 21:41:46 2025]
localrule run_cpp_program:
    output: results/r0.05_k4_t1.output
    jobid: 24
    reason: Missing output files: results/r0.05_k4_t1.output
    wildcards: r=0.05, k=4_t1
    resources: tmpdir=/tmp


[Thu Jan 23 21:41:46 2025]
localrule run_cpp_program:
    output: results/r0.01_k32_t0.output
    jobid: 19
    reason: Missing output files: results/r0.01_k32_t0.output
    wildcards: r=0.01, k=32_t0
    resources: tmpdir=/tmp


[Thu Jan 23 21:41:46 2025]
localrule run_cpp_program:
    output: results/r0.001_k32_t0.output
    jobid: 9
    reason: Missing output files: results/r0.001_k32_t0.output
    wildcards: r=0.001, k=32_t0
    resources: tmpdir=/tmp


[Thu Jan 23 21:41:46 2025]
localrule run_cpp_program:
    output: results/r0.01_k4_t1.output
    jobid: 14
    reason: Missing output files: results/r0.01_k4_t1.output
    wildcards: r=0.01, k=4_t1
    resources: tmpdir=/tmp


[Thu Jan 23 21:41:46 2025]
localrule run_cpp_program:
    output: results/r0.05_k32_t0.output
    jobid: 29
    reason: Missing output files: results/r0.05_k32_t0.output
    wildcards: r=0.05, k=32_t0
    resources: tmpdir=/tmp


[Thu Jan 23 21:41:46 2025]
localrule run_cpp_program:
    output: results/r0.2_k4_t1.output
    jobid: 34
    reason: Missing output files: results/r0.2_k4_t1.output
    wildcards: r=0.2, k=4_t1
    resources: tmpdir=/tmp


[Thu Jan 23 21:41:46 2025]
localrule run_cpp_program:
    output: results/r0.2_k32_t0.output
    jobid: 39
    reason: Missing output files: results/r0.2_k32_t0.output
    wildcards: r=0.2, k=32_t0
    resources: tmpdir=/tmp


[Thu Jan 23 21:41:46 2025]
localrule run_cpp_program:
    output: results/r0.001_k4_t0.output
    jobid: 3
    reason: Missing output files: results/r0.001_k4_t0.output
    wildcards: r=0.001, k=4_t0
    resources: tmpdir=/tmp


[Thu Jan 23 21:41:46 2025]
localrule run_cpp_program:
    output: results/r0.01_k4_t0.output
    jobid: 13
    reason: Missing output files: results/r0.01_k4_t0.output
    wildcards: r=0.01, k=4_t0
    resources: tmpdir=/tmp


[Thu Jan 23 21:41:46 2025]
localrule run_cpp_program:
    output: results/r0.001_k16_t1.output
    jobid: 8
    reason: Missing output files: results/r0.001_k16_t1.output
    wildcards: r=0.001, k=16_t1
    resources: tmpdir=/tmp


[Thu Jan 23 21:41:46 2025]
localrule run_cpp_program:
    output: results/r0.01_k16_t1.output
    jobid: 18
    reason: Missing output files: results/r0.01_k16_t1.output
    wildcards: r=0.01, k=16_t1
    resources: tmpdir=/tmp


[Thu Jan 23 21:41:46 2025]
localrule run_cpp_program:
    output: results/r0.05_k4_t0.output
    jobid: 23
    reason: Missing output files: results/r0.05_k4_t0.output
    wildcards: r=0.05, k=4_t0
    resources: tmpdir=/tmp


[Thu Jan 23 21:41:46 2025]
localrule run_cpp_program:
    output: results/r0.05_k16_t1.output
    jobid: 28
    reason: Missing output files: results/r0.05_k16_t1.output
    wildcards: r=0.05, k=16_t1
    resources: tmpdir=/tmp


[Thu Jan 23 21:41:46 2025]
localrule run_cpp_program:
    output: results/r0.2_k4_t0.output
    jobid: 33
    reason: Missing output files: results/r0.2_k4_t0.output
    wildcards: r=0.2, k=4_t0
    resources: tmpdir=/tmp


[Thu Jan 23 21:41:46 2025]
localrule run_cpp_program:
    output: results/r0.2_k16_t1.output
    jobid: 38
    reason: Missing output files: results/r0.2_k16_t1.output
    wildcards: r=0.2, k=16_t1
    resources: tmpdir=/tmp


[Thu Jan 23 21:41:46 2025]
localrule run_cpp_program:
    output: results/r0.001_k2_t1.output
    jobid: 2
    reason: Missing output files: results/r0.001_k2_t1.output
    wildcards: r=0.001, k=2_t1
    resources: tmpdir=/tmp


[Thu Jan 23 21:41:46 2025]
localrule run_cpp_program:
    output: results/r0.01_k2_t1.output
    jobid: 12
    reason: Missing output files: results/r0.01_k2_t1.output
    wildcards: r=0.01, k=2_t1
    resources: tmpdir=/tmp


[Thu Jan 23 21:41:46 2025]
localrule run_cpp_program:
    output: results/r0.001_k16_t0.output
    jobid: 7
    reason: Missing output files: results/r0.001_k16_t0.output
    wildcards: r=0.001, k=16_t0
    resources: tmpdir=/tmp


[Thu Jan 23 21:41:46 2025]
localrule run_cpp_program:
    output: results/r0.01_k16_t0.output
    jobid: 17
    reason: Missing output files: results/r0.01_k16_t0.output
    wildcards: r=0.01, k=16_t0
    resources: tmpdir=/tmp


[Thu Jan 23 21:41:46 2025]
localrule run_cpp_program:
    output: results/r0.05_k2_t1.output
    jobid: 22
    reason: Missing output files: results/r0.05_k2_t1.output
    wildcards: r=0.05, k=2_t1
    resources: tmpdir=/tmp


[Thu Jan 23 21:41:46 2025]
localrule run_cpp_program:
    output: results/r0.05_k16_t0.output
    jobid: 27
    reason: Missing output files: results/r0.05_k16_t0.output
    wildcards: r=0.05, k=16_t0
    resources: tmpdir=/tmp

[Thu Jan 23 21:41:46 2025]
Error in rule run_cpp_program:
    jobid: 23
    output: results/r0.05_k4_t0.output
    shell:
        
        ./Simulation -t 0.05 -l 100 -s 10962854 -k 4_t0 -e 1e-10 -c 30 -r 0.05 > results/r0.05_k4_t0.output
        
        (one of the commands exited with non-zero exit code; note that snakemake uses bash strict mode!)

[Thu Jan 23 21:41:46 2025]
[Thu Jan 23 21:41:46 2025]
[Thu Jan 23 21:41:46 2025]
Error in rule run_cpp_program:
    jobid: 12
    output: results/r0.01_k2_t1.output
    shell:
        
        ./Simulation -t 0.01 -l 100 -s 10962854 -k 2_t1 -e 1e-10 -c 30 -r 0.01 > results/r0.01_k2_t1.output
        
        (one of the commands exited with non-zero exit code; note that snakemake uses bash strict mode!)

[Thu Jan 23 21:41:46 2025]
[Thu Jan 23 21:41:46 2025]
Error in rule run_cpp_program:
    jobid: 8
    output: results/r0.001_k16_t1.output
    shell:
        
        ./Simulation -t 0.001 -l 100 -s 10962854 -k 16_t1 -e 1e-10 -c 30 -r 0.001 > results/r0.001_k16_t1.output
        
        (one of the commands exited with non-zero exit code; note that snakemake uses bash strict mode!)

[Thu Jan 23 21:41:46 2025]
[Thu Jan 23 21:41:46 2025]
Error in rule run_cpp_program:
    jobid: 28
    output: results/r0.05_k16_t1.output
    shell:
        
        ./Simulation -t 0.05 -l 100 -s 10962854 -k 16_t1 -e 1e-10 -c 30 -r 0.05 > results/r0.05_k16_t1.output
        
        (one of the commands exited with non-zero exit code; note that snakemake uses bash strict mode!)

Error in rule run_cpp_program:
    jobid: 38
    output: results/r0.2_k16_t1.output
    shell:
        
        ./Simulation -t 0.2 -l 100 -s 10962854 -k 16_t1 -e 1e-10 -c 30 -r 0.2 > results/r0.2_k16_t1.output
        
        (one of the commands exited with non-zero exit code; note that snakemake uses bash strict mode!)


Error in rule run_cpp_program:
    jobid: 2
    output: results/r0.001_k2_t1.output
    shell:
        
        ./Simulation -t 0.001 -l 100 -s 10962854 -k 2_t1 -e 1e-10 -c 30 -r 0.001 > results/r0.001_k2_t1.output
        
        (one of the commands exited with non-zero exit code; note that snakemake uses bash strict mode!)

[Thu Jan 23 21:41:46 2025]
Error in rule run_cpp_program:
    jobid: 18
    output: results/r0.01_k16_t1.output
    shell:
        
        ./Simulation -t 0.01 -l 100 -s 10962854 -k 16_t1 -e 1e-10 -c 30 -r 0.01 > results/r0.01_k16_t1.output
        
        (one of the commands exited with non-zero exit code; note that snakemake uses bash strict mode!)

Error in rule run_cpp_program:
    jobid: 33
    output: results/r0.2_k4_t0.output
    shell:
        
        ./Simulation -t 0.2 -l 100 -s 10962854 -k 4_t0 -e 1e-10 -c 30 -r 0.2 > results/r0.2_k4_t0.output
        
        (one of the commands exited with non-zero exit code; note that snakemake uses bash strict mode!)

[Thu Jan 23 21:41:46 2025]
[Thu Jan 23 21:41:46 2025]
Error in rule run_cpp_program:
    jobid: 17
    output: results/r0.01_k16_t0.output
    shell:
        
        ./Simulation -t 0.01 -l 100 -s 10962854 -k 16_t0 -e 1e-10 -c 30 -r 0.01 > results/r0.01_k16_t0.output
        
        (one of the commands exited with non-zero exit code; note that snakemake uses bash strict mode!)

Error in rule run_cpp_program:
    jobid: 7
    output: results/r0.001_k16_t0.output
    shell:
        
        ./Simulation -t 0.001 -l 100 -s 10962854 -k 16_t0 -e 1e-10 -c 30 -r 0.001 > results/r0.001_k16_t0.output
        
        (one of the commands exited with non-zero exit code; note that snakemake uses bash strict mode!)

localrule run_cpp_program:
    output: results/r0.2_k2_t1.output
    jobid: 32
    reason: Missing output files: results/r0.2_k2_t1.output
    wildcards: r=0.2, k=2_t1
    resources: tmpdir=/tmp
[Thu Jan 23 21:41:46 2025]

Error in rule run_cpp_program:
    jobid: 22
    output: results/r0.05_k2_t1.output
    shell:
        
        ./Simulation -t 0.05 -l 100 -s 10962854 -k 2_t1 -e 1e-10 -c 30 -r 0.05 > results/r0.05_k2_t1.output
        
        (one of the commands exited with non-zero exit code; note that snakemake uses bash strict mode!)

[Thu Jan 23 21:41:46 2025]
Error in rule run_cpp_program:
    jobid: 27
    output: results/r0.05_k16_t0.output
    shell:
        
        ./Simulation -t 0.05 -l 100 -s 10962854 -k 16_t0 -e 1e-10 -c 30 -r 0.05 > results/r0.05_k16_t0.output
        
        (one of the commands exited with non-zero exit code; note that snakemake uses bash strict mode!)


[Thu Jan 23 21:41:46 2025]
localrule run_cpp_program:
    output: results/r0.2_k16_t0.output
    jobid: 37
    reason: Missing output files: results/r0.2_k16_t0.output
    wildcards: r=0.2, k=16_t0
    resources: tmpdir=/tmp


[Thu Jan 23 21:41:46 2025]
localrule run_cpp_program:
    output: results/r0.01_k2_t0.output
    jobid: 11
    reason: Missing output files: results/r0.01_k2_t0.output
    wildcards: r=0.01, k=2_t0
    resources: tmpdir=/tmp


[Thu Jan 23 21:41:46 2025]
localrule run_cpp_program:
    output: results/r0.001_k2_t0.output
    jobid: 1
    reason: Missing output files: results/r0.001_k2_t0.output
    wildcards: r=0.001, k=2_t0
    resources: tmpdir=/tmp


[Thu Jan 23 21:41:46 2025]
localrule run_cpp_program:
    output: results/r0.01_k8_t1.output
    jobid: 16
    reason: Missing output files: results/r0.01_k8_t1.output
    wildcards: r=0.01, k=8_t1
    resources: tmpdir=/tmp

[Thu Jan 23 21:41:46 2025]
Error in rule run_cpp_program:
    jobid: 32
    output: results/r0.2_k2_t1.output
    shell:
        
        ./Simulation -t 0.2 -l 100 -s 10962854 -k 2_t1 -e 1e-10 -c 30 -r 0.2 > results/r0.2_k2_t1.output
        
        (one of the commands exited with non-zero exit code; note that snakemake uses bash strict mode!)


[Thu Jan 23 21:41:46 2025]
localrule run_cpp_program:
    output: results/r0.001_k8_t1.output
    jobid: 6
    reason: Missing output files: results/r0.001_k8_t1.output
    wildcards: r=0.001, k=8_t1
    resources: tmpdir=/tmp
[Thu Jan 23 21:41:46 2025]
[Thu Jan 23 21:41:46 2025]

Error in rule run_cpp_program:
    jobid: 37
    output: results/r0.2_k16_t0.output
    shell:
        
        ./Simulation -t 0.2 -l 100 -s 10962854 -k 16_t0 -e 1e-10 -c 30 -r 0.2 > results/r0.2_k16_t0.output
        
        (one of the commands exited with non-zero exit code; note that snakemake uses bash strict mode!)

Error in rule run_cpp_program:
    jobid: 11
    output: results/r0.01_k2_t0.output
    shell:
        
        ./Simulation -t 0.01 -l 100 -s 10962854 -k 2_t0 -e 1e-10 -c 30 -r 0.01 > results/r0.01_k2_t0.output
        
        (one of the commands exited with non-zero exit code; note that snakemake uses bash strict mode!)


[Thu Jan 23 21:41:46 2025]
localrule run_cpp_program:
    output: results/r0.05_k2_t0.output
    jobid: 21
    reason: Missing output files: results/r0.05_k2_t0.output
    wildcards: r=0.05, k=2_t0
    resources: tmpdir=/tmp


[Thu Jan 23 21:41:46 2025]
[Thu Jan 23 21:41:46 2025]
Error in rule run_cpp_program:
    jobid: 1
    output: results/r0.001_k2_t0.output
    shell:
        
        ./Simulation -t 0.001 -l 100 -s 10962854 -k 2_t0 -e 1e-10 -c 30 -r 0.001 > results/r0.001_k2_t0.output
        
        (one of the commands exited with non-zero exit code; note that snakemake uses bash strict mode!)

localrule run_cpp_program:
    output: results/r0.05_k8_t1.output
    jobid: 26
    reason: Missing output files: results/r0.05_k8_t1.output
    wildcards: r=0.05, k=8_t1
    resources: tmpdir=/tmp
[Thu Jan 23 21:41:46 2025]

Error in rule run_cpp_program:
    jobid: 16
    output: results/r0.01_k8_t1.output
    shell:
        
        ./Simulation -t 0.01 -l 100 -s 10962854 -k 8_t1 -e 1e-10 -c 30 -r 0.01 > results/r0.01_k8_t1.output
        
        (one of the commands exited with non-zero exit code; note that snakemake uses bash strict mode!)


[Thu Jan 23 21:41:46 2025]
localrule run_cpp_program:
    output: results/r0.2_k2_t0.output
    jobid: 31
    reason: Missing output files: results/r0.2_k2_t0.output
    wildcards: r=0.2, k=2_t0
    resources: tmpdir=/tmp

[Thu Jan 23 21:41:46 2025]
Error in rule run_cpp_program:
    jobid: 6
    output: results/r0.001_k8_t1.output
    shell:
        
        ./Simulation -t 0.001 -l 100 -s 10962854 -k 8_t1 -e 1e-10 -c 30 -r 0.001 > results/r0.001_k8_t1.output
        
        (one of the commands exited with non-zero exit code; note that snakemake uses bash strict mode!)


[Thu Jan 23 21:41:46 2025]
[Thu Jan 23 21:41:46 2025]
localrule run_cpp_program:
    output: results/r0.2_k8_t1.output
    jobid: 36
    reason: Missing output files: results/r0.2_k8_t1.output
    wildcards: r=0.2, k=8_t1
    resources: tmpdir=/tmp
Error in rule run_cpp_program:
    jobid: 21
    output: results/r0.05_k2_t0.output
    shell:
        
        ./Simulation -t 0.05 -l 100 -s 10962854 -k 2_t0 -e 1e-10 -c 30 -r 0.05 > results/r0.05_k2_t0.output
        
        (one of the commands exited with non-zero exit code; note that snakemake uses bash strict mode!)



[Thu Jan 23 21:41:46 2025]
localrule run_cpp_program:
    output: results/r0.001_k8_t0.output
    jobid: 5
    reason: Missing output files: results/r0.001_k8_t0.output
    wildcards: r=0.001, k=8_t0
    resources: tmpdir=/tmp

[Thu Jan 23 21:41:46 2025]
Error in rule run_cpp_program:
    jobid: 26
    output: results/r0.05_k8_t1.output
    shell:
        
        ./Simulation -t 0.05 -l 100 -s 10962854 -k 8_t1 -e 1e-10 -c 30 -r 0.05 > results/r0.05_k8_t1.output
        
        (one of the commands exited with non-zero exit code; note that snakemake uses bash strict mode!)


[Thu Jan 23 21:41:46 2025]
localrule run_cpp_program:
    output: results/r0.01_k8_t0.output
    jobid: 15
    reason: Missing output files: results/r0.01_k8_t0.output
    wildcards: r=0.01, k=8_t0
    resources: tmpdir=/tmp

[Thu Jan 23 21:41:46 2025]
Error in rule run_cpp_program:
    jobid: 31
    output: results/r0.2_k2_t0.output
    shell:
        
        ./Simulation -t 0.2 -l 100 -s 10962854 -k 2_t0 -e 1e-10 -c 30 -r 0.2 > results/r0.2_k2_t0.output
        
        (one of the commands exited with non-zero exit code; note that snakemake uses bash strict mode!)


[Thu Jan 23 21:41:46 2025]
localrule run_cpp_program:
    output: results/r0.001_k32_t1.output
    jobid: 10
    reason: Missing output files: results/r0.001_k32_t1.output
    wildcards: r=0.001, k=32_t1
    resources: tmpdir=/tmp

[Thu Jan 23 21:41:46 2025]
Error in rule run_cpp_program:
    jobid: 36
    output: results/r0.2_k8_t1.output
    shell:
        
        ./Simulation -t 0.2 -l 100 -s 10962854 -k 8_t1 -e 1e-10 -c 30 -r 0.2 > results/r0.2_k8_t1.output
        
        (one of the commands exited with non-zero exit code; note that snakemake uses bash strict mode!)


[Thu Jan 23 21:41:46 2025]
localrule run_cpp_program:
    output: results/r0.01_k32_t1.output
    jobid: 20
    reason: Missing output files: results/r0.01_k32_t1.output
    wildcards: r=0.01, k=32_t1
    resources: tmpdir=/tmp

[Thu Jan 23 21:41:46 2025]
Error in rule run_cpp_program:
    jobid: 5
    output: results/r0.001_k8_t0.output
    shell:
        
        ./Simulation -t 0.001 -l 100 -s 10962854 -k 8_t0 -e 1e-10 -c 30 -r 0.001 > results/r0.001_k8_t0.output
        
        (one of the commands exited with non-zero exit code; note that snakemake uses bash strict mode!)


[Thu Jan 23 21:41:46 2025]
localrule run_cpp_program:
    output: results/r0.05_k8_t0.output
    jobid: 25
    reason: Missing output files: results/r0.05_k8_t0.output
    wildcards: r=0.05, k=8_t0
    resources: tmpdir=/tmp


[Thu Jan 23 21:41:46 2025]
localrule run_cpp_program:
    output: results/r0.05_k32_t1.output
    jobid: 30
    reason: Missing output files: results/r0.05_k32_t1.output
    wildcards: r=0.05, k=32_t1
    resources: tmpdir=/tmp

[Thu Jan 23 21:41:46 2025]
Error in rule run_cpp_program:
    jobid: 10
    output: results/r0.001_k32_t1.output
    shell:
        
        ./Simulation -t 0.001 -l 100 -s 10962854 -k 32_t1 -e 1e-10 -c 30 -r 0.001 > results/r0.001_k32_t1.output
        
        (one of the commands exited with non-zero exit code; note that snakemake uses bash strict mode!)

[Thu Jan 23 21:41:46 2025]
Error in rule run_cpp_program:
    jobid: 15
    output: results/r0.01_k8_t0.output
    shell:
        
        ./Simulation -t 0.01 -l 100 -s 10962854 -k 8_t0 -e 1e-10 -c 30 -r 0.01 > results/r0.01_k8_t0.output
        
        (one of the commands exited with non-zero exit code; note that snakemake uses bash strict mode!)


[Thu Jan 23 21:41:46 2025]
localrule run_cpp_program:
    output: results/r0.2_k8_t0.output
    jobid: 35
    reason: Missing output files: results/r0.2_k8_t0.output
    wildcards: r=0.2, k=8_t0
    resources: tmpdir=/tmp


[Thu Jan 23 21:41:46 2025]
localrule run_cpp_program:
    output: results/r0.2_k32_t1.output
    jobid: 40
    reason: Missing output files: results/r0.2_k32_t1.output
    wildcards: r=0.2, k=32_t1
    resources: tmpdir=/tmp

[Thu Jan 23 21:41:46 2025]
Error in rule run_cpp_program:
    jobid: 20
    output: results/r0.01_k32_t1.output
    shell:
        
        ./Simulation -t 0.01 -l 100 -s 10962854 -k 32_t1 -e 1e-10 -c 30 -r 0.01 > results/r0.01_k32_t1.output
        
        (one of the commands exited with non-zero exit code; note that snakemake uses bash strict mode!)

[Thu Jan 23 21:41:46 2025]
Error in rule run_cpp_program:
    jobid: 25
    output: results/r0.05_k8_t0.output
    shell:
        
        ./Simulation -t 0.05 -l 100 -s 10962854 -k 8_t0 -e 1e-10 -c 30 -r 0.05 > results/r0.05_k8_t0.output
        
        (one of the commands exited with non-zero exit code; note that snakemake uses bash strict mode!)

Removing output files of failed job run_cpp_program since they might be corrupted:
results/r0.05_k4_t0.output
[Thu Jan 23 21:41:46 2025]
Error in rule run_cpp_program:
    jobid: 30
    output: results/r0.05_k32_t1.output
    shell:
        
        ./Simulation -t 0.05 -l 100 -s 10962854 -k 32_t1 -e 1e-10 -c 30 -r 0.05 > results/r0.05_k32_t1.output
        
        (one of the commands exited with non-zero exit code; note that snakemake uses bash strict mode!)

Removing output files of failed job run_cpp_program since they might be corrupted:
results/r0.01_k2_t1.output
[Thu Jan 23 21:41:46 2025]
Error in rule run_cpp_program:
    jobid: 35
    output: results/r0.2_k8_t0.output
    shell:
        
        ./Simulation -t 0.2 -l 100 -s 10962854 -k 8_t0 -e 1e-10 -c 30 -r 0.2 > results/r0.2_k8_t0.output
        
        (one of the commands exited with non-zero exit code; note that snakemake uses bash strict mode!)

Removing output files of failed job run_cpp_program since they might be corrupted:
results/r0.001_k16_t1.output
Removing output files of failed job run_cpp_program since they might be corrupted:
results/r0.05_k16_t1.output
[Thu Jan 23 21:41:46 2025]
Error in rule run_cpp_program:
    jobid: 40
    output: results/r0.2_k32_t1.output
    shell:
        
        ./Simulation -t 0.2 -l 100 -s 10962854 -k 32_t1 -e 1e-10 -c 30 -r 0.2 > results/r0.2_k32_t1.output
        
        (one of the commands exited with non-zero exit code; note that snakemake uses bash strict mode!)

Removing output files of failed job run_cpp_program since they might be corrupted:
results/r0.2_k16_t1.output
Removing output files of failed job run_cpp_program since they might be corrupted:
results/r0.001_k2_t1.output
Removing output files of failed job run_cpp_program since they might be corrupted:
results/r0.01_k16_t1.output
Removing output files of failed job run_cpp_program since they might be corrupted:
results/r0.2_k4_t0.output
Removing output files of failed job run_cpp_program since they might be corrupted:
results/r0.01_k16_t0.output
Removing output files of failed job run_cpp_program since they might be corrupted:
results/r0.001_k16_t0.output
Removing output files of failed job run_cpp_program since they might be corrupted:
results/r0.05_k2_t1.output
Removing output files of failed job run_cpp_program since they might be corrupted:
results/r0.05_k16_t0.output
Removing output files of failed job run_cpp_program since they might be corrupted:
results/r0.2_k2_t1.output
Removing output files of failed job run_cpp_program since they might be corrupted:
results/r0.2_k16_t0.output
Removing output files of failed job run_cpp_program since they might be corrupted:
results/r0.01_k2_t0.output
Removing output files of failed job run_cpp_program since they might be corrupted:
results/r0.001_k2_t0.output
Removing output files of failed job run_cpp_program since they might be corrupted:
results/r0.01_k8_t1.output
Removing output files of failed job run_cpp_program since they might be corrupted:
results/r0.001_k8_t1.output
Removing output files of failed job run_cpp_program since they might be corrupted:
results/r0.05_k2_t0.output
Removing output files of failed job run_cpp_program since they might be corrupted:
results/r0.05_k8_t1.output
Removing output files of failed job run_cpp_program since they might be corrupted:
results/r0.2_k2_t0.output
Removing output files of failed job run_cpp_program since they might be corrupted:
results/r0.2_k8_t1.output
Removing output files of failed job run_cpp_program since they might be corrupted:
results/r0.001_k8_t0.output
Removing output files of failed job run_cpp_program since they might be corrupted:
results/r0.001_k32_t1.output
Removing output files of failed job run_cpp_program since they might be corrupted:
results/r0.01_k8_t0.output
Removing output files of failed job run_cpp_program since they might be corrupted:
results/r0.01_k32_t1.output
Removing output files of failed job run_cpp_program since they might be corrupted:
results/r0.05_k8_t0.output
Removing output files of failed job run_cpp_program since they might be corrupted:
results/r0.2_k32_t1.output
Removing output files of failed job run_cpp_program since they might be corrupted:
results/r0.05_k32_t1.output
Removing output files of failed job run_cpp_program since they might be corrupted:
results/r0.2_k8_t0.output
[Thu Jan 23 21:41:46 2025]
Error in rule run_cpp_program:
    jobid: 3
    output: results/r0.001_k4_t0.output
    shell:
        
        ./Simulation -t 0.001 -l 100 -s 10962854 -k 4_t0 -e 1e-10 -c 30 -r 0.001 > results/r0.001_k4_t0.output
        
        (one of the commands exited with non-zero exit code; note that snakemake uses bash strict mode!)

Removing output files of failed job run_cpp_program since they might be corrupted:
results/r0.001_k4_t0.output
[Thu Jan 23 21:41:46 2025]
Error in rule run_cpp_program:
    jobid: 13
    output: results/r0.01_k4_t0.output
    shell:
        
        ./Simulation -t 0.01 -l 100 -s 10962854 -k 4_t0 -e 1e-10 -c 30 -r 0.01 > results/r0.01_k4_t0.output
        
        (one of the commands exited with non-zero exit code; note that snakemake uses bash strict mode!)

Removing output files of failed job run_cpp_program since they might be corrupted:
results/r0.01_k4_t0.output
[Thu Jan 23 21:41:46 2025]
Error in rule run_cpp_program:
    jobid: 29
    output: results/r0.05_k32_t0.output
    shell:
        
        ./Simulation -t 0.05 -l 100 -s 10962854 -k 32_t0 -e 1e-10 -c 30 -r 0.05 > results/r0.05_k32_t0.output
        
        (one of the commands exited with non-zero exit code; note that snakemake uses bash strict mode!)

Removing output files of failed job run_cpp_program since they might be corrupted:
results/r0.05_k32_t0.output
[Thu Jan 23 21:41:46 2025]
Error in rule run_cpp_program:
    jobid: 39
    output: results/r0.2_k32_t0.output
    shell:
        
        ./Simulation -t 0.2 -l 100 -s 10962854 -k 32_t0 -e 1e-10 -c 30 -r 0.2 > results/r0.2_k32_t0.output
        
        (one of the commands exited with non-zero exit code; note that snakemake uses bash strict mode!)

Removing output files of failed job run_cpp_program since they might be corrupted:
results/r0.2_k32_t0.output
[Thu Jan 23 21:41:46 2025]
Error in rule run_cpp_program:
    jobid: 4
    output: results/r0.001_k4_t1.output
    shell:
        
        ./Simulation -t 0.001 -l 100 -s 10962854 -k 4_t1 -e 1e-10 -c 30 -r 0.001 > results/r0.001_k4_t1.output
        
        (one of the commands exited with non-zero exit code; note that snakemake uses bash strict mode!)

Removing output files of failed job run_cpp_program since they might be corrupted:
results/r0.001_k4_t1.output
[Thu Jan 23 21:41:47 2025]
Error in rule run_cpp_program:
    jobid: 24
    output: results/r0.05_k4_t1.output
    shell:
        
        ./Simulation -t 0.05 -l 100 -s 10962854 -k 4_t1 -e 1e-10 -c 30 -r 0.05 > results/r0.05_k4_t1.output
        
        (one of the commands exited with non-zero exit code; note that snakemake uses bash strict mode!)

Removing output files of failed job run_cpp_program since they might be corrupted:
results/r0.05_k4_t1.output
[Thu Jan 23 21:41:47 2025]
Error in rule run_cpp_program:
    jobid: 9
    output: results/r0.001_k32_t0.output
    shell:
        
        ./Simulation -t 0.001 -l 100 -s 10962854 -k 32_t0 -e 1e-10 -c 30 -r 0.001 > results/r0.001_k32_t0.output
        
        (one of the commands exited with non-zero exit code; note that snakemake uses bash strict mode!)

Removing output files of failed job run_cpp_program since they might be corrupted:
results/r0.001_k32_t0.output
[Thu Jan 23 21:41:47 2025]
Error in rule run_cpp_program:
    jobid: 14
    output: results/r0.01_k4_t1.output
    shell:
        
        ./Simulation -t 0.01 -l 100 -s 10962854 -k 4_t1 -e 1e-10 -c 30 -r 0.01 > results/r0.01_k4_t1.output
        
        (one of the commands exited with non-zero exit code; note that snakemake uses bash strict mode!)

Removing output files of failed job run_cpp_program since they might be corrupted:
results/r0.01_k4_t1.output
[Thu Jan 23 21:41:47 2025]
Error in rule run_cpp_program:
    jobid: 34
    output: results/r0.2_k4_t1.output
    shell:
        
        ./Simulation -t 0.2 -l 100 -s 10962854 -k 4_t1 -e 1e-10 -c 30 -r 0.2 > results/r0.2_k4_t1.output
        
        (one of the commands exited with non-zero exit code; note that snakemake uses bash strict mode!)

Removing output files of failed job run_cpp_program since they might be corrupted:
results/r0.2_k4_t1.output
[Thu Jan 23 21:41:47 2025]
Error in rule run_cpp_program:
    jobid: 19
    output: results/r0.01_k32_t0.output
    shell:
        
        ./Simulation -t 0.01 -l 100 -s 10962854 -k 32_t0 -e 1e-10 -c 30 -r 0.01 > results/r0.01_k32_t0.output
        
        (one of the commands exited with non-zero exit code; note that snakemake uses bash strict mode!)

Removing output files of failed job run_cpp_program since they might be corrupted:
results/r0.01_k32_t0.output
Shutting down, this might take some time.
Exiting because a job execution failed. Look above for error message
Complete log: .snakemake/log/2025-01-23T214145.756971.snakemake.log
WorkflowError:
At least one job did not complete successfully.
