Building DAG of jobs...
Using shell: /usr/bin/bash
Provided cores: 100
Rules claiming more threads will be scaled down.
Job stats:
job                 count
----------------  -------
all                     1
plot_r_variation        1
total                   2

Select jobs to execute...
Execute 1 jobs...

[Thu May  8 14:22:43 2025]
localrule plot_r_variation:
    input: chr21_centromere_sketch_100/varing_r/r0.001_k30.output, chr21_centromere_sketch_100/varing_r/r0.011_k30.output, chr21_centromere_sketch_100/varing_r/r0.021_k30.output, chr21_centromere_sketch_100/varing_r/r0.031_k30.output, chr21_centromere_sketch_100/varing_r/r0.041_k30.output, chr21_centromere_sketch_100/varing_r/r0.051_k30.output, chr21_centromere_sketch_100/varing_r/r0.061_k30.output, chr21_centromere_sketch_100/varing_r/r0.071_k30.output, chr21_centromere_sketch_100/varing_r/r0.081_k30.output, chr21_centromere_sketch_100/varing_r/r0.091_k30.output, chr21_centromere_sketch_100/varing_r/r0.101_k30.output, chr21_centromere_sketch_100/varing_r/r0.111_k30.output, chr21_centromere_sketch_100/varing_r/r0.121_k30.output, chr21_centromere_sketch_100/varing_r/r0.131_k30.output, chr21_centromere_sketch_100/varing_r/r0.141_k30.output, chr21_centromere_sketch_100/varing_r/r0.151_k30.output, chr21_centromere_sketch_100/varing_r/r0.161_k30.output, chr21_centromere_sketch_100/varing_r/r0.171_k30.output, chr21_centromere_sketch_100/varing_r/r0.181_k30.output, chr21_centromere_sketch_100/varing_r/r0.191_k30.output
    output: chr21_centromere_sketch_100/single_panel_sketch_r_k30.png
    jobid: 30
    reason: Missing output files: chr21_centromere_sketch_100/single_panel_sketch_r_k30.png; Set of input files has changed since last execution
    wildcards: output_dir=chr21_centromere_sketch_100, fixed_k=30
    resources: tmpdir=/tmp

Terminating processes on user request, this might take some time.
[Thu May  8 14:22:51 2025]
Error in rule plot_r_variation:
    jobid: 30
    input: chr21_centromere_sketch_100/varing_r/r0.001_k30.output, chr21_centromere_sketch_100/varing_r/r0.011_k30.output, chr21_centromere_sketch_100/varing_r/r0.021_k30.output, chr21_centromere_sketch_100/varing_r/r0.031_k30.output, chr21_centromere_sketch_100/varing_r/r0.041_k30.output, chr21_centromere_sketch_100/varing_r/r0.051_k30.output, chr21_centromere_sketch_100/varing_r/r0.061_k30.output, chr21_centromere_sketch_100/varing_r/r0.071_k30.output, chr21_centromere_sketch_100/varing_r/r0.081_k30.output, chr21_centromere_sketch_100/varing_r/r0.091_k30.output, chr21_centromere_sketch_100/varing_r/r0.101_k30.output, chr21_centromere_sketch_100/varing_r/r0.111_k30.output, chr21_centromere_sketch_100/varing_r/r0.121_k30.output, chr21_centromere_sketch_100/varing_r/r0.131_k30.output, chr21_centromere_sketch_100/varing_r/r0.141_k30.output, chr21_centromere_sketch_100/varing_r/r0.151_k30.output, chr21_centromere_sketch_100/varing_r/r0.161_k30.output, chr21_centromere_sketch_100/varing_r/r0.171_k30.output, chr21_centromere_sketch_100/varing_r/r0.181_k30.output, chr21_centromere_sketch_100/varing_r/r0.191_k30.output
    output: chr21_centromere_sketch_100/single_panel_sketch_r_k30.png
    shell:
        
        mkdir -p chr21_centromere_sketch_100
        
        cd chr21_centromere_sketch_100 && python ../sketch_boxplot_r.py \
            -d varing_r \
            -k 30
        
        (one of the commands exited with non-zero exit code; note that snakemake uses bash strict mode!)

Complete log: .snakemake/log/2025-05-08T142243.191443.snakemake.log
WorkflowError:
At least one job did not complete successfully.
