0.0196112 , -0.0269085
0.0304887 , 0.00628178
0.029912 , 0.0125559
0.0285769 , 0.0156818
0.0197857 , 0.00534951
0.021637 , 0.00699788
0.0258126 , 0.00906865
0.0258126 , 0.00814183
0.0298641 , 0.012354
0.0243415 , 0.0100058
0.0248449 , 0.010163
0.0316499 , 0.0179686
0.0234774 , 0.0109137
0.0274444 , 0.00984892
0.0254891 , 0.0141878
0.0250286 , 0.00977057
0.0255352 , 0.00973142
0.0211046 , 0.00779694
0.0281982 , 0.0131237
0.031068 , 0.0196112
0.0295291 , 0.0168183
0.027163 , 0.0116309
0.0250745 , 0.011511
0.0247991 , 0.00684658
0.0181831 , 0.00237232
0.0239768 , 0.011751
0.0235227 , 0.0111124
0.0290521 , 0.0134906
0.0253047 , 0.00741544
0.0275384 , 0.0151395
0.0272098 , 0.010676
0.0237041 , 0.00945788
0.0253507 , 0.0105178
0.0242046 , 0.0105969
0.0282455 , 0.0158912
0.0303443 , 0.0168606
0.0253968 , 0.015306
