0.0295291 , -0.0269085
0.026509 , 0.00201785
0.0249826 , 0.0100844
0.0282455 , 0.0123944
0.0215481 , 0.00875855
0.026509 , 0.011551
0.0282455 , 0.0136133
0.0244328 , 0.0102024
0.0298162 , 0.013859
0.0286718 , 0.0128394
0.0265556 , 0.0122331
0.0282455 , 0.0135724
0.0264625 , 0.0124347
0.0208835 , 0.00684658
0.0290997 , 0.013859
0.0243871 , 0.0100451
0.0179686 , 0.00457521
0.031068 , 0.0148903
0.0187864 , 0.00575831
0.0268355 , 0.0113115
0.0282928 , 0.0127178
0.0275854 , 0.0131644
0.0218151 , 0.00787346
0.0274444 , 0.0119114
0.0282928 , 0.0130018
0.0275854 , 0.0126368
0.0257663 , 0.0113912
0.0260907 , 0.0116309
0.0290521 , 0.0137771
