0.00707364 , -0.0269085
0.00988812 , -0.0115141
0.0125559 , -0.00244459
0.00764413 , -0.00474723
0.0121928 , -0.0019842
0.00818024 , -0.00408701
0.0111919 , -0.00251002
0.00856533 , -0.004716
0.00730135 , -0.00433964
0.0141055 , 0.000171363
0.0134498 , 0.000171363
0.00864257 , -0.00360965
0.0156818 , 0.00110522
0.00984892 , -0.002182
0.0113912 , -0.00158636
0.00791174 , -0.00408701
0.00775871 , -0.00427661
0.00722537 , -0.00524388
0.0109137 , -0.00138633
0.00650721 , -0.00549013
0.00579558 , -0.00530557
0.0107155 , -0.0022149
0.00965317 , -0.00348155
0.0117911 , -0.00251002
0.0094969 , -0.00357766
0.00934092 , -0.00357766
0.00875855 , -0.00396018
0.0127988 , -0.00175248
0.0136133 , 0.000653802
0.00837256 , -0.00344947
0.0139411 , 0.000274418
0.0094969 , -0.00260803
0.00837256 , -0.00421349
0.0104783 , -0.0029009
