0.0400012 , -0.0269085
0.0468796 , 0.0184412
0.0457198 , 0.0292903
0.0422192 , 0.0304405
0.0407207 , 0.0286718
0.0480971 , 0.0323321
0.0446172 , 0.030778
0.0475672 , 0.0320393
0.0438848 , 0.0288143
0.0446696 , 0.0323321
0.0494788 , 0.029338
0.0417012 , 0.0266489
0.036748 , 0.0236588
0.0418565 , 0.0274914
0.0403606 , 0.029338
0.046774 , 0.0333619
0.0428943 , 0.0313586
0.0406692 , 0.0268823
0.0465101 , 0.0326256
0.052901 , 0.0372018
0.0415461 , 0.024159
0.0422192 , 0.0242958
0.0408236 , 0.0203111
0.0446172 , 0.027163
0.0387742 , 0.0255352
0.0389271 , 0.0226205
0.045825 , 0.0288143
0.0410298 , 0.0238404
0.0429464 , 0.0275384
0.0495321 , 0.0342012
0.0423748 , 0.0247991
0.0494256 , 0.0334112
0.0396425 , 0.0266022
0.0363959 , 0.0196548
0.044722 , 0.0270693
