0.0856018 , -0.0269085
0.0910312 , 0.0649394
0.0901425 , 0.0774002
0.0854605 , 0.0717325
0.0870496 , 0.0742529
0.0831196 , 0.0720493
0.0902764 , 0.078315
0.0901872 , 0.0765815
0.0903655 , 0.078921
0.0836984 , 0.0724184
0.0816081 , 0.069662
0.0898741 , 0.0778584
0.0930405 , 0.0804222
0.0912078 , 0.0794738
0.0798741 , 0.0685939
0.0824399 , 0.0701945
0.0822936 , 0.069502
0.0822936 , 0.0698751
0.0859308 , 0.0748255
0.0874193 , 0.0766328
0.0861651 , 0.0766841
0.0853661 , 0.0743572
0.0855076 , 0.0729444
0.0853661 , 0.0719438
0.0855547 , 0.0755511
0.0890637 , 0.077655
