0.055537 , -0.0269085
0.0631576 , 0.0322833
0.0568318 , 0.0398474
0.05274 , 0.038367
0.050225 , 0.0357942
0.0533306 , 0.0372018
0.0516681 , 0.0362453
0.051133 , 0.0346475
0.0549443 , 0.0390291
0.0533843 , 0.0378087
0.0567238 , 0.0413394
0.0508658 , 0.0363457
0.0505987 , 0.0362955
0.0494256 , 0.0340527
0.0553753 , 0.0391312
0.0471968 , 0.0324788
0.0471439 , 0.0313101
0.0566158 , 0.0395913
0.0509726 , 0.0360447
0.0535992 , 0.0394378
0.0579661 , 0.0415461
0.0564 , 0.0413911
0.051133 , 0.0334604
0.0399499 , 0.0243871
0.0532769 , 0.0360447
0.0480441 , 0.0315042
0.061265 , 0.0434672
0.0622386 , 0.0468268
0.0532231 , 0.0372018
0.0565079 , 0.0404634
0.0559144 , 0.0385705
0.0495321 , 0.0339539
0.0514005 , 0.0361951
