0.0172427 , -0.0269085
0.0171151 , -0.00670051
0.0150563 , -0.00128604
0.0188729 , 0.00512745
0.0140233 , 0.000827034
0.0154728 , 0.00226578
0.0148903 , 0.000896463
0.0141878 , -0.000815615
0.0154728 , 0.00107038
0.0149318 , 0.00180609
0.0172001 , 0.00280017
0.0204869 , 0.00677104
0.020399 , 0.0065825
0.0164801 , 0.0039907
0.0273036 , 0.0119114
0.0187864 , 0.00483241
0.0204869 , 0.00501668
0.0227103 , 0.00868121
0.0141878 , 0.00215941
0.0184843 , 0.0043189
0.0200481 , 0.00553505
0.0163115 , 0.003664
0.0181402 , 0.00417285
0.0201795 , 0.00650721
0.0192196 , 0.00512745
0.0187864 , 0.00553505
0.0150148 , 0.0016653
0.0160171 , 0.00272867
0.0141466 , 0.00120986
0.0178829 , 0.00341094
