0.0694487 , -0.0269085
0.0787194 , 0.0499584
0.0710973 , 0.049905
0.0751369 , 0.063914
0.0788202 , 0.0626171
0.0720493 , 0.0538142
0.0779092 , 0.0632116
0.0766328 , 0.0631036
0.0716796 , 0.0560223
0.0738876 , 0.0634278
0.0709913 , 0.0528473
0.0706729 , 0.0517752
0.0751887 , 0.0619141
0.0755511 , 0.0607782
0.0738876 , 0.0655325
0.0797742 , 0.0654786
0.0746175 , 0.0681656
0.0735214 , 0.0625089
0.0659634 , 0.0559684
0.0761702 , 0.0645078
0.0788706 , 0.0701945
0.0684334 , 0.0535455
0.0719965 , 0.0540293
0.0738876 , 0.0643459
0.0680049 , 0.0545674
0.0666629 , 0.0498517
0.0764274 , 0.0568857
0.0727342 , 0.0586688
0.0746175 , 0.0636979
0.0762731 , 0.0620223
0.0715738 , 0.0569937
0.0772471 , 0.0608323
0.0709382 , 0.0585066
0.0759641 , 0.0561302
0.0730495 , 0.0623467
0.0752405 , 0.0635359
