0.00988812 , 0.103926
0.00791174 , 0.103519
0.0080267 , 0.103543
0.0148488 , 0.104931
0.00969229 , 0.103886
0.0119114 , 0.104339
0.0113115 , 0.104217
0.00891346 , 0.103726
0.00646959 , 0.10322
0.00852674 , 0.103647
0.00860394 , 0.103662
0.00677104 , 0.103283
0.00737739 , 0.103409
0.00730135 , 0.103393
0.00914635 , 0.103774
0.011711 , 0.104298
0.0103994 , 0.104031
0.00435546 , 0.102775
0.00616931 , 0.103157
0.013859 , 0.104732
0.00988812 , 0.103926
0.00707364 , 0.103346
0.013818 , 0.104724
0.00756783 , 0.103448
0.0119114 , 0.104339
0.0109137 , 0.104136
0.00791174 , 0.103519
0.00568382 , 0.103055
0.00684658 , 0.103298
0.0109137 , 0.104136
0.0126773 , 0.104494
0.00852674 , 0.103647
0.00294339 , 0.102475
0.0109534 , 0.104144
0.0107948 , 0.104112
0.00973142 , 0.103894
0.00895223 , 0.103734
0.0111919 , 0.104193
0.00980973 , 0.10391
0.00814183 , 0.103567
0.00575831 , 0.103071
0.011511 , 0.104258
0.0103205 , 0.104015
0.00875855 , 0.103694
0.0113115 , 0.104217
0.00941888 , 0.10383
0.00733936 , 0.103401
0.0135315 , 0.104666
0.00875855 , 0.103694
0.00553505 , 0.103024
0.0065825 , 0.103243
0.00941888 , 0.10383
0.0121526 , 0.104388
0.00783519 , 0.103504
0.00984892 , 0.103918
0.0102811 , 0.104007
0.0140233 , 0.104765
0.00930197 , 0.103806
0.00902982 , 0.10375
0.011751 , 0.104306
0.00980973 , 0.10391
0.00643199 , 0.103212
0.00417285 , 0.102737
0.00922412 , 0.10379
0.0104783 , 0.104047
0.00703575 , 0.103338
0.00891346 , 0.103726
0.00934092 , 0.103814
0.00906865 , 0.103758
0.0100451 , 0.103959
0.00875855 , 0.103694
0.0100451 , 0.103959
0.0100844 , 0.103967
0.00791174 , 0.103519
0.00860394 , 0.103662
0.00930197 , 0.103806
0.00918523 , 0.103782
0.00953594 , 0.103854
0.00895223 , 0.103734
0.0150148 , 0.104964
0.0134498 , 0.10465
0.0105573 , 0.104063
0.0056094 , 0.10304
0.00654485 , 0.103235
0.00616931 , 0.103157
0.0139001 , 0.10474
0.00841108 , 0.103623
0.0060196 , 0.103126
0.0111919 , 0.104193
0.00733936 , 0.103401
0.00726335 , 0.103385
0.00512745 , 0.102938
0.0107948 , 0.104112
0.011551 , 0.104266
0.00926304 , 0.103798
0.0103994 , 0.104031
0.0122734 , 0.104412
0.0075297 , 0.10344
0.009575 , 0.103862
0.0108344 , 0.10412
