0.00577689 , 0.160581
0.00714377 , 0.160832
0.00114064 , 0.159713
0.0145864 , 0.162167
0.0104059 , 0.161424
0.0107219 , 0.16148
0.0111977 , 0.161566
0.0050256 , 0.160442
0.00985516 , 0.161325
0.0105638 , 0.161452
0.0113567 , 0.161594
0.0129599 , 0.16188
0.00783423 , 0.160958
0.00472671 , 0.160387
0.00495079 , 0.160428
0.0107219 , 0.16148
0.0061547 , 0.160651
0.00752678 , 0.160902
0.0123158 , 0.161765
0.00668606 , 0.160748
0.00775728 , 0.160944
0.00899539 , 0.161169
0.0108803 , 0.161509
0.0119152 , 0.161694
0.00891757 , 0.161155
0.0105638 , 0.161452
0.00510047 , 0.160456
0.00969832 , 0.161296
0.0117553 , 0.161665
0.00969832 , 0.161296
0.00585234 , 0.160595
0.0104848 , 0.161438
0.00961998 , 0.161282
0.0061547 , 0.160651
0.00891757 , 0.161155
0.00215098 , 0.159905
0.0159045 , 0.162399
0.0067622 , 0.160762
0.00985516 , 0.161325
0.00346676 , 0.160152
0.00722026 , 0.160846
0.00930722 , 0.161226
0.00495079 , 0.160428
0.0081426 , 0.161014
0.00745006 , 0.160888
0.00525038 , 0.160484
0.0120753 , 0.161723
0.00791123 , 0.160972
0.00585234 , 0.160595
0.00691466 , 0.16079
0.00668606 , 0.160748
0.0145864 , 0.162167
0.00821984 , 0.161028
0.00691466 , 0.16079
0.00783423 , 0.160958
0.0110389 , 0.161537
0.00954171 , 0.161268
0.00745006 , 0.160888
0.0060034 , 0.160623
0.0106428 , 0.161466
0.0072968 , 0.16086
0.00985516 , 0.161325
0.011516 , 0.161623
0.00638208 , 0.160692
0.00760356 , 0.160916
0.0072968 , 0.16086
0.00752678 , 0.160902
0.00868447 , 0.161113
0.00706734 , 0.160818
0.00845189 , 0.161071
0.00946349 , 0.161254
0.0108011 , 0.161495
0.0129599 , 0.16188
0.00361412 , 0.160179
0.00638208 , 0.160692
0.0072968 , 0.16086
0.00706734 , 0.160818
0.00829713 , 0.161043
0.00930722 , 0.161226
0.0104059 , 0.161424
0.00969832 , 0.161296
0.00691466 , 0.16079
0.0113567 , 0.161594
0.00868447 , 0.161113
0.00821984 , 0.161028
0.0102483 , 0.161395
0.00623044 , 0.160665
0.00852936 , 0.161085
0.00532542 , 0.160498
0.0107219 , 0.16148
0.00487604 , 0.160414
0.0152436 , 0.162283
0.00852936 , 0.161085
0.0155735 , 0.162341
0.0112772 , 0.16158
0.00510047 , 0.160456
0.0134454 , 0.161966
0.0174053 , 0.16266
0.00752678 , 0.160902
0.00760356 , 0.160916
