0.00777145 , 0.0581099
0.00920799 , 0.0584589
0.00812742 , 0.0581966
0.00882997 , 0.0583672
0.0113947 , 0.0589866
0.00828284 , 0.0582344
0.0113293 , 0.0589708
0.00960425 , 0.0585548
0.00914483 , 0.0584436
0.00698958 , 0.0579192
0.0113457 , 0.0589748
0.00703529 , 0.0579304
0.00936619 , 0.0584972
0.00993908 , 0.0586357
0.00775602 , 0.0581062
0.011493 , 0.0590102
0.0106304 , 0.0588026
0.0104206 , 0.058752
0.00683747 , 0.057882
0.00737158 , 0.0580124
0.00873583 , 0.0583444
0.0104689 , 0.0587636
0.0128175 , 0.0593279
0.0111335 , 0.0589237
0.00820508 , 0.0582155
0.0127005 , 0.0592999
0.0104367 , 0.0587559
0.00848549 , 0.0582836
0.00724907 , 0.0579826
0.00957246 , 0.0585471
0.010695 , 0.0588181
0.0116571 , 0.0590496
0.0101473 , 0.058686
0.0125671 , 0.0592679
0.00769435 , 0.0580911
0.0128844 , 0.0593439
0.0100992 , 0.0586744
0.011575 , 0.0590299
0.0132033 , 0.0594202
0.00989114 , 0.0586241
0.00664031 , 0.0578338
0.00792596 , 0.0581475
0.00890853 , 0.0583863
0.00853235 , 0.058295
0.010695 , 0.0588181
0.0108409 , 0.0588533
0.0141181 , 0.0596388
0.00697436 , 0.0579155
0.0125338 , 0.0592599
0.00919219 , 0.058455
0.00955657 , 0.0585432
0.00623293 , 0.057734
0.011264 , 0.0589551
0.00638348 , 0.0577709
0.00746362 , 0.0580349
0.00901869 , 0.058413
0.00916061 , 0.0584474
0.00711156 , 0.057949
0.0100831 , 0.0586705
0.0104044 , 0.0587481
0.00685267 , 0.0578857
0.00677674 , 0.0578672
0.0104044 , 0.0587481
0.00933452 , 0.0584895
0.00939788 , 0.0585048
0.00760195 , 0.0580686
0.00889281 , 0.0583825
0.00971566 , 0.0585817
0.00721849 , 0.0579751
0.0138628 , 0.0595778
0.00868881 , 0.058333
0.00989114 , 0.0586241
0.0083607 , 0.0582533
0.00758656 , 0.0580649
0.00890853 , 0.0583863
0.0115914 , 0.0590338
0.00990711 , 0.058628
0.00653442 , 0.0578079
0.00792596 , 0.0581475
0.0108246 , 0.0588494
0.00908173 , 0.0584283
0.011575 , 0.0590299
0.00920799 , 0.0584589
0.00901869 , 0.058413
0.00912905 , 0.0584397
0.0103079 , 0.0587248
0.00890853 , 0.0583863
0.00800336 , 0.0581664
0.0112803 , 0.058959
0.0124505 , 0.05924
0.00930286 , 0.0584818
0.0117722 , 0.0590773
0.00781776 , 0.0581212
0.00963606 , 0.0585625
0.0118875 , 0.059105
0.010987 , 0.0588885
0.00977941 , 0.0585971
0.00851672 , 0.0582912
0.0105334 , 0.0587792
0.00906596 , 0.0584244
