0.0107513 , 0.0755958
0.0106087 , 0.0755636
0.00966542 , 0.0753504
0.00999413 , 0.0754248
0.0100883 , 0.0754461
0.0119267 , 0.07586
0.0156226 , 0.0766819
0.0054219 , 0.0743782
0.00772558 , 0.0749087
0.010585 , 0.0755582
0.00903586 , 0.0752075
0.00975918 , 0.0753716
0.00756642 , 0.0748723
0.00843504 , 0.0750708
0.0103954 , 0.0755155
0.00684365 , 0.0747065
0.0115167 , 0.075768
0.00997059 , 0.0754195
0.00943158 , 0.0752974
0.00843504 , 0.0750708
0.00864242 , 0.075118
0.00894308 , 0.0751864
0.0111569 , 0.0756871
0.0110135 , 0.0756548
0.00722663 , 0.0747944
0.012169 , 0.0759142
0.0103717 , 0.0755101
0.0100412 , 0.0754354
0.00952502 , 0.0753186
0.00947828 , 0.075308
0.00905908 , 0.0752128
0.0117094 , 0.0758112
0.00740763 , 0.0748359
0.00936158 , 0.0752815
0.00905908 , 0.0752128
0.00887358 , 0.0751706
0.00924508 , 0.075255
0.00731707 , 0.0748152
0.00809082 , 0.0749922
0.0092218 , 0.0752498
0.0103007 , 0.0754941
0.00774835 , 0.074914
0.00992356 , 0.0754088
0.0120236 , 0.0758817
0.0113966 , 0.075741
0.0113246 , 0.0757248
0.01068 , 0.0755797
0.0104664 , 0.0755315
0.00679874 , 0.0746961
0.0100412 , 0.0754354
0.00777113 , 0.0749192
0.00945493 , 0.0753027
0.00825124 , 0.0750289
0.00943158 , 0.0752974
0.0116612 , 0.0758004
0.00841204 , 0.0750655
0.00777113 , 0.0749192
0.00711376 , 0.0747685
0.00695606 , 0.0747323
0.00994707 , 0.0754141
0.0110374 , 0.0756602
0.00940824 , 0.0752921
0.00978264 , 0.0753769
0.00752101 , 0.0748619
0.0124608 , 0.0759795
0.00713632 , 0.0747737
0.00813662 , 0.0750027
0.0125096 , 0.0759904
0.0154956 , 0.0766539
0.00533409 , 0.0743578
0.0135657 , 0.0762261
0.00966542 , 0.0753504
0.0102063 , 0.0754727
0.00903586 , 0.0752075
0.0119509 , 0.0758654
0.0098061 , 0.0753822
0.01068 , 0.0755797
0.0136648 , 0.0762481
0.00790795 , 0.0749505
0.00968885 , 0.0753557
0.0117576 , 0.075822
0.0120963 , 0.0758979
0.00880415 , 0.0751548
0.00843504 , 0.0750708
0.0114927 , 0.0757626
0.0116853 , 0.0758058
0.0090823 , 0.0752181
0.00891991 , 0.0751812
0.00779391 , 0.0749244
0.0118542 , 0.0758437
0.0102299 , 0.0754781
0.00736234 , 0.0748256
0.0110374 , 0.0756602
0.0085041 , 0.0750865
0.0128518 , 0.0760669
0.00768007 , 0.0748983
0.00936158 , 0.0752815
0.00781671 , 0.0749296
0.0106325 , 0.075569
0.0111091 , 0.0756763
