0.000997242 , 0.159686
0.00142814 , 0.159768
0.000854077 , 0.159659
0.00106891 , 0.1597
0.00142814 , 0.159768
0.00142814 , 0.159768
2.13821e-50 , 0.159495
2.13821e-50 , 0.159495
0.00236896 , 0.159946
0.00287964 , 0.160042
0.00035484 , 0.159563
0.00106891 , 0.1597
0.000212728 , 0.159536
0.00244174 , 0.159959
0.000425984 , 0.159577
0.00193351 , 0.159864
2.13821e-50 , 0.159495
0.00114064 , 0.159713
0.00251458 , 0.159973
0.000568448 , 0.159604
0.00035484 , 0.159563
2.13821e-50 , 0.159495
0.00273344 , 0.160014
2.13821e-50 , 0.159495
2.13821e-50 , 0.159495
0.00092563 , 0.159672
0.000997242 , 0.159686
0.00114064 , 0.159713
0.000711145 , 0.159631
2.13821e-50 , 0.159495
0.000782582 , 0.159645
0.00142814 , 0.159768
2.13821e-50 , 0.159495
0.00014176 , 0.159523
2.13821e-50 , 0.159495
0.00128427 , 0.159741
0.00331963 , 0.160124
2.13821e-50 , 0.159495
0.00106891 , 0.1597
2.13821e-50 , 0.159495
0.000639767 , 0.159618
7.08508e-05 , 0.159509
0.00258748 , 0.159987
2.13821e-50 , 0.159495
0.000854077 , 0.159659
0.000212728 , 0.159536
0.000283755 , 0.15955
0.00135618 , 0.159754
2.13821e-50 , 0.159495
0.000639767 , 0.159618
2.13821e-50 , 0.159495
2.13821e-50 , 0.159495
0.000212728 , 0.159536
2.13821e-50 , 0.159495
0.00339316 , 0.160138
0.00258748 , 0.159987
0.00171658 , 0.159822
0.00142814 , 0.159768
2.13821e-50 , 0.159495
0.00266043 , 0.160001
2.13821e-50 , 0.159495
0.000711145 , 0.159631
2.13821e-50 , 0.159495
0.00200594 , 0.159877
2.13821e-50 , 0.159495
0.00142814 , 0.159768
0.000854077 , 0.159659
0.00222358 , 0.159918
2.13821e-50 , 0.159495
0.00178883 , 0.159836
0.00324615 , 0.160111
0.00142814 , 0.159768
0.00368788 , 0.160193
0.00128427 , 0.159741
0.00121243 , 0.159727
0.000854077 , 0.159659
2.13821e-50 , 0.159495
0.00092563 , 0.159672
0.000997242 , 0.159686
2.13821e-50 , 0.159495
0.00207843 , 0.159891
0.00142814 , 0.159768
0.00142814 , 0.159768
0.000782582 , 0.159645
2.13821e-50 , 0.159495
0.00171658 , 0.159822
2.13821e-50 , 0.159495
0.00114064 , 0.159713
0.00142814 , 0.159768
0.00035484 , 0.159563
0.00142814 , 0.159768
0.00266043 , 0.160001
0.000497187 , 0.159591
0.00135618 , 0.159754
0.00142814 , 0.159768
0.00215098 , 0.159905
0.000568448 , 0.159604
2.13821e-50 , 0.159495
0.000497187 , 0.159591
2.13821e-50 , 0.159495
