0.0744614 , -0.0269085
0.0752405 , 0.0465101
0.0748255 , 0.0597504
0.0709913 , 0.055052
0.0824886 , 0.0677905
0.075085 , 0.0609404
0.0725237 , 0.0593718
0.0692352 , 0.0542445
0.0790217 , 0.063968
0.0805712 , 0.066394
0.0743051 , 0.060129
0.0658557 , 0.051133
0.0732594 , 0.0573718
0.0690216 , 0.0551598
0.0646697 , 0.0517752
0.0755511 , 0.06186
0.0743051 , 0.0609945
0.0756545 , 0.0626711
0.0765301 , 0.064076
0.0742008 , 0.0613191
0.0705135 , 0.0549982
0.0810663 , 0.0666629
0.0762217 , 0.0627792
0.0687009 , 0.0531694
0.0701413 , 0.055052
0.0722076 , 0.0573178
