0.00196688 , 0.0566763
0.000573712 , 0.0563237
0.000519994 , 0.05631
0.000493162 , 0.0563032
0.000816312 , 0.0563855
0.000667887 , 0.0563477
0.000265809 , 0.0562451
0.00131941 , 0.0565131
0.000667887 , 0.0563477
0.00280669 , 0.0568868
0.00103315 , 0.0564405
0.000412772 , 0.0562827
0.00142896 , 0.0565407
0.00110113 , 0.0564578
0.000640958 , 0.0563409
0.000694834 , 0.0563546
0.000573712 , 0.0563237
8.08368e-32 , 0.056177
0.00173162 , 0.0566171
0.000789287 , 0.0563786
0.000721799 , 0.0563615
0.00129207 , 0.0565061
0.00191142 , 0.0566624
0.00122378 , 0.0564889
0.000762278 , 0.0563717
0.0016351 , 0.0565928
0.00077578 , 0.0563752
0.000789287 , 0.0563786
0.00241295 , 0.0567883
0.00148384 , 0.0565546
0.000829832 , 0.0563889
0.000938144 , 0.0564164
0.00162133 , 0.0565893
0.00091104 , 0.0564096
0.00122378 , 0.0564889
0.00237095 , 0.0567778
6.62822e-05 , 0.056194
0.00198076 , 0.0566798
0.00182835 , 0.0566415
0.00185602 , 0.0566484
8.08368e-32 , 0.056177
0.000587152 , 0.0563272
0.00160756 , 0.0565858
0.000452947 , 0.0562929
0.00198076 , 0.0566798
0.00103315 , 0.0564405
0.000721799 , 0.0563615
0.000573712 , 0.0563237
0.00160756 , 0.0565858
0.000681358 , 0.0563512
8.08368e-32 , 0.056177
8.08368e-32 , 0.056177
0.00114198 , 0.0564681
0.000694834 , 0.0563546
0.000748781 , 0.0563683
0.00039939 , 0.0562793
0.00129207 , 0.0565061
0.0022731 , 0.0567532
0.000667887 , 0.0563477
0.000279147 , 0.0562485
0.00245499 , 0.0567988
0.000992405 , 0.0564302
0.00126474 , 0.0564992
0.00092459 , 0.056413
0.00077578 , 0.0563752
0.000721799 , 0.0563615
0.000359269 , 0.056269
0.00178687 , 0.056631
0.00110113 , 0.0564578
0.000587152 , 0.0563272
0.000667887 , 0.0563477
0.00155253 , 0.056572
0.0015938 , 0.0565824
0.000870416 , 0.0563992
0.00156628 , 0.0565754
0.000479753 , 0.0562998
0.000265809 , 0.0562451
0.00152504 , 0.056565
0.00039939 , 0.0562793
0.000938144 , 0.0564164
0.000600597 , 0.0563306
0.000816312 , 0.0563855
0.000938144 , 0.0564164
0.000667887 , 0.0563477
0.0011556 , 0.0564716
1.32473e-05 , 0.0561804
0.00077578 , 0.0563752
0.00123743 , 0.0564923
0.000748781 , 0.0563683
0.000938144 , 0.0564164
0.00106033 , 0.0564474
0.00138785 , 0.0565304
0.00198076 , 0.0566798
0.00231502 , 0.0567637
0.00195301 , 0.0566728
0.00149757 , 0.0565581
0.000546844 , 0.0563169
0.00077578 , 0.0563752
0.000212502 , 0.0562315
0.000951703 , 0.0564199
