0.00930197 , -0.0269085
0.00961408 , -0.0120607
0.00594485 , -0.00764373
0.0107551 , -0.00348155
0.0100451 , -0.00306288
0.00965317 , -0.00552081
0.0102811 , -0.00357766
0.0146417 , 0.00131467
0.00737739 , -0.00573499
0.00961408 , -0.00455956
0.011671 , -0.00185191
0.0119917 , -0.00257538
0.0103205 , -0.00424506
0.0052014 , -0.00743931
0.0110329 , -0.00536718
0.0126773 , -0.00128604
0.00756783 , -0.00443402
0.0112318 , -0.00251002
0.00934092 , -0.00609967
0.0110726 , -0.00101771
0.0113115 , -0.000136734
0.00833406 , -0.00433964
0.0111124 , -0.00312752
0.00402709 , -0.00793392
0.0110726 , -0.00286844
0.00542367 , -0.005213
0.00937989 , -0.00125257
0.0127178 , -0.002182
0.0130831 , 0.000412101
0.0103994 , -0.00673032
0.0131644 , -0.000748087
0.0122331 , -0.000781861
0.00973142 , -0.0037693
0.0125155 , -0.00309521
0.0052014 , -0.00764373
0.0154728 , 0.000171363
0.00906865 , -0.00555147
0.011751 , -0.00195115
0.00922412 , -0.00480961
0.013409 , -0.000204981
0.0111124 , -0.00338525
