0.0276794 , -0.0269085
0.0371513 , 0.00779694
0.0271162 , 0.011711
0.0360447 , 0.0200481
0.0339539 , 0.0195676
0.0332143 , 0.0189162
0.0321368 , 0.016903
0.0355442 , 0.020663
0.0412362 , 0.0237495
0.0294813 , 0.0155146
0.0354443 , 0.0210603
0.0343003 , 0.0175836
0.0348961 , 0.0190028
0.0288618 , 0.0148488
0.0382654 , 0.0218151
0.0390291 , 0.0242502
0.0379608 , 0.0243871
0.0349956 , 0.0205309
0.0355442 , 0.0213704
0.030585 , 0.015306
0.0373533 , 0.0213704
0.0378594 , 0.0223961
0.0411329 , 0.0254891
0.0386214 , 0.0228903
0.0390291 , 0.0235227
0.0329196 , 0.0187
0.0412362 , 0.0244785
0.0350952 , 0.0201795
0.0281037 , 0.0143114
