0.173272 , 0.0146004
0.162045 , 0.142287
0.169696 , 0.15849
0.176598 , 0.172878
0.170147 , 0.163305
0.159572 , 0.160966
0.167864 , 0.159367
0.160403 , 0.157893
0.172103 , 0.170879
0.171158 , 0.168812
0.169075 , 0.162931
0.163381 , 0.161682
0.160263 , 0.154301
0.171252 , 0.166038
0.162412 , 0.162707
0.174585 , 0.166282
0.166857 , 0.165796
0.160966 , 0.150035
0.173571 , 0.172489
0.168812 , 0.1689
0.170972 , 0.163684
0.165796 , 0.162485
0.166445 , 0.163836
0.168812 , 0.160333
0.171533 , 0.162118
0.165796 , 0.157501
0.16376 , 0.164066
0.166609 , 0.161037
0.162485 , 0.155465
0.166609 , 0.16161
0.172008 , 0.16694
0.177821 , 0.173973
0.173272 , 0.175842
0.171252 , 0.164298
