0.190715 , 0.0214148
0.195075 , 0.157762
0.190045 , 0.181786
0.20903 , 0.206334
0.189067 , 0.188906
0.178392 , 0.175418
0.185006 , 0.180904
0.199941 , 0.199036
0.190045 , 0.186598
0.186598 , 0.188747
0.18417 , 0.182561
0.193738 , 0.189389
0.179804 , 0.177934
0.182692 , 0.178048
0.191924 , 0.185864
0.184865 , 0.183222
0.187348 , 0.184585
0.191748 , 0.190546
0.18349 , 0.17726
0.19926 , 0.193182
0.19668 , 0.190211
0.19488 , 0.191574
0.17726 , 0.174482
0.191748 , 0.18988
0.181279 , 0.179564
0.193366 , 0.186746
