0.142907 , -0.00247732
0.133224 , 0.117267
0.134269 , 0.128728
0.136057 , 0.130404
0.140648 , 0.135756
0.138068 , 0.13448
0.137847 , 0.133016
0.138917 , 0.135115
0.138513 , 0.135371
0.139322 , 0.137012
0.137891 , 0.13448
0.137714 , 0.134311
0.13339 , 0.129762
0.13675 , 0.130324
0.136533 , 0.132315
0.135885 , 0.130929
0.139685 , 0.135371
0.139097 , 0.134649
0.141251 , 0.137626
0.14172 , 0.137935
0.136187 , 0.132603
0.133265 , 0.128807
0.133182 , 0.127156
0.137582 , 0.133182
0.139822 , 0.135713
0.143583 , 0.14172
