0.117155 , -0.0191695
0.115112 , 0.0970083
0.115483 , 0.108163
0.119616 , 0.113105
0.11604 , 0.110269
0.117527 , 0.11236
0.116486 , 0.110644
0.118048 , 0.112398
0.116598 , 0.112174
0.117862 , 0.112509
0.118831 , 0.114889
0.118981 , 0.114592
0.119541 , 0.114592
0.121793 , 0.118086
0.123003 , 0.119541
0.116709 , 0.110494
0.11448 , 0.108503
0.116152 , 0.110194
0.118235 , 0.112137
0.117676 , 0.111913
0.115483 , 0.109444
0.123079 , 0.116821
0.11578 , 0.109106
0.11656 , 0.111988
0.110868 , 0.105115
0.118757 , 0.112509
