0.151262 , 0.00230127
0.146477 , 0.128649
0.149053 , 0.144564
0.147095 , 0.141579
0.150035 , 0.144169
0.15388 , 0.149487
0.145461 , 0.141532
0.14927 , 0.145461
0.153167 , 0.149161
0.148838 , 0.145663
0.156407 , 0.150311
0.150868 , 0.148892
0.14526 , 0.142955
0.148038 , 0.1431
0.151831 , 0.148356
0.146734 , 0.141485
0.146785 , 0.142287
0.143244 , 0.140004
0.148091 , 0.143583
0.1507 , 0.146425
0.148356 , 0.144218
0.146631 , 0.142477
0.150644 , 0.144911
0.146425 , 0.143244
0.149924 , 0.146631
0.151946 , 0.146837
