0.181279 , 0.0196984
0.171817 , 0.148999
0.181028 , 0.173371
0.179684 , 0.174895
0.175418 , 0.17278
0.177148 , 0.173272
0.179804 , 0.176707
0.175313 , 0.172103
0.185575 , 0.178507
0.186009 , 0.182561
0.174895 , 0.172008
0.188431 , 0.18376
0.180166 , 0.178048
0.181658 , 0.178277
0.174277 , 0.172976
0.179445 , 0.175313
0.181531 , 0.177148
0.182042 , 0.180288
0.18041 , 0.177934
0.173371 , 0.172392
0.171252 , 0.165716
0.180045 , 0.174074
0.181914 , 0.177595
0.171252 , 0.167441
0.173973 , 0.169429
0.182824 , 0.176927
