0.286461 , 0.0290045
0.261943 , 0.170329
0.276739 , 0.232015
0.243489 , 0.239407
1 , 0.302771
0.302771 , 0.318702
0.257808 , 0.24968
0.230616 , 0.225081
0.269756 , 0.257808
0.24037 , 0.238478
0.239407 , 0.23671
0.261943 , 0.255966
0.247026 , 0.243489
0.266877 , 0.255966
0.259793 , 0.255966
0.245794 , 0.244616
0.257808 , 0.255966
0.264291 , 0.264291
0.286461 , 0.281127
0.293277 , 0.281127
0.266877 , 0.266877
0.239407 , 0.237579
0.302771 , 0.293277
0.286461 , 0.281127
0.264291 , 0.264291
0.238478 , 0.238478
0.24968 , 0.245794
0.257808 , 0.252633
0.293277 , 0.276739
