1 , 1
1 , 1
0.194576 , 0.194583
1 , 1
1 , 1
0.205668 , 0.205672
1 , 1
0.174124 , 0.174149
0.174124 , 0.174149
1 , 1
1 , 1
1 , 1
0.169955 , 0.169987
1 , 1
1 , 1
1 , 1
1 , 1
1 , 1
1 , 1
1 , 1
1 , 1
1 , 1
0.205668 , 0.205672
1 , 1
1 , 1
0.183326 , 0.18334
1 , 1
1 , 1
1 , 1
1 , 1
0.160323 , 0.160381
1 , 1
0.205668 , 0.205672
1 , 1
1 , 1
1 , 1
1 , 1
0.194576 , 0.194583
1 , 1
1 , 1
1 , 1
0.194576 , 0.194583
1 , 1
1 , 1
1 , 1
1 , 1
0.1593 , 0.159362
1 , 1
1 , 1
1 , 1
0.194576 , 0.194583
0.183326 , 0.18334
1 , 1
0.176669 , 0.176691
1 , 1
0.162569 , 0.16262
0.194576 , 0.194583
1 , 1
1 , 1
1 , 1
1 , 1
0.183326 , 0.18334
1 , 1
1 , 1
1 , 1
1 , 1
1 , 1
1 , 1
0.194576 , 0.194583
1 , 1
1 , 1
1 , 1
1 , 1
0.188015 , 0.188025
1 , 1
1 , 1
0.17967 , 0.179687
1 , 1
0.169955 , 0.169987
1 , 1
0.169955 , 0.169987
1 , 1
1 , 1
1 , 1
1 , 1
1 , 1
1 , 1
1 , 1
1 , 1
1 , 1
1 , 1
1 , 1
1 , 1
0.169955 , 0.169987
1 , 1
0.174124 , 0.174149
1 , 1
1 , 1
1 , 1
1 , 1
