0.0102944 , 0.00359661 , 0.0218982
0.0103946 , 0.00363456 , 0.0219354
0.0088099 , 0.00304365 , 0.0213553
0.0108483 , 0.00380754 , 0.0221052
0.0104291 , 0.00364765 , 0.0219483
0.00883405 , 0.00305251 , 0.0213641
0.00933245 , 0.0032364 , 0.0215446
0.00886124 , 0.0030625 , 0.0213739
0.00952248 , 0.00330699 , 0.0216138
0.01031 , 0.00360253 , 0.021904
0.00899141 , 0.00311038 , 0.0214209
0.00996718 , 0.00347325 , 0.0217771
0.0107218 , 0.00375913 , 0.0220577
0.00914026 , 0.00316528 , 0.0214747
0.00986486 , 0.00343486 , 0.0217394
0.0102412 , 0.00357651 , 0.0218784
0.00857818 , 0.00295877 , 0.021272
0.0108863 , 0.00382211 , 0.0221195
0.00884311 , 0.00305584 , 0.0213673
0.00757152 , 0.00259395 , 0.0209139
0.00898535 , 0.00310815 , 0.0214187
0.0104762 , 0.00366553 , 0.0219658
0.00934468 , 0.00324094 , 0.021549
0.00966403 , 0.00335974 , 0.0216656
0.00992374 , 0.00345694 , 0.0217611
0.0112618 , 0.00396682 , 0.0222616
0.0100045 , 0.00348726 , 0.0217908
0.0101071 , 0.0035259 , 0.0218287
0.00984938 , 0.00342906 , 0.0217337
0.00923777 , 0.00320133 , 0.0215101
0.00802117 , 0.00275616 , 0.0210731
0.00865025 , 0.00298513 , 0.0212979
0.0109783 , 0.00385745 , 0.0221542
0.00962705 , 0.00334595 , 0.0216521
0.0108072 , 0.00379177 , 0.0220897
0.0104699 , 0.00366315 , 0.0219635
0.00921947 , 0.00319456 , 0.0215035
0.0101009 , 0.00352355 , 0.0218264
0.00753357 , 0.00258031 , 0.0209005
0.00967019 , 0.00336204 , 0.0216679
0.0127177 , 0.00454152 , 0.0228257
0.00866529 , 0.00299064 , 0.0213033
0.0123114 , 0.00437882 , 0.022666
0.00843144 , 0.0029052 , 0.0212194
0.00833293 , 0.00286932 , 0.0211842
0.0110641 , 0.00389048 , 0.0221866
0.00980915 , 0.00341399 , 0.0217189
0.0115341 , 0.00407263 , 0.0223654
0.0111246 , 0.0039138 , 0.0222095
0.00902174 , 0.00312156 , 0.0214318
0.0108262 , 0.00379904 , 0.0220969
0.0108356 , 0.00380268 , 0.0221004
0.00976587 , 0.00339779 , 0.021703
0.00977823 , 0.00340242 , 0.0217075
0.0101445 , 0.00353999 , 0.0218426
0.0110133 , 0.00387089 , 0.0221674
0.00823169 , 0.00283251 , 0.0211481
0.00969178 , 0.0033701 , 0.0216758
0.010132 , 0.00353529 , 0.021838
0.00850623 , 0.00293249 , 0.0212462
0.00945188 , 0.00328073 , 0.0215881
0.0107503 , 0.00377 , 0.0220684
0.0112906 , 0.00397796 , 0.0222725
0.0090916 , 0.00314732 , 0.0214571
0.0105453 , 0.00369183 , 0.0219916
0.00995477 , 0.00346859 , 0.0217725
0.00822575 , 0.00283035 , 0.021146
0.0104322 , 0.00364884 , 0.0219494
0.00984318 , 0.00342674 , 0.0217314
0.00874958 , 0.00302152 , 0.0213336
0.0101165 , 0.00352942 , 0.0218322
0.0102194 , 0.00356825 , 0.0218703
0.00951633 , 0.0033047 , 0.0216116
0.0102756 , 0.00358951 , 0.0218912
0.00879783 , 0.00303922 , 0.021351
0.00981533 , 0.00341631 , 0.0217212
0.00955013 , 0.00331728 , 0.021624
0.0109625 , 0.00385134 , 0.0221482
0.00871945 , 0.00301048 , 0.0213228
0.00896413 , 0.00310034 , 0.021411
0.00907944 , 0.00314283 , 0.0214527
0.0108325 , 0.00380147 , 0.0220993
0.0110069 , 0.00386844 , 0.022165
0.00966403 , 0.00335974 , 0.0216656
0.00920727 , 0.00319005 , 0.0214991
0.0088945 , 0.00307472 , 0.0213859
0.00808628 , 0.00277974 , 0.0210963
0.0112554 , 0.00396435 , 0.0222591
0.00867732 , 0.00299504 , 0.0213076
0.00832696 , 0.00286715 , 0.0211821
0.0104165 , 0.00364289 , 0.0219436
0.00775601 , 0.00266036 , 0.0209791
0.00884613 , 0.00305695 , 0.0213684
0.0100791 , 0.00351534 , 0.0218184
0.0101539 , 0.00354352 , 0.021846
0.0093508 , 0.00324321 , 0.0215512
0.00696616 , 0.00237732 , 0.0207013
0.0101975 , 0.00356 , 0.0218622
0.00992064 , 0.00345578 , 0.0217599
0.00976896 , 0.00339895 , 0.0217041
