0.00975192 , 0.00378662 , 0.0172499
0.00952151 , 0.00368711 , 0.0171517
0.00945539 , 0.00365869 , 0.0171237
0.00963132 , 0.00373444 , 0.0171984
0.0100722 , 0.00392626 , 0.0173877
0.00933795 , 0.00360837 , 0.0170741
0.0104382 , 0.00408776 , 0.017547
0.0101228 , 0.00394844 , 0.0174095
0.00942857 , 0.00364718 , 0.0171123
0.0102452 , 0.00400232 , 0.0174627
0.0106131 , 0.00416569 , 0.0176238
0.00974359 , 0.00378301 , 0.0172463
0.00996092 , 0.00387756 , 0.0173396
0.0119392 , 0.00477373 , 0.0182237
0.0102706 , 0.00401353 , 0.0174737
0.0113766 , 0.00451194 , 0.0179654
0.00937293 , 0.00362334 , 0.0170888
0.00871495 , 0.00334453 , 0.0168138
0.00985625 , 0.00383194 , 0.0172946
0.00917387 , 0.00353838 , 0.017005
0.0102367 , 0.00399859 , 0.017459
0.00954013 , 0.00369512 , 0.0171596
0.0102727 , 0.00401446 , 0.0174747
0.0105085 , 0.00411901 , 0.0175778
0.0103575 , 0.00405195 , 0.0175116
0.00938529 , 0.00362863 , 0.017094
0.00961057 , 0.00372548 , 0.0171896
0.00677807 , 0.00255289 , 0.0160328
0.00949256 , 0.00367466 , 0.0171395
0.0101438 , 0.0039577 , 0.0174187
0.0107717 , 0.0042368 , 0.017694
0.00952978 , 0.00369067 , 0.0171552
0.0083882 , 0.00320812 , 0.0166792
0.00913911 , 0.00352361 , 0.0169904
0.00918 , 0.003541 , 0.0170076
0.00842411 , 0.00322305 , 0.0166939
0.00917796 , 0.00354013 , 0.0170067
0.0101903 , 0.00397811 , 0.0174388
0.0109462 , 0.00431552 , 0.0177716
0.0109462 , 0.00431552 , 0.0177716
0.0106645 , 0.00418867 , 0.0176465
0.0100722 , 0.00392626 , 0.0173877
0.0103936 , 0.00406794 , 0.0175274
0.0085361 , 0.00326971 , 0.01674
0.00952151 , 0.00368711 , 0.0171517
0.00974359 , 0.00378301 , 0.0172463
0.0108104 , 0.00425421 , 0.0177112
0.00912481 , 0.00351753 , 0.0169844
0.00972693 , 0.00377579 , 0.0172392
0.011274 , 0.00446479 , 0.0179189
0.0100764 , 0.00392811 , 0.0173895
0.00987088 , 0.00383831 , 0.0173009
0.00938529 , 0.00362863 , 0.017094
0.0103957 , 0.00406889 , 0.0175283
0.0102664 , 0.00401166 , 0.0174719
0.010804 , 0.00425131 , 0.0177083
0.00998818 , 0.00388947 , 0.0173514
0.00896793 , 0.00345106 , 0.0169189
0.0082589 , 0.00315449 , 0.0166263
0.00998189 , 0.00388672 , 0.0173486
0.00951117 , 0.00368266 , 0.0171473
0.00993577 , 0.00386658 , 0.0173288
0.00891919 , 0.00343047 , 0.0168986
0.0100155 , 0.00390141 , 0.0173631
0.0094905 , 0.00367377 , 0.0171386
0.00948636 , 0.003672 , 0.0171368
0.0103723 , 0.00405853 , 0.0175181
0.00945952 , 0.00366046 , 0.0171254
0.00987506 , 0.00384013 , 0.0173027
0.0102156 , 0.00398928 , 0.0174498
0.00926811 , 0.00357854 , 0.0170446
0.00948843 , 0.00367289 , 0.0171377
0.00921276 , 0.00355494 , 0.0170213
0.00941207 , 0.00364011 , 0.0171054
0.0105512 , 0.00413802 , 0.0175965
0.0109722 , 0.00432726 , 0.0177832
0.0112936 , 0.0044738 , 0.0179278
0.009827 , 0.00381922 , 0.0172821
0.0106859 , 0.00419827 , 0.017656
0.00984162 , 0.00382557 , 0.0172883
0.00894964 , 0.00344333 , 0.0169112
0.00970404 , 0.00376588 , 0.0172294
0.00962094 , 0.00372996 , 0.017194
0.00997979 , 0.00388581 , 0.0173477
0.00896386 , 0.00344934 , 0.0169172
0.00931739 , 0.00359959 , 0.0170654
0.0110436 , 0.00435966 , 0.0178152
0.0096002 , 0.00372101 , 0.0171852
0.0102918 , 0.00402288 , 0.017483
0.00994415 , 0.00387024 , 0.0173324
0.012823 , 0.00519731 , 0.0186415
0.00924555 , 0.00356891 , 0.0170351
0.00980613 , 0.00381015 , 0.0172731
0.0112609 , 0.0044588 , 0.017913
0.0101734 , 0.00397068 , 0.0174315
0.00994415 , 0.00387024 , 0.0173324
0.0101101 , 0.00394289 , 0.0174041
0.00999028 , 0.00389039 , 0.0173523
0.0103511 , 0.00404913 , 0.0175089
0.0105277 , 0.00412756 , 0.0175862
