0.00161751 , 0.000351524 , 0.202841
0.00627655 , 0.00134577 , 0.203634
0.00616339 , 0.00132193 , 0.203615
0.0023807 , 0.000516205 , 0.202972
0.0112459 , 0.00237931 , 0.204458
0.00459058 , 0.000988977 , 0.203349
0.00684399 , 0.00146513 , 0.203729
0.00879371 , 0.00187255 , 0.204054
0.00867815 , 0.00184852 , 0.204035
0.0164195 , 0.00342917 , 0.205295
0.00571183 , 0.00122663 , 0.203539
0.00616339 , 0.00132193 , 0.203615
0.00673028 , 0.00144124 , 0.20371
0.0107751 , 0.00228249 , 0.204381
0.00764299 , 0.00163259 , 0.203863
0.00937318 , 0.00199286 , 0.20415
0.00833211 , 0.00177647 , 0.203977
0.00259973 , 0.000563331 , 0.20301
0.00856269 , 0.00182449 , 0.204016
0.00867815 , 0.00184852 , 0.204035
0.00627655 , 0.00134577 , 0.203634
0.00537431 , 0.00115524 , 0.203482
0.0065032 , 0.00139349 , 0.203672
0.00925707 , 0.00196878 , 0.204131
0.0107751 , 0.00228249 , 0.204381
0.0099554 , 0.00211339 , 0.204246
0.00481396 , 0.00103644 , 0.203387
0.00370141 , 0.000799465 , 0.203198
0.00879371 , 0.00187255 , 0.204054
0.00314921 , 0.000681294 , 0.203104
0.0100722 , 0.00213752 , 0.204265
0.00593739 , 0.00127426 , 0.203577
0.00948941 , 0.00201695 , 0.204169
0.00492581 , 0.00106018 , 0.203406
0.00914107 , 0.00194471 , 0.204112
0.00972218 , 0.00206515 , 0.204208
0.0099554 , 0.00211339 , 0.204246
0.0127884 , 0.00269497 , 0.20471
0.00571183 , 0.00122663 , 0.203539
0.00775757 , 0.00165655 , 0.203882
0.0119555 , 0.00252481 , 0.204574
0.00902517 , 0.00192065 , 0.204092
0.0108927 , 0.00230668 , 0.2044
0.00764299 , 0.00163259 , 0.203863
0.00752852 , 0.00160864 , 0.203844
0.0142288 , 0.00298768 , 0.204943
0.00718576 , 0.00153685 , 0.203786
0.00616339 , 0.00132193 , 0.203615
0.00925707 , 0.00196878 , 0.204131
0.0158073 , 0.00330624 , 0.205197
0.0139876 , 0.0029388 , 0.204904
0.011837 , 0.00250054 , 0.204555
0.00752852 , 0.00160864 , 0.203844
0.00718576 , 0.00153685 , 0.203786
0.0154413 , 0.00323259 , 0.205139
0.0108927 , 0.00230668 , 0.2044
0.011837 , 0.00250054 , 0.204555
0.00741416 , 0.0015847 , 0.203824
0.00436763 , 0.000941549 , 0.203312
0.00810196 , 0.00172847 , 0.203939
0.0123118 , 0.00259768 , 0.204632
0.00844735 , 0.00180047 , 0.203997
0.0121929 , 0.00257338 , 0.204613
0.0105404 , 0.00223413 , 0.204342
0.011482 , 0.00242778 , 0.204497
0.0112459 , 0.00237931 , 0.204458
0.00810196 , 0.00172847 , 0.203939
0.00856269 , 0.00182449 , 0.204016
0.00593739 , 0.00127426 , 0.203577
0.00526203 , 0.00113147 , 0.203463
0.0113639 , 0.00240354 , 0.204477
0.0101891 , 0.00216166 , 0.204285
0.00914107 , 0.00194471 , 0.204112
0.00775757 , 0.00165655 , 0.203882
0.00492581 , 0.00106018 , 0.203406
0.0105404 , 0.00223413 , 0.204342
0.0125498 , 0.00264631 , 0.204671
0.00890939 , 0.0018966 , 0.204073
0.0117185 , 0.00247628 , 0.204535
0.00764299 , 0.00163259 , 0.203863
0.00627655 , 0.00134577 , 0.203634
0.00718576 , 0.00153685 , 0.203786
0.00673028 , 0.00144124 , 0.20371
0.00436763 , 0.000941549 , 0.203312
0.00937318 , 0.00199286 , 0.20415
0.0124308 , 0.00262199 , 0.204652
0.0119555 , 0.00252481 , 0.204574
0.010306 , 0.00218581 , 0.204304
0.00571183 , 0.00122663 , 0.203539
0.0124308 , 0.00262199 , 0.204652
0.0030391 , 0.000657684 , 0.203085
0.00707173 , 0.00151293 , 0.203767
0.00879371 , 0.00187255 , 0.204054
0.00661668 , 0.00141736 , 0.203691
0.00718576 , 0.00153685 , 0.203786
0.00370141 , 0.000799465 , 0.203198
0.00325944 , 0.000704911 , 0.203123
0.00392305 , 0.000846793 , 0.203236
0.00867815 , 0.00184852 , 0.204035
0.00559922 , 0.00120282 , 0.20352
