0.00914578 , 0.00457057 , 0.0114174
0.010146 , 0.00521897 , 0.0120613
0.00955074 , 0.00482835 , 0.0116734
0.0105838 , 0.00551526 , 0.0123556
0.0105255 , 0.00547533 , 0.0123159
0.0109481 , 0.00576762 , 0.0126062
0.0109593 , 0.00577546 , 0.012614
0.010497 , 0.00545591 , 0.0122966
0.00940309 , 0.00473362 , 0.0115793
0.00932368 , 0.00468303 , 0.011529
0.00997509 , 0.00510538 , 0.0119485
0.0104474 , 0.00542214 , 0.0122631
0.00993365 , 0.00507801 , 0.0119213
0.0106042 , 0.00552921 , 0.0123694
0.00965033 , 0.00489273 , 0.0117373
0.00959284 , 0.00485552 , 0.0117003
0.0104427 , 0.00541894 , 0.0122599
0.00975525 , 0.00496098 , 0.0118051
0.00921869 , 0.00461651 , 0.011463
0.0105362 , 0.00548263 , 0.0123231
0.0108566 , 0.00570372 , 0.0125427
0.00978496 , 0.00498038 , 0.0118243
0.00934374 , 0.00469578 , 0.0115417
0.0111162 , 0.00588588 , 0.0127236
0.00934057 , 0.00469377 , 0.0115397
0.0103385 , 0.00534832 , 0.0121898
0.00913333 , 0.00456275 , 0.0114096
0.0105409 , 0.00548589 , 0.0123264
0.0106437 , 0.00555641 , 0.0123964
0.0104486 , 0.00542294 , 0.0122639
0.00951096 , 0.00480274 , 0.0116479
0.00997172 , 0.00510315 , 0.0119463
0.0096362 , 0.00488357 , 0.0117282
0.0103409 , 0.0053499 , 0.0121913
0.0105922 , 0.005521 , 0.0123612
0.0103934 , 0.00538546 , 0.0122266
0.00904141 , 0.00450517 , 0.0113524
0.00929208 , 0.00466296 , 0.0115091
0.0107453 , 0.00562647 , 0.012466
0.009621 , 0.00487373 , 0.0117184
0.011008 , 0.00580959 , 0.0126479
0.0106137 , 0.00553579 , 0.0123759
0.00991913 , 0.00506844 , 0.0119118
0.00945742 , 0.00476838 , 0.0116138
0.0101826 , 0.00524345 , 0.0120856
0.0100449 , 0.00515165 , 0.0119944
0.00902805 , 0.00449682 , 0.0113441
0.00894106 , 0.00444268 , 0.0112903
0.0104663 , 0.00543497 , 0.0122758
0.00924694 , 0.00463436 , 0.0114807
0.00942117 , 0.00474517 , 0.0115908
0.0105695 , 0.00550545 , 0.0123458
0.00953244 , 0.00481657 , 0.0116617
0.0101107 , 0.0051954 , 0.0120379
0.00920094 , 0.0046053 , 0.0114519
0.0105112 , 0.00546561 , 0.0123062
0.00950881 , 0.00480136 , 0.0116466
0.0101152 , 0.00519843 , 0.0120409
0.0103689 , 0.00536883 , 0.0122101
0.0104216 , 0.00540456 , 0.0122456
0.0111213 , 0.00588946 , 0.0127272
0.0102124 , 0.00526344 , 0.0121055
0.0104899 , 0.00545107 , 0.0122918
0.0105922 , 0.005521 , 0.0123612
0.00922705 , 0.00462179 , 0.0114682
0.00983354 , 0.00501218 , 0.0118559
0.00984905 , 0.00502236 , 0.011866
0.010651 , 0.00556138 , 0.0124013
0.00939672 , 0.00472955 , 0.0115752
0.00991355 , 0.00506476 , 0.0119082
0.00990909 , 0.00506182 , 0.0119052
0.0103234 , 0.00533811 , 0.0121796
0.0101164 , 0.00519919 , 0.0120417
0.0104333 , 0.00541254 , 0.0122535
0.0100743 , 0.0051712 , 0.0120139
0.00907541 , 0.00452642 , 0.0113735
0.00958203 , 0.00484854 , 0.0116934
0.0109543 , 0.00577197 , 0.0126105
0.00978936 , 0.00498326 , 0.0118272
0.00982912 , 0.00500928 , 0.0118531
0.00939778 , 0.00473023 , 0.0115759
0.0111594 , 0.00591643 , 0.012754
0.0100517 , 0.00515615 , 0.0119989
0.00909709 , 0.00454001 , 0.011387
0.0096525 , 0.00489414 , 0.0117387
0.0101198 , 0.00520147 , 0.0120439
0.0105946 , 0.00552264 , 0.0123629
0.0106389 , 0.0055531 , 0.0123931
0.0102724 , 0.00530372 , 0.0121455
0.00995603 , 0.00509278 , 0.011936
0.00983576 , 0.00501364 , 0.0118574
0.0100789 , 0.00517422 , 0.0120169
0.00976405 , 0.00496672 , 0.0118108
0.00900547 , 0.00448274 , 0.0113301
0.00978275 , 0.00497894 , 0.0118229
0.0103385 , 0.00534832 , 0.0121898
0.00978165 , 0.00497822 , 0.0118222
0.00908366 , 0.00453159 , 0.0113786
0.0113084 , 0.00602238 , 0.0128592
0.010535 , 0.00548182 , 0.0123223
