0.0100141 , 0.00557481 , 0.0112801
0.010675 , 0.00606976 , 0.0117722
0.0097077 , 0.00535164 , 0.0110582
0.010376 , 0.00584354 , 0.0115473
0.0093506 , 0.00509661 , 0.0108047
0.0108704 , 0.00621957 , 0.0119212
0.0106456 , 0.00604731 , 0.0117499
0.009509 , 0.00520906 , 0.0109165
0.00918579 , 0.00498076 , 0.0106895
0.0097966 , 0.00541598 , 0.0111222
0.0107642 , 0.00613794 , 0.01184
0.01095 , 0.00628105 , 0.0119823
0.0106326 , 0.00603747 , 0.0117401
0.00976236 , 0.00539116 , 0.0110975
0.0103186 , 0.00580058 , 0.0115046
0.0111758 , 0.00645684 , 0.0121571
0.0103489 , 0.00582326 , 0.0115271
0.00966059 , 0.00531768 , 0.0110245
0.0102706 , 0.00576475 , 0.011469
0.0102197 , 0.00572679 , 0.0114312
0.00932223 , 0.00507659 , 0.0107848
0.0105383 , 0.00596585 , 0.0116689
0.00875537 , 0.00468373 , 0.0103941
0.00994581 , 0.00552473 , 0.0112303
0.00939088 , 0.0051251 , 0.010833
0.0103805 , 0.00584693 , 0.0115507
0.00919059 , 0.00498412 , 0.0106928
0.0104122 , 0.00587075 , 0.0115744
0.00919923 , 0.00499016 , 0.0106988
0.0106479 , 0.0060491 , 0.0117517
0.00880737 , 0.00471919 , 0.0104294
0.0097914 , 0.00541221 , 0.0111185
0.0107966 , 0.00616279 , 0.0118647
0.00952603 , 0.00522121 , 0.0109286
0.0103647 , 0.00583508 , 0.0115389
0.0094671 , 0.00517921 , 0.0108868
0.00890125 , 0.0047835 , 0.0104934
0.0104031 , 0.00586393 , 0.0115676
0.00940863 , 0.00513768 , 0.0108455
0.0096657 , 0.00532136 , 0.0110281
0.0102985 , 0.00578554 , 0.0114896
0.00997773 , 0.00554812 , 0.0112536
0.00955416 , 0.00524131 , 0.0109485
0.0095723 , 0.00525429 , 0.0109614
0.00995431 , 0.00553096 , 0.0112365
0.00934668 , 0.00509384 , 0.0108019
0.0107427 , 0.00612146 , 0.0118236
0.0117966 , 0.00695051 , 0.0126479
0.00969231 , 0.00534053 , 0.0110472
0.00937907 , 0.00511674 , 0.0108247
0.0103063 , 0.00579138 , 0.0114955
0.00879456 , 0.00471044 , 0.0104207
0.00944029 , 0.00516015 , 0.0108678
0.00942642 , 0.0051503 , 0.010858
0.00992672 , 0.00551077 , 0.0112164
0.00946511 , 0.00517779 , 0.0108854
0.00880462 , 0.00471731 , 0.0104275
0.00922908 , 0.00501107 , 0.0107196
0.00911132 , 0.0049288 , 0.0106378
0.0102263 , 0.00573172 , 0.0114361
0.0109217 , 0.00625918 , 0.0119606
0.011002 , 0.00632133 , 0.0120224
0.0113494 , 0.00659336 , 0.0122928
0.0103085 , 0.00579305 , 0.0114971
0.0112491 , 0.0065143 , 0.0122142
0.00987923 , 0.00547609 , 0.011182
0.00942642 , 0.0051503 , 0.010858
0.00924549 , 0.00502259 , 0.0107311
0.0108668 , 0.00621676 , 0.0119184
0.00971387 , 0.0053561 , 0.0110627
0.00953104 , 0.00522479 , 0.0109321
0.00956322 , 0.0052478 , 0.010955
0.0105244 , 0.00595536 , 0.0116585
0.0109983 , 0.00631843 , 0.0120195
0.0109772 , 0.00630209 , 0.0120032
0.00997667 , 0.00554734 , 0.0112528
0.0103726 , 0.005841 , 0.0115448
0.0103276 , 0.00580729 , 0.0115113
0.0105094 , 0.00594402 , 0.0116472
0.0092397 , 0.00501852 , 0.010727
0.0104088 , 0.00586819 , 0.0115718
0.0105487 , 0.00597374 , 0.0116768
0.0100798 , 0.00562318 , 0.0113282
0.00797953 , 0.00416843 , 0.00988181
0.00921751 , 0.00500297 , 0.0107116
0.00931345 , 0.0050704 , 0.0107786
0.0103794 , 0.00584608 , 0.0115498
0.00976754 , 0.00539491 , 0.0111013
0.0101724 , 0.00569166 , 0.0113963
0.0119618 , 0.00708439 , 0.012781
0.00938694 , 0.00512231 , 0.0108302
0.00968616 , 0.0053361 , 0.0110428
0.0108002 , 0.00616557 , 0.0118675
0.0102119 , 0.00572105 , 0.0114255
0.0092513 , 0.00502666 , 0.0107351
0.00947009 , 0.00518133 , 0.0108889
0.00989292 , 0.00548608 , 0.0111919
0.0110933 , 0.00639239 , 0.012093
0.0103108 , 0.00579473 , 0.0114988
0.0102108 , 0.00572023 , 0.0114247
