0.0099582 , 0.00593912 , 0.0107846
0.0102596 , 0.00618083 , 0.0110251
0.00924762 , 0.00538464 , 0.0102328
0.0102018 , 0.00613415 , 0.0109787
0.0109578 , 0.00675492 , 0.0115964
0.0092032 , 0.00535072 , 0.0101991
0.00978958 , 0.00580556 , 0.0106517
0.00852365 , 0.00484289 , 0.0096937
0.0113511 , 0.00708645 , 0.0119263
0.0103679 , 0.00626863 , 0.0111125
0.00898507 , 0.00518542 , 0.0100346
0.00904252 , 0.00522875 , 0.0100777
0.0112385 , 0.00699099 , 0.0118313
0.0105626 , 0.00642758 , 0.0112707
0.00923246 , 0.00537305 , 0.0102213
0.00919661 , 0.00534569 , 0.0101941
0.00976458 , 0.00578586 , 0.0106321
0.00976666 , 0.0057875 , 0.0106337
0.00942095 , 0.00551786 , 0.0103654
0.0107012 , 0.0065417 , 0.0113842
0.00950367 , 0.0055819 , 0.0104291
0.00932978 , 0.00544762 , 0.0102955
0.0095625 , 0.00562763 , 0.0104746
0.0109775 , 0.00677139 , 0.0116128
0.00963818 , 0.00568668 , 0.0105334
0.0104977 , 0.0063744 , 0.0112177
0.0112441 , 0.0069957 , 0.011836
0.00974176 , 0.0057679 , 0.0106142
0.00956149 , 0.00562685 , 0.0104738
0.010565 , 0.00642956 , 0.0112726
0.0101927 , 0.00612689 , 0.0109714
0.0112122 , 0.00696872 , 0.0118092
0.00949673 , 0.00557651 , 0.0104237
0.00926472 , 0.00539772 , 0.0102458
0.00963615 , 0.00568509 , 0.0105318
0.0101961 , 0.00612961 , 0.0109741
0.0108605 , 0.00667375 , 0.0115156
0.0107412 , 0.00657474 , 0.0114171
0.00990461 , 0.00589654 , 0.0107422
0.00916378 , 0.00532069 , 0.0101692
0.0110265 , 0.00681238 , 0.0116536
0.0107149 , 0.00655302 , 0.0113955
0.0103796 , 0.0062781 , 0.0111219
0.0106591 , 0.00650695 , 0.0113496
0.0110665 , 0.00684599 , 0.011687
0.00900052 , 0.00519705 , 0.0100461
0.0107437 , 0.00657682 , 0.0114192
0.010456 , 0.00634038 , 0.0111839
0.0101289 , 0.00607559 , 0.0109204
0.0108145 , 0.00663548 , 0.0114776
0.00934809 , 0.0054617 , 0.0103095
0.00964937 , 0.00569543 , 0.0105421
0.00955148 , 0.00561905 , 0.0104661
0.00933845 , 0.00545428 , 0.0103021
0.010536 , 0.00640581 , 0.011249
0.00978332 , 0.00580063 , 0.0106468
0.0103158 , 0.00622631 , 0.0110704
0.0103146 , 0.00622537 , 0.0110694
0.00952952 , 0.00560197 , 0.0104491
0.0106039 , 0.00646151 , 0.0113044
0.0105529 , 0.00641965 , 0.0112628
0.0100189 , 0.00598747 , 0.0108327
0.00994637 , 0.00592971 , 0.0107752
0.0105264 , 0.00639793 , 0.0112412
0.00836555 , 0.00472777 , 0.00957914
0.0110518 , 0.00683363 , 0.0116747
0.0104489 , 0.00633458 , 0.0111781
0.0102505 , 0.00617347 , 0.0110178
0.0100091 , 0.00597965 , 0.0108249
0.0103273 , 0.00623567 , 0.0110797
0.0106161 , 0.00647155 , 0.0113144
0.0108081 , 0.0066302 , 0.0114723
0.010221 , 0.00614964 , 0.0109941
0.00978645 , 0.0058031 , 0.0106492
0.00969434 , 0.00573067 , 0.0105771
0.0106603 , 0.00650797 , 0.0113507
0.00975316 , 0.00577687 , 0.0106231
0.00968614 , 0.00572423 , 0.0105707
0.009718 , 0.00574923 , 0.0105956
0.00958057 , 0.00564171 , 0.0104886
0.0105966 , 0.00645549 , 0.0112984
0.0102085 , 0.00613961 , 0.0109841
0.0110066 , 0.0067957 , 0.011637
0.0107726 , 0.00660079 , 0.011443
0.0113539 , 0.00708887 , 0.0119287
0.0100593 , 0.00601981 , 0.0108649
0.00982205 , 0.00583119 , 0.0106772
0.0100747 , 0.00603212 , 0.0108771
0.0103784 , 0.00627715 , 0.011121
0.00914884 , 0.00530932 , 0.0101579
0.0104893 , 0.00636756 , 0.0112109
0.0114026 , 0.00713032 , 0.01197
0.0102493 , 0.00617255 , 0.0110169
0.00979899 , 0.00581298 , 0.0106591
0.0102018 , 0.00613415 , 0.0109787
0.0104691 , 0.00635103 , 0.0111945
0.00959466 , 0.0056527 , 0.0104996
0.00923814 , 0.00537739 , 0.0102256
0.00863498 , 0.00492464 , 0.00977505
0.0103505 , 0.00625446 , 0.0110984
