0.00848799 , 0.00203433 , 0.0964766
0.00715844 , 0.00172325 , 0.0961949
0.00814492 , 0.00195428 , 0.0964041
0.00682119 , 0.00164397 , 0.0961232
0.00719225 , 0.00173119 , 0.0962021
0.00420958 , 0.00102441 , 0.0955622
0.0110731 , 0.00263297 , 0.0970186
0.0125048 , 0.00296126 , 0.0973158
0.00848799 , 0.00203433 , 0.0964766
0.0110022 , 0.00261664 , 0.0970038
0.00651893 , 0.00157278 , 0.0960587
0.00879802 , 0.00210654 , 0.096542
0.0096307 , 0.00229992 , 0.096717
0.00685485 , 0.00165189 , 0.0961303
0.00935218 , 0.00223533 , 0.0966586
0.00893621 , 0.00213869 , 0.0965711
0.00766712 , 0.00184254 , 0.0963029
0.0123966 , 0.00293652 , 0.0972934
0.00804229 , 0.0019303 , 0.0963824
0.00931744 , 0.00222726 , 0.0966513
0.0160413 , 0.00376311 , 0.0980418
0.013741 , 0.00324297 , 0.0975708
0.0152927 , 0.0035944 , 0.097889
0.0134121 , 0.00316816 , 0.0975031
0.0103312 , 0.00246195 , 0.0968637
0.00756512 , 0.00181865 , 0.0962813
0.0101555 , 0.00242137 , 0.096827
0.00712465 , 0.00171531 , 0.0961878
0.0122166 , 0.00289533 , 0.0972561
0.00780334 , 0.00187442 , 0.0963318
0.0106837 , 0.00254328 , 0.0969374
0.010719 , 0.00255142 , 0.0969447
0.00793979 , 0.00190634 , 0.0963607
0.0096307 , 0.00229992 , 0.096717
0.00862563 , 0.0020664 , 0.0965056
0.0119651 , 0.00283776 , 0.097204
0.00502587 , 0.00121919 , 0.0957386
0.0128303 , 0.00303559 , 0.0973831
0.00879802 , 0.00210654 , 0.096542
0.00852238 , 0.00204234 , 0.0964838
0.00585159 , 0.00141515 , 0.095916
0.0110731 , 0.00263297 , 0.0970186
0.0104016 , 0.0024782 , 0.0968784
0.00935218 , 0.00223533 , 0.0966586
0.0144027 , 0.00339311 , 0.0977068
0.0066867 , 0.00161231 , 0.0960945
0.0091786 , 0.00219503 , 0.0966221
0.0100152 , 0.00238893 , 0.0967976
0.0102257 , 0.00243759 , 0.0968417
0.00486185 , 0.00118014 , 0.0957032
0.00749719 , 0.00180273 , 0.0962669
0.0102257 , 0.00243759 , 0.0968417
0.0154793 , 0.00363649 , 0.0979271
0.0118576 , 0.00281312 , 0.0971817
0.00879802 , 0.00210654 , 0.096542
0.0137044 , 0.00323464 , 0.0975633
0.00753115 , 0.00181069 , 0.0962741
0.00966558 , 0.002308 , 0.0967244
0.00872902 , 0.00209048 , 0.0965274
0.00817916 , 0.00196227 , 0.0964113
0.0110731 , 0.00263297 , 0.0970186
0.0109667 , 0.00260848 , 0.0969964
0.0067203 , 0.00162022 , 0.0961017
0.0116429 , 0.00276389 , 0.0971371
0.00952614 , 0.00227568 , 0.0966951
0.00628468 , 0.00151752 , 0.0960087
0.0129754 , 0.00306868 , 0.097413
0.0126494 , 0.00299427 , 0.0973457
0.006586 , 0.00158859 , 0.096073
0.00756512 , 0.00181865 , 0.0962813
0.00970048 , 0.00231608 , 0.0967317
0.00759911 , 0.00182661 , 0.0962885
0.00688852 , 0.00165981 , 0.0961375
0.00605117 , 0.00146236 , 0.0959587
0.0133756 , 0.00315985 , 0.0974956
0.00869454 , 0.00208245 , 0.0965202
0.00970048 , 0.00231608 , 0.0967317
0.0112863 , 0.002682 , 0.097063
0.00949132 , 0.00226761 , 0.0966878
0.0137776 , 0.00325129 , 0.0975784
0.0096307 , 0.00229992 , 0.096717
0.0085912 , 0.00205838 , 0.0964984
0.00935218 , 0.00223533 , 0.0966586
0.00391805 , 0.000954575 , 0.095499
0.0126132 , 0.00298602 , 0.0973382
0.006586 , 0.00158859 , 0.096073
0.00598458 , 0.00144661 , 0.0959445
0.00800811 , 0.00192231 , 0.0963752
0.0119651 , 0.00283776 , 0.097204
0.0143289 , 0.00337639 , 0.0976916
0.0140345 , 0.00330961 , 0.0976312
0.0128666 , 0.00304386 , 0.0973906
0.00682119 , 0.00164397 , 0.0961232
0.00848799 , 0.00203433 , 0.0964766
0.00678754 , 0.00163605 , 0.096116
0.00725991 , 0.00174707 , 0.0962165
0.00763311 , 0.00183457 , 0.0962957
0.0101204 , 0.00241325 , 0.0968196
0.0126855 , 0.00300253 , 0.0973532
0.0107897 , 0.00256771 , 0.0969595
