0.0109113 , 0.00786307 , 0.011062
0.00890033 , 0.00601184 , 0.00921669
0.0100316 , 0.00703953 , 0.0102411
0.0092922 , 0.00636318 , 0.0095669
0.0104552 , 0.00743381 , 0.0106341
0.00940939 , 0.00646925 , 0.00967264
0.00966057 , 0.00669808 , 0.00990072
0.0104587 , 0.0074371 , 0.0106374
0.0105138 , 0.00748872 , 0.0106888
0.0100347 , 0.00704235 , 0.0102439
0.0109154 , 0.00786696 , 0.0110658
0.0095493 , 0.00659647 , 0.00979945
0.00977322 , 0.00680133 , 0.0100036
0.00953244 , 0.0065811 , 0.00978413
0.0122221 , 0.00911865 , 0.0123135
0.0103094 , 0.00729758 , 0.0104983
0.0103044 , 0.0072929 , 0.0104936
0.0104764 , 0.00745364 , 0.0106538
0.0106384 , 0.00760574 , 0.0108055
0.0097205 , 0.00675296 , 0.00995543
0.00967273 , 0.00670921 , 0.00991182
0.00931747 , 0.00638601 , 0.00958966
0.00976344 , 0.00679235 , 0.00999469
0.00943562 , 0.00649306 , 0.00969636
0.00955191 , 0.00659885 , 0.00980181
0.0119586 , 0.00886403 , 0.0120597
0.00885401 , 0.00597067 , 0.00917566
0.00856975 , 0.00571979 , 0.00892559
0.0119318 , 0.00883819 , 0.0120339
0.011044 , 0.00798883 , 0.0111873
0.00961771 , 0.00665889 , 0.00986167
0.0104675 , 0.00744535 , 0.0106456
0.0109527 , 0.00790232 , 0.0111011
0.00926002 , 0.00633412 , 0.00953794
0.0102977 , 0.00728668 , 0.0104874
0.00999526 , 0.0070059 , 0.0102075
0.0118616 , 0.00877057 , 0.0119665
0.00901691 , 0.0061158 , 0.00932032
0.0100043 , 0.00701426 , 0.0102159
0.00926002 , 0.00633412 , 0.00953794
0.0103737 , 0.00735758 , 0.0105581
0.0114342 , 0.00836048 , 0.0115578
0.0102712 , 0.00726193 , 0.0104628
0.00999225 , 0.00700311 , 0.0102048
0.00912988 , 0.006217 , 0.00942119
0.0116343 , 0.00855218 , 0.0117488
0.0093006 , 0.00637077 , 0.00957447
0.0101833 , 0.00718015 , 0.0103812
0.00963907 , 0.00667841 , 0.00988112
0.0101897 , 0.00718612 , 0.0103872
0.0103329 , 0.00731952 , 0.0105202
0.0104359 , 0.00741576 , 0.0106161
0.0104499 , 0.00742887 , 0.0106292
0.0100607 , 0.00706647 , 0.0102679
0.00888235 , 0.00599585 , 0.00920076
0.0101387 , 0.00713876 , 0.01034
0.0100592 , 0.00706504 , 0.0102665
0.0100576 , 0.00706362 , 0.0102651
0.0103822 , 0.00736558 , 0.0105661
0.00905005 , 0.00614544 , 0.00934987
0.00856208 , 0.00571307 , 0.00891889
0.0108261 , 0.00778254 , 0.0109817
0.00960179 , 0.00664435 , 0.00984717
0.00971226 , 0.00674541 , 0.0099479
0.0097205 , 0.00675296 , 0.00995543
0.0111562 , 0.00809539 , 0.0112935
0.00991355 , 0.00693046 , 0.0101324
0.0108241 , 0.00778065 , 0.0109798
0.0116584 , 0.00857525 , 0.0117718
0.0105645 , 0.00753625 , 0.0107362
0.0103295 , 0.00731638 , 0.010517
0.010222 , 0.00721618 , 0.0104172
0.0103926 , 0.00737522 , 0.0105757
0.00890033 , 0.00601184 , 0.00921669
0.011105 , 0.00804678 , 0.0112451
0.0110548 , 0.00799909 , 0.0111975
0.00889503 , 0.00600712 , 0.009212
0.0106068 , 0.00757598 , 0.0107758
0.0116962 , 0.00861157 , 0.011808
0.0103651 , 0.00734961 , 0.0105502
0.0101026 , 0.00710525 , 0.0103066
0.0103634 , 0.00734801 , 0.0105486
0.00919312 , 0.00627384 , 0.00947786
0.0102074 , 0.00720261 , 0.0104036
0.00913216 , 0.00621904 , 0.00942323
0.0092982 , 0.0063686 , 0.0095723
0.00931868 , 0.0063871 , 0.00959075
0.00913444 , 0.00622109 , 0.00942527
0.0117875 , 0.00869927 , 0.0118955
0.0106142 , 0.00758295 , 0.0107827
0.00952985 , 0.00657875 , 0.00978178
0.00981124 , 0.00683626 , 0.0100385
0.00886762 , 0.00598276 , 0.00918771
0.0101929 , 0.00718911 , 0.0103902
0.00945828 , 0.00651364 , 0.00971688
0.00899937 , 0.00610012 , 0.0093047
0.0096498 , 0.00668823 , 0.0098909
0.00993857 , 0.00695354 , 0.0101554
0.00965653 , 0.00669438 , 0.00989704
0.00999827 , 0.00700868 , 0.0102103
