0.00928709 , 0.00662578 , 0.00946648
0.0108303 , 0.00808957 , 0.0109261
0.0114177 , 0.00865788 , 0.0114928
0.00966071 , 0.00697537 , 0.00981507
0.00925553 , 0.00659641 , 0.0094372
0.0085693 , 0.00596514 , 0.00880773
0.0107095 , 0.00797332 , 0.0108102
0.0105806 , 0.00784955 , 0.0106868
0.00975087 , 0.00706025 , 0.00989971
0.00973618 , 0.0070464 , 0.0098859
0.00969096 , 0.00700383 , 0.00984345
0.0116291 , 0.00886351 , 0.0116978
0.00956887 , 0.00688912 , 0.00972907
0.0112285 , 0.0084743 , 0.0113097
0.00926373 , 0.00660404 , 0.0094448
0.00864077 , 0.0060302 , 0.00887261
0.00953995 , 0.00686199 , 0.00970202
0.0088441 , 0.0062162 , 0.00905807
0.0102148 , 0.00749984 , 0.010338
0.00928986 , 0.00662835 , 0.00946905
0.0111376 , 0.00838624 , 0.0112219
0.0106191 , 0.00788644 , 0.0107235
0.00990592 , 0.00720665 , 0.0100457
0.00931066 , 0.00664772 , 0.00948836
0.0103571 , 0.00763556 , 0.0104734
0.00995496 , 0.00725307 , 0.010092
0.00968456 , 0.00699781 , 0.00983745
0.00950535 , 0.00682957 , 0.00966969
0.0098938 , 0.00719519 , 0.0100343
0.0106884 , 0.00795298 , 0.0107899
0.00914061 , 0.00648972 , 0.00933082
0.0101741 , 0.00746115 , 0.0102995
0.0101646 , 0.00745203 , 0.0102904
0.0109806 , 0.00823453 , 0.0110706
0.0111237 , 0.00837277 , 0.0112085
0.0115621 , 0.00879831 , 0.0116328
0.00982054 , 0.00712597 , 0.00996524
0.0102051 , 0.00749057 , 0.0103288
0.00923785 , 0.00657998 , 0.00942081
0.0101022 , 0.0073927 , 0.0102312
0.00897052 , 0.0063325 , 0.00917404
0.010426 , 0.00770139 , 0.010539
0.0105784 , 0.0078474 , 0.0106846
0.0119126 , 0.00914018 , 0.0119737
0.00969417 , 0.00700685 , 0.00984646
0.0095445 , 0.00686626 , 0.00970627
0.00939261 , 0.00672415 , 0.00956457
0.0113168 , 0.00855994 , 0.0113951
0.00868385 , 0.0060695 , 0.00891179
0.0106305 , 0.0078974 , 0.0107345
0.0106628 , 0.00792837 , 0.0107653
0.00973943 , 0.00704947 , 0.00988896
0.00984417 , 0.00714828 , 0.00998749
0.00858324 , 0.00597781 , 0.00882037
0.00878929 , 0.00616593 , 0.00900795
0.0116393 , 0.00887344 , 0.0117077
0.0101646 , 0.00745203 , 0.0102904
0.00994614 , 0.00724471 , 0.0100836
0.00979378 , 0.00710072 , 0.00994006
0.0097772 , 0.00708507 , 0.00992446
0.0115954 , 0.00883068 , 0.0116651
0.0105076 , 0.00777953 , 0.0106169
0.0100947 , 0.0073856 , 0.0102241
0.00865726 , 0.00604524 , 0.0088876
0.0100687 , 0.00736095 , 0.0101995
0.00991113 , 0.00721158 , 0.0100506
0.0097248 , 0.00703569 , 0.00987522
0.0096043 , 0.00692237 , 0.00976222
0.0109338 , 0.00818935 , 0.0110256
0.01061 , 0.00787771 , 0.0107148
0.00957194 , 0.00689199 , 0.00973193
0.00950535 , 0.00682957 , 0.00966969
0.00949491 , 0.00681979 , 0.00965994
0.010276 , 0.00755815 , 0.0103962
0.0112459 , 0.00849118 , 0.0113265
0.00896683 , 0.0063291 , 0.00917065
0.00985777 , 0.00716113 , 0.0100003
0.00999055 , 0.00728679 , 0.0101256
0.0097038 , 0.00701592 , 0.0098555
0.010488 , 0.00776079 , 0.0105982
0.0097248 , 0.00703569 , 0.00987522
0.0103923 , 0.00766925 , 0.010507
0.0118084 , 0.00903838 , 0.0118722
0.0102403 , 0.00752412 , 0.0103623
0.00904414 , 0.00640045 , 0.00924179
0.00923785 , 0.00657998 , 0.00942081
0.00995496 , 0.00725307 , 0.010092
0.00912495 , 0.00647521 , 0.00931635
0.00979878 , 0.00710543 , 0.00994476
0.0109938 , 0.00824723 , 0.0110833
0.00944328 , 0.00677149 , 0.00961177
0.0112198 , 0.0084659 , 0.0113013
0.00947709 , 0.00680312 , 0.00964331
0.010119 , 0.00740873 , 0.0102472
0.00844678 , 0.00585402 , 0.00869692
0.0100103 , 0.00730554 , 0.0101443
0.00922568 , 0.00656866 , 0.00940953
0.0101303 , 0.00741948 , 0.0102579
0.00986289 , 0.00716597 , 0.0100051
0.0106837 , 0.00794849 , 0.0107854
