0.00849447 , 0.00612194 , 0.00866012
0.00900025 , 0.00659648 , 0.00913345
0.00940633 , 0.00698196 , 0.00951794
0.0111243 , 0.00864473 , 0.0111765
0.0101711 , 0.00771669 , 0.0102508
0.0104478 , 0.00798492 , 0.0105183
0.0100162 , 0.00756712 , 0.0101016
0.00898001 , 0.00657737 , 0.00911438
0.0108668 , 0.00839293 , 0.0109253
0.00962652 , 0.00719242 , 0.00972786
0.00956363 , 0.00713221 , 0.00966781
0.0087465 , 0.00635757 , 0.00889514
0.0107646 , 0.00829323 , 0.0108259
0.0102355 , 0.007779 , 0.0103129
0.0120271 , 0.00953239 , 0.0120619
0.00919965 , 0.00678531 , 0.00932179
0.0105013 , 0.00803691 , 0.0105702
0.00841954 , 0.00605223 , 0.00859059
0.00979934 , 0.00735825 , 0.00989327
0.00987294 , 0.00742903 , 0.00996387
0.00901773 , 0.006613 , 0.00914992
0.0103393 , 0.00787956 , 0.0104132
0.00962652 , 0.00719242 , 0.00972786
0.0100251 , 0.00757564 , 0.0101101
0.00897426 , 0.00657194 , 0.00910897
0.0110307 , 0.00855314 , 0.0110851
0.0102967 , 0.0078383 , 0.0103721
0.00906495 , 0.00665765 , 0.00919446
0.00967574 , 0.00723959 , 0.00977492
0.00907091 , 0.0066633 , 0.00920009
0.00913904 , 0.00672782 , 0.00926445
0.0094235 , 0.00699834 , 0.00953428
0.0111456 , 0.00866561 , 0.0111973
0.0100924 , 0.00764064 , 0.0101749
0.0107196 , 0.00824936 , 0.0107821
0.0086601 , 0.0062766 , 0.00881438
0.0110409 , 0.00856313 , 0.0110951
0.00969687 , 0.00725986 , 0.00979513
0.0129 , 0.0103962 , 0.0129234
0.0116596 , 0.00917022 , 0.0117006
0.0103166 , 0.00785762 , 0.0103914
0.00964911 , 0.00721407 , 0.00974945
0.0105533 , 0.00808747 , 0.0106206
0.00994458 , 0.00749803 , 0.0100327
0.00850518 , 0.00613192 , 0.00867007
0.00967191 , 0.00723593 , 0.00977126
0.00885779 , 0.00646216 , 0.00899947
0.00991271 , 0.00746733 , 0.0100021
0.011673 , 0.00918344 , 0.0117138
0.00974559 , 0.00730662 , 0.00984177
0.0101199 , 0.00766718 , 0.0102014
0.0096834 , 0.00724694 , 0.00978224
0.011135 , 0.00865515 , 0.0111869
0.0121401 , 0.00964392 , 0.0121731
0.00897426 , 0.00657194 , 0.00910897
0.00976536 , 0.0073256 , 0.00986071
0.00881565 , 0.00642251 , 0.00895992
0.0102282 , 0.00777199 , 0.0103059
0.00866645 , 0.00628254 , 0.00882031
0.010851 , 0.00837754 , 0.01091
0.011467 , 0.00898081 , 0.0115117
0.0123722 , 0.00987335 , 0.0124019
0.0120856 , 0.00959011 , 0.0121194
0.0106523 , 0.00818373 , 0.0107166
0.0101947 , 0.00773956 , 0.0102736
0.0106609 , 0.00819218 , 0.0107251
0.0107495 , 0.00827851 , 0.0108112
0.0118456 , 0.00935341 , 0.0118833
0.0107048 , 0.00823492 , 0.0107677
0.0101923 , 0.00773726 , 0.0102713
0.0100406 , 0.00759064 , 0.0101251
0.00964722 , 0.00721226 , 0.00974765
0.00938079 , 0.00695761 , 0.00949365
0.0104059 , 0.00794419 , 0.0104777
0.00875833 , 0.00636867 , 0.00890622
0.0110409 , 0.00856313 , 0.0110951
0.0101245 , 0.00767164 , 0.0102059
0.0103367 , 0.00787711 , 0.0104108
0.0111962 , 0.00871512 , 0.0112467
0.011233 , 0.00875117 , 0.0112826
0.00966239 , 0.00722679 , 0.00976215
0.01057 , 0.00810367 , 0.0106368
0.0105896 , 0.00812274 , 0.0106558
0.00990218 , 0.00745718 , 0.00999195
0.010696 , 0.00822631 , 0.0107591
0.00997906 , 0.00753126 , 0.0100658
0.0102745 , 0.00781677 , 0.0103506
0.00991482 , 0.00746936 , 0.0100041
0.0105068 , 0.00804218 , 0.0105755
0.0100473 , 0.0075971 , 0.0101315
0.00980741 , 0.00736601 , 0.00990101
0.0108322 , 0.0083592 , 0.0108917
0.0103672 , 0.00790667 , 0.0104403
0.00922336 , 0.00680782 , 0.00934425
0.00980943 , 0.00736795 , 0.00990295
0.0111173 , 0.00863782 , 0.0111696
0.00954001 , 0.00710962 , 0.00964527
0.0108322 , 0.0083592 , 0.0108917
0.00849685 , 0.00612415 , 0.00866233
0.0092959 , 0.00687677 , 0.00941302
