0.0120718 , 0.00982409 , 0.0120921
0.0108401 , 0.00860609 , 0.0108769
0.0102018 , 0.00797951 , 0.0102518
0.0126712 , 0.0104197 , 0.0126864
0.00962327 , 0.00741554 , 0.00968911
0.0108723 , 0.00863781 , 0.0109086
0.00932312 , 0.00712476 , 0.00939899
0.0135146 , 0.01126 , 0.0135248
0.0113935 , 0.00915216 , 0.0114217
0.00946705 , 0.00726403 , 0.00953794
0.00941664 , 0.00721522 , 0.00948924
0.00960737 , 0.0074001 , 0.0096737
0.0135004 , 0.0112459 , 0.0135106
0.0103052 , 0.00808078 , 0.0103528
0.0115717 , 0.0093285 , 0.0115977
0.0106381 , 0.00840743 , 0.0106787
0.00900279 , 0.00681605 , 0.00909098
0.0113474 , 0.00910657 , 0.0113763
0.00825372 , 0.00610213 , 0.0083787
0.0103749 , 0.00814904 , 0.0104209
0.00958933 , 0.0073826 , 0.00965624
0.00913974 , 0.00694781 , 0.00922244
0.00923911 , 0.00704363 , 0.00931804
0.00926418 , 0.00706782 , 0.00934218
0.00897876 , 0.00679296 , 0.00906795
0.00840803 , 0.00624817 , 0.00852441
0.010184 , 0.00796214 , 0.0102345
0.0096508 , 0.00744228 , 0.00971579
0.0120154 , 0.00976814 , 0.0120363
0.00907467 , 0.00688516 , 0.00915994
0.0101988 , 0.00797661 , 0.0102489
0.00826745 , 0.0061151 , 0.00839164
0.0102804 , 0.0080565 , 0.0103286
0.0104872 , 0.00825918 , 0.0105308
0.0143227 , 0.0120667 , 0.0143296
0.0105042 , 0.00827589 , 0.0105475
0.00957144 , 0.00736524 , 0.00963892
0.0112243 , 0.00898495 , 0.0112549
0.00791589 , 0.00578457 , 0.00806187
0.00961644 , 0.00740891 , 0.00968249
0.010047 , 0.00782821 , 0.0101008
0.00928953 , 0.0070923 , 0.00936661
0.0109091 , 0.00867408 , 0.0109448
0.00886556 , 0.00668437 , 0.0089596
0.0101173 , 0.00789689 , 0.0101693
0.00931716 , 0.00711899 , 0.00939324
0.00962099 , 0.00741333 , 0.0096869
0.00981368 , 0.0076007 , 0.00987384
0.0101316 , 0.0079109 , 0.0101833
0.00921433 , 0.00701971 , 0.00929418
0.00971403 , 0.00750374 , 0.0097771
0.00979387 , 0.00758142 , 0.0098546
0.0127784 , 0.0105265 , 0.0127929
0.0105701 , 0.00834061 , 0.0106121
0.00998157 , 0.00776436 , 0.0100371
0.0101087 , 0.00788852 , 0.010161
0.0116058 , 0.00936225 , 0.0116314
0.00847002 , 0.006307 , 0.0085831
0.00996552 , 0.0077487 , 0.0100215
0.0131859 , 0.0109323 , 0.0131978
0.00980871 , 0.00759586 , 0.00986901
0.0102077 , 0.00798533 , 0.0102576
0.0112874 , 0.0090473 , 0.0113171
0.0116757 , 0.00943143 , 0.0117004
0.0121151 , 0.00986706 , 0.012135
0.0116995 , 0.00945501 , 0.0117239
0.0096119 , 0.0074045 , 0.00967809
0.010103 , 0.00788297 , 0.0101555
0.00964619 , 0.0074378 , 0.00971132
0.010187 , 0.00796503 , 0.0102373
0.00880309 , 0.00662455 , 0.00889993
0.0107539 , 0.0085213 , 0.0107923
0.00968102 , 0.00747165 , 0.00974508
0.0117602 , 0.00951518 , 0.0117839
0.00972594 , 0.00751532 , 0.00978866
0.00987162 , 0.00765714 , 0.00993015
0.00944381 , 0.00724151 , 0.00951547
0.0100497 , 0.00783091 , 0.0101035
0.0113272 , 0.00908662 , 0.0113564
0.0108642 , 0.00862983 , 0.0109006
0.0107848 , 0.00855174 , 0.0108227
0.0126149 , 0.0103637 , 0.0126306
0.0110809 , 0.00884344 , 0.0111137
0.0103556 , 0.0081302 , 0.0104021
0.00979387 , 0.00758142 , 0.0098546
0.0101259 , 0.00790528 , 0.0101777
0.00896684 , 0.00678152 , 0.00905653
0.0105145 , 0.00828597 , 0.0105575
0.0089348 , 0.00675077 , 0.00902585
0.0088526 , 0.00667195 , 0.00894722
0.00970218 , 0.00749222 , 0.00976561
0.00936939 , 0.00716949 , 0.00944362
0.00995489 , 0.00773832 , 0.0100111
0.0117541 , 0.00950909 , 0.0117779
0.0119402 , 0.0096936 , 0.0119619
0.0124718 , 0.0102215 , 0.0124886
0.00963012 , 0.0074222 , 0.00969574
0.0109508 , 0.00871514 , 0.0109857
0.011478 , 0.00923579 , 0.0115052
0.00987162 , 0.00765714 , 0.00993015
