0.013176 , 0.011142 , 0.0131829
0.00974429 , 0.00773656 , 0.00978445
0.00970586 , 0.00769883 , 0.00974681
0.00960585 , 0.00760075 , 0.00964893
0.0102853 , 0.00826897 , 0.0103158
0.0116799 , 0.00965085 , 0.0116948
0.0108189 , 0.00879642 , 0.0108421
0.0120325 , 0.0100017 , 0.0120449
0.0103894 , 0.00837175 , 0.0104183
0.00932742 , 0.00732828 , 0.00937702
0.00906945 , 0.00707667 , 0.00912593
0.011844 , 0.00981412 , 0.0118577
0.0102012 , 0.00818605 , 0.010233
0.0093692 , 0.0073691 , 0.00941776
0.0108916 , 0.00886841 , 0.010914
0.010369 , 0.00835156 , 0.0103982
0.00994166 , 0.00793049 , 0.00997799
0.0102892 , 0.00827283 , 0.0103196
0.00941438 , 0.00741328 , 0.00946185
0.0114357 , 0.00940823 , 0.0114527
0.00819978 , 0.00623606 , 0.00828705
0.00980181 , 0.00779304 , 0.00984082
0.00972646 , 0.00771905 , 0.00976699
0.0101494 , 0.00813506 , 0.0101821
0.00807329 , 0.00611497 , 0.00816621
0.00978043 , 0.00777204 , 0.00981986
0.00937417 , 0.00737396 , 0.00942261
0.00994166 , 0.00793049 , 0.00997799
0.0106954 , 0.00867414 , 0.0107201
0.0100568 , 0.00804376 , 0.010091
0.0114013 , 0.00937398 , 0.0114185
0.00926513 , 0.00726745 , 0.00931631
0.0119767 , 0.00994624 , 0.0119896
0.0106574 , 0.00863658 , 0.0106826
0.0133342 , 0.0113 , 0.0133406
0.00912821 , 0.00713391 , 0.00918305
0.0103771 , 0.00835961 , 0.0104062
0.0109022 , 0.00887892 , 0.0109245
0.0110284 , 0.00900398 , 0.0110493
0.0107936 , 0.00877135 , 0.0108171
0.00961984 , 0.00761446 , 0.00966261
0.00969709 , 0.00769023 , 0.00973822
0.0101678 , 0.00815312 , 0.0102002
0.00955355 , 0.0075495 , 0.00959779
0.0113473 , 0.00932039 , 0.011365
0.0108549 , 0.00883209 , 0.0108777
0.0107986 , 0.00877634 , 0.0108221
0.0106954 , 0.00867414 , 0.0107201
0.012382 , 0.0103499 , 0.0123924
0.0134668 , 0.0114325 , 0.0134727
0.00838311 , 0.00641214 , 0.00846277
0.00945282 , 0.00745088 , 0.00949937
0.0112563 , 0.00923002 , 0.0112748
0.0119048 , 0.00987466 , 0.0119181
0.0102352 , 0.00821955 , 0.0102664
0.0111331 , 0.00910779 , 0.0111529
0.010824 , 0.00880148 , 0.0108472
0.00908885 , 0.00709557 , 0.00914479
0.0118017 , 0.009772 , 0.0118157
0.010431 , 0.00841277 , 0.0104593
0.00975927 , 0.00775126 , 0.00979913
0.0108497 , 0.00882695 , 0.0108726
0.0107195 , 0.00869799 , 0.0107439
0.012294 , 0.0102622 , 0.0123049
0.0096311 , 0.0076255 , 0.00967363
0.00969126 , 0.00768451 , 0.00973252
0.00967967 , 0.00767314 , 0.00972116
0.0110003 , 0.0089761 , 0.0110214
0.0112626 , 0.00923633 , 0.0112811
0.0133526 , 0.0113184 , 0.0133589
0.0110115 , 0.00898721 , 0.0110325
0.0133342 , 0.0113 , 0.0133406
0.0100394 , 0.00802669 , 0.010074
0.00917736 , 0.00718182 , 0.00923086
0.0109836 , 0.00895956 , 0.0110049
0.015082 , 0.0130476 , 0.0150845
0.0100394 , 0.00802669 , 0.010074
0.00969126 , 0.00768451 , 0.00973252
0.00943993 , 0.00743827 , 0.00948678
0.010297 , 0.00828056 , 0.0103273
0.0102658 , 0.00824981 , 0.0102967
0.00940173 , 0.00740091 , 0.0094495
0.00981105 , 0.00780211 , 0.00984987
0.00965667 , 0.00765058 , 0.00969865
0.0101026 , 0.00808888 , 0.010136
0.00928648 , 0.00728829 , 0.00933711
0.0129528 , 0.0109193 , 0.0129606
0.014195 , 0.0121603 , 0.014199
0.0102162 , 0.00820087 , 0.0102478
0.00992854 , 0.00791759 , 0.00996511
0.00973536 , 0.00772778 , 0.0097757
0.0101349 , 0.00812073 , 0.0101678
0.00949991 , 0.00749698 , 0.00954537
0.00905023 , 0.00705796 , 0.00910726
0.0106109 , 0.00859062 , 0.0106368
0.0116179 , 0.0095892 , 0.0116333
0.010681 , 0.00865997 , 0.010706
0.0160541 , 0.0140207 , 0.0160557
0.0102814 , 0.00826513 , 0.0103119
0.011896 , 0.00986589 , 0.0119094
