0.00847166 , 0.0066666 , 0.00852331
0.0120491 , 0.0102064 , 0.0120565
0.00980187 , 0.00797288 , 0.00982715
0.00954999 , 0.00772421 , 0.00957895
0.00848322 , 0.00667786 , 0.00853456
0.00856813 , 0.00676065 , 0.00861719
0.00878355 , 0.00697113 , 0.00882728
0.0101473 , 0.00831462 , 0.0101683
0.00929204 , 0.00747011 , 0.00932532
0.0111747 , 0.00933495 , 0.0111867
0.0105708 , 0.00873466 , 0.0105875
0.00921705 , 0.00739635 , 0.0092517
0.0104313 , 0.00859614 , 0.0104493
0.00847551 , 0.00667035 , 0.00852705
0.00777026 , 0.0059872 , 0.00784519
1 , 1 , 1
0.0096221 , 0.00779535 , 0.00964996
0.00901843 , 0.00720127 , 0.00905699
0.00901843 , 0.00720127 , 0.00905699
0.0112482 , 0.00940817 , 0.0112598
0.0107856 , 0.00894797 , 0.0108004
0.0121412 , 0.0102984 , 0.0121483
0.0103835 , 0.00854873 , 0.0104019
0.0112989 , 0.00945866 , 0.0113102
0.011901 , 0.0100587 , 0.0119091
0.0210945 , 0.0192614 , 0.0210946
0.00902866 , 0.0072113 , 0.009067
0.00970436 , 0.00787655 , 0.00973101
0.00975624 , 0.00792779 , 0.00978215
0.016911 , 0.0150705 , 0.0169116
0.0118892 , 0.0100469 , 0.0118973
0.0107662 , 0.00892869 , 0.0107812
0.0111587 , 0.00931906 , 0.0111708
0.0131844 , 0.0113404 , 0.0131884
0.0109134 , 0.00907505 , 0.0109273
0.0103369 , 0.0085025 , 0.0103558
0.00988046 , 0.00805057 , 0.00990469
0.00811297 , 0.0063181 , 0.00817547
0.00840929 , 0.00660586 , 0.00846269
0.0123257 , 0.0104825 , 0.0123321
0.00906227 , 0.00724429 , 0.00909993
0.00806089 , 0.00626768 , 0.00812514
0.0100178 , 0.00818638 , 0.0100403
0.0115558 , 0.00971458 , 0.0115656
0.0101705 , 0.00833766 , 0.0101913
0.0109274 , 0.00908895 , 0.0109411
0.0107856 , 0.00894797 , 0.0108004
0.0089046 , 0.00708966 , 0.00894558
0.00956351 , 0.00773755 , 0.00959227
0.0142933 , 0.0124496 , 0.0142955
0.00918619 , 0.00736601 , 0.00922142
0.0103216 , 0.00848735 , 0.0103407
0.00925129 , 0.00743003 , 0.00928531
0.011265 , 0.00942485 , 0.0112764
0.0121012 , 0.0102584 , 0.0121084
0.0111508 , 0.00931117 , 0.0111629
0.0125643 , 0.0107208 , 0.0125699
0.0093701 , 0.00754695 , 0.00940202
0.00923409 , 0.00741311 , 0.00926843
0.0120109 , 0.0101684 , 0.0120185
0.0102228 , 0.00838939 , 0.0102429
0.010342 , 0.00850758 , 0.0103609
0.00990876 , 0.00807855 , 0.00993263
0.0124175 , 0.0105742 , 0.0124236
0.0191008 , 0.0172641 , 0.019101
0.00932468 , 0.00750223 , 0.00935738
0.0126513 , 0.0108076 , 0.0126566
0.0107921 , 0.00895444 , 0.0108069
0.00907799 , 0.00725972 , 0.00911533
0.0128583 , 0.0110145 , 0.0128631
0.0105194 , 0.00868358 , 0.0105365
0.00883153 , 0.00701808 , 0.00887414
0.0107091 , 0.00887201 , 0.0107246
0.00873895 , 0.0069275 , 0.00878373
0.0088408 , 0.00702716 , 0.0088832
0.0119859 , 0.0101434 , 0.0119936
0.0105766 , 0.00874042 , 0.0105933
0.0134391 , 0.0115951 , 0.0134426
0.0121412 , 0.0102984 , 0.0121483
0.0128986 , 0.0110548 , 0.0129033
0.0110136 , 0.00917464 , 0.0110267
0.00726078 , 0.00549976 , 0.00735865
0.00978272 , 0.00795396 , 0.00980827
0.0101243 , 0.00829186 , 0.0101455
0.0111116 , 0.00927222 , 0.0111241
0.0143824 , 0.0125388 , 0.0143845
0.0115558 , 0.00971458 , 0.0115656
0.00976 , 0.00793151 , 0.00978586
0.0108118 , 0.008974 , 0.0108264
0.00953656 , 0.00771097 , 0.00956573
0.00946435 , 0.00763979 , 0.00949468
0.0123407 , 0.0104975 , 0.012347
0.00893365 , 0.00711813 , 0.008974
0.0112234 , 0.00938344 , 0.0112351
0.00916405 , 0.00734426 , 0.0091997
0.00895327 , 0.00713736 , 0.00899319
0.0100614 , 0.0082296 , 0.0100834
0.0102519 , 0.00841824 , 0.0102717
0.0113957 , 0.009555 , 0.0114063
0.00986448 , 0.00803476 , 0.00988892
