0.00923661 , 0.00757381 , 0.00925919
0.0105906 , 0.00891793 , 0.010601
0.0117098 , 0.0100341 , 0.0117153
0.00903613 , 0.00737573 , 0.00906144
0.00984615 , 0.00817773 , 0.00986209
0.00992768 , 0.00825868 , 0.0099429
0.00947051 , 0.00780528 , 0.00949027
0.00865578 , 0.00700085 , 0.0086872
1 , 1 , 1
0.0146656 , 0.0129904 , 0.0146666
0.00955301 , 0.00788701 , 0.00957186
0.0148305 , 0.0131555 , 0.0148314
0.0117098 , 0.0100341 , 0.0117153
0.0105531 , 0.00888054 , 0.0105637
0.0110975 , 0.00942306 , 0.0111053
0.0115984 , 0.00992288 , 0.0116043
0.00866347 , 0.00700842 , 0.00869476
0.018803 , 0.0171339 , 0.018803
1 , 1 , 1
0.0116394 , 0.00996375 , 0.0116451
0.0102847 , 0.00861352 , 0.0102971
0.0103105 , 0.0086391 , 0.0103227
0.0113129 , 0.00963786 , 0.0113197
0.010222 , 0.00855118 , 0.0102349
0.0081753 , 0.0065294 , 0.00821655
0.0125641 , 0.0108877 , 0.0125675
0.0122243 , 0.010548 , 0.0122283
1 , 1 , 1
0.0111489 , 0.00947432 , 0.0111565
0.0110476 , 0.00937326 , 0.0110556
0.011585 , 0.00990947 , 0.0115909
0.0157133 , 0.0140395 , 0.0157139
0.00841196 , 0.00676129 , 0.00844805
0.0120763 , 0.0104002 , 0.0120807
0.00979703 , 0.00812899 , 0.00981343
0.00999139 , 0.00832195 , 0.0100061
0.0109895 , 0.00931532 , 0.0109977
0.0101261 , 0.00845584 , 0.0101397
0.0074428 , 0.00581669 , 0.00750506
0.0107915 , 0.00911799 , 0.0108007
0.0115984 , 0.00992288 , 0.0116043
0.0122243 , 0.010548 , 0.0122283
0.00849432 , 0.00684214 , 0.00852876
0.010272 , 0.00860087 , 0.0102845
0.0108259 , 0.00915224 , 0.0108349
0.00840526 , 0.00675471 , 0.00844149
0.00863037 , 0.00697585 , 0.00866225
0.0100296 , 0.00835995 , 0.010044
0.00871033 , 0.00705453 , 0.0087408
0.0113244 , 0.00964933 , 0.0113312
1 , 1 , 1
0.00995925 , 0.00829003 , 0.00997419
0.0094867 , 0.00782132 , 0.00950628
0.00972582 , 0.00805834 , 0.00974289
0.00948264 , 0.0078173 , 0.00950226
0.0106136 , 0.00894076 , 0.0106238
0.011612 , 0.0099364 , 0.0116178
0.00836341 , 0.00671366 , 0.0084005
0.0145151 , 0.0128398 , 0.0145162
0.00985114 , 0.00818268 , 0.00986703
0.00929775 , 0.00763428 , 0.00931956
0.00951128 , 0.00784567 , 0.00953058
0.00945046 , 0.00778543 , 0.00947045
0.00938396 , 0.00771958 , 0.00940472
0.0100022 , 0.00833272 , 0.0100168
0.0104241 , 0.0087522 , 0.0104356
0.010304 , 0.00863267 , 0.0103163
0.00915708 , 0.0074952 , 0.00918071
0.0129868 , 0.0113104 , 0.0129894
0.00994867 , 0.00827951 , 0.0099637
0.0120068 , 0.0103307 , 0.0120114
0.0127892 , 0.0111127 , 0.0127921
0.0119075 , 0.0102315 , 0.0119123
0.0101794 , 0.00850882 , 0.0101926
0.0140722 , 0.0123964 , 0.0140736
0.0108521 , 0.00917839 , 0.010861
0.0102469 , 0.00857585 , 0.0102595
0.00913691 , 0.00747526 , 0.00916081
0.0114937 , 0.00981836 , 0.0114999
0.00987629 , 0.00820765 , 0.00989195
0.0101087 , 0.00843853 , 0.0101224
0.00956998 , 0.00790383 , 0.00958865
0.00949895 , 0.00783345 , 0.00951839
0.0121673 , 0.0104911 , 0.0121715
0.0106603 , 0.00898734 , 0.0106703
1 , 1 , 1
1 , 1 , 1
0.00816942 , 0.00652364 , 0.00821081
0.00901102 , 0.00735094 , 0.0090367
0.00934973 , 0.00768571 , 0.0093709
0.00874226 , 0.00708597 , 0.00877218
0.00945046 , 0.00778543 , 0.00947045
0.00987629 , 0.00820765 , 0.00989195
0.0116672 , 0.00999154 , 0.0116728
0.00904882 , 0.00738825 , 0.00907395
1 , 1 , 1
0.0109058 , 0.00923187 , 0.0109144
0.00784708 , 0.00620901 , 0.00789671
0.0125878 , 0.0109113 , 0.0125911
0.00987123 , 0.00820263 , 0.00988694
