0.0104078 , 0.00888157 , 0.0104151
0.0190052 , 0.0174851 , 0.0190053
1 , 1 , 1
0.00914457 , 0.00762476 , 0.00916022
0.0104802 , 0.00895379 , 0.0104872
0.00897802 , 0.00745961 , 0.00899532
0.0116729 , 0.0101448 , 0.0116763
0.0106973 , 0.00917037 , 0.0107034
0.0100079 , 0.00848312 , 0.0100172
0.00980469 , 0.00828076 , 0.0098152
0.00981708 , 0.0082931 , 0.00982752
0.0129539 , 0.0114258 , 0.0129554
0.0125863 , 0.0110581 , 0.0125883
0.00919534 , 0.00767514 , 0.00921052
0.0106868 , 0.00915989 , 0.010693
0.0121039 , 0.0105756 , 0.0121065
0.0112266 , 0.00969875 , 0.011231
0.00927448 , 0.0077537 , 0.00928896
0.0146804 , 0.013154 , 0.0146809
0.0102555 , 0.00872974 , 0.0102635
1 , 1 , 1
0.00960144 , 0.00807857 , 0.00961332
0.00830193 , 0.00679115 , 0.0083279
0.0154059 , 0.0138805 , 0.0154063
0.0100361 , 0.00851113 , 0.0100452
0.0107079 , 0.00918092 , 0.010714
0.00981708 , 0.0082931 , 0.00982752
0.00945991 , 0.00793789 , 0.00947286
0.00754339 , 0.00604632 , 0.00758422
0.00911155 , 0.00759201 , 0.00912752
0.0132706 , 0.0117428 , 0.0132718
0.0104346 , 0.00890828 , 0.0104418
0.00947506 , 0.00795294 , 0.00948789
0.0109842 , 0.00945675 , 0.0109894
1 , 1 , 1
0.0115807 , 0.0100526 , 0.0115843
0.0100938 , 0.00856861 , 0.0101026
0.00951095 , 0.00798861 , 0.0095235
0.0098612 , 0.00833701 , 0.00987136
0.0104167 , 0.00889042 , 0.0104239
0.0154059 , 0.0138805 , 0.0154063
0.00943496 , 0.0079131 , 0.00944811
0.0108518 , 0.0093246 , 0.0108574
1 , 1 , 1
0.0103641 , 0.00883798 , 0.0103716
0.0128348 , 0.0113067 , 0.0128364
0.00984215 , 0.00831804 , 0.00985243
0.0102474 , 0.00872171 , 0.0102555
0.0113942 , 0.00986621 , 0.0113982
0.0126196 , 0.0110914 , 0.0126215
0.0116729 , 0.0101448 , 0.0116763
0.00943002 , 0.00790818 , 0.0094432
0.00913625 , 0.00761652 , 0.00915199
0.0139376 , 0.0124104 , 0.0139384
0.0104988 , 0.00897235 , 0.0105057
0.00981708 , 0.0082931 , 0.00982752
0.0112856 , 0.0097577 , 0.0112899
0.00978017 , 0.00825636 , 0.00979084
0.0084781 , 0.00696499 , 0.00850146
0.00918677 , 0.00766664 , 0.00920203
0.0107079 , 0.00918092 , 0.010714
0.00867462 , 0.00715921 , 0.00869539
0.00912386 , 0.00760422 , 0.00913971
0.0081867 , 0.0066776 , 0.00821452
0.0106764 , 0.00914947 , 0.0106826
0.0140141 , 0.0124869 , 0.0140149
0.00993964 , 0.0084151 , 0.00994934
0.0101688 , 0.00864339 , 0.0101773
0.0123417 , 0.0108135 , 0.012344
0.00891138 , 0.00739358 , 0.00892939
1 , 1 , 1
0.00912798 , 0.00760831 , 0.00914379
0.0129132 , 0.0113852 , 0.0129148
0.00948524 , 0.00796305 , 0.00949799
0.00909124 , 0.00757186 , 0.0091074
1 , 1 , 1
0.00955825 , 0.00803562 , 0.00957045
0.0108289 , 0.00930167 , 0.0108345
0.0114266 , 0.00989857 , 0.0114305
0.0089333 , 0.0074153 , 0.00895108
0.0101384 , 0.00861307 , 0.010147
0.00739927 , 0.00590563 , 0.00744374
0.00913211 , 0.00761241 , 0.00914788
0.00860656 , 0.00709191 , 0.00862819
0.0100079 , 0.00848312 , 0.0100172
0.00788127 , 0.00637727 , 0.00791466
0.0124595 , 0.0109313 , 0.0124616
0.0101843 , 0.00865876 , 0.0101926
0.00890775 , 0.00738998 , 0.00892581
0.0118321 , 0.0103039 , 0.0118352
1 , 1 , 1
0.00883681 , 0.00731972 , 0.00885565
1 , 1 , 1
0.0110611 , 0.00953355 , 0.0110661
0.0142675 , 0.0127406 , 0.0142682
0.0112411 , 0.00971329 , 0.0112455
0.0149336 , 0.0134076 , 0.0149341
0.00869686 , 0.00718121 , 0.00871735
0.0114933 , 0.00996525 , 0.0114971
0.00957431 , 0.0080516 , 0.0095864
