0.00909613 , 0.00770494 , 0.00910674
1 , 1 , 1
0.00887952 , 0.00748959 , 0.0088917
0.00954781 , 0.00815462 , 0.00955579
0.0111387 , 0.00974264 , 0.0111416
0.0105756 , 0.00918001 , 0.0105797
0.00818023 , 0.00679609 , 0.00819918
0.0100843 , 0.00868955 , 0.01009
0.00985729 , 0.0084631 , 0.00986384
0.011785 , 0.0103889 , 0.0117869
0.00917362 , 0.00778204 , 0.00918373
0.00923295 , 0.00784107 , 0.00924268
0.00952785 , 0.00813473 , 0.00953593
0.0116529 , 0.0102568 , 0.011655
0.0101319 , 0.00873709 , 0.0101374
0.0121914 , 0.0107955 , 0.0121929
0.0117577 , 0.0103616 , 0.0117596
1 , 1 , 1
0.00914737 , 0.00775592 , 0.00915765
1 , 1 , 1
0.00868486 , 0.00729625 , 0.00869863
0.00941308 , 0.0080204 , 0.00942176
0.00991528 , 0.00852094 , 0.00992159
0.00949513 , 0.00810213 , 0.00950338
0.00914217 , 0.00775074 , 0.00915248
0.0100564 , 0.0086617 , 0.0100621
0.0090416 , 0.00765071 , 0.00905259
0.0106145 , 0.00921885 , 0.0106185
0.0100472 , 0.00865252 , 0.010053
0.00939473 , 0.00800213 , 0.00940351
0.00794705 , 0.00656558 , 0.007969
0.00788175 , 0.00650111 , 0.00790462
0.0107514 , 0.00935568 , 0.0107552
0.0108247 , 0.00942883 , 0.0108282
0.0105376 , 0.00914211 , 0.0105419
0.0095885 , 0.00819516 , 0.00959627
0.00991528 , 0.00852094 , 0.00992159
0.0112524 , 0.0098563 , 0.0112551
0.0102735 , 0.00887838 , 0.0102785
0.0104644 , 0.00906895 , 0.0104688
0.0138783 , 0.0124837 , 0.0138788
1 , 1 , 1
0.0120225 , 0.0106264 , 0.0120241
0.00980134 , 0.00840731 , 0.00980812
0.0118993 , 0.0105032 , 0.011901
1 , 1 , 1
0.00823237 , 0.00684769 , 0.00825071
0.00953448 , 0.00814133 , 0.00954252
0.0111571 , 0.00976102 , 0.0111599
1 , 1 , 1
0.00948223 , 0.00808928 , 0.00949054
0.0127922 , 0.0113966 , 0.0127932
0.0109172 , 0.00952134 , 0.0109206
0.0107231 , 0.00932734 , 0.0107269
0.0105628 , 0.00916728 , 0.010567
1 , 1 , 1
0.00882752 , 0.00743793 , 0.00884011
0.00901741 , 0.00762666 , 0.00902857
0.0121914 , 0.0107955 , 0.0121929
0.00925508 , 0.00786309 , 0.00926468
0.00965872 , 0.00826514 , 0.00966615
0.00900308 , 0.0076124 , 0.00901434
0.0135928 , 0.0121979 , 0.0135934
0.0100472 , 0.00865252 , 0.010053
0.0096023 , 0.00820891 , 0.00961
0.00910118 , 0.00770996 , 0.00911176
0.00906615 , 0.00767513 , 0.00907697
0.0163947 , 0.0150033 , 0.0163948
0.00794952 , 0.00656802 , 0.00797143
0.00997547 , 0.00858098 , 0.00998155
1 , 1 , 1
0.0100472 , 0.00865252 , 0.010053
0.00957482 , 0.00818153 , 0.00958266
0.00909613 , 0.00770494 , 0.00910674
0.0118699 , 0.0104738 , 0.0118717
0.00956126 , 0.00816802 , 0.00956917
0.0105006 , 0.0091051 , 0.0105049
1 , 1 , 1
1 , 1 , 1
0.0108247 , 0.00942883 , 0.0108282
0.0119292 , 0.0105331 , 0.0119309
0.00790563 , 0.00652469 , 0.00792816
0.00893782 , 0.00754753 , 0.00894955
1 , 1 , 1
0.00935865 , 0.00796621 , 0.00936764
1 , 1 , 1
0.00951468 , 0.00812161 , 0.00952283
0.0119292 , 0.0105331 , 0.0119309
0.00989849 , 0.0085042 , 0.00990487
0.0115311 , 0.010135 , 0.0115333
0.00989016 , 0.00849589 , 0.00989658
1 , 1 , 1
1 , 1 , 1
0.0116785 , 0.0102824 , 0.0116805
0.00910118 , 0.00770996 , 0.00911176
0.00950814 , 0.00811509 , 0.00951632
0.0101416 , 0.00874677 , 0.0101471
0.00907111 , 0.00768006 , 0.0090819
0.00869268 , 0.00730401 , 0.00870638
0.00948867 , 0.00809569 , 0.00949695
