0.0109659 , 0.00968968 , 0.0109679
1 , 1 , 1
1 , 1 , 1
0.00896447 , 0.00769142 , 0.00897224
0.00935094 , 0.00807662 , 0.00935695
1 , 1 , 1
0.0120269 , 0.0107511 , 0.0120279
0.00953305 , 0.00825828 , 0.00953837
1 , 1 , 1
0.0141913 , 0.0129174 , 0.0141915
0.0103938 , 0.00911781 , 0.0103968
1 , 1 , 1
0.00883697 , 0.00756443 , 0.00884542
0.00964658 , 0.00837156 , 0.00965151
1 , 1 , 1
1 , 1 , 1
0.00964658 , 0.00837156 , 0.00965151
0.00838875 , 0.00711857 , 0.00840013
0.0110555 , 0.00977928 , 0.0110574
0.00949155 , 0.00821688 , 0.00949702
0.00887465 , 0.00760196 , 0.0088829
1 , 1 , 1
0.0102385 , 0.00896259 , 0.0102418
1 , 1 , 1
0.0100029 , 0.00872727 , 0.0100068
0.0093435 , 0.00806919 , 0.00934953
0.0104087 , 0.00913275 , 0.0104117
0.00988159 , 0.00860616 , 0.00988581
0.00880539 , 0.00753299 , 0.00881402
0.00899367 , 0.0077205 , 0.00900129
0.0109878 , 0.00971158 , 0.0109898
0.0121653 , 0.0108895 , 0.0121662
0.0102118 , 0.00893602 , 0.0102152
0.0126122 , 0.0113367 , 0.0126129
0.00927102 , 0.00799692 , 0.00927735
1 , 1 , 1
0.0103643 , 0.00908837 , 0.0103674
0.00777632 , 0.00651104 , 0.00779339
0.0102251 , 0.00894925 , 0.0102284
0.00953305 , 0.00825828 , 0.00953837
1 , 1 , 1
1 , 1 , 1
0.0081473 , 0.00687878 , 0.00816066
0.012979 , 0.0117039 , 0.0129795
0.00848695 , 0.00721618 , 0.00849762
0.00895295 , 0.00767994 , 0.00896078
0.00883697 , 0.00756443 , 0.00884542
0.00945916 , 0.00818456 , 0.00946475
0.011449 , 0.0101728 , 0.0114505
1 , 1 , 1
1 , 1 , 1
1 , 1 , 1
0.00858739 , 0.00731606 , 0.00859737
0.0102931 , 0.0090172 , 0.0102963
1 , 1 , 1
0.0125485 , 0.011273 , 0.0125492
1 , 1 , 1
1 , 1 , 1
0.00897027 , 0.00769719 , 0.00897801
0.00876428 , 0.00749207 , 0.00877316
0.00922914 , 0.00795517 , 0.00923565
0.00869008 , 0.00741822 , 0.0086994
0.0102251 , 0.00894925 , 0.0102284
0.0103354 , 0.0090595 , 0.0103386
0.00874414 , 0.00747202 , 0.00875313
1 , 1 , 1
0.0125485 , 0.011273 , 0.0125492
0.0123722 , 0.0110965 , 0.012373
0.00924297 , 0.00796896 , 0.00924943
0.0102655 , 0.00898965 , 0.0102688
1 , 1 , 1
0.00961961 , 0.00834465 , 0.00962464
0.0127483 , 0.011473 , 0.0127489
0.00981932 , 0.008544 , 0.00982372
0.00871933 , 0.00744733 , 0.00872847
1 , 1 , 1
1 , 1 , 1
0.00945916 , 0.00818456 , 0.00946475
0.0108209 , 0.00954468 , 0.0108231
0.0140153 , 0.0127412 , 0.0140156
1 , 1 , 1
1 , 1 , 1
0.00893017 , 0.00765724 , 0.00893811
0.0101857 , 0.0089099 , 0.0101892
1 , 1 , 1
0.0102519 , 0.00897606 , 0.0102552
1 , 1 , 1
0.00971143 , 0.00843629 , 0.00971616
1 , 1 , 1
0.00719589 , 0.00593784 , 0.00722093
1 , 1 , 1
1 , 1 , 1
1 , 1 , 1
0.0108609 , 0.0095847 , 0.0108631
1 , 1 , 1
0.0120716 , 0.0107958 , 0.0120726
0.0126122 , 0.0113367 , 0.0126129
0.0108012 , 0.00952506 , 0.0108035
0.0103938 , 0.00911781 , 0.0103968
1 , 1 , 1
