0.009089 , 0.00791972 , 0.00909382
1 , 1 , 1
0.0111704 , 0.00999988 , 0.0111715
1 , 1 , 1
1 , 1 , 1
0.0132594 , 0.0120905 , 0.0132596
0.0112387 , 0.0100682 , 0.0112398
1 , 1 , 1
1 , 1 , 1
0.0120062 , 0.0108362 , 0.0120069
0.00743057 , 0.00626974 , 0.00744579
1 , 1 , 1
0.0118375 , 0.0106673 , 0.0118382
0.0118916 , 0.0107215 , 0.0118922
1 , 1 , 1
1 , 1 , 1
0.00869802 , 0.00752978 , 0.00870434
0.00764193 , 0.00647928 , 0.00765508
0.00983477 , 0.00866442 , 0.00983764
0.00851734 , 0.00734973 , 0.00852451
0.0101922 , 0.00902166 , 0.0101945
0.00867416 , 0.007506 , 0.00868059
1 , 1 , 1
0.0103913 , 0.00922068 , 0.0103932
0.0106687 , 0.00949804 , 0.0106703
0.00896097 , 0.00779199 , 0.00896624
0.00842478 , 0.00725754 , 0.00843243
1 , 1 , 1
0.00951643 , 0.00834641 , 0.00952
0.00960366 , 0.00843354 , 0.00960703
0.0086276 , 0.0074596 , 0.00863424
1 , 1 , 1
0.0118375 , 0.0106673 , 0.0118382
0.00752167 , 0.00636002 , 0.00753596
0.00979573 , 0.00862541 , 0.00979867
1 , 1 , 1
0.00834246 , 0.00717558 , 0.00835056
0.00883011 , 0.00766148 , 0.00883588
0.014569 , 0.0134015 , 0.0145691
0.00896097 , 0.00779199 , 0.00896624
1 , 1 , 1
0.0104507 , 0.0092801 , 0.0104526
0.00775393 , 0.00659043 , 0.0077661
1 , 1 , 1
0.00834246 , 0.00717558 , 0.00835056
1 , 1 , 1
0.00988852 , 0.00871813 , 0.00989129
1 , 1 , 1
0.00978294 , 0.00861264 , 0.00978592
1 , 1 , 1
0.0107165 , 0.0095459 , 0.0107181
1 , 1 , 1
0.00951643 , 0.00834641 , 0.00952
0.00912891 , 0.00795955 , 0.0091336
1 , 1 , 1
0.0102092 , 0.00903866 , 0.0102114
0.00959246 , 0.00842235 , 0.00959586
0.0110737 , 0.00990311 , 0.0110749
0.0108173 , 0.00964667 , 0.0108187
1 , 1 , 1
1 , 1 , 1
1 , 1 , 1
0.0125868 , 0.0114173 , 0.0125873
1 , 1 , 1
1 , 1 , 1
1 , 1 , 1
0.00958135 , 0.00841125 , 0.00958477
0.012884 , 0.0117148 , 0.0128844
1 , 1 , 1
0.00871009 , 0.00754182 , 0.00871636
1 , 1 , 1
0.0107914 , 0.0096208 , 0.0107929
0.00939472 , 0.00822488 , 0.00939862
0.0099877 , 0.00881724 , 0.00999028
0.0114656 , 0.0102952 , 0.0114665
1 , 1 , 1
0.00961494 , 0.00844481 , 0.00961828
0.00977027 , 0.00859998 , 0.00977327
1 , 1 , 1
0.0112387 , 0.0100682 , 0.0112398
0.0113859 , 0.0102155 , 0.0113869
0.014569 , 0.0134015 , 0.0145691
0.00936583 , 0.00819603 , 0.00936981
0.0105775 , 0.00940687 , 0.0105792
0.0120672 , 0.0108972 , 0.0120678
0.00890443 , 0.00773559 , 0.00890991
0.0106453 , 0.0094747 , 0.010647
1 , 1 , 1
0.0092735 , 0.00810386 , 0.00927774
0.00906557 , 0.00789634 , 0.00907047
0.00777293 , 0.00660929 , 0.00778494
1 , 1 , 1
0.00916166 , 0.00799223 , 0.00916624
1 , 1 , 1
0.0098614 , 0.00869102 , 0.00986421
0.0100942 , 0.00892369 , 0.0100966
0.00945429 , 0.00828436 , 0.00945803
1 , 1 , 1
1 , 1 , 1
0.0137694 , 0.012601 , 0.0137696
