1 , 1 , 1
1 , 1 , 1
1 , 1 , 1
1 , 1 , 1
1 , 1 , 1
1 , 1 , 1
1 , 1 , 1
0.00952998 , 0.00861412 , 0.00953105
0.00988809 , 0.00897229 , 0.00988889
0.00781625 , 0.00690184 , 0.00782036
1 , 1 , 1
1 , 1 , 1
1 , 1 , 1
1 , 1 , 1
1 , 1 , 1
0.0109933 , 0.0100781 , 0.0109937
1 , 1 , 1
1 , 1 , 1
1 , 1 , 1
1 , 1 , 1
0.00775926 , 0.00684499 , 0.00776356
1 , 1 , 1
1 , 1 , 1
0.00797089 , 0.00705616 , 0.00797453
1 , 1 , 1
0.00842364 , 0.00750823 , 0.00842618
1 , 1 , 1
0.0116177 , 0.0107029 , 0.0116179
1 , 1 , 1
1 , 1 , 1
1 , 1 , 1
1 , 1 , 1
1 , 1 , 1
1 , 1 , 1
0.011872 , 0.0109574 , 0.0118722
1 , 1 , 1
0.00909902 , 0.00818319 , 0.00910052
1 , 1 , 1
1 , 1 , 1
1 , 1 , 1
1 , 1 , 1
1 , 1 , 1
1 , 1 , 1
1 , 1 , 1
1 , 1 , 1
0.0128989 , 0.0119851 , 0.0128989
1 , 1 , 1
1 , 1 , 1
1 , 1 , 1
0.00836864 , 0.0074533 , 0.0083713
0.00906761 , 0.00815179 , 0.00906915
0.0112245 , 0.0103095 , 0.0112248
1 , 1 , 1
1 , 1 , 1
1 , 1 , 1
0.00792568 , 0.00701104 , 0.00792945
1 , 1 , 1
1 , 1 , 1
1 , 1 , 1
0.00991797 , 0.00900219 , 0.00991876
1 , 1 , 1
1 , 1 , 1
0.00925079 , 0.00833493 , 0.00925212
0.00732385 , 0.00641093 , 0.00732989
0.0073601 , 0.00644704 , 0.00736597
1 , 1 , 1
1 , 1 , 1
0.00744015 , 0.0065268 , 0.00744566
1 , 1 , 1
1 , 1 , 1
1 , 1 , 1
1 , 1 , 1
0.00783977 , 0.00692531 , 0.0078438
0.0102242 , 0.00930854 , 0.0102248
1 , 1 , 1
1 , 1 , 1
1 , 1 , 1
0.0110658 , 0.0101506 , 0.0110662
1 , 1 , 1
0.0078698 , 0.00695527 , 0.00787373
0.0102242 , 0.00930854 , 0.0102248
0.0102633 , 0.00934762 , 0.0102639
1 , 1 , 1
1 , 1 , 1
1 , 1 , 1
1 , 1 , 1
1 , 1 , 1
1 , 1 , 1
0.00773716 , 0.00682294 , 0.00774153
1 , 1 , 1
1 , 1 , 1
0.00825702 , 0.00734182 , 0.00825993
1 , 1 , 1
1 , 1 , 1
1 , 1 , 1
1 , 1 , 1
1 , 1 , 1
0.00809507 , 0.00718011 , 0.00809837
1 , 1 , 1
1 , 1 , 1
