0.00819398 , 0.00148934 , 0.40438
0.00127474 , 0.000234128 , 0.403631
0.00731792 , 0.00133183 , 0.404286
4.02142e-37 , 0 , 0.403491
0.0103982 , 0.00188387 , 0.404615
0.000849037 , 0.000156043 , 0.403585
0.0047089 , 0.000860353 , 0.404005
0.00907326 , 0.00164702 , 0.404474
0.00170124 , 0.000312256 , 0.403678
0.000424124 , 7.80001e-05 , 0.403538
0.00514174 , 0.000938825 , 0.404051
0.00212852 , 0.000390427 , 0.403724
0.0025566 , 0.000468641 , 0.403771
0.00688109 , 0.00125314 , 0.404239
0.00644505 , 0.0011745 , 0.404192
0.00951409 , 0.00172592 , 0.404521
0.00557538 , 0.00101734 , 0.404098
0.0047089 , 0.000860353 , 0.404005
0.00688109 , 0.00125314 , 0.404239
0.00863322 , 0.00156816 , 0.404427
0.00644505 , 0.0011745 , 0.404192
0.0112855 , 0.00204198 , 0.404709
0.0047089 , 0.000860353 , 0.404005
0.00907326 , 0.00164702 , 0.404474
0.00557538 , 0.00101734 , 0.404098
0.00298547 , 0.000546897 , 0.403818
0.0047089 , 0.000860353 , 0.404005
0.0038456 , 0.000703539 , 0.403911
0.00688109 , 0.00125314 , 0.404239
0.00644505 , 0.0011745 , 0.404192
0.0025566 , 0.000468641 , 0.403771
0.000849037 , 0.000156043 , 0.403585
0.0112855 , 0.00204198 , 0.404709
0.012176 , 0.00220028 , 0.404804
0.0126225 , 0.00227949 , 0.404851
0.00427685 , 0.000781924 , 0.403958
0.00427685 , 0.000781924 , 0.403958
0.00644505 , 0.0011745 , 0.404192
0.00427685 , 0.000781924 , 0.403958
0.00170124 , 0.000312256 , 0.403678
0.00644505 , 0.0011745 , 0.404192
0.00688109 , 0.00125314 , 0.404239
0.00731792 , 0.00133183 , 0.404286
0.00600982 , 0.0010959 , 0.404145
0.00127474 , 0.000234128 , 0.403631
0.0047089 , 0.000860353 , 0.404005
0.0130698 , 0.00235874 , 0.404898
0.00557538 , 0.00101734 , 0.404098
0.00557538 , 0.00101734 , 0.404098
0.00341514 , 0.000625197 , 0.403864
0.00775555 , 0.00141056 , 0.404333
0.0038456 , 0.000703539 , 0.403911
0.00298547 , 0.000546897 , 0.403818
0.00600982 , 0.0010959 , 0.404145
0.00127474 , 0.000234128 , 0.403631
0.0130698 , 0.00235874 , 0.404898
0.00212852 , 0.000390427 , 0.403724
0.00600982 , 0.0010959 , 0.404145
0.00341514 , 0.000625197 , 0.403864
0.00995574 , 0.00180487 , 0.404568
0.00951409 , 0.00172592 , 0.404521
0.000849037 , 0.000156043 , 0.403585
0.00600982 , 0.0010959 , 0.404145
0.00907326 , 0.00164702 , 0.404474
0.00557538 , 0.00101734 , 0.404098
0.00298547 , 0.000546897 , 0.403818
0.00427685 , 0.000781924 , 0.403958
0.00951409 , 0.00172592 , 0.404521
0.00427685 , 0.000781924 , 0.403958
0.00557538 , 0.00101734 , 0.404098
0.00170124 , 0.000312256 , 0.403678
0.00600982 , 0.0010959 , 0.404145
0.00557538 , 0.00101734 , 0.404098
0.00688109 , 0.00125314 , 0.404239
0.00341514 , 0.000625197 , 0.403864
0.00907326 , 0.00164702 , 0.404474
0.00514174 , 0.000938825 , 0.404051
0.0112855 , 0.00204198 , 0.404709
0.00600982 , 0.0010959 , 0.404145
0.00951409 , 0.00172592 , 0.404521
0.000849037 , 0.000156043 , 0.403585
0.0108414 , 0.0019629 , 0.404662
0.0038456 , 0.000703539 , 0.403911
0.00688109 , 0.00125314 , 0.404239
0.00951409 , 0.00172592 , 0.404521
0.00644505 , 0.0011745 , 0.404192
0.00951409 , 0.00172592 , 0.404521
0.012176 , 0.00220028 , 0.404804
0.0038456 , 0.000703539 , 0.403911
0.00514174 , 0.000938825 , 0.404051
0.00951409 , 0.00172592 , 0.404521
0.0038456 , 0.000703539 , 0.403911
0.00170124 , 0.000312256 , 0.403678
0.00644505 , 0.0011745 , 0.404192
0.00298547 , 0.000546897 , 0.403818
0.00212852 , 0.000390427 , 0.403724
0.00775555 , 0.00141056 , 0.404333
0.00644505 , 0.0011745 , 0.404192
0.00907326 , 0.00164702 , 0.404474
0.0038456 , 0.000703539 , 0.403911
