0.0112321 , 0.00349295 , 0.0303714
0.0104944 , 0.0032573 , 0.0301421
0.0108839 , 0.00338154 , 0.030263
0.00905728 , 0.00280203 , 0.0296991
0.0101134 , 0.00313614 , 0.0300242
0.00976228 , 0.0030248 , 0.0299159
0.0119184 , 0.00371372 , 0.0305862
0.00899902 , 0.00278367 , 0.0296812
0.00863004 , 0.0026675 , 0.0295682
0.0100105 , 0.00310348 , 0.0299924
0.00795804 , 0.00245652 , 0.0293629
0.0118231 , 0.00368295 , 0.0305563
0.00859331 , 0.00265595 , 0.029557
0.00971925 , 0.00301117 , 0.0299026
0.00911031 , 0.00281875 , 0.0297154
0.00955822 , 0.00296021 , 0.029853
0.0105436 , 0.00327297 , 0.0301573
0.0077312 , 0.00238545 , 0.0292938
0.0105327 , 0.00326949 , 0.0301539
0.0102655 , 0.00318445 , 0.0300712
0.0100051 , 0.00310176 , 0.0299907
0.00947257 , 0.00293313 , 0.0298267
0.00985926 , 0.00305552 , 0.0299458
0.00802529 , 0.0024776 , 0.0293834
0.00987004 , 0.00305894 , 0.0299491
0.00893026 , 0.002762 , 0.0296602
0.00964403 , 0.00298736 , 0.0298794
0.00969237 , 0.00300266 , 0.0298943
0.0105218 , 0.003266 , 0.0301506
0.00951002 , 0.00294497 , 0.0298382
0.00992402 , 0.00307605 , 0.0299657
0.011332 , 0.00352499 , 0.0304026
0.0101839 , 0.00315854 , 0.030046
0.0100213 , 0.00310691 , 0.0299958
0.00989163 , 0.00306578 , 0.0299557
0.00833183 , 0.00257378 , 0.029477
0.0112376 , 0.00349473 , 0.0303731
0.0105765 , 0.00328343 , 0.0301675
0.00899902 , 0.00278367 , 0.0296812
0.00964403 , 0.00298736 , 0.0298794
0.0138302 , 0.00433805 , 0.0311937
0.0106422 , 0.00330438 , 0.0301879
0.00903079 , 0.00279368 , 0.029691
0.00969237 , 0.00300266 , 0.0298943
0.0095743 , 0.0029653 , 0.029858
0.0073269 , 0.00225898 , 0.0291707
0.0110384 , 0.00343092 , 0.030311
0.0105272 , 0.00326775 , 0.0301523
0.00956358 , 0.00296191 , 0.0298547
0.0105546 , 0.00327646 , 0.0301607
0.0102383 , 0.0031758 , 0.0300628
0.0117894 , 0.00367211 , 0.0305457
0.00763874 , 0.00235651 , 0.0292656
0.00888272 , 0.00274703 , 0.0296456
0.00940843 , 0.00291286 , 0.0298069
0.00885106 , 0.00273705 , 0.0296359
0.00976767 , 0.0030265 , 0.0299175
0.01056 , 0.0032782 , 0.0301624
0.012121 , 0.00377917 , 0.0306499
0.00912093 , 0.0028221 , 0.0297186
0.0126532 , 0.00395188 , 0.0308179
0.0102763 , 0.0031879 , 0.0300746
0.0102437 , 0.00317753 , 0.0300645
0.0111324 , 0.00346101 , 0.0303403
0.00946187 , 0.00292975 , 0.0298234
0.0106641 , 0.00331138 , 0.0301947
0.010358 , 0.00321388 , 0.0300998
0.0109666 , 0.00340797 , 0.0302887
0.00835791 , 0.00258197 , 0.029485
0.00855661 , 0.00264441 , 0.0295457
0.010108 , 0.00313442 , 0.0300225
0.0103962 , 0.00322602 , 0.0301117
0.00922188 , 0.00285395 , 0.0297496
0.00818609 , 0.00252803 , 0.0294325
0.00844146 , 0.00260822 , 0.0295105
0.00938707 , 0.00290611 , 0.0298004
0.00859331 , 0.00265595 , 0.029557
0.0107739 , 0.00334641 , 0.0302288
0.0110771 , 0.0034433 , 0.0303231
0.0101894 , 0.00316027 , 0.0300477
0.00899902 , 0.00278367 , 0.0296812
0.0100863 , 0.00312754 , 0.0300158
0.00729126 , 0.00224785 , 0.0291599
0.00972463 , 0.00301287 , 0.0299043
0.00900431 , 0.00278534 , 0.0296829
0.00903609 , 0.00279535 , 0.0296926
0.00839444 , 0.00259345 , 0.0294961
0.00926978 , 0.00286907 , 0.0297643
0.00812896 , 0.00251011 , 0.0294151
0.011066 , 0.00343976 , 0.0303196
0.00970312 , 0.00300606 , 0.0298976
0.00749532 , 0.00231164 , 0.0292219
0.0103144 , 0.00320002 , 0.0300864
0.00832662 , 0.00257215 , 0.0294754
0.010939 , 0.00339915 , 0.0302801
0.00922188 , 0.00285395 , 0.0297496
0.0123016 , 0.00383766 , 0.0307068
0.0103362 , 0.00320695 , 0.0300931
0.0102872 , 0.00319136 , 0.0300779
0.0105272 , 0.00326775 , 0.0301523
