0.0104016 , 0.0122322
0.0105659 , 0.0123434
0.0116277 , 0.0130877
0.0090517 , 0.0113588
0.0115088 , 0.0130022
0.0102067 , 0.0121016
0.0087239 , 0.0111574
0.00952922 , 0.0116596
0.00999981 , 0.0119647
0.00962968 , 0.011724
0.0093808 , 0.0115652
0.00944035 , 0.0116029
0.0104805 , 0.0122854
0.0114231 , 0.0129408
0.0109767 , 0.0126261
0.0102955 , 0.012161
0.00900855 , 0.011332
0.00964163 , 0.0117317
0.00929418 , 0.0115104
0.00913022 , 0.0114076
0.0105195 , 0.0123119
0.010277 , 0.0121486
0.0100619 , 0.0120056
0.0110834 , 0.0127006
0.00970922 , 0.0117753
0.00984462 , 0.0118631
0.00880222 , 0.0112051
0.010404 , 0.0122337
0.0102412 , 0.0121246
0.00919364 , 0.0114473
0.00904347 , 0.0113537
0.0108923 , 0.0125675
0.0100314 , 0.0119855
0.00984462 , 0.0118631
0.00981253 , 0.0118423
0.0100777 , 0.0120161
0.00971469 , 0.0117788
0.0102967 , 0.0121617
0.00888309 , 0.0112547
0.00968409 , 0.0117591
0.00955074 , 0.0116734
0.0101209 , 0.0120447
0.0103385 , 0.0121898
0.010162 , 0.0120719
0.00988681 , 0.0118907
0.0108788 , 0.0125581
0.0107941 , 0.0124995
0.0102033 , 0.0120993
0.00949916 , 0.0116404
0.00962751 , 0.0117226
0.0104887 , 0.012291
0.0115354 , 0.0130213
0.00961342 , 0.0117136
0.00967319 , 0.011752
0.00940947 , 0.0115833
0.0106293 , 0.0123866
0.0106835 , 0.0124236
0.0105659 , 0.0123434
0.00918634 , 0.0114427
0.0103572 , 0.0122023
0.00923542 , 0.0114735
0.00915305 , 0.0114219
0.00966556 , 0.0117471
0.00897987 , 0.0113143
0.00984683 , 0.0118646
0.0104935 , 0.0122942
0.00941798 , 0.0115887
0.00958744 , 0.0116969
0.010516 , 0.0123095
0.0102793 , 0.0121501
0.0100925 , 0.0120259
0.0100449 , 0.0119944
0.00895024 , 0.011296
0.00878008 , 0.0111916
0.00987902 , 0.0118856
0.0103037 , 0.0121664
0.0108051 , 0.0125071
0.00946704 , 0.0116199
0.00911261 , 0.0113967
0.00999756 , 0.0119633
0.0103071 , 0.0121687
0.0094233 , 0.0115921
0.00931841 , 0.0115257
0.0102712 , 0.0121447
0.00917384 , 0.0114349
0.00988681 , 0.0118907
0.00939565 , 0.0115746
0.010384 , 0.0122203
0.00950666 , 0.0116452
0.00941691 , 0.0115881
0.00991913 , 0.0119118
0.00959825 , 0.0117038
0.00862823 , 0.0110993
0.0105183 , 0.0123111
0.0110897 , 0.012705
0.00957231 , 0.0116872
0.00921033 , 0.0114577
0.0103176 , 0.0121757
0.0093649 , 0.0115551
0.0102504 , 0.0121308
