0.0111572 , 0.011763
0.0105929 , 0.0112955
0.00915631 , 0.0101635
0.0100462 , 0.0108544
0.0105144 , 0.0112314
0.010032 , 0.0108431
0.0107625 , 0.0114347
0.010255 , 0.0110215
0.00949772 , 0.0104245
0.00939267 , 0.0103437
0.009223 , 0.0102141
0.00965854 , 0.0105492
0.00939461 , 0.0103451
0.0101995 , 0.0109769
0.0120313 , 0.0125098
0.00965039 , 0.0105429
0.0109109 , 0.0115574
0.00999387 , 0.0108129
0.0108068 , 0.0114713
0.00936743 , 0.0103243
0.00898598 , 0.0100352
0.0102916 , 0.0110509
0.0105312 , 0.0112451
0.0103366 , 0.0110872
0.01143 , 0.0119933
0.00875181 , 0.00986103
0.0114605 , 0.0120192
0.0100036 , 0.0108206
0.0102756 , 0.011038
0.0113525 , 0.0119275
0.0100725 , 0.0108754
0.0104596 , 0.0111868
0.0113269 , 0.0119059
0.0100015 , 0.0108189
0.0103505 , 0.0110984
0.00944152 , 0.0103812
0.0105228 , 0.0112382
0.0105348 , 0.011248
0.0107865 , 0.0114545
0.00876931 , 0.00987396
0.0103505 , 0.0110984
0.0102928 , 0.0110518
0.00931057 , 0.0102808
0.00861871 , 0.00976313
0.0115001 , 0.0120528
0.00895881 , 0.0100149
0.0116922 , 0.012217
0.00856252 , 0.00972204
0.0102289 , 0.0110004
0.0104905 , 0.0112119
0.0104053 , 0.0111428
0.00935872 , 0.0103176
0.0112483 , 0.0118395
0.00993456 , 0.0107659
0.0101479 , 0.0109355
0.0106616 , 0.0113517
0.00969332 , 0.0105763
0.0104041 , 0.0111418
0.0102074 , 0.0109832
0.00956049 , 0.0104731
0.00811474 , 0.00939979
0.00904802 , 0.0100818
0.0102859 , 0.0110463
0.00996359 , 0.0107889
0.0104489 , 0.0111781
0.0100924 , 0.0108912
0.0102962 , 0.0110546
0.00930099 , 0.0102735
0.00914511 , 0.010155
0.00899324 , 0.0100407
0.00870222 , 0.00982446
0.010565 , 0.0112726
0.00988332 , 0.0107254
0.0103354 , 0.0110862
0.00969537 , 0.010578
0.0101067 , 0.0109027
0.0103296 , 0.0110816
0.0104018 , 0.0111399
0.010354 , 0.0111012
0.010149 , 0.0109364
0.0108734 , 0.0115263
0.0108759 , 0.0115284
0.00974176 , 0.0106142
0.00989289 , 0.010733
0.00892277 , 0.00998797
0.0100026 , 0.0108197
0.0098252 , 0.0106797
0.00930194 , 0.0102742
0.0101012 , 0.0108983
0.011186 , 0.0117871
0.00992063 , 0.0107549
0.00993992 , 0.0107701
0.0102232 , 0.0109959
0.00969845 , 0.0105804
0.00952653 , 0.0104468
0.0103772 , 0.01112
0.0105589 , 0.0112677
0.0094592 , 0.0103948
0.0114055 , 0.0119724
0.00885044 , 0.0099341
