1 , 1
1 , 1
1 , 1
0.010534 , 0.0105357
0.00813239 , 0.00814176
0.00816954 , 0.00817867
1 , 1
1 , 1
0.0118375 , 0.0118382
1 , 1
0.0080922 , 0.00810183
1 , 1
0.00744834 , 0.00746338
1 , 1
0.00871009 , 0.00871636
1 , 1
1 , 1
0.00901233 , 0.00901741
1 , 1
1 , 1
1 , 1
1 , 1
0.00771973 , 0.00773219
0.00774765 , 0.00775988
0.0114252 , 0.0114261
1 , 1
0.012884 , 0.0128844
0.00834246 , 0.00835056
0.00804922 , 0.00805914
0.012884 , 0.0128844
0.00963778 , 0.00964107
0.00949542 , 0.00949905
1 , 1
0.0106687 , 0.0106703
0.00944419 , 0.00944796
0.0134101 , 0.0134103
1 , 1
0.00950588 , 0.00950949
1 , 1
0.00961494 , 0.00961828
1 , 1
0.0108436 , 0.010845
1 , 1
1 , 1
0.0117854 , 0.0117861
1 , 1
1 , 1
0.0165469 , 0.016547
1 , 1
1 , 1
1 , 1
0.00774452 , 0.00775678
0.00961494 , 0.00961828
1 , 1
0.010372 , 0.010374
1 , 1
1 , 1
1 , 1
1 , 1
0.0114656 , 0.0114665
0.0092735 , 0.00927774
1 , 1
0.00856044 , 0.0085674
1 , 1
0.0132594 , 0.0132596
1 , 1
0.00955938 , 0.00956286
1 , 1
0.0102438 , 0.010246
0.00979573 , 0.00979867
0.00780515 , 0.0078169
0.011594 , 0.0115948
1 , 1
0.0124182 , 0.0124187
1 , 1
0.0111052 , 0.0111064
1 , 1
0.0117854 , 0.0117861
1 , 1
0.00910483 , 0.0091096
0.00948503 , 0.00948868
0.0139897 , 0.0139899
1 , 1
1 , 1
0.0121309 , 0.0121314
0.010534 , 0.0105357
1 , 1
1 , 1
0.0113104 , 0.0113114
1 , 1
0.0142502 , 0.0142504
1 , 1
0.00849625 , 0.00850353
1 , 1
0.00934689 , 0.00935092
1 , 1
1 , 1
1 , 1
0.00948503 , 0.00948868
0.0114252 , 0.0114261
