1 , 1
0.00856867 , 0.00857196
1 , 1
0.0101362 , 0.0101372
0.0104447 , 0.0104455
1 , 1
0.00753507 , 0.00754223
1 , 1
0.00905192 , 0.0090542
1 , 1
1 , 1
0.0100562 , 0.0100572
1 , 1
1 , 1
0.00832276 , 0.00832671
0.0089469 , 0.00894937
0.0108015 , 0.0108021
0.0108015 , 0.0108021
1 , 1
0.00689937 , 0.00691093
0.00952896 , 0.00953055
0.00756258 , 0.0075696
0.00893573 , 0.00893822
0.00876868 , 0.0087715
1 , 1
0.00872051 , 0.00872344
0.00988623 , 0.00988744
0.0087492 , 0.00875207
0.0122051 , 0.0122054
1 , 1
0.00877853 , 0.00878133
1 , 1
0.00942848 , 0.0094302
0.00939661 , 0.00939837
0.0100823 , 0.0100834
0.00871108 , 0.00871403
1 , 1
1 , 1
1 , 1
0.0104799 , 0.0104807
0.00892465 , 0.00892716
0.00795688 , 0.0079621
0.0101924 , 0.0101934
1 , 1
0.0077407 , 0.00774684
0.00949462 , 0.00949625
0.00916597 , 0.00916806
0.00798927 , 0.00799436
1 , 1
1 , 1
1 , 1
1 , 1
1 , 1
0.00933508 , 0.00933692
1 , 1
1 , 1
1 , 1
0.00906412 , 0.00906638
1 , 1
1 , 1
0.00873957 , 0.00874246
0.00790973 , 0.00791513
1 , 1
1 , 1
1 , 1
1 , 1
1 , 1
1 , 1
0.00892465 , 0.00892716
1 , 1
1 , 1
1 , 1
1 , 1
0.00926198 , 0.00926392
0.00877853 , 0.00878133
1 , 1
0.0088392 , 0.00884187
1 , 1
1 , 1
1 , 1
0.0110511 , 0.0110516
1 , 1
0.00854359 , 0.00854693
0.0108015 , 0.0108021
1 , 1
1 , 1
1 , 1
0.00802247 , 0.00802743
0.00913976 , 0.00914189
1 , 1
1 , 1
1 , 1
1 , 1
1 , 1
1 , 1
0.00877853 , 0.00878133
1 , 1
1 , 1
0.0091927 , 0.00919474
0.00926198 , 0.00926392
