0.0491632 , 0.0502694
0.0512144 , 0.0522798
0.0513423 , 0.0524052
0.0467646 , 0.0479201
0.0515396 , 0.0525987
0.0492293 , 0.0503342
0.0520463 , 0.0530955
0.0503667 , 0.0514488
0.0490971 , 0.0502047
0.0531564 , 0.0541842
0.0515199 , 0.0525793
0.0508229 , 0.051896
0.0505992 , 0.0516767
0.0547624 , 0.0557599
0.0508912 , 0.051963
0.0520363 , 0.0530857
0.0497423 , 0.0508369
0.0523166 , 0.0533605
0.0517377 , 0.0527929
0.0463784 , 0.047542
0.0463427 , 0.0475069
0.0511065 , 0.052174
0.0549627 , 0.0559565
0.0506963 , 0.0517719
0.0515001 , 0.0525599
0.0457823 , 0.0469584
0.0558903 , 0.056867
0.0557399 , 0.0567193
0.0494092 , 0.0505105
0.0536587 , 0.054677
0.0545104 , 0.0555126
0.0501257 , 0.0512126
0.0504441 , 0.0515247
0.0470358 , 0.0481856
0.0528411 , 0.053875
0.0543535 , 0.0553587
0.050989 , 0.0520588
0.0468458 , 0.0479996
0.0523467 , 0.0533901
0.0512832 , 0.0523473
0.0510869 , 0.0521548
0.0502123 , 0.0512975
0.0502895 , 0.0513731
0.0532585 , 0.0542844
0.0493903 , 0.0504919
0.050784 , 0.0518578
0.0549522 , 0.0559462
0.051362 , 0.0524245
0.0487869 , 0.0499007
0.0484598 , 0.0495803
0.0495422 , 0.0506408
0.0477291 , 0.0488646
0.0508327 , 0.0519056
0.0503571 , 0.0514394
0.0522664 , 0.0533113
0.0518072 , 0.0528611
0.050989 , 0.0520588
0.0498858 , 0.0509775
0.0477291 , 0.0488646
0.0532789 , 0.0543044
0.0503764 , 0.0514583
0.0537928 , 0.0548085
0.0498762 , 0.0509681
0.0513521 , 0.0524148
0.0496374 , 0.0507341
0.0513029 , 0.0523666
0.0494282 , 0.0505291
0.0519864 , 0.0530368
0.0497423 , 0.0508369
0.0493903 , 0.0504919
0.049771 , 0.050865
0.0545523 , 0.0555538
0.0492671 , 0.0503713
0.0481163 , 0.0492438
0.0529731 , 0.0540044
0.049305 , 0.0504083
0.0515199 , 0.0525793
0.0495042 , 0.0506035
0.0502895 , 0.0513731
0.0493618 , 0.050464
0.0540309 , 0.0550421
0.052831 , 0.053865
0.0527095 , 0.0537459
0.0512636 , 0.052328
0.0515495 , 0.0526084
0.0527601 , 0.0537955
0.0541139 , 0.0551236
0.0470267 , 0.0481767
0.0528918 , 0.0539247
0.0510477 , 0.0521164
0.0506089 , 0.0516862
0.0538031 , 0.0548186
0.0500776 , 0.0511655
0.0522764 , 0.0533212
0.0513324 , 0.0523955
0.0527499 , 0.0537855
0.0509596 , 0.05203
0.0489183 , 0.0500294
0.0478211 , 0.0489546
0.051431 , 0.0524922
