0.0925557 , 0.093025
0.0900008 , 0.0904961
0.0928932 , 0.0933592
0.0939198 , 0.0943758
0.0965005 , 0.0969322
0.0889277 , 0.0894342
0.0914036 , 0.0918845
0.0905786 , 0.0910679
0.0876947 , 0.0882144
0.0889069 , 0.0894137
0.0874517 , 0.0879741
0.0887408 , 0.0892493
0.0879796 , 0.0884963
0.0936668 , 0.0941253
0.0865513 , 0.0870836
0.0901287 , 0.0906226
0.0876947 , 0.0882144
0.0928932 , 0.0933592
0.0920872 , 0.0925612
0.0940352 , 0.0944901
0.0917111 , 0.0921889
0.0914474 , 0.0919279
0.0855505 , 0.0860939
0.0874922 , 0.0880141
0.0897674 , 0.0902651
0.0928029 , 0.0932698
0.0959925 , 0.0964289
0.0893248 , 0.0898271
0.0931875 , 0.0936506
0.0980323 , 0.0984501
0.0863732 , 0.0869074
0.0914474 , 0.0919279
0.0885545 , 0.089065
0.0914913 , 0.0919713
0.0963064 , 0.0967398
0.0894719 , 0.0899726
0.0864128 , 0.0869465
0.0893248 , 0.0898271
0.0842091 , 0.0847678
0.0883484 , 0.0888611
0.0865117 , 0.0870444
0.0947571 , 0.095205
0.0922651 , 0.0927374
0.0898946 , 0.090391
0.0915132 , 0.091993
0.0962822 , 0.0967158
0.0923767 , 0.0928478
0.0886372 , 0.0891468
0.0904711 , 0.0909615
0.0851057 , 0.0856541
0.0931421 , 0.0936057
0.0937357 , 0.0941935
0.0931194 , 0.0935832
0.0884308 , 0.0889426
0.0869895 , 0.0875169
0.0920428 , 0.0925172
0.0976323 , 0.0980537
0.0888861 , 0.0893931
0.0980825 , 0.0984998
0.0882252 , 0.0887392
0.0917773 , 0.0922544
0.0874922 , 0.0880141
0.0850864 , 0.0856351
0.0864919 , 0.0870248
0.0931648 , 0.0936282
0.0925109 , 0.0929807
0.094898 , 0.0953447
0.092332 , 0.0928036
0.0919763 , 0.0924514
0.0936898 , 0.094148
0.0863732 , 0.0869074
0.0931648 , 0.0936282
0.0875326 , 0.0880541
0.0869295 , 0.0874576
0.0912288 , 0.0917115
0.0812737 , 0.081867
0.0966711 , 0.0971012
0.0943599 , 0.0948117
0.0897886 , 0.090286
0.0930741 , 0.0935383
0.0864919 , 0.0870248
0.0922651 , 0.0927374
0.0875933 , 0.0881141
0.0928706 , 0.0933368
0.0903638 , 0.0908554
0.098664 , 0.0990761
0.0914694 , 0.0919496
0.0924437 , 0.0929142
0.0959925 , 0.0964289
0.0880205 , 0.0885367
0.0933468 , 0.0938083
0.0926455 , 0.0931139
0.0900008 , 0.0904961
0.0906864 , 0.0911746
0.0875731 , 0.0880941
0.0892828 , 0.0897856
0.0881432 , 0.0886581
0.0930062 , 0.0934711
0.0921316 , 0.0926052
0.0875326 , 0.0880541
