0.0380684 , 0.0468714
0.0385174 , 0.0472894
0.042089 , 0.0506168
0.0399913 , 0.0486622
0.0399563 , 0.0486295
0.0386905 , 0.0474506
0.0412123 , 0.0497998
0.040612 , 0.0492404
0.0398279 , 0.04851
0.0399096 , 0.048586
0.0407529 , 0.0493717
0.0410001 , 0.049602
0.037793 , 0.0466149
0.0413304 , 0.0499098
0.0413777 , 0.0499539
0.041638 , 0.0501964
0.0402837 , 0.0489345
0.0441887 , 0.0525744
0.0412832 , 0.0498658
0.0386097 , 0.0473753
0.0394902 , 0.0481954
0.0363011 , 0.0452261
0.0406354 , 0.0492623
0.0425298 , 0.0510276
0.0415906 , 0.0501523
0.0373926 , 0.0462421
0.0379766 , 0.0467858
0.038552 , 0.0473216
0.0399796 , 0.0486513
0.0400731 , 0.0487384
0.0420771 , 0.0506057
0.037404 , 0.0462527
0.0406237 , 0.0492513
0.0394902 , 0.0481954
0.0403539 , 0.049
0.0412241 , 0.0498108
0.0395018 , 0.0482062
0.0423985 , 0.0509053
0.040612 , 0.0492404
0.0390028 , 0.0477414
0.038379 , 0.0471606
0.0417328 , 0.0502848
0.0372099 , 0.0460721
0.0427329 , 0.051217
0.0352309 , 0.0442302
0.0391882 , 0.0479141
0.041982 , 0.0505171
0.0394088 , 0.0481196
0.0400965 , 0.0487601
0.0378618 , 0.046679
0.0422079 , 0.0507277
0.0419582 , 0.0504949
0.0392694 , 0.0479898
0.0441645 , 0.0525518
0.0415077 , 0.0500751
0.0398279 , 0.04851
0.043971 , 0.0523713
0.0408117 , 0.0494265
0.0399212 , 0.0485969
0.0400497 , 0.0487166
0.0390954 , 0.0478277
0.037404 , 0.0462527
0.0385635 , 0.0473323
0.0428286 , 0.0513062
0.0425536 , 0.0510499
0.0409294 , 0.0495362
0.0405181 , 0.0491529
0.0400614 , 0.0487275
0.0374154 , 0.0462634
0.0404477 , 0.0490873
0.0408353 , 0.0494484
0.0401082 , 0.048771
0.0379536 , 0.0467644
0.0370959 , 0.045966
0.042196 , 0.0507166
0.0410472 , 0.0496459
0.0368569 , 0.0457435
0.0428046 , 0.0512839
0.0412595 , 0.0498438
0.03831 , 0.0470962
0.0433683 , 0.0518094
0.0368001 , 0.0456906
0.0397346 , 0.0484231
0.0423509 , 0.0508609
0.0421603 , 0.0506833
0.0398396 , 0.0485208
0.0378962 , 0.046711
0.0373012 , 0.0461571
0.0406002 , 0.0492294
0.041887 , 0.0504285
0.0430082 , 0.0514736
0.0420771 , 0.0506057
0.0404125 , 0.0490546
0.0389333 , 0.0476767
0.0394902 , 0.0481954
0.038011 , 0.0468179
0.0386789 , 0.0474398
0.0413658 , 0.0499429
0.0412713 , 0.0498548
0.0429243 , 0.0513955
