0.0108343 , 0.0215844
0.0102337 , 0.0210281
0.00926629 , 0.0201321
0.0125527 , 0.0231764
0.0110352 , 0.0217705
0.0110443 , 0.021779
0.0104608 , 0.0212385
0.0113646 , 0.0220757
0.0101611 , 0.0209608
0.0136405 , 0.0241845
0.0103063 , 0.0210954
0.0106428 , 0.0214071
0.0113096 , 0.0220248
0.0110169 , 0.0217536
0.00883487 , 0.0197325
0.0103426 , 0.021129
0.0109438 , 0.0216859
0.0108252 , 0.021576
0.0113096 , 0.0220248
0.0111632 , 0.0218891
0.00887974 , 0.0197741
0.011154 , 0.0218806
0.0120262 , 0.0226887
0.0113371 , 0.0220503
0.0104153 , 0.0211964
0.0102246 , 0.0210197
0.010152 , 0.0209524
0.0106428 , 0.0214071
0.0120908 , 0.0227485
0.0117042 , 0.0223903
0.00960894 , 0.0204494
0.00971735 , 0.0205499
0.0127194 , 0.0233309
0.010816 , 0.0215675
0.00991636 , 0.0207342
0.0113371 , 0.0220503
0.0100522 , 0.02086
0.00973543 , 0.0205666
0.0105882 , 0.0213565
0.0107066 , 0.0214662
0.0122938 , 0.0229366
0.0116582 , 0.0223477
0.0117409 , 0.0224244
0.0108799 , 0.0216267
0.0106064 , 0.0213734
0.0113921 , 0.0221012
0.0104881 , 0.0212638
0.00969024 , 0.0205247
0.0121369 , 0.0227912
0.0110534 , 0.0217875
0.0111449 , 0.0218722
0.0109621 , 0.0217028
0.0112455 , 0.0219654
0.0107066 , 0.0214662
0.0105882 , 0.0213565
0.00868245 , 0.0195914
0.00829778 , 0.0192351
0.0106428 , 0.0214071
0.00962701 , 0.0204662
0.0105154 , 0.021289
0.0109712 , 0.0217113
0.0118421 , 0.0225181
0.0100704 , 0.0208768
0.0105336 , 0.0213059
0.0100976 , 0.020902
0.010279 , 0.0210701
0.011695 , 0.0223818
0.0109986 , 0.0217367
0.0111083 , 0.0218383
0.0110169 , 0.0217536
0.0114104 , 0.0221182
0.0113554 , 0.0220672
0.01057 , 0.0213396
0.0104881 , 0.0212638
0.0112638 , 0.0219824
0.0100704 , 0.0208768
0.0106246 , 0.0213902
0.0128214 , 0.0234254
0.0108069 , 0.0215591
0.0104699 , 0.0212469
0.00973543 , 0.0205666
0.0112547 , 0.0219739
0.0105245 , 0.0212975
0.0115297 , 0.0222286
0.0107613 , 0.0215168
0.0100341 , 0.0208432
0.0123215 , 0.0229623
0.0110169 , 0.0217536
0.0104699 , 0.0212469
0.0106428 , 0.0214071
0.0113463 , 0.0220587
0.010816 , 0.0215675
0.0107522 , 0.0215084
0.0102337 , 0.0210281
0.0106702 , 0.0214324
0.01027 , 0.0210617
0.0127657 , 0.0233739
0.0115939 , 0.0222882
0.0114838 , 0.0221861
0.00995258 , 0.0207677
