0.135872 , 0.139374
0.133122 , 0.13673
0.139215 , 0.142592
0.132635 , 0.136262
0.131801 , 0.135461
0.131747 , 0.135409
0.134708 , 0.138255
0.132608 , 0.136236
0.133177 , 0.136782
0.130523 , 0.134233
0.13753 , 0.140969
0.142166 , 0.145434
0.139822 , 0.143176
0.136543 , 0.14002
0.137106 , 0.140561
0.13124 , 0.134922
0.131507 , 0.135178
0.137956 , 0.141379
0.130153 , 0.133878
0.137275 , 0.140724
0.138841 , 0.142232
0.1366 , 0.140074
0.135344 , 0.138866
0.133503 , 0.137096
0.133994 , 0.137568
0.136179 , 0.13967
0.136768 , 0.140236
0.12947 , 0.133222
0.134131 , 0.1377
0.136796 , 0.140263
0.131828 , 0.135486
0.129653 , 0.133398
0.126322 , 0.130202
0.132338 , 0.135977
0.123488 , 0.127487
0.138412 , 0.141818
0.132123 , 0.13577
0.135206 , 0.138733
0.14017 , 0.143511
0.137389 , 0.140833
0.135483 , 0.139
0.133421 , 0.137018
0.130761 , 0.134462
0.132446 , 0.13608
0.131507 , 0.135178
0.130549 , 0.134259
0.13156 , 0.135229
0.128349 , 0.132147
0.133612 , 0.137201
0.135566 , 0.13908
0.1359 , 0.139401
0.137304 , 0.140752
0.131935 , 0.135589
0.130708 , 0.134411
0.138441 , 0.141846
0.138928 , 0.142315
0.132446 , 0.13608
0.139215 , 0.142592
0.131507 , 0.135178
0.133448 , 0.137044
0.139503 , 0.142869
0.132932 , 0.136548
0.133041 , 0.136652
0.132042 , 0.135693
0.136487 , 0.139966
0.12926 , 0.133021
0.136881 , 0.140345
0.130391 , 0.134106
0.130549 , 0.134259
0.134049 , 0.137621
0.135233 , 0.13876
0.131533 , 0.135204
0.139937 , 0.143287
0.13753 , 0.140969
0.127858 , 0.131675
0.132338 , 0.135977
0.131027 , 0.134717
0.13132 , 0.134999
0.141634 , 0.144922
0.133639 , 0.137227
0.131614 , 0.135281
0.130921 , 0.134615
0.135261 , 0.138786
0.130153 , 0.133878
0.129182 , 0.132946
0.135984 , 0.139482
0.127113 , 0.13096
0.132851 , 0.13647
0.13394 , 0.137516
0.128271 , 0.132072
0.128713 , 0.132496
0.135566 , 0.13908
0.133694 , 0.137279
0.137587 , 0.141024
0.133041 , 0.136652
0.134131 , 0.1377
0.133967 , 0.137542
0.134378 , 0.137937
0.136853 , 0.140317
0.130841 , 0.134539
