0.150035 , 0.150163
0.154125 , 0.154241
0.155837 , 0.155948
0.148232 , 0.148365
0.14053 , 0.14069
0.147284 , 0.147421
0.153958 , 0.154074
0.147938 , 0.148073
0.1489 , 0.149031
0.1492 , 0.14933
0.157256 , 0.157363
0.145447 , 0.14559
0.143482 , 0.143632
0.154042 , 0.154158
0.145033 , 0.145178
0.156276 , 0.156386
0.160428 , 0.160528
0.14935 , 0.14948
0.150653 , 0.150779
0.140904 , 0.141063
0.145934 , 0.146076
0.155663 , 0.155775
0.137699 , 0.13787
0.161406 , 0.161503
0.150886 , 0.151012
0.154378 , 0.154493
0.145102 , 0.145246
0.150965 , 0.15109
0.155663 , 0.155775
0.148602 , 0.148734
0.153047 , 0.153166
0.166984 , 0.167069
0.156718 , 0.156827
0.157346 , 0.157453
0.152074 , 0.152196
0.153958 , 0.154074
0.151358 , 0.151482
0.145655 , 0.145797
0.148974 , 0.149106
0.153376 , 0.153494
0.161604 , 0.161701
0.154547 , 0.154662
0.143882 , 0.14403
0.162204 , 0.1623
0.161307 , 0.161405
0.151834 , 0.151956
0.146427 , 0.146567
0.148453 , 0.148586
0.155403 , 0.155516
0.151437 , 0.15156
0.14476 , 0.144905
0.147357 , 0.147493
0.155059 , 0.155172
0.15835 , 0.158454
0.145516 , 0.145659
0.154294 , 0.154409
0.1489 , 0.149031
0.148676 , 0.148808
0.153707 , 0.153825
0.146569 , 0.146708
0.15872 , 0.158824
0.154209 , 0.154325
0.139303 , 0.139468
0.144352 , 0.144499
0.151674 , 0.151797
0.142889 , 0.143041
0.150112 , 0.15024
0.145309 , 0.145452
0.164265 , 0.164356
0.153958 , 0.154074
0.153376 , 0.153494
0.155576 , 0.155688
0.153459 , 0.153576
0.14302 , 0.143171
0.147719 , 0.147854
0.138524 , 0.138692
0.1561 , 0.15621
0.154125 , 0.154241
0.154378 , 0.154493
0.15872 , 0.158824
0.154802 , 0.154916
0.150343 , 0.15047
0.146145 , 0.146285
0.153791 , 0.153908
0.145864 , 0.146006
0.149959 , 0.150087
0.150653 , 0.150779
0.133943 , 0.13413
0.149049 , 0.14918
0.146782 , 0.146921
0.152234 , 0.152356
0.1512 , 0.151324
0.147212 , 0.147349
0.155145 , 0.155258
0.139851 , 0.140014
0.14053 , 0.14069
0.150112 , 0.15024
0.151516 , 0.151639
0.157799 , 0.157905
0.15272 , 0.15284
