Building DAG of jobs...
IncompleteFilesException:
The files below seem to be incomplete. If you are sure that certain files are not incomplete, mark them as complete with

    snakemake --cleanup-metadata <filenames>

To re-generate the files rerun your command with the --rerun-incomplete flag.
Incomplete files:
chr6_RepeatMasker/varying_r/r0.001_k20.output
chr6_RepeatMasker/varying_r/r0.011_k20.output
chr6_RepeatMasker/varying_r/r0.021_k20.output
chr6_RepeatMasker/varying_r/r0.031_k20.output
chr6_RepeatMasker/varying_r/r0.041_k20.output
chr6_RepeatMasker/varying_r/r0.051_k20.output
chr6_RepeatMasker/varying_r/r0.061_k20.output
chr6_RepeatMasker/varying_r/r0.071_k20.output
chr6_RepeatMasker/varying_r/r0.081_k20.output
chr6_RepeatMasker/varying_r/r0.091_k20.output
chr6_RepeatMasker/varying_r/r0.101_k20.output
chr6_RepeatMasker/varying_r/r0.111_k20.output
chr6_RepeatMasker/varying_r/r0.121_k20.output
chr6_RepeatMasker/varying_r/r0.131_k20.output
chr6_RepeatMasker/varying_r/r0.141_k20.output
chr6_RepeatMasker/varying_r/r0.151_k20.output
chr6_RepeatMasker/varying_r/r0.161_k20.output
chr6_RepeatMasker/varying_r/r0.171_k20.output
chr6_RepeatMasker/varying_r/r0.181_k20.output
chr6_RepeatMasker/varying_r/r0.191_k20.output
chr6_RepeatMasker/varying_r/r0.201_k20.output
chr6_RepeatMasker/varying_r/r0.211_k20.output
chr6_RepeatMasker/varying_r/r0.221_k20.output
chr6_RepeatMasker/varying_r/r0.231_k20.output
chr6_RepeatMasker/varying_r/r0.241_k20.output
