Building DAG of jobs...
Using shell: /usr/bin/bash
Provided cores: 100
Rules claiming more threads will be scaled down.
Job stats:
job                 count
----------------  -------
all                     1
plot_r_variation        1
total                   2

Select jobs to execute...
Execute 1 jobs...

[Tue May  6 21:17:52 2025]
localrule plot_r_variation:
    input: chr21_centromere/varing_r/r0.001_k30.output, chr21_centromere/varing_r/r0.011_k30.output, chr21_centromere/varing_r/r0.021_k30.output, chr21_centromere/varing_r/r0.031_k30.output, chr21_centromere/varing_r/r0.041_k30.output, chr21_centromere/varing_r/r0.051_k30.output, chr21_centromere/varing_r/r0.061_k30.output, chr21_centromere/varing_r/r0.071_k30.output, chr21_centromere/varing_r/r0.081_k30.output, chr21_centromere/varing_r/r0.091_k30.output, chr21_centromere/varing_r/r0.101_k30.output, chr21_centromere/varing_r/r0.111_k30.output, chr21_centromere/varing_r/r0.121_k30.output, chr21_centromere/varing_r/r0.131_k30.output, chr21_centromere/varing_r/r0.141_k30.output, chr21_centromere/varing_r/r0.151_k30.output, chr21_centromere/varing_r/r0.161_k30.output, chr21_centromere/varing_r/r0.171_k30.output, chr21_centromere/varing_r/r0.181_k30.output, chr21_centromere/varing_r/r0.191_k30.output, chr21_centromere/varing_r/r0.201_k30.output, chr21_centromere/varing_r/r0.211_k30.output, chr21_centromere/varing_r/r0.221_k30.output, chr21_centromere/varing_r/r0.231_k30.output, chr21_centromere/varing_r/r0.241_k30.output
    output: chr21_centromere/boxplot_error_q_k30.png
    jobid: 6
    reason: Missing output files: chr21_centromere/boxplot_error_q_k30.png
    wildcards: output_dir=chr21_centromere, fixed_k=30
    resources: tmpdir=/tmp

[Tue May  6 21:17:52 2025]
Error in rule plot_r_variation:
    jobid: 6
    input: chr21_centromere/varing_r/r0.001_k30.output, chr21_centromere/varing_r/r0.011_k30.output, chr21_centromere/varing_r/r0.021_k30.output, chr21_centromere/varing_r/r0.031_k30.output, chr21_centromere/varing_r/r0.041_k30.output, chr21_centromere/varing_r/r0.051_k30.output, chr21_centromere/varing_r/r0.061_k30.output, chr21_centromere/varing_r/r0.071_k30.output, chr21_centromere/varing_r/r0.081_k30.output, chr21_centromere/varing_r/r0.091_k30.output, chr21_centromere/varing_r/r0.101_k30.output, chr21_centromere/varing_r/r0.111_k30.output, chr21_centromere/varing_r/r0.121_k30.output, chr21_centromere/varing_r/r0.131_k30.output, chr21_centromere/varing_r/r0.141_k30.output, chr21_centromere/varing_r/r0.151_k30.output, chr21_centromere/varing_r/r0.161_k30.output, chr21_centromere/varing_r/r0.171_k30.output, chr21_centromere/varing_r/r0.181_k30.output, chr21_centromere/varing_r/r0.191_k30.output, chr21_centromere/varing_r/r0.201_k30.output, chr21_centromere/varing_r/r0.211_k30.output, chr21_centromere/varing_r/r0.221_k30.output, chr21_centromere/varing_r/r0.231_k30.output, chr21_centromere/varing_r/r0.241_k30.output
    output: chr21_centromere/boxplot_error_q_k30.png
    shell:
        
        mkdir -p chr21_centromere
        
        cd chr21_centromere && python ../boxplot_error_r.py \
            -d varing_r \
            -t 0.041 \
            -k 30
        
        (one of the commands exited with non-zero exit code; note that snakemake uses bash strict mode!)

Shutting down, this might take some time.
Exiting because a job execution failed. Look above for error message
Complete log: .snakemake/log/2025-05-06T211752.507424.snakemake.log
WorkflowError:
At least one job did not complete successfully.
