Building DAG of jobs...
IncompleteFilesException:
The files below seem to be incomplete. If you are sure that certain files are not incomplete, mark them as complete with

    snakemake --cleanup-metadata <filenames>

To re-generate the files rerun your command with the --rerun-incomplete flag.
Incomplete files:
chr21_centromere/varing_k/k8_r0.01.output
chr21_centromere/varing_k/k16_r0.01.output
chr21_centromere/varing_k/k32_r0.01.output
chr21_centromere/varing_k/k60_r0.01.output
chr21_centromere/varing_k/k90_r0.01.output
chr21_centromere/varing_k/k120_r0.01.output
chr21_centromere/varing_k/k150_r0.01.output
chr21_centromere/varing_k/k180_r0.01.output
chr21_centromere/varing_k/k210_r0.01.output
chr21_centromere/varing_k/k240_r0.01.output
chr21_centromere/varing_k/k270_r0.01.output
chr21_centromere/varing_k/k300_r0.01.output
chr21_centromere/varing_k/k330_r0.01.output
chr21_centromere/varing_k/k360_r0.01.output
chr21_centromere/varing_k/k390_r0.01.output
chr21_centromere/varing_k/k420_r0.01.output
chr21_centromere/varing_k/k450_r0.01.output
chr21_centromere/varing_k/k480_r0.01.output
chr21_centromere/varing_k/k510_r0.01.output
chr21_centromere/varing_k/k540_r0.01.output
chr21_centromere/varing_k/k570_r0.01.output
chr21_centromere/varing_k/k600_r0.01.output
chr21_centromere/varing_k/k630_r0.01.output
chr21_centromere/varing_k/k660_r0.01.output
chr21_centromere/varing_k/k690_r0.01.output
chr21_centromere/varing_k/k720_r0.01.output
chr21_centromere/varing_k/k750_r0.01.output
chr21_centromere/varing_k/k780_r0.01.output
chr21_centromere/varing_r/r0.001_k30.output
chr21_centromere/varing_r/r0.011_k30.output
chr21_centromere/varing_r/r0.021_k30.output
chr21_centromere/varing_r/r0.031_k30.output
chr21_centromere/varing_r/r0.041_k30.output
chr21_centromere/varing_r/r0.051_k30.output
chr21_centromere/varing_r/r0.061_k30.output
chr21_centromere/varing_r/r0.071_k30.output
chr21_centromere/varing_r/r0.081_k30.output
chr21_centromere/varing_r/r0.091_k30.output
chr21_centromere/varing_r/r0.101_k30.output
chr21_centromere/varing_r/r0.111_k30.output
chr21_centromere/varing_r/r0.121_k30.output
chr21_centromere/varing_r/r0.131_k30.output
chr21_centromere/varing_r/r0.141_k30.output
chr21_centromere/varing_r/r0.151_k30.output
chr21_centromere/varing_r/r0.161_k30.output
chr21_centromere/varing_r/r0.171_k30.output
chr21_centromere/varing_r/r0.181_k30.output
chr21_centromere/varing_r/r0.191_k30.output
chr21_centromere/varing_r/r0.201_k30.output
chr21_centromere/varing_r/r0.211_k30.output
chr21_centromere/varing_r/r0.221_k30.output
chr21_centromere/varing_r/r0.231_k30.output
chr21_centromere/varing_r/r0.241_k30.output
chr21_centromere/varing_r/r0.251_k30.output
chr21_centromere/varing_r/r0.261_k30.output
chr21_centromere/varing_r/r0.271_k30.output
chr21_centromere/varing_r/r0.281_k30.output
chr21_centromere/varing_r/r0.291_k30.output
chr21_centromere/varing_r/r0.301_k30.output
