0.000861738 , 0 , 0
0.00096597 , 0.00450189 , 0
0 , 0 , 0
0.00226578 , 0.0074916 , 0
0.0025859 , 0.0052384 , 0
0 , 0.00902982 , 0
0.00163015 , 0.00598222 , 0
0.00145469 , 0.00450189 , 0.00673329
0.000792348 , 0.00341094 , 0.0327235
0.00208859 , 0.00673329 , 0.00305101
0.00110522 , 0.0052384 , 0.0105969
0 , 0.000240047 , 0.0642379
0.00251463 , 0.00450189 , 0.0105969
0.000171363 , 0 , 0.0188729
0.00180609 , 0 , 0
0 , 0 , 0
0.00240787 , 0 , 0
0.00265725 , 0.00377273 , 0
0.000240047 , 0.000584647 , 0
0 , 0 , 0.00673329
0.00138464 , 0.00450189 , 0
0.00103555 , 0 , 0
0.00184134 , 0 , 0.00673329
0 , 0.00635685 , 0.00673329
0.00184134 , 0.00413638 , 0.0428423
0.000412101 , 0 , 0
0.00198251 , 0.0074916 , 0
0.00283595 , 0 , 0.0232964
0.000792348 , 0.00825711 , 0.0480971
0 , 0 , 0
0.000619215 , 0 , 0
0.00096597 , 0 , 0.00673329
0.000377651 , 0.00163015 , 0
0.00145469 , 0.013818 , 0.00673329
0.000102759 , 0.000240047 , 0.0327235
0 , 0.0184412 , 0.058831
0.00240787 , 0 , 0.0105969
0 , 0 , 0.0232964
0.000550098 , 0.00450189 , 0
0 , 0.00305101 , 0.0428423
0.00100075 , 0.00486923 , 0
0.00208859 , 0.00864257 , 0
0 , 0.0105969 , 0.00305101
0.00180609 , 0.00980973 , 0
0 , 0 , 0.027915
0.00103555 , 0 , 0.0232964
0.00315879 , 0.0102024 , 0.027915
0.000377651 , 0 , 0
0 , 0.00305101 , 0.0105969
0.00103555 , 0 , 0.0105969
0.000584647 , 0.00269295 , 0.027915
0.000653802 , 0.00902982 , 0
0 , 0.00198251 , 0
0.00201785 , 0 , 0.0188729
0.00103555 , 0.00787346 , 0
0.000240047 , 0.00450189 , 0
6.84859e-05 , 0 , 0.00673329
0.00103555 , 0 , 0.0105969
0.00051557 , 0 , 0
0.00283595 , 0.0074916 , 0.0105969
0.00208859 , 0 , 0
0 , 0.0102024 , 0.0146417
0.00068841 , 0 , 0.00305101
0.00107038 , 0.00450189 , 0.0105969
0.00472207 , 0 , 0
6.84859e-05 , 0.00902982 , 0
0.00117496 , 0.0117911 , 0.00305101
0.00215941 , 0.00635685 , 0.0327235
0.00068841 , 0.00341094 , 0.0327235
0.00201785 , 0.00673329 , 0
0.00219485 , 0 , 0.0428423
0.00215941 , 0 , 0
0.00201785 , 0.00163015 , 0.00305101
0.00107038 , 0.00305101 , 0.00305101
0.000757683 , 0 , 0.0480971
0.00155991 , 0.00127971 , 0.0327235
0 , 0 , 0.0480971
0.00100075 , 0.00305101 , 0
0.00138464 , 0 , 0.0327235
0.000861738 , 0 , 0
0.00117496 , 0.00635685 , 0.0377074
0.00237232 , 0.0223961 , 0
0.00068841 , 0 , 0.027915
0.0025859 , 0 , 0.0480971
0 , 0 , 0.00305101
0.000171363 , 0 , 0.0146417
0.000931206 , 0.00198251 , 0
0 , 0 , 0.0232964
0.00341094 , 0 , 0
0.00103555 , 0.00711154 , 0.058831
6.84859e-05 , 0.00598222 , 0.0146417
0 , 0 , 0.058831
0 , 0 , 0.0232964
0 , 0 , 0.0377074
0.000412101 , 0 , 0
0.00170047 , 0 , 0
0.000550098 , 0 , 0.00305101
0.00100075 , 0.00413638 , 0.0188729
0.00163015 , 0.0056094 , 0
0.000931206 , 0.00598222 , 0.0146417
