0.0333619 , 0.0210603 , 0.0428423
0.036748 , 0.0412878 , 0.058831
0.0377074 , 0.0449317 , 0.00305101
0.0286718 , 0.00825711 , 0.0146417
0.0354443 , 0.0372018 , 0.00305101
0.0334112 , 0.019742 , 0.079974
0.0347469 , 0.0246616 , 0.0327235
0.0325277 , 0.0219489 , 0.0232964
0.0397449 , 0.0523646 , 0.0428423
0.0407721 , 0.0288618 , 0.053438
0.026929 , 0.0255814 , 0.0377074
0.0361951 , 0.0444077 , 0.0146417
0.0328215 , 0.0423229 , 0.0188729
0.0413911 , 0.0372018 , 0.0377074
0.0407721 , 0.0555909 , 0.0428423
0.0313586 , 0.0255814 , 0.0188729
0.0373028 , 0.0337069 , 0
0.0346475 , 0.0351949 , 0.0480971
0.0343994 , 0.0407721 , 0.0377074
0.0300559 , 0.0337069 , 0.0188729
0.0317958 , 0.0283874 , 0.0696087
0.0312132 , 0.0539755 , 0.053438
0.0340033 , 0.0418047 , 0.0188729
0.0357442 , 0.0346972 , 0.0642379
0.0331652 , 0.0342012 , 0.0105969
0.0351949 , 0.0237495 , 0.109707
0.0353445 , 0.050225 , 0.0188729
0.031068 , 0.0387233 , 0.00673329
0.0273975 , 0.0356942 , 0.0748774
0.0301039 , 0.0327235 , 0.0146417
0.0320393 , 0.0412878 , 0.053438
0.038113 , 0.0346972 , 0.0377074
0.0353445 , 0.0382146 , 0
0.0407721 , 0.0302962 , 0.0377074
0.0379608 , 0.0438848 , 0.027915
0.0347966 , 0.0269758 , 0.079974
0.0330669 , 0.0232964 , 0.0428423
0.0297683 , 0.0366977 , 0.0377074
0.0363457 , 0.0407721 , 0.0848452
0.0415978 , 0.0438848 , 0.0480971
0.0275384 , 0.030778 , 0.0327235
0.0332143 , 0.0283874 , 0.0377074
0.0386214 , 0.0480971 , 0.0327235
0.0388761 , 0.055052 , 0.0848452
0.0373533 , 0.0418047 , 0.058831
0.0255814 , 0.026509 , 0
0.0409782 , 0.0392334 , 0.079974
0.0326256 , 0.0283874 , 0.027915
0.033116 , 0.0392334 , 0.0146417
0.0334604 , 0.0274444 , 0.0377074
0.0412878 , 0.0377074 , 0.0377074
0.0290521 , 0.0228453 , 0.0188729
0.0397961 , 0.0242046 , 0.058831
0.0319906 , 0.0480971 , 0.0188729
0.0425305 , 0.045983 , 0.00673329
0.0402065 , 0.0392334 , 0.0105969
0.0347469 , 0.0269758 , 0.0428423
0.0352447 , 0.0337069 , 0
0.0414944 , 0.0274444 , 0.0748774
0.0290521 , 0.0246616 , 0.079974
0.0306333 , 0.0288618 , 0.0642379
0.0392334 , 0.0491595 , 0.00305101
0.0319419 , 0.0387233 , 0.0232964
0.030152 , 0.0274444 , 0.0848452
0.0309229 , 0.0246616 , 0.027915
0.0413911 , 0.0397449 , 0.00673329
0.0328215 , 0.0322344 , 0.0480971
0.0356442 , 0.0412878 , 0.0642379
0.0362453 , 0.0283874 , 0.0327235
0.0335097 , 0.0346972 , 0.0105969
0.0335097 , 0.0392334 , 0.0428423
0.0386214 , 0.0449317 , 0.0232964
0.0298162 , 0.0402578 , 0.0748774
0.0339539 , 0.0356942 , 0.0327235
0.0386214 , 0.0449317 , 0.0105969
0.0437281 , 0.0346972 , 0.058831
0.032381 , 0.0454568 , 0.0377074
0.0368487 , 0.0577499 , 0.0480971
0.0288143 , 0.0215036 , 0.0188729
0.0358944 , 0.0298162 , 0
0.0345979 , 0.0288618 , 0.0696087
0.0369495 , 0.0428423 , 0.0188729
0.0360948 , 0.0397449 , 0.0377074
0.0347966 , 0.0322344 , 0.0232964
0.0300559 , 0.0288618 , 0.0105969
0.0366473 , 0.0298162 , 0.0696087
0.0343498 , 0.0387233 , 0.058831
0.038367 , 0.0342012 , 0.027915
0.0343003 , 0.0317472 , 0.0188729
0.0352447 , 0.0312617 , 0.0696087
0.0352946 , 0.0342012 , 0.079974
0.0371513 , 0.050225 , 0.0105969
0.0350952 , 0.0302962 , 0.0480971
0.0326256 , 0.0223961 , 0.0642379
0.0380115 , 0.0387233 , 0.0146417
0.0263229 , 0.0210603 , 0.0105969
0.0359445 , 0.0288618 , 0.0188729
0.0336083 , 0.0269758 , 0.0188729
0.0328706 , 0.0351949 , 0.027915
0.0366977 , 0.0382146 , 0.0105969
