0.0503317 , 0.0680049 , 0.0146417
0.0525791 , 0.0582904 , 0.0642379
0.051454 , 0.0470382 , 0.0188729
0.0522037 , 0.0480971 , 0.027915
0.0545674 , 0.0599126 , 0.0377074
0.047885 , 0.0685404 , 0.0377074
0.0579661 , 0.0615355 , 0.079974
0.0491595 , 0.0480971 , 0.0748774
0.0526327 , 0.0582904 , 0.0480971
0.0522037 , 0.0566698 , 0.0696087
0.0519894 , 0.0382146 , 0.102043
0.0503851 , 0.0631576 , 0.0748774
0.0501717 , 0.0507589 , 0.058831
0.0531694 , 0.0454568 , 0.0748774
0.0533306 , 0.045983 , 0.058831
0.0507589 , 0.050225 , 0.0642379
0.0526327 , 0.055052 , 0.053438
0.0567238 , 0.0599126 , 0.079974
0.0501183 , 0.0444077 , 0.0480971
0.053868 , 0.0382146 , 0.0642379
0.0517216 , 0.055052 , 0.0480971
0.0552675 , 0.0539755 , 0.0327235
0.052901 , 0.053438 , 0.0696087
0.0598045 , 0.0566698 , 0.0642379
0.0497984 , 0.0577499 , 0.058831
0.0489999 , 0.0566698 , 0.0105969
0.0543521 , 0.0626171 , 0.0848452
0.05124 , 0.0407721 , 0.053438
0.0551598 , 0.0475672 , 0.0188729
0.0489999 , 0.052901 , 0.0232964
0.0552137 , 0.0674686 , 0.053438
0.0471439 , 0.0361951 , 0.058831
0.051561 , 0.0486279 , 0.0642379
0.0522573 , 0.0444077 , 0.0327235
0.0539218 , 0.0449317 , 0.058831
0.0469325 , 0.027915 , 0.00305101
0.0569937 , 0.0423229 , 0.0748774
0.0467212 , 0.0444077 , 0.058831
0.0580742 , 0.050225 , 0.0980353
0.056346 , 0.058831 , 0.0748774
0.0595881 , 0.0486279 , 0.079974
0.0448793 , 0.0566698 , 0.079974
0.0527937 , 0.0475672 , 0.0327235
0.051347 , 0.0653169 , 0.0894698
0.047779 , 0.0658557 , 0.0642379
0.0496386 , 0.0507589 , 0.0232964
0.0572637 , 0.0669316 , 0.079974
0.0500117 , 0.0465101 , 0.0894698
0.0584525 , 0.0631576 , 0.0377074
0.0542983 , 0.0674686 , 0.0938569
0.0576419 , 0.043363 , 0.0327235
0.0493191 , 0.0454568 , 0.0377074
0.0537067 , 0.0577499 , 0.027915
0.055052 , 0.0582904 , 0.027915
0.0517216 , 0.052901 , 0.0327235
0.0552675 , 0.0647776 , 0.0480971
0.0551059 , 0.043363 , 0.0748774
0.0448793 , 0.0317472 , 0.0428423
0.0525254 , 0.0496919 , 0.0428423
0.0569397 , 0.0507589 , 0.0428423
0.0570477 , 0.0561302 , 0.0748774
0.0565619 , 0.0566698 , 0.0377074
0.055537 , 0.0572097 , 0.0428423
0.0533306 , 0.0593718 , 0.0232964
0.0526864 , 0.0733118 , 0.027915
0.0533843 , 0.0491595 , 0.079974
0.0502784 , 0.0593718 , 0.0696087
0.0527937 , 0.045983 , 0.0428423
0.043937 , 0.0382146 , 0.0327235
0.0579661 , 0.0555909 , 0.0480971
0.0589391 , 0.0685404 , 0.0428423
0.0549443 , 0.0539755 , 0.0696087
0.0585607 , 0.0631576 , 0.102043
0.047991 , 0.050225 , 0.0848452
0.055537 , 0.050225 , 0.058831
0.0491063 , 0.058831 , 0.0480971
0.0549443 , 0.0593718 , 0.058831
0.0534917 , 0.0566698 , 0.102043
0.0483624 , 0.0465101 , 0.0938569
0.052901 , 0.0561302 , 0.0377074
0.0584525 , 0.0566698 , 0.053438
0.0538142 , 0.0561302 , 0.0748774
0.0542983 , 0.0491595 , 0.0480971
0.0540831 , 0.0658557 , 0.0748774
0.0528473 , 0.0507589 , 0.0428423
0.0549443 , 0.0561302 , 0.0377074
0.0429464 , 0.043363 , 0.00673329
0.0494256 , 0.0539755 , 0.0696087
0.0556448 , 0.0561302 , 0.0232964
0.0498517 , 0.0361951 , 0.0642379
0.0497451 , 0.0486279 , 0.0480971
0.0558066 , 0.0418047 , 0.0377074
0.0584525 , 0.0555909 , 0.0748774
0.0570477 , 0.045983 , 0.0748774
0.0545136 , 0.055052 , 0.0848452
0.0549982 , 0.0738353 , 0.0848452
0.0499584 , 0.055052 , 0.0327235
0.0568857 , 0.0407721 , 0.0327235
0.0549982 , 0.0361951 , 0.109707
0.0542983 , 0.058831 , 0
