0.057912 , 0.053438 , 0.0642379
0.0610486 , 0.0642379 , 0.102043
0.0647776 , 0.0680049 , 0.058831
0.0624549 , 0.0759126 , 0.0428423
0.0614814 , 0.0593718 , 0.0696087
0.0542983 , 0.0620763 , 0.0377074
0.0596963 , 0.0696087 , 0.0480971
0.0635359 , 0.0722603 , 0.0748774
0.069075 , 0.0658557 , 0.0894698
0.0634278 , 0.0759126 , 0.0696087
0.0618059 , 0.043363 , 0.0105969
0.0681121 , 0.0764274 , 0.0894698
0.0680049 , 0.0669316 , 0.053438
0.0676296 , 0.052901 , 0.0696087
0.0648316 , 0.0609945 , 0.0480971
0.0654247 , 0.0647776 , 0.0188729
0.0624008 , 0.0669316 , 0.0428423
0.057804 , 0.0647776 , 0.058831
0.0646158 , 0.0577499 , 0.0642379
0.0655325 , 0.0674686 , 0.0894698
0.064076 , 0.0685404 , 0.0428423
0.0648855 , 0.0829259 , 0.0188729
0.0718381 , 0.069075 , 0.079974
0.0651012 , 0.0738353 , 0.0696087
0.0691284 , 0.07796 , 0.053438
0.0675223 , 0.0743572 , 0.0696087
0.0582363 , 0.0609945 , 0.105921
0.0624008 , 0.0722603 , 0.027915
0.0571017 , 0.052901 , 0.079974
0.0616437 , 0.052901 , 0.058831
0.0635899 , 0.0577499 , 0.0327235
0.0621845 , 0.0753959 , 0.0848452
0.0654247 , 0.0669316 , 0.079974
0.0673613 , 0.07796 , 0.109707
0.0660711 , 0.0561302 , 0.0696087
0.062563 , 0.0653169 , 0.0232964
0.0598045 , 0.052901 , 0.058831
0.0572637 , 0.0561302 , 0.0696087
0.0616437 , 0.0712033 , 0.0696087
0.0629414 , 0.0507589 , 0.0146417
0.0662325 , 0.0577499 , 0.0327235
0.0629955 , 0.0631576 , 0.079974
0.0665015 , 0.0647776 , 0.109707
0.0614273 , 0.0561302 , 0.058831
0.0622386 , 0.0674686 , 0.053438
0.0656402 , 0.0647776 , 0.079974
0.0619682 , 0.0545136 , 0.105921
0.069502 , 0.0733118 , 0.0696087
0.0665015 , 0.0769403 , 0.0428423
0.0649934 , 0.069075 , 0.0848452
0.0655864 , 0.0636979 , 0.058831
0.0575879 , 0.0647776 , 0.058831
0.0647237 , 0.0701413 , 0.058831
0.0658557 , 0.0819515 , 0.053438
0.0619682 , 0.0674686 , 0.105921
0.0619141 , 0.0642379 , 0.0377074
0.0655864 , 0.0727868 , 0.027915
0.0570477 , 0.0727868 , 0.0980353
0.0582363 , 0.0582904 , 0.0848452
0.0607241 , 0.055052 , 0.079974
0.0662325 , 0.0789714 , 0.0327235
0.063968 , 0.0696087 , 0.0748774
0.0590473 , 0.0626171 , 0.0428423
0.0654786 , 0.0566698 , 0.0696087
0.069342 , 0.0658557 , 0.0748774
0.0663402 , 0.0733118 , 0.0146417
0.0614273 , 0.0753959 , 0.0748774
0.0727342 , 0.0631576 , 0.0696087
0.0667166 , 0.0834095 , 0.0480971
0.0602372 , 0.0496919 , 0.058831
0.0672002 , 0.0748774 , 0.0377074
0.0631036 , 0.066394 , 0.0748774
0.0680049 , 0.0475672 , 0.0188729
0.064076 , 0.0491595 , 0.0848452
0.0594799 , 0.0631576 , 0.0480971
0.0626711 , 0.069075 , 0.0377074
0.0701945 , 0.0738353 , 0.0696087
0.0665015 , 0.0636979 , 0.0327235
0.0584525 , 0.0572097 , 0.0894698
0.0684334 , 0.0706729 , 0.0428423
0.0665015 , 0.0636979 , 0.0428423
0.064184 , 0.0599126 , 0.00305101
0.0616977 , 0.0412878 , 0.0327235
0.0648855 , 0.0727868 , 0.053438
0.0632116 , 0.0582904 , 0.0748774
0.059534 , 0.052901 , 0.0428423
0.0614814 , 0.0454568 , 0.0748774
0.0614814 , 0.058831 , 0.0748774
0.0692352 , 0.0748774 , 0.027915
0.0676296 , 0.0566698 , 0.0696087
0.0571017 , 0.0465101 , 0.0642379
0.0624549 , 0.069075 , 0.079974
0.0629414 , 0.058831 , 0.0894698
0.0654247 , 0.0496919 , 0.053438
0.0630495 , 0.0642379 , 0.053438
0.0651012 , 0.0685404 , 0.0696087
0.0705135 , 0.069075 , 0.058831
0.0621845 , 0.0701413 , 0.053438
0.0593177 , 0.0753959 , 0.102043
0.0678441 , 0.0738353 , 0.0377074
