0.0947081 , 0.0942835 , 0.109707
0.0965943 , 0.0992537 , 0.0980353
0.0906768 , 0.0881083 , 0.0642379
0.091823 , 0.0968015 , 0.0894698
0.0911195 , 0.0968015 , 0.0938569
0.0974615 , 0.0992537 , 0.11344
0.101846 , 0.0903655 , 0.124681
0.0987276 , 0.0968015 , 0.117155
0.0902764 , 0.0738353 , 0.102043
0.0954673 , 0.101649 , 0.102043
0.0949197 , 0.0876496 , 0.0748774
0.0975437 , 0.108955 , 0.0848452
0.100458 , 0.100058 , 0.0938569
0.0983617 , 0.0899189 , 0.105921
0.0974204 , 0.0996567 , 0.124681
0.0978308 , 0.0938569 , 0.0938569
0.099173 , 0.0988492 , 0.0848452
0.0885646 , 0.0934282 , 0.12089
0.098687 , 0.107064 , 0.0894698
0.0993748 , 0.0925643 , 0.105921
0.091823 , 0.0942835 , 0.0848452
0.0963451 , 0.0980353 , 0.0696087
0.0951307 , 0.102436 , 0.0848452
0.0972558 , 0.0980353 , 0.105921
0.0934711 , 0.103607 , 0.12857
0.0959281 , 0.0951307 , 0.0894698
0.0976258 , 0.0912519 , 0.102043
0.101214 , 0.103218 , 0.11344
0.0969256 , 0.092129 , 0.0642379
0.0974204 , 0.0853189 , 0.102043
0.0930836 , 0.0916916 , 0.0642379
0.0972146 , 0.0947081 , 0.079974
0.0963867 , 0.100856 , 0.109707
0.0965943 , 0.0942835 , 0.109707
0.0961368 , 0.0968015 , 0.124681
0.0959699 , 0.0984431 , 0.079974
0.0906324 , 0.0925643 , 0.0938569
0.0960951 , 0.0947081 , 0.058831
0.0976668 , 0.0894698 , 0.109707
0.092781 , 0.092129 , 0.105921
0.0975437 , 0.101649 , 0.124681
0.0949197 , 0.0938569 , 0.0848452
0.0968015 , 0.0951307 , 0.0894698
0.10224 , 0.103218 , 0.124681
0.0955932 , 0.0853189 , 0.0980353
0.101372 , 0.108201 , 0.117155
0.0960534 , 0.105921 , 0.105921
0.0938569 , 0.08579 , 0.102043
0.0948774 , 0.0938569 , 0.105921
0.0966773 , 0.0929973 , 0.0748774
0.096967 , 0.0959699 , 0.0848452
0.0965528 , 0.0916916 , 0.105921
0.0955093 , 0.0908099 , 0.11344
0.0990921 , 0.0899189 , 0.0980353
0.0902764 , 0.0916916 , 0.11344
0.0963451 , 0.0881083 , 0.0748774
0.0964282 , 0.100058 , 0.0980353
0.096967 , 0.0955513 , 0.11344
0.101451 , 0.103607 , 0.109707
0.096967 , 0.101649 , 0.0894698
0.091472 , 0.0968015 , 0.109707
0.0992941 , 0.0885646 , 0.117155
0.0936428 , 0.0934282 , 0.109707
0.0970908 , 0.0951307 , 0.0894698
0.100218 , 0.101649 , 0.0980353
0.0958027 , 0.101649 , 0.109707
0.0984431 , 0.102436 , 0.105921
0.0979536 , 0.104769 , 0.0642379
0.0997772 , 0.101649 , 0.105921
0.0995359 , 0.101649 , 0.11344
0.0922598 , 0.0947081 , 0.0696087
0.0895149 , 0.0794738 , 0.0748774
0.0951307 , 0.0976258 , 0.0696087
0.0952571 , 0.103996 , 0.102043
0.0929973 , 0.08579 , 0.0938569
0.0947081 , 0.0903655 , 0.0894698
0.0977079 , 0.0929973 , 0.0327235
0.0929973 , 0.0942835 , 0.0980353
0.100617 , 0.102436 , 0.11344
0.0990921 , 0.102043 , 0.0980353
0.098117 , 0.0942835 , 0.102043
0.0991326 , 0.0984431 , 0.117155
0.0972558 , 0.0980353 , 0.0188729
0.0888825 , 0.0867248 , 0.0642379
0.0981578 , 0.0899189 , 0.0894698
0.100138 , 0.101253 , 0.102043
0.0916916 , 0.0959699 , 0.0980353
0.0934282 , 0.092129 , 0.102043
0.0950885 , 0.0809674 , 0.102043
0.0975026 , 0.0862586 , 0.117155
0.0918668 , 0.0899189 , 0.0748774
0.0937285 , 0.0942835 , 0.0980353
0.0933852 , 0.0925643 , 0.102043
0.0990921 , 0.101253 , 0.0894698
0.0929973 , 0.0912519 , 0.0980353
0.101134 , 0.0976258 , 0.12089
0.0968015 , 0.0959699 , 0.117155
0.0950041 , 0.0794738 , 0.0848452
0.0936856 , 0.0951307 , 0.0848452
0.0891993 , 0.0885646 , 0.0980353
