0.118309 , 0.118272 , 0.12857
0.110494 , 0.114926 , 0.109707
0.113848 , 0.11344 , 0.109707
0.114332 , 0.110831 , 0.141345
0.115409 , 0.11604 , 0.0980353
0.117527 , 0.11344 , 0.124681
0.11656 , 0.125065 , 0.11344
0.118384 , 0.123535 , 0.109707
0.122662 , 0.126222 , 0.136837
0.114814 , 0.117899 , 0.117155
0.116114 , 0.110082 , 0.11344
0.1163 , 0.120515 , 0.109707
0.117006 , 0.117899 , 0.102043
0.116412 , 0.117899 , 0.12857
0.11474 , 0.116412 , 0.0980353
0.115372 , 0.117155 , 0.12089
0.12059 , 0.117899 , 0.12857
0.116821 , 0.12202 , 0.12089
0.11999 , 0.123155 , 0.12857
0.122133 , 0.125065 , 0.151603
0.116672 , 0.114926 , 0.124681
0.117155 , 0.123155 , 0.124681
0.11396 , 0.110082 , 0.132603
0.115372 , 0.107823 , 0.11344
0.115892 , 0.112323 , 0.109707
0.11969 , 0.120515 , 0.0980353
0.119878 , 0.117527 , 0.12089
0.117974 , 0.111204 , 0.12857
0.119578 , 0.114183 , 0.124681
0.115297 , 0.110831 , 0.117155
0.111204 , 0.114554 , 0.124681
0.11422 , 0.108578 , 0.136837
0.117713 , 0.119018 , 0.11344
0.115037 , 0.12014 , 0.105921
0.114517 , 0.103996 , 0.12857
0.123041 , 0.12739 , 0.102043
0.116114 , 0.123535 , 0.12089
0.115892 , 0.116783 , 0.117155
0.11723 , 0.123535 , 0.124681
0.122928 , 0.12739 , 0.11344
0.118496 , 0.119018 , 0.102043
0.112137 , 0.108955 , 0.079974
0.116003 , 0.117527 , 0.141345
0.113477 , 0.114183 , 0.12089
0.114034 , 0.107823 , 0.136837
0.119279 , 0.109707 , 0.124681
0.117937 , 0.123155 , 0.136837
0.112025 , 0.107064 , 0.109707
0.115112 , 0.114183 , 0.136837
0.124643 , 0.12545 , 0.109707
0.117639 , 0.122776 , 0.132603
0.121416 , 0.123155 , 0.136837
0.120965 , 0.112696 , 0.12089
0.118682 , 0.117527 , 0.0938569
0.120815 , 0.12545 , 0.124681
0.119279 , 0.112323 , 0.12089
0.116263 , 0.114183 , 0.12089
0.114889 , 0.112323 , 0.12089
0.117825 , 0.118645 , 0.109707
0.115817 , 0.121266 , 0.12857
0.114257 , 0.112323 , 0.12089
0.119205 , 0.125065 , 0.117155
0.116635 , 0.120515 , 0.117155
0.112919 , 0.0988492 , 0.12857
0.11984 , 0.123916 , 0.132603
0.112807 , 0.112696 , 0.0696087
0.117564 , 0.116412 , 0.102043
0.109406 , 0.110082 , 0.0980353
0.116449 , 0.107823 , 0.117155
0.118123 , 0.11604 , 0.117155
0.115854 , 0.115669 , 0.12089
0.115743 , 0.110831 , 0.11344
0.117341 , 0.115297 , 0.12089
0.119429 , 0.108955 , 0.12089
0.118123 , 0.118645 , 0.105921
0.115372 , 0.11604 , 0.124681
0.117155 , 0.115669 , 0.124681
0.112956 , 0.117155 , 0.0980353
0.114369 , 0.11344 , 0.132603
0.118272 , 0.128175 , 0.136837
0.117527 , 0.115669 , 0.0980353
0.118346 , 0.113068 , 0.0894698
0.117751 , 0.117527 , 0.132603
0.11448 , 0.115669 , 0.0980353
0.117006 , 0.119765 , 0.0980353
0.115446 , 0.12014 , 0.0938569
0.120215 , 0.124681 , 0.117155
0.117564 , 0.114183 , 0.132603
0.119803 , 0.118645 , 0.109707
0.118235 , 0.11604 , 0.12857
0.11969 , 0.119765 , 0.11344
0.116412 , 0.12014 , 0.109707
0.121379 , 0.121266 , 0.102043
0.120327 , 0.120515 , 0.146221
0.117937 , 0.124681 , 0.105921
0.114443 , 0.117899 , 0.102043
0.119242 , 0.117527 , 0.151603
0.119803 , 0.113068 , 0.102043
0.121379 , 0.12089 , 0.124681
0.119541 , 0.12545 , 0.105921
