0.171533 , 0.171722 , 0.204939
0.161972 , 0.163305 , 0.173671
0.169786 , 0.162559 , 0.164843
0.1689 , 0.180288 , 0.185575
0.167864 , 0.174688 , 0.185575
0.169876 , 0.167273 , 0.185575
0.165555 , 0.159027 , 0.173671
0.171252 , 0.165635 , 0.185575
0.162338 , 0.160403 , 0.173671
0.178856 , 0.171722 , 0.164843
0.172878 , 0.170787 , 0.164843
0.174999 , 0.188588 , 0.185575
0.169163 , 0.162559 , 0.157696
0.172008 , 0.173671 , 0.173671
0.170238 , 0.168987 , 0.173671
0.16323 , 0.162559 , 0.185575
0.169429 , 0.172683 , 0.185575
0.170511 , 0.177934 , 0.204939
0.162856 , 0.160403 , 0.146221
0.167023 , 0.174688 , 0.164843
0.165158 , 0.16812 , 0.164843
0.164066 , 0.160403 , 0.157696
0.172878 , 0.169876 , 0.173671
0.17278 , 0.171722 , 0.157696
0.159572 , 0.161827 , 0.157696
0.162265 , 0.161108 , 0.185575
0.16376 , 0.165635 , 0.185575
0.165877 , 0.159709 , 0.136837
0.171817 , 0.168987 , 0.151603
0.173075 , 0.174688 , 0.185575
0.166609 , 0.161827 , 0.173671
0.167023 , 0.164066 , 0.185575
0.165716 , 0.172683 , 0.164843
0.164298 , 0.163305 , 0.173671
0.168987 , 0.180288 , 0.157696
0.166527 , 0.161827 , 0.173671
0.173371 , 0.16812 , 0.185575
0.174895 , 0.157696 , 0.185575
0.165555 , 0.165635 , 0.173671
0.167949 , 0.165635 , 0.151603
0.175842 , 0.177934 , 0.204939
0.16118 , 0.156407 , 0.185575
0.170787 , 0.173671 , 0.173671
0.159985 , 0.154543 , 0.151603
0.161972 , 0.164843 , 0.157696
0.172976 , 0.202334 , 0.185575
0.171912 , 0.163305 , 0.204939
0.169966 , 0.162559 , 0.173671
0.162931 , 0.167273 , 0.146221
0.170238 , 0.172683 , 0.164843
0.169429 , 0.165635 , 1
0.164298 , 0.164843 , 0.173671
0.165396 , 0.170787 , 0.151603
0.174791 , 0.180288 , 0.151603
0.167694 , 0.164066 , 0.185575
0.172683 , 0.172683 , 0.185575
0.167357 , 0.169876 , 0.204939
0.162707 , 0.157696 , 0.185575
0.174175 , 0.175736 , 0.185575
0.173173 , 0.164843 , 0.157696
0.170787 , 0.165635 , 0.173671
0.174074 , 0.174688 , 0.185575
0.166282 , 0.161827 , 0.185575
0.170695 , 0.165635 , 0.185575
0.16308 , 0.169876 , 0.146221
0.169786 , 0.168987 , 0.157696
0.175313 , 0.171722 , 0.185575
0.171722 , 0.173671 , 0.204939
0.169607 , 0.181531 , 0.157696
0.168378 , 0.166445 , 0.185575
0.171722 , 0.171722 , 0.173671
0.175629 , 0.180288 , 0.164843
0.168035 , 0.167273 , 0.157696
0.177934 , 0.169876 , 0.185575
0.17042 , 0.169876 , 0.185575
0.167694 , 0.16812 , 0.164843
0.16934 , 0.164066 , 0.173671
0.173471 , 0.164066 , 0.185575
0.165877 , 0.163305 , 0.185575
0.169607 , 0.167273 , 0.173671
0.168378 , 0.17909 , 0.185575
0.165716 , 0.174688 , 0.164843
0.16812 , 0.165635 , 0.151603
0.165158 , 0.157696 , 0.164843
0.173173 , 0.167273 , 0.185575
0.161682 , 0.156407 , 0.164843
0.172683 , 0.168987 , 0.141345
0.165237 , 0.174688 , 0.157696
0.170695 , 0.167273 , 0.204939
0.175949 , 0.182824 , 0.173671
0.169607 , 0.167273 , 0.185575
0.172586 , 0.160403 , 0.185575
0.162633 , 0.165635 , 0.204939
0.156154 , 0.159709 , 0.164843
0.170056 , 0.16812 , 0.151603
0.163155 , 0.161827 , 0.157696
0.176817 , 0.172683 , 0.185575
0.166692 , 0.163305 , 0.157696
0.175629 , 0.177934 , 0.185575
0.171065 , 0.167273 , 0.185575
