0.227404 , 0.223459 , 1
0.209345 , 0.229285 , 0.204939
0.196474 , 0.185575 , 0.185575
0.21955 , 0.223459 , 0.204939
0.208717 , 0.218654 , 1
0.208717 , 0.214556 , 0.185575
0.198814 , 0.190211 , 0.204939
0.222429 , 0.264291 , 1
0.199036 , 0.188588 , 0.157696
0.216124 , 0.214556 , 1
0.221436 , 0.229285 , 1
0.202334 , 0.214556 , 0.204939
0.206622 , 0.204939 , 0.204939
0.203091 , 0.197728 , 1
0.20605 , 0.193738 , 0.204939
0.206622 , 0.202334 , 0.173671
0.202086 , 0.202334 , 0.204939
0.206622 , 0.214556 , 0.173671
0.210978 , 0.204939 , 0.204939
0.203607 , 0.199941 , 0.185575
0.212711 , 0.223459 , 1
0.213434 , 0.218654 , 1
0.216124 , 0.210978 , 0.204939
0.195468 , 0.199941 , 0.204939
0.214939 , 0.223459 , 0.204939
0.209987 , 0.202334 , 1
0.214556 , 0.214556 , 1
0.207501 , 0.204939 , 0.204939
0.206622 , 0.214556 , 0.185575
0.19488 , 0.202334 , 0.173671
0.203607 , 0.197728 , 0.204939
0.206912 , 0.218654 , 0.185575
0.210644 , 0.210978 , 1
0.198157 , 0.214556 , 0.204939
0.203607 , 0.202334 , 0.204939
0.20605 , 0.204939 , 0.185575
0.206622 , 0.202334 , 0.204939
0.192101 , 0.195667 , 0.185575
0.210978 , 0.199941 , 0.173671
0.206912 , 0.202334 , 0.204939
0.209987 , 0.210978 , 1
0.207501 , 0.2078 , 1
0.2078 , 0.229285 , 0.204939
0.213803 , 0.2078 , 1
0.198375 , 0.204939 , 0.164843
0.200875 , 0.2078 , 0.185575
0.201113 , 0.2078 , 0.204939
0.200404 , 0.193738 , 0.204939
0.212005 , 0.2078 , 0.204939
0.201595 , 0.204939 , 0.185575
0.210314 , 0.218654 , 1
0.201839 , 0.210978 , 1
0.214177 , 0.218654 , 0.204939
0.212356 , 0.218654 , 0.204939
0.204939 , 0.229285 , 1
0.208103 , 0.210978 , 0.185575
0.19668 , 0.202334 , 0.185575
0.217785 , 0.199941 , 0.204939
0.2078 , 0.214556 , 0.204939
0.205213 , 0.223459 , 0.204939
0.213803 , 0.214556 , 1
0.195667 , 0.199941 , 0.204939
0.208717 , 0.223459 , 1
0.204939 , 0.202334 , 0.185575
0.212356 , 0.210978 , 0.204939
0.212005 , 0.223459 , 0.204939
0.209345 , 0.210978 , 0.185575
0.208717 , 0.218654 , 0.204939
0.204399 , 0.210978 , 0.204939
0.21736 , 0.229285 , 0.185575
0.199485 , 0.195667 , 1
0.204668 , 0.218654 , 0.204939
0.20903 , 0.223459 , 0.204939
0.2078 , 0.193738 , 0.204939
0.211316 , 0.223459 , 0.204939
0.202334 , 0.218654 , 1
0.204668 , 0.218654 , 0.173671
0.213803 , 0.2078 , 0.204939
0.203869 , 0.193738 , 0.204939
0.21307 , 0.218654 , 0.204939
0.203869 , 0.204939 , 0.173671
0.207501 , 0.210978 , 0.185575
0.214556 , 0.2078 , 1
0.228643 , 0.223459 , 1
0.221928 , 0.229285 , 1
0.206622 , 0.202334 , 0.204939
0.204133 , 0.223459 , 0.204939
0.212711 , 0.2078 , 0.204939
0.208717 , 0.210978 , 0.164843
0.203091 , 0.214556 , 0.185575
0.215723 , 0.23671 , 0.204939
0.22294 , 0.23671 , 0.204939
0.202334 , 0.204939 , 1
0.21653 , 0.210978 , 1
0.205213 , 0.2078 , 0.185575
0.21307 , 0.2078 , 1
0.210978 , 0.204939 , 1
0.197094 , 0.199941 , 1
0.199036 , 0.195667 , 0.204939
0.204133 , 0.199941 , 0.204939
