0.19668 , 0.185575 , 0.185575
0.193551 , 0.191924 , 0.173671
0.205213 , 0.202334 , 0.204939
0.197094 , 0.193738 , 0.185575
0.195271 , 0.202334 , 0.173671
0.200875 , 0.202334 , 1
0.196068 , 0.199941 , 0.204939
0.204399 , 0.199941 , 1
0.202334 , 0.204939 , 0.204939
0.190211 , 0.187046 , 0.185575
0.199941 , 0.187046 , 0.204939
0.201595 , 0.210978 , 0.185575
0.191574 , 0.18417 , 0.164843
0.21307 , 0.229285 , 1
0.204399 , 0.197728 , 0.204939
0.190715 , 0.182824 , 0.204939
0.195667 , 0.188588 , 0.164843
0.206334 , 0.218654 , 0.185575
0.188747 , 0.18417 , 0.204939
0.193551 , 0.195667 , 0.185575
0.198593 , 0.187046 , 0.204939
0.186896 , 0.199941 , 0.185575
0.201113 , 0.204939 , 1
0.198157 , 0.214556 , 0.204939
0.200404 , 0.214556 , 0.173671
0.205768 , 0.218654 , 0.185575
0.198375 , 0.204939 , 0.204939
0.187046 , 0.190211 , 1
0.197942 , 0.191924 , 0.204939
0.186896 , 0.195667 , 0.164843
0.195468 , 0.199941 , 0.204939
0.201839 , 0.2078 , 1
0.205768 , 0.218654 , 0.204939
0.194114 , 0.202334 , 0.173671
0.198157 , 0.204939 , 1
0.205768 , 0.2078 , 1
0.190211 , 0.177934 , 0.185575
0.200404 , 0.199941 , 0.204939
0.215329 , 0.210978 , 0.204939
0.200875 , 0.199941 , 0.173671
0.188274 , 0.187046 , 0.164843
0.200404 , 0.202334 , 0.185575
0.202836 , 0.190211 , 1
0.208717 , 0.195667 , 0.204939
0.193925 , 0.182824 , 0.173671
0.19488 , 0.187046 , 0.204939
0.213434 , 0.199941 , 0.204939
0.201595 , 0.202334 , 0.204939
0.226218 , 0.23671 , 1
0.208103 , 0.204939 , 1
0.210314 , 0.210978 , 1
0.200875 , 0.195667 , 0.185575
0.196886 , 0.187046 , 0.185575
0.193182 , 0.202334 , 0.157696
0.187348 , 0.190211 , 0.185575
0.197304 , 0.202334 , 0.173671
0.18988 , 0.180288 , 0.204939
0.201839 , 0.191924 , 0.185575
0.207205 , 0.229285 , 1
0.201113 , 0.197728 , 0.185575
0.19627 , 0.193738 , 0.204939
0.193551 , 0.199941 , 0.204939
0.20903 , 0.210978 , 0.204939
0.186302 , 0.181531 , 0.204939
0.204668 , 0.2078 , 1
0.190715 , 0.197728 , 1
0.19668 , 0.180288 , 1
0.191924 , 0.197728 , 0.204939
0.197942 , 0.2078 , 1
0.200639 , 0.195667 , 0.185575
0.192817 , 0.172683 , 1
0.21307 , 0.218654 , 0.185575
0.197515 , 0.199941 , 0.185575
0.201595 , 0.197728 , 0.185575
0.192817 , 0.195667 , 0.204939
0.197942 , 0.193738 , 0.164843
0.199941 , 0.188588 , 0.204939
0.190885 , 0.193738 , 0.164843
0.199036 , 0.210978 , 0.164843
0.200172 , 0.202334 , 0.204939
0.195075 , 0.193738 , 0.185575
0.195867 , 0.195667 , 0.173671
0.193551 , 0.197728 , 0.157696
0.188274 , 0.188588 , 0.173671
0.192637 , 0.199941 , 1
0.20903 , 0.210978 , 1
0.204133 , 0.199941 , 0.204939
0.199036 , 0.187046 , 0.185575
0.190211 , 0.185575 , 0.185575
0.20903 , 0.2078 , 0.173671
0.202334 , 0.202334 , 0.204939
0.199485 , 0.2078 , 1
0.193551 , 0.197728 , 0.185575
0.203869 , 0.2078 , 0.185575
0.206912 , 0.199941 , 0.185575
0.198814 , 0.195667 , 1
0.201113 , 0.204939 , 0.185575
0.210978 , 0.223459 , 1
0.188906 , 0.190211 , 0.204939
0.195271 , 0.204939 , 0.204939
