0.293277 , 1 , 1
1 , 1 , 1
0.254246 , 0.23671 , 1
1 , 1 , 1
1 , 1 , 1
0.261943 , 0.247026 , 1
1 , 1 , 1
1 , 1 , 1
1 , 1 , 1
0.293277 , 1 , 1
1 , 1 , 1
1 , 1 , 1
1 , 1 , 1
1 , 1 , 1
0.261943 , 0.247026 , 1
0.242408 , 0.247026 , 1
1 , 1 , 1
0.248319 , 0.247026 , 1
1 , 1 , 1
1 , 1 , 1
0.281127 , 1 , 1
1 , 1 , 1
0.273006 , 0.264291 , 1
1 , 1 , 1
0.293277 , 0.264291 , 0.204939
0.318702 , 1 , 1
1 , 1 , 1
1 , 1 , 1
1 , 1 , 1
1 , 1 , 1
0.302771 , 1 , 1
0.276739 , 1 , 1
0.269756 , 0.264291 , 1
1 , 1 , 1
0.281127 , 0.264291 , 1
1 , 1 , 1
0.318702 , 1 , 1
1 , 1 , 1
0.302771 , 1 , 1
1 , 1 , 1
0.281127 , 1 , 1
1 , 1 , 1
1 , 1 , 1
1 , 1 , 1
1 , 1 , 1
0.269756 , 1 , 0.204939
0.302771 , 1 , 1
0.302771 , 1 , 1
1 , 1 , 1
0.247026 , 0.264291 , 1
0.281127 , 1 , 1
1 , 1 , 1
0.318702 , 1 , 1
1 , 1 , 1
1 , 1 , 1
1 , 1 , 1
1 , 1 , 1
0.318702 , 1 , 1
0.318702 , 1 , 1
0.255966 , 0.264291 , 1
1 , 1 , 1
1 , 1 , 1
0.302771 , 0.264291 , 1
1 , 1 , 1
0.302771 , 1 , 1
0.318702 , 1 , 1
0.286461 , 1 , 0.204939
0.261943 , 1 , 1
0.318702 , 1 , 1
0.293277 , 1 , 1
0.269756 , 1 , 1
1 , 1 , 1
0.286461 , 1 , 1
1 , 1 , 1
0.302771 , 1 , 1
0.293277 , 1 , 1
1 , 1 , 1
1 , 1 , 1
0.318702 , 1 , 1
0.276739 , 1 , 1
0.318702 , 1 , 1
0.264291 , 0.247026 , 1
1 , 1 , 1
1 , 1 , 1
1 , 1 , 1
1 , 1 , 1
0.293277 , 1 , 1
0.318702 , 0.264291 , 1
1 , 1 , 1
0.266877 , 0.264291 , 1
0.318702 , 1 , 1
1 , 1 , 1
0.252633 , 0.223459 , 1
0.286461 , 1 , 1
0.302771 , 1 , 1
1 , 1 , 1
0.302771 , 1 , 1
0.286461 , 1 , 1
0.259793 , 0.23671 , 1
0.269756 , 0.264291 , 1
