0.0794157 , 0.109241
0.0589363 , 0.095694
0.0670848 , 0.100963
0.0765129 , 0.107259
0.0667342 , 0.100733
0.0637685 , 0.0987996
0.0672602 , 0.101078
0.0700793 , 0.10294
0.0615171 , 0.0973458
0.066384 , 0.100504
0.0736374 , 0.105316
0.0750718 , 0.106283
0.0741745 , 0.105677
0.0743538 , 0.105798
0.0706106 , 0.103292
0.0684907 , 0.101888
0.0697257 , 0.102705
0.0702563 , 0.103057
0.0609995 , 0.0970133
0.067787 , 0.101425
0.0729227 , 0.104836
0.0752516 , 0.106404
0.0752516 , 0.106404
0.0794157 , 0.109241
0.0690194 , 0.102238
0.057738 , 0.0949324
0.0759717 , 0.106892
0.067787 , 0.101425
0.0779608 , 0.108245
0.0739954 , 0.105557
0.0700793 , 0.10294
0.0783238 , 0.108493
0.0656847 , 0.100047
0.0779608 , 0.108245
0.0669095 , 0.100848
0.0700793 , 0.10294
0.0681387 , 0.101656
0.0702563 , 0.103057
0.0739954 , 0.105557
0.077055 , 0.107628
0.0718535 , 0.104121
0.0727442 , 0.104717
0.0825318 , 0.111391
0.0739954 , 0.105557
0.0757915 , 0.10677
0.0722095 , 0.104359
0.0814282 , 0.110627
0.0597946 , 0.0962416
0.0704334 , 0.103175
0.0589363 , 0.095694
0.0679628 , 0.10154
0.0731012 , 0.104956
0.056373 , 0.094069
0.0632477 , 0.0984623
0.0788693 , 0.108866
0.0625545 , 0.0980142
0.0794157 , 0.109241
0.05808 , 0.0951494
0.067787 , 0.101425
0.069549 , 0.102588
0.0722095 , 0.104359
0.0727442 , 0.104717
0.066384 , 0.100504
0.0641161 , 0.0990252
0.066384 , 0.100504
0.0768742 , 0.107505
0.0637685 , 0.0987996
0.0641161 , 0.0990252
0.0700793 , 0.10294
0.0693724 , 0.102471
0.0620354 , 0.0976794
0.0702563 , 0.103057
0.0558624 , 0.0937471
0.0748922 , 0.106161
0.0722095 , 0.104359
0.067787 , 0.101425
0.0727442 , 0.104717
0.0704334 , 0.103175
0.0750718 , 0.106283
0.0634212 , 0.0985746
0.0748922 , 0.106161
0.0625545 , 0.0980142
0.0609995 , 0.0970133
0.0825318 , 0.111391
0.0714979 , 0.103883
0.0707879 , 0.10341
0.06551 , 0.0999325
0.0653355 , 0.0998187
0.0699025 , 0.102822
0.0704334 , 0.103175
0.0676113 , 0.101309
0.0702563 , 0.103057
0.0679628 , 0.10154
0.0653355 , 0.0998187
0.0799632 , 0.109617
0.0679628 , 0.10154
0.0623814 , 0.0979025
0.0713202 , 0.103765
0.0567138 , 0.0942842
0.0727442 , 0.104717
