0.0175793 , 0.0711725
0.00948951 , 0.06672
0.00813608 , 0.0659826
0.00738681 , 0.0655752
0.00693815 , 0.0653315
0.0110004 , 0.0675456
0.0152694 , 0.0698928
0.00663943 , 0.0651694
0.0146561 , 0.0695542
0.00994199 , 0.066967
0.0128231 , 0.068545
0.00619191 , 0.0649266
0.00813608 , 0.0659826
0.0132804 , 0.0687964
0.00723718 , 0.0654939
0.0186626 , 0.0717751
0.0143499 , 0.0693853
0.010244 , 0.067132
0.00873686 , 0.0663097
0.015116 , 0.069808
0.00738681 , 0.0655752
0.014044 , 0.0692167
0.00723718 , 0.0654939
0.0123664 , 0.0682942
0.00649018 , 0.0650884
0.00544758 , 0.0645233
0.0110004 , 0.0675456
0.0116068 , 0.0678777
0.00918822 , 0.0665557
0.0110004 , 0.0675456
0.0171161 , 0.0709153
0.00678875 , 0.0652504
0.0122143 , 0.0682108
0.0108489 , 0.0674627
0.0125186 , 0.0683778
0.0119104 , 0.0680441
0.0122143 , 0.0682108
0.00768629 , 0.065738
0.00873686 , 0.0663097
0.0129754 , 0.0686287
0.00753651 , 0.0656565
0.00440876 , 0.0639613
0.0131279 , 0.0687125
0.00858655 , 0.0662278
0.0113034 , 0.0677115
0.0122143 , 0.0682108
0.0119104 , 0.0680441
0.0024896 , 0.0629255
0.00619191 , 0.0649266
0.0126708 , 0.0684614
0.0110004 , 0.0675456
0.00903769 , 0.0664736
0.00858655 , 0.0662278
0.010244 , 0.067132
0.00948951 , 0.06672
0.0148094 , 0.0696387
0.0138911 , 0.0691325
0.00500191 , 0.0642821
0.00994199 , 0.066967
0.00918822 , 0.0665557
0.014044 , 0.0692167
0.0154229 , 0.0699776
0.0128231 , 0.068545
0.00783615 , 0.0658195
0.00738681 , 0.0655752
0.0160376 , 0.0703176
0.0135856 , 0.0689643
0.00933883 , 0.0666378
0.0185076 , 0.0716888
0.0172704 , 0.0710009
0.0119104 , 0.0680441
0.0137383 , 0.0690484
0.00933883 , 0.0666378
0.0146561 , 0.0695542
0.0123664 , 0.0682942
0.0161915 , 0.0704027
0.00903769 , 0.0664736
0.0149626 , 0.0697233
0.00798608 , 0.065901
0.00979109 , 0.0668846
0.0111519 , 0.0676285
0.0111519 , 0.0676285
0.00979109 , 0.0668846
0.00918822 , 0.0665557
0.00918822 , 0.0665557
0.0120623 , 0.0681274
0.0120623 , 0.0681274
0.00500191 , 0.0642821
0.0110004 , 0.0675456
0.0106976 , 0.0673799
0.0128231 , 0.068545
0.0137383 , 0.0690484
0.0135856 , 0.0689643
0.0108489 , 0.0674627
0.0126708 , 0.0684614
0.0114551 , 0.0677945
0.0120623 , 0.0681274
0.0125186 , 0.0683778
0.0108489 , 0.0674627
0.00753651 , 0.0656565
