0.0727442 , 0.104717
0.0801459 , 0.109742
0.0669095 , 0.100848
0.0849382 , 0.113067
0.0860559 , 0.11385
0.0840102 , 0.112419
0.0648124 , 0.0994778
0.0741745 , 0.105677
0.0803287 , 0.109868
0.0747126 , 0.10604
0.0779608 , 0.108245
0.0884939 , 0.11557
0.0707879 , 0.10341
0.0683147 , 0.101772
0.0806947 , 0.11012
0.0777794 , 0.108121
0.0732798 , 0.105076
0.0781422 , 0.108369
0.0915262 , 0.117727
0.0851241 , 0.113197
0.0741745 , 0.105677
0.08327 , 0.111903
0.0786873 , 0.108742
0.0748922 , 0.106161
0.0790513 , 0.108991
0.0679628 , 0.10154
0.0713202 , 0.103765
0.0713202 , 0.103765
0.0748922 , 0.106161
0.0736374 , 0.105316
0.0806947 , 0.11012
0.0720314 , 0.10424
0.06551 , 0.0999325
0.0690194 , 0.102238
0.0808779 , 0.110247
0.08327 , 0.111903
0.0816118 , 0.110754
0.0743538 , 0.105798
0.088871 , 0.115837
0.0819795 , 0.111008
0.0788693 , 0.108866
0.0785055 , 0.108617
0.084381 , 0.112678
0.0704334 , 0.103175
0.0788693 , 0.108866
0.077417 , 0.107874
0.0736374 , 0.105316
0.0632477 , 0.0984623
0.0823476 , 0.111263
0.0816118 , 0.110754
0.0684907 , 0.101888
0.0702563 , 0.103057
0.0836398 , 0.112161
0.0768742 , 0.107505
0.0738164 , 0.105436
0.0801459 , 0.109742
0.0819795 , 0.111008
0.0718535 , 0.104121
0.0801459 , 0.109742
0.0777794 , 0.108121
0.0797806 , 0.109491
0.0670848 , 0.100963
0.0741745 , 0.105677
0.0866165 , 0.114244
0.0691958 , 0.102354
0.076152 , 0.107014
0.0808779 , 0.110247
0.0736374 , 0.105316
0.0845666 , 0.112807
0.0877414 , 0.115037
0.0801459 , 0.109742
0.0862427 , 0.113982
0.0951754 , 0.120353
0.0856828 , 0.113589
0.0779608 , 0.108245
0.077055 , 0.107628
0.0881174 , 0.115303
0.0748922 , 0.106161
0.0812446 , 0.1105
0.0777794 , 0.108121
0.0951754 , 0.120353
0.0681387 , 0.101656
0.0924813 , 0.118412
0.0775981 , 0.107997
0.0706106 , 0.103292
0.0681387 , 0.101656
0.0853102 , 0.113327
0.0827162 , 0.111519
0.0725659 , 0.104597
0.0702563 , 0.103057
0.0853102 , 0.113327
0.08327 , 0.111903
0.0656847 , 0.100047
0.086991 , 0.114508
0.0693724 , 0.102471
0.0829007 , 0.111647
0.0711427 , 0.103647
0.0725659 , 0.104597
0.076152 , 0.107014
0.0714979 , 0.103883
