0.0370828 , 0.0823138
0.0406731 , 0.084441
0.0431387 , 0.0859174
0.0444597 , 0.0867136
0.0433036 , 0.0860166
0.0501211 , 0.0901692
0.0356229 , 0.0814562
0.0330401 , 0.0799491
0.0357849 , 0.0815511
0.0319153 , 0.0792967
0.041001 , 0.0846367
0.0328793 , 0.0798556
0.0398544 , 0.0839537
0.0392006 , 0.0835654
0.0401817 , 0.0841483
0.0365956 , 0.0820271
0.040018 , 0.0840509
0.039364 , 0.0836623
0.0390373 , 0.0834686
0.0439638 , 0.0864143
0.0439638 , 0.0864143
0.0383848 , 0.0830822
0.0457848 , 0.0875162
0.0431387 , 0.0859174
0.032397 , 0.0795758
0.0295153 , 0.0779125
0.0390373 , 0.0834686
0.0444597 , 0.0867136
0.0398544 , 0.0839537
0.0469478 , 0.0882236
0.0319153 , 0.0792967
0.0471142 , 0.0883251
0.0372453 , 0.0824095
0.046449 , 0.0879198
0.0449561 , 0.0870138
0.0452874 , 0.0872145
0.039364 , 0.0836623
0.0375706 , 0.0826012
0.048782 , 0.0893455
0.0320758 , 0.0793896
0.041001 , 0.0846367
0.0385478 , 0.0831786
0.0396909 , 0.0838565
0.0356229 , 0.0814562
0.0401817 , 0.0841483
0.044129 , 0.086514
0.0418219 , 0.0851273
0.0459508 , 0.0876169
0.040018 , 0.0840509
0.0466152 , 0.088021
0.0423152 , 0.0854229
0.052138 , 0.0914176
0.0434686 , 0.0861159
0.052138 , 0.0914176
0.0433036 , 0.0860166
0.0325577 , 0.079669
0.023814 , 0.0746647
0.0439638 , 0.0864143
0.0462828 , 0.0878188
0.0474472 , 0.0885284
0.0405092 , 0.0843434
0.0395274 , 0.0837593
0.0341681 , 0.0806057
0.0367579 , 0.0821226
0.0562027 , 0.0939616
0.0454531 , 0.0873149
0.046449 , 0.0879198
0.0367579 , 0.0821226
0.0338455 , 0.0804177
0.0447906 , 0.0869137
0.0288777 , 0.0775465
0.0479472 , 0.088834
0.0315944 , 0.079111
0.0346525 , 0.0808884
0.0428091 , 0.0857193
0.0484479 , 0.0891406
0.0382218 , 0.0829858
0.0429739 , 0.0858183
0.0266542 , 0.0762757
0.0461168 , 0.0877178
0.0396909 , 0.0838565
0.0396909 , 0.0838565
0.045619 , 0.0874155
0.0419863 , 0.0852258
0.0479472 , 0.088834
0.0383848 , 0.0830822
0.0403454 , 0.0842458
0.0396909 , 0.0838565
0.0477805 , 0.088732
0.046449 , 0.0879198
0.0406731 , 0.084441
0.0320758 , 0.0793896
0.0406731 , 0.084441
0.0413292 , 0.0848326
0.048782 , 0.0893455
0.0343295 , 0.0806998
0.0419863 , 0.0852258
0.0348141 , 0.0809828
0.0519696 , 0.091313
0.0279232 , 0.0769999
