0 , 0.0615864
0.00234252 , 0.0628463
0.00131517 , 0.0622932
0.000876069 , 0.0620571
0.00102236 , 0.0621357
0.000583728 , 0.0619
0 , 0.0615864
0.000583728 , 0.0619
0.00234252 , 0.0628463
0.00175499 , 0.0625299
0.00219552 , 0.0627671
0.00234252 , 0.0628463
0.00190176 , 0.0626089
0.00411264 , 0.0638013
0 , 0.0615864
0.00102236 , 0.0621357
0.00352135 , 0.063482
0 , 0.0615864
0 , 0.0615864
0 , 0.0615864
0.0014617 , 0.0623721
0 , 0.0615864
0 , 0.0615864
0.000729858 , 0.0619785
0 , 0.0615864
0.00219552 , 0.0627671
0.000437676 , 0.0618215
0 , 0.0615864
0.00293131 , 0.0631636
0 , 0.0615864
0.000437676 , 0.0618215
0.00175499 , 0.0625299
0.00190176 , 0.0626089
0 , 0.0615864
0.00190176 , 0.0626089
0 , 0.0615864
0 , 0.0615864
0.000145812 , 0.0616647
0.0020486 , 0.062688
0 , 0.0615864
0.000583728 , 0.0619
0.00293131 , 0.0631636
0.0014617 , 0.0623721
0 , 0.0615864
0 , 0.0615864
0.000876069 , 0.0620571
0 , 0.0615864
0.000583728 , 0.0619
0.00175499 , 0.0625299
0.000145812 , 0.0616647
0 , 0.0615864
0.000583728 , 0.0619
0 , 0.0615864
0.000145812 , 0.0616647
0 , 0.0615864
0.000291705 , 0.0617431
0.000876069 , 0.0620571
0.00131517 , 0.0622932
0.000729858 , 0.0619785
0.00175499 , 0.0625299
0.00131517 , 0.0622932
0.00263676 , 0.0630048
0.0024896 , 0.0629255
0.000437676 , 0.0618215
0 , 0.0615864
0.000729858 , 0.0619785
0 , 0.0615864
0.000876069 , 0.0620571
0.00175499 , 0.0625299
0.00175499 , 0.0625299
0.000729858 , 0.0619785
0.00234252 , 0.0628463
0.00470518 , 0.0641216
0 , 0.0615864
0 , 0.0615864
0.000437676 , 0.0618215
0.000145812 , 0.0616647
0 , 0.0615864
0.0014617 , 0.0623721
0.00160831 , 0.0624509
0.00293131 , 0.0631636
0.0014617 , 0.0623721
0.00190176 , 0.0626089
0.0024896 , 0.0629255
0.0020486 , 0.062688
0.0014617 , 0.0623721
0 , 0.0615864
0 , 0.0615864
0 , 0.0615864
0.002784 , 0.0630842
0.000729858 , 0.0619785
0.000729858 , 0.0619785
0 , 0.0615864
0 , 0.0615864
0.000145812 , 0.0616647
0 , 0.0615864
0.0014617 , 0.0623721
0.00263676 , 0.0630048
0 , 0.0615864
0.00131517 , 0.0622932
