0.0625545 , 0.0980142
0.0546736 , 0.0930001
0.0502888 , 0.0902727
0.0725659 , 0.104597
0.0568843 , 0.0943919
0.0589363 , 0.095694
0.0629009 , 0.098238
0.0568843 , 0.0943919
0.0716756 , 0.104002
0.0750718 , 0.106283
0.0639423 , 0.0989124
0.057738 , 0.0949324
0.059451 , 0.0960222
0.0555224 , 0.0935331
0.0565434 , 0.0941765
0.0512964 , 0.0908956
0.0555224 , 0.0935331
0.0649867 , 0.0995913
0.0732798 , 0.105076
0.0528126 , 0.0918372
0.0573963 , 0.0947159
0.0660342 , 0.100275
0.0529814 , 0.0919423
0.0693724 , 0.102471
0.0587649 , 0.0955849
0.0585935 , 0.0954758
0.0555224 , 0.0935331
0.052138 , 0.0914176
0.0428091 , 0.0857193
0.0646382 , 0.0993645
0.0398544 , 0.0839537
0.0632477 , 0.0984623
0.065161 , 0.0997049
0.0587649 , 0.0955849
0.0660342 , 0.100275
0.0653355 , 0.0998187
0.0568843 , 0.0943919
0.0613445 , 0.0972348
0.0676113 , 0.101309
0.0644641 , 0.0992513
0.0575671 , 0.0948241
0.0584223 , 0.0953669
0.0646382 , 0.0993645
0.0660342 , 0.100275
0.0582511 , 0.0952581
0.0662091 , 0.100389
0.0615171 , 0.0973458
0.0599665 , 0.0963515
0.0601384 , 0.0964615
0.0568843 , 0.0943919
0.0704334 , 0.103175
0.0536574 , 0.0923641
0.0516328 , 0.091104
0.0604826 , 0.0966818
0.0722095 , 0.104359
0.0526438 , 0.0917321
0.0674357 , 0.101194
0.0639423 , 0.0989124
0.0676113 , 0.101309
0.0623814 , 0.0979025
0.0686668 , 0.102005
0.0553525 , 0.0934263
0.05808 , 0.0951494
0.0722095 , 0.104359
0.0587649 , 0.0955849
0.0556923 , 0.0936401
0.0575671 , 0.0948241
0.0620354 , 0.0976794
0.0752516 , 0.106404
0.0690194 , 0.102238
0.0722095 , 0.104359
0.0646382 , 0.0993645
0.0584223 , 0.0953669
0.0568843 , 0.0943919
0.0616898 , 0.0974569
0.0596228 , 0.0961319
0.0461168 , 0.0877178
0.0635948 , 0.0986871
0.0653355 , 0.0998187
0.0555224 , 0.0935331
0.0509602 , 0.0906875
0.0573963 , 0.0947159
0.0674357 , 0.101194
0.0660342 , 0.100275
0.0629009 , 0.098238
0.056373 , 0.094069
0.0603105 , 0.0965716
0.0550129 , 0.0932129
0.045619 , 0.0874155
0.0716756 , 0.104002
0.065161 , 0.0997049
0.0674357 , 0.101194
0.0635948 , 0.0986871
0.0479472 , 0.088834
0.0603105 , 0.0965716
0.0757915 , 0.10677
0.0572255 , 0.0946078
0.0616898 , 0.0974569
0.0592794 , 0.0959127
0.0618626 , 0.0975681
