0.0138911 , 0.0691325
0.0239712 , 0.0747535
0.0197492 , 0.0723813
0.0231857 , 0.0743101
0.0263376 , 0.0760955
0.0177338 , 0.0712583
0.0203716 , 0.0727293
0.0208391 , 0.0729911
0.0299941 , 0.0781878
0.0163454 , 0.070488
0.010244 , 0.067132
0.0220888 , 0.0736925
0.0185076 , 0.0716888
0.0279232 , 0.0769999
0.0244433 , 0.0750205
0.0148094 , 0.0696387
0.0255472 , 0.0756462
0.0183527 , 0.0716026
0.0205274 , 0.0728165
0.0234997 , 0.0744872
0.0208391 , 0.0729911
0.0231857 , 0.0743101
0.0134329 , 0.0688803
0.0242859 , 0.0749315
0.0280821 , 0.0770908
0.0250737 , 0.0753776
0.0209951 , 0.0730785
0.0233427 , 0.0743986
0.0282411 , 0.0771818
0.0195938 , 0.0722945
0.0214634 , 0.0733412
0.0192831 , 0.0721211
0.0155765 , 0.0700625
0.0293558 , 0.0778208
0.0206832 , 0.0729038
0.0236568 , 0.0745759
0.0185076 , 0.0716888
0.0188176 , 0.0718615
0.0222453 , 0.0737805
0.0252315 , 0.0754671
0.0203716 , 0.0727293
0.0200603 , 0.0725552
0.0186626 , 0.0717751
0.014503 , 0.0694697
0.0208391 , 0.0729911
0.0220888 , 0.0736925
0.0168076 , 0.0707441
0.0174248 , 0.0710867
0.0181979 , 0.0715164
0.0211511 , 0.073166
0.022872 , 0.0741333
0.0202159 , 0.0726422
0.0255472 , 0.0756462
0.0250737 , 0.0753776
0.0103951 , 0.0672146
0.0346525 , 0.0808884
0.014503 , 0.0694697
0.0181979 , 0.0715164
0.023814 , 0.0746647
0.0149626 , 0.0697233
0.0148094 , 0.0696387
0.026971 , 0.0764563
0.0200603 , 0.0725552
0.0242859 , 0.0749315
0.0192831 , 0.0721211
0.0263376 , 0.0760955
0.0155765 , 0.0700625
0.0175793 , 0.0711725
0.0211511 , 0.073166
0.0202159 , 0.0726422
0.0202159 , 0.0726422
0.0157302 , 0.0701474
0.0272882 , 0.0766372
0.0180431 , 0.0714303
0.0264958 , 0.0761856
0.014044 , 0.0692167
0.022872 , 0.0741333
0.0236568 , 0.0745759
0.0126708 , 0.0684614
0.0222453 , 0.0737805
0.0175793 , 0.0711725
0.0171161 , 0.0709153
0.0189727 , 0.071948
0.0122143 , 0.0682108
0.0203716 , 0.0727293
0.0227152 , 0.0740449
0.0197492 , 0.0723813
0.0203716 , 0.0727293
0.0183527 , 0.0716026
0.021776 , 0.0735167
0.0282411 , 0.0771818
0.0192831 , 0.0721211
0.0301539 , 0.0782797
0.0224019 , 0.0738686
0.0257051 , 0.0757359
0.0209951 , 0.0730785
0.0257051 , 0.0757359
0.0203716 , 0.0727293
0.0200603 , 0.0725552
0.0306335 , 0.0785561
