0.0364333 , 0.0819317
0.0414933 , 0.0849308
0.0268126 , 0.076366
0.0359469 , 0.0816461
0.0298344 , 0.0780959
0.0280821 , 0.0770908
0.0202159 , 0.0726422
0.0266542 , 0.0762757
0.0177338 , 0.0712583
0.0364333 , 0.0819317
0.0414933 , 0.0849308
0.0327184 , 0.0797622
0.0303137 , 0.0783718
0.0280821 , 0.0770908
0.0357849 , 0.0815511
0.0351374 , 0.0811719
0.0311137 , 0.0788332
0.0346525 , 0.0808884
0.0330401 , 0.0799491
0.0282411 , 0.0771818
0.0222453 , 0.0737805
0.0261794 , 0.0760055
0.032397 , 0.0795758
0.0247584 , 0.0751989
0.0303137 , 0.0783718
0.0362711 , 0.0818364
0.023814 , 0.0746647
0.0359469 , 0.0816461
0.0263376 , 0.0760955
0.0295153 , 0.0779125
0.040018 , 0.0840509
0.0357849 , 0.0815511
0.0346525 , 0.0808884
0.0352992 , 0.0812665
0.0349757 , 0.0810773
0.0332011 , 0.0800426
0.0295153 , 0.0779125
0.0213072 , 0.0732536
0.0191279 , 0.0720345
0.0185076 , 0.0716888
0.034491 , 0.0807941
0.0364333 , 0.0819317
0.0374079 , 0.0825053
0.034491 , 0.0807941
0.0317548 , 0.0792038
0.0336843 , 0.0803238
0.0330401 , 0.0799491
0.0364333 , 0.0819317
0.0364333 , 0.0819317
0.0396909 , 0.0838565
0.0320758 , 0.0793896
0.0367579 , 0.0821226
0.0307935 , 0.0786484
0.0299941 , 0.0781878
0.0233427 , 0.0743986
0.0277644 , 0.0769091
0.0311137 , 0.0788332
0.0307935 , 0.0786484
0.0395274 , 0.0837593
0.0369204 , 0.0822181
0.0284001 , 0.0772728
0.0367579 , 0.0821226
0.0421507 , 0.0853243
0.0306335 , 0.0785561
0.029037 , 0.0776378
0.0359469 , 0.0816461
0.0287184 , 0.0774552
0.0346525 , 0.0808884
0.0296748 , 0.0780042
0.0359469 , 0.0816461
0.0276056 , 0.0768184
0.0295153 , 0.0779125
0.0287184 , 0.0774552
0.0333621 , 0.0801362
0.0216197 , 0.0734289
0.0314341 , 0.0790183
0.0287184 , 0.0774552
0.0385478 , 0.0831786
0.034491 , 0.0807941
0.0346525 , 0.0808884
0.0263376 , 0.0760955
0.0239712 , 0.0747535
0.0280821 , 0.0770908
0.0295153 , 0.0779125
0.0428091 , 0.0857193
0.0282411 , 0.0771818
0.026971 , 0.0764563
0.0293558 , 0.0778208
0.0261794 , 0.0760055
0.0227152 , 0.0740449
0.0241285 , 0.0748425
0.0247584 , 0.0751989
0.0255472 , 0.0756462
0.0349757 , 0.0810773
0.0314341 , 0.0790183
0.036109 , 0.0817412
0.0293558 , 0.0778208
0.0382218 , 0.0829858
0.0219323 , 0.0736045
0.0378961 , 0.0827933
