0.160854 , 0.172462
0.155016 , 0.167502
0.1393 , 0.154436
0.133773 , 0.149947
0.150727 , 0.163894
0.147077 , 0.160847
0.166958 , 0.177706
0.150727 , 0.163894
0.143767 , 0.158105
0.168756 , 0.179261
0.179457 , 0.188613
0.165185 , 0.176177
0.151521 , 0.16456
0.154744 , 0.167272
0.153662 , 0.166359
0.172119 , 0.182182
0.158322 , 0.170304
0.1502 , 0.163452
0.178801 , 0.188035
0.162282 , 0.173684
0.165185 , 0.176177
0.144777 , 0.15894
0.172429 , 0.182452
0.155016 , 0.167502
0.167256 , 0.177963
0.162282 , 0.173684
0.158601 , 0.170541
0.170579 , 0.180842
0.153392 , 0.166132
0.160571 , 0.17222
0.154202 , 0.166815
0.157488 , 0.169595
0.153662 , 0.166359
0.182453 , 0.191259
0.153392 , 0.166132
0.149151 , 0.162576
0.14811 , 0.161708
0.129576 , 0.146577
0.156384 , 0.168659
0.17274 , 0.182724
0.150991 , 0.164115
0.153931 , 0.166587
0.177177 , 0.186607
0.14682 , 0.160634
0.134721 , 0.150713
0.168154 , 0.178739
0.150463 , 0.163673
0.160005 , 0.171737
0.144777 , 0.15894
0.170273 , 0.180577
0.152587 , 0.165455
0.163726 , 0.174922
0.144777 , 0.15894
0.157211 , 0.16936
0.161139 , 0.172705
0.147851 , 0.161492
0.149675 , 0.163013
0.159441 , 0.171257
0.167854 , 0.17848
0.159161 , 0.171018
0.156935 , 0.169126
0.144777 , 0.15894
0.143767 , 0.158105
0.188327 , 0.196482
0.160854 , 0.172462
0.153931 , 0.166587
0.167555 , 0.178221
0.158601 , 0.170541
0.14554 , 0.159572
0.166958 , 0.177706
0.147077 , 0.160847
0.15232 , 0.16523
0.159441 , 0.171257
0.155016 , 0.167502
0.141022 , 0.155846
0.155835 , 0.168194
0.161995 , 0.173438
0.160287 , 0.171978
0.138568 , 0.153838
0.158043 , 0.170067
0.161709 , 0.173193
0.143767 , 0.158105
0.160005 , 0.171737
0.174939 , 0.184644
0.149151 , 0.162576
0.154202 , 0.166815
0.157765 , 0.169831
0.15232 , 0.16523
0.178149 , 0.187461
0.171501 , 0.181644
0.155561 , 0.167963
0.153662 , 0.166359
0.153392 , 0.166132
0.155561 , 0.167963
0.158043 , 0.170067
0.152855 , 0.16568
0.152053 , 0.165006
0.158601 , 0.170541
0.147335 , 0.161062
0.155288 , 0.167732
