0.147593 , 0.161276
0.127516 , 0.144936
0.132128 , 0.148622
0.132831 , 0.149188
0.1282 , 0.14548
0.133302 , 0.149567
0.135913 , 0.151678
0.125256 , 0.143146
0.127288 , 0.144756
0.130268 , 0.147131
0.139056 , 0.154236
0.135435 , 0.151291
0.135913 , 0.151678
0.134721 , 0.150713
0.138325 , 0.15364
0.128657 , 0.145844
0.116277 , 0.136136
0.139056 , 0.154236
0.135913 , 0.151678
0.121919 , 0.140521
0.13784 , 0.153244
0.145795 , 0.159783
0.121699 , 0.140349
0.110798 , 0.131942
0.135197 , 0.151098
0.128428 , 0.145662
0.132596 , 0.148999
0.126382 , 0.144037
0.12548 , 0.143323
0.136393 , 0.152067
0.119729 , 0.13881
0.138568 , 0.153838
0.125256 , 0.143146
0.138082 , 0.153442
0.12593 , 0.143679
0.151787 , 0.164783
0.137598 , 0.153047
0.126835 , 0.144396
0.147077 , 0.160847
0.123246 , 0.141562
0.119947 , 0.13898
0.13784 , 0.153244
0.147593 , 0.161276
0.132128 , 0.148622
0.130731 , 0.147501
0.131894 , 0.148435
0.120602 , 0.139491
0.127516 , 0.144936
0.131428 , 0.14806
0.121919 , 0.140521
0.1393 , 0.154436
0.123468 , 0.141737
0.129806 , 0.146761
0.123246 , 0.141562
0.12548 , 0.143323
0.121919 , 0.140521
0.128428 , 0.145662
0.119077 , 0.138303
0.125031 , 0.142968
0.129346 , 0.146394
0.116277 , 0.136136
0.127743 , 0.145117
0.13401 , 0.150138
0.145795 , 0.159783
0.127288 , 0.144756
0.123024 , 0.141388
0.130268 , 0.147131
0.134246 , 0.150329
0.141517 , 0.156253
0.12593 , 0.143679
0.143515 , 0.157897
0.126382 , 0.144037
0.130268 , 0.147131
0.128657 , 0.145844
0.120821 , 0.139662
0.136633 , 0.152263
0.1282 , 0.14548
0.130037 , 0.146946
0.129806 , 0.146761
0.129576 , 0.146577
0.110383 , 0.131627
0.141022 , 0.155846
0.140282 , 0.155239
0.13784 , 0.153244
0.142263 , 0.156866
0.129806 , 0.146761
0.123246 , 0.141562
0.130731 , 0.147501
0.11692 , 0.136632
0.128886 , 0.146027
0.119294 , 0.138472
0.128657 , 0.145844
0.123246 , 0.141562
0.129576 , 0.146577
0.129346 , 0.146394
0.144524 , 0.158731
0.1282 , 0.14548
0.128657 , 0.145844
0.132362 , 0.148811
0.131428 , 0.14806
