0.173364 , 0.183268
0.179129 , 0.188323
0.168455 , 0.179
0.173364 , 0.183268
0.177177 , 0.186607
0.161709 , 0.173193
0.175893 , 0.18548
0.171809 , 0.181913
0.190834 , 0.198724
0.170273 , 0.180577
0.170579 , 0.180842
0.17274 , 0.182724
0.183809 , 0.192461
0.175574 , 0.185201
0.173992 , 0.183816
0.169968 , 0.180312
0.189395 , 0.197436
0.162858 , 0.174177
0.183809 , 0.192461
0.163146 , 0.174425
0.173677 , 0.183542
0.184836 , 0.193373
0.180779 , 0.189779
0.182116 , 0.190961
0.161709 , 0.173193
0.171193 , 0.181376
0.179129 , 0.188323
0.173052 , 0.182995
0.179129 , 0.188323
0.172429 , 0.182452
0.173992 , 0.183816
0.188327 , 0.196482
0.165479 , 0.17643
0.171501 , 0.181644
0.175574 , 0.185201
0.159161 , 0.171018
0.156935 , 0.169126
0.186918 , 0.195225
0.169968 , 0.180312
0.182791 , 0.191558
0.184493 , 0.193068
0.181781 , 0.190664
0.177824 , 0.187175
0.174939 , 0.184644
0.180116 , 0.189194
0.184836 , 0.193373
0.184836 , 0.193373
0.173364 , 0.183268
0.192292 , 0.200031
0.171809 , 0.181913
0.193398 , 0.201024
0.174939 , 0.184644
0.190834 , 0.198724
0.174939 , 0.184644
0.160854 , 0.172462
0.172429 , 0.182452
0.163436 , 0.174673
0.194514 , 0.202029
0.177177 , 0.186607
0.167555 , 0.178221
0.169058 , 0.179522
0.160571 , 0.17222
0.176533 , 0.186042
0.180447 , 0.189486
0.175574 , 0.185201
0.187269 , 0.195538
0.167555 , 0.178221
0.164308 , 0.175422
0.171501 , 0.181644
0.185181 , 0.193679
0.170886 , 0.181109
0.189395 , 0.197436
0.174306 , 0.184091
0.189038 , 0.197117
0.176533 , 0.186042
0.178801 , 0.188035
0.161995 , 0.173438
0.176533 , 0.186042
0.167256 , 0.177963
0.174939 , 0.184644
0.188682 , 0.196799
0.151787 , 0.164783
0.169361 , 0.179785
0.185526 , 0.193986
0.155288 , 0.167732
0.180447 , 0.189486
0.1775 , 0.186891
0.171809 , 0.181913
0.189395 , 0.197436
0.170886 , 0.181109
0.150463 , 0.163673
0.175256 , 0.184922
0.16257 , 0.17393
0.180116 , 0.189194
0.186569 , 0.194914
0.175256 , 0.184922
0.161709 , 0.173193
0.173677 , 0.183542
0.182453 , 0.191259
0.187621 , 0.195851
