0.127288 , 0.144756
0.117564 , 0.13713
0.116064 , 0.135971
0.106887 , 0.128989
0.138568 , 0.153838
0.115637 , 0.135642
0.112258 , 0.133053
0.116491 , 0.136301
0.125031 , 0.142968
0.118211 , 0.137631
0.123468 , 0.141737
0.111214 , 0.132258
0.103048 , 0.126123
0.109762 , 0.131156
0.124583 , 0.142615
0.104656 , 0.12732
0.123024 , 0.141388
0.114575 , 0.134826
0.123468 , 0.141737
0.114999 , 0.135152
0.11886 , 0.138135
0.115212 , 0.135315
0.122581 , 0.14104
0.12436 , 0.142439
0.113098 , 0.133694
0.11184 , 0.132735
0.0990778 , 0.123196
0.101253 , 0.124795
0.106887 , 0.128989
0.129806 , 0.146761
0.117564 , 0.13713
0.123024 , 0.141388
0.111423 , 0.132417
0.109142 , 0.130688
0.124583 , 0.142615
0.119947 , 0.13898
0.109762 , 0.131156
0.114363 , 0.134663
0.11394 , 0.134339
0.127971 , 0.145299
0.119077 , 0.138303
0.11692 , 0.136632
0.122581 , 0.14104
0.122803 , 0.141214
0.102448 , 0.125679
0.116491 , 0.136301
0.104858 , 0.12747
0.123246 , 0.141562
0.10587 , 0.128227
0.118643 , 0.137967
0.129806 , 0.146761
0.105667 , 0.128075
0.119947 , 0.13898
0.119947 , 0.13898
0.0996688 , 0.123629
0.110176 , 0.13147
0.114999 , 0.135152
0.11886 , 0.138135
0.112258 , 0.133053
0.12236 , 0.140867
0.12548 , 0.143323
0.119947 , 0.13898
0.115424 , 0.135479
0.097509 , 0.122049
0.13401 , 0.150138
0.119077 , 0.138303
0.116277 , 0.136136
0.10648 , 0.128683
0.125705 , 0.143501
0.126608 , 0.144216
0.118211 , 0.137631
0.118643 , 0.137967
0.123024 , 0.141388
0.096145 , 0.121056
0.11585 , 0.135807
0.118211 , 0.137631
0.120821 , 0.139662
0.110383 , 0.131627
0.117779 , 0.137297
0.126382 , 0.144037
0.1393 , 0.154436
0.102448 , 0.125679
0.118211 , 0.137631
0.125256 , 0.143146
0.103649 , 0.12657
0.116064 , 0.135971
0.127288 , 0.144756
0.117779 , 0.137297
0.0994716 , 0.123484
0.135435 , 0.151291
0.128428 , 0.145662
0.128428 , 0.145662
0.121479 , 0.140176
0.128886 , 0.146027
0.111423 , 0.132417
0.119511 , 0.138641
0.116705 , 0.136466
0.113519 , 0.134016
0.12593 , 0.143679
0.111631 , 0.132576
