0.149937 , 0.163232
0.142763 , 0.157277
0.14889 , 0.162358
0.158322 , 0.170304
0.156384 , 0.168659
0.154202 , 0.166815
0.160854 , 0.172462
0.141766 , 0.156457
0.124583 , 0.142615
0.147851 , 0.161492
0.154202 , 0.166815
0.139545 , 0.154636
0.142513 , 0.157071
0.141022 , 0.155846
0.166364 , 0.177193
0.149675 , 0.163013
0.1393 , 0.154436
0.149937 , 0.163232
0.143013 , 0.157484
0.129576 , 0.146577
0.134246 , 0.150329
0.152053 , 0.165006
0.138568 , 0.153838
0.154744 , 0.167272
0.141269 , 0.156049
0.153662 , 0.166359
0.153124 , 0.165906
0.150727 , 0.163894
0.149413 , 0.162794
0.166069 , 0.176938
0.149675 , 0.163013
0.140036 , 0.155038
0.14889 , 0.162358
0.149413 , 0.162794
0.133066 , 0.149377
0.149413 , 0.162794
0.160854 , 0.172462
0.173992 , 0.183816
0.14811 , 0.161708
0.145031 , 0.15915
0.133302 , 0.149567
0.1393 , 0.154436
0.149675 , 0.163013
0.173364 , 0.183268
0.155288 , 0.167732
0.164308 , 0.175422
0.123468 , 0.141737
0.155835 , 0.168194
0.141269 , 0.156049
0.181781 , 0.190664
0.159161 , 0.171018
0.171501 , 0.181644
0.122581 , 0.14104
0.140036 , 0.155038
0.142014 , 0.156661
0.134959 , 0.150905
0.14554 , 0.159572
0.143515 , 0.157897
0.151521 , 0.16456
0.136633 , 0.152263
0.145285 , 0.159361
0.144271 , 0.158522
0.170886 , 0.181109
0.14554 , 0.159572
0.145795 , 0.159783
0.153662 , 0.166359
0.144271 , 0.158522
0.13401 , 0.150138
0.159441 , 0.171257
0.152053 , 0.165006
0.136633 , 0.152263
0.142513 , 0.157071
0.136874 , 0.152458
0.13401 , 0.150138
0.139056 , 0.154236
0.170579 , 0.180842
0.138325 , 0.15364
0.132362 , 0.148811
0.152587 , 0.165455
0.140282 , 0.155239
0.133537 , 0.149757
0.141766 , 0.156457
0.156109 , 0.168426
0.169968 , 0.180312
0.138325 , 0.15364
0.145285 , 0.159361
0.14682 , 0.160634
0.144777 , 0.15894
0.150727 , 0.163894
0.161995 , 0.173438
0.152587 , 0.165455
0.12436 , 0.142439
0.161424 , 0.172949
0.146563 , 0.16042
0.134959 , 0.150905
0.134483 , 0.150521
0.14889 , 0.162358
0.153931 , 0.166587
0.126382 , 0.144037
0.147593 , 0.161276
