0.166364 , 0.177193
0.163436 , 0.174673
0.161995 , 0.173438
0.169664 , 0.180048
0.158043 , 0.170067
0.155288 , 0.167732
0.165773 , 0.176683
0.176855 , 0.186324
0.174306 , 0.184091
0.174939 , 0.184644
0.158601 , 0.170541
0.177824 , 0.187175
0.17274 , 0.182724
0.155835 , 0.168194
0.159723 , 0.171497
0.167256 , 0.177963
0.161424 , 0.172949
0.157211 , 0.16936
0.173364 , 0.183268
0.156935 , 0.169126
0.151256 , 0.164337
0.175256 , 0.184922
0.182116 , 0.190961
0.15232 , 0.16523
0.182116 , 0.190961
0.180447 , 0.189486
0.156935 , 0.169126
0.142513 , 0.157071
0.173992 , 0.183816
0.168455 , 0.179
0.175574 , 0.185201
0.171809 , 0.181913
0.166069 , 0.176938
0.157488 , 0.169595
0.1775 , 0.186891
0.181781 , 0.190664
0.161995 , 0.173438
0.174939 , 0.184644
0.147335 , 0.161062
0.189038 , 0.197117
0.150727 , 0.163894
0.157211 , 0.16936
0.170886 , 0.181109
0.147593 , 0.161276
0.147851 , 0.161492
0.160854 , 0.172462
0.191197 , 0.199049
0.145031 , 0.15915
0.161139 , 0.172705
0.164308 , 0.175422
0.196021 , 0.203386
0.151521 , 0.16456
0.169058 , 0.179522
0.160854 , 0.172462
0.170273 , 0.180577
0.158322 , 0.170304
0.183129 , 0.191858
0.164016 , 0.175171
0.169361 , 0.179785
0.171501 , 0.181644
0.160571 , 0.17222
0.155016 , 0.167502
0.180447 , 0.189486
0.179786 , 0.188903
0.183469 , 0.192159
0.156935 , 0.169126
0.162282 , 0.173684
0.161709 , 0.173193
0.173052 , 0.182995
0.170886 , 0.181109
0.169664 , 0.180048
0.155288 , 0.167732
0.165479 , 0.17643
0.158043 , 0.170067
0.169058 , 0.179522
0.157211 , 0.16936
0.149151 , 0.162576
0.159441 , 0.171257
0.155016 , 0.167502
0.170273 , 0.180577
0.171193 , 0.181376
0.140528 , 0.155441
0.163726 , 0.174922
0.163436 , 0.174673
0.162282 , 0.173684
0.154744 , 0.167272
0.171809 , 0.181913
0.191197 , 0.199049
0.169664 , 0.180048
0.161424 , 0.172949
0.170579 , 0.180842
0.14889 , 0.162358
0.165773 , 0.176683
0.178149 , 0.187461
0.160571 , 0.17222
0.162858 , 0.174177
0.177177 , 0.186607
0.172429 , 0.182452
0.160854 , 0.172462
0.175574 , 0.185201
