0.100459 , 0.12421
0.0901951 , 0.116777
0.0944026 , 0.119795
0.103048 , 0.126123
0.0900056 , 0.116643
0.100856 , 0.124502
0.0898161 , 0.116508
0.0982921 , 0.12262
0.0886824 , 0.115703
0.111006 , 0.1321
0.0955628 , 0.120634
0.095369 , 0.120493
0.0905747 , 0.117048
0.0841955 , 0.112548
0.0825318 , 0.111391
0.0963394 , 0.121197
0.0864295 , 0.114113
0.112678 , 0.133373
0.0973137 , 0.121906
0.0919078 , 0.118001
0.100856 , 0.124502
0.11059 , 0.131785
0.0873659 , 0.114772
0.10506 , 0.127621
0.0917169 , 0.117864
0.114575 , 0.134826
0.109555 , 0.131
0.0862427 , 0.113982
0.0866165 , 0.114244
0.0957567 , 0.120774
0.0979002 , 0.122334
0.0926728 , 0.118549
0.096145 , 0.121056
0.0938247 , 0.119378
0.0971185 , 0.121764
0.109969 , 0.131313
0.102848 , 0.125975
0.0996688 , 0.123629
0.118211 , 0.137631
0.0894376 , 0.116239
0.101849 , 0.125236
0.097509 , 0.122049
0.109142 , 0.130688
0.0994716 , 0.123484
0.0877414 , 0.115037
0.0860559 , 0.11385
0.109969 , 0.131313
0.0890597 , 0.115971
0.077055 , 0.107628
0.0864295 , 0.114113
0.0945956 , 0.119934
0.111006 , 0.1321
0.0965339 , 0.121339
0.0944026 , 0.119795
0.100459 , 0.12421
0.0862427 , 0.113982
0.098096 , 0.122477
0.0957567 , 0.120774
0.0866165 , 0.114244
0.109969 , 0.131313
0.100064 , 0.123919
0.104253 , 0.127019
0.0868037 , 0.114376
0.1075 , 0.129449
0.0957567 , 0.120774
0.0853102 , 0.113327
0.0986846 , 0.122908
0.0940172 , 0.119516
0.0945956 , 0.119934
0.0858693 , 0.113719
0.104858 , 0.12747
0.10506 , 0.127621
0.100261 , 0.124065
0.094982 , 0.120213
0.10506 , 0.127621
0.0959508 , 0.120915
0.103048 , 0.126123
0.107091 , 0.129142
0.103449 , 0.126421
0.0942098 , 0.119655
0.105262 , 0.127772
0.105262 , 0.127772
0.104253 , 0.127019
0.101253 , 0.124795
0.105465 , 0.127923
0.101451 , 0.124942
0.0881174 , 0.115303
0.088871 , 0.115837
0.0992746 , 0.12334
0.107295 , 0.129296
0.0877414 , 0.115037
0.084381 , 0.112678
0.0879293 , 0.11517
0.0947887 , 0.120073
0.107295 , 0.129296
0.114363 , 0.134663
0.1075 , 0.129449
0.109349 , 0.130844
0.0992746 , 0.12334
0.0988811 , 0.123052
