0.107091 , 0.129142
0.105262 , 0.127772
0.0982921 , 0.12262
0.11059 , 0.131785
0.121479 , 0.140176
0.12214 , 0.140694
0.108319 , 0.130067
0.101253 , 0.124795
0.100856 , 0.124502
0.111006 , 0.1321
0.11394 , 0.134339
0.115212 , 0.135315
0.106683 , 0.128836
0.100657 , 0.124356
0.123246 , 0.141562
0.112468 , 0.133213
0.113308 , 0.133855
0.103449 , 0.126421
0.121919 , 0.140521
0.119294 , 0.138472
0.104858 , 0.12747
0.111214 , 0.132258
0.114363 , 0.134663
0.10506 , 0.127621
0.102448 , 0.125679
0.122803 , 0.141214
0.112887 , 0.133534
0.0924813 , 0.118412
0.106683 , 0.128836
0.11585 , 0.135807
0.119077 , 0.138303
0.0969235 , 0.121622
0.10587 , 0.128227
0.114152 , 0.134501
0.0988811 , 0.123052
0.104454 , 0.127169
0.10385 , 0.12672
0.10587 , 0.128227
0.09229 , 0.118274
0.101054 , 0.124649
0.105465 , 0.127923
0.112468 , 0.133213
0.11184 , 0.132735
0.12548 , 0.143323
0.0936323 , 0.119239
0.105262 , 0.127772
0.115212 , 0.135315
0.107091 , 0.129142
0.102848 , 0.125975
0.119947 , 0.13898
0.0994716 , 0.123484
0.114575 , 0.134826
0.119511 , 0.138641
0.101253 , 0.124795
0.111631 , 0.132576
0.0971185 , 0.121764
0.115637 , 0.135642
0.116705 , 0.136466
0.107091 , 0.129142
0.11394 , 0.134339
0.0982921 , 0.12262
0.0986846 , 0.122908
0.108319 , 0.130067
0.115424 , 0.135479
0.0982921 , 0.12262
0.0986846 , 0.122908
0.102648 , 0.125827
0.0982921 , 0.12262
0.100459 , 0.12421
0.0998662 , 0.123774
0.115424 , 0.135479
0.112468 , 0.133213
0.116277 , 0.136136
0.104858 , 0.12747
0.11184 , 0.132735
0.123246 , 0.141562
0.120165 , 0.13915
0.102248 , 0.125531
0.110383 , 0.131627
0.0984882 , 0.122764
0.113308 , 0.133855
0.126156 , 0.143858
0.119511 , 0.138641
0.102248 , 0.125531
0.10165 , 0.125089
0.108525 , 0.130222
0.116491 , 0.136301
0.0969235 , 0.121622
0.112258 , 0.133053
0.123246 , 0.141562
0.0969235 , 0.121622
0.110383 , 0.131627
0.107909 , 0.129758
0.100856 , 0.124502
0.104858 , 0.12747
0.109762 , 0.131156
0.114575 , 0.134826
0.112887 , 0.133534
0.101451 , 0.124942
0.103449 , 0.126421
