0.273197 , 0.27567
0.247263 , 0.250883
0.281986 , 0.284151
0.2454 , 0.249119
0.26598 , 0.268733
0.244178 , 0.247963
0.233833 , 0.238218
0.259304 , 0.262343
0.264453 , 0.267269
0.237725 , 0.241874
0.26221 , 0.265121
0.258592 , 0.261662
0.240022 , 0.244037
0.263699 , 0.266547
0.271542 , 0.274076
0.239442 , 0.243491
0.27748 , 0.279798
0.254433 , 0.257695
0.255113 , 0.258343
0.272366 , 0.274869
0.274037 , 0.276479
0.240022 , 0.244037
0.234379 , 0.23873
0.247893 , 0.25148
0.271542 , 0.274076
0.279254 , 0.281511
0.293887 , 0.295691
0.254433 , 0.257695
0.26221 , 0.265121
0.256489 , 0.259655
0.253087 , 0.256414
0.281065 , 0.283261
0.270725 , 0.273291
0.271542 , 0.274076
0.269115 , 0.271743
0.271542 , 0.274076
0.260022 , 0.263028
0.260745 , 0.26372
0.255798 , 0.258997
0.241191 , 0.24514
0.285769 , 0.287814
0.264453 , 0.267269
0.255113 , 0.258343
0.239442 , 0.243491
0.283857 , 0.285961
0.26598 , 0.268733
0.2454 , 0.249119
0.270725 , 0.273291
0.267534 , 0.270224
0.287727 , 0.28971
0.249164 , 0.252686
0.251761 , 0.255153
0.272366 , 0.274869
0.244787 , 0.248539
0.249807 , 0.253296
0.253087 , 0.256414
0.238294 , 0.24241
0.238294 , 0.24241
0.255113 , 0.258343
0.251761 , 0.255153
0.240604 , 0.244587
0.244178 , 0.247963
0.274885 , 0.277296
0.257184 , 0.260319
0.257184 , 0.260319
0.276606 , 0.278955
0.267534 , 0.270224
0.269916 , 0.272513
0.242972 , 0.246822
0.274885 , 0.277296
0.255798 , 0.258997
0.244787 , 0.248539
0.286742 , 0.288756
0.307782 , 0.309234
0.26598 , 0.268733
0.232749 , 0.237201
0.272366 , 0.274869
0.260022 , 0.263028
0.237159 , 0.241342
0.249807 , 0.253296
0.258592 , 0.261662
0.262951 , 0.265831
0.269916 , 0.272513
0.269115 , 0.271743
0.254433 , 0.257695
0.272366 , 0.274869
0.236597 , 0.240813
0.265213 , 0.267998
0.240022 , 0.244037
0.256489 , 0.259655
0.26221 , 0.265121
0.249164 , 0.252686
0.26221 , 0.265121
0.243573 , 0.24739
0.279254 , 0.281511
0.266753 , 0.269475
0.247893 , 0.25148
0.310347 , 0.311741
0.267534 , 0.270224
0.282916 , 0.285051
