0.213224 , 0.219064
0.197547 , 0.204764
0.197547 , 0.204764
0.20718 , 0.21352
0.191561 , 0.199375
0.205928 , 0.212376
0.180447 , 0.189486
0.210159 , 0.216248
0.196021 , 0.203386
0.196021 , 0.203386
0.202659 , 0.209398
0.185181 , 0.193679
0.203062 , 0.209765
0.196021 , 0.203386
0.182453 , 0.191259
0.210159 , 0.216248
0.201857 , 0.208669
0.193769 , 0.201358
0.178801 , 0.188035
0.198318 , 0.205462
0.192292 , 0.200031
0.197164 , 0.204418
0.208446 , 0.214678
0.189395 , 0.197436
0.212339 , 0.21825
0.195265 , 0.202705
0.20718 , 0.21352
0.201458 , 0.208307
0.189753 , 0.197756
0.189753 , 0.197756
0.224978 , 0.229942
0.1775 , 0.186891
0.202659 , 0.209398
0.218698 , 0.224114
0.223986 , 0.22902
0.205101 , 0.211622
0.193398 , 0.201024
0.218231 , 0.223682
0.193398 , 0.201024
0.201061 , 0.207946
0.216382 , 0.221974
0.196021 , 0.203386
0.197932 , 0.205112
0.194514 , 0.202029
0.210159 , 0.216248
0.217302 , 0.222824
0.169361 , 0.179785
0.229047 , 0.233737
0.199095 , 0.206164
0.188682 , 0.196799
0.183129 , 0.191858
0.21547 , 0.221132
0.210159 , 0.216248
0.208023 , 0.214291
0.220113 , 0.225425
0.201857 , 0.208669
0.205928 , 0.212376
0.182116 , 0.190961
0.201061 , 0.207946
0.234379 , 0.23873
0.190473 , 0.1984
0.171193 , 0.181376
0.203873 , 0.210503
0.22598 , 0.230875
0.190112 , 0.198078
0.224978 , 0.229942
0.199095 , 0.206164
0.205514 , 0.211999
0.181781 , 0.190664
0.187973 , 0.196166
0.210159 , 0.216248
0.206344 , 0.212756
0.205928 , 0.212376
0.188327 , 0.196482
0.203873 , 0.210503
0.202659 , 0.209398
0.237159 , 0.241342
0.196781 , 0.204072
0.186569 , 0.194914
0.197547 , 0.204764
0.190834 , 0.198724
0.204281 , 0.210875
0.199485 , 0.206518
0.204691 , 0.211248
0.209299 , 0.21546
0.212781 , 0.218656
0.191561 , 0.199375
0.190473 , 0.1984
0.228529 , 0.233253
0.209728 , 0.215853
0.197547 , 0.204764
0.198318 , 0.205462
0.193398 , 0.201024
0.194514 , 0.202029
0.201458 , 0.208307
0.216841 , 0.222398
0.191561 , 0.199375
0.195642 , 0.203045
0.189753 , 0.197756
0.218698 , 0.224114
