0.271542 , 0.274076
0.267534 , 0.270224
0.299393 , 0.30105
0.257184 , 0.260319
0.287727 , 0.28971
0.253758 , 0.257052
0.281065 , 0.283261
0.249807 , 0.253296
0.275741 , 0.278121
0.276606 , 0.278955
0.306529 , 0.30801
0.269916 , 0.272513
0.287727 , 0.28971
0.305295 , 0.306805
0.286742 , 0.288756
0.26221 , 0.265121
0.302883 , 0.304451
0.294959 , 0.296734
0.269916 , 0.272513
0.268321 , 0.27098
0.260745 , 0.26372
0.281065 , 0.283261
0.279254 , 0.281511
0.284808 , 0.286882
0.272366 , 0.274869
0.28973 , 0.291654
0.26221 , 0.265121
0.253758 , 0.257052
0.257184 , 0.260319
0.294959 , 0.296734
0.253758 , 0.257052
0.312997 , 0.314334
0.260745 , 0.26372
0.273197 , 0.27567
0.307782 , 0.309234
0.268321 , 0.27098
0.27748 , 0.279798
0.270725 , 0.273291
0.281986 , 0.284151
0.283857 , 0.285961
0.257886 , 0.260988
0.251105 , 0.254529
0.301703 , 0.303301
0.305295 , 0.306805
0.298262 , 0.299948
0.263699 , 0.266547
0.281986 , 0.284151
0.29075 , 0.292644
0.286742 , 0.288756
0.26221 , 0.265121
0.29075 , 0.292644
0.280155 , 0.282381
0.28973 , 0.291654
0.253758 , 0.257052
0.261475 , 0.264418
0.276606 , 0.278955
0.266753 , 0.269475
0.252422 , 0.255781
0.261475 , 0.264418
0.287727 , 0.28971
0.310347 , 0.311741
0.286742 , 0.288756
0.305295 , 0.306805
0.285769 , 0.287814
0.26598 , 0.268733
0.297146 , 0.298862
0.273197 , 0.27567
0.298262 , 0.299948
0.270725 , 0.273291
0.302883 , 0.304451
0.285769 , 0.287814
0.278362 , 0.28065
0.281986 , 0.284151
0.298262 , 0.299948
0.257886 , 0.260988
0.273197 , 0.27567
0.29075 , 0.292644
0.274885 , 0.277296
0.269916 , 0.272513
0.268321 , 0.27098
0.286742 , 0.288756
0.278362 , 0.28065
0.267534 , 0.270224
0.247263 , 0.250883
0.307782 , 0.309234
0.272366 , 0.274869
0.280155 , 0.282381
0.268321 , 0.27098
0.251761 , 0.255153
0.30408 , 0.305619
0.262951 , 0.265831
0.249164 , 0.252686
0.296046 , 0.29779
0.29075 , 0.292644
0.271542 , 0.274076
0.291783 , 0.293646
0.260745 , 0.26372
0.284808 , 0.286882
0.27748 , 0.279798
0.288722 , 0.290676
