0.206761 , 0.213137
0.212339 , 0.21825
0.219168 , 0.224549
0.223986 , 0.22902
0.222517 , 0.227654
0.210591 , 0.216644
0.223494 , 0.228562
0.253087 , 0.256414
0.226992 , 0.231818
0.22059 , 0.225866
0.217766 , 0.223252
0.209728 , 0.215853
0.221548 , 0.226755
0.202659 , 0.209398
0.23009 , 0.234712
0.214566 , 0.220299
0.210591 , 0.216644
0.220113 , 0.225425
0.201458 , 0.208307
0.214566 , 0.220299
0.216382 , 0.221974
0.240022 , 0.244037
0.228529 , 0.233253
0.23009 , 0.234712
0.198706 , 0.205812
0.220113 , 0.225425
0.204691 , 0.211248
0.203873 , 0.210503
0.252422 , 0.255781
0.2076 , 0.213904
0.225478 , 0.230408
0.203873 , 0.210503
0.221068 , 0.226309
0.212781 , 0.218656
0.209728 , 0.215853
0.229047 , 0.233737
0.213224 , 0.219064
0.236597 , 0.240813
0.204281 , 0.210875
0.231145 , 0.235699
0.21367 , 0.219473
0.199095 , 0.206164
0.214117 , 0.219885
0.224481 , 0.22948
0.216382 , 0.221974
0.219168 , 0.224549
0.211026 , 0.217043
0.215017 , 0.220715
0.21964 , 0.224986
0.215017 , 0.220715
0.215925 , 0.221552
0.246638 , 0.250291
0.218698 , 0.224114
0.221548 , 0.226755
0.230616 , 0.235204
0.218698 , 0.224114
0.227501 , 0.232294
0.186918 , 0.195225
0.214566 , 0.220299
0.191926 , 0.199703
0.195642 , 0.203045
0.195265 , 0.202705
0.21547 , 0.221132
0.208023 , 0.214291
0.202257 , 0.209033
0.211026 , 0.217043
0.22059 , 0.225866
0.235482 , 0.239765
0.241781 , 0.245697
0.185526 , 0.193986
0.22059 , 0.225866
0.21547 , 0.221132
0.205928 , 0.212376
0.217766 , 0.223252
0.214566 , 0.220299
0.22598 , 0.230875
0.203873 , 0.210503
0.206761 , 0.213137
0.222517 , 0.227654
0.189753 , 0.197756
0.235482 , 0.239765
0.213224 , 0.219064
0.224481 , 0.22948
0.214566 , 0.220299
0.237725 , 0.241874
0.235482 , 0.239765
0.223004 , 0.228107
0.218231 , 0.223682
0.197547 , 0.204764
0.218231 , 0.223682
0.221068 , 0.226309
0.215017 , 0.220715
0.2119 , 0.217846
0.2076 , 0.213904
0.230616 , 0.235204
0.190473 , 0.1984
0.223494 , 0.228562
0.199485 , 0.206518
0.220113 , 0.225425
0.196021 , 0.203386
