0.201061 , 0.207946
0.216841 , 0.222398
0.209299 , 0.21546
0.21367 , 0.219473
0.177824 , 0.187175
0.211462 , 0.217443
0.204691 , 0.211248
0.194514 , 0.202029
0.204691 , 0.211248
0.204691 , 0.211248
0.183809 , 0.192461
0.190473 , 0.1984
0.162858 , 0.174177
0.191197 , 0.199049
0.190834 , 0.198724
0.210159 , 0.216248
0.201061 , 0.207946
0.182116 , 0.190961
0.205101 , 0.211622
0.180779 , 0.189779
0.197932 , 0.205112
0.194889 , 0.202366
0.20027 , 0.207229
0.158601 , 0.170541
0.182453 , 0.191259
0.209728 , 0.215853
0.2119 , 0.217846
0.197164 , 0.204418
0.195265 , 0.202705
0.163146 , 0.174425
0.187973 , 0.196166
0.189038 , 0.197117
0.19266 , 0.200361
0.190112 , 0.198078
0.21964 , 0.224986
0.193398 , 0.201024
0.203467 , 0.210133
0.186569 , 0.194914
0.20718 , 0.21352
0.217302 , 0.222824
0.190473 , 0.1984
0.185181 , 0.193679
0.198706 , 0.205812
0.206344 , 0.212756
0.187973 , 0.196166
0.185526 , 0.193986
0.187621 , 0.195851
0.199485 , 0.206518
0.202257 , 0.209033
0.203873 , 0.210503
0.209299 , 0.21546
0.1964 , 0.203729
0.169664 , 0.180048
0.208446 , 0.214678
0.176855 , 0.186324
0.198706 , 0.205812
0.183809 , 0.192461
0.19266 , 0.200361
0.205514 , 0.211999
0.197164 , 0.204418
0.193769 , 0.201358
0.209299 , 0.21546
0.201458 , 0.208307
0.208023 , 0.214291
0.183809 , 0.192461
0.195265 , 0.202705
0.209728 , 0.215853
0.205101 , 0.211622
0.1964 , 0.203729
0.205101 , 0.211622
0.209299 , 0.21546
0.197547 , 0.204764
0.196781 , 0.204072
0.195265 , 0.202705
0.195642 , 0.203045
0.199095 , 0.206164
0.190473 , 0.1984
0.203873 , 0.210503
0.183129 , 0.191858
0.208872 , 0.215068
0.188682 , 0.196799
0.201458 , 0.208307
0.184151 , 0.192764
0.187973 , 0.196166
0.206344 , 0.212756
0.201061 , 0.207946
0.171809 , 0.181913
0.186918 , 0.195225
0.208023 , 0.214291
0.224481 , 0.22948
0.1775 , 0.186891
0.196021 , 0.203386
0.179129 , 0.188323
0.203062 , 0.209765
0.178475 , 0.187748
0.201857 , 0.208669
0.202659 , 0.209398
0.169361 , 0.179785
0.202659 , 0.209398
0.183809 , 0.192461
