0.213224 , 0.219064
0.215017 , 0.220715
0.228529 , 0.233253
0.228529 , 0.233253
0.22059 , 0.225866
0.238866 , 0.242949
0.226484 , 0.231346
0.215925 , 0.221552
0.244178 , 0.247963
0.242972 , 0.246822
0.211462 , 0.217443
0.234379 , 0.23873
0.210591 , 0.216644
0.2076 , 0.213904
0.223986 , 0.22902
0.2076 , 0.213904
0.2454 , 0.249119
0.211026 , 0.217043
0.233289 , 0.237708
0.224978 , 0.229942
0.21547 , 0.221132
0.218231 , 0.223682
0.209728 , 0.215853
0.246017 , 0.249703
0.221548 , 0.226755
0.229567 , 0.234223
0.218231 , 0.223682
0.208446 , 0.214678
0.231677 , 0.236197
0.232211 , 0.236697
0.240604 , 0.244587
0.212781 , 0.218656
0.240604 , 0.244587
0.215017 , 0.220715
0.20718 , 0.21352
0.262951 , 0.265831
0.219168 , 0.224549
0.191561 , 0.199375
0.221548 , 0.226755
0.212781 , 0.218656
0.224978 , 0.229942
0.224978 , 0.229942
0.224978 , 0.229942
0.217302 , 0.222824
0.218698 , 0.224114
0.222517 , 0.227654
0.221548 , 0.226755
0.231145 , 0.235699
0.22059 , 0.225866
0.218698 , 0.224114
0.244787 , 0.248539
0.240022 , 0.244037
0.251105 , 0.254529
0.231145 , 0.235699
0.224481 , 0.22948
0.221068 , 0.226309
0.209728 , 0.215853
0.21547 , 0.221132
0.206761 , 0.213137
0.214117 , 0.219885
0.217766 , 0.223252
0.266753 , 0.269475
0.200665 , 0.207587
0.232749 , 0.237201
0.246017 , 0.249703
0.242375 , 0.246258
0.2119 , 0.217846
0.20718 , 0.21352
0.218231 , 0.223682
0.223986 , 0.22902
0.229047 , 0.233737
0.219168 , 0.224549
0.259304 , 0.262343
0.234379 , 0.23873
0.2119 , 0.217846
0.228014 , 0.232772
0.21964 , 0.224986
0.233833 , 0.238218
0.22059 , 0.225866
0.232749 , 0.237201
0.218698 , 0.224114
0.237725 , 0.241874
0.223986 , 0.22902
0.20718 , 0.21352
0.224481 , 0.22948
0.228529 , 0.233253
0.244178 , 0.247963
0.20718 , 0.21352
0.229567 , 0.234223
0.241191 , 0.24514
0.229047 , 0.233737
0.212339 , 0.21825
0.216841 , 0.222398
0.204691 , 0.211248
0.220113 , 0.225425
0.227501 , 0.232294
0.213224 , 0.219064
0.221548 , 0.226755
0.188682 , 0.196799
0.205101 , 0.211622
