0.221548 , 0.226755
0.229047 , 0.233737
0.231145 , 0.235699
0.23009 , 0.234712
0.229567 , 0.234223
0.202257 , 0.209033
0.232211 , 0.236697
0.253758 , 0.257052
0.236038 , 0.240288
0.242972 , 0.246822
0.215925 , 0.221552
0.242375 , 0.246258
0.227501 , 0.232294
0.225478 , 0.230408
0.229047 , 0.233737
0.239442 , 0.243491
0.232211 , 0.236697
0.239442 , 0.243491
0.235482 , 0.239765
0.221068 , 0.226309
0.234379 , 0.23873
0.251761 , 0.255153
0.21964 , 0.224986
0.222031 , 0.227203
0.246017 , 0.249703
0.238294 , 0.24241
0.203873 , 0.210503
0.233289 , 0.237708
0.23009 , 0.234712
0.241781 , 0.245697
0.230616 , 0.235204
0.238866 , 0.242949
0.246017 , 0.249703
0.223986 , 0.22902
0.235482 , 0.239765
0.257886 , 0.260988
0.257886 , 0.260988
0.244787 , 0.248539
0.249164 , 0.252686
0.22598 , 0.230875
0.257184 , 0.260319
0.232749 , 0.237201
0.242972 , 0.246822
0.222517 , 0.227654
0.242972 , 0.246822
0.261475 , 0.264418
0.247893 , 0.25148
0.223986 , 0.22902
0.228014 , 0.232772
0.209728 , 0.215853
0.208023 , 0.214291
0.226992 , 0.231818
0.2076 , 0.213904
0.234929 , 0.239246
0.224978 , 0.229942
0.231145 , 0.235699
0.223986 , 0.22902
0.236597 , 0.240813
0.208446 , 0.214678
0.234379 , 0.23873
0.232749 , 0.237201
0.237159 , 0.241342
0.214117 , 0.219885
0.261475 , 0.264418
0.238294 , 0.24241
0.219168 , 0.224549
0.244787 , 0.248539
0.221068 , 0.226309
0.223004 , 0.228107
0.205928 , 0.212376
0.234379 , 0.23873
0.247893 , 0.25148
0.21964 , 0.224986
0.241781 , 0.245697
0.223494 , 0.228562
0.246017 , 0.249703
0.231145 , 0.235699
0.214117 , 0.219885
0.259304 , 0.262343
0.234379 , 0.23873
0.235482 , 0.239765
0.236038 , 0.240288
0.236597 , 0.240813
0.216841 , 0.222398
0.219168 , 0.224549
0.236038 , 0.240288
0.218698 , 0.224114
0.21964 , 0.224986
0.232749 , 0.237201
0.246017 , 0.249703
0.22598 , 0.230875
0.246638 , 0.250291
0.251761 , 0.255153
0.233289 , 0.237708
0.239442 , 0.243491
0.260745 , 0.26372
0.268321 , 0.27098
0.218231 , 0.223682
0.23009 , 0.234712
0.231145 , 0.235699
