0.276606 , 0.278955
0.268321 , 0.27098
0.234379 , 0.23873
0.271542 , 0.274076
0.233289 , 0.237708
0.243573 , 0.24739
0.242972 , 0.246822
0.231145 , 0.235699
0.241781 , 0.245697
0.243573 , 0.24739
0.255798 , 0.258997
0.257184 , 0.260319
0.246638 , 0.250291
0.274037 , 0.276479
0.247893 , 0.25148
0.251105 , 0.254529
0.259304 , 0.262343
0.248526 , 0.252081
0.267534 , 0.270224
0.260022 , 0.263028
0.249164 , 0.252686
0.250454 , 0.253911
0.276606 , 0.278955
0.248526 , 0.252081
0.253758 , 0.257052
0.254433 , 0.257695
0.279254 , 0.281511
0.229567 , 0.234223
0.215017 , 0.220715
0.26221 , 0.265121
0.288722 , 0.290676
0.272366 , 0.274869
0.258592 , 0.261662
0.259304 , 0.262343
0.243573 , 0.24739
0.272366 , 0.274869
0.233289 , 0.237708
0.249807 , 0.253296
0.256489 , 0.259655
0.272366 , 0.274869
0.238866 , 0.242949
0.256489 , 0.259655
0.260745 , 0.26372
0.249164 , 0.252686
0.275741 , 0.278121
0.233833 , 0.238218
0.26598 , 0.268733
0.267534 , 0.270224
0.246638 , 0.250291
0.2454 , 0.249119
0.234929 , 0.239246
0.252422 , 0.255781
0.217766 , 0.223252
0.26598 , 0.268733
0.26598 , 0.268733
0.253087 , 0.256414
0.231677 , 0.236197
0.273197 , 0.27567
0.246017 , 0.249703
0.243573 , 0.24739
0.231677 , 0.236197
0.234379 , 0.23873
0.233833 , 0.238218
0.280155 , 0.282381
0.256489 , 0.259655
0.259304 , 0.262343
0.249807 , 0.253296
0.257184 , 0.260319
0.234379 , 0.23873
0.251105 , 0.254529
0.260022 , 0.263028
0.241191 , 0.24514
0.234929 , 0.239246
0.257184 , 0.260319
0.238866 , 0.242949
0.262951 , 0.265831
0.2119 , 0.217846
0.271542 , 0.274076
0.239442 , 0.243491
0.246017 , 0.249703
0.250454 , 0.253911
0.259304 , 0.262343
0.2454 , 0.249119
0.255798 , 0.258997
0.257886 , 0.260988
0.241781 , 0.245697
0.260745 , 0.26372
0.229047 , 0.233737
0.224978 , 0.229942
0.261475 , 0.264418
0.283857 , 0.285961
0.273197 , 0.27567
0.286742 , 0.288756
0.257184 , 0.260319
0.263699 , 0.266547
0.23009 , 0.234712
0.257184 , 0.260319
0.266753 , 0.269475
0.236038 , 0.240288
0.267534 , 0.270224
