0.301703 , 0.303301
0.311661 , 0.313027
0.342023 , 0.342856
0.297146 , 0.298862
0.299393 , 0.30105
0.334564 , 0.335507
0.334564 , 0.335507
0.312997 , 0.314334
0.338202 , 0.33909
0.348147 , 0.348899
0.334564 , 0.335507
0.314356 , 0.315664
0.318578 , 0.3198
0.298262 , 0.299948
0.317145 , 0.318396
0.352528 , 0.353227
0.28973 , 0.291654
0.283857 , 0.285961
0.329412 , 0.330438
0.331091 , 0.332089
0.283857 , 0.285961
0.32616 , 0.327241
0.297146 , 0.298862
0.318578 , 0.3198
0.359632 , 0.360251
0.321523 , 0.322689
0.314356 , 0.315664
0.324583 , 0.325693
0.320037 , 0.321231
0.324583 , 0.325693
0.332808 , 0.333778
0.317145 , 0.318396
0.398341 , 0.398653
0.305295 , 0.306805
0.327769 , 0.328823
0.324583 , 0.325693
0.346049 , 0.346828
0.359632 , 0.360251
0.284808 , 0.286882
0.301703 , 0.303301
0.340088 , 0.340949
0.331091 , 0.332089
0.288722 , 0.290676
0.315738 , 0.317018
0.320037 , 0.321231
0.309054 , 0.310477
0.32616 , 0.327241
0.30408 , 0.305619
0.348147 , 0.348899
0.302883 , 0.304451
0.329412 , 0.330438
0.301703 , 0.303301
0.28973 , 0.291654
0.32616 , 0.327241
0.352528 , 0.353227
0.323038 , 0.324176
0.354821 , 0.355492
0.320037 , 0.321231
0.311661 , 0.313027
0.344009 , 0.344815
0.320037 , 0.321231
0.320037 , 0.321231
0.305295 , 0.306805
0.32616 , 0.327241
0.352528 , 0.353227
0.28973 , 0.291654
0.320037 , 0.321231
0.312997 , 0.314334
0.298262 , 0.299948
0.318578 , 0.3198
0.286742 , 0.288756
0.311661 , 0.313027
0.344009 , 0.344815
0.321523 , 0.322689
0.336361 , 0.337276
0.311661 , 0.313027
0.315738 , 0.317018
0.320037 , 0.321231
0.336361 , 0.337276
0.320037 , 0.321231
0.309054 , 0.310477
0.30408 , 0.305619
0.292828 , 0.294662
0.354821 , 0.355492
0.318578 , 0.3198
0.321523 , 0.322689
0.315738 , 0.317018
0.323038 , 0.324176
0.331091 , 0.332089
0.320037 , 0.321231
0.312997 , 0.314334
0.315738 , 0.317018
0.362163 , 0.362755
0.306529 , 0.30801
0.376355 , 0.376817
0.294959 , 0.296734
0.336361 , 0.337276
0.298262 , 0.299948
0.331091 , 0.332089
0.332808 , 0.333778
