0.362163 , 0.362755
0.306529 , 0.30801
0.332808 , 0.333778
0.373281 , 0.373769
0.324583 , 0.325693
0.306529 , 0.30801
0.320037 , 0.321231
0.348147 , 0.348899
0.298262 , 0.299948
0.309054 , 0.310477
0.344009 , 0.344815
0.331091 , 0.332089
0.373281 , 0.373769
0.309054 , 0.310477
0.331091 , 0.332089
0.336361 , 0.337276
0.305295 , 0.306805
0.340088 , 0.340949
0.312997 , 0.314334
0.318578 , 0.3198
0.318578 , 0.3198
0.299393 , 0.30105
0.314356 , 0.315664
0.306529 , 0.30801
0.321523 , 0.322689
0.342023 , 0.342856
0.311661 , 0.313027
0.30408 , 0.305619
0.317145 , 0.318396
0.321523 , 0.322689
0.324583 , 0.325693
0.344009 , 0.344815
0.306529 , 0.30801
0.329412 , 0.330438
0.348147 , 0.348899
0.324583 , 0.325693
0.323038 , 0.324176
0.299393 , 0.30105
0.327769 , 0.328823
0.301703 , 0.303301
0.320037 , 0.321231
0.30408 , 0.305619
0.364785 , 0.365351
0.336361 , 0.337276
0.312997 , 0.314334
0.329412 , 0.330438
0.315738 , 0.317018
0.340088 , 0.340949
0.344009 , 0.344815
0.332808 , 0.333778
0.344009 , 0.344815
0.314356 , 0.315664
0.350305 , 0.35103
0.357187 , 0.357832
0.362163 , 0.362755
0.27748 , 0.279798
0.327769 , 0.328823
0.320037 , 0.321231
0.342023 , 0.342856
0.350305 , 0.35103
0.309054 , 0.310477
0.314356 , 0.315664
0.367506 , 0.368046
0.298262 , 0.299948
0.267534 , 0.270224
0.315738 , 0.317018
0.318578 , 0.3198
0.302883 , 0.304451
0.344009 , 0.344815
0.292828 , 0.294662
0.323038 , 0.324176
0.331091 , 0.332089
0.336361 , 0.337276
0.338202 , 0.33909
0.317145 , 0.318396
0.354821 , 0.355492
0.379568 , 0.380006
0.32616 , 0.327241
0.340088 , 0.340949
0.311661 , 0.313027
0.32616 , 0.327241
0.310347 , 0.311741
0.350305 , 0.35103
0.327769 , 0.328823
0.306529 , 0.30801
0.354821 , 0.355492
0.305295 , 0.306805
0.307782 , 0.309234
0.334564 , 0.335507
0.340088 , 0.340949
0.331091 , 0.332089
0.340088 , 0.340949
0.344009 , 0.344815
0.346049 , 0.346828
0.324583 , 0.325693
0.307782 , 0.309234
0.327769 , 0.328823
0.310347 , 0.311741
0.331091 , 0.332089
0.297146 , 0.298862
