0.278362 , 0.28065
0.251105 , 0.254529
0.284808 , 0.286882
0.265213 , 0.267998
0.285769 , 0.287814
0.282916 , 0.285051
0.302883 , 0.304451
0.281065 , 0.283261
0.281065 , 0.283261
0.293887 , 0.295691
0.302883 , 0.304451
0.280155 , 0.282381
0.252422 , 0.255781
0.27748 , 0.279798
0.299393 , 0.30105
0.318578 , 0.3198
0.305295 , 0.306805
0.312997 , 0.314334
0.296046 , 0.29779
0.298262 , 0.299948
0.29075 , 0.292644
0.280155 , 0.282381
0.314356 , 0.315664
0.270725 , 0.273291
0.280155 , 0.282381
0.323038 , 0.324176
0.305295 , 0.306805
0.287727 , 0.28971
0.281065 , 0.283261
0.302883 , 0.304451
0.272366 , 0.274869
0.293887 , 0.295691
0.286742 , 0.288756
0.274885 , 0.277296
0.293887 , 0.295691
0.317145 , 0.318396
0.297146 , 0.298862
0.302883 , 0.304451
0.297146 , 0.298862
0.29075 , 0.292644
0.321523 , 0.322689
0.305295 , 0.306805
0.268321 , 0.27098
0.306529 , 0.30801
0.281986 , 0.284151
0.318578 , 0.3198
0.271542 , 0.274076
0.274885 , 0.277296
0.334564 , 0.335507
0.293887 , 0.295691
0.288722 , 0.290676
0.27748 , 0.279798
0.278362 , 0.28065
0.292828 , 0.294662
0.302883 , 0.304451
0.279254 , 0.281511
0.278362 , 0.28065
0.301703 , 0.303301
0.293887 , 0.295691
0.305295 , 0.306805
0.251761 , 0.255153
0.278362 , 0.28065
0.281065 , 0.283261
0.320037 , 0.321231
0.321523 , 0.322689
0.301703 , 0.303301
0.292828 , 0.294662
0.27748 , 0.279798
0.278362 , 0.28065
0.28973 , 0.291654
0.318578 , 0.3198
0.285769 , 0.287814
0.274885 , 0.277296
0.291783 , 0.293646
0.273197 , 0.27567
0.278362 , 0.28065
0.272366 , 0.274869
0.292828 , 0.294662
0.292828 , 0.294662
0.26598 , 0.268733
0.282916 , 0.285051
0.312997 , 0.314334
0.296046 , 0.29779
0.293887 , 0.295691
0.312997 , 0.314334
0.292828 , 0.294662
0.269115 , 0.271743
0.287727 , 0.28971
0.286742 , 0.288756
0.288722 , 0.290676
0.276606 , 0.278955
0.318578 , 0.3198
0.292828 , 0.294662
0.287727 , 0.28971
0.314356 , 0.315664
0.265213 , 0.267998
0.274885 , 0.277296
0.29075 , 0.292644
0.309054 , 0.310477
0.299393 , 0.30105
