0.294959 , 0.296734
0.301703 , 0.303301
0.291783 , 0.293646
0.321523 , 0.322689
0.299393 , 0.30105
0.324583 , 0.325693
0.362163 , 0.362755
0.338202 , 0.33909
0.288722 , 0.290676
0.292828 , 0.294662
0.315738 , 0.317018
0.269916 , 0.272513
0.324583 , 0.325693
0.331091 , 0.332089
0.334564 , 0.335507
0.298262 , 0.299948
0.350305 , 0.35103
0.338202 , 0.33909
0.288722 , 0.290676
0.310347 , 0.311741
0.310347 , 0.311741
0.276606 , 0.278955
0.283857 , 0.285961
0.318578 , 0.3198
0.292828 , 0.294662
0.302883 , 0.304451
0.327769 , 0.328823
0.311661 , 0.313027
0.317145 , 0.318396
0.301703 , 0.303301
0.297146 , 0.298862
0.310347 , 0.311741
0.28973 , 0.291654
0.299393 , 0.30105
0.318578 , 0.3198
0.297146 , 0.298862
0.342023 , 0.342856
0.292828 , 0.294662
0.315738 , 0.317018
0.332808 , 0.333778
0.334564 , 0.335507
0.276606 , 0.278955
0.336361 , 0.337276
0.340088 , 0.340949
0.301703 , 0.303301
0.338202 , 0.33909
0.306529 , 0.30801
0.310347 , 0.311741
0.312997 , 0.314334
0.297146 , 0.298862
0.323038 , 0.324176
0.348147 , 0.348899
0.310347 , 0.311741
0.320037 , 0.321231
0.293887 , 0.295691
0.285769 , 0.287814
0.310347 , 0.311741
0.32616 , 0.327241
0.324583 , 0.325693
0.302883 , 0.304451
0.292828 , 0.294662
0.301703 , 0.303301
0.324583 , 0.325693
0.310347 , 0.311741
0.30408 , 0.305619
0.309054 , 0.310477
0.331091 , 0.332089
0.283857 , 0.285961
0.309054 , 0.310477
0.315738 , 0.317018
0.327769 , 0.328823
0.327769 , 0.328823
0.305295 , 0.306805
0.323038 , 0.324176
0.283857 , 0.285961
0.293887 , 0.295691
0.359632 , 0.360251
0.30054 , 0.302167
0.293887 , 0.295691
0.30408 , 0.305619
0.320037 , 0.321231
0.336361 , 0.337276
0.273197 , 0.27567
0.32616 , 0.327241
0.311661 , 0.313027
0.30054 , 0.302167
0.307782 , 0.309234
0.323038 , 0.324176
0.269916 , 0.272513
0.249164 , 0.252686
0.275741 , 0.278121
0.283857 , 0.285961
0.298262 , 0.299948
0.318578 , 0.3198
0.346049 , 0.346828
0.305295 , 0.306805
0.317145 , 0.318396
0.309054 , 0.310477
0.291783 , 0.293646
0.298262 , 0.299948
