0.0107155 , 0.0107155
0.0107683 , 0.0107683
0.0104173 , 0.0104173
0.00967944 , 0.00967944
0.0100711 , 0.0100711
0.010653 , 0.010653
0.00994289 , 0.00994289
0.00998679 , 0.00998679
0.00961 , 0.00961
0.0100014 , 0.0100014
0.0102974 , 0.0102974
0.00969537 , 0.00969537
0.0102365 , 0.0102365
0.00965878 , 0.00965878
0.0096752 , 0.0096752
0.00984629 , 0.00984629
0.00979371 , 0.00979371
0.00994316 , 0.00994316
0.0100864 , 0.0100864
0.0100636 , 0.0100636
0.0094661 , 0.0094661
0.0103668 , 0.0103668
0.010771 , 0.010771
0.0102805 , 0.0102805
0.0100675 , 0.0100675
0.00992785 , 0.00992785
0.0100945 , 0.0100945
0.0104167 , 0.0104167
0.00961184 , 0.00961184
0.0103314 , 0.0103314
0.0101966 , 0.0101966
0.0102166 , 0.0102166
0.00979774 , 0.00979774
0.0096699 , 0.0096699
0.00960421 , 0.00960421
0.0104478 , 0.0104478
0.00963053 , 0.00963053
0.00980824 , 0.00980824
0.00931753 , 0.00931753
0.00931297 , 0.00931297
0.0102475 , 0.0102475
0.00957641 , 0.00957641
0.0100367 , 0.0100367
0.00941868 , 0.00941868
0.0102697 , 0.0102697
0.00985387 , 0.00985387
0.00974225 , 0.00974225
0.00973985 , 0.00973985
0.00998679 , 0.00998679
0.00967812 , 0.00967812
0.0102314 , 0.0102314
0.0100739 , 0.0100739
0.0102765 , 0.0102765
0.0102285 , 0.0102285
0.0101881 , 0.0101881
0.00973211 , 0.00973211
0.00993004 , 0.00993004
0.00947101 , 0.00947101
0.00933685 , 0.00933685
0.0105909 , 0.0105909
0.00956123 , 0.00956123
0.00988806 , 0.00988806
0.0102152 , 0.0102152
0.00996289 , 0.00996289
0.0101266 , 0.0101266
0.00967891 , 0.00967891
0.0096564 , 0.0096564
0.0102212 , 0.0102212
0.00994043 , 0.00994043
0.0106444 , 0.0106444
0.00952679 , 0.00952679
0.0104752 , 0.0104752
0.0100141 , 0.0100141
0.00983278 , 0.00983278
0.010097 , 0.010097
0.0101476 , 0.0101476
0.0100099 , 0.0100099
0.00980958 , 0.00980958
0.0100634 , 0.0100634
0.0103673 , 0.0103673
0.0106817 , 0.0106817
0.0099112 , 0.0099112
0.00957667 , 0.00957667
0.00957196 , 0.00957196
0.0103997 , 0.0103997
0.00955548 , 0.00955548
0.00973531 , 0.00973531
0.0106685 , 0.0106685
0.00953643 , 0.00953643
0.0108058 , 0.0108058
0.0100392 , 0.0100392
0.0104231 , 0.0104231
0.00971984 , 0.00971984
0.0102917 , 0.0102917
0.0106587 , 0.0106587
0.00977464 , 0.00977464
0.0100959 , 0.0100959
0.0101563 , 0.0101563
0.0105942 , 0.0105942
0.0102578 , 0.0102578
