0.0102931 , 0.0102931
0.0106854 , 0.0106854
0.00958249 , 0.00958249
0.0104737 , 0.0104737
0.0105991 , 0.0105991
0.00931909 , 0.00931909
0.0102745 , 0.0102745
0.00942648 , 0.00942648
0.0112385 , 0.0112385
0.0107152 , 0.0107152
0.00988014 , 0.00988014
0.010501 , 0.010501
0.00975976 , 0.00975976
0.0100189 , 0.0100189
0.010638 , 0.010638
0.0104769 , 0.0104769
0.010444 , 0.010444
0.010104 , 0.010104
0.0107971 , 0.0107971
0.00954815 , 0.00954815
0.00986027 , 0.00986027
0.0108602 , 0.0108602
0.00939675 , 0.00939675
0.0106138 , 0.0106138
0.00992861 , 0.00992861
0.0109055 , 0.0109055
0.0100687 , 0.0100687
0.00998755 , 0.00998755
0.0108311 , 0.0108311
0.0101407 , 0.0101407
0.00988277 , 0.00988277
0.0106059 , 0.0106059
0.00980881 , 0.00980881
0.00982273 , 0.00982273
0.00945525 , 0.00945525
0.0102197 , 0.0102197
0.0101116 , 0.0101116
0.0104412 , 0.0104412
0.00985676 , 0.00985676
0.00973337 , 0.00973337
0.00976206 , 0.00976206
0.00971307 , 0.00971307
0.00949656 , 0.00949656
0.0100147 , 0.0100147
0.0101829 , 0.0101829
0.0111731 , 0.0111731
0.0109473 , 0.0109473
0.00961729 , 0.00961729
0.00964096 , 0.00964096
0.010475 , 0.010475
0.00973537 , 0.00973537
0.00933175 , 0.00933175
0.00991595 , 0.00991595
0.0102732 , 0.0102732
0.0104453 , 0.0104453
0.010254 , 0.010254
0.00996527 , 0.00996527
0.0100132 , 0.0100132
0.0101884 , 0.0101884
0.00951926 , 0.00951926
0.00896549 , 0.00896549
0.0102419 , 0.0102419
0.00994101 , 0.00994101
0.0104917 , 0.0104917
0.00975201 , 0.00975201
0.00967664 , 0.00967664
0.00963391 , 0.00963391
0.00991565 , 0.00991565
0.0104361 , 0.0104361
0.0097635 , 0.0097635
0.00992449 , 0.00992449
0.01033 , 0.01033
0.0109887 , 0.0109887
0.00963476 , 0.00963476
0.00962461 , 0.00962461
0.00897826 , 0.00897826
0.0100168 , 0.0100168
0.0103466 , 0.0103466
0.010035 , 0.010035
0.00993924 , 0.00993924
0.00973337 , 0.00973337
0.0102068 , 0.0102068
0.00993422 , 0.00993422
0.0104412 , 0.0104412
0.00955651 , 0.00955651
0.00974627 , 0.00974627
0.010241 , 0.010241
0.0102016 , 0.0102016
0.00955317 , 0.00955317
0.00979493 , 0.00979493
0.00966643 , 0.00966643
0.0101645 , 0.0101645
0.00960464 , 0.00960464
0.00991918 , 0.00991918
0.00987136 , 0.00987136
0.0100871 , 0.0100871
0.00978915 , 0.00978915
0.0104351 , 0.0104351
0.00969113 , 0.00969113
0.00987634 , 0.00987634
