0.00980368 , 0.00980368
0.0105953 , 0.0105953
0.0101638 , 0.0101638
0.00968887 , 0.00968887
0.00956242 , 0.00956242
0.00947012 , 0.00947012
0.00991729 , 0.00991729
0.00941397 , 0.00941397
0.0095736 , 0.0095736
0.0101604 , 0.0101604
0.00982088 , 0.00982088
0.00993982 , 0.00993982
0.0103285 , 0.0103285
0.00978556 , 0.00978556
0.00993319 , 0.00993319
0.00967112 , 0.00967112
0.00924737 , 0.00924737
0.00985872 , 0.00985872
0.00970667 , 0.00970667
0.0100468 , 0.0100468
0.00984336 , 0.00984336
0.00984597 , 0.00984597
0.00957111 , 0.00957111
0.0100498 , 0.0100498
0.00993319 , 0.00993319
0.0104335 , 0.0104335
0.00956583 , 0.00956583
0.00962387 , 0.00962387
0.00945793 , 0.00945793
0.00973925 , 0.00973925
0.0100482 , 0.0100482
0.0110857 , 0.0110857
0.0104273 , 0.0104273
0.0103567 , 0.0103567
0.0095284 , 0.0095284
0.00937305 , 0.00937305
0.00997648 , 0.00997648
0.0102433 , 0.0102433
0.00984466 , 0.00984466
0.00961666 , 0.00961666
0.0102746 , 0.0102746
0.0108329 , 0.0108329
0.00969745 , 0.00969745
0.00991927 , 0.00991927
0.00975015 , 0.00975015
0.00997046 , 0.00997046
0.0106102 , 0.0106102
0.00902085 , 0.00902085
0.0101749 , 0.0101749
0.00944972 , 0.00944972
0.00979947 , 0.00979947
0.00901129 , 0.00901129
0.0105639 , 0.0105639
0.0103951 , 0.0103951
0.0098525 , 0.0098525
0.0094306 , 0.0094306
0.00987642 , 0.00987642
0.0102233 , 0.0102233
0.0105088 , 0.0105088
0.010599 , 0.010599
0.0102735 , 0.0102735
0.00974662 , 0.00974662
0.00934762 , 0.00934762
0.0108996 , 0.0108996
0.0100648 , 0.0100648
0.0101971 , 0.0101971
0.00987248 , 0.00987248
0.0101452 , 0.0101452
0.00951977 , 0.00951977
0.00938986 , 0.00938986
0.0097524 , 0.0097524
0.0104175 , 0.0104175
0.0106895 , 0.0106895
0.0106467 , 0.0106467
0.00997548 , 0.00997548
0.0103039 , 0.0103039
0.00966543 , 0.00966543
0.0099365 , 0.0099365
0.0101366 , 0.0101366
0.00964241 , 0.00964241
0.0108352 , 0.0108352
0.00963738 , 0.00963738
0.0107766 , 0.0107766
0.00976429 , 0.00976429
0.0102482 , 0.0102482
0.00910018 , 0.00910018
0.0100746 , 0.0100746
0.00978459 , 0.00978459
0.0103185 , 0.0103185
0.00942939 , 0.00942939
0.0107059 , 0.0107059
0.00959165 , 0.00959165
0.00938685 , 0.00938685
0.00954971 , 0.00954971
0.0102816 , 0.0102816
0.0106114 , 0.0106114
0.00982478 , 0.00982478
0.0100275 , 0.0100275
0.00989352 , 0.00989352
0.0102104 , 0.0102104
