0.00981278 , 0.00981278
0.00978253 , 0.00978253
0.0115211 , 0.0115211
0.00948516 , 0.00948516
0.00944189 , 0.00944189
0.00995736 , 0.00995736
0.0101086 , 0.0101086
0.0101091 , 0.0101091
0.010572 , 0.010572
0.0101418 , 0.0101418
0.0111561 , 0.0111561
0.0106731 , 0.0106731
0.0100625 , 0.0100625
0.00971883 , 0.00971883
0.0106986 , 0.0106986
0.00998065 , 0.00998065
0.0105226 , 0.0105226
0.0101743 , 0.0101743
0.0100658 , 0.0100658
0.00976467 , 0.00976467
0.00977512 , 0.00977512
0.00938556 , 0.00938556
0.00990485 , 0.00990485
0.0103623 , 0.0103623
0.00872827 , 0.00872827
0.0106033 , 0.0106033
0.00894479 , 0.00894479
0.0106921 , 0.0106921
0.009849 , 0.009849
0.00999442 , 0.00999442
0.0101072 , 0.0101072
0.00946246 , 0.00946246
0.0101375 , 0.0101375
0.00971539 , 0.00971539
0.00932842 , 0.00932842
0.010774 , 0.010774
0.00937051 , 0.00937051
0.00989631 , 0.00989631
0.0107806 , 0.0107806
0.0098717 , 0.0098717
0.0100388 , 0.0100388
0.00959638 , 0.00959638
0.0100249 , 0.0100249
0.00966542 , 0.00966542
0.00891351 , 0.00891351
0.0105657 , 0.0105657
0.0101714 , 0.0101714
0.0108558 , 0.0108558
0.0104369 , 0.0104369
0.00992876 , 0.00992876
0.0111391 , 0.0111391
0.00939311 , 0.00939311
0.0103199 , 0.0103199
0.0101561 , 0.0101561
0.00972399 , 0.00972399
0.0100184 , 0.0100184
0.00938516 , 0.00938516
0.0100128 , 0.0100128
0.0100925 , 0.0100925
0.0106054 , 0.0106054
0.00976467 , 0.00976467
0.0098163 , 0.0098163
0.00951985 , 0.00951985
0.00963918 , 0.00963918
0.00989138 , 0.00989138
0.0102744 , 0.0102744
0.010562 , 0.010562
0.00829551 , 0.00829551
0.0103473 , 0.0103473
0.00991746 , 0.00991746
0.0101772 , 0.0101772
0.0108473 , 0.0108473
0.0104358 , 0.0104358
0.0113947 , 0.0113947
0.00982776 , 0.00982776
0.00997241 , 0.00997241
0.0101485 , 0.0101485
0.0103629 , 0.0103629
0.0089398 , 0.0089398
0.00941743 , 0.00941743
0.0100775 , 0.0100775
0.00949737 , 0.00949737
0.0106225 , 0.0106225
0.0101955 , 0.0101955
0.0110611 , 0.0110611
0.010182 , 0.010182
0.01059 , 0.01059
0.0101743 , 0.0101743
0.00968329 , 0.00968329
0.00920694 , 0.00920694
0.0106596 , 0.0106596
0.010306 , 0.010306
0.0100658 , 0.0100658
0.0104769 , 0.0104769
0.0106236 , 0.0106236
0.0110421 , 0.0110421
0.0106038 , 0.0106038
0.00959638 , 0.00959638
0.00938755 , 0.00938755
0.00927283 , 0.00927283
