0.0101065 , 0.0101065
0.00978665 , 0.00978665
0.0102134 , 0.0102134
0.0116472 , 0.0116472
0.00951945 , 0.00951945
0.0102122 , 0.0102122
0.00969643 , 0.00969643
0.0110538 , 0.0110538
0.00931736 , 0.00931736
0.01057 , 0.01057
0.00999107 , 0.00999107
0.011523 , 0.011523
0.011099 , 0.011099
0.0101976 , 0.0101976
0.00972044 , 0.00972044
0.0103525 , 0.0103525
0.0108392 , 0.0108392
0.0109852 , 0.0109852
0.00994992 , 0.00994992
0.00889297 , 0.00889297
0.0101065 , 0.0101065
0.00996742 , 0.00996742
0.00933763 , 0.00933763
0.0101749 , 0.0101749
0.0096549 , 0.0096549
0.00992654 , 0.00992654
0.009826 , 0.009826
0.0100912 , 0.0100912
0.00977623 , 0.00977623
0.0105849 , 0.0105849
0.0106273 , 0.0106273
0.0102868 , 0.0102868
0.0106642 , 0.0106642
0.00973997 , 0.00973997
0.00968778 , 0.00968778
0.0103252 , 0.0103252
0.0100043 , 0.0100043
0.0104663 , 0.0104663
0.0112614 , 0.0112614
0.0109564 , 0.0109564
0.0106901 , 0.0106901
0.00956831 , 0.00956831
0.0101737 , 0.0101737
0.0107889 , 0.0107889
0.0100265 , 0.0100265
0.010312 , 0.010312
0.0101616 , 0.0101616
0.00977206 , 0.00977206
0.0110289 , 0.0110289
0.0100472 , 0.0100472
0.010849 , 0.010849
0.00985939 , 0.00985939
0.0103837 , 0.0103837
0.00893249 , 0.00893249
0.00946692 , 0.00946692
0.00995047 , 0.00995047
0.0103751 , 0.0103751
0.00954869 , 0.00954869
0.0106728 , 0.0106728
0.0111095 , 0.0111095
0.00960439 , 0.00960439
0.0104934 , 0.0104934
0.0103144 , 0.0103144
0.00949044 , 0.00949044
0.0113171 , 0.0113171
0.00994229 , 0.00994229
0.00918869 , 0.00918869
0.00960489 , 0.00960489
0.00906694 , 0.00906694
0.0103416 , 0.0103416
0.00928352 , 0.00928352
0.00976065 , 0.00976065
0.0100232 , 0.0100232
0.00955065 , 0.00955065
0.0105029 , 0.0105029
0.0105882 , 0.0105882
0.0104331 , 0.0104331
0.0104313 , 0.0104313
0.00983974 , 0.00983974
0.00988824 , 0.00988824
0.0105067 , 0.0105067
0.00943405 , 0.00943405
0.00950202 , 0.00950202
0.0102011 , 0.0102011
0.00993468 , 0.00993468
0.00919446 , 0.00919446
0.00962082 , 0.00962082
0.0108012 , 0.0108012
0.0102181 , 0.0102181
0.00944831 , 0.00944831
0.0102216 , 0.0102216
0.0111934 , 0.0111934
0.00964585 , 0.00964585
0.00926898 , 0.00926898
0.0104102 , 0.0104102
0.00991733 , 0.00991733
0.0112172 , 0.0112172
0.0102157 , 0.0102157
0.00934874 , 0.00934874
0.0097971 , 0.0097971
