0.0103539 , 0.0104664
0.0100281 , 0.0101416
0.00935687 , 0.00947226
0.0100384 , 0.0101519
0.0101915 , 0.0103044
0.00966566 , 0.00978015
0.010281 , 0.0103937
0.00980495 , 0.00991904
0.0103535 , 0.010466
0.0109429 , 0.0110538
0.0102001 , 0.0103131
0.00998517 , 0.0100987
0.0104491 , 0.0105614
0.0097802 , 0.00989436
0.00959899 , 0.00971368
0.00966056 , 0.00977507
0.0100174 , 0.0101309
0.0097802 , 0.00989436
0.00995985 , 0.0100735
0.00971245 , 0.0098268
0.0100101 , 0.0101236
0.0101392 , 0.0102524
0.00980623 , 0.00992031
0.0107907 , 0.010902
0.0102373 , 0.0103501
0.00969627 , 0.00981068
0.0103926 , 0.010505
0.0099899 , 0.0101035
0.00985536 , 0.0099693
0.0099217 , 0.0100355
0.0100341 , 0.0101476
0.00991613 , 0.0100299
0.0103565 , 0.010469
0.00997444 , 0.010088
0.00991999 , 0.0100337
0.00985707 , 0.00997101
0.0104452 , 0.0105575
0.0101781 , 0.0102911
0.0100565 , 0.0101699
0.0106501 , 0.0107618
0.0104339 , 0.0105462
0.0100582 , 0.0101716
0.00997788 , 0.0100915
0.00977039 , 0.00988458
0.0101358 , 0.0102489
0.009715 , 0.00982935
0.010353 , 0.0104655
0.010217 , 0.0103299
0.010023 , 0.0101364
0.00970564 , 0.00982001
0.0100625 , 0.0101759
0.0094437 , 0.00955884
0.00999891 , 0.0101124
0.00988873 , 0.0100026
0.00984553 , 0.0099595
0.00996929 , 0.0100829
0.0100307 , 0.0101441
0.010337 , 0.0104495
0.00998646 , 0.0101
0.00972139 , 0.00983572
0.00958542 , 0.00970015
0.00998045 , 0.010094
0.010288 , 0.0104007
0.00959009 , 0.0097048
0.010403 , 0.0105154
0.0100277 , 0.0101411
0.00982203 , 0.00993607
0.0099367 , 0.0100504
0.0100935 , 0.0102068
0.0101543 , 0.0102674
0.0100595 , 0.0101729
0.0102966 , 0.0104093
0.0105115 , 0.0106236
0.0103648 , 0.0104772
0.010191 , 0.010304
0.0100789 , 0.0101922
0.00980452 , 0.00991861
0.0097755 , 0.00988968
0.0105097 , 0.0106218
0.0100892 , 0.0102025
0.0103609 , 0.0104733
0.010182 , 0.010295
0.0101224 , 0.0102356
0.0103296 , 0.0104422
0.0103109 , 0.0104236
0.0101733 , 0.0102864
0.0102607 , 0.0103734
0.0099217 , 0.0100355
0.0104335 , 0.0105458
0.00997659 , 0.0100902
0.0102083 , 0.0103212
0.00958712 , 0.00970184
0.0097282 , 0.00984251
0.0103665 , 0.010479
0.0103648 , 0.0104772
0.0101751 , 0.0102881
0.0100423 , 0.0101557
0.0102906 , 0.0104033
0.00939773 , 0.009513
0.0101457 , 0.0102588
