0.0101946 , 0.0101946
0.00943344 , 0.00943344
0.0106297 , 0.0106297
0.00942261 , 0.00942261
0.00987116 , 0.00987116
0.00966034 , 0.00966034
0.0114329 , 0.0114329
0.00909828 , 0.00909828
0.00947803 , 0.00947803
0.0106988 , 0.0106988
0.0106634 , 0.0106634
0.0104286 , 0.0104286
0.0100385 , 0.0100385
0.00932221 , 0.00932221
0.0102367 , 0.0102367
0.00985264 , 0.00985264
0.00995457 , 0.00995457
0.0103858 , 0.0103858
0.0103988 , 0.0103988
0.0101694 , 0.0101694
0.0100562 , 0.0100562
0.0103425 , 0.0103425
0.0113447 , 0.0113447
0.0106336 , 0.0106336
0.0117563 , 0.0117563
0.0114106 , 0.0114106
0.00962881 , 0.00962881
0.0101488 , 0.0101488
0.00927295 , 0.00927295
0.0107683 , 0.0107683
0.0101585 , 0.0101585
0.00995659 , 0.00995659
0.00952163 , 0.00952163
0.010531 , 0.010531
0.00943845 , 0.00943845
0.0103483 , 0.0103483
0.00951388 , 0.00951388
0.0109503 , 0.0109503
0.0104502 , 0.0104502
0.0100281 , 0.0100281
0.0103263 , 0.0103263
0.0101058 , 0.0101058
0.0101186 , 0.0101186
0.00922069 , 0.00922069
0.0100054 , 0.0100054
0.0100678 , 0.0100678
0.00933345 , 0.00933345
0.00888911 , 0.00888911
0.0112657 , 0.0112657
0.0100416 , 0.0100416
0.0109633 , 0.0109633
0.0107819 , 0.0107819
0.00970234 , 0.00970234
0.0091732 , 0.0091732
0.0118469 , 0.0118469
0.00991653 , 0.00991653
0.00967033 , 0.00967033
0.00909237 , 0.00909237
0.010431 , 0.010431
0.0101005 , 0.0101005
0.0104274 , 0.0104274
0.0105837 , 0.0105837
0.00969132 , 0.00969132
0.0108024 , 0.0108024
0.00852862 , 0.00852862
0.00971802 , 0.00971802
0.0087339 , 0.0087339
0.00857104 , 0.00857104
0.00983811 , 0.00983811
0.0100333 , 0.0100333
0.00911608 , 0.00911608
0.0102266 , 0.0102266
0.0107253 , 0.0107253
0.00997176 , 0.00997176
0.00968674 , 0.00968674
0.00918385 , 0.00918385
0.0105711 , 0.0105711
0.00988096 , 0.00988096
0.010666 , 0.010666
0.0093198 , 0.0093198
0.011737 , 0.011737
0.00962612 , 0.00962612
0.0108162 , 0.0108162
0.0106856 , 0.0106856
0.00974966 , 0.00974966
0.0103472 , 0.0103472
0.0105137 , 0.0105137
0.010284 , 0.010284
0.0111732 , 0.0111732
0.00936177 , 0.00936177
0.00987508 , 0.00987508
0.0105397 , 0.0105397
0.00982461 , 0.00982461
0.0104575 , 0.0104575
0.0109186 , 0.0109186
0.00911162 , 0.00911162
0.0107997 , 0.0107997
0.0108244 , 0.0108244
0.00972358 , 0.00972358
0.00944431 , 0.00944431
