0.0100567 , 0.0100567
0.0096873 , 0.0096873
0.0124506 , 0.0124506
0.0101055 , 0.0101055
0.0103138 , 0.0103138
0.00880519 , 0.00880519
0.00832801 , 0.00832801
0.00926606 , 0.00926606
0.00960933 , 0.00960933
0.00961262 , 0.00961262
0.00946954 , 0.00946954
0.00964134 , 0.00964134
0.0104874 , 0.0104874
0.00979826 , 0.00979826
0.00929789 , 0.00929789
0.0103109 , 0.0103109
0.00965136 , 0.00965136
0.0095788 , 0.0095788
0.0104126 , 0.0104126
0.0101016 , 0.0101016
0.0109296 , 0.0109296
0.0102736 , 0.0102736
0.00974912 , 0.00974912
0.0103502 , 0.0103502
0.00950825 , 0.00950825
0.0102298 , 0.0102298
0.0100049 , 0.0100049
0.00977007 , 0.00977007
0.0110101 , 0.0110101
0.00954435 , 0.00954435
0.00934393 , 0.00934393
0.0100139 , 0.0100139
0.00971116 , 0.00971116
0.00993042 , 0.00993042
0.0093578 , 0.0093578
0.0106855 , 0.0106855
0.00987016 , 0.00987016
0.00957771 , 0.00957771
0.00985079 , 0.00985079
0.00946746 , 0.00946746
0.010608 , 0.010608
0.00972605 , 0.00972605
0.00956582 , 0.00956582
0.00947473 , 0.00947473
0.0104612 , 0.0104612
0.00981962 , 0.00981962
0.00889723 , 0.00889723
0.0107915 , 0.0107915
0.00915263 , 0.00915263
0.00960166 , 0.00960166
0.00984476 , 0.00984476
0.0106922 , 0.0106922
0.00887494 , 0.00887494
0.00925268 , 0.00925268
0.00924316 , 0.00924316
0.0104967 , 0.0104967
0.0109002 , 0.0109002
0.0110101 , 0.0110101
0.00960714 , 0.00960714
0.0103167 , 0.0103167
0.0103947 , 0.0103947
0.010913 , 0.010913
0.010083 , 0.010083
0.00886181 , 0.00886181
0.00980418 , 0.00980418
0.00982917 , 0.00982917
0.00973987 , 0.00973987
0.00943755 , 0.00943755
0.00978295 , 0.00978295
0.00991058 , 0.00991058
0.0103211 , 0.0103211
0.010709 , 0.010709
0.0097526 , 0.0097526
0.00930178 , 0.00930178
0.0109779 , 0.0109779
0.00982917 , 0.00982917
0.0098909 , 0.0098909
0.00949144 , 0.00949144
0.0102117 , 0.0102117
0.00979001 , 0.00979001
0.00942936 , 0.00942936
0.00984838 , 0.00984838
0.010621 , 0.010621
0.0100724 , 0.0100724
0.00991305 , 0.00991305
0.0105076 , 0.0105076
0.0107482 , 0.0107482
0.0101364 , 0.0101364
0.00925649 , 0.00925649
0.00987624 , 0.00987624
0.0101513 , 0.0101513
0.00955399 , 0.00955399
0.0102062 , 0.0102062
0.0103225 , 0.0103225
0.00960933 , 0.00960933
0.0118395 , 0.0118395
0.00938981 , 0.00938981
0.0101676 , 0.0101676
0.0108479 , 0.0108479
0.0109148 , 0.0109148
