0.00938066 , 0.00938066
0.00954744 , 0.00954744
0.011334 , 0.011334
0.00828821 , 0.00828821
0.0104552 , 0.0104552
0.0100995 , 0.0100995
0.0116658 , 0.0116658
0.00882268 , 0.00882268
0.00972965 , 0.00972965
0.00987789 , 0.00987789
0.00859059 , 0.00859059
0.00886587 , 0.00886587
0.0109974 , 0.0109974
0.0107908 , 0.0107908
0.00955239 , 0.00955239
0.00986451 , 0.00986451
0.0123133 , 0.0123133
0.00969587 , 0.00969587
0.00895739 , 0.00895739
0.0100224 , 0.0100224
0.0107995 , 0.0107995
0.00960257 , 0.00960257
0.012184 , 0.012184
0.0093914 , 0.0093914
0.0105993 , 0.0105993
0.0100389 , 0.0100389
0.0101837 , 0.0101837
0.00854402 , 0.00854402
0.0102417 , 0.0102417
0.0121623 , 0.0121623
0.0095392 , 0.0095392
0.00991071 , 0.00991071
0.0109346 , 0.0109346
0.00894732 , 0.00894732
0.00847597 , 0.00847597
0.010675 , 0.010675
0.0103506 , 0.0103506
0.00966781 , 0.00966781
0.0105755 , 0.0105755
0.0101948 , 0.0101948
0.0102851 , 0.0102851
0.0109069 , 0.0109069
0.0126915 , 0.0126915
0.0104577 , 0.0104577
0.00969058 , 0.00969058
0.00966259 , 0.00966259
0.00933824 , 0.00933824
0.0100286 , 0.0100286
0.00934124 , 0.00934124
0.0106287 , 0.0106287
0.0106341 , 0.0106341
0.0104802 , 0.0104802
0.00918044 , 0.00918044
0.0101037 , 0.0101037
0.0101727 , 0.0101727
0.00906345 , 0.00906345
0.0103435 , 0.0103435
0.0108318 , 0.0108318
0.0109595 , 0.0109595
0.00966781 , 0.00966781
0.00918884 , 0.00918884
0.0101037 , 0.0101037
0.0101208 , 0.0101208
0.00961785 , 0.00961785
0.0124569 , 0.0124569
0.0123483 , 0.0123483
0.00949043 , 0.00949043
0.00983612 , 0.00983612
0.0103013 , 0.0103013
0.00951306 , 0.00951306
0.00959413 , 0.00959413
0.0103721 , 0.0103721
0.00975126 , 0.00975126
0.0100265 , 0.0100265
0.0100368 , 0.0100368
0.0108615 , 0.0108615
0.00902145 , 0.00902145
0.0103036 , 0.0103036
0.0130818 , 0.0130818
0.00976579 , 0.00976579
0.0122731 , 0.0122731
0.00961785 , 0.00961785
0.0101815 , 0.0101815
0.010947 , 0.010947
0.0103482 , 0.0103482
0.0115482 , 0.0115482
0.00917347 , 0.00917347
0.00948081 , 0.00948081
0.00918744 , 0.00918744
0.00996387 , 0.00996387
0.00925721 , 0.00925721
0.0121461 , 0.0121461
0.0117226 , 0.0117226
0.0107364 , 0.0107364
0.00897006 , 0.00897006
0.0115564 , 0.0115564
0.0113045 , 0.0113045
0.00984554 , 0.00984554
0.00877334 , 0.00877334
0.011007 , 0.011007
