0.0100714 , 0.0100714
0.00993015 , 0.00993015
0.0104146 , 0.0104146
0.0094144 , 0.0094144
0.00855099 , 0.00855099
0.0100847 , 0.0100847
0.00957732 , 0.00957732
0.012316 , 0.012316
0.00995261 , 0.00995261
0.010365 , 0.010365
0.0107773 , 0.0107773
0.0102489 , 0.0102489
0.0121278 , 0.0121278
0.0107038 , 0.0107038
0.00960259 , 0.00960259
0.0111808 , 0.0111808
0.0099906 , 0.0099906
0.0118966 , 0.0118966
0.0102431 , 0.0102431
0.0105275 , 0.0105275
0.0101307 , 0.0101307
0.010082 , 0.010082
0.0106859 , 0.0106859
0.00900353 , 0.00900353
0.0109692 , 0.0109692
0.00952974 , 0.00952974
0.0103017 , 0.0103017
0.0100137 , 0.0100137
0.00998804 , 0.00998804
0.0100901 , 0.0100901
0.00866224 , 0.00866224
0.0133483 , 0.0133483
0.011852 , 0.011852
0.00998804 , 0.00998804
0.0125584 , 0.0125584
0.0101389 , 0.0101389
0.0108809 , 0.0108809
0.00961534 , 0.00961534
0.0107002 , 0.0107002
0.00948723 , 0.00948723
0.0119954 , 0.0119954
0.00921014 , 0.00921014
0.0121788 , 0.0121788
0.0100954 , 0.0100954
0.0105209 , 0.0105209
0.0103106 , 0.0103106
0.0108419 , 0.0108419
0.00817987 , 0.00817987
0.0105812 , 0.0105812
0.0097702 , 0.0097702
0.0110875 , 0.0110875
0.00826133 , 0.00826133
0.0106645 , 0.0106645
0.00883461 , 0.00883461
0.0123082 , 0.0123082
0.0104979 , 0.0104979
0.00873894 , 0.00873894
0.0115811 , 0.0115811
0.00983555 , 0.00983555
0.00973151 , 0.00973151
0.0127731 , 0.0127731
0.0097679 , 0.0097679
0.00984982 , 0.00984982
0.010223 , 0.010223
0.0111945 , 0.0111945
0.00918229 , 0.00918229
0.00943774 , 0.00943774
0.0102345 , 0.0102345
0.00932544 , 0.00932544
0.00950131 , 0.00950131
0.00886701 , 0.00886701
0.0108927 , 0.0108927
0.00879983 , 0.00879983
0.0113564 , 0.0113564
0.0115536 , 0.0115536
0.00932174 , 0.00932174
0.0112222 , 0.0112222
0.00972926 , 0.00972926
0.0108535 , 0.0108535
0.0107329 , 0.0107329
0.00883315 , 0.00883315
0.0104431 , 0.0104431
0.00896582 , 0.00896582
0.011916 , 0.011916
0.00939324 , 0.00939324
0.00972926 , 0.00972926
0.0112739 , 0.0112739
0.00922068 , 0.00922068
0.0130463 , 0.0130463
0.00926699 , 0.00926699
0.00900353 , 0.00900353
0.0112129 , 0.0112129
0.0115374 , 0.0115374
0.00943774 , 0.00943774
0.00910759 , 0.00910759
0.00920489 , 0.00920489
0.0108304 , 0.0108304
0.0121495 , 0.0121495
0.00907779 , 0.00907779
0.00953179 , 0.00953179
