0.0144456 , 0.0144456
0.0100495 , 0.0100495
0.0118186 , 0.0118186
1 , 1
1 , 1
0.0114256 , 0.0114256
0.0109789 , 0.0109789
0.0107755 , 0.0107755
0.00969293 , 0.00969293
0.0118186 , 0.0118186
0.0102595 , 0.0102595
0.0094744 , 0.0094744
0.00922806 , 0.00922806
0.00912167 , 0.00912167
0.0100828 , 0.0100828
0.0100605 , 0.0100605
0.0101807 , 0.0101807
0.00803975 , 0.00803975
0.00838353 , 0.00838353
0.0140736 , 0.0140736
0.00812682 , 0.00812682
0.00935977 , 0.00935977
0.0105128 , 0.0105128
0.0104356 , 0.0104356
0.01122 , 0.01122
0.0107923 , 0.0107923
0.00915751 , 0.00915751
0.0137675 , 0.0137675
0.0112636 , 0.0112636
0.0104356 , 0.0104356
0.00969741 , 0.00969741
0.00900323 , 0.00900323
0.010111 , 0.010111
0.0103949 , 0.0103949
0.00879342 , 0.00879342
1 , 1
0.00875903 , 0.00875903
0.010601 , 0.010601
0.0108436 , 0.0108436
0.00980386 , 0.00980386
0.0112747 , 0.0112747
0.00969293 , 0.00969293
0.00909924 , 0.00909924
0.00956769 , 0.00956769
0.00961842 , 0.00961842
0.00889234 , 0.00889234
0.00958865 , 0.00958865
1 , 1
0.0106086 , 0.0106086
0.00939337 , 0.00939337
0.00934504 , 0.00934504
0.0107755 , 0.0107755
0.0105417 , 0.0105417
0.0140736 , 0.0140736
0.0107343 , 0.0107343
0.00972456 , 0.00972456
0.0106782 , 0.0106782
0.00924183 , 0.00924183
0.0114015 , 0.0114015
0.00991215 , 0.00991215
0.018803 , 0.018803
0.00985225 , 0.00985225
1 , 1
0.0101748 , 0.0101748
0.0103949 , 0.0103949
0.00878277 , 0.00878277
0.0101167 , 0.0101167
0.0107755 , 0.0107755
0.0166442 , 0.0166442
0.0105935 , 0.0105935
0.0116728 , 0.0116728
0.0129307 , 0.0129307
0.0109977 , 0.0109977
0.0146666 , 0.0146666
0.0110264 , 0.0110264
0.00875903 , 0.00875903
0.0131455 , 0.0131455
0.0116869 , 0.0116869
0.00885597 , 0.00885597
0.0101572 , 0.0101572
0.00867468 , 0.00867468
0.00846788 , 0.00846788
1 , 1
0.0123071 , 0.0123071
0.00915094 , 0.00915094
0.0108965 , 0.0108965
0.0110361 , 0.0110361
0.00858472 , 0.00858472
0.00988694 , 0.00988694
0.00995327 , 0.00995327
0.0111358 , 0.0111358
1 , 1
0.0114378 , 0.0114378
0.00999005 , 0.00999005
0.00892949 , 0.00892949
0.00857999 , 0.00857999
0.00956353 , 0.00956353
0.00941232 , 0.00941232
0.0127396 , 0.0127396
0.0131455 , 0.0131455
