0.0102777 , 0.0102904
0.0102473 , 0.01026
0.0100105 , 0.0100234
0.00986579 , 0.00987881
0.0100341 , 0.010047
0.0100896 , 0.0101024
0.00984782 , 0.00986086
0.0101182 , 0.010131
0.0100632 , 0.0100761
0.0103426 , 0.0103553
0.0103337 , 0.0103463
0.00978806 , 0.00980115
0.00996586 , 0.0099788
0.00977495 , 0.00978804
0.0101264 , 0.0101392
0.00984632 , 0.00985936
0.0100178 , 0.0100307
0.0107009 , 0.0107133
0.0101987 , 0.0102114
0.00973655 , 0.00974967
0.00981851 , 0.00983157
0.00929143 , 0.00930492
0.00988227 , 0.00989528
0.0101617 , 0.0101745
0.0102697 , 0.0102824
0.0100474 , 0.0100603
0.0102109 , 0.0102236
0.00946403 , 0.00947738
0.0101379 , 0.0101508
0.00999663 , 0.0100096
0.0103815 , 0.0103941
0.0100229 , 0.0100358
0.00990809 , 0.00992108
0.00998878 , 0.0100017
0.0100033 , 0.0100162
0.00937504 , 0.00938846
0.0101498 , 0.0101626
0.0100148 , 0.0100277
0.0101916 , 0.0102044
0.00978836 , 0.00980145
0.010134 , 0.0101468
0.0100729 , 0.0100858
0.00991049 , 0.00992348
0.00985411 , 0.00986714
0.00937591 , 0.00938933
0.00994568 , 0.00995864
0.0100039 , 0.0100168
0.00953586 , 0.00954915
0.00969794 , 0.00971109
0.0097101 , 0.00972325
0.00966948 , 0.00968266
0.00973863 , 0.00975175
0.00985291 , 0.00986594
0.0103673 , 0.0103799
0.009585 , 0.00959824
0.0099743 , 0.00998724
0.0100671 , 0.01008
0.00967215 , 0.00968533
0.00985051 , 0.00986355
0.00912976 , 0.00914339
0.00994508 , 0.00995803
0.00968281 , 0.00969598
0.0101352 , 0.010148
0.00988797 , 0.00990098
0.00986039 , 0.00987342
0.00885187 , 0.00886573
0.0098003 , 0.00981337
0.00982778 , 0.00984083
0.00977763 , 0.00979072
0.00939134 , 0.00940475
0.0099144 , 0.00992738
0.00929896 , 0.00931245
0.00996194 , 0.00997489
0.0100811 , 0.0100939
0.00950768 , 0.00952099
0.00980179 , 0.00981486
0.0105535 , 0.010566
0.00994267 , 0.00995563
0.0102617 , 0.0102744
0.0100405 , 0.0100534
0.00931693 , 0.0093304
0.00994116 , 0.00995412
0.00957586 , 0.00958912
0.00998154 , 0.00999447
0.0100166 , 0.0100295
0.00995351 , 0.00996646
0.0101024 , 0.0101152
0.00969883 , 0.00971198
0.00962719 , 0.0096404
0.00969408 , 0.00970724
0.0100393 , 0.0100521
0.00949653 , 0.00950986
0.0100508 , 0.0100636
0.00958146 , 0.00959471
0.00989518 , 0.00990817
0.0095291 , 0.0095424
0.0101288 , 0.0101416
0.0100371 , 0.01005
0.00948745 , 0.00950078
0.00950621 , 0.00951952
