1 , 1
0.00949695 , 0.00949695
0.0099903 , 0.0099903
0.00940957 , 0.00940957
0.0101568 , 0.0101568
0.00887431 , 0.00887431
0.00847215 , 0.00847215
0.00963783 , 0.00963783
0.0110187 , 0.0110187
0.00890927 , 0.00890927
0.00825654 , 0.00825654
0.0129013 , 0.0129013
0.00910174 , 0.00910174
0.0088614 , 0.0088614
0.010053 , 0.010053
0.00911176 , 0.00911176
0.00934417 , 0.00934417
0.00859032 , 0.00859032
0.0114424 , 0.0114424
0.00963082 , 0.00963082
0.00825946 , 0.00825946
0.012382 , 0.012382
1 , 1
0.010784 , 0.010784
0.00877792 , 0.00877792
1 , 1
0.00947781 , 0.00947781
0.0122658 , 0.0122658
0.0110877 , 0.0110877
1 , 1
0.00968051 , 0.00968051
0.00831303 , 0.00831303
0.0117328 , 0.0117328
0.00845219 , 0.00845219
0.015312 , 0.015312
1 , 1
0.00973181 , 0.00973181
0.00810357 , 0.00810357
0.00897699 , 0.00897699
1 , 1
0.0106449 , 0.0106449
0.0129583 , 0.0129583
0.00921561 , 0.00921561
0.00870638 , 0.00870638
0.00887 , 0.00887
0.0126439 , 0.0126439
0.0103764 , 0.0103764
0.00995557 , 0.00995557
0.00872593 , 0.00872593
0.00821049 , 0.00821049
0.00928698 , 0.00928698
0.00823334 , 0.00823334
1 , 1
1 , 1
0.00907697 , 0.00907697
0.00941566 , 0.00941566
0.00868324 , 0.00868324
0.0137778 , 0.0137778
0.00850258 , 0.00850258
0.0107269 , 0.0107269
0.00856526 , 0.00856526
0.00803866 , 0.00803866
0.0101765 , 0.0101765
0.0107695 , 0.0107695
1 , 1
0.0102267 , 0.0102267
1 , 1
0.0104928 , 0.0104928
0.00971698 , 0.00971698
0.0106185 , 0.0106185
0.00864916 , 0.00864916
0.00974678 , 0.00974678
0.0104452 , 0.0104452
0.0108737 , 0.0108737
0.00814928 , 0.00814928
0.00882328 , 0.00882328
1 , 1
0.00939146 , 0.00939146
0.00826239 , 0.00826239
0.00786995 , 0.00786995
0.00933257 , 0.00933257
1 , 1
0.0101278 , 0.0101278
0.0121929 , 0.0121929
0.0112551 , 0.0112551
0.00997284 , 0.00997284
0.00755409 , 0.00755409
0.00973181 , 0.00973181
0.0107986 , 0.0107986
0.0148622 , 0.0148622
0.00847886 , 0.00847886
0.0129013 , 0.0129013
0.0123036 , 0.0123036
0.00829497 , 0.00829497
0.0120565 , 0.0120565
1 , 1
0.00911176 , 0.00911176
0.00945265 , 0.00945265
0.00892259 , 0.00892259
0.00877385 , 0.00877385
