1 , 1
0.0109251 , 0.0109251
0.0117477 , 0.0117477
0.0103243 , 0.0103243
0.00746631 , 0.00746631
0.00901899 , 0.00901899
0.0143909 , 0.0143909
0.00768932 , 0.00768932
0.010843 , 0.010843
0.0121187 , 0.0121187
0.0115116 , 0.0115116
1 , 1
0.0113077 , 0.0113077
1 , 1
0.0101892 , 0.0101892
0.0102284 , 0.0102284
0.0101013 , 0.0101013
1 , 1
0.00852728 , 0.00852728
0.00860186 , 0.00860186
0.0109464 , 0.0109464
0.0089325 , 0.0089325
0.0125492 , 0.0125492
1 , 1
0.00860636 , 0.00860636
1 , 1
0.0123185 , 0.0123185
0.00909819 , 0.00909819
1 , 1
1 , 1
0.0137157 , 0.0137157
0.0103103 , 0.0103103
1 , 1
0.0152263 , 0.0152263
1 , 1
0.00801376 , 0.00801376
0.00840802 , 0.00840802
1 , 1
1 , 1
0.0105864 , 0.0105864
0.0116419 , 0.0116419
1 , 1
1 , 1
1 , 1
0.0102021 , 0.0102021
0.0118614 , 0.0118614
0.00946475 , 0.00946475
0.0116419 , 0.0116419
1 , 1
0.0101013 , 0.0101013
1 , 1
0.0119845 , 0.0119845
0.0146211 , 0.0146211
0.0110806 , 0.0110806
1 , 1
0.0117477 , 0.0117477
0.00945679 , 0.00945679
0.0107276 , 0.0107276
1 , 1
0.0102418 , 0.0102418
0.0123185 , 0.0123185
0.0082505 , 0.0082505
0.00852301 , 0.00852301
1 , 1
0.0111526 , 0.0111526
0.00927032 , 0.00927032
1 , 1
0.00860636 , 0.00860636
0.00891578 , 0.00891578
0.00983389 , 0.00983389
0.00813406 , 0.00813406
0.00929865 , 0.00929865
0.0096974 , 0.0096974
0.0104574 , 0.0104574
1 , 1
0.00868032 , 0.00868032
0.00845215 , 0.00845215
1 , 1
0.00823633 , 0.00823633
1 , 1
0.0079052 , 0.0079052
0.0107651 , 0.0107651
0.0101635 , 0.0101635
0.0112281 , 0.0112281
0.00758052 , 0.00758052
0.0100891 , 0.0100891
1 , 1
0.0112281 , 0.0112281
1 , 1
0.00797472 , 0.00797472
0.0108631 , 0.0108631
1 , 1
0.0104268 , 0.0104268
0.00883488 , 0.00883488
0.00871386 , 0.00871386
0.0102418 , 0.0102418
1 , 1
1 , 1
1 , 1
1 , 1
