0.00819119 , 0.00819119
0.00999028 , 0.00999028
0.0134103 , 0.0134103
0.010845 , 0.010845
0.00987768 , 0.00987768
0.010355 , 0.010355
1 , 1
0.0116873 , 0.0116873
0.0120678 , 0.0120678
0.00955202 , 0.00955202
0.00826425 , 0.00826425
1 , 1
0.0123413 , 0.0123413
0.0095306 , 0.0095306
0.00918284 , 0.00918284
1 , 1
0.00931386 , 0.00931386
0.00880345 , 0.00880345
0.00866304 , 0.00866304
0.00959586 , 0.00959586
0.00825109 , 0.00825109
0.0117359 , 0.0117359
1 , 1
1 , 1
0.00825546 , 0.00825546
0.0119484 , 0.0119484
0.00978592 , 0.00978592
0.00966422 , 0.00966422
1 , 1
0.00849315 , 0.00849315
1 , 1
1 , 1
0.0113486 , 0.0113486
0.00949905 , 0.00949905
0.00863996 , 0.00863996
0.00822511 , 0.00822511
0.00856197 , 0.00856197
0.00881634 , 0.00881634
1 , 1
1 , 1
1 , 1
0.0119484 , 0.0119484
1 , 1
1 , 1
0.00917452 , 0.00917452
0.00797739 , 0.00797739
1 , 1
0.00954127 , 0.00954127
0.00932304 , 0.00932304
0.0117359 , 0.0117359
1 , 1
0.00826867 , 0.00826867
0.00890991 , 0.00890991
0.0108991 , 0.0108991
1 , 1
0.00969966 , 0.00969966
0.00805914 , 0.00805914
0.00918284 , 0.00918284
0.0103362 , 0.0103362
0.0111386 , 0.0111386
1 , 1
0.0118922 , 0.0118922
1 , 1
1 , 1
0.00858934 , 0.00858934
1 , 1
0.0131233 , 0.0131233
0.0118922 , 0.0118922
0.0111715 , 0.0111715
1 , 1
1 , 1
1 , 1
1 , 1
0.00950949 , 0.00950949
1 , 1
0.0129989 , 0.0129989
1 , 1
0.00936033 , 0.00936033
0.0113486 , 0.0113486
1 , 1
0.0101285 , 0.0101285
0.0113486 , 0.0113486
0.0096526 , 0.0096526
0.00807452 , 0.00807452
0.00753331 , 0.00753331
1 , 1
1 , 1
0.0103932 , 0.0103932
1 , 1
1 , 1
1 , 1
1 , 1
0.00978592 , 0.00978592
0.010647 , 0.010647
0.00987768 , 0.00987768
0.00881634 , 0.00881634
0.0092425 , 0.0092425
1 , 1
1 , 1
1 , 1
