1 , 1
0.015863 , 0.015863
0.00781163 , 0.00781163
1 , 1
1 , 1
0.0108079 , 0.0108079
1 , 1
1 , 1
0.0124606 , 0.0124606
1 , 1
0.010774 , 0.010774
0.0108427 , 0.0108427
1 , 1
0.00710354 , 0.00710354
1 , 1
0.0114534 , 0.0114534
1 , 1
1 , 1
1 , 1
0.00911507 , 0.00911507
1 , 1
0.0105574 , 0.0105574
1 , 1
1 , 1
0.00857376 , 0.00857376
0.00844436 , 0.00844436
1 , 1
1 , 1
1 , 1
1 , 1
0.00975568 , 0.00975568
0.00700435 , 0.00700435
1 , 1
1 , 1
0.00927465 , 0.00927465
1 , 1
0.00919787 , 0.00919787
1 , 1
0.0131996 , 0.0131996
0.00957602 , 0.00957602
1 , 1
1 , 1
1 , 1
0.00935595 , 0.00935595
0.00871657 , 0.00871657
0.00781554 , 0.00781554
1 , 1
0.00939232 , 0.00939232
1 , 1
1 , 1
0.0102507 , 0.0102507
1 , 1
1 , 1
1 , 1
0.00914554 , 0.00914554
0.0100193 , 0.0100193
1 , 1
1 , 1
1 , 1
0.015863 , 0.015863
1 , 1
0.0106461 , 0.0106461
0.00875471 , 0.00875471
0.00920858 , 0.00920858
0.00973978 , 0.00973978
1 , 1
0.00792976 , 0.00792976
1 , 1
1 , 1
0.00708037 , 0.00708037
1 , 1
1 , 1
1 , 1
0.0108079 , 0.0108079
1 , 1
1 , 1
0.00924122 , 0.00924122
0.0122492 , 0.0122492
0.00983806 , 0.00983806
1 , 1
0.00899951 , 0.00899951
1 , 1
1 , 1
0.0110312 , 0.0110312
1 , 1
0.0104474 , 0.0104474
0.0087016 , 0.0087016
0.00761545 , 0.00761545
1 , 1
0.00854025 , 0.00854025
0.0093089 , 0.0093089
0.00657578 , 0.00657578
1 , 1
0.0100585 , 0.0100585
1 , 1
1 , 1
0.00818094 , 0.00818094
1 , 1
0.0103955 , 0.0103955
1 , 1
