1 , 1
1 , 1
0.0120214 , 0.0120214
1 , 1
1 , 1
1 , 1
1 , 1
1 , 1
1 , 1
1 , 1
0.00948726 , 0.00948726
1 , 1
0.00748077 , 0.00748077
1 , 1
0.00972307 , 0.00972307
1 , 1
0.0114062 , 0.0114062
1 , 1
0.011143 , 0.011143
1 , 1
1 , 1
1 , 1
1 , 1
1 , 1
1 , 1
1 , 1
1 , 1
1 , 1
0.0101144 , 0.0101144
1 , 1
1 , 1
0.00734181 , 0.00734181
0.0083713 , 0.0083713
1 , 1
1 , 1
0.00636689 , 0.00636689
1 , 1
1 , 1
0.0115077 , 0.0115077
0.0146518 , 0.0146518
0.00682168 , 0.00682168
0.00977598 , 0.00977598
1 , 1
1 , 1
1 , 1
1 , 1
1 , 1
0.0090235 , 0.0090235
0.0095997 , 0.0095997
1 , 1
0.0084738 , 0.0084738
0.00790438 , 0.00790438
1 , 1
1 , 1
1 , 1
0.0101144 , 0.0101144
1 , 1
1 , 1
1 , 1
0.0108601 , 0.0108601
1 , 1
1 , 1
1 , 1
1 , 1
0.00910052 , 0.00910052
1 , 1
1 , 1
1 , 1
1 , 1
1 , 1
1 , 1
1 , 1
1 , 1
1 , 1
1 , 1
1 , 1
0.0106828 , 0.0106828
1 , 1
1 , 1
1 , 1
0.0113123 , 0.0113123
1 , 1
1 , 1
1 , 1
0.00701308 , 0.00701308
1 , 1
0.0073458 , 0.0073458
1 , 1
1 , 1
1 , 1
1 , 1
1 , 1
1 , 1
0.00880435 , 0.00880435
1 , 1
1 , 1
1 , 1
1 , 1
1 , 1
1 , 1
