0.0103337 , 0.0102342 , 0.0106408
0.0103337 , 0.0103082 , 0.00990085
0.0103337 , 0.0103599 , 0.0107607
0.0103337 , 0.0102427 , 0.00992812
0.0103337 , 0.0106706 , 0.0109748
0.0103337 , 0.0103829 , 0.00992812
0.0103337 , 0.0103168 , 0.0111628
0.0103337 , 0.0103599 , 0.0100659
0.0103337 , 0.0103397 , 0.0103197
0.0103337 , 0.0103082 , 0.0100105
0.0103337 , 0.010505 , 0.0104933
0.0103337 , 0.0103254 , 0.0100105
0.0103337 , 0.0103082 , 0.00992812
0.0103337 , 0.0106646 , 0.0106111
0.0103337 , 0.0104525 , 0.0101777
0.0103337 , 0.0103111 , 0.0103771
0.0103337 , 0.0104495 , 0.010435
0.0103337 , 0.0104089 , 0.0100937
0.0103337 , 0.0103829 , 0.0107005
0.0103337 , 0.0103887 , 0.010435
0.0103337 , 0.0102882 , 0.010435
0.0103337 , 0.0103743 , 0.00998294
0.0103337 , 0.0104525 , 0.00979263
0.0103337 , 0.0101862 , 0.0104641
0.0103337 , 0.0099063 , 0.00979263
0.0103337 , 0.0103397 , 0.0109131
0.0103337 , 0.0103369 , 0.00992812
0.0103337 , 0.010505 , 0.00960658
0.0103337 , 0.0103858 , 0.00958034
0.0103337 , 0.0102882 , 0.0105815
0.0103337 , 0.0105402 , 0.0106408
0.0103337 , 0.0104816 , 0.011037
0.0103337 , 0.0100022 , 0.0114203
0.0103337 , 0.0105314 , 0.0103484
0.0103337 , 0.0100603 , 0.0114531
0.0103337 , 0.0103916 , 0.010435
0.0103337 , 0.0104147 , 0.010552
0.0103337 , 0.0103397 , 0.00973905
0.0103337 , 0.0103283 , 0.010435
0.0103337 , 0.010334 , 0.0110059
0.0103337 , 0.0102997 , 0.00955417
0.0103337 , 0.0103512 , 0.0109439
0.0103337 , 0.0105021 , 0.00995549
0.0103337 , 0.0105021 , 0.0093478
0.0103337 , 0.0102512 , 0.0107306
0.0103337 , 0.0104002 , 0.0104641
0.0103337 , 0.0107065 , 0.0101216
0.0103337 , 0.0103512 , 0.00942459
0.0103337 , 0.0102683 , 0.010406
0.0103337 , 0.0105285 , 0.0108213
0.0103337 , 0.0104408 , 0.0106706
0.0103337 , 0.0104321 , 0.011037
0.0103337 , 0.0103743 , 0.00987366
0.0103337 , 0.0102541 , 0.0111312
0.0103337 , 0.0103656 , 0.0102911
0.0103337 , 0.010406 , 0.00998294
0.0103337 , 0.0103225 , 0.0101496
0.0103337 , 0.0104991 , 0.0107607
0.0103337 , 0.0104118 , 0.0100659
0.0103337 , 0.0103082 , 0.0109439
0.0103337 , 0.0100993 , 0.0100937
0.0103337 , 0.0103743 , 0.0105226
0.0103337 , 0.0102997 , 0.00987366
0.0103337 , 0.0104031 , 0.0103197
0.0103337 , 0.0103111 , 0.0100105
0.0103337 , 0.0106886 , 0.0108824
0.0103337 , 0.010144 , 0.0111312
0.0103337 , 0.0106438 , 0.010406
0.0103337 , 0.0104845 , 0.00979263
0.0103337 , 0.0101918 , 0.0102626
0.0103337 , 0.00996371 , 0.0100937
0.0103337 , 0.0102229 , 0.010552
0.0103337 , 0.0102031 , 0.0107306
0.0103337 , 0.0104787 , 0.0109131
0.0103337 , 0.0102911 , 0.0104933
0.0103337 , 0.0103225 , 0.00981956
0.0103337 , 0.0103225 , 0.0102911
0.0103337 , 0.0102626 , 0.0097658
0.0103337 , 0.0106587 , 0.0101777
0.0103337 , 0.010237 , 0.00987366
0.0103337 , 0.010435 , 0.0103484
0.0103337 , 0.0103656 , 0.0102059
0.0103337 , 0.0106111 , 0.010435
0.0103337 , 0.010334 , 0.0103197
0.0103337 , 0.0102399 , 0.0110683
0.0103337 , 0.0103512 , 0.0101496
0.0103337 , 0.0105109 , 0.0108213
0.0103337 , 0.0104118 , 0.0102059
0.0103337 , 0.0102569 , 0.0106706
0.0103337 , 0.0104962 , 0.00937332
0.0103337 , 0.0105138 , 0.010406
0.0103337 , 0.0104787 , 0.0100937
0.0103337 , 0.0105255 , 0.0106111
0.0103337 , 0.0103743 , 0.00979263
0.0103337 , 0.0103397 , 0.0109439
0.0103337 , 0.0103743 , 0.0103484
0.0103337 , 0.0104263 , 0.0100381
0.0103337 , 0.0105285 , 0.0107005
0.0103337 , 0.0103025 , 0.0109131
0.0103337 , 0.0103685 , 0.0103197
