0.00959538 , 0.00968715 , 0.00969284
0.00959538 , 0.00928983 , 0.00933282
0.00959538 , 0.0095298 , 0.00944154
0.00959538 , 0.009458 , 0.00975
0.00959538 , 0.00957438 , 0.00980765
0.00959538 , 0.00944428 , 0.00972136
0.00959538 , 0.00964746 , 0.00972136
0.00959538 , 0.00958557 , 0.00977876
0.00959538 , 0.00951039 , 0.00992449
0.00959538 , 0.0095437 , 0.00992449
0.00959538 , 0.00957438 , 0.00995402
0.00959538 , 0.00957159 , 0.00972136
0.00959538 , 0.00957159 , 0.00986581
0.00959538 , 0.00965878 , 0.00912059
0.00959538 , 0.00957438 , 0.00969284
0.00959538 , 0.0097903 , 0.00969284
0.00959538 , 0.00960239 , 0.00866647
0.00959538 , 0.00968999 , 0.00995402
0.00959538 , 0.00961082 , 0.00992449
0.00959538 , 0.00967295 , 0.00969284
0.00959538 , 0.0095437 , 0.00969284
0.00959538 , 0.00957718 , 0.00944154
0.00959538 , 0.00927378 , 0.00944154
0.00959538 , 0.00977876 , 0.00966444
0.00959538 , 0.00964746 , 0.00912059
0.00959538 , 0.0095298 , 0.00966444
0.00959538 , 0.00941146 , 0.00896575
0.00959538 , 0.00970423 , 0.0101037
0.00959538 , 0.00960801 , 0.00883941
0.00959538 , 0.00947725 , 0.00969284
0.00959538 , 0.00965595 , 0.00938696
0.00959538 , 0.00954092 , 0.00969284
0.00959538 , 0.00974139 , 0.00963617
0.00959538 , 0.00949933 , 0.00904272
0.00959538 , 0.00942511 , 0.00980765
0.00959538 , 0.00967011 , 0.00963617
0.00959538 , 0.00969853 , 0.00925244
0.00959538 , 0.00958557 , 0.00946899
0.00959538 , 0.00969284 , 0.00941419
0.00959538 , 0.00959117 , 0.00927913
0.00959538 , 0.00987751 , 0.00896575
0.00959538 , 0.00947725 , 0.00972136
0.00959538 , 0.00970993 , 0.00930592
0.00959538 , 0.0095437 , 0.0100434
0.00959538 , 0.00956321 , 0.00938696
0.00959538 , 0.00932474 , 0.00883941
0.00959538 , 0.0097185 , 0.00899131
0.00959538 , 0.00966728 , 0.00906858
0.00959538 , 0.00951316 , 0.00989508
0.00959538 , 0.00956321 , 0.00878954
0.00959538 , 0.0095298 , 0.0103504
0.00959538 , 0.00964464 , 0.00966444
0.00959538 , 0.00947725 , 0.00952425
0.00959538 , 0.0097328 , 0.00914675
0.00959538 , 0.00984831 , 0.00975
0.00959538 , 0.00959117 , 0.00927913
0.00959538 , 0.00946624 , 0.00938696
0.00959538 , 0.00965029 , 0.010134
0.00959538 , 0.00958557 , 0.0101037
0.00959538 , 0.00976149 , 0.0108731
0.00959538 , 0.00990389 , 0.00975
0.00959538 , 0.00948001 , 0.00975
0.00959538 , 0.00966161 , 0.0103819
0.00959538 , 0.00970708 , 0.00955205
0.00959538 , 0.00970993 , 0.00986581
0.00959538 , 0.00944154 , 0.00983667
0.00959538 , 0.00966444 , 0.00933282
0.00959538 , 0.00949656 , 0.00946899
0.00959538 , 0.00970423 , 0.00949656
0.00959538 , 0.00977588 , 0.00966444
0.00959538 , 0.00967862 , 0.00989508
0.00959538 , 0.00956879 , 0.00904272
0.00959538 , 0.00947175 , 0.0101645
0.00959538 , 0.00947175 , 0.00989508
0.00959538 , 0.00963053 , 0.00941419
0.00959538 , 0.00968999 , 0.0100735
0.00959538 , 0.00964181 , 0.00986581
0.00959538 , 0.00966728 , 0.00972136
0.00959538 , 0.00957997 , 0.0102568
0.00959538 , 0.00948001 , 0.0100434
0.00959538 , 0.00981634 , 0.00933282
0.00959538 , 0.00973566 , 0.00975
0.00959538 , 0.00957159 , 0.00995402
0.00959538 , 0.00946899 , 0.00888966
0.00959538 , 0.00969284 , 0.0102878
0.00959538 , 0.00955205 , 0.00992449
0.00959538 , 0.00948828 , 0.00995402
0.00959538 , 0.00962489 , 0.00989508
0.00959538 , 0.00944702 , 0.00957997
0.00959538 , 0.00955484 , 0.00952425
0.00959538 , 0.00944702 , 0.00941419
0.00959538 , 0.00992154 , 0.00927913
0.00959538 , 0.00931936 , 0.00912059
0.00959538 , 0.00970708 , 0.00977876
0.00959538 , 0.00962489 , 0.00935984
0.00959538 , 0.00961082 , 0.00927913
0.00959538 , 0.00970138 , 0.00966444
0.00959538 , 0.00963053 , 0.00874004
0.00959538 , 0.00948552 , 0.00944154
0.00959538 , 0.00940601 , 0.00933282
