0.0101892 , 0.0104376 , 0.0106031
0.0101892 , 0.0110037 , 0.00948221
0.0101892 , 0.0110265 , 0.00538582
0.0101892 , 0.00992833 , 0.0115136
0.0101892 , 0.0094674 , 0.0121275
0.0101892 , 0.00948963 , 0.00852569
0.0101892 , 0.0110341 , 0.0148016
0.0101892 , 0.00980163 , 0.012825
0.0101892 , 0.00983887 , 0.0123592
0.0101892 , 0.0100628 , 0.0118966
0.0101892 , 0.0102949 , 0.00801624
0.0101892 , 0.0103549 , 0.00985377
0.0101892 , 0.0106031 , 0.0120505
0.0101892 , 0.00987613 , 0.0116665
0.0101892 , 0.0111631 , 0.00874522
0.0101892 , 0.0103024 , 0.0111327
0.0101892 , 0.0106936 , 0.0134512
0.0101892 , 0.0103549 , 0.00837974
0.0101892 , 0.0097793 , 0.00801624
0.0101892 , 0.0109052 , 0.011361
0.0101892 , 0.0105429 , 0.00801624
0.0101892 , 0.0108069 , 0.0097793
0.0101892 , 0.0107616 , 0.00823411
0.0101892 , 0.00937855 , 0.0116665
0.0101892 , 0.0107691 , 0.0135298
0.0101892 , 0.00973465 , 0.00889197
0.0101892 , 0.0105203 , 0.0125917
0.0101892 , 0.0112848 , 0.0127471
0.0101892 , 0.01159 , 0.00743871
0.0101892 , 0.00900961 , 0.00985377
0.0101892 , 0.010385 , 0.0112848
0.0101892 , 0.0107616 , 0.0116665
0.0101892 , 0.0113915 , 0.0134512
0.0101892 , 0.00928243 , 0.00985377
0.0101892 , 0.00937855 , 0.0126694
0.0101892 , 0.010175 , 0.0148016
0.0101892 , 0.0103774 , 0.0123592
0.0101892 , 0.00986123 , 0.00992833
0.0101892 , 0.01043 , 0.0120505
0.0101892 , 0.00950445 , 0.00823411
0.0101892 , 0.00992087 , 0.0106785
0.0101892 , 0.0105128 , 0.00874522
0.0101892 , 0.0108145 , 0.00985377
0.0101892 , 0.0102874 , 0.0100777
0.0101892 , 0.0110189 , 0.0122819
0.0101892 , 0.0107465 , 0.00845268
0.0101892 , 0.0100403 , 0.01159
0.0101892 , 0.0103099 , 0.0145613
0.0101892 , 0.00967517 , 0.0104526
0.0101892 , 0.0107842 , 0.00985377
0.0101892 , 0.0109052 , 0.00837974
0.0101892 , 0.00932677 , 0.012825
0.0101892 , 0.0104902 , 0.0105278
0.0101892 , 0.0109961 , 0.0131373
0.0101892 , 0.0108296 , 0.00911271
0.0101892 , 0.0102874 , 0.00918644
0.0101892 , 0.0104451 , 0.0120505
0.0101892 , 0.00958604 , 0.00889197
0.0101892 , 0.00977185 , 0.00992833
0.0101892 , 0.00995818 , 0.012903
0.0101892 , 0.00974209 , 0.00643983
0.0101892 , 0.00934896 , 0.010754
0.0101892 , 0.010981 , 0.0130591
0.0101892 , 0.0101974 , 0.0115136
0.0101892 , 0.00937115 , 0.0130591
0.0101892 , 0.00992833 , 0.00845268
0.0101892 , 0.0110644 , 0.00758263
0.0101892 , 0.00991341 , 0.0103024
0.0101892 , 0.010175 , 0.00933417
0.0101892 , 0.0109128 , 0.0104526
0.0101892 , 0.0104676 , 0.00794378
0.0101892 , 0.0102424 , 0.0130591
0.0101892 , 0.0112924 , 0.0100777
0.0101892 , 0.011613 , 0.0122047
0.0101892 , 0.0105353 , 0.0097793
0.0101892 , 0.0104752 , 0.011361
0.0101892 , 0.0112239 , 0.00837974
0.0101892 , 0.0105353 , 0.00794378
0.0101892 , 0.010573 , 0.00665263
0.0101892 , 0.00972721 , 0.0108296
0.0101892 , 0.0109052 , 0.00933417
0.0101892 , 0.00980163 , 0.00751063
0.0101892 , 0.00881122 , 0.00896547
0.0101892 , 0.0110416 , 0.0076547
0.0101892 , 0.0100254 , 0.0154467
0.0101892 , 0.00993579 , 0.0114372
0.0101892 , 0.00988359 , 0.0111327
0.0101892 , 0.00998057 , 0.00881856
0.0101892 , 0.01016 , 0.00867197
0.0101892 , 0.0107012 , 0.0110568
0.0101892 , 0.0113305 , 0.0143218
0.0101892 , 0.00991341 , 0.00816141
0.0101892 , 0.0097793 , 0.0136086
0.0101892 , 0.0110037 , 0.0116665
0.0101892 , 0.0094674 , 0.00859879
0.0101892 , 0.00951186 , 0.0103024
0.0101892 , 0.00977185 , 0.00926026
0.0101892 , 0.0102649 , 0.0108296
0.0101892 , 0.00917907 , 0.00948221
0.0101892 , 0.00929721 , 0.00808879
