0.00995512 , 0.0101362 , 0.00976364
0.00996913 , 0.0100272 , 0.00969967
0.00983683 , 0.00988069 , 0.00951208
0.0094397 , 0.00963643 , 0.00933064
0.00998049 , 0.00997013 , 0.0109425
0.0101462 , 0.010202 , 0.00992689
0.00906463 , 0.00911189 , 0.00909761
0.00999792 , 0.0099902 , 0.0101638
0.010245 , 0.0103431 , 0.0104477
0.0100903 , 0.0100543 , 0.0100951
0.0103463 , 0.0104404 , 0.0104477
0.0102034 , 0.0101916 , 0.0104477
0.00969459 , 0.00955838 , 0.00906916
0.0108728 , 0.0106365 , 0.0111041
0.0102177 , 0.0102264 , 0.0104842
0.00933183 , 0.00932172 , 0.00957391
0.00914114 , 0.00908906 , 0.00960508
0.00989056 , 0.00986101 , 0.00999356
0.00918994 , 0.00914344 , 0.00954291
0.0106027 , 0.0104223 , 0.00976364
0.00975882 , 0.0096648 , 0.00890147
0.00960696 , 0.00947837 , 0.00973157
0.00987609 , 0.00970922 , 0.0100272
0.00950348 , 0.00944486 , 0.00927146
0.00961478 , 0.00960821 , 0.00915496
0.0102415 , 0.0103969 , 0.0109028
0.00990869 , 0.00983814 , 0.00989385
0.00990935 , 0.00986101 , 0.0101294
0.00997982 , 0.0100036 , 0.00933064
0.0106245 , 0.0107392 , 0.011486
0.0105695 , 0.0103288 , 0.010061
0.00952193 , 0.00958636 , 0.0092421
0.0103743 , 0.0104586 , 0.0107086
0.0102841 , 0.0103253 , 0.0103753
0.0102038 , 0.010007 , 0.0102334
0.00976654 , 0.0097733 , 0.00982836
0.0101669 , 0.0102686 , 0.0105953
0.0101919 , 0.0103646 , 0.0101294
0.0102541 , 0.0102195 , 0.0103753
0.00920446 , 0.00906066 , 0.0089568
0.0107388 , 0.0110146 , 0.0112706
0.00962607 , 0.00961134 , 0.0092421
0.01074 , 0.0107584 , 0.00982836
0.00989747 , 0.00995679 , 0.00996012
0.00968601 , 0.00971241 , 0.0109028
0.0102482 , 0.0102545 , 0.0111452
0.0102058 , 0.0101812 , 0.0102334
0.0100801 , 0.00983162 , 0.0101985
0.0103775 , 0.0104042 , 0.0102334
0.00939648 , 0.00940552 , 0.00898468
0.0101064 , 0.0100272 , 0.0103039
0.00925676 , 0.0092597 , 0.00933064
0.00975593 , 0.00978621 , 0.00930097
0.0108783 , 0.0108713 , 0.0109425
0.0100171 , 0.00991695 , 0.00996012
0.00969904 , 0.00981211 , 0.00969967
0.0106147 , 0.010521 , 0.0109425
0.00995945 , 0.0100036 , 0.00979591
0.00949305 , 0.00957391 , 0.00942062
0.0109832 , 0.0109905 , 0.0109028
0.0101895 , 0.0103825 , 0.0109425
0.0101012 , 0.0100137 , 0.0103753
0.0101235 , 0.00996012 , 0.00951208
0.00951885 , 0.0094906 , 0.0092129
0.00912965 , 0.00904086 , 0.00825273
0.0101445 , 0.0101985 , 0.010558
0.00954971 , 0.00941155 , 0.00930097
0.0100648 , 0.0100644 , 0.00989385
0.00914229 , 0.00919545 , 0.00868549
0.010511 , 0.010599 , 0.0102334
0.00900063 , 0.00899307 , 0.00936047
0.0101504 , 0.0100543 , 0.00999356
0.00973253 , 0.00988398 , 0.00957391
0.0108294 , 0.0106403 , 0.0109028
0.0105383 , 0.0105469 , 0.00999356
0.00945672 , 0.00946311 , 0.00868549
0.0103905 , 0.0104879 , 0.0107086
0.0102415 , 0.0103004 , 0.010558
0.0103367 , 0.0100746 , 0.00996012
0.0101187 , 0.0101673 , 0.00957391
0.00998685 , 0.0101362 , 0.00948142
0.0101884 , 0.0101881 , 0.0107469
0.0100651 , 0.0100339 , 0.0112706
0.00976364 , 0.00993352 , 0.00951208
0.00996946 , 0.00994016 , 0.00986101
0.00988858 , 0.00981211 , 0.00957391
0.00965817 , 0.00968379 , 0.0103039
0.00938205 , 0.00964272 , 0.00973157
0.0109772 , 0.0107971 , 0.0104842
0.0100363 , 0.00991034 , 0.00966796
0.00967397 , 0.00976686 , 0.00963643
0.0104313 , 0.0103753 , 0.0117101
0.00977814 , 0.00979591 , 0.00976364
0.0105287 , 0.0104696 , 0.0109824
0.0101798 , 0.0101259 , 0.00948142
0.00976461 , 0.00963015 , 0.00982836
0.00980368 , 0.00976043 , 0.00898468
0.0109167 , 0.0106781 , 0.0106328
0.00933242 , 0.00931578 , 0.00979591
0.0102608 , 0.0102334 , 0.0100951
