0.00922401 , 0.00934579 , 0.00945549
0.00922401 , 0.00947286 , 0.0094903
0.00922401 , 0.00924851 , 0.00918585
0.00922401 , 0.00902479 , 0.00992929
0.00922401 , 0.00921872 , 0.00905656
0.00922401 , 0.00913371 , 0.00925183
0.00922401 , 0.00922202 , 0.00845827
0.00922401 , 0.00917276 , 0.00908856
0.00922401 , 0.00936616 , 0.00868861
0.00922401 , 0.00915319 , 0.00883847
0.00922401 , 0.00941749 , 0.00942093
0.00922401 , 0.00913695 , 0.00989111
0.00922401 , 0.0091924 , 0.00921872
0.00922401 , 0.00929187 , 0.00963216
0.00922401 , 0.00928183 , 0.00931875
0.00922401 , 0.00945549 , 0.00854334
0.00922401 , 0.00922533 , 0.0096683
0.00922401 , 0.00922202 , 0.00908856
0.00922401 , 0.00921872 , 0.00899322
0.00922401 , 0.00910463 , 0.00935257
0.00922401 , 0.00915645 , 0.0094903
0.00922401 , 0.00924519 , 0.00880812
0.00922401 , 0.00920226 , 0.00905656
0.00922401 , 0.00937297 , 0.00902479
0.00922401 , 0.00921872 , 0.00912076
0.00922401 , 0.00931202 , 0.00912076
0.00922401 , 0.00910785 , 0.00883847
0.00922401 , 0.00918257 , 0.00921872
0.00922401 , 0.00922533 , 0.00905656
0.00922401 , 0.00923525 , 0.00883847
0.00922401 , 0.00922863 , 0.0095607
0.00922401 , 0.00943128 , 0.00915319
0.00922401 , 0.0090153 , 0.00945549
0.00922401 , 0.00943473 , 0.00896186
0.00922401 , 0.00909498 , 0.00942093
0.00922401 , 0.00921872 , 0.00908856
0.00922401 , 0.00913047 , 0.00942093
0.00922401 , 0.009124 , 0.0094903
0.00922401 , 0.00929522 , 0.00908856
0.00922401 , 0.00913695 , 0.00915319
0.00922401 , 0.00920884 , 0.00921872
0.00922401 , 0.00936616 , 0.00908856
0.00922401 , 0.00905975 , 0.00915319
0.00922401 , 0.00933563 , 0.00935257
0.00922401 , 0.0094451 , 0.00912076
0.00922401 , 0.00921543 , 0.00871821
0.00922401 , 0.00899008 , 0.00928517
0.00922401 , 0.00924519 , 0.00935257
0.00922401 , 0.00906933 , 0.0086592
0.00922401 , 0.00909819 , 0.00921872
0.00922401 , 0.00908856 , 0.0096683
0.00922401 , 0.00931875 , 0.00880812
0.00922401 , 0.00921213 , 0.00952537
0.00922401 , 0.00935257 , 0.00857204
0.00922401 , 0.00912076 , 0.00989111
0.00922401 , 0.00919897 , 0.00945549
0.00922401 , 0.00928852 , 0.00880812
0.00922401 , 0.00939347 , 0.00942093
0.00922401 , 0.00920554 , 0.00889977
0.00922401 , 0.00906614 , 0.00928517
0.00922401 , 0.00925848 , 0.00915319
0.00922401 , 0.00929187 , 0.00896186
0.00922401 , 0.00920554 , 0.00905656
0.00922401 , 0.00916623 , 0.00902479
0.00922401 , 0.0093798 , 0.0096683
0.00922401 , 0.0091143 , 0.00908856
0.00922401 , 0.00946938 , 0.00945549
0.00922401 , 0.00931202 , 0.00883847
0.00922401 , 0.00910785 , 0.00952537
0.00922401 , 0.00922202 , 0.0101249
0.00922401 , 0.00913695 , 0.00880812
0.00922401 , 0.0091924 , 0.0100457
0.00922401 , 0.00935596 , 0.00915319
0.00922401 , 0.00917603 , 0.00970471
0.00922401 , 0.00914344 , 0.00925183
0.00922401 , 0.00920226 , 0.00918585
0.00922401 , 0.00923525 , 0.00905656
0.00922401 , 0.00942093 , 0.00925183
0.00922401 , 0.00925516 , 0.00886902
0.00922401 , 0.00904701 , 0.00970471
0.00922401 , 0.00909177 , 0.00918585
0.00922401 , 0.00933225 , 0.00912076
0.00922401 , 0.0090343 , 0.0094903
0.00922401 , 0.00900582 , 0.00992929
0.00922401 , 0.00929858 , 0.00902479
0.00922401 , 0.00924851 , 0.0086592
0.00922401 , 0.00914344 , 0.00918585
0.00922401 , 0.00929858 , 0.00902479
0.00922401 , 0.00929187 , 0.00921872
0.00922401 , 0.00919568 , 0.00854334
0.00922401 , 0.00913371 , 0.00977839
0.00922401 , 0.00933563 , 0.00893071
0.00922401 , 0.00923194 , 0.00938663
0.00922401 , 0.00931202 , 0.00985324
0.00922401 , 0.00912723 , 0.00963216
0.00922401 , 0.00910785 , 0.00899322
0.00922401 , 0.009124 , 0.00877796
0.00922401 , 0.00927181 , 0.00935257
0.00922401 , 0.00924188 , 0.0086592
0.00922401 , 0.0091924 , 0.00883847
