0.00980311 , 0.00999212 , 0.00919252
0.00980311 , 0.0101275 , 0.0100756
0.00980311 , 0.00975989 , 0.0100756
0.00980311 , 0.0096316 , 0.00998294
0.00980311 , 0.00984767 , 0.0103669
0.00980311 , 0.0097296 , 0.0110191
0.00980311 , 0.00991476 , 0.00926897
0.00980311 , 0.00957722 , 0.00993736
0.00980311 , 0.00990575 , 0.00984767
0.00980311 , 0.00992378 , 0.0095897
0.00980311 , 0.0100105 , 0.0105731
0.00980311 , 0.0097296 , 0.0101705
0.00980311 , 0.00975555 , 0.0103669
0.00980311 , 0.00976858 , 0.00967392
0.00980311 , 0.00974255 , 0.0101705
0.00980311 , 0.0097296 , 0.00993736
0.00980311 , 0.0100476 , 0.00975989
0.00980311 , 0.0100105 , 0.00967392
0.00980311 , 0.00989227 , 0.00911745
0.00980311 , 0.00980794 , 0.0094665
0.00980311 , 0.00965694 , 0.0104175
0.00980311 , 0.00975989 , 0.00954823
0.00980311 , 0.00984767 , 0.0102187
0.00980311 , 0.00980794 , 0.00980355
0.00980311 , 0.0099419 , 0.00934686
0.00980311 , 0.00986546 , 0.010903
0.00980311 , 0.00963581 , 0.0100756
0.00980311 , 0.00968244 , 0.00989227
0.00980311 , 0.00987438 , 0.0107901
0.00980311 , 0.00961899 , 0.00900734
0.00980311 , 0.00984767 , 0.0105205
0.00980311 , 0.00981234 , 0.0101705
0.00980311 , 0.00986546 , 0.00998294
0.00980311 , 0.00978603 , 0.0102675
0.00980311 , 0.00974255 , 0.00989227
0.00980311 , 0.00997836 , 0.00897128
0.00980311 , 0.00968244 , 0.0105731
0.00980311 , 0.0097904 , 0.00993736
0.00980311 , 0.00984324 , 0.00998294
0.00980311 , 0.0097773 , 0.00984767
0.00980311 , 0.00994644 , 0.00954823
0.00980311 , 0.00982997 , 0.00984767
0.00980311 , 0.00999212 , 0.00954823
0.00980311 , 0.0100616 , 0.00998294
0.00980311 , 0.00969097 , 0.0094665
0.00980311 , 0.00987438 , 0.0105731
0.00980311 , 0.00977294 , 0.00954823
0.00980311 , 0.0096867 , 0.0104175
0.00980311 , 0.00999672 , 0.00967392
0.00980311 , 0.00968244 , 0.00980355
0.00980311 , 0.00965694 , 0.00930773
0.00980311 , 0.00964003 , 0.0101705
0.00980311 , 0.00987884 , 0.0100756
0.00980311 , 0.00964425 , 0.0094665
0.00980311 , 0.00991025 , 0.00998294
0.00980311 , 0.0097904 , 0.00911745
0.00980311 , 0.00991476 , 0.00967392
0.00980311 , 0.00971668 , 0.00998294
0.00980311 , 0.0099283 , 0.0095897
0.00980311 , 0.00981234 , 0.0105205
0.00980311 , 0.00991025 , 0.00993736
0.00980311 , 0.00979478 , 0.00998294
0.00980311 , 0.00996009 , 0.0101705
0.00980311 , 0.0100198 , 0.00989227
0.00980311 , 0.00971239 , 0.00942623
0.00980311 , 0.0101039 , 0.00967392
0.00980311 , 0.00973823 , 0.00886493
0.00980311 , 0.0100616 , 0.00980355
0.00980311 , 0.00979478 , 0.00989227
0.00980311 , 0.00992378 , 0.00934686
0.00980311 , 0.00976858 , 0.0101228
0.00980311 , 0.00982555 , 0.00923057
0.00980311 , 0.00990125 , 0.0102187
0.00980311 , 0.00967818 , 0.00998294
0.00980311 , 0.00999672 , 0.0095897
0.00980311 , 0.00979916 , 0.00967392
0.00980311 , 0.0100059 , 0.0102675
0.00980311 , 0.00964003 , 0.0096316
0.00980311 , 0.00977294 , 0.00971668
0.00980311 , 0.0095897 , 0.00980355
0.00980311 , 0.00964848 , 0.0096316
0.00980311 , 0.00986991 , 0.00975989
0.00980311 , 0.00962319 , 0.0104687
0.00980311 , 0.0096867 , 0.00923057
0.00980311 , 0.00977294 , 0.00876125
0.00980311 , 0.010029 , 0.00926897
0.00980311 , 0.00988779 , 0.0103669
0.00980311 , 0.00999672 , 0.00926897
0.00980311 , 0.00980794 , 0.0103669
0.00980311 , 0.0100337 , 0.0105205
0.00980311 , 0.0095441 , 0.0101705
0.00980311 , 0.00993736 , 0.0104175
0.00980311 , 0.00976423 , 0.00967392
0.00980311 , 0.00995553 , 0.00915482
0.00980311 , 0.00965694 , 0.00926897
0.00980311 , 0.00969097 , 0.00998294
0.00980311 , 0.00986546 , 0.0096316
0.00980311 , 0.00988332 , 0.0096316
0.00980311 , 0.00997379 , 0.00980355
0.00980311 , 0.00967818 , 0.00971668
