0.0100032 , 0.0100332 , 0.00985354
0.0100032 , 0.00971788 , 0.0100725
0.0100032 , 0.0101581 , 0.0104275
0.0100032 , 0.00987486 , 0.0101871
0.0100032 , 0.00998886 , 0.0108205
0.0100032 , 0.0101639 , 0.0111835
0.0100032 , 0.0100165 , 0.0101294
0.0100032 , 0.01005 , 0.00980077
0.0100032 , 0.00969236 , 0.0104902
0.0100032 , 0.0100613 , 0.0100725
0.0100032 , 0.00999438 , 0.00969745
0.0100032 , 0.0101351 , 0.0103659
0.0100032 , 0.00987486 , 0.00949912
0.0100032 , 0.00979553 , 0.0100165
0.0100032 , 0.00994501 , 0.0100725
0.0100032 , 0.00997785 , 0.010752
0.0100032 , 0.00995047 , 0.0100165
0.0100032 , 0.00975391 , 0.0103659
0.0100032 , 0.00993957 , 0.0104275
0.0100032 , 0.00986418 , 0.00985354
0.0100032 , 0.01005 , 0.0101294
0.0100032 , 0.0100951 , 0.00964686
0.0100032 , 0.0101581 , 0.00964686
0.0100032 , 0.0100444 , 0.00990707
0.0100032 , 0.00991787 , 0.0104275
0.0100032 , 0.0100556 , 0.0101871
0.0100032 , 0.0101466 , 0.0106188
0.0100032 , 0.0100054 , 0.0101871
0.0100032 , 0.0101408 , 0.0105539
0.0100032 , 0.0101294 , 0.00969745
0.0100032 , 0.00998886 , 0.0105539
0.0100032 , 0.0101987 , 0.00990707
0.0100032 , 0.00986951 , 0.0105539
0.0100032 , 0.0101236 , 0.00926535
0.0100032 , 0.00980601 , 0.0100165
0.0100032 , 0.00990707 , 0.0104275
0.0100032 , 0.0101466 , 0.00964686
0.0100032 , 0.00997785 , 0.0108205
0.0100032 , 0.00982178 , 0.00985354
0.0100032 , 0.00990168 , 0.00908846
0.0100032 , 0.00971276 , 0.0105539
0.0100032 , 0.0102104 , 0.00964686
0.0100032 , 0.00975391 , 0.0108205
0.0100032 , 0.00982706 , 0.0101294
0.0100032 , 0.0103416 , 0.0101871
0.0100032 , 0.0102457 , 0.0104275
0.0100032 , 0.00975391 , 0.0101294
0.0100032 , 0.0101408 , 0.0102457
0.0100032 , 0.0101929 , 0.0102457
0.0100032 , 0.0101179 , 0.0104902
0.0100032 , 0.0101351 , 0.0099614
0.0100032 , 0.00988556 , 0.00954771
0.0100032 , 0.0100556 , 0.00935709
0.0100032 , 0.0103114 , 0.0103054
0.0100032 , 0.00991787 , 0.00949912
0.0100032 , 0.0101697 , 0.00985354
0.0100032 , 0.00996687 , 0.0101871
0.0100032 , 0.00994501 , 0.0101294
0.0100032 , 0.0101122 , 0.00985354
0.0100032 , 0.00998886 , 0.00980077
0.0100032 , 0.00999438 , 0.0100165
0.0100032 , 0.00991787 , 0.0103659
0.0100032 , 0.0100951 , 0.0108205
0.0100032 , 0.0100669 , 0.0102457
0.0100032 , 0.0100669 , 0.00949912
0.0100032 , 0.0097903 , 0.0104902
0.0100032 , 0.0101755 , 0.0113393
0.0100032 , 0.00987486 , 0.00990707
0.0100032 , 0.00988556 , 0.0100725
0.0100032 , 0.00991787 , 0.0103659
0.0100032 , 0.00994501 , 0.011034
0.0100032 , 0.0101581 , 0.00985354
0.0100032 , 0.00993957 , 0.0106188
0.0100032 , 0.00978508 , 0.0100165
0.0100032 , 0.0101755 , 0.00926535
0.0100032 , 0.0101008 , 0.0102457
0.0100032 , 0.0100669 , 0.00922033
0.0100032 , 0.0102281 , 0.0104902
0.0100032 , 0.0098963 , 0.00980077
0.0100032 , 0.0101639 , 0.00959695
0.0100032 , 0.00991787 , 0.00954771
0.0100032 , 0.0100221 , 0.0111835
0.0100032 , 0.0100277 , 0.0101294
0.0100032 , 0.0102814 , 0.0100165
0.0100032 , 0.0100725 , 0.00940383
0.0100032 , 0.00999991 , 0.00945116
0.0100032 , 0.0102576 , 0.0100725
0.0100032 , 0.0102398 , 0.0106188
0.0100032 , 0.0101179 , 0.00949912
0.0100032 , 0.00987486 , 0.0106188
0.0100032 , 0.0101294 , 0.0099614
0.0100032 , 0.00994501 , 0.0101871
0.0100032 , 0.00998886 , 0.0103054
0.0100032 , 0.00991787 , 0.00959695
0.0100032 , 0.0100669 , 0.00985354
0.0100032 , 0.00988021 , 0.0108903
0.0100032 , 0.0100165 , 0.00935709
0.0100032 , 0.00980601 , 0.010752
0.0100032 , 0.00976947 , 0.0100165
0.0100032 , 0.0102934 , 0.0103659
