0.0099786 , 0.00983853 , 0.0104337
0.00999468 , 0.00978765 , 0.011208
0.0105852 , 0.0105747 , 0.0118478
0.00978197 , 0.00978765 , 0.0104337
0.00961789 , 0.00964558 , 0.0100708
0.0100122 , 0.0101614 , 0.0110196
0.0115671 , 0.0116315 , 0.0102837
0.0101678 , 0.0102256 , 0.009562
0.00946041 , 0.009562 , 0.00906985
0.010812 , 0.0108588 , 0.0102837
0.00938355 , 0.00922059 , 0.00917307
0.0103154 , 0.0105035 , 0.0102837
0.00994865 , 0.0102984 , 0.00993608
0.0102048 , 0.0101473 , 0.0115124
0.0103295 , 0.0103729 , 0.0102112
0.00993608 , 0.0100708 , 0.00962149
0.00979776 , 0.00979397 , 0.0100028
0.0105997 , 0.0103058 , 0.011208
0.0104591 , 0.0104184 , 0.00980664
0.010516 , 0.01024 , 0.0105113
0.0105223 , 0.0106069 , 0.0107557
0.0119299 , 0.0118127 , 0.0123554
0.00993806 , 0.00991634 , 0.00980664
0.00956968 , 0.00955611 , 0.0105908
0.0102242 , 0.0102618 , 0.009562
0.0098889 , 0.00981299 , 0.009562
0.0104676 , 0.0104491 , 0.0102837
0.0108588 , 0.0105429 , 0.0106722
0.010068 , 0.00996925 , 0.00917307
0.00994865 , 0.00976877 , 0.0100028
0.00937072 , 0.00940653 , 0.00962149
0.00965891 , 0.00977505 , 0.00993608
0.00993542 , 0.0102545 , 0.00974376
0.00982829 , 0.00996259 , 0.00962149
0.0104692 , 0.0105747 , 0.0105113
0.0108483 , 0.0108588 , 0.0104337
0.00952448 , 0.00983212 , 0.00944614
0.0120453 , 0.01213 , 0.0116205
0.00937574 , 0.009492 , 0.0100028
0.0104085 , 0.0104184 , 0.0111125
0.0104437 , 0.0105271 , 0.0108414
0.00993674 , 0.0100366 , 0.0102837
0.0104032 , 0.010426 , 0.0108414
0.0095934 , 0.00946899 , 0.00906985
0.0101635 , 0.0102911 , 0.0105113
0.0112935 , 0.0113567 , 0.0117322
0.00991831 , 0.0101473 , 0.0105908
0.00992159 , 0.0101756 , 0.0100708
0.0102867 , 0.0101827 , 0.00968206
0.00924086 , 0.00923658 , 0.00927961
0.0100908 , 0.00984494 , 0.0103579
0.00986362 , 0.00992291 , 0.00980664
0.0104614 , 0.0100915 , 0.0100028
0.0114109 , 0.0116315 , 0.0118478
0.00915947 , 0.00906477 , 0.00887257
0.00984302 , 0.00978765 , 0.0104337
0.0113986 , 0.0119432 , 0.0111125
0.0102098 , 0.0103804 , 0.0106722
0.00978386 , 0.00975 , 0.0100028
0.00989671 , 0.00990978 , 0.0103579
0.00965406 , 0.00955023 , 0.0110196
0.0100832 , 0.0100434 , 0.0100708
0.00903798 , 0.00910561 , 0.009562
0.0105129 , 0.0105113 , 0.0105908
0.00940541 , 0.00936739 , 0.00864141
0.00945298 , 0.00924193 , 0.00968206
0.00911229 , 0.00920997 , 0.00917307
0.00984237 , 0.00978765 , 0.00968206
0.0110472 , 0.0110657 , 0.0116205
0.010646 , 0.0107137 , 0.0107557
0.00917359 , 0.00938411 , 0.00855328
0.0106946 , 0.0109741 , 0.0107557
0.009806 , 0.00978765 , 0.00968206
0.0102815 , 0.0105192 , 0.00968206
0.00993212 , 0.00984494 , 0.0100028
0.0105019 , 0.010388 , 0.0106722
0.00982318 , 0.0100028 , 0.00968206
0.0101487 , 0.0100502 , 0.0101403
0.0100028 , 0.0102112 , 0.0103579
0.00920785 , 0.00902442 , 0.00873195
0.0103812 , 0.0102984 , 0.00968206
0.0101487 , 0.010023 , 0.0101403
0.0103058 , 0.0101123 , 0.0100708
0.00942571 , 0.00927961 , 0.0093342
0.0107914 , 0.0108414 , 0.0103579
0.00930243 , 0.00913139 , 0.0093897
0.00959876 , 0.00950936 , 0.009562
0.0111285 , 0.0112569 , 0.00993608
0.0100135 , 0.0102911 , 0.00950357
0.0102285 , 0.0101827 , 0.0104337
0.0100135 , 0.00994931 , 0.00993608
0.0100061 , 0.00982573 , 0.00974376
0.00958626 , 0.00947473 , 0.00968206
0.0108223 , 0.0112667 , 0.0100708
0.00928016 , 0.00923125 , 0.00917307
0.0104506 , 0.0104568 , 0.0114078
0.00887065 , 0.00863695 , 0.00830213
0.0105636 , 0.0106558 , 0.0104337
0.0107045 , 0.0104645 , 0.0119675
0.00905868 , 0.00900443 , 0.00912106
