0.0101323 , 0.00984254 , 0.011917
0.0101323 , 0.0101474 , 0.00866761
0.0101323 , 0.00964654 , 0.00850322
0.0101323 , 0.00979129 , 0.0104465
0.0101323 , 0.00959984 , 0.0101
0.0101323 , 0.0102209 , 0.0104901
0.0101323 , 0.0100526 , 0.00950243
0.0101323 , 0.0103595 , 0.0103161
0.0101323 , 0.0104858 , 0.00992813
0.0101323 , 0.00918264 , 0.00933372
0.0101323 , 0.0105119 , 0.00971457
0.0101323 , 0.0103031 , 0.0101431
0.0101323 , 0.0102815 , 0.0105338
0.0101323 , 0.010182 , 0.00866761
0.0101323 , 0.0102468 , 0.0102295
0.0101323 , 0.00998818 , 0.0108409
0.0101323 , 0.0100054 , 0.00838047
0.0101323 , 0.0100225 , 0.010403
0.0101323 , 0.0100397 , 0.0082989
0.0101323 , 0.010182 , 0.0107089
0.0101323 , 0.0104683 , 0.0110178
0.0101323 , 0.01039 , 0.00984254
0.0101323 , 0.00992813 , 0.0100569
0.0101323 , 0.01039 , 0.0107089
0.0101323 , 0.0095956 , 0.0107529
0.0101323 , 0.0104727 , 0.0109735
0.0101323 , 0.00976143 , 0.0104901
0.0101323 , 0.0103639 , 0.0106212
0.0101323 , 0.0100311 , 0.0098853
0.0101323 , 0.0102555 , 0.00908231
0.0101323 , 0.0103726 , 0.0109292
0.0101323 , 0.0104945 , 0.0123762
0.0101323 , 0.010044 , 0.00954475
0.0101323 , 0.0102815 , 0.0116898
0.0101323 , 0.010182 , 0.0098853
0.0101323 , 0.0102382 , 0.00854424
0.0101323 , 0.0101086 , 0.0111066
0.0101323 , 0.0100957 , 0.00941797
0.0101323 , 0.00955322 , 0.0103161
0.0101323 , 0.0102165 , 0.0102295
0.0101323 , 0.0105643 , 0.0107529
0.0101323 , 0.00987247 , 0.00962955
0.0101323 , 0.0102641 , 0.0109292
0.0101323 , 0.0100785 , 0.0101431
0.0101323 , 0.0100354 , 0.00967203
0.0101323 , 0.0101604 , 0.00838047
0.0101323 , 0.00979982 , 0.0103595
0.0101323 , 0.0100656 , 0.0105338
0.0101323 , 0.00985108 , 0.00821754
0.0101323 , 0.010182 , 0.00997101
0.0101323 , 0.00986819 , 0.0103595
0.0101323 , 0.00984254 , 0.00967203
0.0101323 , 0.0104465 , 0.0103161
0.0101323 , 0.0102641 , 0.00916589
0.0101323 , 0.0103987 , 0.0100569
0.0101323 , 0.0105076 , 0.00954475
0.0101323 , 0.0100871 , 0.00929168
0.0101323 , 0.0106606 , 0.0117351
0.0101323 , 0.0104335 , 0.00941797
0.0101323 , 0.00986391 , 0.0111066
0.0101323 , 0.0106694 , 0.00916589
0.0101323 , 0.0101388 , 0.00967203
0.0101323 , 0.0106431 , 0.00912407
0.0101323 , 0.0098853 , 0.00883285
0.0101323 , 0.0101172 , 0.00887429
0.0101323 , 0.0103248 , 0.0104465
0.0101323 , 0.0102988 , 0.0104901
0.0101323 , 0.010477 , 0.0101
0.0101323 , 0.00977849 , 0.0110621
0.0101323 , 0.0102598 , 0.00813638
0.0101323 , 0.0103856 , 0.0107529
0.0101323 , 0.0100656 , 0.00866761
0.0101323 , 0.0100054 , 0.00929168
0.0101323 , 0.0103509 , 0.0092497
0.0101323 , 0.00955745 , 0.0100139
0.0101323 , 0.0102858 , 0.0103595
0.0101323 , 0.00966353 , 0.00979982
0.0101323 , 0.0100397 , 0.00929168
0.0101323 , 0.0107572 , 0.0109735
0.0101323 , 0.0102209 , 0.00846225
0.0101323 , 0.0101431 , 0.0101863
0.0101323 , 0.0100957 , 0.00958712
0.0101323 , 0.0106212 , 0.00979982
0.0101323 , 0.0100097 , 0.00941797
0.0101323 , 0.0100526 , 0.0104901
0.0101323 , 0.00986391 , 0.00997101
0.0101323 , 0.00999677 , 0.00862643
0.0101323 , 0.00968479 , 0.0123762
0.0101323 , 0.0099753 , 0.0109735
0.0101323 , 0.00967203 , 0.0101863
0.0101323 , 0.00924131 , 0.0101431
0.0101323 , 0.010525 , 0.0100139
0.0101323 , 0.0101215 , 0.0109292
0.0101323 , 0.00962955 , 0.00958712
0.0101323 , 0.0102468 , 0.00813638
0.0101323 , 0.0109867 , 0.0103161
0.0101323 , 0.00951089 , 0.00937582
0.0101323 , 0.00991527 , 0.00933372
0.0101323 , 0.010477 , 0.00717814
0.0101323 , 0.0100011 , 0.00821754
