0.0097858 , 0.0100396 , 0.0109986
0.0097858 , 0.00971426 , 0.0109986
0.0097858 , 0.00966207 , 0.00963265
0.0097858 , 0.00995694 , 0.00928725
0.0097858 , 0.00985278 , 0.0094207
0.0097858 , 0.00995694 , 0.0108855
0.0097858 , 0.00990041 , 0.00963265
0.0097858 , 0.00983707 , 0.00928725
0.0097858 , 0.0097445 , 0.00956033
0.0097858 , 0.00963998 , 0.0101943
0.0097858 , 0.00985278 , 0.00915947
0.0097858 , 0.00976738 , 0.0106713
0.0097858 , 0.00985278 , 0.0094897
0.0097858 , 0.0100229 , 0.00963265
0.0097858 , 0.00966207 , 0.0094207
0.0097858 , 0.00982144 , 0.0094207
0.0097858 , 0.0097521 , 0.0100229
0.0097858 , 0.0100818 , 0.00909756
0.0097858 , 0.00957465 , 0.0101943
0.0097858 , 0.00981366 , 0.0111162
0.0097858 , 0.0100396 , 0.0100229
0.0097858 , 0.00993258 , 0.00970675
0.0097858 , 0.00985278 , 0.0103762
0.0097858 , 0.00984491 , 0.0094897
0.0097858 , 0.0100733 , 0.0094897
0.0097858 , 0.00969926 , 0.0101943
0.0097858 , 0.00984491 , 0.0101943
0.0097858 , 0.00963265 , 0.00970675
0.0097858 , 0.00982144 , 0.00963265
0.0097858 , 0.0097445 , 0.00915947
0.0097858 , 0.00981366 , 0.00963265
0.0097858 , 0.0099815 , 0.00897743
0.0097858 , 0.00986067 , 0.00994068
0.0097858 , 0.00963998 , 0.00909756
0.0097858 , 0.00958905 , 0.00956033
0.0097858 , 0.00968433 , 0.0094207
0.0097858 , 0.00982144 , 0.00956033
0.0097858 , 0.00979815 , 0.00978272
0.0097858 , 0.00979815 , 0.00970675
0.0097858 , 0.00986857 , 0.00928725
0.0097858 , 0.0098765 , 0.00928725
0.0097858 , 0.00958905 , 0.00956033
0.0097858 , 0.00969926 , 0.0101943
0.0097858 , 0.00969178 , 0.0094897
0.0097858 , 0.00983707 , 0.00935323
0.0097858 , 0.00985278 , 0.00970675
0.0097858 , 0.00966207 , 0.0103762
0.0097858 , 0.0098765 , 0.0101074
0.0097858 , 0.00983707 , 0.00986067
0.0097858 , 0.0100903 , 0.0100229
0.0097858 , 0.00984491 , 0.0104714
0.0097858 , 0.00973691 , 0.00935323
0.0097858 , 0.0099245 , 0.00963265
0.0097858 , 0.00975973 , 0.00994068
0.0097858 , 0.00982144 , 0.0104714
0.0097858 , 0.00951775 , 0.0109986
0.0097858 , 0.00983707 , 0.0108855
0.0097858 , 0.00959627 , 0.00935323
0.0097858 , 0.0094897 , 0.00994068
0.0097858 , 0.00960351 , 0.0094207
0.0097858 , 0.00969926 , 0.0094207
0.0097858 , 0.00964732 , 0.00928725
0.0097858 , 0.00993258 , 0.0100229
0.0097858 , 0.00997329 , 0.00970675
0.0097858 , 0.00963998 , 0.0101074
0.0097858 , 0.0100146 , 0.00928725
0.0097858 , 0.00963265 , 0.00963265
0.0097858 , 0.0100903 , 0.00986067
0.0097858 , 0.0100146 , 0.00994068
0.0097858 , 0.00972179 , 0.0100229
0.0097858 , 0.00978272 , 0.00986067
0.0097858 , 0.00984491 , 0.00963265
0.0097858 , 0.0099488 , 0.0101074
0.0097858 , 0.00981366 , 0.0094207
0.0097858 , 0.00961804 , 0.00915947
0.0097858 , 0.00981366 , 0.0094897
0.0097858 , 0.0098765 , 0.00994068
0.0097858 , 0.00986067 , 0.00956033
0.0097858 , 0.00973691 , 0.00978272
0.0097858 , 0.0098059 , 0.00963265
0.0097858 , 0.0100733 , 0.00928725
0.0097858 , 0.00976738 , 0.00978272
0.0097858 , 0.00977504 , 0.0108855
0.0097858 , 0.0100312 , 0.00935323
0.0097858 , 0.00966947 , 0.0103762
0.0097858 , 0.0099488 , 0.00956033
0.0097858 , 0.00979043 , 0.00909756
0.0097858 , 0.00963998 , 0.00986067
0.0097858 , 0.00982144 , 0.00909756
0.0097858 , 0.00955319 , 0.00897743
0.0097858 , 0.00976738 , 0.00922269
0.0097858 , 0.0100564 , 0.0101943
0.0097858 , 0.0097445 , 0.00915947
0.0097858 , 0.00970675 , 0.00915947
0.0097858 , 0.00972934 , 0.0100229
0.0097858 , 0.00981366 , 0.0102839
0.0097858 , 0.00985278 , 0.0104714
0.0097858 , 0.0097445 , 0.0102839
0.0097858 , 0.0101246 , 0.00956033
0.0097858 , 0.00982144 , 0.00986067
