0.009654 , 0.00955893 , 0.00934879
0.00954152 , 0.00950702 , 0.00978641
0.00961986 , 0.00938135 , 0.00969315
0.00924397 , 0.00917624 , 0.00897117
0.00983135 , 0.0100343 , 0.0109488
0.0104394 , 0.0103183 , 0.010546
0.0107997 , 0.0111747 , 0.010546
0.0101208 , 0.00998294 , 0.00960295
0.0108175 , 0.0107535 , 0.0114209
0.00995054 , 0.0101401 , 0.0103068
0.00963688 , 0.0097208 , 0.00960295
0.0103045 , 0.0101401 , 0.0108079
0.010437 , 0.0104965 , 0.00988293
0.0102863 , 0.0103647 , 0.0103068
0.00902246 , 0.00907913 , 0.00904267
0.00945775 , 0.0096297 , 0.00934879
0.0104526 , 0.0102614 , 0.010546
0.0090968 , 0.00927689 , 0.00863904
0.0103941 , 0.0101509 , 0.00998294
0.00929826 , 0.00900669 , 0.0108079
0.00991852 , 0.00993248 , 0.00988293
0.0104989 , 0.010353 , 0.0101946
0.00948993 , 0.00942261 , 0.00969315
0.00995659 , 0.00995255 , 0.00988293
0.00967033 , 0.00964768 , 0.00943094
0.0101825 , 0.0102726 , 0.0101946
0.00903038 , 0.00907913 , 0.00863904
0.0104131 , 0.0108079 , 0.0100867
0.00975622 , 0.00993248 , 0.0108079
0.0103507 , 0.0102389 , 0.0101946
0.0106426 , 0.0106869 , 0.0104238
0.00962702 , 0.00978641 , 0.0100867
0.0100116 , 0.0101618 , 0.0106738
0.00941182 , 0.00956768 , 0.00890147
0.00946449 , 0.00963868 , 0.00960295
0.00985459 , 0.00999315 , 0.00943094
0.00964588 , 0.00963868 , 0.00934879
0.0098653 , 0.00995255 , 0.0101946
0.0110266 , 0.0109633 , 0.0110974
0.0097051 , 0.0101509 , 0.00998294
0.00920528 , 0.00913099 , 0.00943094
0.0100667 , 0.00993248 , 0.00943094
0.0102322 , 0.010353 , 0.0110974
0.00956593 , 0.00946449 , 0.0100867
0.0102289 , 0.0102614 , 0.00998294
0.012125 , 0.0117485 , 0.0122105
0.00975904 , 0.00960295 , 0.00998294
0.0101727 , 0.0100973 , 0.0103068
0.0100219 , 0.0100447 , 0.00978641
0.0101144 , 0.0101509 , 0.010546
0.0107213 , 0.0105711 , 0.0112544
0.0102344 , 0.0101618 , 0.00998294
0.011426 , 0.0114381 , 0.0114209
0.00926666 , 0.00915352 , 0.00926902
0.00954412 , 0.00944766 , 0.00988293
0.0105598 , 0.0104478 , 0.0103068
0.010546 , 0.0105211 , 0.0114209
0.00972822 , 0.009684 , 0.0100867
0.0100867 , 0.0102056 , 0.0104238
0.0109044 , 0.0109488 , 0.0114209
0.0103449 , 0.0102167 , 0.0110974
0.0104781 , 0.0106478 , 0.0106738
0.00995155 , 0.00983424 , 0.00969315
0.0107054 , 0.0105964 , 0.0110974
0.0104611 , 0.0103298 , 0.00998294
0.009684 , 0.00956768 , 0.00988293
0.0101026 , 0.0102056 , 0.0104238
0.00938299 , 0.00943094 , 0.00978641
0.00887816 , 0.00895708 , 0.00870234
0.0106751 , 0.0108916 , 0.0104238
0.0100573 , 0.0102167 , 0.0104238
0.009654 , 0.00974873 , 0.0104238
0.00973659 , 0.00978641 , 0.00883348
0.0121316 , 0.0122566 , 0.0115981
0.0103964 , 0.0105585 , 0.0108079
0.00935446 , 0.00935689 , 0.00969315
0.00949163 , 0.00930862 , 0.00960295
0.00998294 , 0.0101401 , 0.0103068
0.01022 , 0.0102614 , 0.0104238
0.0107067 , 0.0107001 , 0.0112544
0.00986237 , 0.00989277 , 0.0112544
0.0100751 , 0.0101946 , 0.0106738
0.0105385 , 0.0106738 , 0.0095156
0.0102378 , 0.0101727 , 0.0101946
0.00950017 , 0.00979591 , 0.00943094
0.00900097 , 0.00896412 , 0.00857715
0.00936502 , 0.00943094 , 0.0095156
0.00957997 , 0.00948993 , 0.00911608
0.00923852 , 0.00903544 , 0.00934879
0.0106883 , 0.0106348 , 0.010546
0.010959 , 0.0111747 , 0.0110974
0.00892566 , 0.00873455 , 0.0083426
0.00935122 , 0.00930862 , 0.00934879
0.0107253 , 0.0106348 , 0.0119909
0.00924865 , 0.00892219 , 0.00943094
0.0108314 , 0.0108634 , 0.0110974
0.0104226 , 0.010622 , 0.00998294
0.0098653 , 0.0100657 , 0.00978641
0.0100364 , 0.0099225 , 0.0117875
0.00990462 , 0.00973008 , 0.0100867
