0.0102298 , 0.0103783 , 0.00951775
0.0102298 , 0.0102622 , 0.0101109
0.0102298 , 0.0101923 , 0.0103932
0.0102298 , 0.0104998 , 0.0102481
0.0102298 , 0.0103488 , 0.00951775
0.0102298 , 0.0101243 , 0.00912618
0.0102298 , 0.0105155 , 0.010547
0.0102298 , 0.0101109 , 0.00941407
0.0102298 , 0.0102481 , 0.0107107
0.0102298 , 0.0101786 , 0.0107107
0.0102298 , 0.0102062 , 0.0103932
0.0102298 , 0.0101243 , 0.010547
0.0102298 , 0.0104383 , 0.0103932
0.0102298 , 0.0100976 , 0.0101109
0.0102298 , 0.0101923 , 0.0107107
0.0102298 , 0.0108142 , 0.0103932
0.0102298 , 0.0102908 , 0.0108857
0.0102298 , 0.0103341 , 0.00998069
0.0102298 , 0.0105155 , 0.010547
0.0102298 , 0.0100976 , 0.00962584
0.0102298 , 0.0103341 , 0.00998069
0.0102298 , 0.0102481 , 0.00941407
0.0102298 , 0.0103932 , 0.0101109
0.0102298 , 0.0101786 , 0.0102481
0.0102298 , 0.0103488 , 0.00941407
0.0102298 , 0.0101377 , 0.0107107
0.0102298 , 0.0104232 , 0.0103932
0.0102298 , 0.0103488 , 0.0126421
0.0102298 , 0.0104232 , 0.0108857
0.0102298 , 0.0101786 , 0.0107107
0.0102298 , 0.0103488 , 0.0102481
0.0102298 , 0.0102062 , 0.0108857
0.0102298 , 0.0103635 , 0.0108857
0.0102298 , 0.00996803 , 0.00985683
0.0102298 , 0.0100711 , 0.00903702
0.0102298 , 0.0105155 , 0.00973871
0.0102298 , 0.0104843 , 0.0103932
0.0102298 , 0.0104998 , 0.00962584
0.0102298 , 0.010234 , 0.0117387
0.0102298 , 0.0103488 , 0.0107107
0.0102298 , 0.0100976 , 0.00973871
0.0102298 , 0.0104383 , 0.00951775
0.0102298 , 0.0102062 , 0.00985683
0.0102298 , 0.0102765 , 0.0102481
0.0102298 , 0.0101109 , 0.0114971
0.0102298 , 0.0100062 , 0.0103932
0.0102298 , 0.0103783 , 0.0101109
0.0102298 , 0.0101513 , 0.0103932
0.0102298 , 0.010032 , 0.0101109
0.0102298 , 0.0104383 , 0.00870865
0.0102298 , 0.00996803 , 0.0107107
0.0102298 , 0.0103196 , 0.00998069
0.0102298 , 0.010595 , 0.0102481
0.0102298 , 0.0103488 , 0.0108857
0.0102298 , 0.00990565 , 0.00962584
0.0102298 , 0.00990565 , 0.010547
0.0102298 , 0.0101786 , 0.0101109
0.0102298 , 0.0102765 , 0.0112766
0.0102298 , 0.0104383 , 0.0120056
0.0102298 , 0.00986894 , 0.0103932
0.0102298 , 0.0105312 , 0.00985683
0.0102298 , 0.0101513 , 0.0101109
0.0102298 , 0.0101649 , 0.00941407
0.0102298 , 0.0100711 , 0.0108857
0.0102298 , 0.0102908 , 0.00998069
0.0102298 , 0.0101513 , 0.0103932
0.0102298 , 0.010058 , 0.0108857
0.0102298 , 0.0100711 , 0.0110736
0.0102298 , 0.00996803 , 0.00985683
0.0102298 , 0.0101513 , 0.0101109
0.0102298 , 0.0102201 , 0.0103932
0.0102298 , 0.0102201 , 0.0107107
0.0102298 , 0.0100976 , 0.0102481
0.0102298 , 0.0101243 , 0.00921858
0.0102298 , 0.0103635 , 0.0108857
0.0102298 , 0.0103051 , 0.0110736
0.0102298 , 0.0103196 , 0.00998069
0.0102298 , 0.0102062 , 0.010547
0.0102298 , 0.0100711 , 0.010547
0.0102298 , 0.00985683 , 0.0114971
0.0102298 , 0.0101513 , 0.0101109
0.0102298 , 0.00996803 , 0.0112766
0.0102298 , 0.0103051 , 0.0103932
0.0102298 , 0.010032 , 0.0108857
0.0102298 , 0.010234 , 0.0101109
0.0102298 , 0.0103341 , 0.00985683
0.0102298 , 0.0104232 , 0.00931445
0.0102298 , 0.00989335 , 0.0101109
0.0102298 , 0.0101513 , 0.0108857
0.0102298 , 0.010058 , 0.0102481
0.0102298 , 0.0100976 , 0.00985683
0.0102298 , 0.0104383 , 0.00998069
0.0102298 , 0.0102201 , 0.00951775
0.0102298 , 0.009918 , 0.0101109
0.0102298 , 0.0103635 , 0.00985683
0.0102298 , 0.0102765 , 0.00998069
0.0102298 , 0.0101243 , 0.0108857
0.0102298 , 0.0102908 , 0.0102481
0.0102298 , 0.00983276 , 0.00998069
0.0102298 , 0.0101649 , 0.00998069
