0.00995195 , 0.00972607 , 0.00928926
0.00995195 , 0.0100122 , 0.00997186
0.00995195 , 0.00985501 , 0.0106722
0.00995195 , 0.00983612 , 0.00978041
0.00995195 , 0.0101165 , 0.00997186
0.00995195 , 0.00985501 , 0.00944115
0.00995195 , 0.00953756 , 0.0106722
0.00995195 , 0.00985501 , 0.00960426
0.00995195 , 0.0105132 , 0.00997186
0.00995195 , 0.0102713 , 0.00960426
0.00995195 , 0.00972607 , 0.0113045
0.00995195 , 0.00985501 , 0.0087687
0.00995195 , 0.00981739 , 0.0104132
0.00995195 , 0.00993222 , 0.0101815
0.00995195 , 0.00999195 , 0.00928926
0.00995195 , 0.0102036 , 0.00928926
0.00995195 , 0.0103889 , 0.00978041
0.00995195 , 0.0102485 , 0.00960426
0.00995195 , 0.00987406 , 0.00978041
0.00995195 , 0.0103649 , 0.00944115
0.00995195 , 0.00983612 , 0.0104132
0.00995195 , 0.00995195 , 0.0109658
0.00995195 , 0.0104627 , 0.00997186
0.00995195 , 0.0100953 , 0.00928926
0.00995195 , 0.0100953 , 0.0106722
0.00995195 , 0.0102036 , 0.0101815
0.00995195 , 0.0100122 , 0.0104132
0.00995195 , 0.010138 , 0.00928926
0.00995195 , 0.00974404 , 0.0109658
0.00995195 , 0.0103176 , 0.0109658
0.00995195 , 0.0100953 , 0.0106722
0.00995195 , 0.0102943 , 0.0101815
0.00995195 , 0.00999195 , 0.00978041
0.00995195 , 0.00981739 , 0.00997186
0.00995195 , 0.00993222 , 0.00997186
0.00995195 , 0.00985501 , 0.00960426
0.00995195 , 0.0100742 , 0.00978041
0.00995195 , 0.0102036 , 0.0109658
0.00995195 , 0.00950495 , 0.0113045
0.00995195 , 0.0100953 , 0.00914717
0.00995195 , 0.00997186 , 0.0106722
0.00995195 , 0.00993222 , 0.0113045
0.00995195 , 0.00978041 , 0.00928926
0.00995195 , 0.00993222 , 0.0106722
0.00995195 , 0.0101815 , 0.00978041
0.00995195 , 0.0100533 , 0.0104132
0.00995195 , 0.00995195 , 0.00960426
0.00995195 , 0.00953756 , 0.00960426
0.00995195 , 0.00981739 , 0.00997186
0.00995195 , 0.00967304 , 0.00978041
0.00995195 , 0.00985501 , 0.00978041
0.00995195 , 0.0100533 , 0.0113045
0.00995195 , 0.00997186 , 0.00997186
0.00995195 , 0.0100533 , 0.0109658
0.00995195 , 0.00987406 , 0.00997186
0.00995195 , 0.0102485 , 0.0104132
0.00995195 , 0.0101165 , 0.00978041
0.00995195 , 0.00993222 , 0.00928926
0.00995195 , 0.00993222 , 0.00997186
0.00995195 , 0.00976215 , 0.00997186
0.00995195 , 0.00979882 , 0.00978041
0.00995195 , 0.00978041 , 0.00960426
0.00995195 , 0.0101596 , 0.0104132
0.00995195 , 0.00969058 , 0.00928926
0.00995195 , 0.00972607 , 0.00978041
0.00995195 , 0.0101165 , 0.0104132
0.00995195 , 0.00995195 , 0.0109658
0.00995195 , 0.00976215 , 0.00854822
0.00995195 , 0.00989327 , 0.00944115
0.00995195 , 0.00987406 , 0.0101815
0.00995195 , 0.0102036 , 0.00978041
0.00995195 , 0.00970825 , 0.00978041
0.00995195 , 0.0100953 , 0.0113045
0.00995195 , 0.00995195 , 0.00997186
0.00995195 , 0.0100742 , 0.00978041
0.00995195 , 0.00965564 , 0.0101815
0.00995195 , 0.00963838 , 0.00960426
0.00995195 , 0.0101165 , 0.0106722
0.00995195 , 0.0095874 , 0.00944115
0.00995195 , 0.00976215 , 0.0101815
0.00995195 , 0.00965564 , 0.0106722
0.00995195 , 0.00960426 , 0.00865571
0.00995195 , 0.00978041 , 0.00978041
0.00995195 , 0.00969058 , 0.00997186
0.00995195 , 0.00972607 , 0.00960426
0.00995195 , 0.00987406 , 0.00978041
0.00995195 , 0.00991266 , 0.00997186
0.00995195 , 0.00985501 , 0.0113045
0.00995195 , 0.0100742 , 0.00997186
0.00995195 , 0.00983612 , 0.0106722
0.00995195 , 0.0100327 , 0.00997186
0.00995195 , 0.00985501 , 0.0113045
0.00995195 , 0.0101165 , 0.00978041
0.00995195 , 0.00993222 , 0.0101815
0.00995195 , 0.00979882 , 0.00978041
0.00995195 , 0.0100953 , 0.00928926
0.00995195 , 0.00995195 , 0.0113045
0.00995195 , 0.00995195 , 0.0109658
0.00995195 , 0.0100122 , 0.00960426
0.00995195 , 0.0102036 , 0.00960426
