0.0122847 , 0.0127633 , 0.0128636
0.0103712 , 0.0102547 , 0.0102839
0.0106504 , 0.0107811 , 1
0.0100954 , 0.0104367 , 0.00954823
0.00903227 , 0.00891355 , 0.00900671
0.00958991 , 0.0101693 , 0.00917195
0.00992025 , 0.00985939 , 0.00954823
0.010511 , 0.0102839 , 0.0128636
0.0101974 , 0.00985939 , 0.0106017
0.0109367 , 0.0112882 , 0.0109775
0.00940091 , 0.00924192 , 0.00917195
0.0118838 , 0.0113366 , 0.0109775
0.0101749 , 0.0100608 , 0.0100086
0.0105143 , 0.0108189 , 0.0102839
0.00946333 , 0.00956897 , 0.0109775
0.0117657 , 0.0124886 , 0.0114371
0.00944755 , 0.00950737 , 0.00935154
0.0109246 , 0.0105341 , 0.0142881
0.0108496 , 0.0109367 , 0.0106017
0.0111049 , 0.0109367 , 0.0109775
0.00959624 , 0.0100345 , 0.00871122
0.0113913 , 0.0111049 , 0.0109775
0.0108574 , 0.0112408 , 0.0120294
0.0107624 , 0.0106716 , 0.0102839
0.0110918 , 0.0111049 , 0.0100086
0.0114946 , 0.0111945 , 0.0106017
0.0105812 , 0.0112882 , 0.00885369
0.0102287 , 0.0105677 , 0.0102839
0.00972926 , 0.00961108 , 0.00976561
0.0105542 , 0.0107811 , 0.0128636
0.00984982 , 0.00950737 , 0.00954823
0.00938559 , 0.00961108 , 0.0109775
0.0132592 , 0.0128636 , 0.0128636
0.00971355 , 0.00954823 , 0.00857793
0.00996772 , 0.00958991 , 0.0106017
0.0097679 , 0.00995764 , 0.00900671
0.00954411 , 0.0095277 , 0.00871122
0.0104687 , 0.0101693 , 0.0120294
0.00945148 , 0.00929601 , 0.00885369
0.0112978 , 0.0113863 , 0.0106017
0.00878551 , 0.00876704 , 0.00885369
0.0124631 , 0.0120992 , 0.0142881
0.0093553 , 0.00937039 , 0.0100086
0.011718 , 0.0119619 , 0.0109775
0.00947326 , 0.00942799 , 0.0120294
0.0107476 , 0.0104687 , 0.0120294
0.0108189 , 0.0107074 , 0.00976561
0.00988109 , 0.0100086 , 0.0106017
0.00949929 , 0.00933286 , 0.00857793
0.00978172 , 0.0104687 , 0.0100086
0.0102634 , 0.00976561 , 0.0102839
0.0101749 , 0.0100345 , 0.00954823
0.0110487 , 0.0108189 , 0.0100086
0.014001 , 0.0147462 , 1
0.0103196 , 0.0100086 , 0.0102839
0.0102518 , 0.0101974 , 0.0102839
0.00963676 , 0.00942799 , 0.0109775
0.0108535 , 0.0108189 , 0.0100086
0.0163277 , 0.0157105 , 0.0142881
0.00895805 , 0.00899089 , 0.00822291
0.00947326 , 0.00944755 , 0.00954823
0.00819913 , 0.00803588 , 0.00811693
0.00935154 , 0.00924192 , 0.00917195
0.00962388 , 0.00983555 , 0.00976561
0.0118966 , 0.0118332 , 0.0109775
0.00982608 , 0.0096759 , 0.00976561
0.0128534 , 0.0124046 , 0.0120294
0.012649 , 0.0124886 , 0.0128636
0.0131619 , 0.0135969 , 1
0.0106823 , 0.0110191 , 0.00976561
0.00871398 , 0.00880991 , 0.00871122
0.0109006 , 0.0106716 , 0.0109775
0.0100397 , 0.00990793 , 0.0106017
0.0106752 , 0.0104687 , 0.00935154
0.0114269 , 0.0113863 , 0.0106017
0.0122616 , 0.0116541 , 0.0120294
0.0116314 , 0.0113863 , 0.0128636
0.00895495 , 0.00902265 , 0.00885369
0.00918749 , 0.00910426 , 0.00976561
0.0101444 , 0.0101693 , 0.0100086
0.0104526 , 0.0101974 , 0.00976561
0.0100529 , 0.00981197 , 0.00917195
0.00949325 , 0.00974281 , 0.00917195
0.0103712 , 0.00998294 , 0.00871122
0.0101918 , 0.0108574 , 0.0128636
0.00989813 , 0.00985939 , 0.0102839
0.00944362 , 0.0092598 , 0.00917195
0.00964972 , 0.00956897 , 0.00857793
0.00969353 , 0.00988352 , 0.0106017
0.00889541 , 0.00872503 , 0.00833462
0.00792372 , 0.00781911 , 0.00757462
0.00946531 , 0.0096759 , 0.0109775
0.0091463 , 0.00900671 , 0.00954823
0.00988595 , 0.00998294 , 0.0109775
0.00832432 , 0.00833462 , 0.00857793
0.00942021 , 0.00938941 , 0.00954823
0.0120921 , 0.0124886 , 0.0142881
0.0103166 , 0.00988352 , 0.0106017
0.0113366 , 0.0111493 , 0.0120294
0.00950737 , 0.00950737 , 0.0109775
