0.0101291 , 0.0103351 , 0.00942261
0.0101291 , 0.0103351 , 0.00998122
0.0101291 , 0.0108171 , 0.0103351
0.0101291 , 0.010047 , 0.010768
0.0101291 , 0.00991756 , 0.0121116
0.0101291 , 0.0106277 , 0.0103351
0.0101291 , 0.00960044 , 0.010768
0.0101291 , 0.010259 , 0.00942261
0.0101291 , 0.010768 , 0.00998122
0.0101291 , 0.0101501 , 0.00998122
0.0101291 , 0.00982583 , 0.00968193
0.0101291 , 0.00985593 , 0.0113259
0.0101291 , 0.0104143 , 0.00968193
0.0101291 , 0.0100138 , 0.00998122
0.0101291 , 0.010259 , 0.00968193
0.0101291 , 0.0100808 , 0.0103351
0.0101291 , 0.0101857 , 0.0089891
0.0101291 , 0.0101857 , 0.00998122
0.0101291 , 0.0100808 , 0.0113259
0.0101291 , 0.0103351 , 0.00998122
0.0101291 , 0.00991756 , 0.00968193
0.0101291 , 0.00998122 , 0.00847915
0.0101291 , 0.0098865 , 0.0113259
0.0101291 , 0.0100808 , 0.0121116
0.0101291 , 0.0101151 , 0.00998122
0.0101291 , 0.00962723 , 0.00942261
0.0101291 , 0.010222 , 0.00847915
0.0101291 , 0.0105831 , 0.010768
0.0101291 , 0.00998122 , 0.010768
0.0101291 , 0.0101857 , 0.010768
0.0101291 , 0.0104143 , 0.0103351
0.0101291 , 0.0101857 , 0.010768
0.0101291 , 0.0101857 , 0.00998122
0.0101291 , 0.010259 , 0.00968193
0.0101291 , 0.0103351 , 0.00998122
0.0101291 , 0.0101151 , 0.010768
0.0101291 , 0.010047 , 0.010768
0.0101291 , 0.00962723 , 0.0121116
0.0101291 , 0.00985593 , 0.00998122
0.0101291 , 0.00994913 , 0.0113259
0.0101291 , 0.00998122 , 0.00942261
0.0101291 , 0.0105395 , 0.0121116
0.0101291 , 0.00982583 , 0.00998122
0.0101291 , 0.0102967 , 0.00968193
0.0101291 , 0.00976699 , 0.00919381
0.0101291 , 0.0103351 , 0.0103351
0.0101291 , 0.0100138 , 0.0113259
0.0101291 , 0.0105831 , 0.0103351
0.0101291 , 0.00979618 , 0.0113259
0.0101291 , 0.00982583 , 0.0103351
0.0101291 , 0.010259 , 0.010768
0.0101291 , 0.0103743 , 0.00998122
0.0101291 , 0.00998122 , 0.00998122
0.0101291 , 0.0098865 , 0.0113259
0.0101291 , 0.0107201 , 0.00998122
0.0101291 , 0.0102967 , 0.010768
0.0101291 , 0.0101857 , 0.0121116
0.0101291 , 0.00976699 , 0.0113259
0.0101291 , 0.0101151 , 0.0113259
0.0101291 , 0.0103351 , 0.00919381
0.0101291 , 0.00998122 , 0.00998122
0.0101291 , 0.00998122 , 0.0113259
0.0101291 , 0.0100808 , 0.0103351
0.0101291 , 0.0104143 , 0.0121116
0.0101291 , 0.0100138 , 0.010768
0.0101291 , 0.0101151 , 0.00919381
0.0101291 , 0.0102967 , 0.010768
0.0101291 , 0.010222 , 0.0103351
0.0101291 , 0.0105395 , 0.00998122
0.0101291 , 0.010222 , 0.00942261
0.0101291 , 0.0098865 , 0.0134533
0.0101291 , 0.00998122 , 0.00942261
0.0101291 , 0.0100808 , 0.0103351
0.0101291 , 0.010047 , 0.010768
0.0101291 , 0.0098865 , 0.010768
0.0101291 , 0.0101857 , 0.00998122
0.0101291 , 0.0103351 , 0.00919381
0.0101291 , 0.010222 , 0.0113259
0.0101291 , 0.0100808 , 0.00998122
0.0101291 , 0.0106277 , 0.0113259
0.0101291 , 0.0102967 , 0.00998122
0.0101291 , 0.00982583 , 0.0103351
0.0101291 , 0.010222 , 0.00998122
0.0101291 , 0.00994913 , 0.00942261
0.0101291 , 0.00998122 , 0.010768
0.0101291 , 0.010259 , 0.0103351
0.0101291 , 0.0100808 , 0.0103351
0.0101291 , 0.0101857 , 0.0103351
0.0101291 , 0.00985593 , 0.00942261
0.0101291 , 0.00982583 , 0.0103351
0.0101291 , 0.0101151 , 0.0103351
0.0101291 , 0.0101501 , 0.010768
0.0101291 , 0.0104969 , 0.00942261
0.0101291 , 0.00979618 , 0.00942261
0.0101291 , 0.00985593 , 0.0121116
0.0101291 , 0.00939848 , 0.00998122
0.0101291 , 0.00991756 , 0.0113259
0.0101291 , 0.00991756 , 0.00998122
0.0101291 , 0.0101151 , 0.00968193
0.0101291 , 0.0108171 , 0.00968193
