0.00969293 , 0.0094744 , 0.0101397
0.00969293 , 0.0094744 , 0.0120457
0.00969293 , 0.0095971 , 0.0101397
0.00969293 , 0.009684 , 0.00893527
0.00969293 , 0.0101397 , 0.0101397
0.00969293 , 0.00918405 , 0.0101397
0.00969293 , 0.0100276 , 0.00964001
0.00969293 , 0.00972912 , 0.00925223
0.00969293 , 0.009684 , 0.0108436
0.00969293 , 0.00997419 , 0.0101397
0.00969293 , 0.009684 , 0.0101397
0.00969293 , 0.00972912 , 0.0120457
0.00969293 , 0.00943534 , 0.00964001
0.00969293 , 0.00964001 , 0.00964001
0.00969293 , 0.00997419 , 0.00788082
0.00969293 , 0.0094744 , 0.0108436
0.00969293 , 0.0095971 , 0.00964001
0.00969293 , 0.00987199 , 0.0120457
0.00969293 , 0.00972912 , 0.0101397
0.00969293 , 0.00997419 , 0.0120457
0.00969293 , 0.00935977 , 0.0101397
0.00969293 , 0.00951434 , 0.0120457
0.00969293 , 0.00987199 , 0.00925223
0.00969293 , 0.00928734 , 0.0101397
0.00969293 , 0.0100276 , 0.00964001
0.00969293 , 0.00964001 , 0.00893527
0.00969293 , 0.009684 , 0.0108436
0.00969293 , 0.0102595 , 0.00925223
0.00969293 , 0.00997419 , 1
0.00969293 , 0.009684 , 0.00925223
0.00969293 , 0.00955523 , 0.00925223
0.00969293 , 0.00977545 , 0.0108436
0.00969293 , 0.00964001 , 0.00964001
0.00969293 , 0.00932318 , 0.00893527
0.00969293 , 0.00982305 , 0.0108436
0.00969293 , 0.00987199 , 0.00964001
0.00969293 , 0.00997419 , 0.0108436
0.00969293 , 0.0102595 , 0.00964001
0.00969293 , 0.00982305 , 0.0101397
0.00969293 , 0.0095971 , 0.00893527
0.00969293 , 0.0103227 , 0.0108436
0.00969293 , 0.00992234 , 0.00893527
0.00969293 , 0.00951434 , 0.00964001
0.00969293 , 0.00992234 , 0.00964001
0.00969293 , 0.00932318 , 1
0.00969293 , 0.0094744 , 0.00925223
0.00969293 , 0.0094744 , 0.00893527
0.00969293 , 0.00955523 , 0.0101397
0.00969293 , 0.009684 , 0.00964001
0.00969293 , 0.00997419 , 0.0101397
0.00969293 , 0.0102595 , 0.0120457
0.00969293 , 0.00964001 , 0.0101397
0.00969293 , 0.0102595 , 0.0101397
0.00969293 , 0.0094744 , 0.00964001
0.00969293 , 0.00925223 , 0.0108436
0.00969293 , 0.00935977 , 0.00964001
0.00969293 , 0.00997419 , 0.0101397
0.00969293 , 0.00977545 , 0.0120457
0.00969293 , 0.00982305 , 0.0101397
0.00969293 , 0.0095971 , 0.0120457
0.00969293 , 0.0100828 , 0.00964001
0.00969293 , 0.0101397 , 0.00964001
0.00969293 , 0.0095971 , 0.0101397
0.00969293 , 0.00943534 , 0.0101397
0.00969293 , 0.00977545 , 0.00964001
0.00969293 , 0.00955523 , 0.00843495
0.00969293 , 0.0094744 , 0.00964001
0.00969293 , 0.0100828 , 0.0101397
0.00969293 , 0.00928734 , 0.00925223
0.00969293 , 0.0100828 , 0.00964001
0.00969293 , 0.0100828 , 0.0108436
0.00969293 , 0.00987199 , 0.00866721
0.00969293 , 0.00955523 , 0.00964001
0.00969293 , 0.00987199 , 0.00925223
0.00969293 , 0.00943534 , 0.00964001
0.00969293 , 0.00902445 , 0.00964001
0.00969293 , 0.0095971 , 0.0120457
0.00969293 , 0.0095971 , 0.0108436
0.00969293 , 0.00987199 , 1
0.00969293 , 0.009684 , 0.0108436
0.00969293 , 0.00972912 , 0.0108436
0.00969293 , 0.00982305 , 0.0120457
0.00969293 , 0.00955523 , 0.0080467
0.00969293 , 0.009684 , 0.00964001
0.00969293 , 0.009684 , 0.0108436
0.00969293 , 0.0094744 , 0.00964001
0.00969293 , 0.0101986 , 0.00925223
0.00969293 , 0.00955523 , 0.00893527
0.00969293 , 0.00964001 , 0.00964001
0.00969293 , 0.00964001 , 0.0101397
0.00969293 , 0.00951434 , 0.00925223
0.00969293 , 0.00987199 , 0.0108436
0.00969293 , 0.0102595 , 0.0101397
0.00969293 , 0.0095971 , 0.0101397
0.00969293 , 0.009684 , 0.00788082
0.00969293 , 0.00925223 , 0.00964001
0.00969293 , 0.00977545 , 0.0108436
0.00969293 , 0.00951434 , 0.0101397
0.00969293 , 0.0103227 , 0.00964001
0.00969293 , 0.0094744 , 1
