0.0111603 , 0.0110145 , 0.0114469
0.0111603 , 0.0114469 , 0.0114469
0.0111603 , 0.0105723 , 1
0.0111603 , 0.0105723 , 0.0114469
0.0111603 , 0.0108924 , 0.0114469
0.0111603 , 0.0105723 , 0.0114469
0.0111603 , 0.0107786 , 0.0103042
0.0111603 , 0.0106722 , 0.0103042
0.0111603 , 0.0112899 , 0.0114469
0.0111603 , 0.0118145 , 0.00916022
0.0111603 , 0.0114469 , 0.00963519
0.0111603 , 0.0112899 , 0.0114469
0.0111603 , 0.0120344 , 1
0.0111603 , 0.0120344 , 1
0.0111603 , 0.0114469 , 0.0114469
0.0111603 , 0.0112899 , 0.0114469
0.0111603 , 0.0118145 , 1
0.0111603 , 0.010478 , 0.0114469
0.0111603 , 0.0110145 , 0.00916022
0.0111603 , 0.0118145 , 0.00963519
0.0111603 , 0.0114469 , 1
0.0111603 , 0.0110145 , 1
0.0111603 , 0.0116205 , 0.00963519
0.0111603 , 0.0110145 , 1
0.0111603 , 0.0106722 , 0.0114469
0.0111603 , 0.0116205 , 1
0.0111603 , 0.0111465 , 0.0114469
0.0111603 , 0.0108924 , 0.0114469
0.0111603 , 0.0108924 , 0.0114469
0.0111603 , 0.0114469 , 0.0103042
0.0111603 , 0.0112899 , 1
0.0111603 , 0.0108924 , 1
0.0111603 , 0.0107786 , 1
0.0111603 , 0.0107786 , 0.0114469
0.0111603 , 0.0112899 , 0.0103042
0.0111603 , 0.0118145 , 1
0.0111603 , 0.010478 , 0.0103042
0.0111603 , 0.010478 , 0.0114469
0.0111603 , 0.0116205 , 0.0114469
0.0111603 , 0.0111465 , 1
0.0111603 , 0.0116205 , 0.0114469
0.0111603 , 0.0116205 , 0.0103042
0.0111603 , 0.0116205 , 0.0114469
0.0111603 , 0.0110145 , 1
0.0111603 , 0.0122882 , 0.0103042
0.0111603 , 0.0108924 , 1
0.0111603 , 0.0112899 , 0.0114469
0.0111603 , 0.0114469 , 0.0114469
0.0111603 , 0.0111465 , 1
0.0111603 , 0.0112899 , 0.0114469
0.0111603 , 0.0114469 , 0.0114469
0.0111603 , 0.0112899 , 0.0114469
0.0111603 , 0.0102237 , 1
0.0111603 , 0.0110145 , 0.0103042
0.0111603 , 0.0108924 , 1
0.0111603 , 0.0110145 , 0.0114469
0.0111603 , 0.0112899 , 0.0103042
0.0111603 , 0.0108924 , 1
0.0111603 , 0.0111465 , 1
0.0111603 , 0.0116205 , 0.0103042
0.0111603 , 0.0114469 , 0.0103042
0.0111603 , 0.0118145 , 0.0114469
0.0111603 , 0.0107786 , 0.0114469
0.0111603 , 0.0114469 , 0.0114469
0.0111603 , 0.0112899 , 0.0114469
0.0111603 , 0.0108924 , 1
0.0111603 , 0.0111465 , 0.00963519
0.0111603 , 0.0118145 , 0.0103042
0.0111603 , 0.0116205 , 0.00916022
0.0111603 , 0.0111465 , 0.0114469
0.0111603 , 0.0134286 , 0.0103042
0.0111603 , 0.0112899 , 1
0.0111603 , 0.0107786 , 0.00963519
0.0111603 , 0.0114469 , 1
0.0111603 , 0.0107786 , 1
0.0111603 , 0.0111465 , 1
0.0111603 , 0.0116205 , 1
0.0111603 , 0.0116205 , 0.00963519
0.0111603 , 0.0118145 , 0.0114469
0.0111603 , 0.0116205 , 1
0.0111603 , 0.0107786 , 0.0114469
0.0111603 , 0.0110145 , 0.0103042
0.0111603 , 0.0114469 , 1
0.0111603 , 0.0112899 , 0.0114469
0.0111603 , 0.0110145 , 0.0114469
0.0111603 , 0.0105723 , 0.0103042
0.0111603 , 0.010478 , 0.0103042
0.0111603 , 0.0118145 , 0.0114469
0.0111603 , 0.0118145 , 0.0114469
0.0111603 , 0.0111465 , 0.0114469
0.0111603 , 0.0112899 , 0.0114469
0.0111603 , 0.0114469 , 0.0114469
0.0111603 , 0.0112899 , 0.0114469
0.0111603 , 0.0110145 , 0.0103042
0.0111603 , 0.0118145 , 1
0.0111603 , 0.0110145 , 0.0114469
0.0111603 , 0.0112899 , 0.0114469
0.0111603 , 0.0114469 , 0.0114469
0.0111603 , 0.0106722 , 0.0103042
0.0111603 , 0.0108924 , 1
