0.0108127 , 0.010704 , 0.0112124
0.0108127 , 0.0107703 , 0.0113101
0.0108127 , 0.0105255 , 0.0114412
0.0108127 , 0.0107103 , 0.0101739
0.0108127 , 0.0108178 , 0.00936951
0.0108127 , 0.0105317 , 0.0117401
0.0108127 , 0.0109355 , 0.0118409
0.0108127 , 0.0109579 , 0.010513
0.0108127 , 0.0104198 , 0.0120103
0.0108127 , 0.01091 , 0.0111153
0.0108127 , 0.0104013 , 0.0106694
0.0108127 , 0.010704 , 0.010638
0.0108127 , 0.0108686 , 0.0108273
0.0108127 , 0.0108495 , 0.0118409
0.0108127 , 0.0105754 , 0.010513
0.0108127 , 0.010638 , 0.010764
0.0108127 , 0.0112254 , 0.0114742
0.0108127 , 0.0111995 , 0.0096926
0.0108127 , 0.0107356 , 0.0106067
0.0108127 , 0.0109867 , 0.0106694
0.0108127 , 0.0107545 , 0.0112449
0.0108127 , 0.0106129 , 0.0105442
0.0108127 , 0.0115436 , 0.0113101
0.0108127 , 0.0105942 , 0.0111476
0.0108127 , 0.0107735 , 0.0110188
0.0108127 , 0.0107798 , 0.0102351
0.0108127 , 0.0108305 , 0.00975201
0.0108127 , 0.0107956 , 0.0117401
0.0108127 , 0.0107608 , 0.00996164
0.0108127 , 0.0108432 , 0.0107956
0.0108127 , 0.0105348 , 0.0102351
0.0108127 , 0.0108273 , 0.0113756
0.0108127 , 0.0109324 , 0.0114084
0.0108127 , 0.0108909 , 0.0137297
0.0108127 , 0.0104633 , 0.0107956
0.0108127 , 0.0105255 , 0.0120443
0.0108127 , 0.0106286 , 0.0108591
0.0108127 , 0.0105379 , 0.00996164
0.0108127 , 0.0107135 , 0.0110188
0.0108127 , 0.0108623 , 0.0099918
0.0108127 , 0.0106224 , 0.0100826
0.0108127 , 0.0106569 , 0.0108909
0.0108127 , 0.0105973 , 0.0107324
0.0108127 , 0.0107545 , 0.0096926
0.0108127 , 0.0111995 , 0.00972228
0.0108127 , 0.0107166 , 0.010764
0.0108127 , 0.0108432 , 0.0112775
0.0108127 , 0.010745 , 0.00862964
0.0108127 , 0.0106443 , 0.0104508
0.0108127 , 0.010704 , 0.0116066
0.0108127 , 0.0109803 , 0.0100523
0.0108127 , 0.0106631 , 0.0112449
0.0108127 , 0.0109611 , 0.0117401
0.0108127 , 0.0108813 , 0.0109547
0.0108127 , 0.011193 , 0.0112775
0.0108127 , 0.0108845 , 0.0107956
0.0108127 , 0.0110252 , 0.0101434
0.0108127 , 0.0104508 , 0.0113428
0.0108127 , 0.0110059 , 0.0107324
0.0108127 , 0.0106224 , 0.00948628
0.0108127 , 0.01066 , 0.0116399
0.0108127 , 0.0108941 , 0.0104819
0.0108127 , 0.0104757 , 0.0108273
0.0108127 , 0.0111057 , 0.0105442
0.0108127 , 0.0106663 , 0.0110188
0.0108127 , 0.0108146 , 0.0109228
0.0108127 , 0.0108115 , 0.00942779
0.0108127 , 0.0106977 , 0.00919586
0.0108127 , 0.0108718 , 0.0114742
0.0108127 , 0.0110863 , 0.0104198
0.0108127 , 0.0110124 , 0.00987148
0.0108127 , 0.0107135 , 0.0120103
0.0108127 , 0.010745 , 0.0101434
0.0108127 , 0.010358 , 0.0099918
0.0108127 , 0.010638 , 0.00990148
0.0108127 , 0.0106224 , 0.0104508
0.0108127 , 0.0104695 , 0.0106067
0.0108127 , 0.0107988 , 0.0104819
0.0108127 , 0.0108559 , 0.0109228
0.0108127 , 0.0107135 , 0.0111153
0.0108127 , 0.0109931 , 0.0110831
0.0108127 , 0.0112449 , 0.0108909
0.0108127 , 0.0110863 , 0.0104198
0.0108127 , 0.0108718 , 0.00996164
0.0108127 , 0.0112352 , 0.0106067
0.0108127 , 0.0105192 , 0.0108909
0.0108127 , 0.0107672 , 0.0104508
0.0108127 , 0.0109899 , 0.0115403
0.0108127 , 0.0107135 , 0.0123542
0.0108127 , 0.0109995 , 0.0105754
0.0108127 , 0.0106631 , 0.0126699
0.0108127 , 0.0110156 , 0.010638
0.0108127 , 0.0107577 , 0.010358
0.0108127 , 0.0107419 , 0.0102964
0.0108127 , 0.0109547 , 0.00990148
0.0108127 , 0.0108368 , 0.0117736
0.0108127 , 0.0108527 , 0.0117066
0.0108127 , 0.0110702 , 0.0107009
0.0108127 , 0.0108973 , 0.00899551
0.0108127 , 0.0108305 , 0.010358
