0.00988833 , 0.0103764 , 0.00784501
0.00988833 , 0.0100714 , 0.0109048
0.00988833 , 0.00959627 , 0.0109048
0.00988833 , 0.00966615 , 0.00917848
0.00988833 , 0.0100714 , 0.00917848
0.00988833 , 0.00989658 , 0.00981596
0.00988833 , 0.0100714 , 0.00981596
0.00988833 , 0.00966615 , 1
0.00988833 , 0.00966615 , 0.0109048
0.00988833 , 0.00981596 , 0.00917848
0.00988833 , 0.0100714 , 0.0109048
0.00988833 , 0.00981596 , 0.00981596
0.00988833 , 0.0101666 , 0.00872593
0.00988833 , 0.0100714 , 0.00981596
0.00988833 , 0.00989658 , 0.00981596
0.00988833 , 0.00966615 , 0.0109048
0.00988833 , 0.00998155 , 0.0109048
0.00988833 , 0.00959627 , 0.00872593
0.00988833 , 0.00989658 , 0.00837476
0.00988833 , 0.0109048 , 1
0.00988833 , 0.0100714 , 0.0109048
0.00988833 , 0.0112551 , 0.00981596
0.00988833 , 0.00998155 , 0.00837476
0.00988833 , 0.00981596 , 1
0.00988833 , 0.00998155 , 0.00917848
0.00988833 , 0.00981596 , 0.0109048
0.00988833 , 0.00981596 , 0.00872593
0.00988833 , 0.0103764 , 0.0109048
0.00988833 , 0.00989658 , 0.00981596
0.00988833 , 0.0104928 , 0.00917848
0.00988833 , 0.010268 , 0.00981596
0.00988833 , 0.00966615 , 0.00784501
0.00988833 , 0.00981596 , 0.00917848
0.00988833 , 0.0103764 , 0.0109048
0.00988833 , 0.0101666 , 0.00872593
0.00988833 , 0.00952936 , 0.0109048
0.00988833 , 0.00973928 , 0.00917848
0.00988833 , 0.010268 , 0.00872593
0.00988833 , 0.010268 , 0.00917848
0.00988833 , 0.0103764 , 0.00917848
0.00988833 , 0.00998155 , 0.00917848
0.00988833 , 0.00959627 , 1
0.00988833 , 0.0100714 , 0.0109048
0.00988833 , 0.00928698 , 0.00917848
0.00988833 , 0.0104928 , 0.0109048
0.00988833 , 0.00989658 , 0.00837476
0.00988833 , 0.0103764 , 0.00981596
0.00988833 , 0.00989658 , 0.0109048
0.00988833 , 0.0100714 , 1
0.00988833 , 0.00989658 , 0.00808775
0.00988833 , 0.0100714 , 0.00917848
0.00988833 , 0.00946518 , 0.00981596
0.00988833 , 0.0101666 , 0.00917848
0.00988833 , 0.00973928 , 0.0109048
0.00988833 , 0.00981596 , 0.00917848
0.00988833 , 0.00989658 , 0.00917848
0.00988833 , 0.0106185 , 0.0109048
0.00988833 , 0.0107552 , 0.00981596
0.00988833 , 0.00989658 , 0.00981596
0.00988833 , 0.010268 , 0.00917848
0.00988833 , 0.0101666 , 0.00981596
0.00988833 , 0.00966615 , 1
0.00988833 , 0.00952936 , 0.00981596
0.00988833 , 0.00952936 , 1
0.00988833 , 0.010268 , 0.0109048
0.00988833 , 0.0100714 , 0.00917848
0.00988833 , 0.00981596 , 1
0.00988833 , 0.00989658 , 0.00917848
0.00988833 , 0.0100714 , 0.0109048
0.00988833 , 0.00973928 , 0.00981596
0.00988833 , 0.0100714 , 0.00917848
0.00988833 , 0.00959627 , 0.0109048
0.00988833 , 0.0104928 , 0.00981596
0.00988833 , 0.00973928 , 0.00917848
0.00988833 , 0.00989658 , 0.00917848
0.00988833 , 0.0101666 , 0.00917848
0.00988833 , 0.00998155 , 1
0.00988833 , 0.010268 , 0.00981596
0.00988833 , 0.00973928 , 0.00917848
0.00988833 , 0.00973928 , 0.00981596
0.00988833 , 0.00934417 , 0.00917848
0.00988833 , 0.0103764 , 0.0109048
0.00988833 , 0.00981596 , 0.0109048
0.00988833 , 0.0103764 , 0.0109048
0.00988833 , 0.00989658 , 0.0109048
0.00988833 , 0.00973928 , 0.00917848
0.00988833 , 0.010268 , 0.0109048
0.00988833 , 0.0104928 , 0.00917848
0.00988833 , 0.00952936 , 0.00917848
0.00988833 , 0.00981596 , 0.0109048
0.00988833 , 0.0100714 , 0.0109048
0.00988833 , 0.0106185 , 0.0109048
0.00988833 , 0.00998155 , 0.0109048
0.00988833 , 0.0100714 , 0.00981596
0.00988833 , 0.00998155 , 0.00981596
0.00988833 , 0.00946518 , 0.00917848
0.00988833 , 0.00966615 , 1
0.00988833 , 0.00946518 , 0.0109048
0.00988833 , 0.0106185 , 0.00872593
0.00988833 , 0.00981596 , 0.00981596
