0.0100415 , 0.00937188 , 0.00876311
0.0100415 , 0.00970675 , 0.00772154
0.0100415 , 0.00980358 , 0.00937188
0.0100415 , 0.0109464 , 0.0104117
0.0100415 , 0.0101383 , 0.00876311
0.0100415 , 0.0104117 , 0.0104117
0.0100415 , 0.00980358 , 0.0104117
0.0100415 , 0.00961578 , 0.0104117
0.0100415 , 0.0102688 , 1
0.0100415 , 0.0100183 , 0.00937188
0.0100415 , 0.00990709 , 0.00876311
0.0100415 , 0.0102688 , 1
0.0100415 , 0.0102688 , 1
0.0100415 , 0.00980358 , 0.0104117
0.0100415 , 0.0109464 , 0.0104117
0.0100415 , 0.0100183 , 1
0.0100415 , 0.0100183 , 0.0104117
0.0100415 , 0.0101383 , 0.0104117
0.0100415 , 0.00953001 , 0.00876311
0.0100415 , 0.00980358 , 0.00799562
0.0100415 , 0.0104117 , 0.0104117
0.0100415 , 0.00990709 , 0.00937188
0.0100415 , 0.0101383 , 0.0104117
0.0100415 , 0.0101383 , 1
0.0100415 , 0.00961578 , 1
0.0100415 , 0.00980358 , 0.00937188
0.0100415 , 0.0111773 , 1
0.0100415 , 0.0104117 , 0.00937188
0.0100415 , 0.00970675 , 0.0104117
0.0100415 , 0.0101383 , 0.0104117
0.0100415 , 0.00990709 , 0.0104117
0.0100415 , 0.00990709 , 0.0104117
0.0100415 , 0.0102688 , 0.00937188
0.0100415 , 0.0100183 , 0.00937188
0.0100415 , 0.0104117 , 0.0104117
0.0100415 , 0.0100183 , 0.00937188
0.0100415 , 0.0114505 , 0.0104117
0.0100415 , 0.00990709 , 1
0.0100415 , 0.0102688 , 0.0104117
0.0100415 , 0.0107462 , 0.00937188
0.0100415 , 0.0117846 , 0.0104117
0.0100415 , 0.00990709 , 1
0.0100415 , 0.0101383 , 1
0.0100415 , 0.00990709 , 0.0104117
0.0100415 , 0.0104117 , 0.0104117
0.0100415 , 0.00970675 , 0.0104117
0.0100415 , 0.0101383 , 0.00876311
0.0100415 , 0.0100183 , 1
0.0100415 , 0.0114505 , 1
0.0100415 , 0.0101383 , 1
0.0100415 , 0.0100183 , 0.0104117
0.0100415 , 0.00990709 , 0.0104117
0.0100415 , 0.00990709 , 0.00937188
0.0100415 , 0.00961578 , 0.0104117
0.0100415 , 0.0105697 , 0.0104117
0.0100415 , 0.00980358 , 0.00937188
0.0100415 , 0.0109464 , 0.0104117
0.0100415 , 0.0100183 , 0.0104117
0.0100415 , 0.0100183 , 1
0.0100415 , 0.00990709 , 0.00876311
0.0100415 , 0.0101383 , 0.00937188
0.0100415 , 0.0104117 , 1
0.0100415 , 0.00953001 , 0.0104117
0.0100415 , 0.0100183 , 0.00833095
0.0100415 , 0.0104117 , 0.00937188
0.0100415 , 0.0100183 , 0.0104117
0.0100415 , 0.0101383 , 0.0104117
0.0100415 , 0.0102688 , 1
0.0100415 , 0.0101383 , 1
0.0100415 , 0.0102688 , 0.00833095
0.0100415 , 0.0107462 , 0.0104117
0.0100415 , 0.0105697 , 0.00937188
0.0100415 , 0.0105697 , 1
0.0100415 , 0.0111773 , 1
0.0100415 , 0.0107462 , 0.0104117
0.0100415 , 0.0104117 , 1
0.0100415 , 0.0104117 , 0.0104117
0.0100415 , 0.00961578 , 0.00876311
0.0100415 , 0.0102688 , 0.00876311
0.0100415 , 0.0102688 , 0.0104117
0.0100415 , 0.00990709 , 1
0.0100415 , 0.0101383 , 0.00937188
0.0100415 , 0.0101383 , 1
0.0100415 , 0.0104117 , 0.0104117
0.0100415 , 0.00970675 , 0.00937188
0.0100415 , 0.00990709 , 1
0.0100415 , 0.00980358 , 1
0.0100415 , 0.00961578 , 0.00937188
0.0100415 , 0.00990709 , 0.00876311
0.0100415 , 0.0100183 , 0.0104117
0.0100415 , 0.0101383 , 0.00937188
0.0100415 , 0.0101383 , 1
0.0100415 , 0.0105697 , 0.00833095
0.0100415 , 0.0101383 , 1
0.0100415 , 0.00944887 , 0.0104117
0.0100415 , 0.0100183 , 0.0104117
0.0100415 , 0.0102688 , 0.0104117
0.0100415 , 0.00929865 , 0.0104117
0.0100415 , 0.0101383 , 1
0.0100415 , 0.0102688 , 0.00937188
