0.00820382 , 0.00838371 , 0.00838371
0.00820382 , 0.00812165 , 0.00738707
0.00820382 , 0.00829095 , 0.00838371
0.00820382 , 0.00816215 , 0.00896624
0.00820382 , 0.00858934 , 0.00996129
0.00820382 , 0.00800658 , 0.00764931
0.00820382 , 0.00853511 , 1
0.00820382 , 0.00870434 , 0.00697313
0.00820382 , 0.00848285 , 0.00896624
0.00820382 , 0.00848285 , 0.00797019
0.00820382 , 0.00793468 , 0.00838371
0.00820382 , 0.00780083 , 0.00838371
0.00820382 , 0.00780083 , 0.00797019
0.00820382 , 0.00876548 , 0.00797019
0.00820382 , 0.00820382 , 0.00896624
0.00820382 , 0.00848285 , 0.00838371
0.00820382 , 0.00824672 , 0.00838371
0.00820382 , 0.00797019 , 0.00716529
0.00820382 , 0.00829095 , 0.00764931
0.00820382 , 0.00780083 , 0.00797019
0.00820382 , 0.00824672 , 0.00838371
0.00820382 , 0.00783315 , 0.00764931
0.00820382 , 0.00793468 , 0.00838371
0.00820382 , 0.00853511 , 0.00797019
0.00820382 , 0.00829095 , 0.00896624
0.00820382 , 0.00870434 , 0.00738707
0.00820382 , 0.00870434 , 0.00896624
0.00820382 , 0.00829095 , 0.00838371
0.00820382 , 0.00848285 , 0.00838371
0.00820382 , 0.00833658 , 0.00797019
0.00820382 , 0.00838371 , 0.00797019
0.00820382 , 0.00833658 , 0.00797019
0.00820382 , 0.00793468 , 0.00896624
0.00820382 , 0.00864569 , 0.00838371
0.00820382 , 0.00853511 , 0.00996129
0.00820382 , 0.00808227 , 0.00738707
0.00820382 , 0.00820382 , 0.00797019
0.00820382 , 0.00829095 , 0.00838371
0.00820382 , 0.00853511 , 0.00764931
0.00820382 , 0.00853511 , 0.00838371
0.00820382 , 0.00816215 , 0.00838371
0.00820382 , 0.00876548 , 0.00838371
0.00820382 , 0.00816215 , 0.00797019
0.00820382 , 0.00838371 , 0.00797019
0.00820382 , 0.00820382 , 0.00838371
0.00820382 , 0.00843243 , 0.00896624
0.00820382 , 0.00820382 , 0.00896624
0.00820382 , 0.00816215 , 0.00738707
0.00820382 , 0.00853511 , 0.00896624
0.00820382 , 0.0077383 , 0.00896624
0.00820382 , 0.00838371 , 0.00764931
0.00820382 , 0.00797019 , 0.00838371
0.00820382 , 0.00838371 , 0.00797019
0.00820382 , 0.00816215 , 0.00896624
0.00820382 , 0.00833658 , 1
0.00820382 , 0.00853511 , 0.00838371
0.00820382 , 0.00853511 , 0.00838371
0.00820382 , 0.00812165 , 0.00838371
0.00820382 , 0.00824672 , 0.00838371
0.00820382 , 0.00800658 , 0.00896624
0.00820382 , 0.00838371 , 0.00764931
0.00820382 , 0.00853511 , 0.00716529
0.00820382 , 0.00793468 , 0.00838371
0.00820382 , 0.00833658 , 0.00838371
0.00820382 , 0.00824672 , 0.00797019
0.00820382 , 0.00816215 , 0.00797019
0.00820382 , 0.00812165 , 0.00764931
0.00820382 , 0.00816215 , 0.00797019
0.00820382 , 0.00790004 , 0.00838371
0.00820382 , 0.00833658 , 0.00764931
0.00820382 , 0.00833658 , 0.00764931
0.00820382 , 0.00843243 , 0.00896624
0.00820382 , 0.00824672 , 0.00838371
0.00820382 , 0.00812165 , 0.00738707
0.00820382 , 0.00793468 , 0.00764931
0.00820382 , 0.00820382 , 0.00838371
0.00820382 , 0.00843243 , 0.00996129
0.00820382 , 0.00829095 , 0.00996129
0.00820382 , 0.00848285 , 0.00797019
0.00820382 , 0.00812165 , 0.00838371
0.00820382 , 0.00829095 , 0.00996129
0.00820382 , 0.00848285 , 0.00797019
0.00820382 , 0.00790004 , 0.00996129
0.00820382 , 0.00816215 , 0.00738707
0.00820382 , 0.00812165 , 0.00838371
0.00820382 , 0.00812165 , 0.00716529
0.00820382 , 0.00804393 , 0.00797019
0.00820382 , 0.00853511 , 0.00738707
0.00820382 , 0.00833658 , 0.00797019
0.00820382 , 0.00797019 , 0.00797019
0.00820382 , 0.00816215 , 0.00896624
0.00820382 , 0.00816215 , 0.00838371
0.00820382 , 0.00829095 , 0.00797019
0.00820382 , 0.00816215 , 0.00838371
0.00820382 , 0.00858934 , 0.00896624
0.00820382 , 0.0077383 , 0.00797019
0.00820382 , 0.00797019 , 0.00738707
0.00820382 , 0.00812165 , 0.00764931
0.00820382 , 0.00829095 , 0.00764931
0.00820382 , 0.00824672 , 0.00764931
