0.010162 , 0.00969315 , 1
0.010162 , 0.00985514 , 0.00954823
0.010162 , 0.00985514 , 1
0.010162 , 0.0108079 , 1
0.010162 , 0.0100388 , 0.00859426
0.010162 , 0.00929739 , 1
0.010162 , 0.0112031 , 1
0.010162 , 0.0102507 , 1
0.010162 , 0.0108079 , 1
0.010162 , 0.00969315 , 0.00954823
0.010162 , 0.0108079 , 0.00954823
0.010162 , 0.0102507 , 0.00859426
0.010162 , 0.0112031 , 0.00954823
0.010162 , 0.0108079 , 0.00954823
0.010162 , 0.0108079 , 0.00954823
0.010162 , 0.0100388 , 0.00954823
0.010162 , 0.00954823 , 0.00954823
0.010162 , 0.0100388 , 0.00954823
0.010162 , 0.0102507 , 1
0.010162 , 0.00954823 , 1
0.010162 , 0.00985514 , 1
0.010162 , 0.0105013 , 1
0.010162 , 0.00969315 , 1
0.010162 , 0.00969315 , 0.00954823
0.010162 , 0.0102507 , 0.00954823
0.010162 , 0.00969315 , 0.00954823
0.010162 , 0.0102507 , 1
0.010162 , 0.00985514 , 1
0.010162 , 0.00969315 , 1
0.010162 , 0.0108079 , 0.00859426
0.010162 , 0.0100388 , 1
0.010162 , 0.0102507 , 1
0.010162 , 0.00985514 , 0.00954823
0.010162 , 0.0102507 , 1
0.010162 , 0.0100388 , 1
0.010162 , 0.0100388 , 1
0.010162 , 0.0100388 , 0.00954823
0.010162 , 0.00954823 , 0.00954823
0.010162 , 0.0102507 , 0.00954823
0.010162 , 0.00929739 , 0.00954823
0.010162 , 0.00954823 , 1
0.010162 , 0.0100388 , 0.00954823
0.010162 , 0.0102507 , 1
0.010162 , 0.00985514 , 0.00859426
0.010162 , 0.0102507 , 0.00859426
0.010162 , 0.0112031 , 1
0.010162 , 0.0100388 , 1
0.010162 , 0.0105013 , 1
0.010162 , 0.0102507 , 0.00954823
0.010162 , 0.0108079 , 1
0.010162 , 0.00954823 , 1
0.010162 , 0.0105013 , 0.00859426
0.010162 , 0.0100388 , 0.00859426
0.010162 , 0.00954823 , 0.00954823
0.010162 , 0.0102507 , 1
0.010162 , 0.0102507 , 1
0.010162 , 0.0108079 , 0.00803579
0.010162 , 0.00954823 , 1
0.010162 , 0.0102507 , 0.00954823
0.010162 , 0.0102507 , 0.00954823
0.010162 , 0.0112031 , 1
0.010162 , 0.0100388 , 0.00859426
0.010162 , 0.0117597 , 1
0.010162 , 0.0105013 , 0.00954823
0.010162 , 0.0102507 , 0.00803579
0.010162 , 0.0102507 , 1
0.010162 , 0.00985514 , 0.00859426
0.010162 , 0.0100388 , 1
0.010162 , 0.00954823 , 0.00859426
0.010162 , 0.00954823 , 0.00859426
0.010162 , 0.00954823 , 0.00954823
0.010162 , 0.0117597 , 1
0.010162 , 0.0102507 , 0.00954823
0.010162 , 0.0100388 , 0.00859426
0.010162 , 0.0112031 , 1
0.010162 , 0.0105013 , 1
0.010162 , 0.0100388 , 1
0.010162 , 0.0112031 , 1
0.010162 , 0.00985514 , 0.00954823
0.010162 , 0.00969315 , 0.00954823
0.010162 , 0.0108079 , 0.00954823
0.010162 , 0.0108079 , 1
0.010162 , 0.0100388 , 0.00954823
0.010162 , 0.00985514 , 1
0.010162 , 0.0100388 , 1
0.010162 , 0.00985514 , 1
0.010162 , 0.00985514 , 1
0.010162 , 0.0108079 , 0.00859426
0.010162 , 0.00985514 , 1
0.010162 , 0.0105013 , 1
0.010162 , 0.00954823 , 0.00859426
0.010162 , 0.0105013 , 0.00954823
0.010162 , 0.0108079 , 1
0.010162 , 0.0105013 , 1
0.010162 , 0.0108079 , 0.00954823
0.010162 , 0.0102507 , 0.00954823
0.010162 , 0.00969315 , 0.00954823
0.010162 , 0.00969315 , 0.00954823
0.010162 , 0.00969315 , 0.00859426
0.010162 , 0.0100388 , 1
