1 , 1 , 1
0.00824531 , 0.00818739 , 0.00916806
1 , 1 , 1
0.00935202 , 0.00930724 , 0.0077156
1 , 1 , 1
1 , 1 , 1
0.00783554 , 0.00763021 , 0.00916806
0.0100316 , 0.00984268 , 1
1 , 1 , 1
0.0122054 , 1 , 1
1 , 1 , 1
1 , 1 , 1
1 , 1 , 1
0.00736503 , 0.0074381 , 0.0077156
1 , 1 , 1
1 , 1 , 1
0.00821926 , 0.00854693 , 0.00825191
0.00729901 , 0.00720876 , 0.00679812
0.00922198 , 0.00963915 , 0.0077156
0.0108021 , 0.0122054 , 1
0.00705283 , 0.00696238 , 0.00733492
0.00709082 , 0.00677623 , 0.00733492
0.00753068 , 0.00723919 , 0.00825191
1 , 1 , 1
0.00982086 , 0.00963915 , 1
0.0085804 , 0.0079568 , 0.0077156
0.00825854 , 0.00882138 , 0.00703953
0.0115062 , 0.0103778 , 1
0.00904213 , 0.00904213 , 1
0.00963915 , 0.00963915 , 0.00916806
1 , 1 , 1
1 , 1 , 1
0.0086862 , 0.00930724 , 0.00825191
1 , 1 , 1
1 , 1 , 1
0.0100064 , 0.00984268 , 0.00916806
0.0109978 , 0.011292 , 0.00916806
1 , 1 , 1
1 , 1 , 1
0.00949625 , 0.00930724 , 1
0.00849033 , 0.00854693 , 0.00916806
1 , 1 , 1
1 , 1 , 1
0.00960195 , 0.00984268 , 1
0.00884187 , 0.00882138 , 0.00916806
0.00984268 , 0.0103778 , 1
1 , 1 , 1
0.0115861 , 0.0103778 , 1
1 , 1 , 1
0.0113596 , 0.011292 , 1
0.00915491 , 0.00854693 , 1
0.00982086 , 0.00963915 , 1
0.00977827 , 0.0103778 , 1
0.00772002 , 0.00812587 , 0.00679812
0.00903017 , 0.00882138 , 1
1 , 1 , 1
1 , 1 , 1
1 , 1 , 1
1 , 1 , 1
0.00958374 , 0.00963915 , 0.00825191
0.00780688 , 0.00776046 , 0.00733492
1 , 1 , 1
0.0101372 , 0.00963915 , 0.00916806
1 , 1 , 1
1 , 1 , 1
1 , 1 , 1
1 , 1 , 1
1 , 1 , 1
1 , 1 , 1
0.00884187 , 0.00872344 , 0.0077156
1 , 1 , 1
1 , 1 , 1
1 , 1 , 1
1 , 1 , 1
1 , 1 , 1
1 , 1 , 1
1 , 1 , 1
1 , 1 , 1
1 , 1 , 1
0.00722389 , 0.00736842 , 0.00679812
0.00967743 , 0.0103778 , 1
1 , 1 , 1
1 , 1 , 1
1 , 1 , 1
0.0103453 , 0.0100834 , 1
0.0108484 , 0.0103778 , 1
1 , 1 , 1
1 , 1 , 1
1 , 1 , 1
1 , 1 , 1
0.00827862 , 0.00790492 , 1
0.00834078 , 0.00872344 , 0.00916806
1 , 1 , 1
1 , 1 , 1
1 , 1 , 1
1 , 1 , 1
0.00887321 , 0.00839122 , 0.00825191
0.00854693 , 0.00818739 , 1
1 , 1 , 1
1 , 1 , 1
