1 , 1 , 1
1 , 1 , 1
0.0081276 , 0.00806979 , 0.00741995
1 , 1 , 1
0.00896507 , 0.008817 , 0.008817
1 , 1 , 1
1 , 1 , 1
1 , 1 , 1
1 , 1 , 1
0.00886887 , 0.00869587 , 1
1 , 1 , 1
1 , 1 , 1
1 , 1 , 1
1 , 1 , 1
0.00710577 , 0.00690385 , 0.00741995
1 , 1 , 1
1 , 1 , 1
1 , 1 , 1
1 , 1 , 1
1 , 1 , 1
1 , 1 , 1
0.00800774 , 0.00793579 , 1
1 , 1 , 1
0.00769331 , 0.00806979 , 0.0070538
1 , 1 , 1
1 , 1 , 1
1 , 1 , 1
1 , 1 , 1
0.00936426 , 0.00927014 , 1
0.00812023 , 0.00800103 , 0.008817
1 , 1 , 1
0.008817 , 0.008817 , 0.0070538
0.0100128 , 0.0103458 , 1
1 , 1 , 1
0.0100128 , 0.0108601 , 1
1 , 1 , 1
1 , 1 , 1
1 , 1 , 1
0.00948726 , 0.00998069 , 1
0.00940395 , 0.00858529 , 1
0.00934487 , 0.00946591 , 0.008817
1 , 1 , 1
1 , 1 , 1
1 , 1 , 1
1 , 1 , 1
1 , 1 , 1
1 , 1 , 1
1 , 1 , 1
0.00838028 , 0.008817 , 1
0.00739475 , 0.00770387 , 0.00793579
1 , 1 , 1
1 , 1 , 1
1 , 1 , 1
1 , 1 , 1
1 , 1 , 1
1 , 1 , 1
1 , 1 , 1
0.0104333 , 0.0103458 , 1
0.0118722 , 0.0117387 , 1
1 , 1 , 1
0.008817 , 0.00910052 , 1
1 , 1 , 1
1 , 1 , 1
0.0084738 , 0.00869587 , 1
1 , 1 , 1
1 , 1 , 1
1 , 1 , 1
1 , 1 , 1
1 , 1 , 1
1 , 1 , 1
1 , 1 , 1
1 , 1 , 1
0.00843557 , 0.00895087 , 0.008817
1 , 1 , 1
1 , 1 , 1
0.00838933 , 0.00858529 , 1
1 , 1 , 1
1 , 1 , 1
1 , 1 , 1
1 , 1 , 1
1 , 1 , 1
1 , 1 , 1
1 , 1 , 1
1 , 1 , 1
1 , 1 , 1
1 , 1 , 1
0.0103458 , 0.0108601 , 1
1 , 1 , 1
1 , 1 , 1
1 , 1 , 1
0.00806274 , 0.00806979 , 0.00741995
1 , 1 , 1
0.00802809 , 0.00793579 , 0.008817
0.00964762 , 0.00969742 , 1
1 , 1 , 1
1 , 1 , 1
0.00977598 , 0.0103458 , 1
1 , 1 , 1
1 , 1 , 1
1 , 1 , 1
