0.00936766 , 0.00475555 , 0.0379664
0.00936766 , 0.0119166 , 0
0.00936766 , 0.00403931 , 0.00123944
0.00936766 , 0.00847207 , 0.0184828
0.00936766 , 0.00760576 , 0.0130836
0.00936766 , 0.00467604 , 0.012306
0.00936766 , 0.0153295 , 0.026826
0.00936766 , 0.00673733 , 0.010746
0.00936766 , 0.00933627 , 0.00204179
0.00936766 , 0.0101984 , 0
0.00936766 , 0.00531159 , 0.0222954
0.00936766 , 0.0112927 , 0
0.00936766 , 0.0146339 , 0.0305673
0.00936766 , 0.014092 , 0
0.00936766 , 0.0108241 , 0.025321
0.00936766 , 0.00665827 , 0.00602519
0.00936766 , 0.00316186 , 0
0.00936766 , 0 , 0
0.00936766 , 0.014092 , 0.025321
0.00936766 , 0.0037205 , 0
0.00936766 , 0.0129282 , 0.0215357
0.00936766 , 0.00515281 , 0
0.00936766 , 0.0112927 , 0.0238108
0.00936766 , 0.00618357 , 0
0.00936766 , 0.00744802 , 0.0230538
0.00936766 , 0.00736913 , 0.00204179
0.00936766 , 0.0105896 , 0.00523221
0.00936766 , 0.0083934 , 0.00760576
0.00936766 , 0.0120724 , 0.0192482
0.00936766 , 0.00665827 , 0.0184828
0.00936766 , 0.0128505 , 0.026826
0.00936766 , 0.0106678 , 0.0283261
0.00936766 , 0.0075269 , 0.0215357
0.00936766 , 0.00395964 , 0.0146339
0.00936766 , 0.0135493 , 0.0146339
0.00936766 , 0.0146339 , 0.00204179
0.00936766 , 0.0050734 , 0
0.00936766 , 0.0158697 , 0.0553622
0.00936766 , 0.00736913 , 0.0290743
0.00936766 , 0.0112927 , 0.0245665
0.00936766 , 0.00515281 , 0
0.00936766 , 0.00878656 , 0
0.00936766 , 0.00618357 , 0.016178
0.00936766 , 0.00284222 , 0.0083934
0.00936766 , 0.0144792 , 0.0091793
0.00936766 , 0.00760576 , 0.0083934
0.00936766 , 0.0150205 , 0.0083934
0.00936766 , 0.0091793 , 0.00364075
0.00936766 , 0.00933627 , 0.0200121
0.00936766 , 0.0111366 , 0
0.00936766 , 0.0119945 , 0.0230538
0.00936766 , 0.00459651 , 0
0.00936766 , 0.00260229 , 0.00204179
0.00936766 , 0.00980679 , 0.0138595
0.00936766 , 0.00713234 , 0.00602519
0.00936766 , 0.0167939 , 0.0154067
0.00936766 , 0.0135493 , 0
0.00936766 , 0.00610439 , 0.0327982
0.00936766 , 0.0121503 , 0.0115268
0.00936766 , 0.00443741 , 0.0115268
0.00936766 , 0.0148659 , 0
0.00936766 , 0.00784224 , 0.0387007
0.00936766 , 0.0154067 , 0.010746
0.00936766 , 0.00862935 , 0.0184828
0.00936766 , 0.00634188 , 0
0.00936766 , 0.0108241 , 0.00760576
0.00936766 , 0.00539095 , 0.039434
0.00936766 , 0.0125394 , 0.0230538
0.00936766 , 0.00602519 , 0
0.00936766 , 0.0119945 , 0
0.00936766 , 0.00332156 , 0.00681637
0.00936766 , 0.00316186 , 0.0115268
0.00936766 , 0.0132389 , 0.00760576
0.00936766 , 0.0076846 , 0.00681637
0.00936766 , 0.013782 , 0.00996349
0.00936766 , 0.0145565 , 0.017716
0.00936766 , 0.00784224 , 0.0184828
0.00936766 , 0.0123838 , 0.0222954
0.00936766 , 0.0113708 , 0.0154067
0.00936766 , 0.0190952 , 0.0238108
0.00936766 , 0.00618357 , 0.03428
0.00936766 , 0.0041986 , 0.00523221
0.00936766 , 0.016178 , 0
0.00936766 , 0.0075269 , 0.0238108
0.00936766 , 0.00996349 , 0.0083934
0.00936766 , 0.0132389 , 0.0115268
0.00936766 , 0.0147886 , 0.0146339
0.00936766 , 0.00910079 , 0.0192482
0.00936766 , 0.0091793 , 0.0184828
0.00936766 , 0.0170247 , 0.000435139
0.00936766 , 0.00855072 , 0.0154067
0.00936766 , 0.00862935 , 0.0298214
0.00936766 , 0.0144018 , 0
0.00936766 , 0.00878656 , 0
0.00936766 , 0.0207746 , 0.0275767
0.00936766 , 0.00618357 , 0.00523221
0.00936766 , 0.00539095 , 0.0260741
0.00936766 , 0.0119166 , 0
0.00936766 , 0.00823601 , 0.0327982
0.00936766 , 0.00886515 , 0
