0.0099666 , 0.00985334 , 0.0100182
0.00923317 , 0.00913137 , 0.0094347
0.00982386 , 0.00956466 , 0.00990983
0.0103378 , 0.0106168 , 0.00972264
0.00939961 , 0.00949689 , 0.00880673
0.0102025 , 0.0101167 , 0.0104911
0.010418 , 0.0103079 , 0.0103219
0.00939832 , 0.00951249 , 0.0097758
0.00941173 , 0.00929348 , 0.00988289
0.00982922 , 0.00953072 , 0.0105195
0.0096898 , 0.00983725 , 0.00982922
0.009783 , 0.00971204 , 0.00895425
0.00999184 , 0.00981317 , 0.010634
0.00942153 , 0.00949429 , 0.00892952
0.0101737 , 0.0100073 , 0.0100455
0.00975504 , 0.00971999 , 0.00925527
0.00992224 , 0.00982654 , 0.0107498
0.0108166 , 0.0107265 , 0.0110146
0.010009 , 0.0102466 , 0.0103219
0.0102316 , 0.0103639 , 0.00961707
0.00960447 , 0.00976249 , 0.00956466
0.0104908 , 0.0107381 , 0.0104627
0.00985039 , 0.00964337 , 0.0094865
0.0101052 , 0.0100728 , 0.00925527
0.00982279 , 0.0097545 , 0.0094865
0.00955839 , 0.00958036 , 0.0103219
0.0098622 , 0.0102271 , 0.0094347
0.010043 , 0.0100893 , 0.00938314
0.0104808 , 0.0104231 , 0.011286
0.0097033 , 0.00977047 , 0.00928073
0.00948417 , 0.00936001 , 0.0100182
0.00973325 , 0.00959345 , 0.00928073
0.0102313 , 0.0101801 , 0.0101002
0.00987832 , 0.00969615 , 0.00953855
0.00965206 , 0.00978113 , 0.00940889
0.0107146 , 0.0107381 , 0.0104344
0.00969509 , 0.00988827 , 0.00915402
0.00986193 , 0.00977846 , 0.0104061
0.0101373 , 0.00998559 , 0.00988289
0.00997718 , 0.00991522 , 0.00922987
0.00932593 , 0.00947094 , 0.00972264
0.00981932 , 0.00979447 , 0.00956466
0.0101222 , 0.0100046 , 0.00972264
0.0106814 , 0.0105766 , 0.010634
0.0102338 , 0.010158 , 0.0100455
0.00949455 , 0.0095725 , 0.0103499
0.00990983 , 0.00992332 , 0.010378
0.0100613 , 0.010205 , 0.010378
0.00974547 , 0.00969086 , 0.0102105
0.0104321 , 0.0107091 , 0.0108374
0.00997691 , 0.00982922 , 0.00892952
0.00976328 , 0.00955159 , 0.00910374
0.00993656 , 0.0101002 , 0.00964337
0.0104358 , 0.0105623 , 0.00969615
0.00996443 , 0.00971999 , 0.00920453
0.00990282 , 0.0100155 , 0.00890486
0.00954872 , 0.0094891 , 0.00938314
0.0103471 , 0.0104854 , 0.00951249
0.0103971 , 0.0102438 , 0.0111948
0.010515 , 0.0104599 , 0.0110744
0.00999347 , 0.0100318 , 0.00982922
0.00998695 , 0.0101222 , 0.0104911
0.0102199 , 0.0100019 , 0.0101552
0.00987859 , 0.00991792 , 0.00925527
0.0096832 , 0.0097359 , 0.0087337
0.0103171 , 0.0104797 , 0.0102382
0.009707 , 0.0100101 , 0.00935745
0.00978593 , 0.00957512 , 0.00890486
0.00904171 , 0.00898398 , 0.00890486
0.00975796 , 0.00947353 , 0.00883118
0.00960867 , 0.0095151 , 0.00961707
0.00984797 , 0.00995306 , 0.00935745
0.00972476 , 0.00992602 , 0.01169
0.0103808 , 0.0102022 , 0.0110445
0.0097561 , 0.00986408 , 0.0104061
0.0106819 , 0.0103275 , 0.0107498
0.0101401 , 0.00991792 , 0.00974919
0.0104008 , 0.0106197 , 0.0102382
0.0099444 , 0.00998288 , 0.00985602
0.00988585 , 0.00989366 , 0.0094347
0.00938751 , 0.00925527 , 0.00964337
0.0101307 , 0.010474 , 0.0109552
0.00987482 , 0.0100019 , 0.00917925
0.00944065 , 0.00938571 , 0.00895425
0.0102909 , 0.0101663 , 0.010548
0.00949741 , 0.00986139 , 0.00969615
0.00992845 , 0.00968293 , 0.00922987
0.0101258 , 0.0100318 , 0.010548
0.00956152 , 0.00972264 , 0.00974919
0.0101291 , 0.00979981 , 0.00990983
0.0101403 , 0.0102382 , 0.0103499
0.00948858 , 0.00948391 , 0.00905369
0.00979553 , 0.00993953 , 0.0094865
0.00988881 , 0.00974919 , 0.00996389
0.0107045 , 0.0104429 , 0.0112555
0.0107347 , 0.0106715 , 0.0105195
0.0103805 , 0.0103051 , 0.00999102
0.0102249 , 0.0105252 , 0.0103499
0.00959739 , 0.00948391 , 0.0101277
0.00984074 , 0.00988827 , 0.00964337
