3.51012e-620
0.05124
0.0524182
0.0540831
0.0506521
0.0600208
0.0542445
0.0458777
0.047832
0.052043
0.0504919
0.0568318
0.0491063
0.050225
0.0537067
0.0472497
0.0558605
0.0516145
0.0565079
0.0524182
0.0532231
0.0596963
0.0553214
0.0539218
0.0538142
0.0586688
0.0547827
0.0463518
0.0517216
0.0521501
0.0591014
0.057912
0.0484686
0.0620223
0.0495321
0.0503317
0.0530084
0.0589932
0.052901
0.0539755
0.0488404
0.0524182
0.0614273
0.0529547
0.0596963
0.0573178
0.0486279
0.0567238
0.047779
0.0566158
0.0539218
0.0489467
0.0566158
0.0542983
0.0503317
0.0497451
0.0583444
0.0504385
0.0557527
0.0525254
0.0561841
0.0534917
0.0574258
0.057858
0.0583985
0.0602913
0.047832
0.0553753
0.0530084
0.0584525
0.0554831
0.056292
0.0518287
0.0622386
0.0592095
0.0546212
0.0543521
0.0525791
0.052043
0.0525791
0.0601831
0.0546751
0.0518823
0.0512935
0.0602913
0.0617518
0.0542983
0.0540293
0.0501717
0.0568857
0.0482562
0.0575879
0.0460356
0.0483624
0.055537
0.0590473
0.057912
0.0457724
0.0560223
0.0533306
0.0517216
