3.09439e-1092
0.0452467
0.0377581
0.033855
0.0377074
0.0406692
0.0362955
0.0338056
0.0408236
0.0311648
0.0345979
0.0358944
0.0409267
0.0330669
0.0392334
0.038113
0.028151
0.0338056
0.0320881
0.0349956
0.0351949
0.0319906
0.0428943
0.0281982
0.033559
0.0375556
0.0319906
0.0365467
0.0371513
0.0343994
0.0294813
0.0350454
0.0357942
0.0348463
0.0356442
0.0306333
0.0346972
0.0334604
0.0359445
0.0391823
0.0369999
0.0432067
0.0348961
0.0372018
0.0297204
0.0463518
0.0341022
0.0401038
0.0338056
0.0339044
0.0302
0.0368487
0.0308263
0.0342012
0.0452467
0.0361951
0.026509
0.0411845
0.0298641
0.0422192
0.0334112
0.0382654
0.0255352
0.0323321
0.0334604
0.0309229
0.0354943
0.0368991
0.0363457
0.0407207
0.0374544
0.0372018
0.0309229
0.0362955
0.0404634
0.0404634
0.0358944
0.0393356
0.0342012
0.0312132
0.0289093
0.0319419
0.0400012
0.0392334
0.0343994
0.0396937
0.0287193
0.0297683
0.0343994
0.0395913
0.0349458
0.0350952
0.0366977
0.0345482
0.033559
0.0376568
0.037505
0.036597
0.0302962
0.0442507
0.0346475
