1.48936e-7352
0.00180609
4.74792e-28
0.00145469
0.00280017
0.000757683
0.00096597
0.00184134
4.74792e-28
0.000102759
0.00244344
0.00134965
4.74792e-28
0.00215941
0.00100075
0.000861738
0.00127971
0.000757683
0.000861738
0.00048106
0.000792348
0.00205322
0.00103555
0.00103555
0.00103555
0.0022303
4.74792e-28
0.000377651
0.00215941
0.00163015
0.00276441
0.000619215
0.00155991
0.00051557
0.000757683
0.00103555
0.00152482
0.000896463
0.000896463
4.74792e-28
0.000274418
0.00215941
0.0018766
0.000653802
0.00127971
0.00103555
0.000102759
0.00051557
0.00198251
0.00159502
0.000240047
0.000137051
0.00103555
4.74792e-28
0.000240047
0.00237232
0.000757683
3.4233e-05
0.00096597
0.00247902
0.000931206
4.74792e-28
0.000102759
0.00208859
0.00114008
4.74792e-28
0.0018766
0.000619215
4.74792e-28
0.00163015
0.00134965
0.000308809
0.000931206
4.74792e-28
0.00251463
4.74792e-28
0.00159502
4.74792e-28
4.74792e-28
4.74792e-28
4.74792e-28
0.00103555
3.4233e-05
0.000446571
0.000171363
0.00103555
0.00191189
0.000896463
0.00155991
0.0022303
0.00048106
0.00100075
0.00110522
0.00280017
0.000102759
0.000137051
0.00180609
0.000653802
0.000861738
0.00301512
4.74792e-28
