2.03265e-3166
0.00837256
0.0109137
0.00899102
0.011511
0.0125155
0.0132051
0.0163957
0.00707364
0.0117911
0.00764413
0.0168183
0.0101237
0.00714947
0.00860394
0.00895223
0.0122734
0.011471
0.00620678
0.0130831
0.0115909
0.0154728
0.0109931
0.00937989
0.00775871
0.0131237
0.00829558
0.0119516
0.00413638
0.0117911
0.0113115
0.00868121
0.0133682
0.0116309
0.0121526
0.0100451
0.0106364
0.0161431
0.00937989
0.00879725
0.00833406
0.00818024
0.011551
0.00810343
0.00937989
0.0104783
0.0107155
0.00883597
0.00810343
0.00852674
0.01036
0.00662017
0.00922412
0.0151395
0.0105573
0.011751
0.00718741
0.00764413
0.016903
0.0101237
0.01036
0.00810343
0.0119516
0.0103994
0.0135315
0.00965317
0.0128394
0.00941888
0.011551
0.00413638
0.013818
0.00718741
0.0121928
0.0131237
0.00825711
0.00930197
0.0077205
0.00741544
0.00764413
0.0117911
0.00906865
0.011711
0.00906865
0.00775871
0.0112318
0.00910749
0.0076823
0.00730135
0.00918523
0.00818024
0.0182261
0.0136133
0.0105969
0.00980973
0.00906865
0.00779694
0.00821866
0.0123137
0.00635685
0.00692219
0.00546078
