5.37922e-28
0.169252
0.176817
0.167694
0.165158
0.167525
0.171252
0.174277
0.163684
0.166692
0.179924
0.173872
0.17042
0.167441
0.171065
0.172392
0.16719
0.174175
0.165237
0.16118
0.169518
0.173173
0.170972
0.161394
0.166038
0.164298
0.170695
0.166527
0.170511
0.168638
0.159778
0.162485
0.171345
0.168551
0.170603
0.166692
0.171158
0.161972
0.171252
0.175524
0.166119
0.165635
0.174585
0.173371
0.182692
0.162559
0.168378
0.1619
0.167949
0.168987
0.165635
0.1689
0.165796
0.162707
0.164686
0.162338
0.164453
0.171722
0.166857
0.161827
0.166282
0.165158
0.168638
0.168378
0.169966
0.169518
0.169696
0.16694
0.171628
0.174482
0.16694
0.172489
0.173371
0.1619
0.162485
0.165716
0.17042
0.16761
0.170511
0.172295
0.167023
0.177483
0.164375
0.158892
0.175418
0.165158
0.169966
0.170972
0.1689
0.170329
0.1662
0.17042
0.164375
0.167525
0.171628
0.167357
0.1689
0.170238
0.173471
0.169876
0.167357
