9.41163e-51
0.14767
0.145663
0.152581
0.157959
0.152581
0.147251
0.152814
0.145511
0.145865
0.14965
0.146119
0.14521
0.14788
0.144022
0.146888
0.150644
0.151262
0.142239
0.146272
0.141767
0.142668
0.142955
0.143729
0.147827
0.1507
0.15418
0.146272
0.146425
0.154543
0.145713
0.150477
0.145461
0.149324
0.151603
0.150255
0.14965
0.15628
0.153049
0.152233
0.150589
0.150756
0.15009
0.147303
0.146837
0.139232
0.152523
0.147044
0.14976
0.156154
0.144762
0.14694
0.14526
0.147147
0.14516
0.150868
0.15098
0.151946
0.146528
0.149979
0.141955
0.15206
0.146477
0.146888
0.149487
0.154301
0.14987
0.147303
0.145461
0.149053
0.154
0.14857
0.155403
0.147199
0.1502
0.148999
0.148677
0.144366
0.152349
0.157959
0.145461
0.148945
0.148784
0.14927
0.155094
0.141158
0.147722
0.15166
0.14873
0.144564
0.147617
0.142525
0.147775
0.15009
0.146992
0.153226
0.144317
0.145916
0.146323
0.147617
0.145916
