1.11503e-20
0.188431
0.182824
0.170238
0.178973
0.185006
0.181531
0.179327
0.175103
0.175103
0.172008
0.175629
0.178392
0.186302
0.178973
0.182042
0.173471
0.18376
0.182042
0.176707
0.171439
0.175949
0.189715
0.176817
0.168292
0.178623
0.179924
0.180045
0.181405
0.177148
0.177821
0.18041
0.167106
0.179445
0.179208
0.171817
0.179924
0.178392
0.179208
0.183896
0.186155
0.172103
0.178048
0.173771
0.174379
0.177821
0.17638
0.17278
0.182561
0.174895
0.164686
0.183088
0.184308
0.173771
0.178392
0.178623
0.177595
0.181658
0.185432
0.173075
0.18078
0.187808
0.184865
0.186896
0.173872
0.178739
0.193366
0.1914
0.185575
0.174175
0.179804
0.178277
0.181279
0.172295
0.183355
0.183896
0.170511
0.18078
0.172683
0.179564
0.179804
0.186009
0.180533
0.180904
0.171817
0.173872
0.193551
0.171912
0.185575
0.178507
0.177483
0.175524
0.175629
0.179445
0.171912
0.181405
0.170147
0.178623
0.18041
0.17909
0.169966
