6.60281e-68
0.142429
0.137803
0.139776
0.133975
0.135328
0.140187
0.13448
0.136144
0.136014
0.142907
0.139142
0.140142
0.142525
0.137187
0.138872
0.149432
0.14172
0.137935
0.138513
0.140279
0.135073
0.144762
0.137714
0.13838
0.137582
0.138469
0.137714
0.146221
0.144415
0.13623
0.137056
0.135842
0.135286
0.13829
0.137099
0.137231
0.141438
0.13745
0.135158
0.135115
0.136446
0.134017
0.138603
0.139368
0.142572
0.139097
0.138513
0.140417
0.137143
0.132192
0.139867
0.140325
0.14412
0.140648
0.134776
0.138335
0.140786
0.135971
0.135158
0.143389
0.136446
0.140279
0.142859
0.137143
0.144317
0.136014
0.138024
0.134269
0.132686
0.133933
0.136446
0.132315
0.143681
0.129922
0.139277
0.144415
0.142097
0.136533
0.137406
0.135201
0.13838
0.14506
0.13798
0.13798
0.135585
0.136794
0.139549
0.136576
0.129762
0.135585
0.140786
0.138469
0.137803
0.139458
0.138603
0.142477
0.141673
0.136837
0.135542
0.139959
