5.20285e-120
0.119093
0.119055
0.118197
0.119242
0.118011
0.121567
0.116412
0.123041
0.120965
0.117155
0.121266
0.112956
0.117192
0.122549
0.118197
0.115632
0.11913
0.119653
0.121869
0.119765
0.1163
0.114332
0.118869
0.118831
0.116783
0.120102
0.122322
0.117713
0.119429
0.120627
0.112323
0.121379
0.117602
0.12089
0.115557
0.121228
0.119279
0.111801
0.117118
0.11857
0.114889
0.117602
0.121718
0.116523
0.117788
0.119578
0.122511
0.121755
0.117602
0.117639
0.114294
0.11969
0.119391
0.118048
0.11578
0.116635
0.12059
0.120927
0.124031
0.11474
0.122095
0.119429
0.114963
0.120702
0.110943
0.115892
0.11969
0.122246
0.118197
0.123612
0.113291
0.11999
0.113886
0.115186
0.113291
0.110082
0.112621
0.117899
0.118197
0.120177
0.118048
0.113291
0.118719
0.117602
0.121078
0.116077
0.11723
0.112137
0.116077
0.11816
0.118831
0.115669
0.119018
0.121078
0.117974
0.11474
0.11526
0.120177
0.121529
0.121153
