0.013415
0.23671
0.273006
0.243489
0.243489
0.243489
0.247026
0.242408
0.228016
0.235053
0.252633
0.244616
0.318702
0.276739
0.242408
0.302771
0.254246
0.23671
0.254246
0.266877
0.244616
0.281127
0.233491
0.254246
0.24137
0.245794
0.273006
0.251115
0.244616
0.245794
0.254246
0.266877
0.242408
0.266877
0.239407
0.254246
0.254246
0.293277
0.235869
0.234261
0.286461
0.245794
0.269756
0.228643
0.266877
0.24968
0.234261
0.24137
0.318702
0.24137
0.248319
0.244616
0.276739
0.259793
0.245794
0.257808
0.232015
0.286461
0.266877
0.252633
0.247026
0.232015
0.235869
0.239407
0.247026
0.229942
0.276739
0.261943
0.251115
0.244616
0.235053
0.226218
0.276739
0.261943
0.22294
0.244616
0.251115
0.244616
0.237579
0.225643
0.23671
0.234261
0.281127
0.24968
0.254246
0.252633
0.257808
0.233491
0.255966
0.239407
0.264291
0.273006
0.243489
0.264291
0.259793
0.238478
0.238478
0.24137
0.255966
0.254246
0.276739
