0.126781
0.293277
0.293277
0.259793
1
0.293277
0.269756
0.276739
0.254246
0.286461
0.281127
0.255966
0.318702
0.251115
0.259793
1
0.293277
0.281127
0.269756
0.286461
0.286461
0.286461
0.244616
1
0.259793
0.293277
0.281127
1
0.261943
0.261943
0.318702
0.255966
1
0.302771
0.259793
0.293277
0.251115
0.273006
0.281127
0.261943
0.266877
1
0.264291
0.261943
0.259793
1
0.286461
0.281127
0.261943
0.273006
0.259793
0.257808
1
0.261943
0.318702
0.276739
0.269756
1
0.264291
1
0.293277
0.264291
1
0.318702
0.252633
0.247026
0.269756
0.269756
1
0.255966
0.276739
0.223459
0.302771
0.318702
0.261943
0.286461
0.239407
0.293277
0.266877
0.293277
0.286461
0.276739
0.259793
1
0.286461
0.318702
1
0.269756
0.269756
0.252633
0.318702
0.235053
0.269756
0.293277
0.318702
0.269756
0.24968
0.264291
0.293277
0.273006
0.318702
