0.00209953
0.244616
0.261943
0.232743
0.230616
0.244616
0.23671
0.276739
0.239407
0.221928
0.235869
0.237579
0.259793
0.23671
0.255966
0.269756
0.237579
0.24037
0.259793
0.24137
0.229942
0.239407
0.22453
0.243489
0.247026
0.254246
0.245794
0.235869
0.228643
0.226804
0.220477
0.23671
0.24137
0.233491
0.230616
0.261943
0.232743
0.24137
0.23671
0.247026
0.259793
0.24037
0.247026
0.229942
0.225081
0.24968
0.23671
0.228016
0.232743
0.259793
0.251115
0.24968
0.259793
0.234261
0.248319
0.231306
0.222429
0.22001
0.233491
0.261943
0.245794
0.24968
0.237579
0.276739
0.245794
0.247026
0.264291
0.228643
0.243489
0.259793
0.208408
0.225081
0.248319
0.239407
0.22001
0.235869
0.276739
0.259793
0.233491
0.255966
0.216942
0.230616
0.229285
0.21653
0.242408
0.239407
0.238478
0.229285
0.232743
0.233491
0.24137
0.239407
0.281127
0.237579
0.237579
0.23671
0.229285
0.24037
0.237579
0.255966
0.276739
