4.27947e-06
0.20903
0.222429
0.22294
0.21307
0.235053
0.233491
0.225643
0.21955
0.216124
0.221436
0.205213
0.217785
0.203607
0.216942
0.216124
0.220477
0.208103
0.228643
0.221436
0.215723
0.206622
0.209345
0.235869
0.212711
0.220953
0.220953
0.229285
0.216942
0.208408
0.21955
0.231306
0.208717
0.22001
0.206622
0.223459
0.214177
0.223989
0.220477
0.213434
0.232015
0.218216
0.218654
0.214939
0.202836
0.242408
0.216942
0.209665
0.213434
0.210644
0.212005
0.214177
0.225081
0.208103
0.226218
0.217785
0.213803
0.222429
0.233491
0.197304
0.21736
0.219098
0.209345
0.21955
0.219098
0.214939
0.22001
0.22453
0.228643
0.203607
0.231306
0.229285
0.223459
0.225643
0.234261
0.197728
0.234261
0.23671
0.225081
0.230616
0.233491
0.234261
0.24968
0.20605
0.233491
0.234261
0.204668
0.212005
0.21736
0.223459
0.216942
0.211316
0.204668
0.22294
0.21307
0.234261
0.204399
0.222429
0.210978
0.231306
0.223989
