0.00963816 , 0.00963816
0.0119839 , 0.0119839
0.0078857 , 0.0078857
0.00921003 , 0.00921003
0.010763 , 0.010763
0.0109212 , 0.0109212
0.00954644 , 0.00954644
0.0115074 , 0.0115074
0.0091329 , 0.0091329
0.0117008 , 0.0117008
0.0116431 , 0.0116431
0.00880476 , 0.00880476
0.00973681 , 0.00973681
0.012523 , 0.012523
0.00975986 , 0.00975986
0.01061 , 0.01061
0.0103879 , 0.0103879
0.0101422 , 0.0101422
0.00999684 , 0.00999684
0.0115186 , 0.0115186
0.00917584 , 0.00917584
0.00943962 , 0.00943962
0.00937051 , 0.00937051
0.0131056 , 0.0131056
0.00889591 , 0.00889591
0.00947819 , 0.00947819
0.00821888 , 0.00821888
0.0113145 , 0.0113145
0.0093094 , 0.0093094
0.00879637 , 0.00879637
0.00910597 , 0.00910597
0.0111052 , 0.0111052
0.0100131 , 0.0100131
0.0111809 , 0.0111809
0.0102921 , 0.0102921
0.0083088 , 0.0083088
0.0147685 , 0.0147685
0.0103296 , 0.0103296
0.0100022 , 0.0100022
0.0113074 , 0.0113074
0.0100813 , 0.0100813
0.00957352 , 0.00957352
0.00952928 , 0.00952928
0.00948788 , 0.00948788
0.0097753 , 0.0097753
0.00931174 , 0.00931174
0.00859328 , 0.00859328
0.00997798 , 0.00997798
0.00936815 , 0.00936815
0.00891952 , 0.00891952
0.0103296 , 0.0103296
0.00993248 , 0.00993248
0.00967586 , 0.00967586
0.0122763 , 0.0122763
0.0102094 , 0.0102094
0.00933751 , 0.00933751
0.0103732 , 0.0103732
0.00995919 , 0.00995919
0.0117202 , 0.0117202
0.00899541 , 0.00899541
0.0133406 , 0.0133406
0.00856126 , 0.00856126
0.00836206 , 0.00836206
0.010647 , 0.010647
0.0102777 , 0.0102777
0.0124363 , 0.0124363
0.00852154 , 0.00852154
0.0108983 , 0.0108983
0.00861139 , 0.00861139
0.00975986 , 0.00975986
0.0102094 , 0.0102094
0.00914868 , 0.00914868
0.0109674 , 0.0109674
0.0102806 , 0.0102806
0.00825614 , 0.00825614
0.00987424 , 0.00987424
0.00912615 , 0.00912615
0.00971386 , 0.00971386
0.0106563 , 0.0106563
0.0139351 , 0.0139351
0.00864172 , 0.00864172
0.014695 , 0.014695
0.0122894 , 0.0122894
0.012046 , 0.012046
0.0105307 , 0.0105307
0.00851166 , 0.00851166
0.00816904 , 0.00816904
0.0110408 , 0.0110408
0.00999145 , 0.00999145
0.00809615 , 0.00809615
0.00917812 , 0.00917812
0.00998067 , 0.00998067
0.00885967 , 0.00885967
0.00855329 , 0.00855329
0.0104084 , 0.0104084
0.0103267 , 0.0103267
0.0106285 , 0.0106285
0.0105885 , 0.0105885
0.00942524 , 0.00942524
0.00938948 , 0.00938948
