0.00982999 , 0.00982999
0.00855874 , 0.00855874
0.0102245 , 0.0102245
0.0118829 , 0.0118829
0.0106434 , 0.0106434
0.00967207 , 0.00967207
0.0105263 , 0.0105263
0.00758728 , 0.00758728
0.0111007 , 0.0111007
0.00952401 , 0.00952401
0.0119606 , 0.0119606
0.0141276 , 0.0141276
0.00987055 , 0.00987055
0.0112111 , 0.0112111
0.00985575 , 0.00985575
0.0111424 , 0.0111424
0.00924778 , 0.00924778
0.011471 , 0.011471
0.0117445 , 0.0117445
0.00942085 , 0.00942085
0.00997205 , 0.00997205
0.0110137 , 0.0110137
0.00916726 , 0.00916726
0.00941429 , 0.00941429
0.0112326 , 0.0112326
0.0127949 , 0.0127949
0.0114482 , 0.0114482
0.00865077 , 0.00865077
0.00948707 , 0.00948707
0.00948373 , 0.00948373
0.00976456 , 0.00976456
0.0104561 , 0.0104561
0.00961628 , 0.00961628
0.00899959 , 0.00899959
0.00840115 , 0.00840115
0.00869631 , 0.00869631
0.0104779 , 0.0104779
0.0114425 , 0.0114425
0.0112812 , 0.0112812
0.00983366 , 0.00983366
0.00825959 , 0.00825959
0.00792997 , 0.00792997
0.010349 , 0.010349
0.0103702 , 0.0103702
0.013683 , 0.013683
0.00973585 , 0.00973585
0.0137251 , 0.0137251
0.0122252 , 0.0122252
0.00999883 , 0.00999883
0.0117199 , 0.0117199
0.0116112 , 0.0116112
0.00902898 , 0.00902898
0.00818375 , 0.00818375
0.00978624 , 0.00978624
0.00980441 , 0.00980441
0.0126184 , 0.0126184
0.0117817 , 0.0117817
0.010249 , 0.010249
0.00900252 , 0.00900252
0.0111687 , 0.0111687
0.0109634 , 0.0109634
0.0124277 , 0.0124277
0.00961628 , 0.00961628
0.00855096 , 0.00855096
0.00977539 , 0.00977539
0.00949711 , 0.00949711
0.0126341 , 0.0126341
0.00966855 , 0.00966855
0.0104692 , 0.0104692
0.00971092 , 0.00971092
0.00854319 , 0.00854319
0.00675001 , 0.00675001
0.00834191 , 0.00834191
0.0101557 , 0.0101557
0.0136104 , 0.0136104
0.0110852 , 0.0110852
0.0105844 , 0.0105844
0.0103196 , 0.0103196
0.00966154 , 0.00966154
0.00887867 , 0.00887867
0.00934292 , 0.00934292
0.00880575 , 0.00880575
0.00840613 , 0.00840613
0.00968967 , 0.00968967
0.0105352 , 0.0105352
0.0108504 , 0.0108504
0.00655487 , 0.00655487
0.0101238 , 0.0101238
0.0113973 , 0.0113973
0.0130063 , 0.0130063
0.0111952 , 0.0111952
0.00953415 , 0.00953415
0.00687785 , 0.00687785
0.0084791 , 0.0084791
0.010053 , 0.010053
0.0137784 , 0.0137784
0.0158635 , 0.0158635
0.00950046 , 0.00950046
0.00863748 , 0.00863748
0.0101079 , 0.0101079
