0.00795948 , 0.00795948
1 , 1
0.00683048 , 0.00683048
0.00964221 , 0.00964221
0.00928926 , 0.00928926
0.00855844 , 0.00855844
0.00815179 , 0.00815179
0.0150028 , 0.0150028
0.00750687 , 0.00750687
1 , 1
0.0138568 , 0.0138568
0.0132879 , 0.0132879
0.00918962 , 0.00918962
1 , 1
0.0100338 , 0.0100338
0.00824506 , 0.00824506
0.0101362 , 0.0101362
0.00970284 , 0.00970284
0.0102278 , 0.0102278
0.012888 , 0.012888
0.0128364 , 0.0128364
1 , 1
0.0100917 , 0.0100917
0.00818245 , 0.00818245
0.0103729 , 0.0103729
0.00911303 , 0.00911303
0.0091799 , 0.0091799
1 , 1
0.0104578 , 0.0104578
1 , 1
0.015295 , 0.015295
0.0116747 , 0.0116747
0.00917022 , 0.00917022
0.0142081 , 0.0142081
0.00884737 , 0.00884737
0.0136258 , 0.0136258
0.0138568 , 0.0138568
0.0137001 , 0.0137001
0.00956003 , 0.00956003
0.0107938 , 0.0107938
1 , 1
0.0147449 , 0.0147449
0.013554 , 0.013554
0.00674507 , 0.00674507
0.00848643 , 0.00848643
0.0104065 , 0.0104065
1 , 1
0.0102593 , 0.0102593
0.00963028 , 0.00963028
0.012786 , 0.012786
0.0141148 , 0.0141148
0.00999139 , 0.00999139
1 , 1
0.0107146 , 0.0107146
0.00780849 , 0.00780849
0.0082835 , 0.0082835
0.0126885 , 0.0126885
0.00956003 , 0.00956003
0.0109183 , 0.0109183
0.0126413 , 0.0126413
0.0105461 , 0.0105461
0.0123776 , 0.0123776
0.0118961 , 0.0118961
0.010676 , 0.010676
0.00966626 , 0.00966626
1 , 1
0.00904812 , 0.00904812
0.00922894 , 0.00922894
0.0112893 , 0.0112893
0.00783471 , 0.00783471
0.0146265 , 0.0146265
0.00945869 , 0.00945869
0.0128364 , 0.0128364
1 , 1
0.00724151 , 0.00724151
0.0113404 , 0.0113404
0.00906647 , 0.00906647
0.00852214 , 0.00852214
0.0168106 , 0.0168106
0.00980345 , 0.00980345
0.0147449 , 0.0147449
0.0114193 , 0.0114193
0.00971517 , 0.00971517
0.00755747 , 0.00755747
0.0115292 , 0.0115292
0.00952573 , 0.00952573
0.0109397 , 0.0109397
0.0077723 , 0.0077723
0.0111665 , 0.0111665
0.00885573 , 0.00885573
0.00838941 , 0.00838941
0.00969058 , 0.00969058
0.01487 , 0.01487
0.00897621 , 0.00897621
0.0109833 , 0.0109833
0.0134844 , 0.0134844
1 , 1
1 , 1
0.0120333 , 0.0120333
0.008881 , 0.008881
