0.0140717 , 0.0140717
0.00864535 , 0.00864535
0.0100121 , 0.0100121
1 , 1
0.00950568 , 0.00950568
1 , 1
0.00940968 , 0.00940968
0.00896522 , 0.00896522
0.0128494 , 0.0128494
1 , 1
0.00789273 , 0.00789273
0.00855475 , 0.00855475
0.00926729 , 0.00926729
0.00945028 , 0.00945028
0.00939632 , 0.00939632
0.00936986 , 0.00936986
0.0106845 , 0.0106845
1 , 1
1 , 1
0.0105176 , 0.0105176
0.00836837 , 0.00836837
0.00963604 , 0.00963604
1 , 1
0.0116877 , 0.0116877
1 , 1
0.0100852 , 0.0100852
1 , 1
1 , 1
0.010949 , 0.010949
0.00935676 , 0.00935676
1 , 1
0.0113531 , 0.0113531
0.00949169 , 0.00949169
0.00802569 , 0.00802569
1 , 1
0.00896522 , 0.00896522
0.0157683 , 0.0157683
0.0125836 , 0.0125836
0.0125836 , 0.0125836
0.00901998 , 0.00901998
0.00832826 , 0.00832826
0.00757131 , 0.00757131
0.0125836 , 0.0125836
1 , 1
0.00881916 , 0.00881916
0.0134174 , 0.0134174
0.00894371 , 0.00894371
0.00985673 , 0.00985673
0.0175041 , 0.0175041
1 , 1
0.0101998 , 0.0101998
0.00938305 , 0.00938305
1 , 1
0.0125836 , 0.0125836
1 , 1
1 , 1
0.0073125 , 0.0073125
1 , 1
1 , 1
1 , 1
1 , 1
0.00664794 , 0.00664794
0.00959167 , 0.00959167
1 , 1
0.00715332 , 0.00715332
0.0101038 , 0.0101038
1 , 1
0.00866396 , 0.00866396
0.0125222 , 0.0125222
1 , 1
0.0092301 , 0.0092301
0.00942312 , 0.00942312
1 , 1
0.0102195 , 0.0102195
0.0110952 , 0.0110952
1 , 1
0.0113877 , 0.0113877
1 , 1
0.00758237 , 0.00758237
0.00971218 , 0.00971218
0.016458 , 0.016458
1 , 1
1 , 1
0.00764426 , 0.00764426
1 , 1
0.0109775 , 0.0109775
0.0111567 , 0.0111567
0.00712201 , 0.00712201
0.00795815 , 0.00795815
0.0119002 , 0.0119002
0.0112855 , 0.0112855
0.00875959 , 0.00875959
0.0175041 , 0.0175041
1 , 1
1 , 1
1 , 1
0.00852833 , 0.00852833
1 , 1
0.0108933 , 0.0108933
0.0082889 , 0.0082889
