1 , 1
1 , 1
0.0108251 , 0.0108251
1 , 1
1 , 1
1 , 1
1 , 1
1 , 1
1 , 1
1 , 1
1 , 1
0.00733286 , 0.00733286
1 , 1
0.014694 , 0.014694
0.00870233 , 0.00870233
1 , 1
1 , 1
1 , 1
1 , 1
1 , 1
1 , 1
1 , 1
1 , 1
0.00637693 , 0.00637693
1 , 1
0.00853696 , 0.00853696
1 , 1
1 , 1
0.00786673 , 0.00786673
0.00824881 , 0.00824881
1 , 1
0.00893539 , 0.00893539
0.00906551 , 0.00906551
1 , 1
1 , 1
1 , 1
1 , 1
1 , 1
1 , 1
1 , 1
1 , 1
0.0120475 , 0.0120475
0.00762309 , 0.00762309
1 , 1
0.0131882 , 0.0131882
1 , 1
1 , 1
0.00670032 , 0.00670032
1 , 1
1 , 1
0.00968168 , 0.00968168
1 , 1
1 , 1
1 , 1
1 , 1
1 , 1
1 , 1
1 , 1
1 , 1
0.00798926 , 0.00798926
0.00687834 , 0.00687834
1 , 1
0.00917751 , 0.00917751
1 , 1
1 , 1
0.00838663 , 0.00838663
0.00929766 , 0.00929766
0.0101304 , 0.0101304
0.00888608 , 0.00888608
0.0101304 , 0.0101304
1 , 1
1 , 1
1 , 1
1 , 1
0.0120475 , 0.0120475
1 , 1
1 , 1
0.00585429 , 0.00585429
1 , 1
1 , 1
1 , 1
1 , 1
0.0100304 , 0.0100304
1 , 1
1 , 1
0.00851741 , 0.00851741
1 , 1
1 , 1
1 , 1
1 , 1
1 , 1
1 , 1
0.0111734 , 0.0111734
1 , 1
1 , 1
1 , 1
0.00708597 , 0.00708597
1 , 1
0.00711073 , 0.00711073
1 , 1
