0.00726561 , 0.00726561
1 , 1
1 , 1
0.00941416 , 0.00941416
0.00769396 , 0.00769396
1 , 1
1 , 1
1 , 1
1 , 1
1 , 1
1 , 1
1 , 1
1 , 1
1 , 1
1 , 1
0.0144028 , 0.0144028
1 , 1
1 , 1
1 , 1
1 , 1
1 , 1
1 , 1
1 , 1
1 , 1
1 , 1
0.00899576 , 0.00899576
0.0117235 , 0.0117235
0.0117235 , 0.0117235
0.0067393 , 0.0067393
1 , 1
1 , 1
0.00769396 , 0.00769396
1 , 1
1 , 1
1 , 1
1 , 1
1 , 1
1 , 1
1 , 1
1 , 1
1 , 1
1 , 1
1 , 1
1 , 1
0.00884161 , 0.00884161
1 , 1
0.00799562 , 0.00799562
0.00614106 , 0.00614106
1 , 1
1 , 1
1 , 1
1 , 1
1 , 1
1 , 1
1 , 1
1 , 1
1 , 1
1 , 1
1 , 1
1 , 1
1 , 1
0.00577002 , 0.00577002
1 , 1
1 , 1
1 , 1
1 , 1
0.0061533 , 0.0061533
1 , 1
1 , 1
1 , 1
1 , 1
0.00701728 , 0.00701728
1 , 1
0.00699563 , 0.00699563
1 , 1
1 , 1
0.0101628 , 0.0101628
1 , 1
1 , 1
0.0111162 , 0.0111162
0.00984585 , 0.00984585
1 , 1
1 , 1
1 , 1
1 , 1
0.008456 , 0.008456
1 , 1
1 , 1
1 , 1
1 , 1
1 , 1
1 , 1
1 , 1
1 , 1
1 , 1
1 , 1
1 , 1
1 , 1
1 , 1
1 , 1
