1 , 1
1 , 1
1 , 1
1 , 1
1 , 1
1 , 1
1 , 1
1 , 1
1 , 1
1 , 1
1 , 1
1 , 1
1 , 1
1 , 1
0.00781869 , 0.00781869
0.0069882 , 0.0069882
1 , 1
0.00814514 , 0.00814514
0.00605477 , 0.00605477
1 , 1
1 , 1
0.0108043 , 0.0108043
1 , 1
1 , 1
1 , 1
1 , 1
1 , 1
1 , 1
1 , 1
0.00990272 , 0.00990272
0.00720582 , 0.00720582
1 , 1
1 , 1
1 , 1
1 , 1
1 , 1
1 , 1
1 , 1
1 , 1
1 , 1
1 , 1
1 , 1
1 , 1
1 , 1
1 , 1
1 , 1
1 , 1
1 , 1
1 , 1
1 , 1
1 , 1
1 , 1
1 , 1
1 , 1
1 , 1
1 , 1
1 , 1
1 , 1
1 , 1
1 , 1
1 , 1
1 , 1
1 , 1
1 , 1
1 , 1
1 , 1
1 , 1
1 , 1
1 , 1
1 , 1
1 , 1
1 , 1
1 , 1
0.00777445 , 0.00777445
1 , 1
1 , 1
1 , 1
0.00771052 , 0.00771052
1 , 1
1 , 1
1 , 1
1 , 1
1 , 1
1 , 1
1 , 1
1 , 1
1 , 1
0.0060221 , 0.0060221
1 , 1
1 , 1
1 , 1
1 , 1
0.009353 , 0.009353
1 , 1
1 , 1
1 , 1
1 , 1
1 , 1
1 , 1
1 , 1
