0.0142191 , 0.0145493 , 0.0167015
0.0142191 , 0.0156754 , 0.0110053
0.0142191 , 0.0131927 , 0.0143414
0.0142191 , 0.0130158 , 0.0125068
0.0142191 , 0.0141385 , 0.0110053
0.0142191 , 0.0154376 , 0.0256626
0.0142191 , 0.0149815 , 0.0167015
0.0142191 , 0.0128427 , 0.0167015
0.0142191 , 0.0164328 , 0.0125068
0.0142191 , 0.0128427 , 0.0200183
0.0142191 , 0.0154376 , 0.0143414
0.0142191 , 0.0135582 , 0.0167015
0.0142191 , 0.0147626 , 0.0167015
0.0142191 , 0.0164328 , 0.0200183
0.0142191 , 0.0149815 , 0.0125068
0.0142191 , 0.0154376 , 0.0125068
0.0142191 , 0.0175645 , 0.0167015
0.0142191 , 0.0161725 , 0.0167015
0.0142191 , 0.0147626 , 0.0125068
0.0142191 , 0.0178734 , 0.0125068
0.0142191 , 0.0147626 , 0.0125068
0.0142191 , 0.0143414 , 1
0.0142191 , 0.0152064 , 0.0125068
0.0142191 , 0.0154376 , 0.00973405
0.0142191 , 0.012673 , 0.0167015
0.0142191 , 0.0128427 , 0.0167015
0.0142191 , 0.0164328 , 0.0200183
0.0142191 , 0.0133734 , 0.0125068
0.0142191 , 0.0169793 , 0.0143414
0.0142191 , 0.0125068 , 0.0167015
0.0142191 , 0.0128427 , 0.0143414
0.0142191 , 0.0154376 , 0.0167015
0.0142191 , 0.0128427 , 0.0110053
0.0142191 , 0.0131927 , 0.0143414
0.0142191 , 0.0145493 , 0.0143414
0.0142191 , 0.0145493 , 0.0143414
0.0142191 , 0.0133734 , 0.0167015
0.0142191 , 0.0137472 , 0.0200183
0.0142191 , 0.012673 , 0.00973405
0.0142191 , 0.0143414 , 0.0200183
0.0142191 , 0.0147626 , 0.0256626
0.0142191 , 0.0118733 , 0.0110053
0.0142191 , 0.0137472 , 0.0143414
0.0142191 , 0.0139405 , 0.0110053
0.0142191 , 0.0147626 , 0.00863151
0.0142191 , 0.0149815 , 0.0143414
0.0142191 , 0.0164328 , 0.0200183
0.0142191 , 0.0135582 , 0.0110053
0.0142191 , 0.0164328 , 0.0167015
0.0142191 , 0.012673 , 0.0110053
0.0142191 , 0.0135582 , 0.0143414
0.0142191 , 0.0149815 , 0.0143414
0.0142191 , 0.0145493 , 0.0167015
0.0142191 , 0.0145493 , 0.0200183
0.0142191 , 0.0133734 , 0.0167015
0.0142191 , 0.0139405 , 0.0143414
0.0142191 , 0.0164328 , 0.0167015
0.0142191 , 0.0147626 , 0.0110053
0.0142191 , 0.0149815 , 0.0200183
0.0142191 , 0.0147626 , 0.0143414
0.0142191 , 0.0152064 , 0.0143414
0.0142191 , 0.0133734 , 0.00973405
0.0142191 , 0.0156754 , 0.00973405
0.0142191 , 0.0141385 , 0.0110053
0.0142191 , 0.0152064 , 0.00973405
0.0142191 , 0.012673 , 0.0143414
0.0142191 , 0.0152064 , 0.0143414
0.0142191 , 0.0145493 , 0.0125068
0.0142191 , 0.0137472 , 0.0200183
0.0142191 , 0.0161725 , 0.0167015
0.0142191 , 0.0156754 , 0.0125068
0.0142191 , 0.0161725 , 0.0110053
0.0142191 , 0.012673 , 0.0200183
0.0142191 , 0.0147626 , 0.0125068
0.0142191 , 0.0149815 , 0.0143414
0.0142191 , 0.0139405 , 0.0143414
0.0142191 , 0.0135582 , 0.0167015
0.0142191 , 0.0152064 , 0.0143414
0.0142191 , 0.0143414 , 0.0200183
0.0142191 , 0.0145493 , 0.0200183
0.0142191 , 0.0141385 , 0.0143414
0.0142191 , 0.0133734 , 0.0143414
0.0142191 , 0.0135582 , 0.0143414
0.0142191 , 0.0145493 , 0.0256626
0.0142191 , 0.0125068 , 0.00973405
0.0142191 , 0.0147626 , 0.0125068
0.0142191 , 0.0130158 , 0.0167015
0.0142191 , 0.0147626 , 0.0143414
0.0142191 , 0.0123438 , 0.0167015
0.0142191 , 0.0145493 , 0.0110053
0.0142191 , 0.0135582 , 0.0167015
0.0142191 , 0.0135582 , 0.0143414
0.0142191 , 0.0131927 , 0.0200183
0.0142191 , 0.0139405 , 0.00863151
0.0142191 , 0.0143414 , 0.0167015
0.0142191 , 0.0143414 , 0.0167015
0.0142191 , 0.0123438 , 0.0200183
0.0142191 , 0.0130158 , 0.00863151
0.0142191 , 0.0123438 , 0.0143414
0.0142191 , 0.0147626 , 0.0110053
