0.0141535 , 0.0153435 , 1
0.0141535 , 0.0133905 , 0.0111656
0.0141535 , 0.0133905 , 0.0133905
0.0141535 , 0.0166619 , 0.0133905
0.0141535 , 0.0149661 , 0.0171824
0.0141535 , 0.0146128 , 0.0171824
0.0141535 , 0.0139678 , 0.0133905
0.0141535 , 0.013123 , 0.0171824
0.0141535 , 0.0146128 , 1
0.0141535 , 0.0146128 , 0.0111656
0.0141535 , 0.0126241 , 0.0111656
0.0141535 , 0.0149661 , 0.0133905
0.0141535 , 0.0146128 , 0.0171824
0.0141535 , 0.0126241 , 0.0133905
0.0141535 , 0.0142809 , 0.00958391
0.0141535 , 0.0121666 , 1
0.0141535 , 0.0139678 , 0.0073504
0.0141535 , 0.0146128 , 0.00835534
0.0141535 , 0.0142809 , 0.0171824
0.0141535 , 0.0146128 , 0.0171824
0.0141535 , 0.0171824 , 0.0171824
0.0141535 , 0.0146128 , 0.0133905
0.0141535 , 0.0157489 , 0.0171824
0.0141535 , 0.0136716 , 0.0171824
0.0141535 , 0.0166619 , 0.0111656
0.0141535 , 0.0136716 , 0.0171824
0.0141535 , 0.0146128 , 0.0171824
0.0141535 , 0.0126241 , 0.0171824
0.0141535 , 0.0153435 , 0.0111656
0.0141535 , 0.0142809 , 0.0111656
0.0141535 , 0.0146128 , 0.0171824
0.0141535 , 0.0146128 , 0.0171824
0.0141535 , 0.013123 , 1
0.0141535 , 0.0139678 , 0.0133905
0.0141535 , 0.0149661 , 0.0171824
0.0141535 , 0.0166619 , 0.0133905
0.0141535 , 0.0117442 , 0.0111656
0.0141535 , 0.0153435 , 0.0133905
0.0141535 , 0.0133905 , 0.00835534
0.0141535 , 0.0146128 , 0.0111656
0.0141535 , 0.0146128 , 0.00958391
0.0141535 , 0.0133905 , 0.0171824
0.0141535 , 0.0142809 , 0.0171824
0.0141535 , 0.0133905 , 1
0.0141535 , 0.0142809 , 0.0133905
0.0141535 , 0.0128679 , 0.0133905
0.0141535 , 0.0142809 , 1
0.0141535 , 0.0157489 , 1
0.0141535 , 0.0161864 , 0.0111656
0.0141535 , 0.0139678 , 0.0171824
0.0141535 , 0.0146128 , 0.0171824
0.0141535 , 0.0139678 , 0.0133905
0.0141535 , 0.0121666 , 0.0111656
0.0141535 , 0.0157489 , 0.0111656
0.0141535 , 0.0142809 , 0.0133905
0.0141535 , 0.0153435 , 0.0171824
0.0141535 , 0.0139678 , 0.0111656
0.0141535 , 0.013123 , 0.0111656
0.0141535 , 0.0157489 , 0.0111656
0.0141535 , 0.0166619 , 0.0133905
0.0141535 , 0.0139678 , 0.0133905
0.0141535 , 0.0126241 , 0.0171824
0.0141535 , 0.0139678 , 0.0171824
0.0141535 , 0.0136716 , 1
0.0141535 , 0.0139678 , 0.00958391
0.0141535 , 0.0149661 , 0.00958391
0.0141535 , 0.0128679 , 0.0133905
0.0141535 , 0.0149661 , 0.0133905
0.0141535 , 0.0146128 , 0.0133905
0.0141535 , 0.0153435 , 0.0133905
0.0141535 , 0.0126241 , 0.0133905
0.0141535 , 0.0146128 , 0.0171824
0.0141535 , 0.0149661 , 0.0133905
0.0141535 , 0.0128679 , 1
0.0141535 , 0.0161864 , 0.0133905
0.0141535 , 0.0166619 , 1
0.0141535 , 0.0121666 , 0.0133905
0.0141535 , 0.0139678 , 0.0111656
0.0141535 , 0.0157489 , 0.0133905
0.0141535 , 0.013123 , 0.00958391
0.0141535 , 0.013123 , 0.0171824
0.0141535 , 0.0142809 , 0.0111656
0.0141535 , 0.013123 , 0.0133905
0.0141535 , 0.0139678 , 0.0171824
0.0141535 , 0.0166619 , 0.0133905
0.0141535 , 0.0136716 , 0.0171824
0.0141535 , 0.0149661 , 1
0.0141535 , 0.0149661 , 1
0.0141535 , 0.0136716 , 0.0171824
0.0141535 , 0.0153435 , 0.0111656
0.0141535 , 0.0142809 , 0.0171824
0.0141535 , 0.0142809 , 0.00958391
0.0141535 , 0.0139678 , 1
0.0141535 , 0.0157489 , 1
0.0141535 , 0.0121666 , 0.0133905
0.0141535 , 0.0157489 , 0.0133905
0.0141535 , 0.0136716 , 0.0171824
0.0141535 , 0.0139678 , 0.0133905
0.0141535 , 0.0149661 , 0.0073504
0.0141535 , 0.0153435 , 0.0111656
