0.0139361 , 0.013832 , 0.0129147
0.0139361 , 0.0121646 , 1
0.0139361 , 0.0125226 , 1
0.0139361 , 0.013832 , 1
0.0139361 , 0.0125226 , 1
0.0139361 , 0.013832 , 1
0.0139361 , 0.013832 , 1
0.0139361 , 0.013832 , 1
0.0139361 , 0.0115299 , 0.0129147
0.0139361 , 0.0166761 , 0.0129147
0.0139361 , 0.0125226 , 0.0129147
0.0139361 , 0.0129147 , 1
0.0139361 , 0.0150134 , 1
0.0139361 , 0.0121646 , 0.0129147
0.0139361 , 0.0157614 , 1
0.0139361 , 0.0157614 , 1
0.0139361 , 0.0125226 , 0.0129147
0.0139361 , 0.0121646 , 1
0.0139361 , 0.0133479 , 1
0.0139361 , 0.0125226 , 1
0.0139361 , 0.0125226 , 1
0.0139361 , 0.013832 , 1
0.0139361 , 0.013832 , 1
0.0139361 , 0.0143806 , 1
0.0139361 , 0.013832 , 1
0.0139361 , 0.0133479 , 1
0.0139361 , 0.0129147 , 0.0100598
0.0139361 , 0.0125226 , 1
0.0139361 , 0.0157614 , 0.0129147
0.0139361 , 0.0143806 , 0.0129147
0.0139361 , 0.0166761 , 0.00838592
0.0139361 , 0.0143806 , 0.0100598
0.0139361 , 0.0129147 , 0.0100598
0.0139361 , 0.0178541 , 0.0129147
0.0139361 , 0.0150134 , 1
0.0139361 , 0.0157614 , 1
0.0139361 , 0.0121646 , 1
0.0139361 , 0.0150134 , 1
0.0139361 , 0.0133479 , 0.0129147
0.0139361 , 0.0143806 , 0.0129147
0.0139361 , 0.0195119 , 1
0.0139361 , 0.0143806 , 0.0129147
0.0139361 , 0.0166761 , 1
0.0139361 , 0.0143806 , 1
0.0139361 , 0.013832 , 1
0.0139361 , 0.013832 , 0.0129147
0.0139361 , 0.0150134 , 0.0100598
0.0139361 , 0.0178541 , 1
0.0139361 , 0.0125226 , 0.0129147
0.0139361 , 0.0133479 , 1
0.0139361 , 0.0133479 , 1
0.0139361 , 0.0157614 , 0.0129147
0.0139361 , 0.0150134 , 1
0.0139361 , 0.0157614 , 0.00838592
0.0139361 , 0.0157614 , 0.0100598
0.0139361 , 0.0143806 , 0.0129147
0.0139361 , 0.0133479 , 1
0.0139361 , 0.0157614 , 0.0100598
0.0139361 , 0.0178541 , 1
0.0139361 , 0.0157614 , 0.0129147
0.0139361 , 0.0178541 , 0.0129147
0.0139361 , 0.0133479 , 0.0100598
0.0139361 , 0.0125226 , 1
0.0139361 , 0.0143806 , 0.0129147
0.0139361 , 0.0166761 , 1
0.0139361 , 0.0129147 , 0.0100598
0.0139361 , 0.0129147 , 0.00627308
0.0139361 , 0.0166761 , 0.0129147
0.0139361 , 0.0157614 , 0.0100598
0.0139361 , 0.0157614 , 0.0100598
0.0139361 , 1 , 0.0100598
0.0139361 , 0.013832 , 1
0.0139361 , 0.0166761 , 0.0129147
0.0139361 , 0.0150134 , 1
0.0139361 , 0.0150134 , 1
0.0139361 , 0.013832 , 0.0129147
0.0139361 , 0.0121646 , 0.0129147
0.0139361 , 0.0178541 , 1
0.0139361 , 0.013832 , 1
0.0139361 , 0.0133479 , 0.0129147
0.0139361 , 0.0133479 , 0.0129147
0.0139361 , 0.0133479 , 0.0129147
0.0139361 , 0.0133479 , 0.0129147
0.0139361 , 0.0166761 , 0.0129147
0.0139361 , 0.0133479 , 1
0.0139361 , 0.0166761 , 1
0.0139361 , 0.0157614 , 0.0129147
0.0139361 , 0.0129147 , 0.0129147
0.0139361 , 0.0129147 , 1
0.0139361 , 0.0125226 , 0.0129147
0.0139361 , 0.0133479 , 0.00838592
0.0139361 , 0.013832 , 1
0.0139361 , 0.0121646 , 0.0129147
0.0139361 , 0.0125226 , 0.0100598
0.0139361 , 0.0133479 , 0.0100598
0.0139361 , 0.0157614 , 0.0129147
0.0139361 , 0.0125226 , 0.0129147
0.0139361 , 0.0133479 , 0.00838592
0.0139361 , 0.0129147 , 0.0129147
0.0139361 , 0.0157614 , 0.0129147
