0.00835491 , 0.00812763 , 0.00894704
0.00835491 , 0.00827759 , 0.00639952
0.00835491 , 0.00827759 , 0.00490629
0.00835491 , 0.00758225 , 0.00745763
0.00835491 , 0.00771122 , 0.011488
0.00835491 , 0.00784487 , 0.00639952
0.00835491 , 0.00859713 , 0.00639952
0.00835491 , 0.00859713 , 0.00894704
0.00835491 , 0.00913529 , 0.011488
0.00835491 , 0.00758225 , 0.011488
0.00835491 , 0.0084339 , 0.011488
0.00835491 , 0.00933369 , 0.011488
0.00835491 , 0.00859713 , 0.00557802
0.00835491 , 0.00894704 , 0.00639952
0.00835491 , 0.00894704 , 0.00894704
0.00835491 , 0.00745763 , 1
0.00835491 , 0.00678717 , 0.00894704
0.00835491 , 0.00859713 , 0.011488
0.00835491 , 0.00933369 , 0.011488
0.00835491 , 0.00784487 , 0.00745763
0.00835491 , 0.00913529 , 0.00894704
0.00835491 , 0.00784487 , 0.00894704
0.00835491 , 0.0071072 , 0.011488
0.00835491 , 0.00812763 , 0.00557802
0.00835491 , 0.00812763 , 0.00894704
0.00835491 , 0.00859713 , 0.00894704
0.00835491 , 0.00758225 , 0.00745763
0.00835491 , 0.00876793 , 0.00894704
0.00835491 , 0.00827759 , 0.00639952
0.00835491 , 0.00827759 , 0.00745763
0.00835491 , 0.00913529 , 0.00745763
0.00835491 , 0.0084339 , 0.00894704
0.00835491 , 0.00812763 , 0.00745763
0.00835491 , 0.00745763 , 0.00745763
0.00835491 , 0.00771122 , 0.00894704
0.00835491 , 0.0084339 , 0.011488
0.00835491 , 0.0084339 , 0.011488
0.00835491 , 0.00913529 , 0.011488
0.00835491 , 0.00784487 , 0.00745763
0.00835491 , 0.0068908 , 0.00894704
0.00835491 , 0.0068908 , 0.00745763
0.00835491 , 0.0071072 , 0.00894704
0.00835491 , 0.00812763 , 0.00894704
0.00835491 , 0.00876793 , 0.00894704
0.00835491 , 0.00859713 , 0.00557802
0.00835491 , 0.00771122 , 0.00745763
0.00835491 , 0.00771122 , 0.00745763
0.00835491 , 0.00976576 , 0.011488
0.00835491 , 0.0084339 , 0.00639952
0.00835491 , 0.00745763 , 0.00639952
0.00835491 , 0.00894704 , 0.00745763
0.00835491 , 0.00827759 , 0.00745763
0.00835491 , 0.00699741 , 0.011488
0.00835491 , 0.00798354 , 0.011488
0.00835491 , 0.00771122 , 0.00745763
0.00835491 , 0.00859713 , 0.011488
0.00835491 , 0.00812763 , 0.011488
0.00835491 , 0.00876793 , 0.00894704
0.00835491 , 0.00913529 , 0.011488
0.00835491 , 0.00954339 , 0.00894704
0.00835491 , 0.00876793 , 0.00894704
0.00835491 , 0.00859713 , 0.00894704
0.00835491 , 0.0084339 , 0.00557802
0.00835491 , 0.00771122 , 0.00894704
0.00835491 , 0.00954339 , 0.00639952
0.00835491 , 0.00798354 , 0.00745763
0.00835491 , 0.00798354 , 0.011488
0.00835491 , 0.0084339 , 0.011488
0.00835491 , 0.00976576 , 0.00557802
0.00835491 , 0.00812763 , 0.00894704
0.00835491 , 0.0102554 , 0.00894704
0.00835491 , 0.00913529 , 0.00894704
0.00835491 , 0.00798354 , 0.00894704
0.00835491 , 0.00771122 , 0.00745763
0.00835491 , 0.0084339 , 0.011488
0.00835491 , 0.00894704 , 0.00745763
0.00835491 , 0.00954339 , 0.011488
0.00835491 , 0.00798354 , 0.00894704
0.00835491 , 0.00933369 , 0.00639952
0.00835491 , 0.0084339 , 0.00894704
0.00835491 , 0.00933369 , 0.00745763
0.00835491 , 0.00798354 , 0.00490629
0.00835491 , 0.00827759 , 0.00384546
0.00835491 , 0.00798354 , 0.00639952
0.00835491 , 0.00913529 , 0.00490629
0.00835491 , 0.00976576 , 0.00639952
0.00835491 , 0.00771122 , 0.00745763
0.00835491 , 0.00812763 , 0.011488
0.00835491 , 0.00894704 , 0.00639952
0.00835491 , 0.0084339 , 0.00894704
0.00835491 , 0.00745763 , 0.00745763
0.00835491 , 0.00758225 , 0.00745763
0.00835491 , 0.00876793 , 0.011488
0.00835491 , 0.00733709 , 0.00894704
0.00835491 , 0.00812763 , 0.00745763
0.00835491 , 0.00812763 , 0.00639952
0.00835491 , 0.00812763 , 0.011488
0.00835491 , 0.00859713 , 0.00639952
0.00835491 , 0.00745763 , 0.011488
0.00835491 , 0.00827759 , 0.00894704
