0.0109996 , 0.0115211 , 0.00671438
0.0109996 , 0.0115211 , 0.0103452
0.0109996 , 0.0103452 , 1
0.0109996 , 0.00974354 , 1
0.0109996 , 0.0126291 , 0.00671438
0.0109996 , 0.0115211 , 1
0.0109996 , 0.0126291 , 1
0.0109996 , 0.0133633 , 0.0103452
0.0109996 , 0.011081 , 0.00805595
0.0109996 , 0.0133633 , 0.0103452
0.0109996 , 0.0126291 , 0.00671438
0.0109996 , 0.0115211 , 1
0.0109996 , 0.0106927 , 1
0.0109996 , 0.0100307 , 0.0103452
0.0109996 , 0.0126291 , 1
0.0109996 , 0.00923458 , 1
0.0109996 , 0.011081 , 1
0.0109996 , 0.0100307 , 0.0103452
0.0109996 , 0.0094793 , 1
0.0109996 , 0.0103452 , 0.0103452
0.0109996 , 0.0106927 , 0.00671438
0.0109996 , 0.0103452 , 0.00805595
0.0109996 , 0.0115211 , 1
0.0109996 , 0.0106927 , 0.0103452
0.0109996 , 0.0115211 , 1
0.0109996 , 0.0106927 , 0.00805595
0.0109996 , 0.0103452 , 0.0103452
0.0109996 , 0.00974354 , 0.0103452
0.0109996 , 0.0133633 , 1
0.0109996 , 0.0106927 , 1
0.0109996 , 0.0120289 , 0.00805595
0.0109996 , 0.0115211 , 0.0103452
0.0109996 , 0.0106927 , 0.00805595
0.0109996 , 0.0106927 , 1
0.0109996 , 0.0103452 , 1
0.0109996 , 0.0106927 , 0.0103452
0.0109996 , 0.0126291 , 0.0103452
0.0109996 , 0.0100307 , 1
0.0109996 , 0.0103452 , 1
0.0109996 , 0.0103452 , 1
0.0109996 , 0.0106927 , 0.0103452
0.0109996 , 0.0126291 , 1
0.0109996 , 0.0103452 , 0.0103452
0.0109996 , 0.0120289 , 0.0103452
0.0109996 , 0.0115211 , 0.0103452
0.0109996 , 0.011081 , 1
0.0109996 , 0.0120289 , 1
0.0109996 , 0.0120289 , 1
0.0109996 , 0.0143089 , 1
0.0109996 , 0.0133633 , 0.00805595
0.0109996 , 0.0115211 , 1
0.0109996 , 0.0106927 , 0.00805595
0.0109996 , 0.0106927 , 1
0.0109996 , 0.0126291 , 0.0103452
0.0109996 , 0.0100307 , 0.00805595
0.0109996 , 0.0115211 , 0.0103452
0.0109996 , 0.0115211 , 1
0.0109996 , 0.0115211 , 0.0103452
0.0109996 , 0.0120289 , 0.0103452
0.0109996 , 0.0115211 , 0.0103452
0.0109996 , 0.011081 , 0.0103452
0.0109996 , 0.0126291 , 0.00805595
0.0109996 , 0.0103452 , 0.00805595
0.0109996 , 0.0115211 , 0.0103452
0.0109996 , 0.0115211 , 1
0.0109996 , 0.0133633 , 0.0103452
0.0109996 , 0.0103452 , 0.0103452
0.0109996 , 0.0133633 , 0.0103452
0.0109996 , 0.0115211 , 1
0.0109996 , 0.0103452 , 1
0.0109996 , 0.011081 , 1
0.0109996 , 0.0115211 , 0.0103452
0.0109996 , 0.0106927 , 1
0.0109996 , 0.0143089 , 1
0.0109996 , 0.011081 , 1
0.0109996 , 0.0115211 , 0.00671438
0.0109996 , 0.011081 , 0.00805595
0.0109996 , 0.011081 , 0.00805595
0.0109996 , 0.0100307 , 0.00576142
0.0109996 , 0.011081 , 1
0.0109996 , 0.0100307 , 0.00671438
0.0109996 , 0.0103452 , 1
0.0109996 , 0.0103452 , 0.00671438
0.0109996 , 0.0100307 , 1
0.0109996 , 0.0100307 , 0.0103452
0.0109996 , 0.011081 , 1
0.0109996 , 0.0094793 , 0.0103452
0.0109996 , 0.0106927 , 1
0.0109996 , 0.0115211 , 1
0.0109996 , 0.0126291 , 0.0103452
0.0109996 , 0.0115211 , 0.00805595
0.0109996 , 0.0133633 , 0.0103452
0.0109996 , 0.0120289 , 1
0.0109996 , 0.0094793 , 0.00805595
0.0109996 , 0.0103452 , 0.00576142
0.0109996 , 0.0120289 , 1
0.0109996 , 0.011081 , 0.0103452
0.0109996 , 0.0103452 , 0.00805595
0.0109996 , 0.0106927 , 1
0.0109996 , 0.011081 , 1
