0.0131159 , 0.00783044 , 0.0224456
0.0131159 , 0.0136354 , 0.0297654
0.0131159 , 0.0111068 , 0.00440678
0.0131159 , 0.0120979 , 0.0259211
0.0131159 , 0.0118476 , 0.00873771
0.0131159 , 0.0120979 , 0.00873771
0.0131159 , 0.00966747 , 0.0259211
0.0131159 , 0.00873771 , 0.0111068
0.0131159 , 0.0118476 , 0.0136354
0.0131159 , 0.00919971 , 0.0259211
0.0131159 , 0.0133747 , 0.019271
0.0131159 , 0.0133747 , 0.00440678
0.0131159 , 0.0146966 , 0.00440678
0.0131159 , 0.0157887 , 0.0389861
0.0131159 , 0.0111068 , 0.0224456
0.0131159 , 0.00966747 , 0.0111068
0.0131159 , 0.0131159 , 0.0136354
0.0131159 , 0.0149666 , 0.0259211
0.0131159 , 0.0169137 , 0.0340739
0.0131159 , 0.0144284 , 0.0224456
0.0131159 , 0.016347 , 0.016347
0.0131159 , 0.011599 , 0.016347
0.0131159 , 0.0123498 , 0.0111068
0.0131159 , 0.0144284 , 0.00440678
0.0131159 , 0.011599 , 0.000529526
0.0131159 , 0.00966747 , 0.0340739
0.0131159 , 0.00943286 , 0.00440678
0.0131159 , 0.0101411 , 0.00241698
0.0131159 , 0.00850883 , 0.0111068
0.0131159 , 0.0169137 , 0.000529526
0.0131159 , 0.0120979 , 0.0136354
0.0131159 , 0.0146966 , 0.0389861
0.0131159 , 0.0146966 , 0.0111068
0.0131159 , 0.0149666 , 0.0224456
0.0131159 , 0.0101411 , 0
0.0131159 , 0.0160668 , 0.0259211
0.0131159 , 0.0138979 , 0.019271
0.0131159 , 0.0123498 , 0.00873771
0.0131159 , 0.0133747 , 0.0136354
0.0131159 , 0.0120979 , 0.019271
0.0131159 , 0.011599 , 0.0297654
0.0131159 , 0.0141622 , 0.019271
0.0131159 , 0.0120979 , 0.000529526
0.0131159 , 0.0136354 , 0.019271
0.0131159 , 0.0128588 , 0.0111068
0.0131159 , 0.0113521 , 0.0259211
0.0131159 , 0.0120979 , 0.016347
0.0131159 , 0.00919971 , 0.0111068
0.0131159 , 0.0157887 , 0.0297654
0.0131159 , 0.0138979 , 0
0.0131159 , 0.0103802 , 0.00873771
0.0131159 , 0.0157887 , 0.0111068
0.0131159 , 0.0111068 , 0.0111068
0.0131159 , 0.0123498 , 0.0136354
0.0131159 , 0.0126034 , 0.00241698
0.0131159 , 0.0128588 , 0.000529526
0.0131159 , 0.0133747 , 0.016347
0.0131159 , 0.0144284 , 0.0340739
0.0131159 , 0.00966747 , 0.0259211
0.0131159 , 0.0174892 , 0.00650948
0.0131159 , 0.0149666 , 0.0136354
0.0131159 , 0.0118476 , 0.016347
0.0131159 , 0.0128588 , 0.019271
0.0131159 , 0.0131159 , 0.019271
0.0131159 , 0.0131159 , 0.0389861
0.0131159 , 0.0155127 , 0.0111068
0.0131159 , 0.0160668 , 0.0224456
0.0131159 , 0.0174892 , 0.00873771
0.0131159 , 0.0160668 , 0.0389861
0.0131159 , 0.00966747 , 0.0297654
0.0131159 , 0.00943286 , 0.00873771
0.0131159 , 0.0138979 , 0.016347
0.0131159 , 0.0136354 , 0.019271
0.0131159 , 0.0118476 , 0.019271
0.0131159 , 0.0152387 , 0.016347
0.0131159 , 0.0172003 , 0.0111068
0.0131159 , 0.0152387 , 0.019271
0.0131159 , 0.011599 , 0.0340739
0.0131159 , 0.0133747 , 0.0389861
0.0131159 , 0.0144284 , 0.00873771
0.0131159 , 0.008968 , 0.00873771
0.0131159 , 0.016347 , 0.016347
0.0131159 , 0.0123498 , 0.00873771
0.0131159 , 0.0126034 , 0.0224456
0.0131159 , 0.0131159 , 0.00440678
0.0131159 , 0.0144284 , 0.0224456
0.0131159 , 0.0118476 , 0.0136354
0.0131159 , 0.016347 , 0.00873771
0.0131159 , 0.011599 , 0.00873771
0.0131159 , 0.0113521 , 0.016347
0.0131159 , 0.0118476 , 0.0224456
0.0131159 , 0.0103802 , 0.00873771
0.0131159 , 0.0113521 , 0.0297654
0.0131159 , 0.0146966 , 0.0136354
0.0131159 , 0.0141622 , 0.00650948
0.0131159 , 0.0106208 , 0.000529526
0.0131159 , 0.016347 , 0.00440678
0.0131159 , 0.0111068 , 0.0224456
0.0131159 , 0.0172003 , 0.00873771
0.0131159 , 0.0146966 , 0.016347
