0.00615675 , 0.00564206 , 0.00545824
0.00615675 , 0.00705571 , 1
0.00615675 , 0.00634913 , 1
0.00615675 , 0.00584751 , 1
0.00615675 , 0.00705571 , 1
0.00615675 , 0.00564206 , 1
0.00615675 , 0.00705571 , 1
0.00615675 , 0.00564206 , 1
0.00615675 , 0.00755673 , 1
0.00615675 , 0.00666691 , 1
0.00615675 , 0.00564206 , 1
0.00615675 , 0.00634913 , 1
0.00615675 , 0.00608037 , 0.00424809
0.00615675 , 0.00755673 , 1
0.00615675 , 0.00755673 , 0.00424809
0.00615675 , 0.00705571 , 1
0.00615675 , 0.00634913 , 0.00545824
0.00615675 , 0.00608037 , 1
0.00615675 , 0.00755673 , 0.00545824
0.00615675 , 0.00634913 , 0.00424809
0.00615675 , 0.00705571 , 0.00424809
0.00615675 , 0.00666691 , 0.00545824
0.00615675 , 0.00705571 , 0.00545824
0.00615675 , 0.00514007 , 0.00545824
0.00615675 , 0.00666691 , 1
0.00615675 , 0.00608037 , 1
0.00615675 , 0.00608037 , 0.00424809
0.00615675 , 0.00705571 , 1
0.00615675 , 0.00755673 , 1
0.00615675 , 0.00666691 , 0.00545824
0.00615675 , 0.00584751 , 1
0.00615675 , 0.00514007 , 1
0.00615675 , 0.00584751 , 0.00545824
0.00615675 , 0.00634913 , 0.00545824
0.00615675 , 0.00584751 , 1
0.00615675 , 0.00666691 , 1
0.00615675 , 0.00634913 , 1
0.00615675 , 0.00584751 , 0.00545824
0.00615675 , 0.00545824 , 0.00424809
0.00615675 , 0.00564206 , 1
0.00615675 , 0.00705571 , 0.00545824
0.00615675 , 0.00634913 , 0.00545824
0.00615675 , 0.00608037 , 1
0.00615675 , 0.00529193 , 1
0.00615675 , 0.00634913 , 0.00545824
0.00615675 , 0.00705571 , 0.00545824
0.00615675 , 0.00666691 , 0.00545824
0.00615675 , 0.00608037 , 1
0.00615675 , 0.00529193 , 1
0.00615675 , 0.00705571 , 0.00545824
0.00615675 , 0.00705571 , 0.00545824
0.00615675 , 0.00634913 , 0.00545824
0.00615675 , 0.00705571 , 1
0.00615675 , 0.00584751 , 0.00545824
0.00615675 , 0.00666691 , 0.00424809
0.00615675 , 0.00666691 , 1
0.00615675 , 0.00755673 , 0.00424809
0.00615675 , 0.00500036 , 1
0.00615675 , 0.00634913 , 1
0.00615675 , 0.00634913 , 1
0.00615675 , 0.00634913 , 0.00424809
0.00615675 , 0.00514007 , 0.00424809
0.00615675 , 0.00584751 , 0.00545824
0.00615675 , 0.00634913 , 0.00424809
0.00615675 , 0.00564206 , 0.00424809
0.00615675 , 0.00634913 , 1
0.00615675 , 0.00666691 , 1
0.00615675 , 0.00705571 , 0.00545824
0.00615675 , 0.00634913 , 0.00545824
0.00615675 , 0.00946771 , 0.00545824
0.00615675 , 0.00666691 , 1
0.00615675 , 0.00634913 , 0.00545824
0.00615675 , 0.00634913 , 1
0.00615675 , 0.00666691 , 0.00424809
0.00615675 , 0.00666691 , 1
0.00615675 , 0.00608037 , 0.00424809
0.00615675 , 0.00608037 , 0.00545824
0.00615675 , 0.00545824 , 0.00545824
0.00615675 , 0.00634913 , 0.00545824
0.00615675 , 0.00826244 , 1
0.00615675 , 0.00705571 , 1
0.00615675 , 0.00584751 , 0.00545824
0.00615675 , 0.00755673 , 0.00545824
0.00615675 , 0.00584751 , 0.00545824
0.00615675 , 0.00634913 , 1
0.00615675 , 0.00666691 , 0.00545824
0.00615675 , 0.00666691 , 0.00545824
0.00615675 , 0.00666691 , 1
0.00615675 , 0.00608037 , 0.00545824
0.00615675 , 0.00545824 , 0.00545824
0.00615675 , 0.00666691 , 0.00545824
0.00615675 , 0.00705571 , 1
0.00615675 , 0.00666691 , 0.00545824
0.00615675 , 0.00634913 , 0.00545824
0.00615675 , 0.00634913 , 0.00545824
0.00615675 , 0.00666691 , 0.00545824
0.00615675 , 0.00608037 , 0.00424809
0.00615675 , 0.00514007 , 1
0.00615675 , 0.00584751 , 0.00545824
0.00615675 , 0.00529193 , 0.00545824
