0.00866861 , 0.00594736 , 0.00891252
0.00866861 , 0.0094375 , 0.00438254
0.00866861 , 0.0108239 , 0.00766545
0.00866861 , 0.00865586 , 0.0117124
0.00866861 , 0.00742638 , 0.00161571
0.00866861 , 0.00997883 , 0.0192177
0.00866861 , 0.00904229 , 0.00650154
0.00866861 , 0.00878372 , 0.00541014
0.00866861 , 0.00984191 , 0.0117124
0.00866861 , 0.011115 , 0.0133033
0.00866861 , 0.0103962 , 0.0133033
0.00866861 , 0.00878372 , 0.00891252
0.00866861 , 0.00852894 , 0.00541014
0.00866861 , 0.00684265 , 0.0117124
0.00866861 , 0.00984191 , 0.00341148
0.00866861 , 0.00917303 , 0.010256
0.00866861 , 0.00583859 , 0.00766545
0.00866861 , 0.00766545 , 0.0170103
0.00866861 , 0.00827783 , 0.00766545
0.00866861 , 0.00827783 , 0.0150565
0.00866861 , 0.00790783 , 0.00766545
0.00866861 , 0.00754551 , 0.0150565
0.00866861 , 0.00754551 , 0.00650154
0.00866861 , 0.00790783 , 0.00650154
0.00866861 , 0.00778622 , 0.00766545
0.00866861 , 0.00754551 , 0.0170103
0.00866861 , 0.00957126 , 0.0117124
0.00866861 , 0.0105376 , 0.0170103
0.00866861 , 0.00891252 , 0.0117124
0.00866861 , 0.00904229 , 0.0217563
0.00866861 , 0.00852894 , 0.00891252
0.00866861 , 0.00865586 , 0.0117124
0.00866861 , 0.00778622 , 0.010256
0.00866861 , 0.00904229 , 0.010256
0.00866861 , 0.00661451 , 0.00249092
0.00866861 , 0.0101168 , 0.0192177
0.00866861 , 0.0105376 , 0.00249092
0.00866861 , 0.00684265 , 0.00161571
0.00866861 , 0.00930476 , 0.0170103
0.00866861 , 0.0094375 , 0.00766545
0.00866861 , 0.00917303 , 0.00650154
0.00866861 , 0.00917303 , 0.010256
0.00866861 , 0.00891252 , 0.0170103
0.00866861 , 0.00827783 , 0.00650154
0.00866861 , 0.0094375 , 0.00541014
0.00866861 , 0.00815362 , 0.0133033
0.00866861 , 0.00904229 , 0.00438254
0.00866861 , 0.00672821 , 0.00541014
0.00866861 , 0.00930476 , 0.0133033
0.00866861 , 0.00766545 , 0.0117124
0.00866861 , 0.0109689 , 0.00249092
0.00866861 , 0.00840293 , 0.00341148
0.00866861 , 0.00852894 , 0.00766545
0.00866861 , 0.00904229 , 0.00766545
0.00866861 , 0.00878372 , 0.0192177
0.00866861 , 0.00719055 , 0.0133033
0.00866861 , 0.00778622 , 0.0133033
0.00866861 , 0.00766545 , 0.00438254
0.00866861 , 0.00840293 , 0.0117124
0.00866861 , 0.00754551 , 0.0170103
0.00866861 , 0.00638929 , 0.00891252
0.00866861 , 0.00957126 , 0.00438254
0.00866861 , 0.00878372 , 0.0170103
0.00866861 , 0.00827783 , 0.00650154
0.00866861 , 0.0101168 , 0.00541014
0.00866861 , 0.00930476 , 0.00766545
0.00866861 , 0.00827783 , 0.0133033
0.00866861 , 0.00891252 , 0.0117124
0.00866861 , 0.00840293 , 0.010256
0.00866861 , 0.0101168 , 0.00161571
0.00866861 , 0.00997883 , 0.00650154
0.00866861 , 0.00827783 , 0.00341148
0.00866861 , 0.00930476 , 0.0150565
0.00866861 , 0.00790783 , 0.00891252
0.00866861 , 0.00852894 , 0.0133033
0.00866861 , 0.00695785 , 0.0133033
0.00866861 , 0.00707381 , 0.0150565
0.00866861 , 0.00661451 , 0.0192177
0.00866861 , 0.0109689 , 0
0.00866861 , 0.0108239 , 0.0150565
0.00866861 , 0.00891252 , 0.0150565
0.00866861 , 0.00778622 , 0.010256
0.00866861 , 0.0103962 , 0.010256
0.00866861 , 0.00865586 , 0.0133033
0.00866861 , 0.00803029 , 0.0117124
0.00866861 , 0.0094375 , 0.00891252
0.00866861 , 0.00930476 , 0.0170103
0.00866861 , 0.00997883 , 0.0170103
0.00866861 , 0.00904229 , 0.010256
0.00866861 , 0.00957126 , 0.00341148
0.00866861 , 0.00790783 , 0.00650154
0.00866861 , 0.00865586 , 0.0170103
0.00866861 , 0.011115 , 0.00650154
0.00866861 , 0.0060568 , 0.010256
0.00866861 , 0.00742638 , 0.00891252
0.00866861 , 0.00840293 , 0.010256
0.00866861 , 0.00766545 , 0.00541014
0.00866861 , 0.00827783 , 0.0133033
0.00866861 , 0.00827783 , 0.00438254
0.00866861 , 0.00957126 , 0.0133033
