0.0109479 , 0.0206321 , 0
0.0109479 , 0.0452537 , 0.143727
0.0109479 , 0.0255182 , 0.0651772
0.0109479 , 0.0452537 , 0
0.0109479 , 0.0279702 , 0
0.0109479 , 0.0181991 , 0
0.0109479 , 0 , 0.0651772
0.0109479 , 0 , 0.208775
0.0109479 , 0.055196 , 0.116308
0.0109479 , 0.00141459 , 0
0.0109479 , 0 , 0.0157737
0.0109479 , 0.0527068 , 0.0157737
0.0109479 , 0.05022 , 0
0.0109479 , 0.0304273 , 0
0.0109479 , 0.0181991 , 0.0651772
0.0109479 , 0.0255182 , 0.0903791
0.0109479 , 0 , 0.0402981
0.0109479 , 0.0037816 , 0.0903791
0.0109479 , 0 , 0
0.0109479 , 0.0255182 , 0.0402981
0.0109479 , 0.0037816 , 0
0.0109479 , 0.0304273 , 0.0157737
0.0109479 , 0 , 0
0.0109479 , 0.0255182 , 0.0903791
0.0109479 , 0.0037816 , 0
0.0109479 , 0.0181991 , 0
0.0109479 , 0.0279702 , 0.0651772
0.0109479 , 0.0452537 , 0.143727
0.0109479 , 0.0601815 , 0.0651772
0.0109479 , 0.0304273 , 0.116308
0.0109479 , 0.0279702 , 0.0903791
0.0109479 , 0.0427745 , 0
0.0109479 , 0.0181991 , 0.173853
0.0109479 , 0.0206321 , 0.0157737
0.0109479 , 0 , 0
0.0109479 , 0.00141459 , 0
0.0109479 , 0 , 0.0402981
0.0109479 , 0 , 0
0.0109479 , 0.0181991 , 0.0903791
0.0109479 , 0 , 0.0402981
0.0109479 , 0.0328891 , 0.0651772
0.0109479 , 0.0328891 , 0
0.0109479 , 0.00615987 , 0.0402981
0.0109479 , 0.05022 , 0.0651772
0.0109479 , 0.0037816 , 0.0402981
0.0109479 , 0.00615987 , 0.0651772
0.0109479 , 0 , 0.0157737
0.0109479 , 0.0181991 , 0.0157737
0.0109479 , 0 , 0
0.0109479 , 0.00615987 , 0
0.0109479 , 0.0109479 , 0.0157737
0.0109479 , 0 , 0
0.0109479 , 0.0133563 , 0.0157737
0.0109479 , 0 , 0
0.0109479 , 0 , 0.116308
0.0109479 , 0.00615987 , 0.143727
0.0109479 , 0.0157737 , 0.0903791
0.0109479 , 0.0452537 , 0
0.0109479 , 0.0206321 , 0.0651772
0.0109479 , 0.0328891 , 0.143727
0.0109479 , 0.0378249 , 0
0.0109479 , 0.0109479 , 0.0402981
0.0109479 , 0.0181991 , 0
0.0109479 , 0 , 0.0402981
0.0109479 , 0 , 0.143727
0.0109479 , 0 , 0
0.0109479 , 0 , 0
0.0109479 , 0.0353551 , 0
0.0109479 , 0.0477356 , 0
0.0109479 , 0 , 0.0651772
0.0109479 , 0 , 0.0651772
0.0109479 , 0.0133563 , 0
0.0109479 , 0 , 0
0.0109479 , 0.0206321 , 0.0651772
0.0109479 , 0.023072 , 0
0.0109479 , 0.0279702 , 0
0.0109479 , 0.0157737 , 0
0.0109479 , 0 , 0.0651772
0.0109479 , 0.0109479 , 0
0.0109479 , 0.0255182 , 0.0402981
0.0109479 , 0.055196 , 0.0157737
0.0109479 , 0 , 0.0157737
0.0109479 , 0.0157737 , 0.0651772
0.0109479 , 0.0576876 , 0
0.0109479 , 0.0328891 , 0.0651772
0.0109479 , 0 , 0
0.0109479 , 0 , 0
0.0109479 , 0.0157737 , 0
0.0109479 , 0.0255182 , 0.0157737
0.0109479 , 0.0378249 , 0.143727
0.0109479 , 0.0109479 , 0.0903791
0.0109479 , 0 , 0
0.0109479 , 0.0109479 , 0
0.0109479 , 0.0452537 , 0.0651772
0.0109479 , 0.0206321 , 0
0.0109479 , 0.0206321 , 0
0.0109479 , 0.023072 , 0
0.0109479 , 0.0037816 , 0
0.0109479 , 0.0701843 , 0
0.0109479 , 0.0527068 , 0.0157737
