0.0115128 , 0.00957822 , 0.0129396
0.0115128 , 0.01175 , 0.0090123
0.0115128 , 0.0121814 , 0.0166281
0.0115128 , 0.0108041 , 0.00795968
0.0115128 , 0.00969493 , 0.0166281
0.0115128 , 0.0108041 , 0.0129396
0.0115128 , 0.0121814 , 0.0114715
0.0115128 , 0.0106752 , 0.0146314
0.0115128 , 0.0105479 , 0.0090123
0.0115128 , 0.01175 , 0.0166281
0.0115128 , 0.0129396 , 0.0190658
0.0115128 , 0.0113347 , 0.0090123
0.0115128 , 0.0120357 , 0.00795968
0.0115128 , 0.0124785 , 0.0190658
0.0115128 , 0.0116099 , 0.0045246
0.0115128 , 0.0120357 , 0.0114715
0.0115128 , 0.0113347 , 0.0166281
0.0115128 , 0.011892 , 0.0101743
0.0115128 , 0.0121814 , 0.0090123
0.0115128 , 0.0123289 , 0.0146314
0.0115128 , 0.0101743 , 0.0090123
0.0115128 , 0.0110662 , 0.0146314
0.0115128 , 0.01175 , 0.0129396
0.0115128 , 0.0127838 , 0.0146314
0.0115128 , 0.0106752 , 0.0101743
0.0115128 , 0.0090123 , 0.0101743
0.0115128 , 0.011892 , 0.00611138
0.0115128 , 0.0116099 , 0.0114715
0.0115128 , 0.00981286 , 0.0166281
0.0115128 , 0.0123289 , 0.0190658
0.0115128 , 0.013258 , 0.0090123
0.0115128 , 0.011892 , 0.0090123
0.0115128 , 0.0102975 , 0.00795968
0.0115128 , 0.0130977 , 0.0090123
0.0115128 , 0.0100525 , 0.0114715
0.0115128 , 0.011892 , 0.0101743
0.0115128 , 0.0102975 , 0.0166281
0.0115128 , 0.0109344 , 0.00699752
0.0115128 , 0.0142718 , 0.0090123
0.0115128 , 0.0109344 , 0.0190658
0.0115128 , 0.0139235 , 0.0166281
0.0115128 , 0.0126301 , 0.0129396
0.0115128 , 0.0113347 , 0.0146314
0.0115128 , 0.0100525 , 0.0190658
0.0115128 , 0.0123289 , 0.00611138
0.0115128 , 0.01175 , 0.00699752
0.0115128 , 0.0123289 , 0.0146314
0.0115128 , 0.0111997 , 0.0166281
0.0115128 , 0.0124785 , 0.0190658
0.0115128 , 0.00993206 , 0.0090123
0.0115128 , 0.0123289 , 0.0166281
0.0115128 , 0.0110662 , 0.0146314
0.0115128 , 0.0139235 , 0.00699752
0.0115128 , 0.0113347 , 0.0101743
0.0115128 , 0.0109344 , 0.0221988
0.0115128 , 0.0124785 , 0.0221988
0.0115128 , 0.00981286 , 0.0221988
0.0115128 , 0.0108041 , 0.0114715
0.0115128 , 0.0120357 , 0.0114715
0.0115128 , 0.0109344 , 0.0190658
0.0115128 , 0.01175 , 0.0101743
0.0115128 , 0.0129396 , 0.0114715
0.0115128 , 0.00969493 , 0.00529004
0.0115128 , 0.010422 , 0.0101743
0.0115128 , 0.0142718 , 0.0101743
0.0115128 , 0.0105479 , 0.0101743
0.0115128 , 0.0113347 , 0.0114715
0.0115128 , 0.0114715 , 0.0114715
0.0115128 , 0.011892 , 0.0101743
0.0115128 , 0.0129396 , 0.0129396
0.0115128 , 0.00993206 , 0.0129396
0.0115128 , 0.0134207 , 0.0166281
0.0115128 , 0.010422 , 0.00795968
0.0115128 , 0.0127838 , 0.0166281
0.0115128 , 0.0111997 , 0.00795968
0.0115128 , 0.01175 , 0.0114715
0.0115128 , 0.0105479 , 0.00795968
0.0115128 , 0.0106752 , 0.0114715
0.0115128 , 0.0113347 , 0.0129396
0.0115128 , 0.0111997 , 0.0221988
0.0115128 , 0.010422 , 0.0090123
0.0115128 , 0.0121814 , 0.0090123
0.0115128 , 0.0114715 , 0.0114715
0.0115128 , 0.0123289 , 0.0114715
0.0115128 , 0.0105479 , 0.0146314
0.0115128 , 0.0129396 , 0.0090123
0.0115128 , 0.0123289 , 0.00795968
0.0115128 , 0.0116099 , 0.0129396
0.0115128 , 0.0121814 , 0.0090123
0.0115128 , 0.0105479 , 0.0114715
0.0115128 , 0.0102975 , 0.0114715
0.0115128 , 0.00969493 , 0.0146314
0.0115128 , 0.0090123 , 0.0090123
0.0115128 , 0.01175 , 0.00611138
0.0115128 , 0.0130977 , 0.0166281
0.0115128 , 0.0111997 , 0.0146314
0.0115128 , 0.0135858 , 0.0146314
0.0115128 , 0.010422 , 0.0146314
0.0115128 , 0.0120357 , 0.0129396
0.0115128 , 0.0130977 , 0.0101743
