Building DAG of jobs...
Using shell: /usr/bin/bash
Provided cores: 100
Rules claiming more threads will be scaled down.
Job stats:
job                 count
----------------  -------
all                     1
plot_k_variation        1
plot_r_variation        1
run_simulation_k       29
run_simulation_r       31
total                  63

Select jobs to execute...
Execute 60 jobs...

[Sat Apr 19 18:01:28 2025]
localrule run_simulation_k:
    input: /research/hvw5426/splitted_fasta/chr6.fasta
    output: chr6_simulation/varing_k/k450_r0.01.output
    jobid: 19
    reason: Missing output files: chr6_simulation/varing_k/k450_r0.01.output
    wildcards: output_dir=chr6_simulation, k=450
    resources: tmpdir=/tmp


[Sat Apr 19 18:01:28 2025]
localrule run_simulation_r:
    input: /research/hvw5426/splitted_fasta/chr6.fasta
    output: chr6_simulation/varing_r/r0.031_k30.output
    jobid: 35
    reason: Missing output files: chr6_simulation/varing_r/r0.031_k30.output
    wildcards: output_dir=chr6_simulation, r=0.031
    resources: tmpdir=/tmp


[Sat Apr 19 18:01:28 2025]
localrule run_simulation_r:
    input: /research/hvw5426/splitted_fasta/chr6.fasta
    output: chr6_simulation/varing_r/r0.181_k30.output
    jobid: 50
    reason: Missing output files: chr6_simulation/varing_r/r0.181_k30.output
    wildcards: output_dir=chr6_simulation, r=0.181
    resources: tmpdir=/tmp


[Sat Apr 19 18:01:28 2025]
localrule run_simulation_k:
    input: /research/hvw5426/splitted_fasta/chr6.fasta
    output: chr6_simulation/varing_k/k16_r0.01.output
    jobid: 4
    reason: Missing output files: chr6_simulation/varing_k/k16_r0.01.output
    wildcards: output_dir=chr6_simulation, k=16
    resources: tmpdir=/tmp


[Sat Apr 19 18:01:28 2025]
localrule run_simulation_k:
    input: /research/hvw5426/splitted_fasta/chr6.fasta
    output: chr6_simulation/varing_k/k8_r0.01.output
    jobid: 3
    reason: Missing output files: chr6_simulation/varing_k/k8_r0.01.output
    wildcards: output_dir=chr6_simulation, k=8
    resources: tmpdir=/tmp


[Sat Apr 19 18:01:28 2025]
localrule run_simulation_k:
    input: /research/hvw5426/splitted_fasta/chr6.fasta
    output: chr6_simulation/varing_k/k420_r0.01.output
    jobid: 18
    reason: Missing output files: chr6_simulation/varing_k/k420_r0.01.output
    wildcards: output_dir=chr6_simulation, k=420
    resources: tmpdir=/tmp


[Sat Apr 19 18:01:28 2025]
localrule run_simulation_r:
    input: /research/hvw5426/splitted_fasta/chr6.fasta
    output: chr6_simulation/varing_r/r0.021_k30.output
    jobid: 34
    reason: Missing output files: chr6_simulation/varing_r/r0.021_k30.output
    wildcards: output_dir=chr6_simulation, r=0.021
    resources: tmpdir=/tmp


[Sat Apr 19 18:01:28 2025]
localrule run_simulation_r:
    input: /research/hvw5426/splitted_fasta/chr6.fasta
    output: chr6_simulation/varing_r/r0.171_k30.output
    jobid: 49
    reason: Missing output files: chr6_simulation/varing_r/r0.171_k30.output
    wildcards: output_dir=chr6_simulation, r=0.171
    resources: tmpdir=/tmp


[Sat Apr 19 18:01:28 2025]
localrule run_simulation_k:
    input: /research/hvw5426/splitted_fasta/chr6.fasta
    output: chr6_simulation/varing_k/k4_r0.01.output
    jobid: 2
    reason: Missing output files: chr6_simulation/varing_k/k4_r0.01.output
    wildcards: output_dir=chr6_simulation, k=4
    resources: tmpdir=/tmp


[Sat Apr 19 18:01:28 2025]
localrule run_simulation_k:
    input: /research/hvw5426/splitted_fasta/chr6.fasta
    output: chr6_simulation/varing_k/k390_r0.01.output
    jobid: 17
    reason: Missing output files: chr6_simulation/varing_k/k390_r0.01.output
    wildcards: output_dir=chr6_simulation, k=390
    resources: tmpdir=/tmp


[Sat Apr 19 18:01:28 2025]
localrule run_simulation_r:
    input: /research/hvw5426/splitted_fasta/chr6.fasta
    output: chr6_simulation/varing_r/r0.011_k30.output
    jobid: 33
    reason: Missing output files: chr6_simulation/varing_r/r0.011_k30.output
    wildcards: output_dir=chr6_simulation, r=0.011
    resources: tmpdir=/tmp


[Sat Apr 19 18:01:28 2025]
localrule run_simulation_r:
    input: /research/hvw5426/splitted_fasta/chr6.fasta
    output: chr6_simulation/varing_r/r0.161_k30.output
    jobid: 48
    reason: Missing output files: chr6_simulation/varing_r/r0.161_k30.output
    wildcards: output_dir=chr6_simulation, r=0.161
    resources: tmpdir=/tmp


[Sat Apr 19 18:01:28 2025]
localrule run_simulation_r:
    input: /research/hvw5426/splitted_fasta/chr6.fasta
    output: chr6_simulation/varing_r/r0.151_k30.output
    jobid: 47
    reason: Missing output files: chr6_simulation/varing_r/r0.151_k30.output
    wildcards: output_dir=chr6_simulation, r=0.151
    resources: tmpdir=/tmp


[Sat Apr 19 18:01:28 2025]
localrule run_simulation_r:
    input: /research/hvw5426/splitted_fasta/chr6.fasta
    output: chr6_simulation/varing_r/r0.301_k30.output
    jobid: 62
    reason: Missing output files: chr6_simulation/varing_r/r0.301_k30.output
    wildcards: output_dir=chr6_simulation, r=0.301
    resources: tmpdir=/tmp


[Sat Apr 19 18:01:28 2025]
localrule run_simulation_k:
    input: /research/hvw5426/splitted_fasta/chr6.fasta
    output: chr6_simulation/varing_k/k360_r0.01.output
    jobid: 16
    reason: Missing output files: chr6_simulation/varing_k/k360_r0.01.output
    wildcards: output_dir=chr6_simulation, k=360
    resources: tmpdir=/tmp


[Sat Apr 19 18:01:28 2025]
localrule run_simulation_r:
    input: /research/hvw5426/splitted_fasta/chr6.fasta
    output: chr6_simulation/varing_r/r0.001_k30.output
    jobid: 32
    reason: Missing output files: chr6_simulation/varing_r/r0.001_k30.output
    wildcards: output_dir=chr6_simulation, r=0.001
    resources: tmpdir=/tmp


[Sat Apr 19 18:01:28 2025]
localrule run_simulation_r:
    input: /research/hvw5426/splitted_fasta/chr6.fasta
    output: chr6_simulation/varing_r/r0.141_k30.output
    jobid: 46
    reason: Missing output files: chr6_simulation/varing_r/r0.141_k30.output
    wildcards: output_dir=chr6_simulation, r=0.141
    resources: tmpdir=/tmp


[Sat Apr 19 18:01:28 2025]
localrule run_simulation_r:
    input: /research/hvw5426/splitted_fasta/chr6.fasta
    output: chr6_simulation/varing_r/r0.291_k30.output
    jobid: 61
    reason: Missing output files: chr6_simulation/varing_r/r0.291_k30.output
    wildcards: output_dir=chr6_simulation, r=0.291
    resources: tmpdir=/tmp


[Sat Apr 19 18:01:28 2025]
localrule run_simulation_k:
    input: /research/hvw5426/splitted_fasta/chr6.fasta
    output: chr6_simulation/varing_k/k330_r0.01.output
    jobid: 15
    reason: Missing output files: chr6_simulation/varing_k/k330_r0.01.output
    wildcards: output_dir=chr6_simulation, k=330
    resources: tmpdir=/tmp


[Sat Apr 19 18:01:28 2025]
localrule run_simulation_k:
    input: /research/hvw5426/splitted_fasta/chr6.fasta
    output: chr6_simulation/varing_k/k780_r0.01.output
    jobid: 30
    reason: Missing output files: chr6_simulation/varing_k/k780_r0.01.output
    wildcards: output_dir=chr6_simulation, k=780
    resources: tmpdir=/tmp


[Sat Apr 19 18:01:28 2025]
localrule run_simulation_k:
    input: /research/hvw5426/splitted_fasta/chr6.fasta
    output: chr6_simulation/varing_k/k750_r0.01.output
    jobid: 29
    reason: Missing output files: chr6_simulation/varing_k/k750_r0.01.output
    wildcards: output_dir=chr6_simulation, k=750
    resources: tmpdir=/tmp


[Sat Apr 19 18:01:28 2025]
localrule run_simulation_r:
    input: /research/hvw5426/splitted_fasta/chr6.fasta
    output: chr6_simulation/varing_r/r0.131_k30.output
    jobid: 45
    reason: Missing output files: chr6_simulation/varing_r/r0.131_k30.output
    wildcards: output_dir=chr6_simulation, r=0.131
    resources: tmpdir=/tmp


[Sat Apr 19 18:01:28 2025]
localrule run_simulation_r:
    input: /research/hvw5426/splitted_fasta/chr6.fasta
    output: chr6_simulation/varing_r/r0.281_k30.output
    jobid: 60
    reason: Missing output files: chr6_simulation/varing_r/r0.281_k30.output
    wildcards: output_dir=chr6_simulation, r=0.281
    resources: tmpdir=/tmp


[Sat Apr 19 18:01:28 2025]
localrule run_simulation_k:
    input: /research/hvw5426/splitted_fasta/chr6.fasta
    output: chr6_simulation/varing_k/k300_r0.01.output
    jobid: 14
    reason: Missing output files: chr6_simulation/varing_k/k300_r0.01.output
    wildcards: output_dir=chr6_simulation, k=300
    resources: tmpdir=/tmp


[Sat Apr 19 18:01:28 2025]
localrule run_simulation_k:
    input: /research/hvw5426/splitted_fasta/chr6.fasta
    output: chr6_simulation/varing_k/k720_r0.01.output
    jobid: 28
    reason: Missing output files: chr6_simulation/varing_k/k720_r0.01.output
    wildcards: output_dir=chr6_simulation, k=720
    resources: tmpdir=/tmp


[Sat Apr 19 18:01:28 2025]
localrule run_simulation_r:
    input: /research/hvw5426/splitted_fasta/chr6.fasta
    output: chr6_simulation/varing_r/r0.121_k30.output
    jobid: 44
    reason: Missing output files: chr6_simulation/varing_r/r0.121_k30.output
    wildcards: output_dir=chr6_simulation, r=0.121
    resources: tmpdir=/tmp


[Sat Apr 19 18:01:28 2025]
localrule run_simulation_r:
    input: /research/hvw5426/splitted_fasta/chr6.fasta
    output: chr6_simulation/varing_r/r0.271_k30.output
    jobid: 59
    reason: Missing output files: chr6_simulation/varing_r/r0.271_k30.output
    wildcards: output_dir=chr6_simulation, r=0.271
    resources: tmpdir=/tmp


[Sat Apr 19 18:01:28 2025]
localrule run_simulation_k:
    input: /research/hvw5426/splitted_fasta/chr6.fasta
    output: chr6_simulation/varing_k/k270_r0.01.output
    jobid: 13
    reason: Missing output files: chr6_simulation/varing_k/k270_r0.01.output
    wildcards: output_dir=chr6_simulation, k=270
    resources: tmpdir=/tmp


[Sat Apr 19 18:01:28 2025]
localrule run_simulation_k:
    input: /research/hvw5426/splitted_fasta/chr6.fasta
    output: chr6_simulation/varing_k/k240_r0.01.output
    jobid: 12
    reason: Missing output files: chr6_simulation/varing_k/k240_r0.01.output
    wildcards: output_dir=chr6_simulation, k=240
    resources: tmpdir=/tmp


[Sat Apr 19 18:01:28 2025]
localrule run_simulation_k:
    input: /research/hvw5426/splitted_fasta/chr6.fasta
    output: chr6_simulation/varing_k/k690_r0.01.output
    jobid: 27
    reason: Missing output files: chr6_simulation/varing_k/k690_r0.01.output
    wildcards: output_dir=chr6_simulation, k=690
    resources: tmpdir=/tmp


[Sat Apr 19 18:01:28 2025]
localrule run_simulation_r:
    input: /research/hvw5426/splitted_fasta/chr6.fasta
    output: chr6_simulation/varing_r/r0.111_k30.output
    jobid: 43
    reason: Missing output files: chr6_simulation/varing_r/r0.111_k30.output
    wildcards: output_dir=chr6_simulation, r=0.111
    resources: tmpdir=/tmp


[Sat Apr 19 18:01:28 2025]
localrule run_simulation_r:
    input: /research/hvw5426/splitted_fasta/chr6.fasta
    output: chr6_simulation/varing_r/r0.261_k30.output
    jobid: 58
    reason: Missing output files: chr6_simulation/varing_r/r0.261_k30.output
    wildcards: output_dir=chr6_simulation, r=0.261
    resources: tmpdir=/tmp


[Sat Apr 19 18:01:28 2025]
localrule run_simulation_k:
    input: /research/hvw5426/splitted_fasta/chr6.fasta
    output: chr6_simulation/varing_k/k210_r0.01.output
    jobid: 11
    reason: Missing output files: chr6_simulation/varing_k/k210_r0.01.output
    wildcards: output_dir=chr6_simulation, k=210
    resources: tmpdir=/tmp


[Sat Apr 19 18:01:28 2025]
localrule run_simulation_k:
    input: /research/hvw5426/splitted_fasta/chr6.fasta
    output: chr6_simulation/varing_k/k660_r0.01.output
    jobid: 26
    reason: Missing output files: chr6_simulation/varing_k/k660_r0.01.output
    wildcards: output_dir=chr6_simulation, k=660
    resources: tmpdir=/tmp


[Sat Apr 19 18:01:28 2025]
localrule run_simulation_r:
    input: /research/hvw5426/splitted_fasta/chr6.fasta
    output: chr6_simulation/varing_r/r0.101_k30.output
    jobid: 42
    reason: Missing output files: chr6_simulation/varing_r/r0.101_k30.output
    wildcards: output_dir=chr6_simulation, r=0.101
    resources: tmpdir=/tmp


[Sat Apr 19 18:01:28 2025]
localrule run_simulation_r:
    input: /research/hvw5426/splitted_fasta/chr6.fasta
    output: chr6_simulation/varing_r/r0.251_k30.output
    jobid: 57
    reason: Missing output files: chr6_simulation/varing_r/r0.251_k30.output
    wildcards: output_dir=chr6_simulation, r=0.251
    resources: tmpdir=/tmp


[Sat Apr 19 18:01:28 2025]
localrule run_simulation_r:
    input: /research/hvw5426/splitted_fasta/chr6.fasta
    output: chr6_simulation/varing_r/r0.241_k30.output
    jobid: 56
    reason: Missing output files: chr6_simulation/varing_r/r0.241_k30.output
    wildcards: output_dir=chr6_simulation, r=0.241
    resources: tmpdir=/tmp


[Sat Apr 19 18:01:28 2025]
localrule run_simulation_k:
    input: /research/hvw5426/splitted_fasta/chr6.fasta
    output: chr6_simulation/varing_k/k180_r0.01.output
    jobid: 10
    reason: Missing output files: chr6_simulation/varing_k/k180_r0.01.output
    wildcards: output_dir=chr6_simulation, k=180
    resources: tmpdir=/tmp


[Sat Apr 19 18:01:28 2025]
localrule run_simulation_k:
    input: /research/hvw5426/splitted_fasta/chr6.fasta
    output: chr6_simulation/varing_k/k630_r0.01.output
    jobid: 25
    reason: Missing output files: chr6_simulation/varing_k/k630_r0.01.output
    wildcards: output_dir=chr6_simulation, k=630
    resources: tmpdir=/tmp


[Sat Apr 19 18:01:28 2025]
localrule run_simulation_r:
    input: /research/hvw5426/splitted_fasta/chr6.fasta
    output: chr6_simulation/varing_r/r0.091_k30.output
    jobid: 41
    reason: Missing output files: chr6_simulation/varing_r/r0.091_k30.output
    wildcards: output_dir=chr6_simulation, r=0.091
    resources: tmpdir=/tmp


[Sat Apr 19 18:01:28 2025]
localrule run_simulation_r:
    input: /research/hvw5426/splitted_fasta/chr6.fasta
    output: chr6_simulation/varing_r/r0.231_k30.output
    jobid: 55
    reason: Missing output files: chr6_simulation/varing_r/r0.231_k30.output
    wildcards: output_dir=chr6_simulation, r=0.231
    resources: tmpdir=/tmp


[Sat Apr 19 18:01:28 2025]
localrule run_simulation_k:
    input: /research/hvw5426/splitted_fasta/chr6.fasta
    output: chr6_simulation/varing_k/k150_r0.01.output
    jobid: 9
    reason: Missing output files: chr6_simulation/varing_k/k150_r0.01.output
    wildcards: output_dir=chr6_simulation, k=150
    resources: tmpdir=/tmp


[Sat Apr 19 18:01:28 2025]
localrule run_simulation_k:
    input: /research/hvw5426/splitted_fasta/chr6.fasta
    output: chr6_simulation/varing_k/k600_r0.01.output
    jobid: 24
    reason: Missing output files: chr6_simulation/varing_k/k600_r0.01.output
    wildcards: output_dir=chr6_simulation, k=600
    resources: tmpdir=/tmp


[Sat Apr 19 18:01:28 2025]
localrule run_simulation_r:
    input: /research/hvw5426/splitted_fasta/chr6.fasta
    output: chr6_simulation/varing_r/r0.081_k30.output
    jobid: 40
    reason: Missing output files: chr6_simulation/varing_r/r0.081_k30.output
    wildcards: output_dir=chr6_simulation, r=0.081
    resources: tmpdir=/tmp


[Sat Apr 19 18:01:28 2025]
localrule run_simulation_r:
    input: /research/hvw5426/splitted_fasta/chr6.fasta
    output: chr6_simulation/varing_r/r0.071_k30.output
    jobid: 39
    reason: Missing output files: chr6_simulation/varing_r/r0.071_k30.output
    wildcards: output_dir=chr6_simulation, r=0.071
    resources: tmpdir=/tmp


[Sat Apr 19 18:01:29 2025]
localrule run_simulation_r:
    input: /research/hvw5426/splitted_fasta/chr6.fasta
    output: chr6_simulation/varing_r/r0.221_k30.output
    jobid: 54
    reason: Missing output files: chr6_simulation/varing_r/r0.221_k30.output
    wildcards: output_dir=chr6_simulation, r=0.221
    resources: tmpdir=/tmp


[Sat Apr 19 18:01:29 2025]
localrule run_simulation_k:
    input: /research/hvw5426/splitted_fasta/chr6.fasta
    output: chr6_simulation/varing_k/k120_r0.01.output
    jobid: 8
    reason: Missing output files: chr6_simulation/varing_k/k120_r0.01.output
    wildcards: output_dir=chr6_simulation, k=120
    resources: tmpdir=/tmp


[Sat Apr 19 18:01:29 2025]
localrule run_simulation_k:
    input: /research/hvw5426/splitted_fasta/chr6.fasta
    output: chr6_simulation/varing_k/k570_r0.01.output
    jobid: 23
    reason: Missing output files: chr6_simulation/varing_k/k570_r0.01.output
    wildcards: output_dir=chr6_simulation, k=570
    resources: tmpdir=/tmp


[Sat Apr 19 18:01:29 2025]
localrule run_simulation_r:
    input: /research/hvw5426/splitted_fasta/chr6.fasta
    output: chr6_simulation/varing_r/r0.061_k30.output
    jobid: 38
    reason: Missing output files: chr6_simulation/varing_r/r0.061_k30.output
    wildcards: output_dir=chr6_simulation, r=0.061
    resources: tmpdir=/tmp


[Sat Apr 19 18:01:29 2025]
localrule run_simulation_r:
    input: /research/hvw5426/splitted_fasta/chr6.fasta
    output: chr6_simulation/varing_r/r0.211_k30.output
    jobid: 53
    reason: Missing output files: chr6_simulation/varing_r/r0.211_k30.output
    wildcards: output_dir=chr6_simulation, r=0.211
    resources: tmpdir=/tmp


[Sat Apr 19 18:01:29 2025]
localrule run_simulation_k:
    input: /research/hvw5426/splitted_fasta/chr6.fasta
    output: chr6_simulation/varing_k/k90_r0.01.output
    jobid: 7
    reason: Missing output files: chr6_simulation/varing_k/k90_r0.01.output
    wildcards: output_dir=chr6_simulation, k=90
    resources: tmpdir=/tmp


[Sat Apr 19 18:01:29 2025]
localrule run_simulation_k:
    input: /research/hvw5426/splitted_fasta/chr6.fasta
    output: chr6_simulation/varing_k/k540_r0.01.output
    jobid: 22
    reason: Missing output files: chr6_simulation/varing_k/k540_r0.01.output
    wildcards: output_dir=chr6_simulation, k=540
    resources: tmpdir=/tmp


[Sat Apr 19 18:01:29 2025]
localrule run_simulation_k:
    input: /research/hvw5426/splitted_fasta/chr6.fasta
    output: chr6_simulation/varing_k/k510_r0.01.output
    jobid: 21
    reason: Missing output files: chr6_simulation/varing_k/k510_r0.01.output
    wildcards: output_dir=chr6_simulation, k=510
    resources: tmpdir=/tmp


[Sat Apr 19 18:01:29 2025]
localrule run_simulation_r:
    input: /research/hvw5426/splitted_fasta/chr6.fasta
    output: chr6_simulation/varing_r/r0.051_k30.output
    jobid: 37
    reason: Missing output files: chr6_simulation/varing_r/r0.051_k30.output
    wildcards: output_dir=chr6_simulation, r=0.051
    resources: tmpdir=/tmp


[Sat Apr 19 18:01:29 2025]
localrule run_simulation_r:
    input: /research/hvw5426/splitted_fasta/chr6.fasta
    output: chr6_simulation/varing_r/r0.201_k30.output
    jobid: 52
    reason: Missing output files: chr6_simulation/varing_r/r0.201_k30.output
    wildcards: output_dir=chr6_simulation, r=0.201
    resources: tmpdir=/tmp


[Sat Apr 19 18:01:29 2025]
localrule run_simulation_k:
    input: /research/hvw5426/splitted_fasta/chr6.fasta
    output: chr6_simulation/varing_k/k60_r0.01.output
    jobid: 6
    reason: Missing output files: chr6_simulation/varing_k/k60_r0.01.output
    wildcards: output_dir=chr6_simulation, k=60
    resources: tmpdir=/tmp


[Sat Apr 19 18:01:29 2025]
localrule run_simulation_k:
    input: /research/hvw5426/splitted_fasta/chr6.fasta
    output: chr6_simulation/varing_k/k480_r0.01.output
    jobid: 20
    reason: Missing output files: chr6_simulation/varing_k/k480_r0.01.output
    wildcards: output_dir=chr6_simulation, k=480
    resources: tmpdir=/tmp


[Sat Apr 19 18:01:29 2025]
localrule run_simulation_r:
    input: /research/hvw5426/splitted_fasta/chr6.fasta
    output: chr6_simulation/varing_r/r0.041_k30.output
    jobid: 36
    reason: Missing output files: chr6_simulation/varing_r/r0.041_k30.output
    wildcards: output_dir=chr6_simulation, r=0.041
    resources: tmpdir=/tmp


[Sat Apr 19 18:01:29 2025]
localrule run_simulation_r:
    input: /research/hvw5426/splitted_fasta/chr6.fasta
    output: chr6_simulation/varing_r/r0.191_k30.output
    jobid: 51
    reason: Missing output files: chr6_simulation/varing_r/r0.191_k30.output
    wildcards: output_dir=chr6_simulation, r=0.191
    resources: tmpdir=/tmp


[Sat Apr 19 18:01:29 2025]
localrule run_simulation_k:
    input: /research/hvw5426/splitted_fasta/chr6.fasta
    output: chr6_simulation/varing_k/k32_r0.01.output
    jobid: 5
    reason: Missing output files: chr6_simulation/varing_k/k32_r0.01.output
    wildcards: output_dir=chr6_simulation, k=32
    resources: tmpdir=/tmp

[Sat Apr 19 18:01:41 2025]
Finished job 2.
1 of 63 steps (2%) done
[Sat Apr 19 18:01:51 2025]
Finished job 3.
2 of 63 steps (3%) done
[Sat Apr 19 18:02:01 2025]
Finished job 35.
3 of 63 steps (5%) done
[Sat Apr 19 18:02:01 2025]
Finished job 6.
4 of 63 steps (6%) done
[Sat Apr 19 18:02:05 2025]
Finished job 46.
5 of 63 steps (8%) done
[Sat Apr 19 18:02:06 2025]
Finished job 18.
6 of 63 steps (10%) done
[Sat Apr 19 18:02:06 2025]
Finished job 4.
7 of 63 steps (11%) done
[Sat Apr 19 18:02:06 2025]
Finished job 48.
8 of 63 steps (13%) done
[Sat Apr 19 18:02:06 2025]
Finished job 52.
9 of 63 steps (14%) done
[Sat Apr 19 18:02:06 2025]
Finished job 56.
10 of 63 steps (16%) done
[Sat Apr 19 18:02:06 2025]
Finished job 21.
11 of 63 steps (17%) done
[Sat Apr 19 18:02:06 2025]
Finished job 36.
12 of 63 steps (19%) done
[Sat Apr 19 18:02:07 2025]
Finished job 50.
13 of 63 steps (21%) done
[Sat Apr 19 18:02:07 2025]
Finished job 62.
14 of 63 steps (22%) done
[Sat Apr 19 18:02:07 2025]
Finished job 60.
15 of 63 steps (24%) done
[Sat Apr 19 18:02:07 2025]
Finished job 49.
16 of 63 steps (25%) done
[Sat Apr 19 18:02:07 2025]
Finished job 57.
17 of 63 steps (27%) done
[Sat Apr 19 18:02:07 2025]
Finished job 47.
18 of 63 steps (29%) done
[Sat Apr 19 18:02:07 2025]
Finished job 39.
19 of 63 steps (30%) done
[Sat Apr 19 18:02:07 2025]
Finished job 41.
20 of 63 steps (32%) done
[Sat Apr 19 18:02:07 2025]
Finished job 43.
21 of 63 steps (33%) done
[Sat Apr 19 18:02:07 2025]
Finished job 34.
22 of 63 steps (35%) done
[Sat Apr 19 18:02:07 2025]
Finished job 58.
23 of 63 steps (37%) done
[Sat Apr 19 18:02:07 2025]
Finished job 40.
24 of 63 steps (38%) done
[Sat Apr 19 18:02:07 2025]
Finished job 54.
25 of 63 steps (40%) done
[Sat Apr 19 18:02:07 2025]
Finished job 32.
26 of 63 steps (41%) done
[Sat Apr 19 18:02:07 2025]
Finished job 59.
27 of 63 steps (43%) done
[Sat Apr 19 18:02:08 2025]
Finished job 51.
28 of 63 steps (44%) done
[Sat Apr 19 18:02:08 2025]
Finished job 42.
29 of 63 steps (46%) done
[Sat Apr 19 18:02:08 2025]
Finished job 45.
30 of 63 steps (48%) done
[Sat Apr 19 18:02:08 2025]
Finished job 53.
31 of 63 steps (49%) done
[Sat Apr 19 18:02:08 2025]
Finished job 38.
32 of 63 steps (51%) done
[Sat Apr 19 18:02:08 2025]
Finished job 37.
33 of 63 steps (52%) done
[Sat Apr 19 18:02:08 2025]
Finished job 44.
34 of 63 steps (54%) done
[Sat Apr 19 18:02:08 2025]
Finished job 17.
35 of 63 steps (56%) done
[Sat Apr 19 18:02:08 2025]
Finished job 5.
36 of 63 steps (57%) done
[Sat Apr 19 18:02:08 2025]
Finished job 61.
37 of 63 steps (59%) done
[Sat Apr 19 18:02:08 2025]
Finished job 11.
38 of 63 steps (60%) done
[Sat Apr 19 18:02:08 2025]
Finished job 33.
39 of 63 steps (62%) done
[Sat Apr 19 18:02:08 2025]
Finished job 55.
40 of 63 steps (63%) done
Select jobs to execute...
Execute 1 jobs...

[Sat Apr 19 18:02:08 2025]
localrule plot_r_variation:
    input: chr6_simulation/varing_r/r0.001_k30.output, chr6_simulation/varing_r/r0.011_k30.output, chr6_simulation/varing_r/r0.021_k30.output, chr6_simulation/varing_r/r0.031_k30.output, chr6_simulation/varing_r/r0.041_k30.output, chr6_simulation/varing_r/r0.051_k30.output, chr6_simulation/varing_r/r0.061_k30.output, chr6_simulation/varing_r/r0.071_k30.output, chr6_simulation/varing_r/r0.081_k30.output, chr6_simulation/varing_r/r0.091_k30.output, chr6_simulation/varing_r/r0.101_k30.output, chr6_simulation/varing_r/r0.111_k30.output, chr6_simulation/varing_r/r0.121_k30.output, chr6_simulation/varing_r/r0.131_k30.output, chr6_simulation/varing_r/r0.141_k30.output, chr6_simulation/varing_r/r0.151_k30.output, chr6_simulation/varing_r/r0.161_k30.output, chr6_simulation/varing_r/r0.171_k30.output, chr6_simulation/varing_r/r0.181_k30.output, chr6_simulation/varing_r/r0.191_k30.output, chr6_simulation/varing_r/r0.201_k30.output, chr6_simulation/varing_r/r0.211_k30.output, chr6_simulation/varing_r/r0.221_k30.output, chr6_simulation/varing_r/r0.231_k30.output, chr6_simulation/varing_r/r0.241_k30.output, chr6_simulation/varing_r/r0.251_k30.output, chr6_simulation/varing_r/r0.261_k30.output, chr6_simulation/varing_r/r0.271_k30.output, chr6_simulation/varing_r/r0.281_k30.output, chr6_simulation/varing_r/r0.291_k30.output, chr6_simulation/varing_r/r0.301_k30.output
    output: chr6_simulation/r_plot_done.flag
    jobid: 31
    reason: Missing output files: chr6_simulation/r_plot_done.flag; Input files updated by another job: chr6_simulation/varing_r/r0.151_k30.output, chr6_simulation/varing_r/r0.071_k30.output, chr6_simulation/varing_r/r0.181_k30.output, chr6_simulation/varing_r/r0.161_k30.output, chr6_simulation/varing_r/r0.171_k30.output, chr6_simulation/varing_r/r0.301_k30.output, chr6_simulation/varing_r/r0.271_k30.output, chr6_simulation/varing_r/r0.011_k30.output, chr6_simulation/varing_r/r0.111_k30.output, chr6_simulation/varing_r/r0.241_k30.output, chr6_simulation/varing_r/r0.031_k30.output, chr6_simulation/varing_r/r0.221_k30.output, chr6_simulation/varing_r/r0.291_k30.output, chr6_simulation/varing_r/r0.001_k30.output, chr6_simulation/varing_r/r0.051_k30.output, chr6_simulation/varing_r/r0.201_k30.output, chr6_simulation/varing_r/r0.121_k30.output, chr6_simulation/varing_r/r0.061_k30.output, chr6_simulation/varing_r/r0.261_k30.output, chr6_simulation/varing_r/r0.091_k30.output, chr6_simulation/varing_r/r0.191_k30.output, chr6_simulation/varing_r/r0.081_k30.output, chr6_simulation/varing_r/r0.231_k30.output, chr6_simulation/varing_r/r0.251_k30.output, chr6_simulation/varing_r/r0.041_k30.output, chr6_simulation/varing_r/r0.211_k30.output, chr6_simulation/varing_r/r0.131_k30.output, chr6_simulation/varing_r/r0.021_k30.output, chr6_simulation/varing_r/r0.281_k30.output, chr6_simulation/varing_r/r0.141_k30.output, chr6_simulation/varing_r/r0.101_k30.output
    wildcards: output_dir=chr6_simulation
    resources: tmpdir=/tmp

[Sat Apr 19 18:02:08 2025]
Finished job 20.
41 of 63 steps (65%) done
[Sat Apr 19 18:02:09 2025]
Finished job 10.
42 of 63 steps (67%) done
[Sat Apr 19 18:02:09 2025]
Finished job 7.
43 of 63 steps (68%) done
[Sat Apr 19 18:02:09 2025]
Finished job 16.
44 of 63 steps (70%) done
[Sat Apr 19 18:02:09 2025]
Finished job 15.
45 of 63 steps (71%) done
[Sat Apr 19 18:02:09 2025]
Finished job 19.
46 of 63 steps (73%) done
[Sat Apr 19 18:02:09 2025]
Finished job 13.
47 of 63 steps (75%) done
[Sat Apr 19 18:02:10 2025]
Finished job 8.
48 of 63 steps (76%) done
[Sat Apr 19 18:02:10 2025]
Finished job 9.
49 of 63 steps (78%) done
[Sat Apr 19 18:02:11 2025]
Finished job 23.
50 of 63 steps (79%) done
[Sat Apr 19 18:02:11 2025]
Finished job 12.
51 of 63 steps (81%) done
[Sat Apr 19 18:02:11 2025]
Finished job 14.
52 of 63 steps (83%) done
[Sat Apr 19 18:02:11 2025]
Finished job 30.
53 of 63 steps (84%) done
[Sat Apr 19 18:02:11 2025]
Finished job 26.
54 of 63 steps (86%) done
[Sat Apr 19 18:02:11 2025]
Finished job 28.
55 of 63 steps (87%) done
[Sat Apr 19 18:02:11 2025]
Finished job 25.
56 of 63 steps (89%) done
[Sat Apr 19 18:02:11 2025]
Finished job 29.
57 of 63 steps (90%) done
[Sat Apr 19 18:02:11 2025]
Finished job 27.
58 of 63 steps (92%) done
[Sat Apr 19 18:02:12 2025]
Finished job 22.
59 of 63 steps (94%) done
[Sat Apr 19 18:02:12 2025]
Finished job 24.
60 of 63 steps (95%) done
Select jobs to execute...
Execute 1 jobs...

[Sat Apr 19 18:02:12 2025]
localrule plot_k_variation:
    input: chr6_simulation/varing_k/k4_r0.01.output, chr6_simulation/varing_k/k8_r0.01.output, chr6_simulation/varing_k/k16_r0.01.output, chr6_simulation/varing_k/k32_r0.01.output, chr6_simulation/varing_k/k60_r0.01.output, chr6_simulation/varing_k/k90_r0.01.output, chr6_simulation/varing_k/k120_r0.01.output, chr6_simulation/varing_k/k150_r0.01.output, chr6_simulation/varing_k/k180_r0.01.output, chr6_simulation/varing_k/k210_r0.01.output, chr6_simulation/varing_k/k240_r0.01.output, chr6_simulation/varing_k/k270_r0.01.output, chr6_simulation/varing_k/k300_r0.01.output, chr6_simulation/varing_k/k330_r0.01.output, chr6_simulation/varing_k/k360_r0.01.output, chr6_simulation/varing_k/k390_r0.01.output, chr6_simulation/varing_k/k420_r0.01.output, chr6_simulation/varing_k/k450_r0.01.output, chr6_simulation/varing_k/k480_r0.01.output, chr6_simulation/varing_k/k510_r0.01.output, chr6_simulation/varing_k/k540_r0.01.output, chr6_simulation/varing_k/k570_r0.01.output, chr6_simulation/varing_k/k600_r0.01.output, chr6_simulation/varing_k/k630_r0.01.output, chr6_simulation/varing_k/k660_r0.01.output, chr6_simulation/varing_k/k690_r0.01.output, chr6_simulation/varing_k/k720_r0.01.output, chr6_simulation/varing_k/k750_r0.01.output, chr6_simulation/varing_k/k780_r0.01.output
    output: chr6_simulation/k_plot_done.flag
    jobid: 1
    reason: Missing output files: chr6_simulation/k_plot_done.flag; Input files updated by another job: chr6_simulation/varing_k/k570_r0.01.output, chr6_simulation/varing_k/k4_r0.01.output, chr6_simulation/varing_k/k32_r0.01.output, chr6_simulation/varing_k/k180_r0.01.output, chr6_simulation/varing_k/k480_r0.01.output, chr6_simulation/varing_k/k510_r0.01.output, chr6_simulation/varing_k/k420_r0.01.output, chr6_simulation/varing_k/k660_r0.01.output, chr6_simulation/varing_k/k720_r0.01.output, chr6_simulation/varing_k/k780_r0.01.output, chr6_simulation/varing_k/k450_r0.01.output, chr6_simulation/varing_k/k240_r0.01.output, chr6_simulation/varing_k/k360_r0.01.output, chr6_simulation/varing_k/k120_r0.01.output, chr6_simulation/varing_k/k150_r0.01.output, chr6_simulation/varing_k/k8_r0.01.output, chr6_simulation/varing_k/k90_r0.01.output, chr6_simulation/varing_k/k210_r0.01.output, chr6_simulation/varing_k/k630_r0.01.output, chr6_simulation/varing_k/k330_r0.01.output, chr6_simulation/varing_k/k300_r0.01.output, chr6_simulation/varing_k/k60_r0.01.output, chr6_simulation/varing_k/k390_r0.01.output, chr6_simulation/varing_k/k540_r0.01.output, chr6_simulation/varing_k/k690_r0.01.output, chr6_simulation/varing_k/k270_r0.01.output, chr6_simulation/varing_k/k600_r0.01.output, chr6_simulation/varing_k/k16_r0.01.output, chr6_simulation/varing_k/k750_r0.01.output
    wildcards: output_dir=chr6_simulation
    resources: tmpdir=/tmp

[Sat Apr 19 18:02:13 2025]
Error in rule plot_r_variation:
    jobid: 31
    input: chr6_simulation/varing_r/r0.001_k30.output, chr6_simulation/varing_r/r0.011_k30.output, chr6_simulation/varing_r/r0.021_k30.output, chr6_simulation/varing_r/r0.031_k30.output, chr6_simulation/varing_r/r0.041_k30.output, chr6_simulation/varing_r/r0.051_k30.output, chr6_simulation/varing_r/r0.061_k30.output, chr6_simulation/varing_r/r0.071_k30.output, chr6_simulation/varing_r/r0.081_k30.output, chr6_simulation/varing_r/r0.091_k30.output, chr6_simulation/varing_r/r0.101_k30.output, chr6_simulation/varing_r/r0.111_k30.output, chr6_simulation/varing_r/r0.121_k30.output, chr6_simulation/varing_r/r0.131_k30.output, chr6_simulation/varing_r/r0.141_k30.output, chr6_simulation/varing_r/r0.151_k30.output, chr6_simulation/varing_r/r0.161_k30.output, chr6_simulation/varing_r/r0.171_k30.output, chr6_simulation/varing_r/r0.181_k30.output, chr6_simulation/varing_r/r0.191_k30.output, chr6_simulation/varing_r/r0.201_k30.output, chr6_simulation/varing_r/r0.211_k30.output, chr6_simulation/varing_r/r0.221_k30.output, chr6_simulation/varing_r/r0.231_k30.output, chr6_simulation/varing_r/r0.241_k30.output, chr6_simulation/varing_r/r0.251_k30.output, chr6_simulation/varing_r/r0.261_k30.output, chr6_simulation/varing_r/r0.271_k30.output, chr6_simulation/varing_r/r0.281_k30.output, chr6_simulation/varing_r/r0.291_k30.output, chr6_simulation/varing_r/r0.301_k30.output
    output: chr6_simulation/r_plot_done.flag
    shell:
        
        cd chr6_simulation && python ../boxplot_r.py \
            -d varing_r \
            -t 0.25 \
            -k 30
        touch chr6_simulation/r_plot_done.flag
        
        (one of the commands exited with non-zero exit code; note that snakemake uses bash strict mode!)

[Sat Apr 19 18:02:15 2025]
Error in rule plot_k_variation:
    jobid: 1
    input: chr6_simulation/varing_k/k4_r0.01.output, chr6_simulation/varing_k/k8_r0.01.output, chr6_simulation/varing_k/k16_r0.01.output, chr6_simulation/varing_k/k32_r0.01.output, chr6_simulation/varing_k/k60_r0.01.output, chr6_simulation/varing_k/k90_r0.01.output, chr6_simulation/varing_k/k120_r0.01.output, chr6_simulation/varing_k/k150_r0.01.output, chr6_simulation/varing_k/k180_r0.01.output, chr6_simulation/varing_k/k210_r0.01.output, chr6_simulation/varing_k/k240_r0.01.output, chr6_simulation/varing_k/k270_r0.01.output, chr6_simulation/varing_k/k300_r0.01.output, chr6_simulation/varing_k/k330_r0.01.output, chr6_simulation/varing_k/k360_r0.01.output, chr6_simulation/varing_k/k390_r0.01.output, chr6_simulation/varing_k/k420_r0.01.output, chr6_simulation/varing_k/k450_r0.01.output, chr6_simulation/varing_k/k480_r0.01.output, chr6_simulation/varing_k/k510_r0.01.output, chr6_simulation/varing_k/k540_r0.01.output, chr6_simulation/varing_k/k570_r0.01.output, chr6_simulation/varing_k/k600_r0.01.output, chr6_simulation/varing_k/k630_r0.01.output, chr6_simulation/varing_k/k660_r0.01.output, chr6_simulation/varing_k/k690_r0.01.output, chr6_simulation/varing_k/k720_r0.01.output, chr6_simulation/varing_k/k750_r0.01.output, chr6_simulation/varing_k/k780_r0.01.output
    output: chr6_simulation/k_plot_done.flag
    shell:
        
        cd chr6_simulation && python ../boxplot_k.py \
            -d varing_k \
            -t 32 630
        touch chr6_simulation/k_plot_done.flag
        
        (one of the commands exited with non-zero exit code; note that snakemake uses bash strict mode!)

Shutting down, this might take some time.
Exiting because a job execution failed. Look above for error message
Complete log: .snakemake/log/2025-04-19T180128.384635.snakemake.log
WorkflowError:
At least one job did not complete successfully.
