Building DAG of jobs...
Using shell: /usr/bin/bash
Provided cores: 100
Rules claiming more threads will be scaled down.
Job stats:
job                 count
----------------  -------
all                     1
plot_k_variation        1
plot_r_variation        1
total                   3

Select jobs to execute...
Execute 2 jobs...

[Sun Apr 20 21:56:26 2025]
localrule plot_r_variation:
    input: chrY_SimpleRepeat/varing_r/r0.001_k10.output, chrY_SimpleRepeat/varing_r/r0.011_k10.output, chrY_SimpleRepeat/varing_r/r0.021_k10.output, chrY_SimpleRepeat/varing_r/r0.031_k10.output, chrY_SimpleRepeat/varing_r/r0.041_k10.output, chrY_SimpleRepeat/varing_r/r0.051_k10.output, chrY_SimpleRepeat/varing_r/r0.061_k10.output, chrY_SimpleRepeat/varing_r/r0.071_k10.output, chrY_SimpleRepeat/varing_r/r0.081_k10.output, chrY_SimpleRepeat/varing_r/r0.091_k10.output, chrY_SimpleRepeat/varing_r/r0.101_k10.output, chrY_SimpleRepeat/varing_r/r0.111_k10.output, chrY_SimpleRepeat/varing_r/r0.121_k10.output, chrY_SimpleRepeat/varing_r/r0.131_k10.output, chrY_SimpleRepeat/varing_r/r0.141_k10.output, chrY_SimpleRepeat/varing_r/r0.151_k10.output, chrY_SimpleRepeat/varing_r/r0.161_k10.output, chrY_SimpleRepeat/varing_r/r0.171_k10.output, chrY_SimpleRepeat/varing_r/r0.181_k10.output, chrY_SimpleRepeat/varing_r/r0.191_k10.output, chrY_SimpleRepeat/varing_r/r0.201_k10.output, chrY_SimpleRepeat/varing_r/r0.211_k10.output, chrY_SimpleRepeat/varing_r/r0.221_k10.output, chrY_SimpleRepeat/varing_r/r0.231_k10.output, chrY_SimpleRepeat/varing_r/r0.241_k10.output, chrY_SimpleRepeat/varing_r/r0.251_k10.output, chrY_SimpleRepeat/varing_r/r0.261_k10.output, chrY_SimpleRepeat/varing_r/r0.271_k10.output, chrY_SimpleRepeat/varing_r/r0.281_k10.output, chrY_SimpleRepeat/varing_r/r0.291_k10.output, chrY_SimpleRepeat/varing_r/r0.301_k10.output
    output: chrY_SimpleRepeat/dual_boxplot_k10.png
    jobid: 155
    reason: Missing output files: chrY_SimpleRepeat/dual_boxplot_k10.png; Params have changed since last execution
    wildcards: output_dir=chrY_SimpleRepeat, fixed_k=10
    resources: tmpdir=/tmp


[Sun Apr 20 21:56:26 2025]
localrule plot_k_variation:
    input: chrY_SimpleRepeat/varing_k/k4_r0.01.output, chrY_SimpleRepeat/varing_k/k8_r0.01.output, chrY_SimpleRepeat/varing_k/k16_r0.01.output, chrY_SimpleRepeat/varing_k/k32_r0.01.output, chrY_SimpleRepeat/varing_k/k60_r0.01.output, chrY_SimpleRepeat/varing_k/k90_r0.01.output, chrY_SimpleRepeat/varing_k/k120_r0.01.output, chrY_SimpleRepeat/varing_k/k150_r0.01.output, chrY_SimpleRepeat/varing_k/k180_r0.01.output, chrY_SimpleRepeat/varing_k/k210_r0.01.output, chrY_SimpleRepeat/varing_k/k240_r0.01.output, chrY_SimpleRepeat/varing_k/k270_r0.01.output, chrY_SimpleRepeat/varing_k/k300_r0.01.output, chrY_SimpleRepeat/varing_k/k330_r0.01.output, chrY_SimpleRepeat/varing_k/k360_r0.01.output, chrY_SimpleRepeat/varing_k/k390_r0.01.output, chrY_SimpleRepeat/varing_k/k420_r0.01.output, chrY_SimpleRepeat/varing_k/k450_r0.01.output, chrY_SimpleRepeat/varing_k/k480_r0.01.output, chrY_SimpleRepeat/varing_k/k510_r0.01.output, chrY_SimpleRepeat/varing_k/k540_r0.01.output, chrY_SimpleRepeat/varing_k/k570_r0.01.output, chrY_SimpleRepeat/varing_k/k600_r0.01.output, chrY_SimpleRepeat/varing_k/k630_r0.01.output, chrY_SimpleRepeat/varing_k/k660_r0.01.output, chrY_SimpleRepeat/varing_k/k690_r0.01.output, chrY_SimpleRepeat/varing_k/k720_r0.01.output, chrY_SimpleRepeat/varing_k/k750_r0.01.output, chrY_SimpleRepeat/varing_k/k780_r0.01.output
    output: chrY_SimpleRepeat/triple_boxplot_r0.01.png
    jobid: 61
    reason: Missing output files: chrY_SimpleRepeat/triple_boxplot_r0.01.png
    wildcards: output_dir=chrY_SimpleRepeat, fixed_r=0.01
    resources: tmpdir=/tmp

[Sun Apr 20 21:56:30 2025]
Finished job 61.
1 of 3 steps (33%) done
[Sun Apr 20 21:56:31 2025]
Finished job 155.
2 of 3 steps (67%) done
Select jobs to execute...
Execute 1 jobs...

[Sun Apr 20 21:56:31 2025]
localrule all:
    input: chr6_RepeatMasker/triple_boxplot_r0.01.png, chr21_centromere/triple_boxplot_r0.01.png, chrY_SimpleRepeat/triple_boxplot_r0.01.png, chr6_RepeatMasker/dual_boxplot_k30.png, chr21_centromere/dual_boxplot_k30.png, chrY_SimpleRepeat/dual_boxplot_k10.png
    jobid: 0
    reason: Input files updated by another job: chrY_SimpleRepeat/triple_boxplot_r0.01.png, chrY_SimpleRepeat/dual_boxplot_k10.png
    resources: tmpdir=/tmp

[Sun Apr 20 21:56:31 2025]
Finished job 0.
3 of 3 steps (100%) done
Complete log: .snakemake/log/2025-04-20T215626.385119.snakemake.log
