Building DAG of jobs...
IncompleteFilesException:
The files below seem to be incomplete. If you are sure that certain files are not incomplete, mark them as complete with

    snakemake --cleanup-metadata <filenames>

To re-generate the files rerun your command with the --rerun-incomplete flag.
Incomplete files:
results/r0.001_k20.output
results/r0.001_k30.output
results/r0.001_k40.output
results/r0.001_k50.output
results/r0.001_k60.output
results/r0.01_k20.output
results/r0.01_k30.output
results/r0.01_k40.output
results/r0.01_k50.output
results/r0.01_k60.output
results/r0.05_k20.output
results/r0.05_k30.output
results/r0.05_k40.output
results/r0.05_k50.output
results/r0.05_k60.output
results/r0.2_k20.output
results/r0.2_k30.output
results/r0.2_k40.output
results/r0.2_k50.output
results/r0.2_k60.output
