Building DAG of jobs...
Using shell: /bin/bash
Provided cores: 100
Rules claiming more threads will be scaled down.
Job stats:
job                count
---------------  -------
all                    1
run_cpp_program       40
total                 41

Select jobs to execute...
Execute 40 jobs...

[Thu Jan 23 21:47:52 2025]
localrule run_cpp_program:
    output: results/r0.01_k4_t1.output
    jobid: 14
    reason: Missing output files: results/r0.01_k4_t1.output
    wildcards: r=0.01, k=4, t=1
    resources: tmpdir=/tmp


[Thu Jan 23 21:47:52 2025]
localrule run_cpp_program:
    output: results/r0.001_k4_t1.output
    jobid: 4
    reason: Missing output files: results/r0.001_k4_t1.output
    wildcards: r=0.001, k=4, t=1
    resources: tmpdir=/tmp


[Thu Jan 23 21:47:52 2025]
localrule run_cpp_program:
    output: results/r0.01_k32_t0.output
    jobid: 19
    reason: Missing output files: results/r0.01_k32_t0.output
    wildcards: r=0.01, k=32, t=0
    resources: tmpdir=/tmp


[Thu Jan 23 21:47:52 2025]
localrule run_cpp_program:
    output: results/r0.001_k32_t0.output
    jobid: 9
    reason: Missing output files: results/r0.001_k32_t0.output
    wildcards: r=0.001, k=32, t=0
    resources: tmpdir=/tmp


[Thu Jan 23 21:47:52 2025]
localrule run_cpp_program:
    output: results/r0.05_k4_t1.output
    jobid: 24
    reason: Missing output files: results/r0.05_k4_t1.output
    wildcards: r=0.05, k=4, t=1
    resources: tmpdir=/tmp


[Thu Jan 23 21:47:52 2025]
localrule run_cpp_program:
    output: results/r0.05_k32_t0.output
    jobid: 29
    reason: Missing output files: results/r0.05_k32_t0.output
    wildcards: r=0.05, k=32, t=0
    resources: tmpdir=/tmp


[Thu Jan 23 21:47:52 2025]
localrule run_cpp_program:
    output: results/r0.2_k4_t1.output
    jobid: 34
    reason: Missing output files: results/r0.2_k4_t1.output
    wildcards: r=0.2, k=4, t=1
    resources: tmpdir=/tmp


[Thu Jan 23 21:47:52 2025]
localrule run_cpp_program:
    output: results/r0.2_k32_t0.output
    jobid: 39
    reason: Missing output files: results/r0.2_k32_t0.output
    wildcards: r=0.2, k=32, t=0
    resources: tmpdir=/tmp


[Thu Jan 23 21:47:52 2025]
localrule run_cpp_program:
    output: results/r0.001_k4_t0.output
    jobid: 3
    reason: Missing output files: results/r0.001_k4_t0.output
    wildcards: r=0.001, k=4, t=0
    resources: tmpdir=/tmp


[Thu Jan 23 21:47:52 2025]
localrule run_cpp_program:
    output: results/r0.01_k4_t0.output
    jobid: 13
    reason: Missing output files: results/r0.01_k4_t0.output
    wildcards: r=0.01, k=4, t=0
    resources: tmpdir=/tmp


[Thu Jan 23 21:47:52 2025]
localrule run_cpp_program:
    output: results/r0.001_k16_t1.output
    jobid: 8
    reason: Missing output files: results/r0.001_k16_t1.output
    wildcards: r=0.001, k=16, t=1
    resources: tmpdir=/tmp


[Thu Jan 23 21:47:52 2025]
localrule run_cpp_program:
    output: results/r0.01_k16_t1.output
    jobid: 18
    reason: Missing output files: results/r0.01_k16_t1.output
    wildcards: r=0.01, k=16, t=1
    resources: tmpdir=/tmp


[Thu Jan 23 21:47:52 2025]
localrule run_cpp_program:
    output: results/r0.05_k4_t0.output
    jobid: 23
    reason: Missing output files: results/r0.05_k4_t0.output
    wildcards: r=0.05, k=4, t=0
    resources: tmpdir=/tmp


[Thu Jan 23 21:47:52 2025]
localrule run_cpp_program:
    output: results/r0.05_k16_t1.output
    jobid: 28
    reason: Missing output files: results/r0.05_k16_t1.output
    wildcards: r=0.05, k=16, t=1
    resources: tmpdir=/tmp


[Thu Jan 23 21:47:52 2025]
localrule run_cpp_program:
    output: results/r0.2_k4_t0.output
    jobid: 33
    reason: Missing output files: results/r0.2_k4_t0.output
    wildcards: r=0.2, k=4, t=0
    resources: tmpdir=/tmp


[Thu Jan 23 21:47:52 2025]
localrule run_cpp_program:
    output: results/r0.2_k16_t1.output
    jobid: 38
    reason: Missing output files: results/r0.2_k16_t1.output
    wildcards: r=0.2, k=16, t=1
    resources: tmpdir=/tmp


[Thu Jan 23 21:47:52 2025]
localrule run_cpp_program:
    output: results/r0.001_k2_t1.output
    jobid: 2
    reason: Missing output files: results/r0.001_k2_t1.output
    wildcards: r=0.001, k=2, t=1
    resources: tmpdir=/tmp


[Thu Jan 23 21:47:52 2025]
localrule run_cpp_program:
    output: results/r0.01_k2_t1.output
    jobid: 12
    reason: Missing output files: results/r0.01_k2_t1.output
    wildcards: r=0.01, k=2, t=1
    resources: tmpdir=/tmp


[Thu Jan 23 21:47:52 2025]
localrule run_cpp_program:
    output: results/r0.001_k16_t0.output
    jobid: 7
    reason: Missing output files: results/r0.001_k16_t0.output
    wildcards: r=0.001, k=16, t=0
    resources: tmpdir=/tmp


[Thu Jan 23 21:47:52 2025]
localrule run_cpp_program:
    output: results/r0.01_k16_t0.output
    jobid: 17
    reason: Missing output files: results/r0.01_k16_t0.output
    wildcards: r=0.01, k=16, t=0
    resources: tmpdir=/tmp


[Thu Jan 23 21:47:52 2025]
localrule run_cpp_program:
    output: results/r0.05_k2_t1.output
    jobid: 22
    reason: Missing output files: results/r0.05_k2_t1.output
    wildcards: r=0.05, k=2, t=1
    resources: tmpdir=/tmp


[Thu Jan 23 21:47:52 2025]
localrule run_cpp_program:
    output: results/r0.05_k16_t0.output
    jobid: 27
    reason: Missing output files: results/r0.05_k16_t0.output
    wildcards: r=0.05, k=16, t=0
    resources: tmpdir=/tmp


[Thu Jan 23 21:47:52 2025]
localrule run_cpp_program:
    output: results/r0.2_k2_t1.output
    jobid: 32
    reason: Missing output files: results/r0.2_k2_t1.output
    wildcards: r=0.2, k=2, t=1
    resources: tmpdir=/tmp


[Thu Jan 23 21:47:52 2025]
localrule run_cpp_program:
    output: results/r0.2_k16_t0.output
    jobid: 37
    reason: Missing output files: results/r0.2_k16_t0.output
    wildcards: r=0.2, k=16, t=0
    resources: tmpdir=/tmp


[Thu Jan 23 21:47:52 2025]
localrule run_cpp_program:
    output: results/r0.01_k2_t0.output
    jobid: 11
    reason: Missing output files: results/r0.01_k2_t0.output
    wildcards: r=0.01, k=2, t=0
    resources: tmpdir=/tmp


[Thu Jan 23 21:47:52 2025]
localrule run_cpp_program:
    output: results/r0.001_k2_t0.output
    jobid: 1
    reason: Missing output files: results/r0.001_k2_t0.output
    wildcards: r=0.001, k=2, t=0
    resources: tmpdir=/tmp


[Thu Jan 23 21:47:52 2025]
localrule run_cpp_program:
    output: results/r0.01_k8_t1.output
    jobid: 16
    reason: Missing output files: results/r0.01_k8_t1.output
    wildcards: r=0.01, k=8, t=1
    resources: tmpdir=/tmp


[Thu Jan 23 21:47:52 2025]
localrule run_cpp_program:
    output: results/r0.001_k8_t1.output
    jobid: 6
    reason: Missing output files: results/r0.001_k8_t1.output
    wildcards: r=0.001, k=8, t=1
    resources: tmpdir=/tmp


[Thu Jan 23 21:47:52 2025]
localrule run_cpp_program:
    output: results/r0.05_k2_t0.output
    jobid: 21
    reason: Missing output files: results/r0.05_k2_t0.output
    wildcards: r=0.05, k=2, t=0
    resources: tmpdir=/tmp


[Thu Jan 23 21:47:52 2025]
localrule run_cpp_program:
    output: results/r0.05_k8_t1.output
    jobid: 26
    reason: Missing output files: results/r0.05_k8_t1.output
    wildcards: r=0.05, k=8, t=1
    resources: tmpdir=/tmp


[Thu Jan 23 21:47:52 2025]
localrule run_cpp_program:
    output: results/r0.2_k2_t0.output
    jobid: 31
    reason: Missing output files: results/r0.2_k2_t0.output
    wildcards: r=0.2, k=2, t=0
    resources: tmpdir=/tmp


[Thu Jan 23 21:47:52 2025]
localrule run_cpp_program:
    output: results/r0.2_k8_t1.output
    jobid: 36
    reason: Missing output files: results/r0.2_k8_t1.output
    wildcards: r=0.2, k=8, t=1
    resources: tmpdir=/tmp


[Thu Jan 23 21:47:52 2025]
localrule run_cpp_program:
    output: results/r0.001_k8_t0.output
    jobid: 5
    reason: Missing output files: results/r0.001_k8_t0.output
    wildcards: r=0.001, k=8, t=0
    resources: tmpdir=/tmp


[Thu Jan 23 21:47:52 2025]
localrule run_cpp_program:
    output: results/r0.01_k8_t0.output
    jobid: 15
    reason: Missing output files: results/r0.01_k8_t0.output
    wildcards: r=0.01, k=8, t=0
    resources: tmpdir=/tmp


[Thu Jan 23 21:47:52 2025]
localrule run_cpp_program:
    output: results/r0.001_k32_t1.output
    jobid: 10
    reason: Missing output files: results/r0.001_k32_t1.output
    wildcards: r=0.001, k=32, t=1
    resources: tmpdir=/tmp


[Thu Jan 23 21:47:52 2025]
localrule run_cpp_program:
    output: results/r0.01_k32_t1.output
    jobid: 20
    reason: Missing output files: results/r0.01_k32_t1.output
    wildcards: r=0.01, k=32, t=1
    resources: tmpdir=/tmp


[Thu Jan 23 21:47:52 2025]
localrule run_cpp_program:
    output: results/r0.05_k8_t0.output
    jobid: 25
    reason: Missing output files: results/r0.05_k8_t0.output
    wildcards: r=0.05, k=8, t=0
    resources: tmpdir=/tmp


[Thu Jan 23 21:47:52 2025]
localrule run_cpp_program:
    output: results/r0.05_k32_t1.output
    jobid: 30
    reason: Missing output files: results/r0.05_k32_t1.output
    wildcards: r=0.05, k=32, t=1
    resources: tmpdir=/tmp


[Thu Jan 23 21:47:52 2025]
localrule run_cpp_program:
    output: results/r0.2_k8_t0.output
    jobid: 35
    reason: Missing output files: results/r0.2_k8_t0.output
    wildcards: r=0.2, k=8, t=0
    resources: tmpdir=/tmp


[Thu Jan 23 21:47:52 2025]
localrule run_cpp_program:
    output: results/r0.2_k32_t1.output
    jobid: 40
    reason: Missing output files: results/r0.2_k32_t1.output
    wildcards: r=0.2, k=32, t=1
    resources: tmpdir=/tmp

[Thu Jan 23 21:47:53 2025]
Finished job 14.
1 of 41 steps (2%) done
[Thu Jan 23 21:47:53 2025]
Finished job 4.
2 of 41 steps (5%) done
[Thu Jan 23 21:47:53 2025]
Finished job 24.
3 of 41 steps (7%) done
[Thu Jan 23 21:47:53 2025]
Finished job 34.
4 of 41 steps (10%) done
[Thu Jan 23 21:47:53 2025]
Finished job 9.
5 of 41 steps (12%) done
[Thu Jan 23 21:47:53 2025]
Finished job 18.
6 of 41 steps (15%) done
[Thu Jan 23 21:47:53 2025]
Finished job 19.
7 of 41 steps (17%) done
[Thu Jan 23 21:47:53 2025]
Finished job 8.
8 of 41 steps (20%) done
[Thu Jan 23 21:47:53 2025]
Finished job 39.
9 of 41 steps (22%) done
[Thu Jan 23 21:47:53 2025]
Finished job 13.
10 of 41 steps (24%) done
[Thu Jan 23 21:47:53 2025]
Finished job 3.
11 of 41 steps (27%) done
[Thu Jan 23 21:47:53 2025]
Finished job 28.
12 of 41 steps (29%) done
[Thu Jan 23 21:47:53 2025]
Finished job 12.
13 of 41 steps (32%) done
[Thu Jan 23 21:47:53 2025]
Finished job 38.
14 of 41 steps (34%) done
[Thu Jan 23 21:47:53 2025]
Finished job 2.
15 of 41 steps (37%) done
[Thu Jan 23 21:47:53 2025]
Finished job 23.
16 of 41 steps (39%) done
[Thu Jan 23 21:47:53 2025]
Finished job 29.
17 of 41 steps (41%) done
[Thu Jan 23 21:47:53 2025]
Finished job 33.
18 of 41 steps (44%) done
[Thu Jan 23 21:47:53 2025]
Finished job 32.
19 of 41 steps (46%) done
[Thu Jan 23 21:47:53 2025]
Finished job 22.
20 of 41 steps (49%) done
[Thu Jan 23 21:47:53 2025]
Finished job 17.
21 of 41 steps (51%) done
[Thu Jan 23 21:47:53 2025]
Finished job 11.
22 of 41 steps (54%) done
[Thu Jan 23 21:47:53 2025]
Finished job 16.
23 of 41 steps (56%) done
[Thu Jan 23 21:47:53 2025]
Finished job 7.
24 of 41 steps (59%) done
[Thu Jan 23 21:47:53 2025]
Finished job 1.
25 of 41 steps (61%) done
[Thu Jan 23 21:47:53 2025]
Finished job 27.
26 of 41 steps (63%) done
[Thu Jan 23 21:47:53 2025]
Finished job 37.
27 of 41 steps (66%) done
[Thu Jan 23 21:47:53 2025]
Finished job 6.
28 of 41 steps (68%) done
[Thu Jan 23 21:47:53 2025]
Finished job 21.
29 of 41 steps (71%) done
[Thu Jan 23 21:47:53 2025]
Finished job 26.
30 of 41 steps (73%) done
[Thu Jan 23 21:47:53 2025]
Finished job 36.
31 of 41 steps (76%) done
[Thu Jan 23 21:47:53 2025]
Finished job 31.
32 of 41 steps (78%) done
[Thu Jan 23 21:47:53 2025]
Finished job 40.
33 of 41 steps (80%) done
[Thu Jan 23 21:47:53 2025]
Finished job 30.
34 of 41 steps (83%) done
[Thu Jan 23 21:47:53 2025]
Finished job 15.
35 of 41 steps (85%) done
[Thu Jan 23 21:47:53 2025]
Finished job 35.
36 of 41 steps (88%) done
[Thu Jan 23 21:47:53 2025]
Finished job 10.
37 of 41 steps (90%) done
[Thu Jan 23 21:47:53 2025]
Finished job 25.
38 of 41 steps (93%) done
[Thu Jan 23 21:47:53 2025]
Finished job 20.
39 of 41 steps (95%) done
[Thu Jan 23 21:47:53 2025]
Finished job 5.
40 of 41 steps (98%) done
Select jobs to execute...
Execute 1 jobs...

[Thu Jan 23 21:47:53 2025]
localrule all:
    input: results/r0.001_k2_t0.output, results/r0.001_k2_t1.output, results/r0.001_k4_t0.output, results/r0.001_k4_t1.output, results/r0.001_k8_t0.output, results/r0.001_k8_t1.output, results/r0.001_k16_t0.output, results/r0.001_k16_t1.output, results/r0.001_k32_t0.output, results/r0.001_k32_t1.output, results/r0.01_k2_t0.output, results/r0.01_k2_t1.output, results/r0.01_k4_t0.output, results/r0.01_k4_t1.output, results/r0.01_k8_t0.output, results/r0.01_k8_t1.output, results/r0.01_k16_t0.output, results/r0.01_k16_t1.output, results/r0.01_k32_t0.output, results/r0.01_k32_t1.output, results/r0.05_k2_t0.output, results/r0.05_k2_t1.output, results/r0.05_k4_t0.output, results/r0.05_k4_t1.output, results/r0.05_k8_t0.output, results/r0.05_k8_t1.output, results/r0.05_k16_t0.output, results/r0.05_k16_t1.output, results/r0.05_k32_t0.output, results/r0.05_k32_t1.output, results/r0.2_k2_t0.output, results/r0.2_k2_t1.output, results/r0.2_k4_t0.output, results/r0.2_k4_t1.output, results/r0.2_k8_t0.output, results/r0.2_k8_t1.output, results/r0.2_k16_t0.output, results/r0.2_k16_t1.output, results/r0.2_k32_t0.output, results/r0.2_k32_t1.output
    jobid: 0
    reason: Input files updated by another job: results/r0.01_k2_t1.output, results/r0.01_k32_t0.output, results/r0.01_k32_t1.output, results/r0.05_k32_t1.output, results/r0.2_k16_t1.output, results/r0.001_k16_t1.output, results/r0.01_k4_t0.output, results/r0.2_k32_t0.output, results/r0.05_k4_t0.output, results/r0.001_k32_t1.output, results/r0.01_k4_t1.output, results/r0.2_k32_t1.output, results/r0.05_k8_t1.output, results/r0.05_k4_t1.output, results/r0.01_k2_t0.output, results/r0.01_k8_t1.output, results/r0.2_k4_t0.output, results/r0.001_k4_t0.output, results/r0.2_k2_t0.output, results/r0.01_k16_t1.output, results/r0.2_k8_t1.output, results/r0.2_k2_t1.output, results/r0.001_k32_t0.output, results/r0.2_k4_t1.output, results/r0.05_k32_t0.output, results/r0.05_k16_t1.output, results/r0.001_k8_t1.output, results/r0.001_k16_t0.output, results/r0.2_k8_t0.output, results/r0.05_k2_t1.output, results/r0.001_k4_t1.output, results/r0.01_k16_t0.output, results/r0.2_k16_t0.output, results/r0.05_k8_t0.output, results/r0.001_k2_t0.output, results/r0.05_k2_t0.output, results/r0.01_k8_t0.output, results/r0.001_k2_t1.output, results/r0.001_k8_t0.output, results/r0.05_k16_t0.output
    resources: tmpdir=/tmp

[Thu Jan 23 21:47:53 2025]
Finished job 0.
41 of 41 steps (100%) done
Complete log: .snakemake/log/2025-01-23T214751.992821.snakemake.log
