Building DAG of jobs...
Using shell: /usr/bin/bash
Provided cores: 100
Rules claiming more threads will be scaled down.
Job stats:
job                 count
----------------  -------
all                     1
plot_k_variation        1
plot_r_variation        1
total                   3

Select jobs to execute...
Execute 2 jobs...

[Sat Apr 19 17:24:28 2025]
localrule plot_k_variation:
    input: chr6_simulation/varing_k/k4_r0.01.output, chr6_simulation/varing_k/k8_r0.01.output, chr6_simulation/varing_k/k16_r0.01.output, chr6_simulation/varing_k/k32_r0.01.output, chr6_simulation/varing_k/k60_r0.01.output, chr6_simulation/varing_k/k90_r0.01.output, chr6_simulation/varing_k/k120_r0.01.output, chr6_simulation/varing_k/k150_r0.01.output, chr6_simulation/varing_k/k180_r0.01.output, chr6_simulation/varing_k/k210_r0.01.output, chr6_simulation/varing_k/k240_r0.01.output, chr6_simulation/varing_k/k270_r0.01.output, chr6_simulation/varing_k/k300_r0.01.output, chr6_simulation/varing_k/k330_r0.01.output, chr6_simulation/varing_k/k360_r0.01.output, chr6_simulation/varing_k/k390_r0.01.output, chr6_simulation/varing_k/k420_r0.01.output, chr6_simulation/varing_k/k450_r0.01.output, chr6_simulation/varing_k/k480_r0.01.output, chr6_simulation/varing_k/k510_r0.01.output, chr6_simulation/varing_k/k540_r0.01.output, chr6_simulation/varing_k/k570_r0.01.output, chr6_simulation/varing_k/k600_r0.01.output, chr6_simulation/varing_k/k630_r0.01.output, chr6_simulation/varing_k/k660_r0.01.output, chr6_simulation/varing_k/k690_r0.01.output, chr6_simulation/varing_k/k720_r0.01.output, chr6_simulation/varing_k/k750_r0.01.output, chr6_simulation/varing_k/k780_r0.01.output
    output: chr6_simulation/boxplot_k.png
    jobid: 1
    reason: Missing output files: chr6_simulation/boxplot_k.png
    wildcards: output_dir=chr6_simulation
    resources: tmpdir=/tmp


[Sat Apr 19 17:24:28 2025]
localrule plot_r_variation:
    input: chr6_simulation/varing_r/r0.001_k30.output, chr6_simulation/varing_r/r0.011_k30.output, chr6_simulation/varing_r/r0.021_k30.output, chr6_simulation/varing_r/r0.031_k30.output, chr6_simulation/varing_r/r0.041_k30.output, chr6_simulation/varing_r/r0.051_k30.output, chr6_simulation/varing_r/r0.061_k30.output, chr6_simulation/varing_r/r0.071_k30.output, chr6_simulation/varing_r/r0.081_k30.output, chr6_simulation/varing_r/r0.091_k30.output, chr6_simulation/varing_r/r0.101_k30.output, chr6_simulation/varing_r/r0.111_k30.output, chr6_simulation/varing_r/r0.121_k30.output, chr6_simulation/varing_r/r0.131_k30.output, chr6_simulation/varing_r/r0.141_k30.output, chr6_simulation/varing_r/r0.151_k30.output, chr6_simulation/varing_r/r0.161_k30.output, chr6_simulation/varing_r/r0.171_k30.output, chr6_simulation/varing_r/r0.181_k30.output, chr6_simulation/varing_r/r0.191_k30.output, chr6_simulation/varing_r/r0.201_k30.output, chr6_simulation/varing_r/r0.211_k30.output, chr6_simulation/varing_r/r0.221_k30.output, chr6_simulation/varing_r/r0.231_k30.output, chr6_simulation/varing_r/r0.241_k30.output, chr6_simulation/varing_r/r0.251_k30.output, chr6_simulation/varing_r/r0.261_k30.output, chr6_simulation/varing_r/r0.271_k30.output, chr6_simulation/varing_r/r0.281_k30.output, chr6_simulation/varing_r/r0.291_k30.output, chr6_simulation/varing_r/r0.301_k30.output
    output: chr6_simulation/boxplot_r.png
    jobid: 31
    reason: Missing output files: chr6_simulation/boxplot_r.png
    wildcards: output_dir=chr6_simulation
    resources: tmpdir=/tmp

[Sat Apr 19 17:24:29 2025]
Error in rule plot_k_variation:
    jobid: 1
    input: chr6_simulation/varing_k/k4_r0.01.output, chr6_simulation/varing_k/k8_r0.01.output, chr6_simulation/varing_k/k16_r0.01.output, chr6_simulation/varing_k/k32_r0.01.output, chr6_simulation/varing_k/k60_r0.01.output, chr6_simulation/varing_k/k90_r0.01.output, chr6_simulation/varing_k/k120_r0.01.output, chr6_simulation/varing_k/k150_r0.01.output, chr6_simulation/varing_k/k180_r0.01.output, chr6_simulation/varing_k/k210_r0.01.output, chr6_simulation/varing_k/k240_r0.01.output, chr6_simulation/varing_k/k270_r0.01.output, chr6_simulation/varing_k/k300_r0.01.output, chr6_simulation/varing_k/k330_r0.01.output, chr6_simulation/varing_k/k360_r0.01.output, chr6_simulation/varing_k/k390_r0.01.output, chr6_simulation/varing_k/k420_r0.01.output, chr6_simulation/varing_k/k450_r0.01.output, chr6_simulation/varing_k/k480_r0.01.output, chr6_simulation/varing_k/k510_r0.01.output, chr6_simulation/varing_k/k540_r0.01.output, chr6_simulation/varing_k/k570_r0.01.output, chr6_simulation/varing_k/k600_r0.01.output, chr6_simulation/varing_k/k630_r0.01.output, chr6_simulation/varing_k/k660_r0.01.output, chr6_simulation/varing_k/k690_r0.01.output, chr6_simulation/varing_k/k720_r0.01.output, chr6_simulation/varing_k/k750_r0.01.output, chr6_simulation/varing_k/k780_r0.01.output
    output: chr6_simulation/boxplot_k.png
    shell:
        
        # Run the plot script, which saves the plot on its own
        python boxplot_k.py \
            -d chr6_simulation/varing_k \
            -t 32 630
            
        # Find the generated plot file and move it to the expected output location
        # Use a wildcard in case the naming format varies slightly
        latest_plot=$(ls -t dual_boxplot_k*_threshold_*.png | head -1)
        if [ -f "$latest_plot" ]; then
            mv "$latest_plot" chr6_simulation/boxplot_k.png
        else
            echo "Error: Plot file not found!"
            exit 1
        fi
        
        (one of the commands exited with non-zero exit code; note that snakemake uses bash strict mode!)

[Sat Apr 19 17:24:33 2025]
Finished job 31.
1 of 3 steps (33%) done
Shutting down, this might take some time.
Exiting because a job execution failed. Look above for error message
Complete log: .snakemake/log/2025-04-19T172427.845643.snakemake.log
WorkflowError:
At least one job did not complete successfully.
