Building DAG of jobs...
MissingInputException in rule all in file /home/hvw5426/kmer-stats/Newton_method/snakefile, line 1:
Missing input files for rule all:
    affected files:
        /home/hvw5426/kmer-stats/Experiment_plot/Estimate_r/r0.081_k30.output
        /home/hvw5426/kmer-stats/Experiment_plot/Estimate_r/r0.141_k30.output
        /home/hvw5426/kmer-stats/Experiment_plot/Estimate_r/r0.161_k30.output
        /home/hvw5426/kmer-stats/Experiment_plot/Estimate_r/r0.201_k30.output
        /home/hvw5426/kmer-stats/Experiment_plot/Estimate_r/r0.191_k30.output
        /home/hvw5426/kmer-stats/Experiment_plot/Estimate_r/r0.261_k30.output
        /home/hvw5426/kmer-stats/Experiment_plot/Estimate_r/r0.121_k30.output
        /home/hvw5426/kmer-stats/Experiment_plot/Estimate_r/r0.011_k30.output
        /home/hvw5426/kmer-stats/Experiment_plot/Estimate_r/r0.111_k30.output
        /home/hvw5426/kmer-stats/Experiment_plot/Estimate_r/r0.031_k30.output
        /home/hvw5426/kmer-stats/Experiment_plot/Estimate_r/r0.281_k30.output
        /home/hvw5426/kmer-stats/Experiment_plot/Estimate_r/r0.181_k30.output
        /home/hvw5426/kmer-stats/Experiment_plot/Estimate_r/r0.101_k30.output
        /home/hvw5426/kmer-stats/Experiment_plot/Estimate_r/r0.091_k30.output
        /home/hvw5426/kmer-stats/Experiment_plot/Estimate_r/r0.291_k30.output
        /home/hvw5426/kmer-stats/Experiment_plot/Estimate_r/r0.171_k30.output
        /home/hvw5426/kmer-stats/Experiment_plot/Estimate_r/r0.001_k30.output
        /home/hvw5426/kmer-stats/Experiment_plot/Estimate_r/r0.301_k30.output
        /home/hvw5426/kmer-stats/Experiment_plot/Estimate_r/r0.021_k30.output
        /home/hvw5426/kmer-stats/Experiment_plot/Estimate_r/r0.131_k30.output
        /home/hvw5426/kmer-stats/Experiment_plot/Estimate_r/r0.241_k30.output
        /home/hvw5426/kmer-stats/Experiment_plot/Estimate_r/r0.231_k30.output
        /home/hvw5426/kmer-stats/Experiment_plot/Estimate_r/r0.221_k30.output
        /home/hvw5426/kmer-stats/Experiment_plot/Estimate_r/r0.061_k30.output
        /home/hvw5426/kmer-stats/Experiment_plot/Estimate_r/r0.151_k30.output
        /home/hvw5426/kmer-stats/Experiment_plot/Estimate_r/r0.051_k30.output
        /home/hvw5426/kmer-stats/Experiment_plot/Estimate_r/r0.071_k30.output
        /home/hvw5426/kmer-stats/Experiment_plot/Estimate_r/r0.271_k30.output
        /home/hvw5426/kmer-stats/Experiment_plot/Estimate_r/r0.251_k30.output
        /home/hvw5426/kmer-stats/Experiment_plot/Estimate_r/r0.211_k30.output
        /home/hvw5426/kmer-stats/Experiment_plot/Estimate_r/r0.041_k30.output
