Building DAG of jobs...
IncompleteFilesException:
The files below seem to be incomplete. If you are sure that certain files are not incomplete, mark them as complete with

    snakemake --cleanup-metadata <filenames>

To re-generate the files rerun your command with the --rerun-incomplete flag.
Incomplete files:
results/r0.001_k30_theta0.1.output
results/r0.001_k30_theta0.01.output
results/r0.011_k30_theta0.1.output
results/r0.011_k30_theta0.01.output
results/r0.021_k30_theta0.1.output
results/r0.021_k30_theta0.01.output
results/r0.031_k30_theta0.1.output
results/r0.031_k30_theta0.01.output
results/r0.041_k30_theta0.1.output
results/r0.041_k30_theta0.01.output
results/r0.061_k30_theta0.1.output
results/r0.061_k30_theta0.01.output
results/r0.081_k30_theta0.1.output
results/r0.081_k30_theta0.01.output
results/r0.091_k30_theta0.1.output
results/r0.091_k30_theta0.01.output
results/r0.101_k30_theta0.1.output
results/r0.101_k30_theta0.01.output
results/r0.111_k30_theta0.1.output
results/r0.111_k30_theta0.01.output
results/r0.121_k30_theta0.1.output
results/r0.121_k30_theta0.01.output
results/r0.131_k30_theta0.1.output
results/r0.131_k30_theta0.01.output
results/r0.151_k30_theta0.1.output
results/r0.151_k30_theta0.01.output
results/r0.161_k30_theta0.1.output
results/r0.161_k30_theta0.01.output
results/r0.171_k30_theta0.1.output
results/r0.171_k30_theta0.01.output
results/r0.181_k30_theta0.1.output
results/r0.181_k30_theta0.01.output
results/r0.191_k30_theta0.1.output
results/r0.191_k30_theta0.01.output
results/r0.201_k30_theta0.1.output
results/r0.201_k30_theta0.01.output
results/r0.211_k30_theta0.1.output
results/r0.211_k30_theta0.01.output
results/r0.221_k30_theta0.1.output
results/r0.221_k30_theta0.01.output
results/r0.231_k30_theta0.1.output
results/r0.231_k30_theta0.01.output
results/r0.241_k30_theta0.1.output
results/r0.241_k30_theta0.01.output
results/r0.251_k30_theta0.1.output
results/r0.251_k30_theta0.01.output
results/r0.261_k30_theta0.1.output
results/r0.261_k30_theta0.01.output
results/r0.271_k30_theta0.1.output
results/r0.271_k30_theta0.01.output
results/r0.281_k30_theta0.1.output
results/r0.281_k30_theta0.01.output
results/r0.291_k30_theta0.1.output
results/r0.291_k30_theta0.01.output
results/r0.301_k30_theta0.1.output
results/r0.301_k30_theta0.01.output
