0.0104968 , 0.00972887 , 0.0124952
0.0111999 , 0.0113122 , 0.0118725
0.0107614 , 0.0106554 , 0.009845
0.0103725 , 0.0103135 , 0.0123987
0.0111919 , 0.0114245 , 0.0104317
0.0112231 , 0.0101326 , 0.0108438
0.0106499 , 0.0105319 , 0.0116831
0.0105653 , 0.0101777 , 0.0102501
0.0111687 , 0.011191 , 0.0110749
0.0112338 , 0.0114432 , 0.0123024
0.0111864 , 0.0111306 , 0.00818551
0.0106797 , 0.0108115 , 0.0108438
0.0116223 , 0.0120009 , 0.0140276
0.0112879 , 0.0114432 , 0.0130803
0.0105753 , 0.0103907 , 0.011636
0.0112954 , 0.0118725 , 0.0127378
0.0111524 , 0.0109684 , 0.0114479
0.0111761 , 0.0110795 , 0.00935632
0.0106275 , 0.0102863 , 0.0111213
0.0108465 , 0.0101642 , 0.0128842
0.0106398 , 0.0107472 , 0.0126891
0.010858 , 0.0109776 , 0.0120629
0.0104521 , 0.010936 , 0.0102501
0.0107747 , 0.0105182 , 0.0107058
0.0114315 , 0.0110332 , 0.0127378
0.0104731 , 0.0103135 , 0.0101596
0.0109383 , 0.0110563 , 0.0100695
0.0112707 , 0.010936 , 0.0126406
0.010574 , 0.0102727 , 0.0109822
0.0107031 , 0.0106967 , 0.0096665
0.0110206 , 0.0112562 , 0.0120152
0.0110494 , 0.0113356 , 0.0131788
0.0112567 , 0.0111445 , 0.0114479
0.0111747 , 0.0105319 , 0.0115418
0.0114085 , 0.0120104 , 0.0114479
0.0116558 , 0.01192 , 0.0107518
0.0111919 , 0.0108668 , 0.00935632
0.0104863 , 0.0111306 , 0.0103862
0.0108608 , 0.0112376 , 0.0126406
0.0106889 , 0.0105548 , 0.0117777
0.0110786 , 0.0112935 , 0.0112609
0.0112707 , 0.0111399 , 0.009845
0.0110855 , 0.0107655 , 0.00988978
0.0105986 , 0.0104135 , 0.0115418
0.0105119 , 0.0102456 , 0.0102954
0.0108134 , 0.0105868 , 0.0124952
0.0108885 , 0.0112422 , 0.00913647
0.0111166 , 0.0109591 , 0.0101596
0.0111719 , 0.0114338 , 0.00940046
0.0110281 , 0.0109499 , 0.0123987
0.010732 , 0.0110424 , 0.010936
0.010777 , 0.0109175 , 0.00957759
0.0109097 , 0.0108438 , 0.0104772
0.0112637 , 0.0111166 , 0.0102954
0.0110369 , 0.0109129 , 0.0109822
0.0111891 , 0.0115841 , 0.0118251
0.0118009 , 0.01192 , 0.0100695
0.0114915 , 0.0113449 , 0.0106142
0.0108097 , 0.0111445 , 0.0111213
0.0110999 , 0.0113402 , 0.00940046
0.0103871 , 0.00987634 , 0.0122544
0.0112935 , 0.0113636 , 0.0107977
0.0115216 , 0.0117966 , 0.0123505
0.0115663 , 0.0111259 , 0.0108438
0.0112711 , 0.0118962 , 0.0118725
0.0110392 , 0.0113777 , 0.0113075
0.0107394 , 0.0108899 , 0.0088745
0.0106788 , 0.0104909 , 0.00746828
0.0103539 , 0.0097601 , 0.01066
0.0111343 , 0.0108806 , 0.0139267
0.011184 , 0.0113636 , 0.0109822
0.0113959 , 0.0116926 , 0.0127378
0.0116478 , 0.0121777 , 0.00935632
0.0113622 , 0.011773 , 0.0117777
0.0115009 , 0.0114011 , 0.00980029
0.0112842 , 0.0118014 , 0.0132776
0.0105516 , 0.0106279 , 0.00918033
0.0110735 , 0.0109637 , 0.0127865
0.0107205 , 0.0107609 , 0.0118725
0.011844 , 0.0125775 , 0.0126406
0.0108986 , 0.0109915 , 0.0101145
0.0112278 , 0.0114198 , 0.0122544
0.0115037 , 0.0119819 , 0.00988978
0.0105525 , 0.0105411 , 0.00971104
0.0108594 , 0.0103317 , 0.00827088
0.010688 , 0.010573 , 0.0116831
0.0111334 , 0.0114198 , 0.0107977
0.0110883 , 0.0115371 , 0.0130312
0.0114807 , 0.0112003 , 0.0129331
0.0116893 , 0.011112 , 0.0112609
0.0104321 , 0.00962201 , 0.00822817
0.0110554 , 0.0113964 , 0.0107977
0.0102763 , 0.0103953 , 0.00835646
0.0120787 , 0.0122064 , 0.0114011
0.0118692 , 0.0111864 , 0.0121585
0.0112152 , 0.0117068 , 0.0123024
0.0111878 , 0.0114854 , 0.0113075
0.0109471 , 0.010973 , 0.0107518
0.0106243 , 0.0114667 , 0.00931224
0.0108659 , 0.0113169 , 0.0115889
