0.0713738 , 0.07191 , 0.0711913
0.0709027 , 0.0711913 , 0.0682075
0.0715199 , 0.0694218 , 0.0711913
0.0728151 , 0.0736728 , 0.0669376
0.0693331 , 0.0684415 , 0.0698006
0.0699507 , 0.0695566 , 0.071765
0.069309 , 0.0690473 , 0.0698006
0.0705358 , 0.0684154 , 0.0714769
0.072408 , 0.072349 , 0.0706278
0.0695512 , 0.0699097 , 0.0657159
0.068148 , 0.0687825 , 0.0645387
0.069896 , 0.0701015 , 0.0698006
0.0721786 , 0.0732153 , 0.074168
0.0716523 , 0.0728241 , 0.071765
0.0731488 , 0.0753436 , 0.072349
0.0716206 , 0.072974 , 0.0720557
0.0711005 , 0.0709647 , 0.0664434
0.0733002 , 0.0739195 , 0.0751179
0.0715084 , 0.0722314 , 0.0676935
0.0702971 , 0.0695026 , 0.0744815
0.0713309 , 0.0702391 , 0.072349
0.0705079 , 0.0700191 , 0.0744815
0.0711374 , 0.072349 , 0.0732456
0.0726719 , 0.0725857 , 0.0744815
0.0696567 , 0.0695296 , 0.072349
0.0701675 , 0.0693949 , 0.066199
0.0683373 , 0.0672379 , 0.0687298
0.0716033 , 0.0714196 , 0.0695296
0.0688036 , 0.0696106 , 0.0720557
0.0706837 , 0.0720557 , 0.0738576
0.0709789 , 0.0725857 , 0.0695296
0.0715688 , 0.0717071 , 0.0735502
0.0702364 , 0.0705441 , 0.0754409
0.0715314 , 0.0714482 , 0.072349
0.071431 , 0.072408 , 0.0709083
0.0730402 , 0.0736114 , 0.0695296
0.0695566 , 0.0705999 , 0.0692608
0.0715027 , 0.0713338 , 0.0735502
0.070074 , 0.0701015 , 0.072349
0.0692956 , 0.0695836 , 0.0689942
0.0711658 , 0.0721727 , 0.0706278
0.0689517 , 0.0682853 , 0.0695296
0.071563 , 0.0716206 , 0.0781498
0.0706697 , 0.0722608 , 0.0709083
0.0759151 , 0.0772095 , 0.0795958
0.0704523 , 0.0702391 , 0.070074
0.072161 , 0.0731851 , 0.0732456
0.073279 , 0.0739814 , 0.0774507
0.0706446 , 0.0705163 , 0.0714769
0.0707397 , 0.0706557 , 0.0751179
0.071612 , 0.0720265 , 0.0754409
0.0707257 , 0.0705163 , 0.0757672
0.0685591 , 0.0692073 , 0.0657159
0.0719915 , 0.072974 , 0.0689942
0.0702529 , 0.0699917 , 0.0671876
0.0717014 , 0.0719682 , 0.0695296
0.0726005 , 0.0715343 , 0.0714769
0.0714053 , 0.0724376 , 0.0689942
0.0727434 , 0.0732153 , 0.0657159
0.0719216 , 0.0705441 , 0.0720557
0.0719129 , 0.0722608 , 0.0732456
0.06936 , 0.0701015 , 0.070074
0.0726749 , 0.0718809 , 0.070074
0.0700685 , 0.0704607 , 0.0652399
0.0707397 , 0.070993 , 0.0735502
0.0701097 , 0.0721434 , 0.0659566
0.0702171 , 0.0711629 , 0.0709083
0.0722608 , 0.0731246 , 0.0709083
0.0718432 , 0.0709083 , 0.0703497
0.069589 , 0.0706557 , 0.0698006
0.0676884 , 0.0677446 , 0.0711913
0.0711544 , 0.0704329 , 0.0695296
0.0728181 , 0.072202 , 0.074168
0.0725175 , 0.0712767 , 0.0640796
0.0714941 , 0.0736114 , 0.0744815
0.0706083 , 0.0718229 , 0.0709083
0.0732426 , 0.0721434 , 0.0671876
0.0718867 , 0.0714769 , 0.0767666
0.0736789 , 0.0739504 , 0.0751179
0.0705608 , 0.0699917 , 0.0684676
0.0697952 , 0.071736 , 0.0676935
0.0705553 , 0.070322 , 0.0698006
0.0733762 , 0.072349 , 0.0684676
0.0719769 , 0.072556 , 0.072349
0.0712198 , 0.0712767 , 0.0666895
0.0734676 , 0.072884 , 0.0735502
0.0693788 , 0.0703497 , 0.0684676
0.0710835 , 0.0706278 , 0.0751179
0.0724612 , 0.0722902 , 0.0744815
0.0706111 , 0.0698824 , 0.0676935
0.0705831 , 0.0705441 , 0.0703497
0.0702502 , 0.0705441 , 0.0692608
0.0706222 , 0.0707397 , 0.0695296
0.0698988 , 0.0708239 , 0.0689942
0.0720469 , 0.072944 , 0.0714769
0.0703469 , 0.0705999 , 0.0652399
0.0685408 , 0.0694756 , 0.072944
0.0715056 , 0.0718809 , 0.0714769
0.070945 , 0.07191 , 0.0657159
0.0736145 , 0.0739195 , 0.074168
