0.0826489 , 0.0818567 , 0.0848102
0.0808366 , 0.0806105 , 0.0822966
0.0812742 , 0.0815012 , 0.0799679
0.080538 , 0.0820559 , 0.0757672
0.0824905 , 0.0827836 , 0.0803443
0.0794115 , 0.0802687 , 0.0792281
0.0834156 , 0.0839075 , 0.08395
0.0818885 , 0.0822966 , 0.0803443
0.077461 , 0.0779384 , 0.0822966
0.0809445 , 0.0800804 , 0.0827019
0.0785159 , 0.0775545 , 0.0777983
0.081572 , 0.0814228 , 0.0807253
0.0809021 , 0.0812275 , 0.0856945
0.0804733 , 0.0811886 , 0.0774507
0.082527 , 0.0815012 , 0.0795958
0.0806946 , 0.0799305 , 0.0827019
0.0787996 , 0.0794115 , 0.0781498
0.0823571 , 0.0806487 , 0.0795958
0.0809715 , 0.0827019 , 0.0831125
0.0831332 , 0.0820159 , 0.0815012
0.0776483 , 0.0764299 , 0.0781498
0.0835201 , 0.0823369 , 0.0827019
0.0795146 , 0.0784338 , 0.0760968
0.082008 , 0.0816982 , 0.0827019
0.0824541 , 0.0822564 , 0.0795958
0.0802876 , 0.0809947 , 0.0827019
0.0791806 , 0.0791551 , 0.0811109
0.0816508 , 0.0817377 , 0.0807253
0.0800916 , 0.0822564 , 0.0781498
0.0794041 , 0.0798558 , 0.0738576
0.0798223 , 0.0805342 , 0.0831125
0.0809445 , 0.080879 , 0.0835284
0.0813836 , 0.0814228 , 0.0835284
0.0813406 , 0.0820159 , 0.0807253
0.0813914 , 0.0822162 , 0.0792281
0.0806411 , 0.0806487 , 0.0785052
0.0810992 , 0.0820559 , 0.0807253
0.0815877 , 0.080802 , 0.0777983
0.079938 , 0.0809947 , 0.08395
0.0796996 , 0.0810334 , 0.0788646
0.0820279 , 0.0816982 , 0.0827019
0.0773264 , 0.0779033 , 0.0811109
0.0787347 , 0.0773816 , 0.071765
0.0833572 , 0.0832782 , 0.0843772
0.0812119 , 0.080879 , 0.0818964
0.0817496 , 0.0822966 , 0.08395
0.0809947 , 0.081817 , 0.0822966
0.0800278 , 0.0804962 , 0.0777983
0.0804924 , 0.0802687 , 0.0815012
0.0825879 , 0.0836543 , 0.0818964
0.080756 , 0.0824986 , 0.0835284
0.0809021 , 0.0809561 , 0.0799679
0.0826164 , 0.081462 , 0.08395
0.0813211 , 0.0806487 , 0.08395
0.0809947 , 0.0815405 , 0.0827019
0.080802 , 0.0827019 , 0.0822966
0.0839415 , 0.0840349 , 0.0815012
0.0810566 , 0.080802 , 0.0831125
0.0822242 , 0.0807636 , 0.0843772
0.0789914 , 0.0804581 , 0.0799679
0.0812314 , 0.0810334 , 0.0795958
0.0802347 , 0.0786844 , 0.0788646
0.0777634 , 0.0775893 , 0.0767666
0.0818527 , 0.0838229 , 0.0799679
0.0799342 , 0.0792281 , 0.0811109
0.0808713 , 0.0803065 , 0.0856945
0.0810721 , 0.0816982 , 0.0815012
0.0802989 , 0.0793747 , 0.0788646
0.0801029 , 0.0812275 , 0.0764299
0.0815484 , 0.0818567 , 0.0843772
0.0830464 , 0.0822564 , 0.0875412
0.0802762 , 0.0807253 , 0.0774507
0.0810295 , 0.0809947 , 0.0866044
0.0810334 , 0.0819761 , 0.0843772
0.0815996 , 0.0825392 , 0.0807253
0.0779068 , 0.0787203 , 0.0781498
0.084052 , 0.0849851 , 0.0915954
0.0808828 , 0.079338 , 0.0870693
0.0801029 , 0.0815012 , 0.0815012
0.0815681 , 0.0810334 , 0.0880203
0.0798037 , 0.0803065 , 0.0788646
0.0799567 , 0.0788646 , 0.0856945
0.0802196 , 0.0799679 , 0.074168
0.0796922 , 0.0785767 , 0.0795958
0.0830464 , 0.0836123 , 0.0827019
0.0808597 , 0.0811886 , 0.0818964
0.0833156 , 0.0815799 , 0.0788646
0.0801066 , 0.0815799 , 0.0781498
0.0792464 , 0.0785052 , 0.0754409
0.0813367 , 0.0826612 , 0.0799679
0.0802158 , 0.0805724 , 0.0815012
0.0821119 , 0.0816982 , 0.0835284
0.0843084 , 0.0839075 , 0.08395
0.0815051 , 0.0807636 , 0.0771068
0.0793087 , 0.0782205 , 0.0732456
0.0800841 , 0.0797813 , 0.0831125
0.078118 , 0.0780792 , 0.0799679
0.0814502 , 0.0819362 , 0.0751179
0.08058 , 0.0826204 , 0.0788646
0.0818448 , 0.0818964 , 0.0799679
