0.121874 , 0.123294 , 0.123751
0.125346 , 0.12804 , 0.125329
0.119592 , 0.122252 , 0.119458
0.120781 , 0.12027 , 0.125329
0.124294 , 0.126654 , 0.120823
0.120065 , 0.11906 , 0.125329
0.119659 , 0.118025 , 0.1169
0.120393 , 0.117023 , 0.113425
0.124263 , 0.124373 , 0.123751
0.120963 , 0.120963 , 0.119458
0.120753 , 0.122106 , 0.118152
0.120228 , 0.121672 , 0.1169
0.122694 , 0.126151 , 0.113425
0.12343 , 0.121672 , 0.137073
0.121686 , 0.121672 , 0.13063
0.117658 , 0.11906 , 0.118152
0.119485 , 0.120133 , 0.113425
0.122843 , 0.12196 , 0.110306
0.122384 , 0.125655 , 0.134767
0.121888 , 0.121244 , 0.123751
0.121061 , 0.122252 , 0.123751
0.122048 , 0.121529 , 0.113425
0.121989 , 0.123906 , 0.123751
0.127132 , 0.128217 , 0.123751
0.121386 , 0.12196 , 0.123751
0.122369 , 0.119592 , 0.125329
0.123128 , 0.119997 , 0.128757
0.120297 , 0.118929 , 0.115697
0.125007 , 0.125168 , 0.123751
0.120434 , 0.120133 , 0.123751
0.119983 , 0.115229 , 0.1169
0.122149 , 0.121244 , 0.122252
0.120781 , 0.119192 , 0.123751
0.123705 , 0.122843 , 0.120823
0.118512 , 0.12027 , 0.119458
0.118811 , 0.119726 , 0.115697
0.115229 , 0.11558 , 0.123751
0.115544 , 0.116173 , 0.120823
0.117645 , 0.116778 , 0.128757
0.123675 , 0.122398 , 0.125329
0.122208 , 0.119592 , 0.132627
0.120531 , 0.11906 , 0.11235
0.118203 , 0.116778 , 0.128757
0.121658 , 0.12027 , 0.118152
0.123828 , 0.127339 , 0.122252
0.122709 , 0.122843 , 0.120823
0.117283 , 0.116173 , 0.126995
0.123936 , 0.123906 , 0.125329
0.119405 , 0.117645 , 0.128757
0.124451 , 0.125819 , 0.118152
0.119807 , 0.11828 , 0.11454
0.122266 , 0.121529 , 0.1169
0.126151 , 0.125492 , 0.125329
0.124107 , 0.127687 , 0.122252
0.123705 , 0.122992 , 0.119458
0.119861 , 0.120407 , 0.126995
0.122575 , 0.121672 , 0.11454
0.118319 , 0.117645 , 0.123751
0.122828 , 0.12196 , 0.122252
0.120421 , 0.121672 , 0.120823
0.122679 , 0.12196 , 0.1169
0.118383 , 0.116413 , 0.115697
0.120228 , 0.11906 , 0.122252
0.121472 , 0.121816 , 0.120823
0.118694 , 0.116413 , 0.118152
0.120614 , 0.119325 , 0.104881
0.121019 , 0.118152 , 0.1169
0.120907 , 0.118152 , 0.128757
0.122813 , 0.127339 , 0.125329
0.123279 , 0.121244 , 0.123751
0.121903 , 0.121816 , 0.120823
0.126926 , 0.126654 , 0.128757
0.118603 , 0.119458 , 0.115697
0.121259 , 0.117645 , 0.115697
0.120809 , 0.117645 , 0.115697
0.12577 , 0.124847 , 0.120823
0.12001 , 0.120407 , 0.122252
0.123659 , 0.121244 , 0.126995
0.118139 , 0.116053 , 0.1169
0.122106 , 0.119592 , 0.11454
0.116089 , 0.117395 , 0.11454
0.122932 , 0.123906 , 0.125329
0.11837 , 0.118409 , 0.1169
0.118512 , 0.118668 , 0.11454
0.120037 , 0.119861 , 0.118152
0.127934 , 0.126151 , 0.125329
0.121859 , 0.121529 , 0.126995
0.121216 , 0.119726 , 0.128757
0.122516 , 0.120407 , 0.11454
0.11906 , 0.120684 , 0.125329
0.119179 , 0.119592 , 0.123751
0.122208 , 0.121386 , 0.13063
0.120256 , 0.119458 , 0.11235
0.121845 , 0.11828 , 0.123751
0.126334 , 0.126485 , 0.132627
0.118929 , 0.119458 , 0.134767
0.119245 , 0.120407 , 0.122252
0.127183 , 0.124847 , 0.128757
0.121801 , 0.120963 , 0.125329
0.120503 , 0.120133 , 0.13063
