0.10127 , 0.0976658 , 0.101731
0.10314 , 0.106323 , 0.11235
0.0975085 , 0.0998424 , 0.096253
0.0993947 , 0.0990769 , 0.100991
0.102313 , 0.102797 , 0.110306
0.100714 , 0.0992838 , 0.102489
0.0978305 , 0.0976658 , 0.0981958
0.0999412 , 0.0993531 , 0.101731
0.0994573 , 0.0994921 , 0.0995619
0.10075 , 0.100555 , 0.100268
0.102673 , 0.101881 , 0.102489
0.102689 , 0.101358 , 0.110306
0.103685 , 0.105467 , 0.101731
0.0977843 , 0.0983298 , 0.0944242
0.102704 , 0.100845 , 0.103266
0.0967339 , 0.0969514 , 0.104063
0.100418 , 0.0997018 , 0.0995619
0.102115 , 0.100991 , 0.111311
0.0977579 , 0.0980625 , 0.0968873
0.101911 , 0.101285 , 0.100991
0.100918 , 0.0985318 , 0.100268
0.0997791 , 0.0981958 , 0.102489
0.098974 , 0.0995619 , 0.102489
0.102867 , 0.103821 , 0.101731
0.10429 , 0.103902 , 0.100268
0.0998283 , 0.102259 , 0.100991
0.101218 , 0.099772 , 0.104881
0.100168 , 0.0978635 , 0.103266
0.102496 , 0.104551 , 0.100268
0.100332 , 0.0999837 , 0.0995619
0.104543 , 0.102952 , 0.107474
0.0980359 , 0.0975347 , 0.0932618
0.102573 , 0.101881 , 0.104063
0.101203 , 0.100772 , 0.107474
0.101071 , 0.103902 , 0.0981958
0.10113 , 0.100555 , 0.104063
0.0992561 , 0.101285 , 0.100991
0.0988372 , 0.0998424 , 0.108389
0.102929 , 0.104964 , 0.0988713
0.10102 , 0.102412 , 0.111311
0.100261 , 0.101581 , 0.104063
0.101492 , 0.100055 , 0.101731
0.0996248 , 0.0991457 , 0.100991
0.100743 , 0.102875 , 0.0995619
0.0999695 , 0.0989397 , 0.102489
0.101581 , 0.102183 , 0.104881
0.10229 , 0.104551 , 0.102489
0.101723 , 0.102489 , 0.100991
0.0985453 , 0.0985318 , 0.0926964
0.10282 , 0.101211 , 0.11235
0.0995688 , 0.0993531 , 0.0975347
0.102138 , 0.101507 , 0.100991
0.0994086 , 0.0987351 , 0.0988713
0.101079 , 0.0987351 , 0.0915954
0.102898 , 0.101211 , 0.108389
0.0997791 , 0.0988031 , 0.101731
0.0994573 , 0.0981291 , 0.103266
0.0986671 , 0.0994921 , 0.0975347
0.0986468 , 0.0994921 , 0.0968873
0.103281 , 0.104633 , 0.0968873
0.101964 , 0.102259 , 0.103266
0.105022 , 0.106585 , 0.105721
0.104989 , 0.104469 , 0.111311
0.0995758 , 0.0981958 , 0.0956314
0.101336 , 0.100627 , 0.106585
0.0993254 , 0.0979297 , 0.0981958
0.101507 , 0.099913 , 0.103266
0.101299 , 0.0982627 , 0.0975347
0.100541 , 0.0996318 , 0.108389
0.0997299 , 0.102642 , 0.095022
0.102504 , 0.10272 , 0.102489
0.100261 , 0.100555 , 0.0995619
0.101813 , 0.102565 , 0.106585
0.100526 , 0.1007 , 0.102489
0.103566 , 0.105892 , 0.101731
0.10336 , 0.103902 , 0.109332
0.100743 , 0.101581 , 0.095022
0.0995549 , 0.101211 , 0.0995619
0.103894 , 0.104306 , 0.0968873
0.0988031 , 0.0988031 , 0.0938376
0.10314 , 0.104143 , 0.108389
0.104815 , 0.106498 , 0.101731
0.0996598 , 0.0987351 , 0.105721
0.103266 , 0.104225 , 0.102489
0.0991733 , 0.0985994 , 0.101731
0.104079 , 0.104551 , 0.106585
0.10363 , 0.102565 , 0.107474
0.0990906 , 0.0996318 , 0.107474
0.101299 , 0.101956 , 0.0995619
0.100692 , 0.0989397 , 0.102489
0.104338 , 0.105382 , 0.107474
0.0987963 , 0.0997018 , 0.0975347
0.0997791 , 0.0985318 , 0.106585
0.100076 , 0.100627 , 0.106585
0.101731 , 0.10034 , 0.108389
0.101806 , 0.103187 , 0.0995619
0.101152 , 0.0986671 , 0.102489
0.0989123 , 0.102032 , 0.0988713
0.102496 , 0.103266 , 0.102489
0.101873 , 0.104715 , 0.107474
