0.189656 , 0.182149 , 0.205672
0.196144 , 0.196712 , 1
0.185017 , 0.181036 , 0.176043
0.188636 , 0.187105 , 0.205672
0.181255 , 0.177936 , 0.176043
0.185782 , 0.176043 , 0.187105
0.182492 , 0.179964 , 0.168104
0.176505 , 0.175142 , 0.176043
0.175054 , 0.170263 , 0.168104
0.186435 , 0.185782 , 0.205672
0.182607 , 0.208456 , 0.176043
0.186435 , 0.191497 , 0.205672
0.186568 , 0.179964 , 0.187105
0.177838 , 0.179964 , 0.187105
0.176879 , 0.173421 , 0.176043
0.179964 , 0.187105 , 1
0.178132 , 0.177936 , 0.176043
0.188351 , 0.184518 , 0.187105
0.185397 , 0.175142 , 0.205672
0.180175 , 0.182149 , 0.176043
0.182263 , 0.184518 , 0.176043
0.18878 , 0.183309 , 0.176043
0.182492 , 0.183309 , 0.156784
0.177838 , 0.175142 , 0.205672
0.17577 , 0.178932 , 0.187105
0.179651 , 0.176043 , 0.176043
0.185143 , 0.196712 , 0.187105
0.182149 , 0.176974 , 1
0.17541 , 0.179964 , 0.176043
0.183547 , 0.187105 , 0.176043
0.185143 , 0.184518 , 1
0.19087 , 0.188493 , 1
0.181255 , 0.182149 , 0.187105
0.192464 , 0.191497 , 0.176043
0.181811 , 0.184518 , 0.168104
0.18071 , 0.177936 , 0.187105
0.185524 , 0.178932 , 0.187105
0.179755 , 0.179964 , 0.156784
0.179443 , 0.187105 , 0.187105
0.195405 , 0.203144 , 0.176043
0.17843 , 0.185782 , 1
0.18821 , 0.189955 , 1
0.191976 , 0.211558 , 0.176043
0.18807 , 0.188493 , 0.205672
0.182377 , 0.179964 , 0.148658
0.171641 , 0.175142 , 0.205672
0.182839 , 0.184518 , 0.187105
0.179443 , 0.175142 , 1
0.183427 , 0.179964 , 0.176043
0.174355 , 0.16675 , 0.145309
0.185143 , 0.184518 , 0.176043
0.184891 , 0.185782 , 0.205672
0.186568 , 0.194863 , 0.205672
0.181365 , 0.179964 , 0.168104
0.183666 , 0.193129 , 0.187105
0.175589 , 0.177936 , 0.176043
0.181365 , 0.176043 , 0.176043
0.193467 , 0.184518 , 1
0.191816 , 0.185782 , 0.205672
0.181036 , 0.171799 , 0.176043
0.181365 , 0.191497 , 0.156784
0.184272 , 0.194863 , 0.168104
0.182492 , 0.185782 , 0.205672
0.178831 , 0.177936 , 0.168104
0.184272 , 0.189955 , 0.187105
0.177644 , 0.176043 , 0.205672
0.170944 , 0.170263 , 0.187105
0.177451 , 0.183309 , 0.187105
0.174269 , 0.171799 , 0.176043
0.183073 , 0.189955 , 0.205672
0.184272 , 0.185782 , 0.187105
0.178932 , 0.184518 , 1
0.177644 , 0.17102 , 0.176043
0.182839 , 0.183309 , 1
0.178831 , 0.184518 , 0.161893
0.177164 , 0.170263 , 0.205672
0.18007 , 0.181036 , 0.187105
0.181365 , 0.177936 , 1
0.182607 , 0.176043 , 0.205672
0.183666 , 0.188493 , 1
0.183907 , 0.178932 , 0.205672
0.183907 , 0.187105 , 0.205672
0.17863 , 0.175142 , 0.187105
0.187241 , 0.182149 , 0.205672
0.17934 , 0.181036 , 0.187105
0.171563 , 0.169525 , 0.187105
0.180602 , 0.187105 , 0.187105
0.182956 , 0.182149 , 0.176043
0.177936 , 0.178932 , 0.187105
0.176505 , 0.178932 , 0.161893
0.187652 , 0.189955 , 1
0.187105 , 0.189955 , 1
0.176879 , 0.182149 , 0.187105
0.185782 , 0.185782 , 0.176043
0.173505 , 0.172598 , 0.176043
0.173172 , 0.182149 , 0.176043
0.177741 , 0.181036 , 0.187105
0.174528 , 0.171799 , 0.161893
0.181587 , 0.185782 , 1
0.17479 , 0.182149 , 0.176043
