0.203878 , 0.236919 , 1
0.204127 , 0.208456 , 0.205672
0.210275 , 0.236919 , 1
0.211889 , 0.223814 , 0.205672
0.207591 , 0.21506 , 0.187105
0.208456 , 0.208456 , 1
0.214688 , 0.219083 , 0.205672
0.203386 , 0.203144 , 1
0.204379 , 0.189955 , 0.205672
0.201052 , 0.196712 , 0.187105
0.22182 , 0.229566 , 0.205672
0.20935 , 0.236919 , 1
0.208456 , 0.21506 , 0.205672
0.210909 , 0.200829 , 0.205672
0.198694 , 0.193129 , 0.176043
0.216205 , 0.236919 , 1
0.203631 , 0.194863 , 0.187105
0.225968 , 0.236919 , 1
0.226535 , 0.223814 , 1
0.214688 , 0.205672 , 0.176043
0.227115 , 0.219083 , 1
0.227115 , 0.229566 , 1
0.227707 , 0.219083 , 1
0.217401 , 0.205672 , 1
0.219083 , 0.219083 , 1
0.217401 , 0.229566 , 1
0.202665 , 0.205672 , 0.168104
0.214322 , 0.203144 , 0.205672
0.197098 , 0.191497 , 0.176043
0.197292 , 0.208456 , 0.205672
0.21059 , 0.205672 , 0.205672
0.206752 , 0.205672 , 1
0.213252 , 0.208456 , 0.187105
0.212905 , 0.21506 , 0.187105
0.200171 , 0.208456 , 0.176043
0.21059 , 0.229566 , 0.205672
0.196712 , 0.229566 , 0.187105
0.210275 , 0.229566 , 0.205672
0.209963 , 0.219083 , 0.205672
0.199318 , 0.203144 , 1
0.207308 , 0.21506 , 1
0.208456 , 0.203144 , 1
0.215818 , 0.205672 , 0.205672
0.204127 , 0.219083 , 0.187105
0.20935 , 0.219083 , 1
0.213604 , 0.223814 , 1
0.215436 , 0.21506 , 0.187105
0.199955 , 0.203144 , 1
0.205672 , 0.203144 , 1
0.230882 , 0.223814 , 0.205672
0.232988 , 0.223814 , 0.205672
0.208165 , 0.200829 , 1
0.219965 , 0.223814 , 1
0.233729 , 0.236919 , 1
0.225413 , 0.21506 , 1
0.219965 , 0.21506 , 1
0.216996 , 0.223814 , 0.205672
0.204632 , 0.211558 , 0.176043
0.202904 , 0.205672 , 1
0.206206 , 0.219083 , 0.205672
0.206752 , 0.219083 , 0.187105
0.21059 , 0.219083 , 0.187105
0.223814 , 0.211558 , 1
0.202429 , 0.219083 , 1
0.205938 , 0.205672 , 0.205672
0.202665 , 0.193129 , 1
0.204127 , 0.208456 , 0.205672
0.207308 , 0.203144 , 0.187105
0.207876 , 0.205672 , 1
0.203631 , 0.196712 , 0.176043
0.204127 , 0.208456 , 0.205672
0.211558 , 0.205672 , 0.205672
0.204889 , 0.203144 , 1
0.213961 , 0.208456 , 0.205672
0.220876 , 0.229566 , 0.205672
0.218652 , 0.223814 , 0.205672
0.221344 , 0.21506 , 1
0.232988 , 0.236919 , 1
0.216205 , 0.205672 , 1
0.233729 , 0.247163 , 1
0.20935 , 0.211558 , 0.205672
0.196904 , 0.196712 , 0.187105
0.22182 , 0.219083 , 1
0.204127 , 0.193129 , 0.187105
0.22182 , 0.21506 , 1
0.216996 , 0.223814 , 0.187105
0.214688 , 0.219083 , 0.205672
0.207029 , 0.208456 , 0.168104
0.21506 , 0.229566 , 1
0.202195 , 0.211558 , 1
0.212562 , 0.223814 , 0.205672
0.209655 , 0.205672 , 1
0.197488 , 0.219083 , 0.187105
0.209049 , 0.208456 , 0.205672
0.208751 , 0.203144 , 1
0.233729 , 0.236919 , 1
0.217401 , 0.219083 , 1
0.204889 , 0.211558 , 1
0.205938 , 0.223814 , 0.187105
0.204127 , 0.200829 , 0.205672
