0.293296 , 1 , 1
1 , 1 , 1
0.249802 , 0.247163 , 1
1 , 1 , 1
0.266937 , 0.247163 , 1
1 , 1 , 1
1 , 1 , 1
0.318708 , 1 , 1
0.318708 , 1 , 1
1 , 1 , 1
0.286487 , 0.264358 , 1
0.286487 , 1 , 1
1 , 1 , 1
0.28116 , 1 , 1
0.318708 , 1 , 1
0.276778 , 0.264358 , 1
1 , 1 , 1
1 , 1 , 1
1 , 1 , 1
0.273052 , 1 , 1
1 , 1 , 1
1 , 1 , 1
0.318708 , 1 , 1
0.318708 , 1 , 1
1 , 1 , 1
0.302783 , 0.264358 , 1
1 , 1 , 1
0.28116 , 1 , 1
1 , 1 , 1
1 , 1 , 1
1 , 1 , 1
1 , 1 , 1
0.293296 , 1 , 1
1 , 1 , 1
0.318708 , 1 , 1
1 , 1 , 1
1 , 1 , 1
1 , 1 , 1
0.318708 , 1 , 1
0.318708 , 1 , 1
1 , 1 , 1
1 , 1 , 1
0.318708 , 1 , 1
1 , 1 , 1
0.276778 , 0.264358 , 1
1 , 1 , 1
0.318708 , 1 , 1
0.318708 , 1 , 1
0.266937 , 1 , 1
0.302783 , 1 , 1
0.273052 , 0.264358 , 1
1 , 1 , 1
0.318708 , 1 , 1
1 , 1 , 1
0.318708 , 1 , 1
0.293296 , 0.264358 , 1
0.293296 , 1 , 1
0.276778 , 1 , 1
1 , 1 , 1
1 , 1 , 1
1 , 1 , 1
0.318708 , 1 , 1
0.318708 , 1 , 1
0.318708 , 1 , 1
0.293296 , 1 , 1
1 , 1 , 1
0.28116 , 1 , 1
1 , 1 , 1
1 , 1 , 1
1 , 1 , 1
0.28116 , 0.264358 , 1
0.302783 , 1 , 1
0.259873 , 1 , 1
1 , 1 , 1
0.273052 , 1 , 1
0.293296 , 1 , 1
0.286487 , 1 , 1
0.293296 , 1 , 1
0.302783 , 1 , 1
1 , 1 , 1
1 , 1 , 1
1 , 1 , 1
0.293296 , 0.264358 , 1
0.269809 , 1 , 1
1 , 1 , 1
0.273052 , 1 , 1
0.302783 , 1 , 1
1 , 1 , 1
0.28116 , 0.264358 , 1
1 , 1 , 1
1 , 1 , 1
1 , 1 , 1
0.286487 , 0.247163 , 1
1 , 1 , 1
1 , 1 , 1
0.318708 , 1 , 1
1 , 1 , 1
0.266937 , 1 , 1
0.302783 , 1 , 1
0.293296 , 1 , 1
