0.00949876 , 0.0171421
0.00907175 , 0.0169622
0.00877951 , 0.0168405
0.00959605 , 0.0171834
0.0102473 , 0.0174636
0.00994205 , 0.0173315
0.00956083 , 0.0171684
0.0100933 , 0.0173968
0.00985625 , 0.0172946
0.0102579 , 0.0174682
0.0100764 , 0.0173895
0.00939765 , 0.0170993
0.00959813 , 0.0171843
0.00923735 , 0.0170317
0.00919433 , 0.0170136
0.00757244 , 0.0163485
0.00807094 , 0.0165497
0.0101143 , 0.0174059
0.00859225 , 0.0167631
0.00943475 , 0.017115
0.00855213 , 0.0167466
0.00856817 , 0.0167532
0.0104552 , 0.0175544
0.0104914 , 0.0175703
0.0110783 , 0.0178307
0.0110978 , 0.0178395
0.0100638 , 0.017384
0.0102579 , 0.0174682
0.00793126 , 0.0164931
0.011517 , 0.0180293
0.00863845 , 0.0167822
0.00938323 , 0.0170932
0.0092353 , 0.0170308
0.00978527 , 0.0172642
0.00919638 , 0.0170145
0.0102875 , 0.0174811
0.00939353 , 0.0170975
0.00802562 , 0.0165313
0.0114314 , 0.0179903
0.0109895 , 0.017791
0.00978944 , 0.017266
0.0107889 , 0.0177016
0.0100996 , 0.0173995
0.00952564 , 0.0171535
0.0094905 , 0.0171386
0.0108901 , 0.0177466
0.00959398 , 0.0171825
0.00884016 , 0.0168657
0.00907786 , 0.0169648
0.0114643 , 0.0180053
0.0103681 , 0.0175163
0.00899029 , 0.0169282
0.0094719 , 0.0171307
0.00936264 , 0.0170845
0.00996511 , 0.0173414
0.00898826 , 0.0169273
0.00916773 , 0.0170024
0.00920661 , 0.0170188
0.0101607 , 0.017426
0.00916159 , 0.0169999
0.00956497 , 0.0171702
0.00912481 , 0.0169844
0.0109441 , 0.0177707
0.0105192 , 0.0175825
0.00966246 , 0.0172117
0.00993577 , 0.0173288
0.00938735 , 0.0170949
0.0106324 , 0.0176323
0.00921071 , 0.0170205
0.0116358 , 0.0180837
0.0102241 , 0.0174535
0.0112544 , 0.01791
0.0104467 , 0.0175507
0.00987925 , 0.0173045
0.00803744 , 0.0165361
0.0107352 , 0.0176778
0.0104552 , 0.0175544
0.0104255 , 0.0175414
0.00976651 , 0.0172561
0.00827876 , 0.0166344
0.0101839 , 0.0174361
0.00829863 , 0.0166425
0.0107288 , 0.017675
0.010451 , 0.0175526
0.00899232 , 0.016929
0.0107674 , 0.0176921
0.0092948 , 0.0170559
0.0106538 , 0.0176418
0.00870487 , 0.0168096
0.00976442 , 0.0172552
0.00890905 , 0.0168943
0.00965623 , 0.017209
0.00953185 , 0.0171561
0.00863644 , 0.0167813
0.0112522 , 0.0179091
0.00987088 , 0.0173009
0.0104638 , 0.0175582
0.00836429 , 0.0166694
0.0103151 , 0.0174931
0.0110436 , 0.0178152
