0.00947663 , 0.0144443
0.00945051 , 0.0144316
0.00878406 , 0.0141113
0.00969745 , 0.0145528
0.00952433 , 0.0144677
0.0103884 , 0.0148999
0.0102181 , 0.0148133
0.0103182 , 0.0148641
0.00878854 , 0.0141134
0.0104764 , 0.014945
0.0093509 , 0.0143831
0.0105068 , 0.0149606
0.0102165 , 0.0148125
0.0110181 , 0.0152269
0.0102133 , 0.0148109
0.0103676 , 0.0148893
0.0093127 , 0.0143645
0.0104748 , 0.0149442
0.00943823 , 0.0144256
0.0106033 , 0.0150104
0.00968349 , 0.0145459
0.0103262 , 0.0148682
0.00976581 , 0.0145866
0.00914987 , 0.0142859
0.00963858 , 0.0145238
0.00927913 , 0.0143483
0.0103389 , 0.0148747
0.00989997 , 0.0146534
0.00957521 , 0.0144926
0.0109297 , 0.0151803
0.00950585 , 0.0144586
0.00994538 , 0.014676
0.0112143 , 0.015331
0.0090923 , 0.0142582
0.0107213 , 0.0150715
0.0096618 , 0.0145352
0.00972539 , 0.0145666
0.011409 , 0.0154352
0.00995635 , 0.0146815
0.00983435 , 0.0146207
0.00981564 , 0.0146114
0.00939683 , 0.0144054
0.0113756 , 0.0154172
0.00973627 , 0.014572
0.010897 , 0.0151632
0.00915746 , 0.0142895
0.01009 , 0.0147486
0.0106776 , 0.0150488
0.0115852 , 0.0155305
0.0107748 , 0.0150994
0.00971607 , 0.014562
0.00977825 , 0.0145928
0.0092578 , 0.0143379
0.0108562 , 0.0151418
0.0104603 , 0.0149368
0.0099689 , 0.0146878
0.00914835 , 0.0142851
0.00862619 , 0.0140368
0.00829153 , 0.0138807
0.00987964 , 0.0146432
0.0103293 , 0.0148698
0.0100995 , 0.0147534
0.00997361 , 0.0146902
0.011651 , 0.0155663
0.00953357 , 0.0144722
0.00953974 , 0.0144752
0.0120055 , 0.0157613
0.00963393 , 0.0145215
0.0101421 , 0.0147749
0.0108823 , 0.0151555
0.0108627 , 0.0151452
0.0097876 , 0.0145975
0.00925323 , 0.0143357
0.010079 , 0.014743
0.0110477 , 0.0152425
0.0106744 , 0.0150471
0.0101279 , 0.0147677
0.0105937 , 0.0150054
0.0105084 , 0.0149615
0.010139 , 0.0147733
0.00899113 , 0.0142097
0.00995635 , 0.0146815
0.0104796 , 0.0149466
0.00959992 , 0.0145048
0.0101927 , 0.0148004
0.00978448 , 0.0145959
0.0100019 , 0.0147043
0.00842808 , 0.0139441
0.011173 , 0.0153089
0.00934326 , 0.0143794
0.0101405 , 0.0147741
0.00919238 , 0.0143063
0.00963393 , 0.0145215
0.0104748 , 0.0149442
0.00932645 , 0.0143712
0.0109902 , 0.0152122
0.00978448 , 0.0145959
0.0108187 , 0.0151223
0.0101247 , 0.0147661
0.00994381 , 0.0146752
