0.0101382 , 0.0131123
0.0101704 , 0.0131311
0.0101459 , 0.0131168
0.00989204 , 0.0129694
0.0106017 , 0.0133868
0.00995924 , 0.0130082
0.0101523 , 0.0131205
0.0108048 , 0.0135094
0.0103609 , 0.0132433
0.00890919 , 0.0124189
0.00962235 , 0.0128153
0.009177 , 0.0125659
0.0110478 , 0.013658
0.01103 , 0.0136471
0.00917942 , 0.0125672
0.00951697 , 0.0127557
0.00897126 , 0.0124528
0.0086925 , 0.0123017
0.00992243 , 0.012987
0.0103988 , 0.0132658
0.00921214 , 0.0125853
0.00996178 , 0.0130097
0.0100984 , 0.013089
0.0103101 , 0.0132133
0.0105382 , 0.0133487
0.00911055 , 0.0125292
0.00933633 , 0.0126544
0.00880229 , 0.0123609
0.00960991 , 0.0128082
0.00968715 , 0.0128521
0.00969465 , 0.0128564
0.00917216 , 0.0125632
0.00983143 , 0.0129346
0.0102297 , 0.0131659
0.0101112 , 0.0130965
0.00937916 , 0.0126783
0.00829342 , 0.0120895
0.0101305 , 0.0131078
0.00972592 , 0.0128742
0.0099567 , 0.0130068
0.00958384 , 0.0127935
0.00794699 , 0.011909
0.0100408 , 0.0130555
0.0102259 , 0.0131636
0.0101459 , 0.0131168
0.00892946 , 0.01243
0.0107016 , 0.0134469
0.0105938 , 0.013382
0.00998977 , 0.0130259
0.0107511 , 0.0134769
0.0103284 , 0.013224
0.0106682 , 0.0134268
0.010425 , 0.0132813
0.00999486 , 0.0130289
0.00951573 , 0.012755
0.00991356 , 0.0129819
0.0101652 , 0.0131281
0.0098971 , 0.0129724
0.00944177 , 0.0127134
0.00985413 , 0.0129476
0.00949104 , 0.0127411
0.0106203 , 0.013398
0.0101125 , 0.0130973
0.0106575 , 0.0134204
0.00971465 , 0.0128678
0.00983017 , 0.0129339
0.0102259 , 0.0131636
0.0106735 , 0.01343
0.0100766 , 0.0130763
0.0101369 , 0.0131115
0.00897964 , 0.0124574
0.00928995 , 0.0126285
0.0105871 , 0.0133781
0.0103036 , 0.0132094
0.0103349 , 0.0132279
0.0102997 , 0.0132071
0.010786 , 0.013498
0.0099085 , 0.0129789
0.0106336 , 0.013406
0.00999359 , 0.0130281
0.00972091 , 0.0128713
0.0108966 , 0.0135653
0.00880939 , 0.0123648
0.00995543 , 0.013006
0.00962732 , 0.0128181
0.0098617 , 0.012952
0.00847498 , 0.0121854
0.00807726 , 0.0119765
0.0103336 , 0.0132271
0.00979366 , 0.0129129
0.00960743 , 0.0128068
0.0104028 , 0.0132681
0.010619 , 0.0133972
0.00937058 , 0.0126735
0.0110041 , 0.0136311
0.00955904 , 0.0127794
0.0103505 , 0.0132371
0.00950338 , 0.012748
0.010739 , 0.0134696
0.00931679 , 0.0126435
