0.00979047 , 0.0118279
0.00970703 , 0.0117739
0.010209 , 0.0121032
0.010418 , 0.0122432
0.00884966 , 0.0112342
0.01017 , 0.0120772
0.0110569 , 0.012682
0.0101027 , 0.0120326
0.00935961 , 0.0115517
0.00914993 , 0.0114199
0.0105802 , 0.0123531
0.00873291 , 0.0111628
0.00975306 , 0.0118037
0.00992806 , 0.0119176
0.0101929 , 0.0120925
0.0105053 , 0.0123022
0.00930365 , 0.0115164
0.00881936 , 0.0112156
0.0101677 , 0.0120757
0.0109655 , 0.0126183
0.0108296 , 0.012524
0.00938186 , 0.0115658
0.010692 , 0.0124294
0.00959609 , 0.0117024
0.0100766 , 0.0120154
0.00912089 , 0.0114018
0.0110708 , 0.0126917
0.00936596 , 0.0115558
0.00928892 , 0.0115071
0.0105267 , 0.0123167
0.0101232 , 0.0120462
0.00983797 , 0.0118588
0.00853627 , 0.0110439
0.00957231 , 0.0116872
0.00994483 , 0.0119286
0.00976954 , 0.0118143
0.0101757 , 0.012081
0.0103292 , 0.0121835
0.00941053 , 0.011584
0.010306 , 0.0121679
0.00931208 , 0.0115217
0.0106726 , 0.0124162
0.00978275 , 0.0118229
0.00964598 , 0.0117345
0.00966665 , 0.0117478
0.00975855 , 0.0118072
0.0107259 , 0.0124526
0.00953352 , 0.0116623
0.0104769 , 0.012283
0.0100223 , 0.0119796
0.0100359 , 0.0119885
0.0106546 , 0.0124038
0.00926476 , 0.0114919
0.0096721 , 0.0117513
0.0102574 , 0.0121354
0.00965903 , 0.0117429
0.0108468 , 0.0125359
0.0103735 , 0.0122133
0.0107855 , 0.0124937
0.00974427 , 0.011798
0.00823083 , 0.010862
0.0108345 , 0.0125274
0.00970047 , 0.0117696
0.00954536 , 0.0116699
0.00874794 , 0.011172
0.00905067 , 0.0113582
0.00892985 , 0.0112834
0.00861335 , 0.0110903
0.0111302 , 0.0127334
0.00953675 , 0.0116644
0.0102216 , 0.0121116
0.010186 , 0.0120879
0.0100982 , 0.0120296
0.00959501 , 0.0117017
0.0100393 , 0.0119907
0.0104805 , 0.0122854
0.0106425 , 0.0123956
0.0106257 , 0.0123841
0.0100596 , 0.0120041
0.0103502 , 0.0121976
0.00967646 , 0.0117541
0.0105397 , 0.0123256
0.0105207 , 0.0123127
0.0100449 , 0.0119944
0.00947987 , 0.0116281
0.00971469 , 0.0117788
0.0105982 , 0.0123653
0.00978385 , 0.0118236
0.00973769 , 0.0117937
0.009226 , 0.0114676
0.010715 , 0.0124452
0.00938822 , 0.0115699
0.0093808 , 0.0115652
0.00919989 , 0.0114512
0.0106197 , 0.01238
0.0105767 , 0.0123507
0.0103234 , 0.0121796
0.0110569 , 0.012682
0.0100347 , 0.0119877
0.0102447 , 0.012127
