0.00831627 , 0.0964403
0.0101555 , 0.096827
0.0112508 , 0.0970556
0.00598458 , 0.0959445
0.00869454 , 0.0965202
0.0134121 , 0.0975031
0.00841925 , 0.0964621
0.012541 , 0.0973233
0.010472 , 0.0968932
0.0092827 , 0.096644
0.00949132 , 0.0966878
0.00756512 , 0.0962813
0.00749719 , 0.0962669
0.00991017 , 0.0967756
0.0121446 , 0.0972412
0.00780334 , 0.0963318
0.0115715 , 0.0971223
0.0113219 , 0.0970704
0.00907463 , 0.0966002
0.0111086 , 0.097026
0.00655246 , 0.0960659
0.0091786 , 0.0966221
0.00852238 , 0.0964838
0.00841925 , 0.0964621
0.0118934 , 0.0971891
0.00872902 , 0.0965274
0.011786 , 0.0971668
0.00685485 , 0.0961303
0.00705711 , 0.0961734
0.011786 , 0.0971668
0.015554 , 0.0979424
0.00736151 , 0.0962381
0.0111797 , 0.0970408
0.00437208 , 0.0955974
0.00838491 , 0.0964548
0.0056857 , 0.0958804
0.00973539 , 0.096739
0.0118934 , 0.0971891
0.00675392 , 0.0961088
0.0085912 , 0.0964984
0.0109667 , 0.0969964
0.0130117 , 0.0974205
0.0114644 , 0.0971
0.00942172 , 0.0966732
0.0146983 , 0.0977674
0.00872902 , 0.0965274
0.0105425 , 0.0969079
0.0173285 , 0.0983033
0.00729376 , 0.0962237
0.00608448 , 0.0959659
0.00797394 , 0.0963679
0.00742932 , 0.0962525
0.0115358 , 0.0971148
0.00732763 , 0.0962309
0.00797394 , 0.0963679
0.00824768 , 0.0964258
0.0120728 , 0.0972263
0.0111797 , 0.0970408
0.0109667 , 0.0969964
0.00552017 , 0.0958449
0.00897079 , 0.0965784
0.0114288 , 0.0970926
0.00651893 , 0.0960587
0.0085912 , 0.0964984
0.00776926 , 0.0963246
0.00440463 , 0.0956045
0.00648542 , 0.0960516
0.00695591 , 0.0961519
0.00688852 , 0.0961375
0.0120369 , 0.0972189
0.0077352 , 0.0963174
0.00872902 , 0.0965274
0.0092827 , 0.096644
0.00736151 , 0.0962381
0.00938695 , 0.0966659
0.00625128 , 0.0960015
0.00991017 , 0.0967756
0.0107897 , 0.0969595
0.0131935 , 0.097458
0.0101204 , 0.0968196
0.00641845 , 0.0960373
0.00790566 , 0.0963535
0.00907463 , 0.0966002
0.00984021 , 0.096761
0.00848799 , 0.0964766
0.00866008 , 0.0965129
0.015181 , 0.0978662
0.00492741 , 0.0957174
0.00824768 , 0.0964258
0.0104368 , 0.0968858
0.0066867 , 0.0960945
0.0114644 , 0.0971
0.00661955 , 0.0960802
0.00486185 , 0.0957032
0.0109667 , 0.0969964
0.00753115 , 0.0962741
0.0108251 , 0.0969669
0.00931744 , 0.0966513
0.0091786 , 0.0966221
0.00770116 , 0.0963102
