0.0102192 , 0.0107098
0.0100724 , 0.0105847
0.00925409 , 0.00990281
0.00973502 , 0.0103003
0.0098614 , 0.0104063
0.00894673 , 0.00965395
0.00942295 , 0.0100413
0.0102536 , 0.0107393
0.00956676 , 0.0101601
0.00950308 , 0.0101074
0.00981107 , 0.010364
0.0100524 , 0.0105677
0.00985915 , 0.0104044
0.00955101 , 0.0101471
0.0100914 , 0.0106008
0.00989755 , 0.0104367
0.0108611 , 0.0112661
0.0108411 , 0.0112485
0.0100242 , 0.0105438
0.01015 , 0.0106507
0.0114458 , 0.0117846
0.0104045 , 0.0108689
0.0101838 , 0.0106796
0.010486 , 0.0109393
0.00838476 , 0.00920994
0.00923451 , 0.00988683
0.00809282 , 0.00898509
0.00849314 , 0.00929444
0.0110283 , 0.0114133
0.00985129 , 0.0103978
0.0100641 , 0.0105777
0.00988509 , 0.0104262
0.00934323 , 0.00997575
0.00935325 , 0.00998396
0.00913309 , 0.00980435
0.00997079 , 0.0104986
0.00917339 , 0.00983707
0.00978557 , 0.0103426
0.00959101 , 0.0101803
0.00906104 , 0.00974602
0.0104613 , 0.0109179
0.0092925 , 0.0099342
0.00970887 , 0.0102784
0.0103701 , 0.0108393
0.00912164 , 0.00979506
0.00955731 , 0.0101523
0.0104639 , 0.0109201
0.0100807 , 0.0105917
0.0103397 , 0.0108131
0.0105506 , 0.0109952
0.0112345 , 0.011596
0.0096635 , 0.0102406
0.0105373 , 0.0109837
0.00967426 , 0.0102495
0.00872078 , 0.00947369
0.0119902 , 0.0122765
0.00995351 , 0.010484
0.0110948 , 0.0114721
0.0107886 , 0.0112025
0.00996733 , 0.0104956
0.00995351 , 0.010484
0.00972302 , 0.0102902
0.00904601 , 0.00973388
0.00988622 , 0.0104272
0.010108 , 0.010615
0.0102983 , 0.0107776
0.0106324 , 0.0110662
0.00953115 , 0.0101306
0.00912736 , 0.0097997
0.00914265 , 0.0098121
0.0116999 , 0.0120132
0.00987267 , 0.0104158
0.010814 , 0.0112248
0.0102784 , 0.0107605
0.00939555 , 0.0100187
0.00939251 , 0.0100162
0.0096271 , 0.0102103
0.0103688 , 0.0108382
0.00937334 , 0.0100005
0.00969911 , 0.0102703
0.00933724 , 0.00997083
0.0100641 , 0.0105777
0.00870766 , 0.00946329
0.00997425 , 0.0105015
0.00990437 , 0.0104425
0.0088621 , 0.00958616
0.0100618 , 0.0105757
0.0111147 , 0.0114897
0.00973502 , 0.0103003
0.00986253 , 0.0104072
0.0112535 , 0.0116129
0.00911497 , 0.00978966
0.00981552 , 0.0103677
0.00904882 , 0.00973615
0.0101488 , 0.0106497
0.00952802 , 0.010128
0.0107104 , 0.0111342
0.00988283 , 0.0104243
0.0109409 , 0.0113362
0.00973393 , 0.0102994
