0.00924818 , 0.0095273
0.00926358 , 0.00954114
0.0112988 , 0.0114289
0.0114292 , 0.0115531
0.0105883 , 0.0107585
0.00891201 , 0.00922706
0.0103788 , 0.0105629
0.00989165 , 0.0101122
0.0115146 , 0.0116344
0.0106818 , 0.0108462
0.00964309 , 0.00988478
0.00978163 , 0.0100113
0.009548 , 0.00979826
0.00832641 , 0.00871404
0.0119377 , 0.0120396
0.0098226 , 0.0100489
0.00961638 , 0.00986045
0.0111787 , 0.0113149
0.011287 , 0.0114177
0.0109423 , 0.0110912
0.00883836 , 0.00916182
0.0113681 , 0.0114948
0.0113536 , 0.0114811
0.00940939 , 0.00967264
0.0103754 , 0.0105597
0.0111183 , 0.0112576
0.0100469 , 0.0102552
0.00909703 , 0.00939182
0.00927547 , 0.00955184
0.0104202 , 0.0106015
0.00912647 , 0.00941814
0.00894947 , 0.00926032
0.00968087 , 0.00991924
0.00970678 , 0.00994289
0.0105627 , 0.0107345
0.00897432 , 0.00928241
0.00901911 , 0.00932228
0.0105102 , 0.0106855
0.00926952 , 0.00954649
0.0129037 , 0.0129739
0.00985549 , 0.010079
0.00987424 , 0.0100962
0.00967409 , 0.00991305
0.00979147 , 0.0100203
0.011252 , 0.0113845
0.0091276 , 0.00941916
0.0102285 , 0.0104232
0.0113416 , 0.0114696
0.00921059 , 0.00949353
0.0113948 , 0.0115203
0.00985837 , 0.0100817
0.0108969 , 0.0110484
0.0106648 , 0.0108301
0.00976763 , 0.00999852
0.00969175 , 0.00992917
0.00896025 , 0.0092699
0.00880215 , 0.00912981
0.0116691 , 0.0117821
0.00980841 , 0.0100359
0.0108261 , 0.0109817
0.00939946 , 0.00966366
0.0100855 , 0.0102908
0.0104064 , 0.0105885
0.00951824 , 0.00977123
0.0105372 , 0.0107107
0.00959254 , 0.00983875
0.0101073 , 0.0103109
0.0104029 , 0.0105853
0.0107844 , 0.0109425
0.0101817 , 0.0103798
0.0115325 , 0.0116515
0.0102761 , 0.0104674
0.0099253 , 0.0101432
0.00938338 , 0.00964913
0.00921059 , 0.00949353
0.0102432 , 0.0104368
0.00961505 , 0.00985924
0.0086523 , 0.00899789
0.0105773 , 0.0107482
0.0111607 , 0.0112978
0.00999376 , 0.0102062
0.00952856 , 0.0097806
0.00969039 , 0.00992793
0.0117373 , 0.0118474
0.0105354 , 0.010709
0.0104029 , 0.0105853
0.0093405 , 0.00961043
0.00973843 , 0.00997182
0.0105681 , 0.0107396
0.0106161 , 0.0107845
0.00941811 , 0.00968052
0.00905005 , 0.00934987
0.00950282 , 0.00975725
0.00991209 , 0.010131
0.0105463 , 0.0107192
0.0105883 , 0.0107585
0.00967273 , 0.00991182
0.00995339 , 0.010169
0.0087643 , 0.00909641
0.00978725 , 0.0100165
