0.0105851 , 0.010691
0.0110552 , 0.0111424
0.0109287 , 0.0110206
0.0100049 , 0.0101392
0.00969577 , 0.00984796
0.01027 , 0.0103905
0.0096528 , 0.00980766
0.0104175 , 0.010531
0.0121729 , 0.0122277
0.010921 , 0.0110132
0.0107025 , 0.0108034
0.0106305 , 0.0107345
0.0105207 , 0.0106295
0.0102285 , 0.0103511
0.00968936 , 0.00984195
0.00981383 , 0.00995892
0.0104302 , 0.0105431
0.0104493 , 0.0105613
0.00984248 , 0.0099859
0.0111883 , 0.0112709
0.00991461 , 0.0100539
0.00851106 , 0.008755
0.0097248 , 0.00987522
0.0106328 , 0.0107367
0.0100121 , 0.010146
0.0109416 , 0.011033
0.0106328 , 0.0107367
0.00929539 , 0.00947418
0.0110017 , 0.0110909
0.0119703 , 0.0120299
0.00953239 , 0.00969495
0.0105672 , 0.0106739
0.00936833 , 0.00954198
0.0103819 , 0.010497
0.0103819 , 0.010497
0.00812005 , 0.00840403
0.00976894 , 0.0099167
0.00921087 , 0.00939581
0.0083371 , 0.00859817
0.0103882 , 0.010503
0.0117013 , 0.0117681
0.0101954 , 0.0103196
0.00908489 , 0.00927937
0.0104238 , 0.010537
0.00981718 , 0.00996208
0.00902022 , 0.00921976
0.00910808 , 0.00930077
0.0111153 , 0.0112005
0.0100632 , 0.0101943
0.0112989 , 0.0113778
0.00928847 , 0.00946776
0.0100194 , 0.0101528
0.00981718 , 0.00996208
0.010679 , 0.0107809
0.00937118 , 0.00954462
0.0109133 , 0.0110058
0.00980546 , 0.00995104
0.0107984 , 0.0108954
0.010272 , 0.0103924
0.011031 , 0.0111191
0.00987144 , 0.0100132
0.0121145 , 0.0121706
0.0103101 , 0.0104287
0.010284 , 0.0104038
0.0110525 , 0.0111398
0.00975579 , 0.00990433
0.0118937 , 0.0119552
0.0104323 , 0.0105451
0.00976894 , 0.0099167
0.00966705 , 0.00982102
0.00826682 , 0.00853512
0.0106328 , 0.0107367
0.010921 , 0.0110132
0.0098088 , 0.00995419
0.00982054 , 0.00996524
0.010178 , 0.0103031
0.00964965 , 0.0098047
0.00999234 , 0.0101273
0.00947266 , 0.00963918
0.00946823 , 0.00963505
0.0099181 , 0.0100572
0.00997447 , 0.0101104
0.00910938 , 0.00930196
0.0111855 , 0.0112681
0.00929539 , 0.00947418
0.010719 , 0.0108192
0.0100984 , 0.0102277
0.0103695 , 0.0104852
0.0105295 , 0.0106379
0.0107237 , 0.0108238
0.0104175 , 0.010531
0.010284 , 0.0104038
0.0111628 , 0.0112463
0.00939117 , 0.00956323
0.00949789 , 0.00966272
0.0103 , 0.0104191
0.011396 , 0.0114717
0.0109313 , 0.0110231
0.0113775 , 0.0114538
0.00901146 , 0.0092117
