0.0104986 , 0.0105676
0.00901481 , 0.00914717
0.0096834 , 0.00978224
0.0106293 , 0.0106943
0.00974362 , 0.00983988
0.0105924 , 0.0106585
0.0126864 , 0.0127122
0.0106667 , 0.0107307
0.00978129 , 0.00987597
0.00918084 , 0.00930399
0.0123539 , 0.0123839
0.00938587 , 0.00949849
0.0118311 , 0.0118691
0.00902945 , 0.00916097
0.0110172 , 0.0110719
0.00954725 , 0.00965218
0.0094899 , 0.0095975
0.00985433 , 0.00994601
0.0105617 , 0.0106287
0.0110753 , 0.0111286
0.0124404 , 0.0124693
0.0108074 , 0.0108675
0.0107226 , 0.010785
0.0122823 , 0.0123133
0.0103342 , 0.0104084
0.0094149 , 0.00952609
0.00922495 , 0.00934575
0.0108891 , 0.010947
0.012306 , 0.0123366
0.00952738 , 0.00963323
0.0101829 , 0.0102622
0.0102138 , 0.010292
0.0106009 , 0.0106667
0.00935551 , 0.00946963
0.0107048 , 0.0107677
0.0117554 , 0.0117946
0.012091 , 0.0121247
0.00850877 , 0.0086734
0.0105013 , 0.0105702
0.0102598 , 0.0103364
0.0106236 , 0.0106888
0.0106179 , 0.0106832
0.00928447 , 0.00940218
0.0110857 , 0.0111388
0.00982159 , 0.00991461
0.0087204 , 0.00887072
0.00993604 , 0.0100245
0.010789 , 0.0108496
0.00971235 , 0.00980995
0.0096681 , 0.00976761
0.0100406 , 0.0101251
0.00818686 , 0.00837573
0.0113199 , 0.0113676
0.0092457 , 0.00936542
0.00979532 , 0.00988942
0.0105533 , 0.0106206
0.0101876 , 0.0102667
0.0117507 , 0.0117901
0.00959117 , 0.0096941
0.00979532 , 0.00988942
0.0111385 , 0.0111903
0.00927959 , 0.00939755
0.0104478 , 0.0105183
0.00853277 , 0.00869572
0.010635 , 0.0106999
0.00972208 , 0.00981926
0.0107495 , 0.0108112
0.0106784 , 0.010742
0.0112182 , 0.0112682
0.0108479 , 0.0109069
0.0105784 , 0.0106449
0.0113942 , 0.0114404
0.00910399 , 0.00923132
0.0101477 , 0.0102282
0.00879016 , 0.00893603
0.00963027 , 0.00973145
0.00939608 , 0.00950819
0.00873602 , 0.00888534
0.0118359 , 0.0118738
0.00997472 , 0.0100617
0.0105784 , 0.0106449
0.0110071 , 0.011062
0.00871003 , 0.00886103
0.0111816 , 0.0112325
0.0100052 , 0.010091
0.0109019 , 0.0109595
0.0118847 , 0.0119218
0.00938248 , 0.00949526
0.00979331 , 0.00988749
0.00972208 , 0.00981926
0.00917928 , 0.00930251
0.00962839 , 0.00972965
0.0115634 , 0.0116062
0.00900606 , 0.00913893
0.0114182 , 0.0114639
0.0118215 , 0.0118596
0.00948282 , 0.00959076
0.00924891 , 0.00936846
0.00920595 , 0.00932776
0.0108448 , 0.0109038
