0.0100636 , 0.0101171
0.0102897 , 0.0103376
0.0103303 , 0.0103773
0.0109847 , 0.0110191
0.0107348 , 0.0107736
0.0131142 , 0.0131265
0.00919545 , 0.00927601
0.0106236 , 0.0106645
0.0101489 , 0.0102002
0.010731 , 0.0107699
0.00999234 , 0.0100476
0.0107966 , 0.0108342
0.00963699 , 0.0097024
0.0104073 , 0.0104526
0.00871175 , 0.0088128
0.0103845 , 0.0104304
0.0105179 , 0.0105609
0.010123 , 0.0101749
0.0110148 , 0.0110487
0.0116405 , 0.0116656
0.0131025 , 0.0131149
0.00938776 , 0.00946135
0.00931716 , 0.00939324
0.0103334 , 0.0103804
0.0105842 , 0.0106259
0.0108361 , 0.010873
0.00990248 , 0.00996015
0.0128188 , 0.012833
0.0103781 , 0.0104241
0.0106527 , 0.010693
0.00915261 , 0.00923482
0.00940422 , 0.00947724
0.0120575 , 0.012078
0.00914525 , 0.00922774
0.00959608 , 0.00966277
0.00912329 , 0.00920664
0.00986398 , 0.00992272
0.0108481 , 0.0108848
0.0096051 , 0.00967151
0.0114513 , 0.0114787
0.00905692 , 0.00914291
0.010477 , 0.0105209
0.0120718 , 0.0120921
0.00947343 , 0.00954411
0.00982865 , 0.00988838
0.0096347 , 0.00970018
0.00938162 , 0.00945542
0.0120015 , 0.0120226
0.00969982 , 0.00976332
0.00948411 , 0.00955443
0.00887532 , 0.00896894
0.0098412 , 0.00990058
0.0107771 , 0.0108151
0.0112195 , 0.0112502
0.0085834 , 0.00869067
0.00867114 , 0.00877412
0.0110148 , 0.0110487
0.00958261 , 0.00964972
0.00881736 , 0.00891355
0.00967401 , 0.00973828
0.0105456 , 0.010588
0.0100636 , 0.0101171
0.00859923 , 0.00870572
0.0118228 , 0.0118458
0.00955149 , 0.0096196
0.0105491 , 0.0105914
0.00861809 , 0.00872365
0.0120504 , 0.012071
0.0124206 , 0.0124378
0.0102866 , 0.0103346
0.00930923 , 0.00938559
0.0102077 , 0.0102576
0.0102897 , 0.0103376
0.0096119 , 0.00967809
0.0109933 , 0.0110275
0.00893983 , 0.00903067
0.0154742 , 0.0154781
0.0105807 , 0.0106224
0.0113322 , 0.0113613
0.0106822 , 0.010722
0.0103429 , 0.0103897
0.00882213 , 0.00891811
0.0112726 , 0.0113026
0.0100113 , 0.0100661
0.0100664 , 0.0101198
0.0096508 , 0.00971579
0.0115549 , 0.0115811
0.0136318 , 0.0136414
0.0119136 , 0.0119356
0.00975965 , 0.00982137
0.0109847 , 0.0110191
0.0107462 , 0.0107848
0.0111957 , 0.0112268
0.01066 , 0.0107002
0.010262 , 0.0103106
0.00901317 , 0.00910093
0.0104602 , 0.0105044
0.0100277 , 0.010082
0.0089856 , 0.00907451
0.00904459 , 0.00913107
