0.0103216 , 0.0103407
0.0112989 , 0.0113102
0.0153928 , 0.015394
0.00969342 , 0.00972023
0.0114506 , 0.011461
0.00885949 , 0.00890147
0.0144287 , 0.0144307
0.00887598 , 0.0089176
0.0152407 , 0.015242
0.0104859 , 0.0105033
0.0118085 , 0.011817
0.00898057 , 0.00901991
0.0107986 , 0.0108134
0.0119129 , 0.0119209
0.00923695 , 0.00927123
0.0103369 , 0.0103558
0.00933669 , 0.00936918
0.0106297 , 0.0106459
0.011265 , 0.0112764
0.0153928 , 0.015394
0.011901 , 0.0119091
0.00983291 , 0.00985778
0.0107598 , 0.0107748
0.0114414 , 0.0114517
0.00922555 , 0.00926005
0.0105708 , 0.0105875
0.0107406 , 0.0107558
0.0097007 , 0.00972741
0.0124332 , 0.0124393
0.0107726 , 0.0107876
0.0119859 , 0.0119936
0.0108858 , 0.0108998
0.013047 , 0.0130513
0.0115363 , 0.0115461
0.0110809 , 0.0110935
0.010728 , 0.0107433
0.0109916 , 0.0110049
0.00905966 , 0.00909737
0.00913403 , 0.00917026
0.0118198 , 0.0118282
0.00933368 , 0.00936622
0.0085085 , 0.00855915
0.0103267 , 0.0103457
1 , 1
0.0124175 , 0.0124236
0.00837061 , 0.00842512
0.00988448 , 0.00990866
0.0114977 , 0.0115078
0.0116674 , 0.0116766
0.00902866 , 0.009067
0.0103782 , 0.0103967
0.00906227 , 0.00909993
0.0111587 , 0.0111708
0.011775 , 0.0117836
0.0106721 , 0.0106878
0.0112152 , 0.0112269
0.0100614 , 0.0100834
0.00841115 , 0.00846449
0.0095199 , 0.00954934
0.0119129 , 0.0119209
0.00851046 , 0.00856105
0.0106782 , 0.0106939
0.0109415 , 0.0109551
0.0135518 , 0.0135551
0.0121144 , 0.0121216
0.0113335 , 0.0113445
0.010845 , 0.0108594
0.0108858 , 0.0108998
0.0132326 , 0.0132365
0.00902866 , 0.009067
0.00909649 , 0.00913346
0.010394 , 0.0104123
0.0130033 , 0.0130078
0.00885949 , 0.00890147
0.0133589 , 0.0133626
0.0100438 , 0.010066
0.0101941 , 0.0102145
0.00962911 , 0.00965686
0.0104259 , 0.0104439
0.00983291 , 0.00985778
0.00915856 , 0.00919432
0.0131608 , 0.0131648
0.00934877 , 0.00938105
0.0125814 , 0.012587
0.010394 , 0.0104123
0.0116884 , 0.0116975
0.0124019 , 0.012408
0.00866328 , 0.00870991
0.0104259 , 0.0104439
0.0108184 , 0.010833
0.0124491 , 0.0124551
0.00956691 , 0.00959561
0.00963262 , 0.00966033
0.00993749 , 0.00996099
0.00823331 , 0.00829194
0.010565 , 0.0105818
0.011546 , 0.0115558
0.00909649 , 0.00913346
0.00903894 , 0.00907707
0.0117861 , 0.0117947
