0.0121539 , 0.0121564
0.00850074 , 0.0085238
0.0172073 , 0.0172074
0.0141786 , 0.0141793
1 , 1
0.00753524 , 0.00757627
0.0108635 , 0.010869
0.0150765 , 0.0150769
0.0106973 , 0.0107034
0.00855283 , 0.00857517
0.0120795 , 0.0120821
0.00840382 , 0.00842825
0.00949035 , 0.00950306
0.00888974 , 0.00890799
0.0105559 , 0.0105626
0.00982957 , 0.00983993
0.0167359 , 0.0167361
0.0102235 , 0.0102316
0.00884029 , 0.00885909
0.0125863 , 0.0125883
0.0104346 , 0.0104418
0.0136007 , 0.0136018
0.0109968 , 0.0110019
1 , 1
0.00879563 , 0.00881495
0.0101535 , 0.0101621
0.00942509 , 0.00943831
1 , 1
0.0107728 , 0.0107786
0.0122054 , 0.0122079
0.0128735 , 0.0128752
1 , 1
0.00882988 , 0.0088488
0.0100079 , 0.0100172
1 , 1
0.00911564 , 0.00913157
0.00907516 , 0.00909149
0.00874553 , 0.00876543
0.0118321 , 0.0118352
0.0115807 , 0.0115843
0.0104988 , 0.0105057
0.0101011 , 0.0101099
0.0087194 , 0.00873962
0.00852948 , 0.00855214
0.0119179 , 0.0119208
0.00992631 , 0.00993608
0.0104078 , 0.0104151
0.0102394 , 0.0102475
0.0133212 , 0.0133224
0.010192 , 0.0102003
1 , 1
0.0104802 , 0.0104872
0.00949547 , 0.00950815
0.010146 , 0.0101545
0.0108403 , 0.0108459
0.0090872 , 0.00910341
0.0117909 , 0.011794
0.0102717 , 0.0102797
0.00937178 , 0.00938544
0.0115452 , 0.0115488
0.00909933 , 0.00911542
0.0105082 , 0.0105151
0.0102799 , 0.0102878
0.00845021 , 0.00847397
0.0114103 , 0.0114143
0.0101688 , 0.0101773
0.0105656 , 0.0105723
0.0105176 , 0.0105245
0.0108289 , 0.0108345
0.0109349 , 0.0109402
0.00987402 , 0.0098841
0.00995308 , 0.0099627
0.0109349 , 0.0109402
0.00882297 , 0.00884197
0.0105951 , 0.0106016
0.0112706 , 0.0112749
0.00913211 , 0.00914788
0.00930171 , 0.00931595
0.0140141 , 0.0140149
1 , 1
0.0118321 , 0.0118352
0.0134274 , 0.0134286
0.0111556 , 0.0111603
0.00797089 , 0.00800254
0.00921695 , 0.00923194
0.0110222 , 0.0110273
0.0092655 , 0.00928006
0.0108403 , 0.0108459
0.0109842 , 0.0109894
0.00877877 , 0.00879828
0.0109842 , 0.0109894
0.00861873 , 0.00864021
0.0100432 , 0.0100523
0.0115807 , 0.0115843
0.00950577 , 0.00951837
0.0120795 , 0.0120821
0.00965704 , 0.00966853
0.0113007 , 0.0113049
1 , 1
0.0113313 , 0.0113354
