0.0119908 , 0.0119924
0.00872035 , 0.00873382
0.0141023 , 0.0141027
1 , 1
0.00724591 , 0.00727999
0.0132784 , 0.0132791
0.0142276 , 0.014228
0.00740435 , 0.00743521
0.0102735 , 0.0102785
0.0146777 , 0.014678
0.0120879 , 0.0120895
0.00830154 , 0.00831909
0.00936461 , 0.00937356
1 , 1
1 , 1
0.0120225 , 0.0120241
0.011418 , 0.0114204
1 , 1
0.0122275 , 0.0122289
0.0104058 , 0.0104104
0.0108097 , 0.0108133
0.0132087 , 0.0132095
0.0111571 , 0.0111599
0.0103605 , 0.0103652
0.0108397 , 0.0108432
0.00851479 , 0.00853013
1 , 1
0.0125505 , 0.0125516
0.0103383 , 0.0103431
0.00917362 , 0.00918373
1 , 1
0.00903673 , 0.00904775
0.0102113 , 0.0102165
0.0101032 , 0.0101088
0.0101514 , 0.0101568
0.00905137 , 0.0090623
0.00927188 , 0.00928138
0.0117044 , 0.0117065
0.00951468 , 0.00952283
0.0087813 , 0.00879426
0.00984917 , 0.00985575
0.00871637 , 0.00872987
0.00971722 , 0.00972438
0.00855745 , 0.00857238
0.00911643 , 0.00912691
0.0143638 , 0.0143641
0.0107803 , 0.010784
0.0122275 , 0.0122289
1 , 1
0.0118699 , 0.0118717
0.00946943 , 0.00947781
0.00991528 , 0.00992159
0.00936461 , 0.00937356
0.00958165 , 0.00958945
0.0129574 , 0.0129583
1 , 1
0.0101711 , 0.0101765
0.00970239 , 0.00970962
0.00856106 , 0.00857595
0.00985729 , 0.00986384
1 , 1
0.0101711 , 0.0101765
0.0129004 , 0.0129013
0.0101911 , 0.0101964
0.0108097 , 0.0108133
0.00978571 , 0.00979256
0.0159454 , 0.0159455
0.00871637 , 0.00872987
0.00940082 , 0.00940957
0.0115078 , 0.0115101
1 , 1
0.0101612 , 0.0101666
0.0086966 , 0.00871027
0.0119597 , 0.0119614
0.00924952 , 0.00925915
0.0130166 , 0.0130174
0.0113538 , 0.0113564
0.00904648 , 0.00905743
0.0116031 , 0.0116052
0.00954113 , 0.00954914
0.00946307 , 0.00947148
0.00823827 , 0.00825654
0.00937059 , 0.00937951
0.00917362 , 0.00918373
0.00928318 , 0.00929261
0.011785 , 0.0117869
0.0104763 , 0.0104808
0.00724431 , 0.00727842
0.0117577 , 0.0117596
0.0155967 , 0.0155969
0.00982507 , 0.00983176
0.00911133 , 0.00912184
0.0103493 , 0.0103541
0.00758169 , 0.00760931
0.0127408 , 0.0127418
0.00899832 , 0.00900962
0.0100937 , 0.0100993
0.00987364 , 0.00988012
0.0141023 , 0.0141027
0.0145129 , 0.0145132
