0.0122652 , 0.012266
0.00975952 , 0.0097641
0.00990293 , 0.00990709
0.0123177 , 0.0123185
0.0088911 , 0.00889925
0.0118214 , 0.0118225
1 , 1
1 , 1
1 , 1
1 , 1
0.0101473 , 0.0101509
0.0172925 , 0.0172926
0.00836906 , 0.0083806
0.00840069 , 0.00841198
0.00903551 , 0.00904291
0.0117103 , 0.0117116
0.00773436 , 0.00775192
1 , 1
1 , 1
0.00945117 , 0.00945679
1 , 1
1 , 1
1 , 1
0.0138578 , 0.0138581
0.00952466 , 0.00953001
0.0126787 , 0.0126794
0.0106353 , 0.0106378
1 , 1
1 , 1
0.0085473 , 0.00855754
0.00870463 , 0.00871386
0.0102519 , 0.0102552
1 , 1
0.010379 , 0.010382
0.00921543 , 0.00922201
0.0119835 , 0.0119845
0.00815069 , 0.00816402
1 , 1
1 , 1
1 , 1
0.00864723 , 0.00865682
0.0098398 , 0.00984413
0.0103643 , 0.0103674
0.0137154 , 0.0137157
0.00941962 , 0.00942535
0.0100614 , 0.0100651
1 , 1
0.00904158 , 0.00904896
0.0106706 , 0.0106731
0.010902 , 0.0109041
0.00866138 , 0.00867088
0.00928524 , 0.00929152
0.0107439 , 0.0107462
1 , 1
0.011279 , 0.0112807
1 , 1
1 , 1
0.0107252 , 0.0107276
0.0103071 , 0.0103103
1 , 1
0.0104087 , 0.0104117
0.0130645 , 0.013065
0.00818153 , 0.00819458
0.00825962 , 0.00827202
0.0081473 , 0.00816066
1 , 1
0.00987103 , 0.00987528
0.00941962 , 0.00942535
1 , 1
0.011279 , 0.0112807
0.0100377 , 0.0100415
0.0128213 , 0.0128219
1 , 1
0.00909105 , 0.00909819
0.0120716 , 0.0120726
1 , 1
0.0108609 , 0.0108631
1 , 1
0.00907853 , 0.00908573
0.0113336 , 0.0113352
0.0127483 , 0.0127489
1 , 1
0.0118214 , 0.0118225
0.0100029 , 0.0100068
0.0102931 , 0.0102963
0.00998008 , 0.00998403
0.0103643 , 0.0103674
0.00904158 , 0.00904896
0.00802381 , 0.0080383
1 , 1
0.0138578 , 0.0138581
0.00938108 , 0.00938697
1 , 1
0.00948339 , 0.00948889
1 , 1
1 , 1
0.0102251 , 0.0102284
0.00945916 , 0.00946475
0.00790373 , 0.00791942
1 , 1
