0.00724812 , 0.0291459
0.00902784 , 0.0296894
0.0109962 , 0.0302973
0.0086167 , 0.0295634
0.0113284 , 0.0304008
0.0118362 , 0.0305598
0.00855902 , 0.0295457
0.0103819 , 0.0301066
0.00935201 , 0.0297889
0.00997484 , 0.0299807
0.00841255 , 0.0295009
0.00859047 , 0.0295554
0.00948018 , 0.0298283
0.00994242 , 0.0299707
0.0114062 , 0.0304251
0.0119091 , 0.0305827
0.00855902 , 0.0295457
0.010897 , 0.0302664
0.0120496 , 0.0306268
0.011551 , 0.0304704
0.0102296 , 0.0300594
0.00931469 , 0.0297774
0.0106552 , 0.0301913
0.0118755 , 0.0305721
0.00914979 , 0.0297268
0.0083395 , 0.0294786
0.00859572 , 0.029557
0.00907022 , 0.0297024
0.00761054 , 0.0292562
0.0103874 , 0.0301083
0.0122131 , 0.0306783
0.00832907 , 0.0294754
0.00850666 , 0.0295297
0.00838123 , 0.0294914
0.00928805 , 0.0297692
0.0101427 , 0.0300326
0.0102296 , 0.0300594
0.00705035 , 0.0290858
0.00891677 , 0.0296553
0.00834471 , 0.0294802
0.00932535 , 0.0297807
0.00936267 , 0.0297922
0.010886 , 0.030263
0.00675291 , 0.0289955
0.00969998 , 0.029896
0.00914979 , 0.0297268
0.00827178 , 0.0294579
0.00999106 , 0.0299857
0.00913917 , 0.0297235
0.00869021 , 0.0295859
0.0085276 , 0.0295361
0.0072024 , 0.029132
0.00960336 , 0.0298662
0.00993702 , 0.0299691
0.0101427 , 0.0300326
0.00884288 , 0.0296326
0.00969998 , 0.029896
0.00982913 , 0.0299358
0.0106717 , 0.0301964
0.00980219 , 0.0299275
0.00814702 , 0.0294198
0.00873754 , 0.0296004
0.0102133 , 0.0300544
0.00790375 , 0.0293456
0.0110736 , 0.0303214
0.0079244 , 0.0293519
0.00909142 , 0.0297089
0.0100614 , 0.0300075
0.0106991 , 0.0302049
0.00977527 , 0.0299192
0.0101047 , 0.0300208
0.0106333 , 0.0301845
0.00969461 , 0.0298943
0.00789343 , 0.0293424
0.00896962 , 0.0296715
0.0100452 , 0.0300024
0.0122131 , 0.0306783
0.00882179 , 0.0296262
0.0081574 , 0.029423
0.0109301 , 0.0302767
0.00814702 , 0.0294198
0.0100127 , 0.0299924
0.0104474 , 0.0301269
0.00881125 , 0.029623
0.00957655 , 0.029858
0.00921355 , 0.0297464
0.00968386 , 0.029891
0.00880598 , 0.0296213
0.0083395 , 0.0294786
0.00957119 , 0.0298563
0.00959263 , 0.0298629
0.0103002 , 0.0300813
0.00841778 , 0.0295025
0.00876385 , 0.0296084
0.00974299 , 0.0299092
0.0109797 , 0.0302921
0.0101752 , 0.0300426
0.00879545 , 0.0296181
0.00849619 , 0.0295265
0.0105731 , 0.0301658
