0.0117185 , 0.0267342 , 0
0.0117185 , 0.00937318 , 0
0.0117185 , 0.0141081 , 0
0.0117185 , 0.00042895 , 0.133531
0.0117185 , 0.0267342 , 0
0.0117185 , 0.00707173 , 0
0.0117185 , 0 , 0
0.0117185 , 0.0267342 , 0
0.0117185 , 0.00481396 , 0.0479067
0.0117185 , 0.00259973 , 0.00821698
0.0117185 , 0 , 0
0.0117185 , 0.00042895 , 0.149911
0.0117185 , 0.0293989 , 0.0479067
0.0117185 , 0 , 0.0479067
0.0117185 , 0.00937318 , 0
0.0117185 , 0.00821698 , 0.0802772
0.0117185 , 0.04199 , 0.0802772
0.0117185 , 0 , 0.00821698
0.0117185 , 0.00150892 , 0
0.0117185 , 0.0165422 , 0
0.0117185 , 0.00370141 , 0.063548
0.0117185 , 0.0405418 , 0.0334859
0.0117185 , 0.0405418 , 0
0.0117185 , 0.0267342 , 0
0.0117185 , 0.00821698 , 0.176451
0.0117185 , 0.00370141 , 0
0.0117185 , 0.0241167 , 0.149911
0.0117185 , 0 , 0
0.0117185 , 0.020278 , 0.133531
0.0117185 , 0.00937318 , 0.133531
0.0117185 , 0 , 0
0.0117185 , 0.0117185 , 0
0.0117185 , 0.00481396 , 0
0.0117185 , 0 , 0
0.0117185 , 0 , 0.063548
0.0117185 , 0.0254196 , 0.00821698
0.0117185 , 0.0362714 , 0
0.0117185 , 0.00259973 , 0.0334859
0.0117185 , 0.00707173 , 0.0479067
0.0117185 , 0 , 0
0.0117185 , 0.00593739 , 0.00821698
0.0117185 , 0.0254196 , 0
0.0117185 , 0.0129078 , 0.0479067
0.0117185 , 0.0165422 , 0
0.0117185 , 0 , 0.115784
0.0117185 , 0.0141081 , 0.063548
0.0117185 , 0.00259973 , 0.0802772
0.0117185 , 0.0117185 , 0.063548
0.0117185 , 0.0334859 , 0.115784
0.0117185 , 0.068463 , 0
0.0117185 , 0.00593739 , 0
0.0117185 , 0.0105404 , 0.00821698
0.0117185 , 0.0494168 , 0.0479067
0.0117185 , 0.0267342 , 0.0802772
0.0117185 , 0 , 0.020278
0.0117185 , 0.0348725 , 0.00821698
0.0117185 , 0.00150892 , 0
0.0117185 , 0.00042895 , 0
0.0117185 , 0.0321115 , 0.0334859
0.0117185 , 0 , 0.020278
0.0117185 , 0.00593739 , 0
0.0117185 , 0.00481396 , 0.0479067
0.0117185 , 0.0571497 , 0.149911
0.0117185 , 0.020278 , 0
0.0117185 , 0.0362714 , 0.00821698
0.0117185 , 0.0190214 , 0
0.0117185 , 0.0348725 , 0
0.0117185 , 0.0334859 , 0.133531
0.0117185 , 0.0177761 , 0.0802772
0.0117185 , 0 , 0.133531
0.0117185 , 0 , 0.0334859
0.0117185 , 0.00370141 , 0.0334859
0.0117185 , 0.0434506 , 0.063548
0.0117185 , 0.00150892 , 0.00821698
0.0117185 , 0.0241167 , 0.0479067
0.0117185 , 0.00481396 , 0
0.0117185 , 0.0362714 , 0.0978139
0.0117185 , 0.0141081 , 0.0479067
0.0117185 , 0 , 0.0978139
0.0117185 , 0.0267342 , 0.063548
0.0117185 , 0 , 0.149911
0.0117185 , 0.0228256 , 0
0.0117185 , 0.0177761 , 0
0.0117185 , 0.0129078 , 0.020278
0.0117185 , 0.0177761 , 0
0.0117185 , 0.0321115 , 0.0479067
0.0117185 , 0.0362714 , 0.0978139
0.0117185 , 0 , 0
0.0117185 , 0.00937318 , 0.0334859
0.0117185 , 0.00707173 , 0
0.0117185 , 0.020278 , 0
0.0117185 , 0 , 0.149911
0.0117185 , 0.00481396 , 0
0.0117185 , 0 , 0.020278
0.0117185 , 0.0267342 , 0.020278
0.0117185 , 0 , 0
0.0117185 , 0.0228256 , 0.0802772
0.0117185 , 0.0362714 , 0.0978139
0.0117185 , 0.020278 , 0
0.0117185 , 0 , 0.133531
