0.0101098 , 0.010404 , 0.0117062
0.0101098 , 0.0099147 , 0.0106016
0.0101098 , 0.00980108 , 0.011851
0.0101098 , 0.0104171 , 0.00982626
0.0101098 , 0.00987673 , 0.0106016
0.0101098 , 0.0103909 , 0.00884837
0.0101098 , 0.0102219 , 0.0094527
0.0101098 , 0.00992738 , 0.00873003
0.0101098 , 0.00994006 , 0.011851
0.0101098 , 0.0104827 , 0.00920835
0.0101098 , 0.0103126 , 0.0110053
0.0101098 , 0.0104302 , 0.00920835
0.0101098 , 0.00940354 , 0.00873003
0.0101098 , 0.010404 , 0.00873003
0.0101098 , 0.010196 , 0.0090875
0.0101098 , 0.00990204 , 0.00995276
0.0101098 , 0.00963839 , 0.00982626
0.0101098 , 0.00997819 , 0.0107349
0.0101098 , 0.0102866 , 0.0110053
0.0101098 , 0.0100675 , 0.011563
0.0101098 , 0.0102348 , 0.0094527
0.0101098 , 0.0100931 , 0.00896752
0.0101098 , 0.0100419 , 0.00957625
0.0101098 , 0.0102219 , 0.00873003
0.0101098 , 0.0100803 , 0.0108695
0.0101098 , 0.0103778 , 0.00837974
0.0101098 , 0.00956386 , 0.011851
0.0101098 , 0.0102219 , 0.00982626
0.0101098 , 0.0100037 , 0.0106016
0.0101098 , 0.0100931 , 0.0100803
0.0101098 , 0.0103909 , 0.0094527
0.0101098 , 0.0101831 , 0.0102089
0.0101098 , 0.00994006 , 0.0100803
0.0101098 , 0.00983886 , 0.012146
0.0101098 , 0.0105222 , 0.0122962
0.0101098 , 0.0100419 , 0.00970076
0.0101098 , 0.00990204 , 0.00884837
0.0101098 , 0.0098641 , 0.0108695
0.0101098 , 0.00970076 , 0.0117062
0.0101098 , 0.00992738 , 0.00957625
0.0101098 , 0.00953909 , 0.0100803
0.0101098 , 0.00996547 , 0.00970076
0.0101098 , 0.0105486 , 0.00995276
0.0101098 , 0.0103647 , 0.00982626
0.0101098 , 0.00997819 , 0.0106016
0.0101098 , 0.00972578 , 0.0082645
0.0101098 , 0.0100164 , 0.00957625
0.0101098 , 0.0104827 , 0.0090875
0.0101098 , 0.0094281 , 0.0124484
0.0101098 , 0.0101316 , 0.0112812
0.0101098 , 0.0101059 , 0.011563
0.0101098 , 0.00997819 , 0.00982626
0.0101098 , 0.0101059 , 0.0108695
0.0101098 , 0.00990204 , 0.00837974
0.0101098 , 0.0107215 , 0.00933007
0.0101098 , 0.0105354 , 0.0124484
0.0101098 , 0.00968827 , 0.0086125
0.0101098 , 0.0100419 , 0.0104695
0.0101098 , 0.00992738 , 0.00982626
0.0101098 , 0.0100292 , 0.011851
0.0101098 , 0.0104171 , 0.00970076
0.0101098 , 0.00950201 , 0.00884837
0.0101098 , 0.00966331 , 0.0129176
0.0101098 , 0.0101574 , 0.0104695
0.0101098 , 0.00982626 , 0.0108695
0.0101098 , 0.00946501 , 0.011563
0.0101098 , 0.0103387 , 0.00896752
0.0101098 , 0.0103387 , 0.0111426
0.0101098 , 0.0101059 , 0.00995276
0.0101098 , 0.0100292 , 0.00970076
0.0101098 , 0.00980108 , 0.0114213
0.0101098 , 0.0102866 , 0.00884837
0.0101098 , 0.0100419 , 0.0107349
0.0101098 , 0.00971327 , 0.0094527
0.0101098 , 0.0104433 , 0.00957625
0.0101098 , 0.0104959 , 0.00933007
0.0101098 , 0.0102219 , 0.0100803
0.0101098 , 0.0107081 , 0.0111426
0.0101098 , 0.0105222 , 0.0119976
0.0101098 , 0.0106415 , 0.0108695
0.0101098 , 0.0100547 , 0.0106016
0.0101098 , 0.0102219 , 0.0103387
0.0101098 , 0.00971327 , 0.00995276
0.0101098 , 0.0101445 , 0.0110053
0.0101098 , 0.0102089 , 0.0102089
0.0101098 , 0.0098641 , 0.0100803
0.0101098 , 0.0101445 , 0.0103387
0.0101098 , 0.0102477 , 0.0106016
0.0101098 , 0.00992738 , 0.00933007
0.0101098 , 0.0103517 , 0.0103387
0.0101098 , 0.00999091 , 0.0102089
0.0101098 , 0.0100037 , 0.0086125
0.0101098 , 0.00977594 , 0.00884837
0.0101098 , 0.00999091 , 0.0104695
0.0101098 , 0.0102737 , 0.00995276
0.0101098 , 0.00956386 , 0.00920835
0.0101098 , 0.00980108 , 0.0107349
0.0101098 , 0.0101702 , 0.011851
0.0101098 , 0.00994006 , 0.0100803
0.0101098 , 0.00965084 , 0.00920835
