0.0102323 , 0.0104977 , 0.00921922
0.0102323 , 0.0104265 , 0.0100298
0.0102323 , 0.0101961 , 0.0116968
0.0102323 , 0.0102414 , 0.00941118
0.0102323 , 0.0105577 , 0.011258
0.0102323 , 0.0106063 , 0.0104857
0.0102323 , 0.0101736 , 0.00912556
0.0102323 , 0.0098897 , 0.0102528
0.0102323 , 0.0102187 , 0.0104857
0.0102323 , 0.0104501 , 0.0103679
0.0102323 , 0.00998628 , 0.0102528
0.0102323 , 0.0103215 , 0.0102528
0.0102323 , 0.0101736 , 0.0116968
0.0102323 , 0.0105336 , 0.0107299
0.0102323 , 0.0105216 , 0.00971182
0.0102323 , 0.0101512 , 0.0106063
0.0102323 , 0.0103447 , 0.00941118
0.0102323 , 0.0102414 , 0.0104857
0.0102323 , 0.0100736 , 0.00921922
0.0102323 , 0.0103796 , 0.00981575
0.0102323 , 0.0105941 , 0.0107299
0.0102323 , 0.0102074 , 0.0109867
0.0102323 , 0.00967079 , 0.0121828
0.0102323 , 0.0102414 , 0.0106063
0.0102323 , 0.0100736 , 0.0100298
0.0102323 , 0.0104857 , 0.0104857
0.0102323 , 0.010287 , 0.0106063
0.0102323 , 0.0100189 , 0.0104857
0.0102323 , 0.0101961 , 0.011258
0.0102323 , 0.0100626 , 0.0102528
0.0102323 , 0.0102985 , 0.0104857
0.0102323 , 0.0100846 , 0.0102528
0.0102323 , 0.0105336 , 0.0108566
0.0102323 , 0.0101401 , 0.0099217
0.0102323 , 0.0102187 , 0.0104857
0.0102323 , 0.0103215 , 0.0102528
0.0102323 , 0.0103447 , 0.0102528
0.0102323 , 0.0101736 , 0.0113997
0.0102323 , 0.0100626 , 0.00971182
0.0102323 , 0.0103563 , 0.00981575
0.0102323 , 0.0100189 , 0.0100298
0.0102323 , 0.01031 , 0.0106063
0.0102323 , 0.0104501 , 0.0100298
0.0102323 , 0.0105577 , 0.0099217
0.0102323 , 0.00987907 , 0.0088531
0.0102323 , 0.0101067 , 0.0106063
0.0102323 , 0.0104857 , 0.00950962
0.0102323 , 0.0101512 , 0.0107299
0.0102323 , 0.010403 , 0.00903336
0.0102323 , 0.0105941 , 0.00971182
0.0102323 , 0.0101736 , 0.00960981
0.0102323 , 0.0104383 , 0.0104857
0.0102323 , 0.0104619 , 0.0106063
0.0102323 , 0.0101401 , 0.0109867
0.0102323 , 0.010008 , 0.0111205
0.0102323 , 0.0103447 , 0.0106063
0.0102323 , 0.0103331 , 0.0102528
0.0102323 , 0.0101067 , 0.0102528
0.0102323 , 0.010287 , 0.0109867
0.0102323 , 0.0102414 , 0.0101401
0.0102323 , 0.0104619 , 0.0109867
0.0102323 , 0.0101178 , 0.0107299
0.0102323 , 0.0100407 , 0.0108566
0.0102323 , 0.0103447 , 0.0106063
0.0102323 , 0.00994314 , 0.0109867
0.0102323 , 0.00978436 , 0.0104857
0.0102323 , 0.010008 , 0.00981575
0.0102323 , 0.0101961 , 0.0111205
0.0102323 , 0.01031 , 0.0111205
0.0102323 , 0.0105216 , 0.00912556
0.0102323 , 0.0101736 , 0.0116968
0.0102323 , 0.00987907 , 0.0123575
0.0102323 , 0.0101401 , 0.00981575
0.0102323 , 0.0100736 , 0.00971182
0.0102323 , 0.00997547 , 0.00971182
0.0102323 , 0.00993241 , 0.0099217
0.0102323 , 0.01031 , 0.0101401
0.0102323 , 0.0100736 , 0.0111205
0.0102323 , 0.0105457 , 0.0101401
0.0102323 , 0.0104738 , 0.0099217
0.0102323 , 0.0101067 , 0.0101401
0.0102323 , 0.0104738 , 0.0115459
0.0102323 , 0.01031 , 0.00981575
0.0102323 , 0.0101067 , 0.0099217
0.0102323 , 0.00983678 , 0.0111205
0.0102323 , 0.00993241 , 0.011258
0.0102323 , 0.0101512 , 0.0101401
0.0102323 , 0.0103447 , 0.00960981
0.0102323 , 0.0105096 , 0.00981575
0.0102323 , 0.010287 , 0.0106063
0.0102323 , 0.0105216 , 0.0104857
0.0102323 , 0.0105941 , 0.011258
0.0102323 , 0.0102528 , 0.0100298
0.0102323 , 0.0101961 , 0.00950962
0.0102323 , 0.0103447 , 0.0106063
0.0102323 , 0.0101736 , 0.0121828
0.0102323 , 0.010403 , 0.0099217
0.0102323 , 0.0104977 , 0.0109867
0.0102323 , 0.0103679 , 0.0113997
0.0102323 , 0.0101289 , 0.0108566
