0.0122885 , 0.020312 , 0.01533
0.0122885 , 0.0160789 , 0.0116786
0.0122885 , 0.0187502 , 0
0.0122885 , 0.00648542 , 0.0116786
0.0122885 , 0.0142184 , 0.01533
0.0122885 , 0.0116786 , 0
0.0122885 , 0.00886708 , 0.01533
0.0122885 , 0.00548711 , 0.00163094
0.0122885 , 0.0120369 , 0.00482909
0.0122885 , 0.0239211 , 0.00817916
0.0122885 , 0.0102609 , 0.0315266
0.0122885 , 0.024741 , 0.0272391
0.0122885 , 0.0223008 , 0
0.0122885 , 0.0191382 , 0.0272391
0.0122885 , 0.010613 , 0
0.0122885 , 0.00101014 , 0.0546448
0.0122885 , 0.0199191 , 0.0546448
0.0122885 , 0.0116786 , 0.0191382
0.0122885 , 0.0149579 , 0
0.0122885 , 0.0157037 , 0.0191382
0.0122885 , 0.00417713 , 0.0405094
0.0122885 , 0.0218998 , 0.00482909
0.0122885 , 0.00615115 , 0.0315266
0.0122885 , 0.0175958 , 0.0405094
0.0122885 , 0.00131974 , 0
0.0122885 , 0.00648542 , 0.0116786
0.0122885 , 0.0131207 , 0
0.0122885 , 0.0187502 , 0.0272391
0.0122885 , 0.00039581 , 0
0.0122885 , 0.0164557 , 0.0498801
0.0122885 , 0 , 0.0315266
0.0122885 , 0.0116786 , 0.0405094
0.0122885 , 0.0164557 , 0.01533
0.0122885 , 0.00921329 , 0
0.0122885 , 0.00682119 , 0
0.0122885 , 0.00956098 , 0.0272391
0.0122885 , 0 , 0
0.0122885 , 0.00921329 , 0
0.0122885 , 0.0211026 , 0.01533
0.0122885 , 0.0109667 , 0.0231077
0.0122885 , 0.0134851 , 0
0.0122885 , 0.0134851 , 0.0272391
0.0122885 , 0.00715844 , 0.00482909
0.0122885 , 0.0207065 , 0.0191382
0.0122885 , 0 , 0.0498801
0.0122885 , 0.0131207 , 0
0.0122885 , 0.0183638 , 0.0231077
0.0122885 , 0.00581838 , 0.0315266
0.0122885 , 0.00648542 , 0.00817916
0.0122885 , 0.00615115 , 0.0641842
0.0122885 , 0.00817916 , 0.0231077
0.0122885 , 0.0310911 , 0.0405094
0.0122885 , 0.010613 , 0.01533
0.0122885 , 0.0149579 , 0
0.0122885 , 0.0131207 , 0
0.0122885 , 0.0145873 , 0
0.0122885 , 0.0218998 , 0.0315266
0.0122885 , 0.0235136 , 0.0315266
0.0122885 , 0.0134851 , 0
0.0122885 , 0 , 0.01533
0.0122885 , 0.00450235 , 0.00163094
0.0122885 , 0.00581838 , 0.0451594
0.0122885 , 0.0102609 , 0.00482909
0.0122885 , 0.017979 , 0
0.0122885 , 0.00921329 , 0.00817916
0.0122885 , 0.0120369 , 0.0231077
0.0122885 , 0.017979 , 0
0.0122885 , 0.00956098 , 0.00163094
0.0122885 , 0.0113219 , 0.0231077
0.0122885 , 0.0187502 , 0.0594249
0.0122885 , 0.0113219 , 0
0.0122885 , 0.00194373 , 0.0315266
0.0122885 , 0.0116786 , 0.0405094
0.0122885 , 0.0123966 , 0.0231077
0.0122885 , 0.00131974 , 0.00482909
0.0122885 , 0.0116786 , 0.0315266
0.0122885 , 0.0183638 , 0.00482909
0.0122885 , 0.00482909 , 0
0.0122885 , 0.000702163 , 0
0.0122885 , 0.0187502 , 0.00163094
0.0122885 , 0.01533 , 0.0451594
0.0122885 , 0.00886708 , 0
0.0122885 , 0.00289158 , 0.0116786
0.0122885 , 0.00921329 , 0.0272391
0.0122885 , 0.00648542 , 0
0.0122885 , 0.00194373 , 0.0451594
0.0122885 , 0.0175958 , 0
0.0122885 , 0.00886708 , 0.00817916
0.0122885 , 0.0149579 , 0.0498801
0.0122885 , 0.00749719 , 0.0594249
0.0122885 , 0 , 0.00482909
0.0122885 , 0.0164557 , 0
0.0122885 , 0.0149579 , 0
0.0122885 , 0.01533 , 0
0.0122885 , 0.0123966 , 0.0272391
0.0122885 , 0.0157037 , 0.0272391
0.0122885 , 0.00886708 , 0.0498801
0.0122885 , 0.0207065 , 0
0.0122885 , 0.00385344 , 0.0498801
0.0122885 , 0.0134851 , 0
