0.0112377 , 0.0114125 , 0.0104238
0.0112377 , 0.0113795 , 0.0104238
0.0112377 , 0.0112983 , 0.0111254
0.0112377 , 0.0113306 , 0.0108297
0.0112377 , 0.0112503 , 0.0105546
0.0112377 , 0.0113468 , 0.0109747
0.0112377 , 0.0112983 , 0.0108297
0.0112377 , 0.0111101 , 0.0121831
0.0112377 , 0.0112822 , 0.0114458
0.0112377 , 0.0114125 , 0.0114458
0.0112377 , 0.0109015 , 0.0112822
0.0112377 , 0.0112503 , 0.0106897
0.0112377 , 0.0118702 , 0.0131123
0.0112377 , 0.0108582 , 0.0102971
0.0112377 , 0.0111101 , 0.0116168
0.0112377 , 0.0110343 , 0.0126171
0.0112377 , 0.0112822 , 0.0106897
0.0112377 , 0.0114625 , 0.0119844
0.0112377 , 0.0115303 , 0.0109747
0.0112377 , 0.0111408 , 0.0112822
0.0112377 , 0.0110343 , 0.0112822
0.0112377 , 0.011396 , 0.0106897
0.0112377 , 0.0114458 , 0.0114458
0.0112377 , 0.0111874 , 0.0109747
0.0112377 , 0.0112503 , 0.0112822
0.0112377 , 0.0110644 , 0.0116168
0.0112377 , 0.0112822 , 0.0111254
0.0112377 , 0.0111563 , 0.0123935
0.0112377 , 0.011396 , 0.0116168
0.0112377 , 0.011203 , 0.011796
0.0112377 , 0.0111718 , 0.0111254
0.0112377 , 0.0113144 , 0.00960796
0.0112377 , 0.0114458 , 0.0109747
0.0112377 , 0.0110343 , 0.0114458
0.0112377 , 0.0111101 , 0.0114458
0.0112377 , 0.0111718 , 0.0104238
0.0112377 , 0.0108582 , 0.0108297
0.0112377 , 0.0113631 , 0.0106897
0.0112377 , 0.0111563 , 0.0104238
0.0112377 , 0.0110193 , 0.0106897
0.0112377 , 0.0111563 , 0.0106897
0.0112377 , 0.0109015 , 0.0109747
0.0112377 , 0.0114458 , 0.011796
0.0112377 , 0.0113468 , 0.0111254
0.0112377 , 0.01096 , 0.0126171
0.0112377 , 0.0111874 , 0.0114458
0.0112377 , 0.0114125 , 0.0100547
0.0112377 , 0.0111874 , 0.00982555
0.0112377 , 0.0111408 , 0.0112822
0.0112377 , 0.011396 , 0.0119844
0.0112377 , 0.0111254 , 0.0111254
0.0112377 , 0.0107872 , 0.0119844
0.0112377 , 0.0116874 , 0.0123935
0.0112377 , 0.0113306 , 0.011796
0.0112377 , 0.0113631 , 0.0106897
0.0112377 , 0.0110343 , 0.0114458
0.0112377 , 0.0111563 , 0.0104238
0.0112377 , 0.0111254 , 0.0123935
0.0112377 , 0.0110193 , 0.0116168
0.0112377 , 0.0110948 , 0.0114458
0.0112377 , 0.0110796 , 0.011796
0.0112377 , 0.0117777 , 0.0121831
0.0112377 , 0.0109453 , 0.0123935
0.0112377 , 0.0110796 , 0.0100547
0.0112377 , 0.0114963 , 0.0105546
0.0112377 , 0.0115132 , 0.0101741
0.0112377 , 0.0117053 , 0.0102971
0.0112377 , 0.0110044 , 0.0116168
0.0112377 , 0.011203 , 0.0106897
0.0112377 , 0.0117053 , 0.0126171
0.0112377 , 0.0111874 , 0.0112822
0.0112377 , 0.0115474 , 0.0104238
0.0112377 , 0.0111563 , 0.0105546
0.0112377 , 0.0110644 , 0.0109747
0.0112377 , 0.0112345 , 0.0109747
0.0112377 , 0.0109453 , 0.0112822
0.0112377 , 0.0114794 , 0.0109747
0.0112377 , 0.0114625 , 0.0123935
0.0112377 , 0.0116874 , 0.0119844
0.0112377 , 0.0117233 , 0.0111254
0.0112377 , 0.0114625 , 0.0119844
0.0112377 , 0.0111408 , 0.0116168
0.0112377 , 0.0115132 , 0.0119844
0.0112377 , 0.0113468 , 0.0106897
0.0112377 , 0.0114963 , 0.0109747
0.0112377 , 0.0111254 , 0.0116168
0.0112377 , 0.0113306 , 0.0133895
0.0112377 , 0.0114291 , 0.0112822
0.0112377 , 0.0108726 , 0.0111254
0.0112377 , 0.011396 , 0.011796
0.0112377 , 0.0114963 , 0.0112822
0.0112377 , 0.0113306 , 0.0116168
0.0112377 , 0.011203 , 0.0114458
0.0112377 , 0.0109015 , 0.0109747
0.0112377 , 0.0112822 , 0.0101741
0.0112377 , 0.0108439 , 0.0119844
0.0112377 , 0.0111718 , 0.0121831
0.0112377 , 0.0113306 , 0.0126171
0.0112377 , 0.0110343 , 0.0111254
0.0112377 , 0.0109015 , 0.0114458
