0.01086 , 0.0106838 , 0.00997006
0.01086 , 0.0109483 , 0.011811
0.01086 , 0.0108802 , 0.0113899
0.01086 , 0.010668 , 0.0111986
0.01086 , 0.0111251 , 0.00997006
0.01086 , 0.0107642 , 0.0108466
0.01086 , 0.0103802 , 0.0106838
0.01086 , 0.010668 , 0.010238
0.01086 , 0.0107806 , 0.011811
0.01086 , 0.0108971 , 0.0122975
0.01086 , 0.0110532 , 0.0108466
0.01086 , 0.0110179 , 0.0103802
0.01086 , 0.0109141 , 0.011811
0.01086 , 0.0111433 , 0.0111986
0.01086 , 0.0106998 , 0.0113899
0.01086 , 0.011107 , 0.0113899
0.01086 , 0.0108802 , 0.0108466
0.01086 , 0.0110179 , 0.0105286
0.01086 , 0.0108134 , 0.0108466
0.01086 , 0.01083 , 0.00997006
0.01086 , 0.0106998 , 0.0105286
0.01086 , 0.0109141 , 0.0122975
0.01086 , 0.010797 , 0.0122975
0.01086 , 0.0111986 , 0.0111986
0.01086 , 0.0110003 , 0.0111986
0.01086 , 0.0111616 , 0.0120447
0.01086 , 0.01118 , 0.0105286
0.01086 , 0.0110003 , 0.010238
0.01086 , 0.0108466 , 0.010238
0.01086 , 0.0109141 , 0.0110179
0.01086 , 0.0108971 , 0.0111986
0.01086 , 0.0108971 , 0.0106838
0.01086 , 0.0110179 , 0.0106838
0.01086 , 0.0104685 , 0.0110179
0.01086 , 0.0105286 , 0.0113899
0.01086 , 0.0109141 , 0.0106838
0.01086 , 0.0106209 , 0.011811
0.01086 , 0.01118 , 0.0110179
0.01086 , 0.0110003 , 0.0108466
0.01086 , 0.0109829 , 0.0106838
0.01086 , 0.0110179 , 0.0110179
0.01086 , 0.0106522 , 0.0115935
0.01086 , 0.0103226 , 0.0103802
0.01086 , 0.0110179 , 0.0113899
0.01086 , 0.0110532 , 0.0120447
0.01086 , 0.0110532 , 0.011811
0.01086 , 0.0109311 , 0.00984339
0.01086 , 0.010797 , 0.0103802
0.01086 , 0.0112172 , 0.0111986
0.01086 , 0.0107642 , 0.0108466
0.01086 , 0.0110532 , 0.0113899
0.01086 , 0.0110355 , 0.0103802
0.01086 , 0.0111986 , 0.0113899
0.01086 , 0.0109483 , 0.0108466
0.01086 , 0.0110532 , 0.0105286
0.01086 , 0.0107642 , 0.0110179
0.01086 , 0.0105591 , 0.0103802
0.01086 , 0.0113703 , 0.0132126
0.01086 , 0.0111433 , 0.011811
0.01086 , 0.0110003 , 0.0108466
0.01086 , 0.0107158 , 0.0120447
0.01086 , 0.0109656 , 0.0110179
0.01086 , 0.0108802 , 0.0115935
0.01086 , 0.0103513 , 0.0106838
0.01086 , 0.0112738 , 0.0113899
0.01086 , 0.01118 , 0.011811
0.01086 , 0.0106053 , 0.0105286
0.01086 , 0.011071 , 0.0115935
0.01086 , 0.0109141 , 0.0113899
0.01086 , 0.0107642 , 0.0106838
0.01086 , 0.0110355 , 0.0101015
0.01086 , 0.0104984 , 0.010238
0.01086 , 0.0111433 , 0.0101015
0.01086 , 0.010797 , 0.00960282
0.01086 , 0.0110003 , 0.00948829
0.01086 , 0.0109141 , 0.010238
0.01086 , 0.011312 , 0.0105286
0.01086 , 0.0110003 , 0.0101015
0.01086 , 0.0108634 , 0.0103802
0.01086 , 0.0110179 , 0.0105286
0.01086 , 0.0106209 , 0.011811
0.01086 , 0.010797 , 0.00960282
0.01086 , 0.0105899 , 0.0103802
0.01086 , 0.0109656 , 0.010238
0.01086 , 0.0108134 , 0.0108466
0.01086 , 0.010748 , 0.0108466
0.01086 , 0.0107319 , 0.0113899
0.01086 , 0.011107 , 0.0115935
0.01086 , 0.0109311 , 0.0113899
0.01086 , 0.0108971 , 0.00960282
0.01086 , 0.0108971 , 0.0105286
0.01086 , 0.0108134 , 0.0106838
0.01086 , 0.0107806 , 0.0110179
0.01086 , 0.0106838 , 0.0110179
0.01086 , 0.0110179 , 0.0101015
0.01086 , 0.0105286 , 0.0115935
0.01086 , 0.0108634 , 0.0122975
0.01086 , 0.0109311 , 0.00984339
0.01086 , 0.010797 , 0.0122975
0.01086 , 0.0107806 , 0.0108466
