0.00941188 , 0.00949514 , 0.00989019
0.00941188 , 0.00916767 , 0.00989019
0.00941188 , 0.00899937 , 0.00989019
0.00941188 , 0.00941936 , 0.00923756
0.00941188 , 0.00921409 , 0.00948238
0.00941188 , 0.00933321 , 0.00890245
0.00941188 , 0.00927309 , 0.00948238
0.00941188 , 0.00941936 , 0.00912192
0.00941188 , 0.00927309 , 0.00935758
0.00941188 , 0.00952081 , 0.00879804
0.00941188 , 0.00966597 , 0.00869685
0.00941188 , 0.00922581 , 0.00879804
0.00941188 , 0.0090545 , 0.0105372
0.00941188 , 0.0096257 , 0.00890245
0.00941188 , 0.00928502 , 0.00901032
0.00941188 , 0.00944441 , 0.00890245
0.00941188 , 0.00904339 , 0.00961239
0.00941188 , 0.00899937 , 0.00935758
0.00941188 , 0.00927309 , 0.0105372
0.00941188 , 0.00976205 , 0.00974813
0.00941188 , 0.00912192 , 0.0109236
0.00941188 , 0.0090545 , 0.0100393
0.00941188 , 0.0095467 , 0.0100393
0.00941188 , 0.00924936 , 0.0100393
0.00941188 , 0.00932109 , 0.00948238
0.00941188 , 0.00915617 , 0.00923756
0.00941188 , 0.00921409 , 0.00989019
0.00941188 , 0.00957281 , 0.00869685
0.00941188 , 0.00898846 , 0.00890245
0.00941188 , 0.00969311 , 0.00961239
0.00941188 , 0.00949514 , 0.00948238
0.00941188 , 0.00977602 , 0.00989019
0.00941188 , 0.00944441 , 0.00948238
0.00941188 , 0.00969311 , 0.00869685
0.00941188 , 0.00936984 , 0.00901032
0.00941188 , 0.00940691 , 0.00912192
0.00941188 , 0.00928502 , 0.00850325
0.00941188 , 0.00935758 , 0.00901032
0.00941188 , 0.00957281 , 0.00879804
0.00941188 , 0.00946967 , 0.00948238
0.00941188 , 0.00933321 , 0.0103617
0.00941188 , 0.00949514 , 0.00912192
0.00941188 , 0.00936984 , 0.00912192
0.00941188 , 0.00901032 , 0.00989019
0.00941188 , 0.0093945 , 0.00935758
0.00941188 , 0.00935758 , 0.0103617
0.00941188 , 0.00938215 , 0.00841048
0.00941188 , 0.00974813 , 0.00912192
0.00941188 , 0.00940691 , 0.0101961
0.00941188 , 0.00952081 , 0.00912192
0.00941188 , 0.00923756 , 0.0105372
0.00941188 , 0.00923756 , 0.00923756
0.00941188 , 0.00967951 , 0.00961239
0.00941188 , 0.00945702 , 0.00859865
0.00941188 , 0.00970678 , 0.010724
0.00941188 , 0.00957281 , 0.00912192
0.00941188 , 0.00933321 , 0.00823217
0.00941188 , 0.00898846 , 0.0105372
0.00941188 , 0.00927309 , 0.00961239
0.00941188 , 0.00936984 , 0.00890245
0.00941188 , 0.00953373 , 0.00879804
0.00941188 , 0.009297 , 0.00989019
0.00941188 , 0.00961239 , 0.00912192
0.00941188 , 0.00958595 , 0.00923756
0.00941188 , 0.00955973 , 0.0100393
0.00941188 , 0.00961239 , 0.00841048
0.00941188 , 0.00979006 , 0.00974813
0.00941188 , 0.00965249 , 0.0103617
0.00941188 , 0.00950795 , 0.00923756
0.00941188 , 0.00955973 , 0.00859865
0.00941188 , 0.00928502 , 0.00948238
0.00941188 , 0.00959914 , 0.00935758
0.00941188 , 0.0093945 , 0.00961239
0.00941188 , 0.00940691 , 0.00974813
0.00941188 , 0.00938215 , 0.00948238
0.00941188 , 0.00950795 , 0.00806258
0.00941188 , 0.00940691 , 0.0105372
0.00941188 , 0.00957281 , 0.00923756
0.00941188 , 0.00934537 , 0.00961239
0.00941188 , 0.0096257 , 0.0100393
0.00941188 , 0.00945702 , 0.0100393
0.00941188 , 0.00927309 , 0.00989019
0.00941188 , 0.0093945 , 0.00989019
0.00941188 , 0.00912192 , 0.00961239
0.00941188 , 0.00945702 , 0.00961239
0.00941188 , 0.00946967 , 0.00948238
0.00941188 , 0.00930902 , 0.0101961
0.00941188 , 0.00948238 , 0.00912192
0.00941188 , 0.00928502 , 0.00935758
0.00941188 , 0.00961239 , 0.010724
0.00941188 , 0.00966597 , 0.00923756
0.00941188 , 0.0093945 , 0.00974813
0.00941188 , 0.0096257 , 0.00948238
0.00941188 , 0.00950795 , 0.00912192
0.00941188 , 0.00916767 , 0.00961239
0.00941188 , 0.00945702 , 0.0105372
0.00941188 , 0.00965249 , 0.00974813
0.00941188 , 0.00948238 , 0.00989019
0.00941188 , 0.00928502 , 0.00901032
0.00941188 , 0.00915617 , 0.00912192
