0.00903406 , 0.00931319 , 0.00846456
0.00903406 , 0.00899934 , 0.00833217
0.00903406 , 0.00919733 , 0.00970218
0.00903406 , 0.00910516 , 0.0089148
0.00903406 , 0.00899934 , 0.0089148
0.00903406 , 0.00894824 , 0.0109424
0.00903406 , 0.00921622 , 0.00875464
0.00903406 , 0.00906933 , 0.00875464
0.00903406 , 0.00941457 , 0.00820691
0.00903406 , 0.00903406 , 0.00970218
0.00903406 , 0.00899934 , 0.00860502
0.00903406 , 0.00896514 , 0.0094777
0.00903406 , 0.00914157 , 0.0092739
0.00903406 , 0.00935319 , 0.00875464
0.00903406 , 0.00908718 , 0.00860502
0.00903406 , 0.00910516 , 0.00908718
0.00903406 , 0.00898218 , 0.00995224
0.00903406 , 0.00925451 , 0.0092739
0.00903406 , 0.00893146 , 0.0094777
0.00903406 , 0.00881736 , 0.0089148
0.00903406 , 0.00914157 , 0.00970218
0.00903406 , 0.00901663 , 0.00820691
0.00903406 , 0.00899934 , 0.00860502
0.00903406 , 0.00898218 , 0.00970218
0.00903406 , 0.00935319 , 0.00833217
0.00903406 , 0.00899934 , 0.00833217
0.00903406 , 0.00905163 , 0.00908718
0.00903406 , 0.00917859 , 0.0094777
0.00903406 , 0.00901663 , 0.00995224
0.00903406 , 0.00893146 , 0.0102347
0.00903406 , 0.00903406 , 0.0094777
0.00903406 , 0.00916 , 0.00908718
0.00903406 , 0.00914157 , 0.00766435
0.00903406 , 0.00908718 , 0.0102347
0.00903406 , 0.0094777 , 0.0092739
0.00903406 , 0.00884937 , 0.00908718
0.00903406 , 0.00883331 , 0.0092739
0.00903406 , 0.00873923 , 0.0094777
0.00903406 , 0.00867861 , 0.0089148
0.00903406 , 0.00916 , 0.00995224
0.00903406 , 0.00916 , 0.00820691
0.00903406 , 0.00937346 , 0.00875464
0.00903406 , 0.00888185 , 0.0109424
0.00903406 , 0.00903406 , 0.00875464
0.00903406 , 0.00899934 , 0.00875464
0.00903406 , 0.00896514 , 0.0094777
0.00903406 , 0.00941457 , 0.00908718
0.00903406 , 0.00893146 , 0.00908718
0.00903406 , 0.00921622 , 0.0094777
0.00903406 , 0.00925451 , 0.00995224
0.00903406 , 0.00894824 , 0.0094777
0.00903406 , 0.00908718 , 0.00820691
0.00903406 , 0.00898218 , 0.0094777
0.00903406 , 0.00861955 , 0.0089148
0.00903406 , 0.00916 , 0.00797483
0.00903406 , 0.00873923 , 0.00820691
0.00903406 , 0.0089148 , 0.0105596
0.00903406 , 0.00893146 , 0.00908718
0.00903406 , 0.0093331 , 0.00833217
0.00903406 , 0.00937346 , 0.0092739
0.00903406 , 0.00889827 , 0.00970218
0.00903406 , 0.00894824 , 0.00860502
0.00903406 , 0.00931319 , 0.00995224
0.00903406 , 0.00925451 , 0.00908718
0.00903406 , 0.00884937 , 0.00970218
0.00903406 , 0.00939392 , 0.00846456
0.00903406 , 0.00899934 , 0.00846456
0.00903406 , 0.00896514 , 0.00875464
0.00903406 , 0.00884937 , 0.00875464
0.00903406 , 0.00923528 , 0.00820691
0.00903406 , 0.00888185 , 0.0105596
0.00903406 , 0.00916 , 0.00797483
0.00903406 , 0.00905163 , 0.0094777
0.00903406 , 0.00935319 , 0.00995224
0.00903406 , 0.00912329 , 0.00908718
0.00903406 , 0.00921622 , 0.0094777
0.00903406 , 0.00901663 , 0.0089148
0.00903406 , 0.00884937 , 0.00995224
0.00903406 , 0.00919733 , 0.00820691
0.00903406 , 0.00893146 , 0.00860502
0.00903406 , 0.00906933 , 0.00995224
0.00903406 , 0.00906933 , 0.0094777
0.00903406 , 0.00886556 , 0.00797483
0.00903406 , 0.00901663 , 0.00846456
0.00903406 , 0.00878578 , 0.00908718
0.00903406 , 0.00923528 , 0.00908718
0.00903406 , 0.00916 , 0.0094777
0.00903406 , 0.00894824 , 0.0105596
0.00903406 , 0.00916 , 0.0092739
0.00903406 , 0.00903406 , 0.0094777
0.00903406 , 0.00899934 , 0.0102347
0.00903406 , 0.00881736 , 0.0092739
0.00903406 , 0.00914157 , 0.00875464
0.00903406 , 0.0093331 , 0.00908718
0.00903406 , 0.00931319 , 0.00833217
0.00903406 , 0.00925451 , 0.00908718
0.00903406 , 0.00888185 , 0.0094777
0.00903406 , 0.0086637 , 0.00995224
0.00903406 , 0.00919733 , 0.00970218
0.00903406 , 0.00906933 , 0.0094777
