0.0113944 , 0.0116642 , 0.0107439
0.0113944 , 0.0115876 , 0.0113078
0.0113944 , 0.0120995 , 0.0107439
0.0113944 , 0.0109506 , 0.0113078
0.0113944 , 0.0111814 , 0.00937417
0.0113944 , 0.0111212 , 0.0120995
0.0113944 , 0.0124161 , 0.0134473
0.0113944 , 0.0107936 , 0.0120995
0.0113944 , 0.0106954 , 0.0113078
0.0113944 , 0.0112436 , 0.0113078
0.0113944 , 0.0111814 , 0.0120995
0.0113944 , 0.011827 , 0.00937417
0.0113944 , 0.0113741 , 0.00994495
0.0113944 , 0.0116642 , 0.0113078
0.0113944 , 0.011827 , 0.00963958
0.0113944 , 0.0114427 , 1
0.0113944 , 0.0113741 , 0.0113078
0.0113944 , 0.0113741 , 0.0120995
0.0113944 , 0.0113741 , 0.0113078
0.0113944 , 0.0117439 , 0.0113078
0.0113944 , 0.011827 , 0.0120995
0.0113944 , 0.0109506 , 0.00994495
0.0113944 , 0.0119137 , 0.0107439
0.0113944 , 0.0119137 , 0.0120995
0.0113944 , 0.0115138 , 0.0120995
0.0113944 , 0.0120995 , 0.0107439
0.0113944 , 0.0113741 , 0.00994495
0.0113944 , 0.0107439 , 0.0107439
0.0113944 , 0.0117439 , 1
0.0113944 , 0.0120044 , 1
0.0113944 , 0.0115138 , 0.0120995
0.0113944 , 0.0115138 , 0.0120995
0.0113944 , 0.0113078 , 0.0103049
0.0113944 , 0.0115138 , 0.0120995
0.0113944 , 0.0110627 , 0.0103049
0.0113944 , 0.0117439 , 0.0120995
0.0113944 , 0.0112436 , 0.0107439
0.0113944 , 0.0119137 , 0.0113078
0.0113944 , 0.0109506 , 0.0134473
0.0113944 , 0.0117439 , 0.0120995
0.0113944 , 0.0115138 , 0.0134473
0.0113944 , 0.0116642 , 0.0113078
0.0113944 , 0.0108446 , 0.0120995
0.0113944 , 0.0119137 , 0.00937417
0.0113944 , 0.0113741 , 0.0107439
0.0113944 , 0.0115876 , 1
0.0113944 , 0.0110627 , 0.0113078
0.0113944 , 0.0112436 , 0.0113078
0.0113944 , 0.0115138 , 0.0120995
0.0113944 , 0.011827 , 0.0107439
0.0113944 , 0.0114427 , 0.0113078
0.0113944 , 0.0110059 , 0.0134473
0.0113944 , 0.0119137 , 0.0120995
0.0113944 , 0.0119137 , 0.0120995
0.0113944 , 0.0117439 , 0.0120995
0.0113944 , 0.0110627 , 0.0134473
0.0113944 , 0.0113741 , 0.0120995
0.0113944 , 0.0113078 , 0.0113078
0.0113944 , 0.0113741 , 0.00994495
0.0113944 , 0.0114427 , 0.0120995
0.0113944 , 0.0114427 , 0.0134473
0.0113944 , 0.0121995 , 0.00994495
0.0113944 , 0.0111212 , 0.0120995
0.0113944 , 0.0112436 , 0.0120995
0.0113944 , 0.0114427 , 0.0120995
0.0113944 , 0.0115876 , 0.0120995
0.0113944 , 0.011827 , 0.00994495
0.0113944 , 0.0111814 , 0.0120995
0.0113944 , 0.0113741 , 0.0103049
0.0113944 , 0.0115876 , 0.0134473
0.0113944 , 0.0112436 , 0.0103049
0.0113944 , 0.0115138 , 0.0134473
0.0113944 , 0.0110627 , 0.0134473
0.0113944 , 0.0111212 , 0.0120995
0.0113944 , 0.0109506 , 0.0134473
0.0113944 , 0.0107936 , 0.0113078
0.0113944 , 0.011827 , 0.0120995
0.0113944 , 0.0113078 , 0.0120995
0.0113944 , 0.0113741 , 0.0134473
0.0113944 , 0.0111212 , 0.0107439
0.0113944 , 0.0116642 , 0.0120995
0.0113944 , 0.0116642 , 0.0120995
0.0113944 , 0.0117439 , 0.0107439
0.0113944 , 0.0113741 , 0.0107439
0.0113944 , 0.0113741 , 0.0120995
0.0113944 , 0.0108446 , 0.0134473
0.0113944 , 0.0113741 , 0.0113078
0.0113944 , 0.0111212 , 0.0120995
0.0113944 , 0.0116642 , 0.0120995
0.0113944 , 0.0115876 , 0.0113078
0.0113944 , 0.0112436 , 0.0107439
0.0113944 , 0.011827 , 0.0120995
0.0113944 , 0.0116642 , 0.0120995
0.0113944 , 0.0116642 , 0.0107439
0.0113944 , 0.0111212 , 0.0113078
0.0113944 , 0.0110059 , 0.0113078
0.0113944 , 0.0116642 , 0.0113078
0.0113944 , 0.0108969 , 0.00937417
0.0113944 , 0.0114427 , 0.0103049
0.0113944 , 0.0115876 , 0.0120995
