0.0123558 , 0.0122241 , 0.0127055
0.0123558 , 0.0127055 , 1
0.0123558 , 0.0128986 , 1
0.0123558 , 0.0119612 , 1
0.0123558 , 0.012371 , 0.0114321
0.0123558 , 0.0125307 , 1
0.0123558 , 0.0117312 , 1
0.0123558 , 0.0133589 , 0.0127055
0.0123558 , 0.0125307 , 0.0127055
0.0123558 , 0.0125307 , 1
0.0123558 , 0.012088 , 0.0127055
0.0123558 , 0.0127055 , 1
0.0123558 , 0.0127055 , 0.0106843
0.0123558 , 0.0122241 , 0.0114321
0.0123558 , 0.0122241 , 0.0127055
0.0123558 , 0.0119612 , 0.0127055
0.0123558 , 0.0127055 , 0.0114321
0.0123558 , 0.012088 , 0.0127055
0.0123558 , 0.0119612 , 1
0.0123558 , 0.0127055 , 0.0114321
0.0123558 , 0.0119612 , 0.0127055
0.0123558 , 0.0122241 , 0.0127055
0.0123558 , 0.012088 , 0.0127055
0.0123558 , 0.0125307 , 0.0127055
0.0123558 , 0.0125307 , 1
0.0123558 , 0.012371 , 0.00973754
0.0123558 , 0.0122241 , 0.0114321
0.0123558 , 0.0127055 , 0.0127055
0.0123558 , 0.012088 , 0.0106843
0.0123558 , 0.0128986 , 0.0114321
0.0123558 , 0.0122241 , 0.0127055
0.0123558 , 0.012371 , 0.0127055
0.0123558 , 0.0125307 , 0.0127055
0.0123558 , 0.0122241 , 0.0114321
0.0123558 , 0.012371 , 0.0127055
0.0123558 , 0.0118426 , 0.0127055
0.0123558 , 0.0128986 , 0.0106843
0.0123558 , 0.0122241 , 0.0127055
0.0123558 , 0.0125307 , 1
0.0123558 , 0.0128986 , 1
0.0123558 , 0.0122241 , 0.0114321
0.0123558 , 0.0122241 , 0.0114321
0.0123558 , 0.0115265 , 1
0.0123558 , 0.0125307 , 1
0.0123558 , 0.0115265 , 0.0127055
0.0123558 , 0.0125307 , 0.0127055
0.0123558 , 0.0139745 , 0.0101519
0.0123558 , 0.0128986 , 0.0101519
0.0123558 , 0.0127055 , 0.0127055
0.0123558 , 0.0117312 , 0.0127055
0.0123558 , 0.0131144 , 1
0.0123558 , 0.0119612 , 0.0114321
0.0123558 , 0.0127055 , 0.00973754
0.0123558 , 0.0128986 , 0.0127055
0.0123558 , 0.0125307 , 1
0.0123558 , 0.0131144 , 0.0114321
0.0123558 , 0.011626 , 0.0127055
0.0123558 , 0.0127055 , 0.0106843
0.0123558 , 0.011626 , 0.0106843
0.0123558 , 0.0117312 , 0.0127055
0.0123558 , 0.0125307 , 0.0127055
0.0123558 , 0.0136411 , 1
0.0123558 , 0.0128986 , 0.00973754
0.0123558 , 0.0127055 , 0.0127055
0.0123558 , 0.0127055 , 0.0127055
0.0123558 , 0.0127055 , 0.0127055
0.0123558 , 0.0122241 , 0.0127055
0.0123558 , 0.0125307 , 0.0127055
0.0123558 , 0.012371 , 0.0127055
0.0123558 , 0.0128986 , 0.0127055
0.0123558 , 0.0136411 , 1
0.0123558 , 0.0115265 , 0.0114321
0.0123558 , 0.0125307 , 0.0127055
0.0123558 , 0.0131144 , 1
0.0123558 , 0.0118426 , 0.0127055
0.0123558 , 0.012371 , 0.0106843
0.0123558 , 0.0128986 , 0.0127055
0.0123558 , 0.0122241 , 1
0.0123558 , 0.0131144 , 0.0127055
0.0123558 , 0.012371 , 1
0.0123558 , 0.0125307 , 0.0127055
0.0123558 , 0.012088 , 0.0127055
0.0123558 , 0.012088 , 0.0127055
0.0123558 , 0.012371 , 0.0106843
0.0123558 , 0.0119612 , 0.0114321
0.0123558 , 0.0122241 , 0.0114321
0.0123558 , 0.0119612 , 0.0101519
0.0123558 , 0.0127055 , 0.0106843
0.0123558 , 0.0127055 , 0.0127055
0.0123558 , 0.012371 , 0.0127055
0.0123558 , 0.0117312 , 0.0114321
0.0123558 , 0.012371 , 0.0127055
0.0123558 , 0.0118426 , 0.0127055
0.0123558 , 0.0122241 , 0.0114321
0.0123558 , 0.0127055 , 1
0.0123558 , 0.012371 , 0.0127055
0.0123558 , 0.0128986 , 0.0127055
0.0123558 , 0.0122241 , 0.0127055
0.0123558 , 0.0128986 , 0.0114321
0.0123558 , 0.0131144 , 0.0114321
