0.0101987 , 0.009702 , 0.0104087
0.0101987 , 0.0100144 , 1
0.0101987 , 0.00990293 , 1
0.0101987 , 0.009702 , 0.00936593
0.0101987 , 0.009702 , 0.00936593
0.0101987 , 0.0102655 , 1
0.0101987 , 0.010567 , 0.0104087
0.0101987 , 0.010567 , 0.0104087
0.0101987 , 0.0107439 , 1
0.0101987 , 0.010567 , 0.00875418
0.0101987 , 0.0102655 , 1
0.0101987 , 0.0101347 , 0.0104087
0.0101987 , 0.0101347 , 0.0104087
0.0101987 , 0.0107439 , 0.00936593
0.0101987 , 0.0100144 , 0.0104087
0.0101987 , 0.0109443 , 1
0.0101987 , 0.010567 , 0.00936593
0.0101987 , 0.0107439 , 0.00936593
0.0101987 , 0.0102655 , 1
0.0101987 , 0.0107439 , 1
0.0101987 , 0.011449 , 0.0104087
0.0101987 , 0.0102655 , 1
0.0101987 , 0.0104087 , 0.0104087
0.0101987 , 0.0102655 , 0.0104087
0.0101987 , 0.0100144 , 0.0104087
0.0101987 , 0.0107439 , 0.00936593
0.0101987 , 0.010567 , 0.00936593
0.0101987 , 0.0101347 , 0.0104087
0.0101987 , 0.00990293 , 1
0.0101987 , 0.00979913 , 0.00831903
0.0101987 , 0.0100144 , 1
0.0101987 , 0.0104087 , 0.00875418
0.0101987 , 0.0100144 , 1
0.0101987 , 0.0104087 , 1
0.0101987 , 0.0100144 , 0.0104087
0.0101987 , 0.0104087 , 1
0.0101987 , 0.009702 , 0.0104087
0.0101987 , 0.0102655 , 0.00875418
0.0101987 , 0.00990293 , 1
0.0101987 , 0.00979913 , 1
0.0101987 , 0.0111756 , 1
0.0101987 , 0.0111756 , 0.0104087
0.0101987 , 0.0104087 , 0.00936593
0.0101987 , 0.0109443 , 0.00936593
0.0101987 , 0.010567 , 0.00936593
0.0101987 , 0.0101347 , 0.0104087
0.0101987 , 0.00990293 , 0.00936593
0.0101987 , 0.00990293 , 0.0104087
0.0101987 , 0.0100144 , 0.00875418
0.0101987 , 0.0104087 , 0.0104087
0.0101987 , 0.010567 , 0.00936593
0.0101987 , 0.00979913 , 1
0.0101987 , 0.0102655 , 1
0.0101987 , 0.00990293 , 0.0104087
0.0101987 , 0.00990293 , 0.0104087
0.0101987 , 0.0104087 , 0.00936593
0.0101987 , 0.0109443 , 1
0.0101987 , 0.0111756 , 0.0104087
0.0101987 , 0.0109443 , 0.00875418
0.0101987 , 0.0100144 , 1
0.0101987 , 0.00944322 , 0.0104087
0.0101987 , 0.0100144 , 0.0104087
0.0101987 , 0.0104087 , 0.0104087
0.0101987 , 0.0100144 , 1
0.0101987 , 0.0102655 , 0.0104087
0.0101987 , 0.010567 , 0.0104087
0.0101987 , 0.0102655 , 0.0104087
0.0101987 , 0.0102655 , 1
0.0101987 , 0.00990293 , 1
0.0101987 , 0.0109443 , 1
0.0101987 , 0.009702 , 0.0104087
0.0101987 , 0.010567 , 0.00936593
0.0101987 , 0.0101347 , 0.00936593
0.0101987 , 0.0107439 , 0.00936593
0.0101987 , 0.0102655 , 1
0.0101987 , 0.010567 , 0.00936593
0.0101987 , 0.00952466 , 0.0104087
0.0101987 , 0.0104087 , 0.00936593
0.0101987 , 0.00990293 , 1
0.0101987 , 0.0102655 , 1
0.0101987 , 0.0107439 , 0.00936593
0.0101987 , 0.00990293 , 0.00936593
0.0101987 , 0.0104087 , 0.00936593
0.0101987 , 0.0109443 , 0.0104087
0.0101987 , 0.0104087 , 0.00936593
0.0101987 , 0.0100144 , 1
0.0101987 , 0.0104087 , 0.00936593
0.0101987 , 0.010567 , 1
0.0101987 , 0.0102655 , 0.00875418
0.0101987 , 0.010567 , 1
0.0101987 , 0.0109443 , 0.0104087
0.0101987 , 0.0102655 , 1
0.0101987 , 0.0101347 , 0.0104087
0.0101987 , 0.010567 , 0.0104087
0.0101987 , 0.0109443 , 0.0104087
0.0101987 , 0.00979913 , 1
0.0101987 , 0.0104087 , 0.0104087
0.0101987 , 0.010567 , 1
0.0101987 , 0.0101347 , 1
0.0101987 , 0.0101347 , 0.0104087
