0.00879755 , 0.00847547 , 0.00896097
0.00879755 , 0.00889063 , 0.00795963
0.00879755 , 0.0093754 , 0.0083758
0.00879755 , 0.00896097 , 0.00795963
0.00879755 , 0.0083758 , 1
0.00879755 , 0.00807251 , 0.00896097
0.00879755 , 0.00882354 , 0.00995866
0.00879755 , 0.00842478 , 0.00995866
0.00879755 , 0.00889063 , 0.00995866
0.00879755 , 0.00889063 , 0.0083758
0.00879755 , 0.00842478 , 0.00995866
0.00879755 , 0.00911282 , 0.00896097
0.00879755 , 0.00896097 , 0.00995866
0.00879755 , 0.00889063 , 1
0.00879755 , 0.0093754 , 0.00896097
0.00879755 , 0.00823802 , 1
0.00879755 , 0.00919516 , 0.0083758
0.00879755 , 0.00919516 , 0.00714677
0.00879755 , 0.0093754 , 0.00795963
0.00879755 , 0.0093754 , 0.00995866
0.00879755 , 0.00819485 , 1
0.00879755 , 0.00882354 , 0.00896097
0.00879755 , 0.0083758 , 1
0.00879755 , 0.00847547 , 0.00896097
0.00879755 , 0.0086391 , 0.00795963
0.00879755 , 0.00919516 , 0.0083758
0.00879755 , 0.00889063 , 0.00795963
0.00879755 , 0.00858249 , 0.0083758
0.00879755 , 0.008528 , 0.00763611
0.00879755 , 0.00889063 , 0.0083758
0.00879755 , 0.0086391 , 0.00995866
0.00879755 , 0.00869802 , 1
0.00879755 , 0.00828251 , 1
0.00879755 , 0.00911282 , 0.00896097
0.00879755 , 0.0086391 , 0.00995866
0.00879755 , 0.00847547 , 0.00795963
0.00879755 , 0.00919516 , 0.00737121
0.00879755 , 0.00919516 , 1
0.00879755 , 0.00882354 , 0.00896097
0.00879755 , 0.00911282 , 0.00795963
0.00879755 , 0.00896097 , 0.0083758
0.00879755 , 0.00928247 , 0.0083758
0.00879755 , 0.008528 , 0.00896097
0.00879755 , 0.00958135 , 0.00896097
0.00879755 , 0.00911282 , 0.0083758
0.00879755 , 0.00889063 , 0.00795963
0.00879755 , 0.00882354 , 0.00995866
0.00879755 , 0.00911282 , 0.00995866
0.00879755 , 0.00875942 , 0.00896097
0.00879755 , 0.00828251 , 0.00896097
0.00879755 , 0.008528 , 0.00896097
0.00879755 , 0.00869802 , 0.00896097
0.00879755 , 0.00928247 , 0.00896097
0.00879755 , 0.00919516 , 0.00995866
0.00879755 , 0.00911282 , 0.00795963
0.00879755 , 0.00903491 , 0.00896097
0.00879755 , 0.008528 , 0.00896097
0.00879755 , 0.00889063 , 0.00995866
0.00879755 , 0.00919516 , 0.00896097
0.00879755 , 0.00947471 , 0.00896097
0.00879755 , 0.00882354 , 0.00763611
0.00879755 , 0.00947471 , 0.00896097
0.00879755 , 0.00928247 , 0.00995866
0.00879755 , 0.0083758 , 1
0.00879755 , 0.00882354 , 0.00995866
0.00879755 , 0.00869802 , 0.0083758
0.00879755 , 0.00903491 , 1
0.00879755 , 0.00882354 , 0.00737121
0.00879755 , 0.00911282 , 0.00896097
0.00879755 , 0.00928247 , 0.0083758
0.00879755 , 0.00875942 , 0.0083758
0.00879755 , 0.00858249 , 1
0.00879755 , 0.00903491 , 0.00795963
0.00879755 , 0.00882354 , 0.00737121
0.00879755 , 0.00947471 , 0.0083758
0.00879755 , 0.00875942 , 0.0083758
0.00879755 , 0.00842478 , 0.00995866
0.00879755 , 0.00911282 , 0.0083758
0.00879755 , 0.00911282 , 0.0083758
0.00879755 , 0.00889063 , 0.00995866
0.00879755 , 0.00919516 , 0.00896097
0.00879755 , 0.00858249 , 0.00795963
0.00879755 , 0.00882354 , 0.00995866
0.00879755 , 0.00919516 , 0.00714677
0.00879755 , 0.00847547 , 0.0083758
0.00879755 , 0.00889063 , 0.00995866
0.00879755 , 0.00875942 , 0.00763611
0.00879755 , 0.00875942 , 0.00795963
0.00879755 , 0.00858249 , 0.00896097
0.00879755 , 0.00869802 , 1
0.00879755 , 0.00896097 , 1
0.00879755 , 0.00903491 , 0.0083758
0.00879755 , 0.00889063 , 0.00795963
0.00879755 , 0.00903491 , 0.00995866
0.00879755 , 0.00875942 , 1
0.00879755 , 0.00889063 , 0.00896097
0.00879755 , 0.00903491 , 0.0083758
0.00879755 , 0.0093754 , 0.00795963
0.00879755 , 0.00911282 , 0.00995866
0.00879755 , 0.0096965 , 0.0083758
