0.0135179 , 0 , 0.0479921
0.0135179 , 0.0531433 , 0.169123
0.0135179 , 0.0379648 , 0.237145
0.0135179 , 0 , 0.237145
0.0135179 , 0.0144165 , 0.0479921
0.0135179 , 0 , 0.237145
0.0135179 , 0 , 0
0.0135179 , 0 , 0.169123
0.0135179 , 0.0691702 , 0.0479921
0.0135179 , 0.0330848 , 0.237145
0.0135179 , 0.0429333 , 0.237145
0.0135179 , 0 , 0.0479921
0.0135179 , 0.110082 , 0.334137
0.0135179 , 0 , 0.0479921
0.0135179 , 0.0747096 , 0
0.0135179 , 0 , 0.388902
0.0135179 , 0.175958 , 0.237145
0.0135179 , 0.122667 , 0
0.0135179 , 0.0189587 , 0.00127474
0.0135179 , 0 , 0.00127474
0.0135179 , 0.0691702 , 0
0.0135179 , 0 , 0
0.0135179 , 0.196552 , 0
0.0135179 , 0.169123 , 0.334137
0.0135179 , 0.0379648 , 0.237145
0.0135179 , 0.0637304 , 0
0.0135179 , 0.00127474 , 0.103934
0.0135179 , 0.0429333 , 0
0.0135179 , 0.0583887 , 0
0.0135179 , 0.0429333 , 0.334137
0.0135179 , 0 , 0
0.0135179 , 0 , 0
0.0135179 , 0.0860927 , 0.237145
0.0135179 , 0.0330848 , 0.334137
0.0135179 , 0 , 0.363964
0.0135179 , 0 , 0.169123
0.0135179 , 0 , 0.169123
0.0135179 , 0.0235832 , 0
0.0135179 , 0.16232 , 0.294396
0.0135179 , 0.0531433 , 0.334137
0.0135179 , 0.00127474 , 0
0.0135179 , 0 , 0.237145
0.0135179 , 0.00127474 , 0.0479921
0.0135179 , 0.0282915 , 0.294396
0.0135179 , 0.00557538 , 0.00127474
0.0135179 , 0.122667 , 0
0.0135179 , 0.0189587 , 0.237145
0.0135179 , 0.0189587 , 0.169123
0.0135179 , 0 , 0
0.0135179 , 0.0429333 , 0.169123
0.0135179 , 0.0919377 , 0.334137
0.0135179 , 0.0330848 , 0
0.0135179 , 0.0235832 , 0
0.0135179 , 0.122667 , 0
0.0135179 , 0.0803502 , 0
0.0135179 , 0.0330848 , 0.0479921
0.0135179 , 0.00557538 , 0
0.0135179 , 0.175958 , 0
0.0135179 , 0.0429333 , 0
0.0135179 , 0 , 0.388902
0.0135179 , 0.0803502 , 0.237145
0.0135179 , 0.0189587 , 0
0.0135179 , 0.0282915 , 0.237145
0.0135179 , 0.0282915 , 0
0.0135179 , 0 , 0
0.0135179 , 0 , 0
0.0135179 , 0.00557538 , 0
0.0135179 , 0.103934 , 0
0.0135179 , 0 , 0.103934
0.0135179 , 0.0637304 , 0
0.0135179 , 0 , 0.237145
0.0135179 , 0.0531433 , 0
0.0135179 , 0 , 0.103934
0.0135179 , 0.0691702 , 0.103934
0.0135179 , 0.0235832 , 0.103934
0.0135179 , 0.0583887 , 0.334137
0.0135179 , 0.0803502 , 0.237145
0.0135179 , 0 , 0.237145
0.0135179 , 0 , 0
0.0135179 , 0 , 0.103934
0.0135179 , 0 , 0.237145
0.0135179 , 0 , 0.43269
0.0135179 , 0 , 0
0.0135179 , 0.0379648 , 0.00127474
0.0135179 , 0.16232 , 0.334137
0.0135179 , 0 , 0
0.0135179 , 0 , 0
0.0135179 , 0.0189587 , 0.237145
0.0135179 , 0 , 0
0.0135179 , 0.0479921 , 0.0479921
0.0135179 , 0 , 0.237145
0.0135179 , 0.0235832 , 0.169123
0.0135179 , 0.0379648 , 0
0.0135179 , 0.00557538 , 0.0479921
0.0135179 , 0.00995574 , 0
0.0135179 , 0.135605 , 0.294396
0.0135179 , 0 , 0.237145
0.0135179 , 0.0747096 , 0
0.0135179 , 0.0189587 , 0.0479921
0.0135179 , 0 , 0
