0.00903609 , 0.00997265 , 0.0081705
0.00903609 , 0.0106806 , 0.0113987
0.00903609 , 0.00906258 , 0.00468146
0.00903609 , 0.0112875 , 0.0108454
0.00903609 , 0.00932839 , 0.0108454
0.00903609 , 0.00874567 , 0.0113987
0.00903609 , 0.0105163 , 0.0184316
0.00903609 , 0.0075516 , 0.00869307
0.00903609 , 0.0112321 , 0.0102981
0.00903609 , 0.00911562 , 0.00516258
0.00903609 , 0.00932839 , 0.00373524
0.00903609 , 0.0102981 , 0.00101791
0.00903609 , 0.0106806 , 0.00373524
0.00903609 , 0.00885106 , 0.00420573
0.00903609 , 0.00906258 , 0.0097569
0.00903609 , 0.00663978 , 0.00420573
0.00903609 , 0.00827452 , 0.0172173
0.00903609 , 0.00997265 , 0.0142486
0.00903609 , 0.0106258 , 0.0061416
0.00903609 , 0.010571 , 0.0097569
0.00903609 , 0.00938173 , 0.0119578
0.00903609 , 0.0111213 , 0.0142486
0.00903609 , 0.00739827 , 0.00765414
0.00903609 , 0.00954215 , 0.0097569
0.00903609 , 0.00724548 , 0.00663978
0.00903609 , 0.00775691 , 0.00765414
0.00903609 , 0.0107355 , 0.00564925
0.00903609 , 0.00791155 , 0.0184316
0.00903609 , 0.00959574 , 0.00190372
0.00903609 , 0.00932839 , 0.00714392
0.00903609 , 0.00822248 , 0.0081705
0.00903609 , 0.00869307 , 0.00714392
0.00903609 , 0.00827452 , 0.0142486
0.00903609 , 0.00837878 , 0.0061416
0.00903609 , 0.00991862 , 0.0119578
0.00903609 , 0.0060921 , 0.0081705
0.00903609 , 0.0105163 , 0.0113987
0.00903609 , 0.00890385 , 0.00663978
0.00903609 , 0.0078084 , 0.00922188
0.00903609 , 0.0060921 , 0.0081705
0.00903609 , 0.00775691 , 0.0130927
0.00903609 , 0.0107355 , 0.0136682
0.00903609 , 0.00922188 , 0.00516258
0.00903609 , 0.00900961 , 0.0125225
0.00903609 , 0.00832662 , 0.0125225
0.00903609 , 0.00948861 , 0.00516258
0.00903609 , 0.00981075 , 0.000153232
0.00903609 , 0.00943514 , 0.00326988
0.00903609 , 0.0115658 , 0.00145827
0.00903609 , 0.00922188 , 0.0125225
0.00903609 , 0.00714392 , 0.0172173
0.00903609 , 0.00714392 , 0.00516258
0.00903609 , 0.0109005 , 0.0160175
0.00903609 , 0.0084833 , 0.0130927
0.00903609 , 0.0119016 , 0.0184316
0.00903609 , 0.00822248 , 0.0061416
0.00903609 , 0.00837878 , 0.0081705
0.00903609 , 0.0109556 , 0.0142486
0.00903609 , 0.0109005 , 0.0097569
0.00903609 , 0.00843101 , 0.00663978
0.00903609 , 0.00922188 , 0.0154235
0.00903609 , 0.00869307 , 0.0108454
0.00903609 , 0.00879834 , 0.000582809
0.00903609 , 0.0107355 , 0.00468146
0.00903609 , 0.00765414 , 0.0125225
0.00903609 , 0.0122395 , 0.0102981
0.00903609 , 0.00885106 , 0.0142486
0.00903609 , 0.00775691 , 0.0154235
0.00903609 , 0.00858806 , 0.00922188
0.00903609 , 0.00954215 , 0.0130927
0.00903609 , 0.00694154 , 0.0130927
0.00903609 , 0.010571 , 0.0108454
0.00903609 , 0.00765414 , 0.00420573
0.00903609 , 0.00916872 , 0.00869307
0.00903609 , 0.0096494 , 0.00765414
0.00903609 , 0.0092751 , 0.00922188
0.00903609 , 0.0125225 , 0.00869307
0.00903609 , 0.00970312 , 0.0097569
0.00903609 , 0.0103526 , 0.0102981
0.00903609 , 0.0119016 , 0.0061416
0.00903609 , 0.00911562 , 0.00714392
0.00903609 , 0.0068911 , 0.0081705
0.00903609 , 0.00811859 , 0.00922188
0.00903609 , 0.0100809 , 0.0081705
0.00903609 , 0.00827452 , 0.00869307
0.00903609 , 0.0103526 , 0.0097569
0.00903609 , 0.0105163 , 0.0172173
0.00903609 , 0.0117334 , 0.00663978
0.00903609 , 0.00938173 , 0.000582809
0.00903609 , 0.00560033 , 0.00922188
0.00903609 , 0.00827452 , 0.0148338
0.00903609 , 0.00791155 , 0.0113987
0.00903609 , 0.0107904 , 0.00564925
0.00903609 , 0.00943514 , 0.00714392
0.00903609 , 0.00906258 , 0.0136682
0.00903609 , 0.0084833 , 0.0148338
0.00903609 , 0.00991862 , 0.0119578
0.00903609 , 0.00837878 , 0.0113987
0.00903609 , 0.00959574 , 0.0061416
0.00903609 , 0.00796321 , 0.00714392
