0.0104402 , 0.0326097
0.0133846 , 0.0347323
0.0144278 , 0.0354873
0.00937221 , 0.0318426
0.0096852 , 0.0320673
0.00671837 , 0.0299421
0.0096852 , 0.0320673
0.0097479 , 0.0321123
0.0102509 , 0.0324736
0.00745221 , 0.0304668
0.0097479 , 0.0321123
0.00757502 , 0.0305547
0.00993625 , 0.0322476
0.00520613 , 0.0288622
0.0164111 , 0.0369273
0.0135144 , 0.0348262
0.00751359 , 0.0305108
0.0101249 , 0.0323831
0.010883 , 0.0329282
0.0137095 , 0.0349673
0.00677932 , 0.0299856
0.00739085 , 0.0304229
0.00955989 , 0.0319773
0.0135144 , 0.0348262
0.00739085 , 0.0304229
0.012287 , 0.0339397
0.00751359 , 0.0305108
0.0125443 , 0.0341253
0.00962252 , 0.0320223
0.00714581 , 0.0302477
0.00708464 , 0.0302039
0.0070235 , 0.0301602
0.00665745 , 0.0298985
0.0152168 , 0.0360594
0.0096852 , 0.0320673
0.0135144 , 0.0348262
0.0119663 , 0.0337084
0.0108197 , 0.0328826
0.0115189 , 0.033386
0.0126731 , 0.0342183
0.00800601 , 0.0308632
0.010693 , 0.0327915
0.00775951 , 0.0306868
0.0141007 , 0.0352504
0.00520613 , 0.0288622
0.00943473 , 0.0318875
0.0107563 , 0.032837
0.0110734 , 0.0330652
0.0120945 , 0.0338008
0.00825309 , 0.0310402
0.00617139 , 0.0295512
0.008749 , 0.0313956
0.00981065 , 0.0321574
0.0108197 , 0.0328826
0.00856276 , 0.0312621
0.00987343 , 0.0322024
0.0107563 , 0.032837
0.0131901 , 0.0345917
0.0109465 , 0.0329738
0.00843878 , 0.0311732
0.0102509 , 0.0324736
0.0110734 , 0.0330652
0.0139049 , 0.0351087
0.00962252 , 0.0320223
0.00538643 , 0.0289909
0.00623202 , 0.0295946
0.00538643 , 0.0289909
0.00856276 , 0.0312621
0.00769798 , 0.0306427
0.00751359 , 0.0305108
0.008749 , 0.0313956
0.00775951 , 0.0306868
0.00924727 , 0.0317529
0.0115189 , 0.033386
0.0123513 , 0.033986
0.0107563 , 0.032837
0.00924727 , 0.0317529
0.0128021 , 0.0343114
0.0118383 , 0.0336161
0.0117104 , 0.033524
0.0114552 , 0.0333401
0.00659657 , 0.029855
0.0070235 , 0.0301602
0.0117744 , 0.03357
0.00751359 , 0.0305108
0.0104402 , 0.0326097
0.00788268 , 0.0307749
0.0136445 , 0.0349202
0.0119663 , 0.0337084
0.0129313 , 0.0344047
0.0117104 , 0.033524
0.0115827 , 0.033432
0.00580835 , 0.029292
0.0110734 , 0.0330652
0.00586877 , 0.0293351
0.00930972 , 0.0317978
0.00955989 , 0.0319773
0.0107563 , 0.032837
0.0113915 , 0.0332942
0.0159451 , 0.0365884
