1 , 1
1 , 1
1 , 1
1 , 1
1 , 1
1 , 1
1 , 1
1 , 1
1 , 1
1 , 1
1 , 1
1 , 1
1 , 1
1 , 1
1 , 1
1 , 1
0.00826244 , 0.00826244
1 , 1
1 , 1
1 , 1
1 , 1
1 , 1
1 , 1
1 , 1
0.00728829 , 0.00728829
1 , 1
1 , 1
1 , 1
1 , 1
1 , 1
1 , 1
1 , 1
1 , 1
1 , 1
1 , 1
1 , 1
1 , 1
1 , 1
1 , 1
1 , 1
1 , 1
1 , 1
1 , 1
1 , 1
1 , 1
1 , 1
1 , 1
1 , 1
1 , 1
1 , 1
1 , 1
1 , 1
1 , 1
1 , 1
1 , 1
1 , 1
1 , 1
1 , 1
1 , 1
1 , 1
1 , 1
1 , 1
1 , 1
1 , 1
1 , 1
1 , 1
1 , 1
1 , 1
1 , 1
1 , 1
1 , 1
1 , 1
1 , 1
1 , 1
0.00405791 , 0.00405791
1 , 1
1 , 1
1 , 1
0.00965079 , 0.00965079
1 , 1
1 , 1
1 , 1
1 , 1
1 , 1
1 , 1
1 , 1
1 , 1
1 , 1
1 , 1
1 , 1
1 , 1
1 , 1
1 , 1
1 , 1
1 , 1
0.00323048 , 0.00323048
1 , 1
1 , 1
1 , 1
1 , 1
