0.0107702 , 0.0107189 , 0.0104281
0.00907435 , 0.0091313 , 0.00988133
0.0109599 , 0.0111618 , 0.0095723
0.00980493 , 0.00968411 , 0.00898967
0.00984146 , 0.00979764 , 0.00977687
0.00981118 , 0.0097149 , 0.0104281
0.0101341 , 0.0100194 , 0.0102042
0.0107786 , 0.0108753 , 0.0110231
0.00967387 , 0.00975615 , 0.00988133
0.00958845 , 0.00972519 , 0.00827287
0.00999482 , 0.00946213 , 0.00998734
0.0110581 , 0.0112387 , 0.0110231
0.010529 , 0.0105082 , 0.00998734
0.0106609 , 0.0102818 , 0.0111491
0.00898967 , 0.00911227 , 0.00862364
0.0108534 , 0.0109365 , 0.0121125
0.0100809 , 0.00982891 , 0.00977687
0.0108449 , 0.0110107 , 0.0106597
0.0107906 , 0.0108267 , 0.0116802
0.010491 , 0.0101713 , 0.0105429
0.00976857 , 0.00990241 , 0.00967387
0.0101822 , 0.0103602 , 0.00947208
0.00995643 , 0.00953205 , 0.0100949
0.0108716 , 0.0107786 , 0.0106597
0.0102252 , 0.00980805 , 0.0100949
0.00988554 , 0.0100087 , 0.0119648
0.00927843 , 0.00919827 , 0.0104281
0.00966876 , 0.00956221 , 0.00988133
0.00977687 , 0.00975615 , 0.0103153
0.00977479 , 0.00979764 , 0.00880462
0.00987292 , 0.0100409 , 0.0114088
0.0114528 , 0.0112906 , 0.0119648
0.00931931 , 0.00918867 , 0.00967387
0.010787 , 0.010601 , 0.00998734
0.00940172 , 0.00952202 , 0.00871364
0.00953305 , 0.0095723 , 0.00862364
0.0106057 , 0.0103265 , 0.0108997
0.0102097 , 0.0103153 , 0.0104281
0.00943632 , 0.00962291 , 0.0095723
0.0100055 , 0.00980805 , 0.0102042
0.0112581 , 0.011625 , 0.00977687
0.010264 , 0.0105661 , 0.0111491
0.0102573 , 0.00977687 , 0.0103153
0.0101188 , 0.0103602 , 0.00988133
0.0093115 , 0.00956221 , 0.00761021
0.0102108 , 0.0102484 , 0.0108997
0.0103636 , 0.0104509 , 0.0112776
0.00988239 , 0.00987082 , 0.00967387
0.0111148 , 0.0109119 , 0.0108997
0.00890588 , 0.00882294 , 0.00889662
0.0100098 , 0.0100733 , 0.0112776
0.00933494 , 0.00931443 , 0.00977687
0.0098143 , 0.0101494 , 0.0102042
0.00964835 , 0.00953205 , 0.00917908
0.00934374 , 0.00918867 , 0.00889662
0.00931736 , 0.00927552 , 0.00937317
0.0099991 , 0.00984984 , 0.0102042
0.0109193 , 0.0107308 , 0.0108997
0.009504 , 0.00927552 , 0.0102042
0.00977687 , 0.00965345 , 0.00898967
0.00976857 , 0.00975615 , 0.00889662
0.00997667 , 0.0100087 , 0.00862364
0.0088957 , 0.00909329 , 0.00844647
0.0106762 , 0.0104054 , 0.0102042
0.00988028 , 0.00944227 , 0.0105429
0.00942048 , 0.00946213 , 0.00835924
0.0095834 , 0.00944227 , 0.00988133
0.00971593 , 0.00958239 , 0.00998734
0.00989397 , 0.00969436 , 0.00967387
0.010145 , 0.0106362 , 0.00977687
0.00953305 , 0.00928523 , 0.00977687
0.00990452 , 0.0101058 , 0.0105429
0.0108522 , 0.0105313 , 0.0110231
0.0100798 , 0.0103153 , 0.00880462
0.00954309 , 0.00948204 , 0.00908381
0.00873448 , 0.00849923 , 0.00853459
0.00907908 , 0.00909329 , 0.00880462
0.0107894 , 0.0109488 , 0.0110231
0.00978932 , 0.00966365 , 0.0107786
0.00894673 , 0.00882294 , 0.00871364
0.00918867 , 0.00947208 , 0.00871364
0.00908855 , 0.0095925 , 0.00862364
0.0107906 , 0.0109488 , 0.0112776
0.0102929 , 0.0104281 , 0.0100949
0.00895046 , 0.00905545 , 0.00801871
0.0102296 , 0.0101603 , 0.00927552
0.0102662 , 0.0105777 , 0.0108997
0.00952703 , 0.00977687 , 0.00889662
0.0109377 , 0.0116525 , 0.0110231
0.0108292 , 0.0107308 , 0.0108997
0.00961073 , 0.00979764 , 0.0106597
0.00906867 , 0.00907435 , 0.00967387
0.0109463 , 0.0109611 , 0.0108997
0.00988028 , 0.0100194 , 0.00937317
0.00967899 , 0.00964325 , 0.0106597
0.00945319 , 0.00947208 , 0.00998734
0.010601 , 0.0107427 , 0.0105429
0.0105348 , 0.00983937 , 0.00947208
0.0108692 , 0.0112001 , 0.0106597
0.0103433 , 0.0105429 , 0.011543
