0.00912235 , 0.00919347 , 0.00980379
0.00981718 , 0.00978714 , 0.00964178
0.00986631 , 0.00985436 , 0.00997626
0.0113652 , 0.0114459 , 0.011066
0.00882532 , 0.00893869 , 0.00883118
0.0103571 , 0.0103591 , 0.00997626
0.0104238 , 0.0103182 , 0.011353
0.0112664 , 0.011039 , 0.0137074
0.00933864 , 0.00926099 , 0.00948895
0.0109494 , 0.0109082 , 0.0103591
0.00854905 , 0.0088904 , 0.00895089
0.0101741 , 0.00988862 , 0.00948895
0.0107644 , 0.0107119 , 0.0124878
0.010512 , 0.0104643 , 0.0101607
0.0100194 , 0.00975415 , 0.011353
0.0105076 , 0.0104217 , 0.00948895
0.00902022 , 0.00879623 , 0.00907593
0.00887726 , 0.00891444 , 0.00849955
0.00980379 , 0.00992333 , 0.00948895
0.0104945 , 0.0109082 , 0.011353
0.0138126 , 0.0138713 , 0.0146686
0.00892169 , 0.00892654 , 0.00948895
0.0102187 , 0.0103182 , 0.0101607
0.00901021 , 0.00906317 , 0.00934427
0.0112198 , 0.0115098 , 0.0120494
0.0114522 , 0.0118937 , 0.011353
0.0103448 , 0.0107119 , 0.011677
0.0105185 , 0.0109338 , 0.0101607
0.00851526 , 0.00877317 , 0.00883118
0.00964335 , 0.00967341 , 0.00871632
0.00993383 , 0.0097378 , 0.0105739
0.0108577 , 0.0114459 , 0.0103591
0.011484 , 0.0116088 , 0.0124878
0.0104451 , 0.0105739 , 0.0103591
0.0108378 , 0.0104643 , 0.00997626
0.0101741 , 0.0100485 , 0.00964178
0.00993383 , 0.00988862 , 0.0108082
0.0104175 , 0.0103798 , 0.0105739
0.0106674 , 0.0108828 , 0.00997626
0.0104579 , 0.010298 , 0.0101607
0.00905681 , 0.00908875 , 0.00849955
0.00927745 , 0.0093584 , 0.00907593
0.00856502 , 0.00827842 , 0.00801894
0.0102128 , 0.0104429 , 0.011353
0.0111798 , 0.0109338 , 0.0105739
0.0100394 , 0.0097378 , 0.011066
0.0110687 , 0.0108577 , 0.0101607
0.00908105 , 0.00912756 , 0.00934427
0.00965754 , 0.00967341 , 0.00997626
0.0107524 , 0.0104429 , 0.0108082
0.00985777 , 0.0097378 , 0.00997626
0.0114365 , 0.011177 , 0.0120494
0.00959656 , 0.00947414 , 0.0108082
0.010353 , 0.0101607 , 0.011677
0.0110417 , 0.011039 , 0.0137074
0.00984417 , 0.00965754 , 0.00948895
0.0101703 , 0.0100854 , 0.00980379
0.00877546 , 0.00855224 , 0.00768295
0.00922703 , 0.00911456 , 0.00980379
0.0098374 , 0.0100303 , 0.011353
0.010762 , 0.0108328 , 0.0120494
0.00989553 , 0.0097378 , 0.00934427
0.00878698 , 0.00883118 , 0.00820195
0.00860265 , 0.00844781 , 0.00829785
0.00976236 , 0.00972156 , 0.0103591
0.00997447 , 0.0098374 , 0.0108082
0.00982054 , 0.00994086 , 0.00849955
0.0110176 , 0.0111209 , 0.0105739
0.00855649 , 0.00861675 , 0.00964178
0.0101876 , 0.0100485 , 0.00948895
0.010282 , 0.0099585 , 0.0103591
0.0082959 , 0.00845808 , 0.00745278
0.012963 , 0.0123936 , 0.0137074
0.00993734 , 0.00967341 , 0.00980379
0.010276 , 0.0102581 , 0.011353
0.0109702 , 0.0108828 , 0.0120494
0.00946971 , 0.00959502 , 0.0105739
0.00876399 , 0.00853105 , 0.00849955
0.00981886 , 0.0100669 , 0.0105739
0.00981048 , 0.00988862 , 0.0103591
0.0102167 , 0.0103591 , 0.0108082
0.00952184 , 0.00950385 , 0.0086059
0.00863201 , 0.00869389 , 0.00907593
0.00876628 , 0.00845808 , 0.00907593
0.0100357 , 0.00992333 , 0.00997626
0.010276 , 0.0103798 , 0.0105739
0.0095445 , 0.00947414 , 0.00871632
0.00918681 , 0.0092747 , 0.00934427
0.0105942 , 0.0103386 , 0.00997626
0.0108677 , 0.0115098 , 0.011353
0.00959811 , 0.00956429 , 0.00920684
0.00986802 , 0.00994086 , 0.00934427
0.0106535 , 0.0105295 , 0.0120494
0.0094462 , 0.00972156 , 0.00920684
0.0101003 , 0.0104859 , 0.00980379
0.00965596 , 0.00931623 , 0.00920684
0.0101531 , 0.0101417 , 0.0101607
0.00970863 , 0.00975415 , 0.011353
0.00937545 , 0.00938688 , 0.00964178
0.0105098 , 0.0104643 , 0.011353
