0.0129986 , 0.0127938 , 0.0113078
0.0109344 , 0.0112436 , 0.0113078
0.0100429 , 0.0102658 , 0.0107439
0.00947362 , 0.00961143 , 0.00937417
0.0135468 , 0.0132623 , 0.0134473
0.00977436 , 0.00963958 , 0.0103049
0.00805733 , 0.0079275 , 0.00873713
0.0101863 , 0.00994495 , 0.0103049
0.00978347 , 0.00991225 , 0.00892846
0.00958642 , 0.00963958 , 0.0103049
0.00913928 , 0.00898948 , 0.00892846
0.00925571 , 0.00875549 , 0.00937417
0.0115211 , 0.0117439 , 0.0107439
0.00958642 , 0.00969709 , 0.00963958
0.00981105 , 0.00981723 , 0.00937417
0.0108394 , 0.0107439 , 0.0120995
0.0110284 , 0.0111814 , 0.0120995
0.0106527 , 0.0108969 , 0.0113078
0.00919097 , 0.00905235 , 0.00873713
0.0100568 , 0.0104691 , 0.00963958
0.0104436 , 0.0103853 , 0.00994495
0.0110627 , 0.0108446 , 0.0134473
0.0112819 , 0.0112436 , 0.0113078
0.0113274 , 0.0111212 , 0.0113078
0.00875549 , 0.00886919 , 0.00963958
0.0089669 , 0.00892846 , 0.00824994
0.00910189 , 0.00916159 , 0.00892846
0.012169 , 0.0121995 , 0.0134473
0.0104949 , 0.010648 , 1
0.0109236 , 0.0104691 , 1
0.00997483 , 0.00969709 , 0.0113078
0.0118526 , 0.0117439 , 0.0113078
0.00916384 , 0.0091172 , 0.00994495
0.00967967 , 0.00975627 , 0.00994495
0.00937666 , 0.00952924 , 0.00892846
0.00903118 , 0.00884981 , 0.00840016
0.011896 , 0.011827 , 0.0107439
0.00947362 , 0.0091172 , 0.00963958
0.0119315 , 0.0127938 , 0.0113078
0.0085975 , 0.0084957 , 0.00762521
0.00942201 , 0.00969709 , 0.0103049
0.0106063 , 0.0100813 , 0.0113078
0.00853185 , 0.0088306 , 0.00856189
0.00857369 , 0.00844739 , 0.00937417
0.010262 , 0.0105123 , 0.0134473
0.00970293 , 0.00975627 , 0.0113078
0.010648 , 0.0103853 , 0.0107439
0.0111814 , 0.0108446 , 0.0107439
0.0107686 , 0.0105123 , 0.00963958
0.00802054 , 0.00812327 , 0.00840016
0.0100602 , 0.01019 , 0.00937417
0.0090144 , 0.00890852 , 0.00913928
0.013316 , 0.0130933 , 0.0134473
0.012129 , 0.0125341 , 0.0120995
0.00984841 , 0.00963958 , 0.00913928
0.00876288 , 0.008683 , 0.00810964
0.00983588 , 0.010012 , 0.00873713
0.00835854 , 0.00854515 , 0.00773656
0.011231 , 0.0115138 , 0.0113078
0.0101385 , 0.0100463 , 0.00963958
0.010967 , 0.0113078 , 0.0107439
0.0110227 , 0.0107936 , 0.0107439
0.00822257 , 0.00817864 , 0.00762521
1 , 1 , 1
0.0103608 , 0.0105123 , 0.0107439
0.0107488 , 0.0110627 , 0.00994495
0.0118101 , 0.0116642 , 0.0134473
0.0104394 , 0.0103447 , 0.00994495
0.0108343 , 0.0111814 , 0.0120995
0.00951853 , 0.00972646 , 0.0103049
0.0119585 , 0.0117439 , 0.0113078
0.00957266 , 0.00975627 , 0.00873713
0.0131425 , 0.0126596 , 1
0.00958091 , 0.00901023 , 0.00913928
0.010239 , 0.00994495 , 0.00937417
0.00926042 , 0.00937417 , 0.00856189
0.0117767 , 0.0113078 , 0.0103049
0.0100743 , 0.00975627 , 0.0107439
0.0116179 , 0.0116642 , 0.0113078
0.0110398 , 0.0108446 , 0.0107439
0.0101458 , 0.0102658 , 0.0107439
0.0145366 , 0.0152218 , 1
0.00868657 , 0.00873713 , 0.00913928
0.0101641 , 0.0104691 , 0.0107439
0.00825139 , 0.00861294 , 0.00913928
0.00978957 , 0.00994495 , 0.00994495
0.0123156 , 0.0120044 , 0.0134473
0.012169 , 0.0126596 , 0.0103049
0.00943993 , 0.00939921 , 0.00892846
0.00986735 , 0.00947623 , 0.00937417
0.0110976 , 0.0113741 , 0.0120995
0.0130933 , 0.0132623 , 1
0.0123708 , 0.0126596 , 0.0134473
0.00914818 , 0.00898948 , 0.00892846
0.00980797 , 0.00988008 , 0.00937417
0.00996482 , 0.0102276 , 0.00994495
0.00924634 , 0.00930084 , 0.00913928
0.00990901 , 0.010012 , 0.0107439
0.012169 , 0.0124161 , 0.0113078
0.0109452 , 0.0108969 , 0.0107439
