0.0090616 , 0.00926512 , 0.00962189
0.00886155 , 0.00873958 , 0.00800119
0.00792766 , 0.00796581 , 0.00753073
0.00988645 , 0.0095362 , 0.0108346
0.018803 , 1 , 1
0.00929775 , 0.00941495 , 0.00890804
0.00951128 , 0.00937629 , 0.0108346
0.0134268 , 0.012928 , 1
0.00898318 , 0.0090616 , 0.00962189
0.0108086 , 0.010924 , 0.0101261
0.0130477 , 0.0124288 , 1
0.0101203 , 0.00995925 , 0.0108346
0.00975396 , 0.0100132 , 0.0101261
0.0104946 , 0.0105163 , 0.0101261
0.00865578 , 0.00848964 , 0.0101261
0.00958711 , 0.00933846 , 0.0108346
0.00981652 , 0.00980675 , 0.00890804
0.00941495 , 0.0097587 , 0.00922955
0.01033 , 0.0103105 , 0.00890804
0.00971654 , 0.00945445 , 0.0101261
0.00979703 , 0.00949486 , 0.0101261
0.00903929 , 0.0086103 , 0.00922955
0.01033 , 0.0103105 , 0.0101261
0.00934973 , 0.00919468 , 0.0101261
0.0093535 , 0.00933846 , 0.00922955
0.0103832 , 0.0110183 , 0.00962189
0.0117388 , 0.0117243 , 1
0.00906481 , 0.00919468 , 0.00890804
0.00857814 , 0.00831189 , 0.00863542
0.0117388 , 0.0118756 , 1
0.0120587 , 0.0118756 , 1
0.0135463 , 0.014129 , 1
0.015575 , 0.0136308 , 1
1 , 1 , 1
0.00968897 , 0.00941495 , 0.00922955
0.00974924 , 0.00985614 , 0.00922955
0.0097682 , 0.00990694 , 0.0101261
0.0107661 , 0.0108346 , 0.0120412
0.00856837 , 0.00816942 , 0.00962189
0.0158636 , 1 , 1
0.00969354 , 0.0095362 , 0.00922955
0.00931245 , 0.0091269 , 0.00922955
0.00830555 , 0.00829084 , 0.00783073
0.0110476 , 0.0112235 , 0.0120412
0.0118135 , 0.0122243 , 1
0.0106446 , 0.0105906 , 0.0108346
0.00807778 , 0.00800119 , 0.00839859
0.0105309 , 0.0111179 , 0.0120412
0.00944251 , 0.00930142 , 0.00922955
0.0099018 , 0.0097587 , 0.00922955
0.00908094 , 0.00909395 , 0.00962189
0.00868155 , 0.00846645 , 0.0081891
0.0105383 , 0.0102469 , 0.00890804
0.0114811 , 0.0108346 , 0.0101261
0.0092016 , 0.0090616 , 0.00890804
0.0101976 , 0.0101261 , 0.0120412
0.0117683 , 0.0120412 , 0.0101261
0.00884159 , 0.00909395 , 0.00962189
0.0092437 , 0.00945445 , 0.00839859
0.0099434 , 0.00949486 , 0.0120412
0.00950716 , 0.00962189 , 0.0101261
0.00861279 , 0.00863542 , 0.00890804
0.0104241 , 0.00995925 , 0.0120412
0.0140722 , 0.014129 , 1
0.00894672 , 0.00893772 , 0.00922955
0.00953202 , 0.00966633 , 0.00890804
0.0104874 , 0.0105163 , 0.0120412
0.013588 , 1 , 0.0120412
0.0124506 , 0.0118756 , 1
0.0181047 , 1 , 1
0.0119564 , 0.012928 , 1
0.0112345 , 0.0110183 , 0.0108346
0.0107745 , 0.0103764 , 0.0108346
0.00940715 , 0.00945445 , 0.0101261
0.0124506 , 0.0124288 , 0.0120412
0.00917407 , 0.00890804 , 0.00922955
0.0099434 , 0.00971191 , 0.0108346
0.0096175 , 0.0095362 , 0.0120412
0.0127627 , 0.0136308 , 1
0.00979703 , 0.00980675 , 0.0108346
0.00911695 , 0.00887885 , 0.00922955
0.00940715 , 0.00980675 , 0.0101261
0.00944251 , 0.00930142 , 0.0108346
0.0126856 , 0.0122243 , 1
0.0132441 , 0.0148305 , 0.0120412
0.00829503 , 0.00833318 , 0.00890804
0.0114811 , 0.0117243 , 0.0108346
1 , 1 , 1
0.0108787 , 0.0112235 , 0.0120412
0.0102594 , 0.00980675 , 0.0120412
0.0169098 , 0.0148305 , 1
0.0120763 , 0.0122243 , 1
0.00943459 , 0.00899859 , 0.00962189
0.0103832 , 0.0101261 , 0.00962189
0.011407 , 0.011456 , 0.0120412
0.0133149 , 0.014129 , 0.0120412
0.00982142 , 0.0101261 , 0.0108346
0.0103764 , 0.0101261 , 0.0108346
0.0102657 , 0.0100687 , 0.00962189
0.00993291 , 0.00957853 , 0.0120412
