0.00936549 , 0.00872051 , 0.00916597
1 , 1 , 1
0.0117618 , 0.0122051 , 1
1 , 1 , 1
1 , 1 , 1
1 , 1 , 1
1 , 1 , 1
0.00916597 , 0.00963769 , 0.00916597
1 , 1 , 1
1 , 1 , 1
0.010109 , 0.0107567 , 0.00916597
1 , 1 , 1
0.00840227 , 0.00862911 , 0.00824772
0.0102215 , 0.0100823 , 0.00824772
1 , 1 , 1
1 , 1 , 1
1 , 1 , 1
1 , 1 , 1
1 , 1 , 1
0.00694874 , 0.00678552 , 0.00678552
1 , 1 , 1
1 , 1 , 1
0.00924783 , 0.010377 , 0.00916597
0.0101924 , 0.0107567 , 0.00770932
0.00677222 , 0.00659852 , 0.00678552
0.0110511 , 0.0107567 , 1
0.00899255 , 0.00984143 , 0.00770932
0.00886005 , 0.00946114 , 1
1 , 1 , 1
1 , 1 , 1
1 , 1 , 1
1 , 1 , 1
0.0108958 , 0.0112916 , 1
0.00890277 , 0.00854359 , 0.00824772
0.0126749 , 0.0122051 , 1
1 , 1 , 1
1 , 1 , 1
0.0105915 , 0.0100823 , 1
1 , 1 , 1
1 , 1 , 1
1 , 1 , 1
1 , 1 , 1
0.00898099 , 0.00854359 , 0.00770932
1 , 1 , 1
1 , 1 , 1
0.00839484 , 0.00872051 , 1
1 , 1 , 1
1 , 1 , 1
0.0143228 , 0.0122051 , 1
1 , 1 , 1
0.00981959 , 0.00946114 , 0.00916597
1 , 1 , 1
0.00988623 , 0.00916597 , 0.00824772
0.0115059 , 0.0122051 , 1
1 , 1 , 1
1 , 1 , 1
1 , 1 , 1
1 , 1 , 1
1 , 1 , 1
0.0107135 , 0.0122051 , 1
1 , 1 , 1
0.00924783 , 0.00984143 , 0.00824772
0.00923383 , 0.00946114 , 0.00916597
0.0097981 , 0.0107567 , 1
1 , 1 , 1
1 , 1 , 1
0.00782014 , 0.00800577 , 0.00732653
1 , 1 , 1
0.00827452 , 0.00881866 , 0.00732653
1 , 1 , 1
1 , 1 , 1
1 , 1 , 1
1 , 1 , 1
0.0077049 , 0.00789947 , 0.00916597
1 , 1 , 1
0.0066723 , 0.00674168 , 0.00770932
1 , 1 , 1
1 , 1 , 1
1 , 1 , 1
0.0122051 , 0.010377 , 1
1 , 1 , 1
1 , 1 , 1
1 , 1 , 1
0.00977695 , 0.00930536 , 1
1 , 1 , 1
0.00722708 , 0.00758258 , 0.00916597
1 , 1 , 1
1 , 1 , 1
0.0109973 , 0.0112916 , 1
1 , 1 , 1
1 , 1 , 1
1 , 1 , 1
1 , 1 , 1
1 , 1 , 1
1 , 1 , 1
1 , 1 , 1
1 , 1 , 1
1 , 1 , 1
1 , 1 , 1
0.00990921 , 0.00946114 , 1
