0.0334782 , 0.108536
0.0212607 , 0.106193
0.0299313 , 0.107863
0.0265764 , 0.107221
0.0268095 , 0.107266
0.0167591 , 0.105307
0.0262973 , 0.107168
0.0239078 , 0.106707
0.024546 , 0.106831
0.0289766 , 0.107681
0.02588 , 0.107088
0.0269029 , 0.107284
0.0298834 , 0.107854
0.0339714 , 0.10863
0.028171 , 0.107527
0.0303633 , 0.107945
0.0296919 , 0.107817
0.0333797 , 0.108518
0.0310384 , 0.108073
0.0303633 , 0.107945
0.028171 , 0.107527
0.022374 , 0.10641
0.0249582 , 0.10691
0.0310867 , 0.108083
0.0234996 , 0.106628
0.0297876 , 0.107835
0.022688 , 0.106471
0.025096 , 0.106937
0.0311835 , 0.108101
0.0256488 , 0.107043
0.0291669 , 0.107717
0.0330848 , 0.108462
0.0241809 , 0.10676
0.0305558 , 0.107982
0.02528 , 0.106972
0.0269496 , 0.107293
0.0266696 , 0.107239
0.0348138 , 0.108789
0.0249123 , 0.106901
0.0241353 , 0.106751
0.0297397 , 0.107826
0.0221504 , 0.106366
0.0360112 , 0.109016
0.028929 , 0.107672
0.0293099 , 0.107744
0.0222398 , 0.106384
0.0231381 , 0.106558
0.0188108 , 0.105712
0.0263903 , 0.107186
0.0283128 , 0.107554
0.0201157 , 0.105969
0.0234996 , 0.106628
0.0312803 , 0.108119
0.0323015 , 0.108313
0.024272 , 0.106778
0.0359111 , 0.108997
0.0220164 , 0.10634
0.029453 , 0.107772
0.0283128 , 0.107554
0.0331339 , 0.108471
0.0225085 , 0.106436
0.0254642 , 0.107008
0.0180791 , 0.105568
0.0269496 , 0.107293
0.0246832 , 0.106857
0.0208187 , 0.106106
0.0276057 , 0.107419
0.0209953 , 0.106141
0.0233187 , 0.106593
0.0323015 , 0.108313
0.0325947 , 0.108369
0.0268095 , 0.107266
0.0241809 , 0.10676
0.0223293 , 0.106401
0.0207746 , 0.106098
0.0239988 , 0.106725
0.0228228 , 0.106497
0.0260653 , 0.107123
0.0287865 , 0.107644
0.035661 , 0.10895
0.0197224 , 0.105892
0.0270431 , 0.107311
0.0272772 , 0.107356
0.0222398 , 0.106384
0.0293099 , 0.107744
0.0232735 , 0.106584
0.0249582 , 0.10691
0.0246374 , 0.106848
0.0296919 , 0.107817
0.0296919 , 0.107817
0.016886 , 0.105332
0.0236809 , 0.106663
0.0309901 , 0.108064
0.0232735 , 0.106584
0.0301711 , 0.107908
0.0259726 , 0.107105
0.0295485 , 0.10779
0.0267628 , 0.107257
0.0170556 , 0.105365
0.0220164 , 0.10634
