0.0556545 , 0.112793
0.0685467 , 0.115468
0.062787 , 0.114241
0.0630031 , 0.114286
0.0601374 , 0.113696
0.0636514 , 0.114422
0.066078 , 0.114935
0.062787 , 0.114241
0.0642993 , 0.114558
0.0697746 , 0.115739
0.0662932 , 0.114981
0.0705726 , 0.115916
0.0586776 , 0.113399
0.0580831 , 0.113279
0.0638134 , 0.114456
0.0632733 , 0.114343
0.0551696 , 0.112696
0.0589479 , 0.113454
0.0631652 , 0.11432
0.0702005 , 0.115833
0.0685467 , 0.115468
0.0683327 , 0.115422
0.0594885 , 0.113563
0.0567871 , 0.113019
0.0592182 , 0.113509
0.0677434 , 0.115293
0.0622464 , 0.114129
0.0650006 , 0.114706
0.0619761 , 0.114073
0.0675825 , 0.115259
0.0636514 , 0.114422
0.0544698 , 0.112558
0.071262 , 0.116071
0.0629491 , 0.114275
0.0654318 , 0.114797
0.0692414 , 0.115621
0.0659165 , 0.1149
0.0669921 , 0.115131
0.0560858 , 0.112879
0.0638674 , 0.114467
0.0647848 , 0.11466
0.0673679 , 0.115212
0.0587857 , 0.113421
0.062841 , 0.114253
0.059867 , 0.113641
0.0629491 , 0.114275
0.0651084 , 0.114729
0.0563555 , 0.112932
0.0630572 , 0.114298
0.0582452 , 0.113312
0.0654318 , 0.114797
0.0669921 , 0.115131
0.0632733 , 0.114343
0.0619761 , 0.114073
0.0584074 , 0.113344
0.0608405 , 0.11384
0.0653779 , 0.114786
0.0680114 , 0.115352
0.0620842 , 0.114096
0.0662394 , 0.114969
0.0638674 , 0.114467
0.0614354 , 0.113962
0.0684932 , 0.115457
0.0650545 , 0.114717
0.0599211 , 0.113652
0.0644072 , 0.114581
0.062787 , 0.114241
0.0658088 , 0.114877
0.0732123 , 0.116516
0.0599752 , 0.113663
0.0615435 , 0.113984
0.0675289 , 0.115247
0.065324 , 0.114774
0.066347 , 0.114992
0.066347 , 0.114992
0.0643532 , 0.114569
0.0641913 , 0.114535
0.0610027 , 0.113873
0.0644612 , 0.114592
0.0653779 , 0.114786
0.0720549 , 0.116251
0.0652162 , 0.114751
0.059056 , 0.113476
0.0617598 , 0.114029
0.0561937 , 0.1129
0.0649466 , 0.114694
0.0636514 , 0.114422
0.0599752 , 0.113663
0.0615976 , 0.113995
0.061868 , 0.114051
0.065324 , 0.114774
0.0657011 , 0.114855
0.0593263 , 0.113531
0.0648927 , 0.114683
0.0604078 , 0.113751
0.0557084 , 0.112804
0.066078 , 0.114935
0.0607864 , 0.113828
0.0672606 , 0.115189
0.0602456 , 0.113718
