0.0863551 , 0.119893
0.0857931 , 0.119731
0.0850382 , 0.119517
0.0877444 , 0.120302
0.0864484 , 0.11992
0.0846108 , 0.119397
0.0861213 , 0.119826
0.0885673 , 0.12055
0.0922185 , 0.121706
0.0865416 , 0.119948
0.0860745 , 0.119812
0.0846584 , 0.11941
0.0814644 , 0.118544
0.0804758 , 0.118286
0.0876524 , 0.120275
0.080277 , 0.118234
0.0853692 , 0.11961
0.0933012 , 0.122067
0.0842291 , 0.11929
0.0893373 , 0.120786
0.0814644 , 0.118544
0.0787236 , 0.11784
0.0851802 , 0.119557
0.0889305 , 0.120661
0.092523 , 0.121806
0.0811688 , 0.118466
0.0843247 , 0.119317
0.0852275 , 0.11957
0.0819062 , 0.11866
0.0839419 , 0.119211
0.0879279 , 0.120357
0.0894724 , 0.120828
0.0893823 , 0.1208
0.0834611 , 0.119079
0.0791265 , 0.117941
0.081366 , 0.118518
0.0885218 , 0.120536
0.0842769 , 0.119304
0.0862616 , 0.119866
0.0851802 , 0.119557
0.0844202 , 0.119344
0.0876524 , 0.120275
0.0818082 , 0.118634
0.0843247 , 0.119317
0.0806743 , 0.118337
0.0794278 , 0.118017
0.0818082 , 0.118634
0.0857461 , 0.119718
0.0811195 , 0.118453
0.0823948 , 0.11879
0.0875144 , 0.120234
0.0828325 , 0.118908
0.0824435 , 0.118804
0.0861681 , 0.119839
0.085887 , 0.119758
0.0817592 , 0.118621
0.0800279 , 0.11817
0.0837979 , 0.119171
0.0857461 , 0.119718
0.0881568 , 0.120426
0.0861213 , 0.119826
0.0898318 , 0.12094
0.0846108 , 0.119397
0.0840856 , 0.119251
0.0854636 , 0.119637
0.0873299 , 0.120179
0.0871451 , 0.120124
0.0804261 , 0.118273
0.0914304 , 0.121448
0.0871913 , 0.120138
0.0794278 , 0.118017
0.0851802 , 0.119557
0.0871451 , 0.120124
0.0832198 , 0.119013
0.0868671 , 0.120043
0.0833164 , 0.119039
0.0809218 , 0.118401
0.0827354 , 0.118882
0.0911219 , 0.121349
0.0897421 , 0.120912
0.0868671 , 0.120043
0.0833164 , 0.119039
0.0800778 , 0.118183
0.0821019 , 0.118712
0.0851802 , 0.119557
0.0892019 , 0.120744
0.0830747 , 0.118974
0.0821508 , 0.118725
0.0892922 , 0.120772
0.0925665 , 0.121821
0.0891567 , 0.12073
0.0883395 , 0.120481
0.0858401 , 0.119745
0.0893823 , 0.1208
0.0919566 , 0.121619
0.0848485 , 0.119463
0.0860277 , 0.119799
0.0879279 , 0.120357
0.0790762 , 0.117929
0.0791768 , 0.117954
