0.0466684 , 0.111043
0.0400012 , 0.109774
0.0454043 , 0.110801
0.0336083 , 0.108564
0.043363 , 0.110412
0.0409267 , 0.109949
0.0450892 , 0.110741
0.0415978 , 0.110076
0.0420636 , 0.110165
0.0385196 , 0.109493
0.0448793 , 0.110701
0.0496919 , 0.111626
0.0418565 , 0.110125
0.0413911 , 0.110037
0.043937 , 0.110521
0.041753 , 0.110106
0.0436237 , 0.110461
0.0456672 , 0.110851
0.0439893 , 0.110531
0.0416495 , 0.110086
0.0400012 , 0.109774
0.0460356 , 0.110922
0.0477261 , 0.111246
0.0418047 , 0.110116
0.0423748 , 0.110224
0.0389781 , 0.10958
0.0388761 , 0.109561
0.045562 , 0.110831
0.0489999 , 0.111492
0.0451942 , 0.110761
0.0388252 , 0.109551
0.0493191 , 0.111553
0.0512935 , 0.111937
0.0420636 , 0.110165
0.0398986 , 0.109754
0.04196 , 0.110145
0.036748 , 0.109158
0.0423748 , 0.110224
0.0486279 , 0.11142
0.0380623 , 0.109407
0.0506521 , 0.111812
0.0469853 , 0.111104
0.0468796 , 0.111084
0.0465101 , 0.111013
0.0452992 , 0.110781
0.0410814 , 0.109978
0.0524182 , 0.112156
0.0413394 , 0.110027
0.0529547 , 0.112261
0.0386214 , 0.109513
0.051133 , 0.111905
0.0360948 , 0.109035
0.0406692 , 0.1099
0.0378594 , 0.109369
0.0474613 , 0.111195
0.0487873 , 0.111451
0.0431025 , 0.110362
0.0447744 , 0.110681
0.0427384 , 0.110293
0.0501717 , 0.111719
0.039489 , 0.109677
0.0440938 , 0.110551
0.0411329 , 0.109988
0.0389781 , 0.10958
0.0517216 , 0.11202
0.0414944 , 0.110057
0.0449842 , 0.110721
0.0448793 , 0.110701
0.0444601 , 0.110621
0.0457198 , 0.110861
0.0410814 , 0.109978
0.0480971 , 0.111318
0.0529547 , 0.112261
0.0494256 , 0.111574
0.0517216 , 0.11202
0.0415461 , 0.110067
0.0454043 , 0.110801
0.0410814 , 0.109978
0.0412878 , 0.110018
0.0387742 , 0.109542
0.0456146 , 0.110841
0.047885 , 0.111277
0.0399499 , 0.109764
0.0429984 , 0.110342
0.0414944 , 0.110057
0.0477261 , 0.111246
0.0390802 , 0.109599
0.0494256 , 0.111574
0.0420118 , 0.110155
0.0386723 , 0.109522
0.0382146 , 0.109436
0.0499584 , 0.111677
0.0444601 , 0.110621
0.0346475 , 0.108761
0.0437281 , 0.110481
0.0445124 , 0.110631
0.0425825 , 0.110263
0.0442507 , 0.110581
0.0477261 , 0.111246
0.0471968 , 0.111144
