0.00736982 , 0.103401
0.00605077 , 0.103126
0.0123012 , 0.104412
0.00775075 , 0.10348
0.010586 , 0.104063
0.00683955 , 0.10329
0.0127049 , 0.104494
0.00909817 , 0.103758
0.0114993 , 0.10425
0.0108234 , 0.104112
0.00744586 , 0.103417
0.00702853 , 0.10333
0.00968238 , 0.103878
0.0109423 , 0.104136
0.00968238 , 0.103878
0.00767442 , 0.103464
0.00886562 , 0.10371
0.0134362 , 0.104642
0.00405932 , 0.102706
0.0128669 , 0.104527
0.00855656 , 0.103647
0.0132325 , 0.104601
0.00775075 , 0.10348
0.0141734 , 0.10479
0.0109423 , 0.104136
0.00691509 , 0.103306
0.0163793 , 0.105231
0.0104282 , 0.104031
0.00999562 , 0.103943
0.00964331 , 0.10387
0.0111408 , 0.104177
0.00695288 , 0.103314
0.0099564 , 0.103935
0.0109423 , 0.104136
0.00960425 , 0.103862
0.00847948 , 0.103631
0.0104676 , 0.104039
0.00413213 , 0.102721
0.0094872 , 0.103838
0.00929246 , 0.103798
0.0114594 , 0.104241
0.00733183 , 0.103393
0.0130292 , 0.10456
0.0141734 , 0.10479
0.00756006 , 0.10344
0.00740783 , 0.103409
0.0145856 , 0.104873
0.0104282 , 0.104031
0.00756006 , 0.10344
0.00909817 , 0.103758
0.0114594 , 0.104241
0.00882693 , 0.103702
0.0112601 , 0.104201
0.012624 , 0.104478
0.0121805 , 0.104388
0.0151658 , 0.104989
0.0119796 , 0.104347
0.00683955 , 0.10329
0.0107046 , 0.104088
0.00771258 , 0.103472
0.00972147 , 0.103886
0.010863 , 0.10412
0.00821024 , 0.103575
0.00871095 , 0.103678
0.010192 , 0.103983
0.0118993 , 0.104331
0.0102313 , 0.103991
0.0112999 , 0.104209
0.0112601 , 0.104201
0.0132325 , 0.104601
0.0105466 , 0.104055
0.0111805 , 0.104185
0.0112601 , 0.104201
0.0145443 , 0.104864
0.00968238 , 0.103878
0.00801847 , 0.103535
0.012948 , 0.104543
0.0111805 , 0.104185
0.0103888 , 0.104023
0.00983886 , 0.10391
0.00752198 , 0.103432
0.010586 , 0.104063
0.0107442 , 0.104096
0.00718003 , 0.103361
0.0127049 , 0.104494
0.0132732 , 0.104609
0.0143381 , 0.104823
0.0118993 , 0.104331
0.00902058 , 0.103742
0.010863 , 0.10412
0.0100741 , 0.103959
0.00944821 , 0.10383
0.0158333 , 0.105122
0.0106651 , 0.104079
0.0124625 , 0.104445
0.00925357 , 0.10379
0.0133139 , 0.104617
0.0110613 , 0.10416
0.00828708 , 0.103591
0.0104282 , 0.104031
