0.00208645 , 0.102284
3.41979e-05 , 0.101838
0 , 0.10183
0.00113891 , 0.102079
0.00198047 , 0.102261
0 , 0.10183
0 , 0.10183
0 , 0.10183
0.00201578 , 0.102269
0 , 0.10183
0.00159338 , 0.102177
0 , 0.10183
0.00254763 , 0.102383
0.000791534 , 0.102003
0.000687702 , 0.101981
0.00190992 , 0.102246
0 , 0.10183
0.00236987 , 0.102345
0 , 0.10183
0.0022989 , 0.10233
0 , 0.10183
0.000584046 , 0.101958
0.000653131 , 0.101973
0.0012784 , 0.102109
0.000999724 , 0.102049
0.00117375 , 0.102086
0.00212181 , 0.102291
0.00103449 , 0.102056
0 , 0.10183
0.000860853 , 0.102018
0.00173387 , 0.102208
0.00183944 , 0.102231
0 , 0.10183
0 , 0.10183
0.000549534 , 0.10195
0.000102653 , 0.101853
0 , 0.10183
0.00208645 , 0.102284
0.00120861 , 0.102094
0.000722294 , 0.101988
0 , 0.10183
0.000791534 , 0.102003
0.00387764 , 0.102667
0.00162848 , 0.102185
0 , 0.10183
0.00113891 , 0.102079
6.84156e-05 , 0.101845
3.41979e-05 , 0.101838
6.84156e-05 , 0.101845
0.000171187 , 0.101868
6.84156e-05 , 0.101845
0.00051504 , 0.101943
0.00113891 , 0.102079
0 , 0.10183
0.00180424 , 0.102223
0.00201578 , 0.102269
0.000102653 , 0.101853
0.00117375 , 0.102086
0 , 0.10183
0.00162848 , 0.102185
0.000895542 , 0.102026
0.00208645 , 0.102284
0.000549534 , 0.10195
0.00103449 , 0.102056
0.000618579 , 0.101966
0.0022989 , 0.10233
0.000308492 , 0.101898
0 , 0.10183
0.00162848 , 0.102185
0.00198047 , 0.102261
0.000618579 , 0.101966
0.00110408 , 0.102071
0 , 0.10183
0.00254763 , 0.102383
0.00169872 , 0.1022
0.00103449 , 0.102056
0.00138322 , 0.102132
0.000480567 , 0.101935
0.00103449 , 0.102056
0.000584046 , 0.101958
0.00159338 , 0.102177
0.00152325 , 0.102162
0.00208645 , 0.102284
0 , 0.10183
0.00051504 , 0.101943
0.000791534 , 0.102003
0.00340742 , 0.102567
0.000860853 , 0.102018
0 , 0.10183
0.00183944 , 0.102231
0.000895542 , 0.102026
0.00201578 , 0.102269
0 , 0.10183
0.00190992 , 0.102246
0 , 0.10183
0.0012435 , 0.102102
0.000480567 , 0.101935
0.00106928 , 0.102064
0.00208645 , 0.102284
0.00208645 , 0.102284
