0.0582452 , 0.113312
0.0623005 , 0.114141
0.0524288 , 0.112156
0.0580291 , 0.113268
0.0546312 , 0.11259
0.053717 , 0.112409
0.054416 , 0.112547
0.052268 , 0.112125
0.0564634 , 0.112954
0.0538782 , 0.112441
0.0503431 , 0.11175
0.0471563 , 0.111134
0.0526969 , 0.112209
0.0524824 , 0.112167
0.0564634 , 0.112954
0.0552773 , 0.112718
0.0430123 , 0.110342
0.057543 , 0.11317
0.0493308 , 0.111553
0.0527506 , 0.112219
0.0583533 , 0.113334
0.0495969 , 0.111605
0.0514115 , 0.111958
0.0524288 , 0.112156
0.0554928 , 0.112761
0.0449974 , 0.110721
0.0480562 , 0.111307
0.0608946 , 0.113851
0.0581912 , 0.113301
0.0545774 , 0.112579
0.0604619 , 0.113762
0.0607323 , 0.113817
0.0540932 , 0.112484
0.0501831 , 0.111719
0.0478442 , 0.111267
0.0534484 , 0.112356
0.0540395 , 0.112473
0.0558162 , 0.112825
0.0529115 , 0.112251
0.0520538 , 0.112083
0.0503964 , 0.11176
0.057759 , 0.113214
0.0531262 , 0.112293
0.0580291 , 0.113268
0.054416 , 0.112547
0.0610027 , 0.113873
0.0594344 , 0.113552
0.0585695 , 0.113377
0.046945 , 0.111094
0.055008 , 0.112664
0.0531799 , 0.112304
0.0549003 , 0.112643
0.0477383 , 0.111246
0.0472092 , 0.111144
0.0630031 , 0.114286
0.0522145 , 0.112114
0.0581912 , 0.113301
0.0556545 , 0.112793
0.0515184 , 0.111978
0.0563555 , 0.112932
0.0547388 , 0.112611
0.0477383 , 0.111246
0.0581372 , 0.11329
0.0480562 , 0.111307
0.0482683 , 0.111348
0.0529652 , 0.112261
0.0499698 , 0.111677
0.0464173 , 0.110992
0.0562476 , 0.112911
0.057543 , 0.11317
0.059056 , 0.113476
0.0551696 , 0.112696
0.0508769 , 0.111853
0.0459958 , 0.110912
0.0471563 , 0.111134
0.0508769 , 0.111853
0.0504498 , 0.11177
0.0521609 , 0.112104
0.0468393 , 0.111073
0.049384 , 0.111564
0.0556545 , 0.112793
0.0455749 , 0.110831
0.0491712 , 0.111523
0.0556006 , 0.112782
0.0548465 , 0.112632
0.0515184 , 0.111978
0.0563555 , 0.112932
0.0493308 , 0.111553
0.0524824 , 0.112167
0.0584614 , 0.113355
0.054147 , 0.112494
0.0500764 , 0.111698
0.057165 , 0.113094
0.0558701 , 0.112836
0.0597048 , 0.113607
0.0462591 , 0.110962
0.057057 , 0.113073
0.0544698 , 0.112558
0.0545236 , 0.112569
0.057543 , 0.11317
