0.014503 , 0.104856
0.0188108 , 0.105712
0.016001 , 0.105156
0.0145443 , 0.104864
0.0229128 , 0.106514
0.0239533 , 0.106716
0.0213936 , 0.106219
0.016253 , 0.105206
0.0213493 , 0.10621
0.0185089 , 0.105653
0.0221057 , 0.106358
0.0188108 , 0.105712
0.0201595 , 0.105977
0.013886 , 0.104732
0.0211721 , 0.106176
0.0187676 , 0.105704
0.0202471 , 0.105995
0.0185089 , 0.105653
0.0170556 , 0.105365
0.017865 , 0.105526
0.0159171 , 0.105139
0.0171829 , 0.105391
0.0286916 , 0.107626
0.018122 , 0.105577
0.0155407 , 0.105064
0.0135178 , 0.104658
0.0218381 , 0.106305
0.0122609 , 0.104404
0.014751 , 0.104906
0.0163372 , 0.105223
0.0149996 , 0.104956
0.0143381 , 0.104823
0.0160849 , 0.105172
0.0157915 , 0.105114
0.0236355 , 0.106654
0.0145443 , 0.104864
0.0166745 , 0.10529
0.0200282 , 0.105952
0.0130292 , 0.10456
0.0166323 , 0.105281
0.016001 , 0.105156
0.019897 , 0.105926
0.0228678 , 0.106506
0.0125432 , 0.104461
0.0234091 , 0.106611
0.0165901 , 0.105273
0.0133546 , 0.104625
0.0177367 , 0.1055
0.0191571 , 0.105781
0.0166745 , 0.10529
0.0170131 , 0.105357
0.018552 , 0.105661
0.0189405 , 0.105738
0.0138041 , 0.104716
0.0189838 , 0.105746
0.0264368 , 0.107195
0.0169708 , 0.105349
0.019766 , 0.1059
0.0181649 , 0.105585
0.0205545 , 0.106055
0.0217936 , 0.106297
0.0168014 , 0.105315
0.0206865 , 0.106081
0.0165057 , 0.105256
0.0226431 , 0.106462
0.0156242 , 0.105081
0.0181649 , 0.105585
0.0162109 , 0.105197
0.025142 , 0.106945
0.0183798 , 0.105627
0.0188541 , 0.105721
0.023093 , 0.106549
0.0216156 , 0.106262
0.0115791 , 0.104266
0.0224188 , 0.106418
0.0166745 , 0.10529
0.0144205 , 0.10484
0.0177367 , 0.1055
0.0196352 , 0.105875
0.0243176 , 0.106786
0.015249 , 0.105006
0.0172679 , 0.105407
0.0184658 , 0.105644
0.013968 , 0.104749
0.0135995 , 0.104675
0.0239988 , 0.106725
0.0201595 , 0.105977
0.019766 , 0.1059
0.0246374 , 0.106848
0.0223293 , 0.106401
0.0204666 , 0.106038
0.021305 , 0.106201
0.0145443 , 0.104864
0.017865 , 0.105526
0.0165901 , 0.105273
0.0166745 , 0.10529
0.019897 , 0.105926
0.0200719 , 0.10596
0.0177367 , 0.1055
0.017566 , 0.105467
