0.11344 , 0.130633
0.113923 , 0.130885
0.117267 , 0.132692
0.119915 , 0.134199
0.117937 , 0.133067
0.112025 , 0.129908
0.117155 , 0.13263
0.118607 , 0.133447
0.119765 , 0.134112
0.117416 , 0.132775
0.116969 , 0.132527
0.116375 , 0.1322
0.113663 , 0.130749
0.116003 , 0.131997
0.118682 , 0.133489
0.121454 , 0.135105
0.121492 , 0.135127
0.112919 , 0.130364
0.117788 , 0.132983
0.117564 , 0.132858
0.117937 , 0.133067
0.121869 , 0.135353
0.116598 , 0.132322
0.116969 , 0.132527
0.114777 , 0.131337
0.115706 , 0.131835
0.120365 , 0.134461
0.120965 , 0.134815
0.118123 , 0.133172
0.120665 , 0.134637
0.119354 , 0.133874
0.118011 , 0.133109
0.114369 , 0.13112
0.121906 , 0.135375
0.119093 , 0.133724
0.117378 , 0.132754
0.120327 , 0.134439
0.122133 , 0.135511
0.11277 , 0.130287
0.116783 , 0.132424
0.112286 , 0.13004
0.119466 , 0.133939
0.123612 , 0.136412
0.116932 , 0.132507
0.118533 , 0.133404
0.118719 , 0.13351
0.118197 , 0.133214
0.115743 , 0.131856
0.118607 , 0.133447
0.117081 , 0.132589
0.119504 , 0.13396
0.11656 , 0.132302
0.11749 , 0.132817
0.1121 , 0.129946
0.120365 , 0.134461
0.118011 , 0.133109
0.116449 , 0.13224
0.119055 , 0.133702
0.117192 , 0.132651
0.115 , 0.131456
0.114517 , 0.131199
0.116523 , 0.132281
0.119279 , 0.133831
0.118906 , 0.133617
0.118869 , 0.133596
0.115557 , 0.131755
0.116077 , 0.132037
0.112696 , 0.130249
0.120027 , 0.134264
0.113551 , 0.130691
0.116412 , 0.13222
0.125488 , 0.137583
0.118906 , 0.133617
0.112807 , 0.130307
0.119765 , 0.134112
0.116077 , 0.132037
0.116412 , 0.13222
0.11578 , 0.131876
0.117267 , 0.132692
0.116003 , 0.131997
0.117602 , 0.132879
0.114963 , 0.131436
0.112882 , 0.130345
0.114777 , 0.131337
0.121831 , 0.13533
0.116077 , 0.132037
0.119167 , 0.133767
0.118458 , 0.133362
0.118309 , 0.133277
0.113142 , 0.130479
0.114369 , 0.13112
0.117825 , 0.133004
0.115446 , 0.131695
0.119915 , 0.134199
0.116077 , 0.132037
0.11526 , 0.131595
0.113477 , 0.130653
0.117155 , 0.13263
0.115929 , 0.131956
0.114109 , 0.130983
