0.16308 , 0.166553
0.166038 , 0.169164
0.164686 , 0.167966
0.174585 , 0.17688
0.174176 , 0.176505
0.171158 , 0.173758
0.170147 , 0.172844
0.172683 , 0.175143
0.167023 , 0.17004
0.169429 , 0.172196
0.160895 , 0.164647
0.169966 , 0.17268
0.16812 , 0.171021
0.172295 , 0.17479
0.165396 , 0.168594
0.178507 , 0.180496
0.173872 , 0.176228
0.173872 , 0.176228
0.176927 , 0.179034
0.176708 , 0.178831
0.163684 , 0.167083
0.167023 , 0.17004
0.168725 , 0.171564
0.170787 , 0.173422
0.167273 , 0.170264
0.169697 , 0.172437
0.165957 , 0.169092
0.162485 , 0.166032
0.166201 , 0.169308
0.170056 , 0.172762
0.171533 , 0.174098
0.156726 , 0.161068
0.169518 , 0.172277
0.185864 , 0.187378
0.157762 , 0.16195
0.180166 , 0.182037
0.160543 , 0.164341
0.168812 , 0.171642
0.16453 , 0.167829
0.165716 , 0.168878
0.177038 , 0.179136
0.165079 , 0.168313
0.161538 , 0.165206
0.185147 , 0.186702
0.167357 , 0.170339
0.172295 , 0.17479
0.172199 , 0.174703
0.162633 , 0.166162
0.166038 , 0.169164
0.163913 , 0.167285
0.178392 , 0.180389
0.175736 , 0.177937
0.173075 , 0.1755
0.171439 , 0.174013
0.166857 , 0.169892
0.165555 , 0.168736
0.171252 , 0.173843
0.165636 , 0.168806
0.171345 , 0.173927
0.173973 , 0.17632
0.174688 , 0.176975
0.166119 , 0.169236
0.16934 , 0.172117
0.165877 , 0.16902
0.172392 , 0.174878
0.175103 , 0.177355
0.163608 , 0.167016
0.167106 , 0.170115
0.166445 , 0.169526
0.157762 , 0.16195
0.17278 , 0.175232
0.162045 , 0.165648
0.168206 , 0.171098
0.167441 , 0.170414
0.169252 , 0.172037
0.171912 , 0.174442
0.169075 , 0.171878
0.178277 , 0.180282
0.175842 , 0.178035
0.162633 , 0.166162
0.173173 , 0.17559
0.175842 , 0.178035
0.171345 , 0.173927
0.16694 , 0.169966
0.169966 , 0.17268
0.168035 , 0.170945
0.169252 , 0.172037
0.162931 , 0.166422
0.181153 , 0.182956
0.17088 , 0.173506
0.170695 , 0.173339
0.184446 , 0.186042
0.171817 , 0.174356
0.181786 , 0.183547
0.171628 , 0.174184
0.175842 , 0.178035
0.165636 , 0.168806
0.166774 , 0.169819
0.165316 , 0.168524
0.168206 , 0.171098
