0.138068 , 0.146211
0.140879 , 0.148307
0.137847 , 0.146048
0.140417 , 0.147959
0.135073 , 0.144041
0.140555 , 0.148063
0.144169 , 0.150831
0.144663 , 0.151216
0.135542 , 0.144376
0.134564 , 0.143679
0.135542 , 0.144376
0.139822 , 0.147512
0.139913 , 0.147581
0.141532 , 0.148802
0.135628 , 0.144438
0.137187 , 0.145565
0.139277 , 0.147106
0.134017 , 0.143292
0.135756 , 0.14453
0.137494 , 0.14579
0.140325 , 0.14789
0.137758 , 0.145983
0.142002 , 0.149161
0.140601 , 0.148098
0.136707 , 0.145216
0.141345 , 0.14866
0.138737 , 0.146705
0.138157 , 0.146276
0.143486 , 0.150301
0.140325 , 0.14789
0.140325 , 0.14789
0.140417 , 0.147959
0.135158 , 0.144102
0.139685 , 0.14741
0.136533 , 0.14509
0.142716 , 0.149707
0.140879 , 0.148307
0.143729 , 0.15049
0.129125 , 0.139942
0.135585 , 0.144407
0.144564 , 0.151139
0.135201 , 0.144132
0.140555 , 0.148063
0.141251 , 0.148589
0.139503 , 0.147274
0.135585 , 0.144407
0.140648 , 0.148133
0.133016 , 0.142591
0.143438 , 0.150264
0.134353 , 0.14353
0.14172 , 0.148945
0.139322 , 0.147139
0.138469 , 0.146506
0.135158 , 0.144102
0.142144 , 0.149269
0.144811 , 0.151332
0.135928 , 0.144654
0.145411 , 0.151802
0.136925 , 0.145374
0.137231 , 0.145597
0.136794 , 0.145279
0.137187 , 0.145565
0.135328 , 0.144223
0.137274 , 0.145629
0.137318 , 0.145661
0.142525 , 0.149561
0.134395 , 0.14356
0.137318 , 0.145661
0.139097 , 0.146971
0.142334 , 0.149415
0.143003 , 0.149929
0.137362 , 0.145693
0.136403 , 0.144996
0.145361 , 0.151763
0.133474 , 0.142911
0.139913 , 0.147581
0.13364 , 0.143028
0.133474 , 0.142911
0.136707 , 0.145216
0.140463 , 0.147994
0.135928 , 0.144654
0.136101 , 0.144778
0.139685 , 0.14741
0.137231 , 0.145597
0.143681 , 0.150452
0.135115 , 0.144071
0.141018 , 0.148413
0.135328 , 0.144223
0.136316 , 0.144934
0.139867 , 0.147546
0.134861 , 0.14389
0.135371 , 0.144254
0.144712 , 0.151255
0.141626 , 0.148874
0.139685 , 0.14741
0.141345 , 0.14866
0.137099 , 0.145502
0.137187 , 0.145565
0.141065 , 0.148448
0.137012 , 0.145438
