0.0946234 , 0.122521
0.0981578 , 0.123802
0.100936 , 0.124883
0.0979536 , 0.123725
0.0972146 , 0.12345
0.0915599 , 0.121491
0.0962618 , 0.123102
0.0944961 , 0.122477
0.091998 , 0.121634
0.0958445 , 0.122952
0.0957608 , 0.122922
0.087327 , 0.120179
0.0965528 , 0.123207
0.0968015 , 0.123298
0.101451 , 0.125092
0.0995359 , 0.12433
0.0974615 , 0.123541
0.101807 , 0.125237
0.0938141 , 0.122242
0.0911195 , 0.121349
0.0950041 , 0.122654
0.0963451 , 0.123132
0.0992941 , 0.124236
0.0944536 , 0.122462
0.0950463 , 0.122669
0.0910753 , 0.121334
0.0969256 , 0.123344
0.100976 , 0.124899
0.0996164 , 0.124361
0.0948351 , 0.122595
0.0992941 , 0.124236
0.0958863 , 0.122967
0.0960117 , 0.123012
0.098117 , 0.123787
0.103413 , 0.125906
0.0977898 , 0.123664
0.0910312 , 0.12132
0.0968015 , 0.123298
0.0963867 , 0.123147
0.0988087 , 0.124049
0.0943261 , 0.122418
0.0949619 , 0.122639
0.0960117 , 0.123012
0.0938141 , 0.122242
0.0931268 , 0.122009
0.0911636 , 0.121363
0.097297 , 0.12348
0.0972558 , 0.123465
0.0992537 , 0.124221
0.0947081 , 0.12255
0.100976 , 0.124899
0.103452 , 0.125922
0.091516 , 0.121477
0.0869105 , 0.120056
0.0978717 , 0.123694
0.100777 , 0.12482
0.0933852 , 0.122096
0.0944111 , 0.122447
0.0941984 , 0.122374
0.0944111 , 0.122447
0.0960534 , 0.123027
0.0977079 , 0.123633
0.0965943 , 0.123223
0.0982802 , 0.123848
0.0923904 , 0.121763
0.10384 , 0.126088
0.095719 , 0.122907
0.0963867 , 0.123147
0.0973381 , 0.123496
0.10473 , 0.126473
0.0966358 , 0.123238
0.0988087 , 0.124049
0.0954673 , 0.122817
0.100936 , 0.124883
0.0978717 , 0.123694
0.0946234 , 0.122521
0.0958027 , 0.122937
0.0955513 , 0.122847
0.102945 , 0.125709
0.0965528 , 0.123207
0.0948351 , 0.122595
0.0973381 , 0.123496
0.0912519 , 0.121391
0.0944536 , 0.122462
0.090588 , 0.121179
0.094581 , 0.122506
0.0971321 , 0.12342
0.0983617 , 0.123879
0.0954673 , 0.122817
0.0925643 , 0.121821
0.0967187 , 0.123268
0.101134 , 0.124963
0.10275 , 0.125627
0.0977898 , 0.123664
0.0922163 , 0.121706
0.0945385 , 0.122491
0.09134 , 0.12142
0.0971321 , 0.12342
0.0956771 , 0.122892
0.0939424 , 0.122286
