0.21736 , 0.217812
0.24037 , 0.24055
0.252633 , 0.252742
0.225643 , 0.225969
0.231306 , 0.231566
0.226804 , 0.227115
0.248319 , 0.248449
0.231306 , 0.231566
0.225081 , 0.225413
0.229942 , 0.230216
0.228643 , 0.228932
0.226218 , 0.226535
0.252633 , 0.252742
0.237579 , 0.237781
0.213434 , 0.213961
0.273006 , 0.273052
0.228643 , 0.228932
0.226804 , 0.227115
0.24968 , 0.249802
0.23671 , 0.236919
0.222429 , 0.222799
0.257808 , 0.257896
0.228016 , 0.228312
0.215723 , 0.216205
0.220477 , 0.220877
0.228643 , 0.228932
0.232015 , 0.232267
0.247026 , 0.247163
0.232015 , 0.232267
0.226804 , 0.227115
0.235053 , 0.235276
0.221436 , 0.22182
0.242408 , 0.242574
0.245794 , 0.245938
0.225081 , 0.225413
0.235869 , 0.236084
0.244616 , 0.244767
0.239407 , 0.239594
0.251115 , 0.25123
0.226804 , 0.227115
0.251115 , 0.25123
0.232743 , 0.232988
0.232015 , 0.232267
0.24968 , 0.249802
0.257808 , 0.257896
0.235869 , 0.236084
0.238478 , 0.238672
0.233491 , 0.233729
0.259793 , 0.259873
0.229942 , 0.230216
0.259793 , 0.259873
0.217785 , 0.218229
0.251115 , 0.25123
0.222429 , 0.222799
0.269756 , 0.269809
0.229285 , 0.229566
0.234261 , 0.234491
0.269756 , 0.269809
0.229942 , 0.230216
0.248319 , 0.248449
0.238478 , 0.238672
0.244616 , 0.244767
0.213803 , 0.214322
0.276739 , 0.276778
0.235053 , 0.235276
0.223459 , 0.223814
0.227404 , 0.227707
0.252633 , 0.252742
0.255966 , 0.256061
0.238478 , 0.238672
0.225643 , 0.225969
0.238478 , 0.238672
0.237579 , 0.237781
0.229942 , 0.230216
0.234261 , 0.234491
0.261943 , 0.262017
0.229942 , 0.230216
0.244616 , 0.244767
0.24037 , 0.24055
0.269756 , 0.269809
0.232743 , 0.232988
0.225643 , 0.225969
0.234261 , 0.234491
0.244616 , 0.244767
0.22453 , 0.22487
0.24037 , 0.24055
0.229285 , 0.229566
0.238478 , 0.238672
0.22294 , 0.223302
0.257808 , 0.257896
0.230616 , 0.230882
0.264291 , 0.264358
0.251115 , 0.25123
0.243489 , 0.243647
0.252633 , 0.252742
0.286461 , 0.286487
0.220477 , 0.220877
0.239407 , 0.239594
0.228643 , 0.228932
0.229942 , 0.230216
