0.255966 , 0.256061
0.273006 , 0.273052
0.302771 , 0.302783
0.264291 , 0.264358
0.293277 , 0.293296
0.24137 , 0.241542
0.255966 , 0.256061
0.286461 , 0.286487
0.302771 , 0.302783
0.318702 , 0.318708
0.234261 , 0.234491
0.269756 , 0.269809
0.247026 , 0.247163
0.259793 , 0.259873
0.318702 , 0.318708
0.286461 , 0.286487
0.276739 , 0.276778
0.276739 , 0.276778
0.266877 , 0.266937
0.259793 , 0.259873
0.261943 , 0.262017
0.261943 , 0.262017
0.252633 , 0.252742
0.293277 , 0.293296
0.286461 , 0.286487
0.261943 , 0.262017
0.273006 , 0.273052
0.254246 , 0.254348
0.252633 , 0.252742
0.286461 , 0.286487
0.247026 , 0.247163
0.247026 , 0.247163
0.286461 , 0.286487
0.243489 , 0.243647
0.273006 , 0.273052
1 , 1
0.281127 , 0.28116
0.259793 , 0.259873
1 , 1
0.237579 , 0.237781
0.266877 , 0.266937
0.264291 , 0.264358
0.24137 , 0.241542
0.269756 , 0.269809
0.257808 , 0.257896
0.276739 , 0.276778
0.286461 , 0.286487
0.243489 , 0.243647
0.318702 , 0.318708
0.257808 , 0.257896
0.266877 , 0.266937
0.286461 , 0.286487
0.261943 , 0.262017
0.255966 , 0.256061
0.232743 , 0.232988
0.245794 , 0.245938
0.248319 , 0.248449
0.276739 , 0.276778
0.286461 , 0.286487
0.259793 , 0.259873
0.252633 , 0.252742
0.237579 , 0.237781
0.244616 , 0.244767
0.252633 , 0.252742
0.24037 , 0.24055
0.247026 , 0.247163
0.281127 , 0.28116
0.244616 , 0.244767
0.254246 , 0.254348
0.259793 , 0.259873
0.302771 , 0.302783
0.318702 , 0.318708
0.24137 , 0.241542
0.248319 , 0.248449
0.24968 , 0.249802
0.276739 , 0.276778
0.276739 , 0.276778
0.269756 , 0.269809
0.269756 , 0.269809
0.281127 , 0.28116
0.293277 , 0.293296
0.24968 , 0.249802
0.24968 , 0.249802
0.248319 , 0.248449
0.254246 , 0.254348
0.293277 , 0.293296
0.233491 , 0.233729
0.254246 , 0.254348
0.302771 , 0.302783
1 , 1
0.302771 , 0.302783
1 , 1
0.293277 , 0.293296
0.254246 , 0.254348
0.302771 , 0.302783
0.248319 , 0.248449
0.318702 , 0.318708
0.24037 , 0.24055
0.24968 , 0.249802
1 , 1
