0.213434 , 0.213961
0.193182 , 0.194332
0.202836 , 0.203631
0.213803 , 0.214322
0.204668 , 0.205408
0.202334 , 0.203144
0.210314 , 0.210909
0.204939 , 0.205672
0.22294 , 0.223302
0.200404 , 0.201277
0.20903 , 0.209655
0.2078 , 0.208457
0.205489 , 0.206207
0.21307 , 0.213604
0.195271 , 0.196333
0.211659 , 0.212223
0.206622 , 0.207308
0.227404 , 0.227707
0.218654 , 0.219083
0.201839 , 0.202665
0.201595 , 0.202429
0.211659 , 0.212223
0.216942 , 0.217401
0.198157 , 0.199109
0.213434 , 0.213961
0.204939 , 0.205672
0.21653 , 0.216996
0.222429 , 0.222799
0.237579 , 0.237781
0.210978 , 0.211558
0.221436 , 0.22182
0.209665 , 0.210275
0.221436 , 0.22182
0.214556 , 0.21506
0.209987 , 0.21059
0.190045 , 0.191339
0.206912 , 0.207591
0.20605 , 0.206752
0.227404 , 0.227707
0.201113 , 0.201963
0.195667 , 0.196713
0.196886 , 0.197885
0.199036 , 0.199956
0.203869 , 0.204633
0.202584 , 0.203387
0.212356 , 0.212905
0.203607 , 0.204379
0.225081 , 0.225413
0.215723 , 0.216205
0.191924 , 0.193129
0.225081 , 0.225413
0.207205 , 0.207876
0.216124 , 0.216598
0.21736 , 0.217812
0.218654 , 0.219083
0.21307 , 0.213604
0.210978 , 0.211558
0.198593 , 0.199529
0.198157 , 0.199109
0.209665 , 0.210275
0.207501 , 0.208165
0.216124 , 0.216598
0.212356 , 0.212905
0.201113 , 0.201963
0.209987 , 0.21059
0.204939 , 0.205672
0.197094 , 0.198085
0.199712 , 0.200609
0.20903 , 0.209655
0.213803 , 0.214322
0.209987 , 0.21059
0.206334 , 0.207029
0.205489 , 0.206207
0.20903 , 0.209655
0.213434 , 0.213961
0.193366 , 0.194508
0.200172 , 0.201053
0.197728 , 0.198695
0.21307 , 0.213604
0.208408 , 0.209049
0.213434 , 0.213961
0.203607 , 0.204379
0.202584 , 0.203387
0.20605 , 0.206752
0.204668 , 0.205408
0.209665 , 0.210275
0.199036 , 0.199956
0.223459 , 0.223814
0.211659 , 0.212223
0.207205 , 0.207876
0.212005 , 0.212562
0.194114 , 0.195223
0.21955 , 0.219965
0.208103 , 0.208751
0.20903 , 0.209655
0.205489 , 0.206207
0.212356 , 0.212905
0.204399 , 0.205147
0.214939 , 0.215436
0.204939 , 0.205672
