0.293277 , 0.293296
1 , 1
0.293277 , 0.293296
0.251115 , 0.25123
0.269756 , 0.269809
0.318702 , 0.318708
0.281127 , 0.28116
1 , 1
1 , 1
0.269756 , 0.269809
0.252633 , 0.252742
0.276739 , 0.276778
1 , 1
0.318702 , 0.318708
0.276739 , 0.276778
0.276739 , 0.276778
0.293277 , 0.293296
0.318702 , 0.318708
0.257808 , 0.257896
0.276739 , 0.276778
0.293277 , 0.293296
0.237579 , 0.237781
0.266877 , 0.266937
0.266877 , 0.266937
0.257808 , 0.257896
0.257808 , 0.257896
0.273006 , 0.273052
0.245794 , 0.245938
1 , 1
0.318702 , 0.318708
1 , 1
0.24968 , 0.249802
0.264291 , 0.264358
0.266877 , 0.266937
0.286461 , 0.286487
0.293277 , 0.293296
0.269756 , 0.269809
0.273006 , 0.273052
0.318702 , 0.318708
0.243489 , 0.243647
0.257808 , 0.257896
0.286461 , 0.286487
0.286461 , 0.286487
0.293277 , 0.293296
0.266877 , 0.266937
0.255966 , 0.256061
0.286461 , 0.286487
0.273006 , 0.273052
0.302771 , 0.302783
0.266877 , 0.266937
0.286461 , 0.286487
0.293277 , 0.293296
0.24968 , 0.249802
0.273006 , 0.273052
0.293277 , 0.293296
0.273006 , 0.273052
0.269756 , 0.269809
0.286461 , 0.286487
0.269756 , 0.269809
0.266877 , 0.266937
1 , 1
1 , 1
0.24137 , 0.241542
1 , 1
0.266877 , 0.266937
0.247026 , 0.247163
0.259793 , 0.259873
1 , 1
1 , 1
0.248319 , 0.248449
1 , 1
0.269756 , 0.269809
0.302771 , 0.302783
0.302771 , 0.302783
0.273006 , 0.273052
0.254246 , 0.254348
1 , 1
1 , 1
0.293277 , 0.293296
0.259793 , 0.259873
0.257808 , 0.257896
0.261943 , 0.262017
1 , 1
1 , 1
0.252633 , 0.252742
0.281127 , 0.28116
0.244616 , 0.244767
0.269756 , 0.269809
0.281127 , 0.28116
0.302771 , 0.302783
0.302771 , 0.302783
0.269756 , 0.269809
0.318702 , 0.318708
0.244616 , 0.244767
0.293277 , 0.293296
0.276739 , 0.276778
0.254246 , 0.254348
0.281127 , 0.28116
0.261943 , 0.262017
1 , 1
