0.244616 , 0.244767
0.248319 , 0.248449
0.243489 , 0.243647
0.259793 , 0.259873
0.24137 , 0.241542
0.238478 , 0.238672
0.226804 , 0.227115
0.227404 , 0.227707
0.244616 , 0.244767
0.242408 , 0.242574
0.266877 , 0.266937
0.244616 , 0.244767
0.276739 , 0.276778
0.247026 , 0.247163
0.235869 , 0.236084
0.269756 , 0.269809
0.257808 , 0.257896
0.259793 , 0.259873
0.273006 , 0.273052
0.257808 , 0.257896
0.23671 , 0.236919
0.245794 , 0.245938
0.293277 , 0.293296
0.251115 , 0.25123
0.233491 , 0.233729
0.235053 , 0.235276
0.261943 , 0.262017
0.281127 , 0.28116
0.245794 , 0.245938
0.248319 , 0.248449
0.245794 , 0.245938
0.233491 , 0.233729
0.242408 , 0.242574
0.302771 , 0.302783
0.273006 , 0.273052
0.242408 , 0.242574
0.245794 , 0.245938
0.281127 , 0.28116
0.239407 , 0.239594
0.273006 , 0.273052
0.251115 , 0.25123
0.225643 , 0.225969
0.273006 , 0.273052
0.239407 , 0.239594
0.235053 , 0.235276
0.239407 , 0.239594
0.255966 , 0.256061
0.273006 , 0.273052
0.247026 , 0.247163
0.245794 , 0.245938
0.276739 , 0.276778
0.251115 , 0.25123
0.276739 , 0.276778
0.237579 , 0.237781
0.235053 , 0.235276
0.244616 , 0.244767
0.264291 , 0.264358
0.220477 , 0.220877
0.293277 , 0.293296
0.233491 , 0.233729
1 , 1
0.257808 , 0.257896
0.276739 , 0.276778
0.229285 , 0.229566
0.235053 , 0.235276
0.252633 , 0.252742
0.243489 , 0.243647
0.276739 , 0.276778
0.257808 , 0.257896
0.237579 , 0.237781
0.264291 , 0.264358
0.239407 , 0.239594
0.247026 , 0.247163
0.245794 , 0.245938
0.233491 , 0.233729
0.232743 , 0.232988
0.276739 , 0.276778
0.248319 , 0.248449
0.239407 , 0.239594
0.23671 , 0.236919
0.264291 , 0.264358
0.242408 , 0.242574
0.223459 , 0.223814
0.227404 , 0.227707
0.237579 , 0.237781
0.248319 , 0.248449
0.254246 , 0.254348
0.273006 , 0.273052
0.239407 , 0.239594
0.264291 , 0.264358
0.261943 , 0.262017
0.23671 , 0.236919
0.252633 , 0.252742
0.257808 , 0.257896
0.252633 , 0.252742
0.257808 , 0.257896
0.252633 , 0.252742
0.276739 , 0.276778
0.232015 , 0.232267
0.293277 , 0.293296
