0.293277 , 0.293296
0.266877 , 0.266937
0.269756 , 0.269809
0.281127 , 0.28116
0.273006 , 0.273052
0.259793 , 0.259873
1 , 1
0.281127 , 0.28116
0.302771 , 0.302783
0.318702 , 0.318708
0.257808 , 0.257896
0.302771 , 0.302783
0.286461 , 0.286487
0.286461 , 0.286487
0.276739 , 0.276778
0.252633 , 0.252742
0.257808 , 0.257896
0.239407 , 0.239594
0.286461 , 0.286487
1 , 1
0.269756 , 0.269809
1 , 1
0.286461 , 0.286487
0.264291 , 0.264358
0.318702 , 0.318708
0.276739 , 0.276778
0.24037 , 0.24055
0.276739 , 0.276778
0.293277 , 0.293296
0.255966 , 0.256061
0.293277 , 0.293296
0.243489 , 0.243647
0.261943 , 0.262017
0.276739 , 0.276778
0.318702 , 0.318708
0.302771 , 0.302783
0.293277 , 0.293296
0.281127 , 0.28116
0.266877 , 0.266937
0.259793 , 0.259873
0.276739 , 0.276778
0.276739 , 0.276778
0.302771 , 0.302783
0.269756 , 0.269809
0.281127 , 0.28116
0.276739 , 0.276778
1 , 1
0.259793 , 0.259873
0.276739 , 0.276778
0.318702 , 0.318708
0.264291 , 0.264358
0.286461 , 0.286487
0.266877 , 0.266937
0.286461 , 0.286487
0.269756 , 0.269809
0.259793 , 0.259873
0.302771 , 0.302783
1 , 1
0.302771 , 0.302783
0.259793 , 0.259873
0.302771 , 0.302783
0.255966 , 0.256061
0.266877 , 0.266937
0.261943 , 0.262017
0.273006 , 0.273052
1 , 1
1 , 1
0.248319 , 0.248449
0.293277 , 0.293296
0.281127 , 0.28116
0.252633 , 0.252742
0.281127 , 0.28116
0.255966 , 0.256061
1 , 1
0.302771 , 0.302783
0.286461 , 0.286487
1 , 1
0.302771 , 0.302783
0.255966 , 0.256061
0.293277 , 0.293296
0.264291 , 0.264358
1 , 1
0.276739 , 0.276778
0.302771 , 0.302783
1 , 1
1 , 1
0.281127 , 0.28116
0.293277 , 0.293296
0.276739 , 0.276778
0.318702 , 0.318708
1 , 1
0.286461 , 0.286487
0.264291 , 0.264358
0.257808 , 0.257896
0.251115 , 0.25123
0.273006 , 0.273052
0.293277 , 0.293296
1 , 1
0.251115 , 0.25123
0.254246 , 0.254348
