0.188431 , 0.189806
0.205213 , 0.205938
0.197515 , 0.19849
0.190211 , 0.191497
0.193738 , 0.194863
0.202086 , 0.202904
0.189716 , 0.191025
0.19926 , 0.200172
0.184865 , 0.186436
0.200404 , 0.201277
0.190211 , 0.191497
0.206622 , 0.207308
0.205768 , 0.206478
0.185719 , 0.187241
0.215329 , 0.215818
0.206334 , 0.207029
0.205213 , 0.205938
0.202836 , 0.203631
0.192278 , 0.193467
0.202334 , 0.203144
0.204399 , 0.205147
0.187962 , 0.189361
0.200639 , 0.201504
0.19627 , 0.197292
0.190715 , 0.191977
0.195075 , 0.196145
0.204399 , 0.205147
0.190546 , 0.191816
0.199485 , 0.200389
0.19488 , 0.195958
0.193182 , 0.194332
0.199036 , 0.199956
0.198593 , 0.199529
0.193366 , 0.194508
0.219551 , 0.219965
0.199941 , 0.20083
0.192101 , 0.193298
0.203607 , 0.204379
0.192817 , 0.193983
0.191227 , 0.192465
0.195867 , 0.196905
0.200172 , 0.201053
0.208408 , 0.209049
0.209665 , 0.210275
0.22294 , 0.223302
0.207501 , 0.208165
0.197942 , 0.198901
0.208408 , 0.209049
0.192999 , 0.194157
0.209987 , 0.21059
0.206912 , 0.207591
0.19627 , 0.197292
0.201595 , 0.202429
0.202334 , 0.203144
0.203091 , 0.203878
0.189228 , 0.190562
0.185289 , 0.186836
0.208408 , 0.209049
0.197094 , 0.198085
0.205213 , 0.205938
0.205768 , 0.206478
0.199036 , 0.199956
0.19627 , 0.197292
0.202584 , 0.203387
0.200639 , 0.201504
0.191574 , 0.192795
0.198814 , 0.199741
0.202836 , 0.203631
0.205489 , 0.206207
0.195468 , 0.196522
0.19926 , 0.200172
0.197728 , 0.198695
0.203348 , 0.204127
0.199712 , 0.200609
0.205489 , 0.206207
0.204668 , 0.205408
0.201353 , 0.202195
0.204133 , 0.204889
0.191574 , 0.192795
0.202836 , 0.203631
0.209345 , 0.209963
0.194687 , 0.195772
0.192817 , 0.193983
0.197304 , 0.198287
0.181279 , 0.183074
0.201353 , 0.202195
0.199941 , 0.20083
0.200639 , 0.201504
0.195667 , 0.196713
0.213434 , 0.213961
0.195271 , 0.196333
0.202836 , 0.203631
0.203607 , 0.204379
0.199485 , 0.200389
0.1914 , 0.192629
0.198814 , 0.199741
0.191574 , 0.192795
0.205489 , 0.206207
0.226804 , 0.227115
0.194687 , 0.195772
