1 , 1
1 , 1
1 , 1
1 , 1
1 , 1
1 , 1
0.318702 , 0.318708
0.286461 , 0.286487
1 , 1
1 , 1
1 , 1
1 , 1
1 , 1
1 , 1
0.302771 , 0.302783
1 , 1
0.302771 , 0.302783
1 , 1
1 , 1
1 , 1
1 , 1
1 , 1
1 , 1
0.251115 , 0.25123
1 , 1
1 , 1
1 , 1
0.286461 , 0.286487
1 , 1
1 , 1
1 , 1
1 , 1
1 , 1
1 , 1
1 , 1
1 , 1
0.273006 , 0.273052
1 , 1
1 , 1
1 , 1
1 , 1
1 , 1
1 , 1
1 , 1
1 , 1
1 , 1
0.318702 , 0.318708
1 , 1
1 , 1
1 , 1
1 , 1
1 , 1
1 , 1
1 , 1
1 , 1
1 , 1
1 , 1
0.318702 , 0.318708
1 , 1
0.286461 , 0.286487
0.286461 , 0.286487
1 , 1
1 , 1
1 , 1
0.318702 , 0.318708
1 , 1
1 , 1
1 , 1
0.318702 , 0.318708
1 , 1
1 , 1
1 , 1
1 , 1
1 , 1
1 , 1
0.318702 , 0.318708
1 , 1
0.276739 , 0.276778
1 , 1
1 , 1
1 , 1
1 , 1
1 , 1
1 , 1
1 , 1
1 , 1
1 , 1
1 , 1
1 , 1
1 , 1
1 , 1
1 , 1
0.302771 , 0.302783
0.302771 , 0.302783
0.266877 , 0.266937
0.318702 , 0.318708
1 , 1
1 , 1
1 , 1
1 , 1
