0.318702 , 0.318708
0.318702 , 0.318708
0.276739 , 0.276778
0.293277 , 0.293296
0.318702 , 0.318708
0.293277 , 0.293296
0.266877 , 0.266937
0.266877 , 0.266937
0.276739 , 0.276778
1 , 1
0.286461 , 0.286487
0.286461 , 0.286487
0.281127 , 0.28116
0.276739 , 0.276778
0.293277 , 0.293296
0.269756 , 0.269809
0.286461 , 0.286487
0.318702 , 0.318708
1 , 1
0.266877 , 0.266937
0.318702 , 0.318708
0.276739 , 0.276778
0.281127 , 0.28116
0.302771 , 0.302783
1 , 1
0.261943 , 0.262017
0.269756 , 0.269809
0.261943 , 0.262017
0.273006 , 0.273052
1 , 1
1 , 1
0.318702 , 0.318708
0.276739 , 0.276778
1 , 1
1 , 1
1 , 1
1 , 1
0.281127 , 0.28116
0.276739 , 0.276778
1 , 1
0.281127 , 0.28116
1 , 1
1 , 1
0.286461 , 0.286487
0.302771 , 0.302783
1 , 1
0.286461 , 0.286487
1 , 1
1 , 1
1 , 1
1 , 1
1 , 1
1 , 1
0.251115 , 0.25123
0.269756 , 0.269809
1 , 1
1 , 1
0.269756 , 0.269809
0.293277 , 0.293296
1 , 1
0.264291 , 0.264358
1 , 1
0.318702 , 0.318708
1 , 1
0.286461 , 0.286487
0.269756 , 0.269809
1 , 1
1 , 1
0.293277 , 0.293296
0.276739 , 0.276778
0.302771 , 0.302783
0.293277 , 0.293296
0.281127 , 0.28116
0.302771 , 0.302783
0.318702 , 0.318708
1 , 1
1 , 1
0.318702 , 0.318708
1 , 1
0.286461 , 0.286487
0.302771 , 0.302783
0.269756 , 0.269809
1 , 1
1 , 1
1 , 1
1 , 1
0.259793 , 0.259873
0.293277 , 0.293296
1 , 1
0.273006 , 0.273052
0.302771 , 0.302783
1 , 1
1 , 1
1 , 1
1 , 1
1 , 1
0.276739 , 0.276778
1 , 1
0.266877 , 0.266937
0.281127 , 0.28116
