0.0106297 , 0.032746
0.0146902 , 0.0356774
0.00568762 , 0.0292058
0.00943473 , 0.0318875
0.00653572 , 0.0298115
0.00937221 , 0.0318426
0.0105665 , 0.0327005
0.0125443 , 0.0341253
0.00843878 , 0.0311732
0.0135144 , 0.0348262
0.00739085 , 0.0304229
0.00887335 , 0.0314847
0.008749 , 0.0313956
0.0114552 , 0.0333401
0.00981065 , 0.0321574
0.015019 , 0.0359159
0.0113278 , 0.0332483
0.00751359 , 0.0305108
0.0139049 , 0.0351087
0.00502616 , 0.0287339
0.00726826 , 0.0303352
0.00943473 , 0.0318875
0.0105665 , 0.0327005
0.0117744 , 0.03357
0.0115189 , 0.033386
0.00837684 , 0.0311289
0.012287 , 0.0339397
0.00831495 , 0.0310845
0.0106297 , 0.032746
0.00918486 , 0.0317082
0.00819126 , 0.0309959
0.010883 , 0.0329282
0.0127376 , 0.0342649
0.00800601 , 0.0308632
0.0107563 , 0.032837
0.00598971 , 0.0294215
0.0070235 , 0.0301602
0.0119023 , 0.0336622
0.010377 , 0.0325643
0.0110099 , 0.0330195
0.0118383 , 0.0336161
0.00605024 , 0.0294647
0.0117744 , 0.03357
0.00490635 , 0.0286484
0.010314 , 0.032519
0.00788268 , 0.0307749
0.010314 , 0.032519
0.00586877 , 0.0293351
0.0119663 , 0.0337084
0.0115189 , 0.033386
0.00538643 , 0.0289909
0.008749 , 0.0313956
0.00788268 , 0.0307749
0.0136445 , 0.0349202
0.0130606 , 0.0344981
0.00856276 , 0.0312621
0.00943473 , 0.0318875
0.0116466 , 0.0334779
0.0132549 , 0.0346385
0.0115827 , 0.033432
0.0097479 , 0.0321123
0.00987343 , 0.0322024
0.010377 , 0.0325643
0.0069624 , 0.0301165
0.0122228 , 0.0338933
0.00850075 , 0.0312177
0.0110734 , 0.0330652
0.0107563 , 0.032837
0.00930972 , 0.0317978
0.0161446 , 0.0367334
0.00659657 , 0.029855
0.00843878 , 0.0311732
0.020557 , 0.0399589
0.0126087 , 0.0341718
0.0112005 , 0.0331567
0.00993625 , 0.0322476
0.00881116 , 0.0314402
0.0130606 , 0.0344981
0.0146245 , 0.0356298
0.00893558 , 0.0315294
0.0113915 , 0.0332942
0.0124156 , 0.0340324
0.00949729 , 0.0319324
0.00837684 , 0.0311289
0.00794433 , 0.0308191
0.0105033 , 0.0326551
0.0119663 , 0.0337084
0.00800601 , 0.0308632
0.0124156 , 0.0340324
0.0133846 , 0.0347323
0.011137 , 0.0331109
0.0112005 , 0.0331567
0.00745221 , 0.0304668
0.0148216 , 0.0357727
0.0126731 , 0.0342183
0.00745221 , 0.0304668
0.0101879 , 0.0324284
0.010062 , 0.0323379
0.00629269 , 0.0296379
0.00708464 , 0.0302039
