0.0104455 , 0.0104455
0.012058 , 0.012058
0.0084442 , 0.0084442
0.0167118 , 0.0167118
0.011314 , 0.011314
0.0108801 , 0.0108801
0.0125766 , 0.0125766
0.00869617 , 0.00869617
0.0108454 , 0.0108454
0.0137005 , 0.0137005
0.0102095 , 0.0102095
0.0186797 , 0.0186797
0.00965312 , 0.00965312
0.00703769 , 0.00703769
0.0175786 , 0.0175786
0.00586016 , 0.00586016
0.00729553 , 0.00729553
0.0107597 , 0.0107597
0.019702 , 0.019702
0.0133359 , 0.0133359
0.0133905 , 0.0133905
0.00935487 , 0.00935487
0.0157911 , 0.0157911
0.0148936 , 0.0148936
0.015266 , 0.015266
0.0125766 , 0.0125766
0.00665181 , 0.00665181
0.00754686 , 0.00754686
0.00963921 , 0.00963921
0.00931542 , 0.00931542
0.0308769 , 0.0308769
0.0123 , 0.0123
0.0130196 , 0.0130196
0.0118676 , 0.0118676
0.0117037 , 0.0117037
0.0099097 , 0.0099097
0.00787036 , 0.00787036
0.00935487 , 0.00935487
0.0100426 , 0.0100426
0.0123 , 0.0123
0.00813925 , 0.00813925
0.0138773 , 0.0138773
0.0100876 , 0.0100876
0.0115054 , 0.0115054
0.00952916 , 0.00952916
0.00691738 , 0.00691738
0.00813925 , 0.00813925
0.00875507 , 0.00875507
0.00888689 , 0.00888689
0.0106252 , 0.0106252
0.00697721 , 0.00697721
0.0114089 , 0.0114089
0.00835534 , 0.00835534
0.00864949 , 0.00864949
0.00946147 , 0.00946147
0.0147164 , 0.0147164
0.0131755 , 0.0131755
0.015114 , 0.015114
0.00683302 , 0.00683302
0.00798253 , 0.00798253
0.0219077 , 0.0219077
0.0113898 , 0.0113898
0.0101788 , 0.0101788
0.0113518 , 0.0113518
0.00894787 , 0.00894787
0.0123678 , 0.0123678
0.00481879 , 0.00481879
0.0111109 , 0.0111109
0.0117442 , 0.0117442
0.012058 , 0.012058
0.00766232 , 0.00766232
0.0111656 , 0.0111656
0.0103975 , 0.0103975
0.00962533 , 0.00962533
0.00899714 , 0.00899714
0.0130453 , 0.0130453
0.0100426 , 0.0100426
0.0122107 , 0.0122107
0.00690041 , 0.00690041
0.00513647 , 0.00513647
0.00548654 , 0.00548654
0.00876692 , 0.00876692
0.0116434 , 0.0116434
0.0207465 , 0.0207465
0.00769157 , 0.00769157
0.00889904 , 0.00889904
0.0124366 , 0.0124366
0.00935487 , 0.00935487
0.00779019 , 0.00779019
0.00985165 , 0.00985165
0.0188251 , 0.0188251
0.00745244 , 0.00745244
0.0121012 , 0.0121012
0.00880264 , 0.00880264
0.00817113 , 0.00817113
0.0156241 , 0.0156241
0.0155425 , 0.0155425
0.00792107 , 0.00792107
0.0103184 , 0.0103184
0.00793127 , 0.00793127
