0.00953731 , 0.00953731
0.0237915 , 0.0237915
0.0110841 , 0.0110841
0.00941196 , 0.00941196
0.0124485 , 0.0124485
1 , 1
0.0109032 , 0.0109032
0.00706427 , 0.00706427
0.0109032 , 0.0109032
0.00974228 , 0.00974228
0.0114138 , 0.0114138
0.0122337 , 0.0122337
0.0103813 , 0.0103813
0.00880587 , 0.00880587
0.0152965 , 0.0152965
0.00995792 , 0.00995792
0.00534209 , 0.00534209
0.00625655 , 0.00625655
0.00962922 , 0.00962922
0.0116191 , 0.0116191
0.00867093 , 0.00867093
0.00874536 , 0.00874536
0.0129978 , 0.0129978
0.0179928 , 0.0179928
0.013832 , 0.013832
0.0288739 , 0.0288739
0.00873037 , 0.00873037
0.00942963 , 0.00942963
0.00698489 , 0.00698489
0.00912245 , 0.00912245
0.0112732 , 0.0112732
0.0137306 , 0.0137306
0.0125981 , 0.0125981
0.00750787 , 0.00750787
0.00572314 , 0.00572314
0.0098389 , 0.0098389
0.00723815 , 0.00723815
0.0102713 , 0.0102713
0.00767853 , 0.00767853
0.00833119 , 0.00833119
0.0111641 , 0.0111641
0.013781 , 0.013781
0.00782029 , 0.00782029
0.0133939 , 0.0133939
0.00692634 , 0.00692634
0.0260651 , 0.0260651
0.00861234 , 0.00861234
0.00923922 , 0.00923922
0.00790528 , 0.00790528
0.0152965 , 0.0152965
0.0107542 , 0.0107542
0.00762086 , 0.00762086
0.0193126 , 0.0193126
0.00553172 , 0.00553172
0.00524395 , 0.00524395
0.0100392 , 0.0100392
0.00730131 , 0.00730131
0.00556651 , 0.00556651
0.0185999 , 0.0185999
0.0107299 , 0.0107299
0.0133479 , 0.0133479
0.00680223 , 0.00680223
0.010337 , 0.010337
0.00993784 , 0.00993784
1 , 1
0.0133939 , 0.0133939
0.00734395 , 0.00734395
0.00758664 , 0.00758664
0.0100187 , 0.0100187
0.00823712 , 0.00823712
0.0122337 , 0.0122337
0.00634828 , 0.00634828
0.00541556 , 0.00541556
0.0133479 , 0.0133479
0.0137306 , 0.0137306
0.00782029 , 0.00782029
0.00639919 , 0.00639919
0.0143806 , 0.0143806
0.006907 , 0.006907
0.0105403 , 0.0105403
0.00888278 , 0.00888278
0.00839971 , 0.00839971
0.0272318 , 0.0272318
0.00856893 , 0.00856893
0.0199423 , 0.0199423
0.00997809 , 0.00997809
0.0133025 , 0.0133025
0.0160151 , 0.0160151
0.00833119 , 0.00833119
0.0161934 , 0.0161934
0.00799204 , 0.00799204
0.0144996 , 0.0144996
0.0227687 , 0.0227687
0.00572314 , 0.00572314
0.00897699 , 0.00897699
0.0111372 , 0.0111372
1 , 1
1 , 1
0.00930745 , 0.00930745
0.0123757 , 0.0123757
