1 , 1
0.00781775 , 0.00781775
0.0045438 , 0.0045438
0.0232029 , 0.0232029
0.0134179 , 0.0134179
0.00950049 , 0.00950049
0.006849 , 0.006849
0.00814236 , 0.00814236
1 , 1
0.00760768 , 0.00760768
0.0173629 , 0.0173629
0.014837 , 0.014837
0.00732524 , 0.00732524
0.00796944 , 0.00796944
0.00584526 , 0.00584526
0.0151214 , 0.0151214
0.00848211 , 0.00848211
0.0125898 , 0.0125898
0.0257073 , 0.0257073
0.00891051 , 0.00891051
0.0123973 , 0.0123973
0.0124444 , 0.0124444
0.00603202 , 0.00603202
1 , 1
0.0117932 , 0.0117932
0.00880306 , 0.00880306
0.0080405 , 0.0080405
0.00486962 , 0.00486962
0.0158861 , 0.0158861
0.0165504 , 0.0165504
0.0090778 , 0.0090778
1 , 1
0.014837 , 0.014837
0.0189294 , 0.0189294
0.00714078 , 0.00714078
0.00923316 , 0.00923316
0.0152214 , 0.0152214
0.0101267 , 0.0101267
0.0140963 , 0.0140963
0.00722035 , 0.00722035
0.012899 , 0.012899
0.00730168 , 0.00730168
0.012793 , 0.012793
0.0107597 , 0.0107597
1 , 1
0.00808381 , 0.00808381
0.00943705 , 0.00943705
0.0102293 , 0.0102293
0.0096087 , 0.0096087
0.0165504 , 0.0165504
0.00771122 , 0.00771122
0.0192202 , 0.0192202
0.0184093 , 0.0184093
0.0153241 , 0.0153241
1 , 1
1 , 1
1 , 1
0.0179542 , 0.0179542
0.00927304 , 0.00927304
0.00618507 , 0.00618507
0.0108509 , 0.0108509
0.0100516 , 0.0100516
0.00642723 , 0.00642723
0.0175495 , 0.0175495
0.00787219 , 0.00787219
1 , 1
0.0282053 , 0.0282053
0.00745763 , 0.00745763
1 , 1
0.00700825 , 0.00700825
0.0151214 , 0.0151214
0.0106707 , 0.0106707
0.0109762 , 0.0109762
1 , 1
0.0102816 , 0.0102816
0.0140963 , 0.0140963
0.00798354 , 0.00798354
0.00937469 , 0.00937469
1 , 1
0.0232029 , 0.0232029
0.00625518 , 0.00625518
0.0128456 , 0.0128456
0.0154298 , 0.0154298
0.00784487 , 0.00784487
1 , 1
0.0126395 , 0.0126395
1 , 1
0.0112062 , 0.0112062
0.00640874 , 0.00640874
0.00651161 , 0.00651161
0.0126395 , 0.0126395
0.0065211 , 0.0065211
0.00871586 , 0.00871586
0.00873313 , 0.00873313
1 , 1
0.0114155 , 0.0114155
0.0120828 , 0.0120828
1 , 1
0.0104989 , 0.0104989
0.0202647 , 0.0202647
