0.00713754 , 0.00713754
0.00916456 , 0.00916456
0.00847853 , 0.00847853
0.011715 , 0.011715
1 , 1
0.00760813 , 0.00760813
1 , 1
0.011207 , 0.011207
0.00762261 , 0.00762261
0.00803945 , 0.00803945
0.00566345 , 0.00566345
1 , 1
0.0100608 , 0.0100608
0.0105493 , 0.0105493
0.0101842 , 0.0101842
0.0123758 , 0.0123758
1 , 1
1 , 1
0.0182568 , 0.0182568
0.00706316 , 0.00706316
0.00627078 , 0.00627078
0.0129758 , 0.0129758
0.00749454 , 0.00749454
0.00752257 , 0.00752257
0.0124373 , 0.0124373
0.0254209 , 0.0254209
0.00826051 , 0.00826051
0.00780144 , 0.00780144
1 , 1
0.00426537 , 0.00426537
0.0165837 , 0.0165837
0.00753668 , 0.00753668
0.00988402 , 0.00988402
1 , 1
0.0100307 , 0.0100307
0.0090067 , 0.0090067
1 , 1
0.0066165 , 0.0066165
1 , 1
0.0128328 , 0.0128328
0.0138023 , 0.0138023
0.00845981 , 0.00845981
1 , 1
0.0109996 , 0.0109996
0.0113828 , 0.0113828
0.0109202 , 0.0109202
0.00974354 , 0.00974354
1 , 1
0.00725232 , 0.00725232
0.00894129 , 0.00894129
1 , 1
1 , 1
0.00613826 , 0.00613826
0.0133633 , 0.0133633
0.0135319 , 0.0135319
1 , 1
0.00935468 , 0.00935468
0.0138976 , 0.0138976
1 , 1
0.0254209 , 0.0254209
0.0120842 , 0.0120842
0.0124373 , 0.0124373
0.017912 , 0.017912
0.0106562 , 0.0106562
0.00668143 , 0.00668143
0.00563143 , 0.00563143
0.0201785 , 0.0201785
0.00836773 , 0.00836773
0.00979902 , 0.00979902
0.0190789 , 0.0190789
0.00869182 , 0.00869182
0.0136196 , 0.0136196
0.00632924 , 0.00632924
0.0101529 , 0.0101529
0.0115685 , 0.0115685
0.0105845 , 0.0105845
0.00921108 , 0.00921108
1 , 1
0.0121978 , 0.0121978
0.00504158 , 0.00504158
1 , 1
1 , 1
1 , 1
0.00833161 , 0.00833161
0.00985544 , 0.00985544
0.00752257 , 0.00752257
1 , 1
0.0134465 , 0.0134465
0.00914154 , 0.00914154
0.0144203 , 0.0144203
0.0161734 , 0.0161734
0.0132028 , 0.0132028
0.0115685 , 0.0115685
1 , 1
0.0170527 , 0.0170527
0.00879349 , 0.00879349
0.0173149 , 0.0173149
0.0134465 , 0.0134465
1 , 1
0.00851631 , 0.00851631
