0.00754025 , 0.0117104
0.0118227 , 0.0155526
0.00952653 , 0.0134893
0.00950309 , 0.0134683
0.00705422 , 0.0112759
0.0123498 , 0.0160273
0.00855449 , 0.0126181
0.00778565 , 0.0119299
0.00742923 , 0.0116111
0.00915325 , 0.0131546
0.00908367 , 0.0130922
0.00950309 , 0.0134683
0.00584485 , 0.0101958
0.0141888 , 0.0176872
0.00487998 , 0.00933511
0.00573876 , 0.0101011
0.0120979 , 0.0158004
0.0128076 , 0.01644
0.00846322 , 0.0125364
0.00980894 , 0.0137427
0.0131675 , 0.0167647
0.012782 , 0.0164169
0.0101173 , 0.0140194
0.00681356 , 0.0110608
0.0102127 , 0.0141051
0.0103802 , 0.0142555
0.0140563 , 0.0175674
0.0099984 , 0.0139127
0.0126034 , 0.0162559
0.010863 , 0.0146893
0.00995095 , 0.0138701
0.0137402 , 0.0172818
0.0116486 , 0.0153959
0.00940948 , 0.0133843
0.00648785 , 0.0107699
0.00718615 , 0.0113938
0.00729645 , 0.0114924
0.0115001 , 0.0152622
0.00778565 , 0.0119299
0.012123 , 0.015823
0.0159831 , 0.0193122
0.00742923 , 0.0116111
0.00871476 , 0.0127617
0.0130901 , 0.0166948
0.0135309 , 0.0170928
0.0107417 , 0.0145803
0.013557 , 0.0171163
0.00887571 , 0.0129059
0.0104522 , 0.0143202
0.0142685 , 0.0177593
0.00924622 , 0.013238
0.00966747 , 0.0136157
0.00745141 , 0.011631
0.0068572 , 0.0110998
0.0109116 , 0.014733
0.0081681 , 0.0122722
0.0102844 , 0.0141694
0.0130128 , 0.0166251
0.0104522 , 0.0143202
0.0093161 , 0.0133006
0.0093161 , 0.0133006
0.00819072 , 0.0122924
0.0145623 , 0.018025
0.012274 , 0.0159591
0.0122993 , 0.0159818
0.011748 , 0.0154853
0.0154028 , 0.0187861
0.00828133 , 0.0123735
0.0134788 , 0.0170457
0.00871476 , 0.0127617
0.0109603 , 0.0147767
0.00957345 , 0.0135314
0.010863 , 0.0146893
0.0134007 , 0.0169752
0.0089911 , 0.0130093
0.013557 , 0.0171163
0.0121481 , 0.0158456
0.0123751 , 0.0160501
0.012274 , 0.0159591
0.00971457 , 0.013658
0.00740707 , 0.0115913
0.00952653 , 0.0134893
0.00973814 , 0.0136791
0.00940948 , 0.0133843
0.00860021 , 0.0126591
0.00787529 , 0.0120101
0.0121481 , 0.0158456
0.0118975 , 0.01562
0.0103802 , 0.0142555
0.0119976 , 0.01571
0.0100459 , 0.0139553
0.00742923 , 0.0116111
0.0056541 , 0.0100256
0.010645 , 0.0144933
0.0109116 , 0.014733
0.00871476 , 0.0127617
0.0100222 , 0.013934
0.0114014 , 0.0151734
0.00655277 , 0.0108278
0.00857734 , 0.0126386
