1 , 1
0.00743344 , 0.00743344
1 , 1
0.00901575 , 0.00901575
1 , 1
1 , 1
0.0155146 , 0.0155146
0.00783277 , 0.00783277
0.0190246 , 0.0190246
0.0077974 , 0.0077974
0.0101934 , 0.0101934
0.00975889 , 0.00975889
1 , 1
1 , 1
0.0101165 , 0.0101165
0.0113702 , 0.0113702
1 , 1
0.0104792 , 0.0104792
1 , 1
1 , 1
0.0103948 , 0.0103948
0.00929141 , 0.00929141
0.00965941 , 0.00965941
0.0134445 , 0.0134445
1 , 1
0.0147139 , 0.0147139
0.00674029 , 0.00674029
0.0198794 , 0.0198794
1 , 1
1 , 1
0.0100787 , 0.0100787
1 , 1
1 , 1
0.0178185 , 0.0178185
0.00862127 , 0.00862127
1 , 1
0.00764316 , 0.00764316
0.0100415 , 0.0100415
0.00743344 , 0.00743344
1 , 1
0.00940915 , 0.00940915
0.00869141 , 0.00869141
0.0152935 , 0.0152935
1 , 1
0.00883678 , 0.00883678
0.00716521 , 0.00716521
1 , 1
0.0107014 , 0.0107014
0.00986178 , 0.00986178
0.00759345 , 0.00759345
0.00883678 , 0.00883678
1 , 1
1 , 1
1 , 1
1 , 1
1 , 1
0.00744907 , 0.00744907
0.00904221 , 0.00904221
1 , 1
0.00667899 , 0.00667899
1 , 1
1 , 1
0.0127315 , 0.0127315
1 , 1
1 , 1
0.00878754 , 0.00878754
1 , 1
1 , 1
0.00805419 , 0.00805419
0.0142286 , 0.0142286
0.00410796 , 0.00410796
1 , 1
1 , 1
0.00881206 , 0.00881206
0.0085754 , 0.0085754
0.00702589 , 0.00702589
1 , 1
1 , 1
1 , 1
0.00835599 , 0.00835599
1 , 1
0.00757707 , 0.00757707
0.00777986 , 0.00777986
0.0129186 , 0.0129186
0.00559872 , 0.00559872
0.0123094 , 0.0123094
0.0107951 , 0.0107951
0.0124712 , 0.0124712
1 , 1
0.00986178 , 0.00986178
1 , 1
1 , 1
0.0127315 , 0.0127315
1 , 1
0.0063352 , 0.0063352
0.00716521 , 0.00716521
0.00602658 , 0.00602658
0.0157533 , 0.0157533
0.007252 , 0.007252
1 , 1
