1 , 1
1 , 1
1 , 1
1 , 1
0.00518047 , 0.00518047
0.00888812 , 0.00888812
1 , 1
1 , 1
1 , 1
0.0109499 , 0.0109499
0.0123311 , 0.0123311
1 , 1
1 , 1
1 , 1
1 , 1
1 , 1
1 , 1
1 , 1
1 , 1
0.0068161 , 0.0068161
1 , 1
1 , 1
0.00964976 , 0.00964976
1 , 1
1 , 1
1 , 1
1 , 1
1 , 1
1 , 1
1 , 1
0.00475553 , 0.00475553
0.0116768 , 0.0116768
1 , 1
1 , 1
1 , 1
0.0093839 , 0.0093839
0.00655703 , 0.00655703
0.00961017 , 0.00961017
0.0159246 , 0.0159246
1 , 1
1 , 1
0.00945728 , 0.00945728
0.0102734 , 0.0102734
0.0159246 , 0.0159246
1 , 1
0.0134961 , 0.0134961
0.0093839 , 0.0093839
1 , 1
1 , 1
0.0104276 , 0.0104276
0.00819599 , 0.00819599
0.00488058 , 0.00488058
0.0107646 , 0.0107646
1 , 1
0.0121278 , 0.0121278
1 , 1
0.00638054 , 0.00638054
1 , 1
0.0115152 , 0.0115152
0.0142309 , 0.0142309
1 , 1
0.00977203 , 0.00977203
0.00694784 , 0.00694784
1 , 1
0.00885803 , 0.00885803
0.0107646 , 0.0107646
1 , 1
0.0122275 , 0.0122275
1 , 1
0.00998871 , 0.00998871
0.00662289 , 0.00662289
1 , 1
1 , 1
1 , 1
1 , 1
0.00812624 , 0.00812624
0.0125507 , 0.0125507
0.018238 , 0.018238
0.0130506 , 0.0130506
0.00808069 , 0.00808069
1 , 1
0.010481 , 0.010481
1 , 1
0.014028 , 0.014028
1 , 1
1 , 1
1 , 1
0.0108249 , 0.0108249
0.0127893 , 0.0127893
0.00515682 , 0.00515682
0.00801376 , 0.00801376
1 , 1
1 , 1
0.0052608 , 0.0052608
0.00567311 , 0.00567311
1 , 1
0.0108249 , 0.0108249
0.0079484 , 0.0079484
0.00688852 , 0.00688852
0.0100342 , 0.0100342
