0.0101716 , 0.0101716
1 , 1
1 , 1
0.00988604 , 0.00988604
0.0105627 , 0.0105627
1 , 1
0.00696964 , 0.00696964
1 , 1
1 , 1
0.00779525 , 0.00779525
1 , 1
0.00873299 , 0.00873299
1 , 1
0.00999643 , 0.00999643
0.00657215 , 0.00657215
0.00809783 , 0.00809783
1 , 1
1 , 1
1 , 1
0.00527304 , 0.00527304
1 , 1
1 , 1
0.0115909 , 0.0115909
0.0064711 , 0.0064711
1 , 1
0.00972894 , 0.00972894
0.0119292 , 0.0119292
0.00898553 , 0.00898553
1 , 1
0.0129559 , 0.0129559
0.007917 , 0.007917
1 , 1
0.00789218 , 0.00789218
1 , 1
1 , 1
1 , 1
1 , 1
1 , 1
1 , 1
0.0161214 , 0.0161214
1 , 1
1 , 1
0.00972894 , 0.00972894
1 , 1
1 , 1
0.00983259 , 0.00983259
0.0135661 , 0.0135661
0.0105627 , 0.0105627
1 , 1
0.00373554 , 0.00373554
1 , 1
1 , 1
0.00702178 , 0.00702178
0.0127813 , 0.0127813
0.00801876 , 0.00801876
0.00726091 , 0.00726091
1 , 1
0.0066167 , 0.0066167
1 , 1
1 , 1
0.00994064 , 0.00994064
0.00853481 , 0.00853481
0.00568539 , 0.00568539
0.00999643 , 0.00999643
1 , 1
0.0126179 , 0.0126179
0.00770188 , 0.00770188
0.0078676 , 0.0078676
0.00683559 , 0.00683559
1 , 1
0.00804484 , 0.00804484
0.00607833 , 0.00607833
0.00718492 , 0.00718492
0.00876757 , 0.00876757
1 , 1
0.00494907 , 0.00494907
1 , 1
0.00794206 , 0.00794206
0.00948691 , 0.00948691
0.00944114 , 0.00944114
1 , 1
1 , 1
0.00748237 , 0.00748237
1 , 1
1 , 1
1 , 1
1 , 1
1 , 1
0.0178685 , 0.0178685
1 , 1
0.00815195 , 0.00815195
1 , 1
1 , 1
1 , 1
0.00817944 , 0.00817944
1 , 1
1 , 1
0.00880262 , 0.00880262
1 , 1
0.00850323 , 0.00850323
