1 , 1
1 , 1
0.00814387 , 0.00814387
0.00715371 , 0.00715371
1 , 1
0.00944846 , 0.00944846
0.00944846 , 0.00944846
1 , 1
1 , 1
1 , 1
0.0100896 , 0.0100896
0.00759742 , 0.00759742
1 , 1
1 , 1
1 , 1
1 , 1
1 , 1
1 , 1
1 , 1
1 , 1
1 , 1
1 , 1
1 , 1
0.00584523 , 0.00584523
0.00585752 , 0.00585752
1 , 1
1 , 1
1 , 1
0.0166029 , 0.0166029
1 , 1
0.00563414 , 0.00563414
1 , 1
1 , 1
0.015653 , 0.015653
1 , 1
1 , 1
1 , 1
0.00764935 , 0.00764935
1 , 1
1 , 1
1 , 1
1 , 1
1 , 1
1 , 1
1 , 1
1 , 1
1 , 1
0.0107674 , 0.0107674
1 , 1
1 , 1
1 , 1
1 , 1
0.00625959 , 0.00625959
1 , 1
0.0149786 , 0.0149786
1 , 1
1 , 1
0.00713251 , 0.00713251
1 , 1
1 , 1
1 , 1
0.00674403 , 0.00674403
1 , 1
1 , 1
1 , 1
1 , 1
0.00913348 , 0.00913348
0.00687288 , 0.00687288
1 , 1
1 , 1
0.0118738 , 0.0118738
1 , 1
1 , 1
1 , 1
1 , 1
1 , 1
1 , 1
1 , 1
1 , 1
1 , 1
0.0144551 , 0.0144551
1 , 1
0.00820947 , 0.00820947
0.00757188 , 0.00757188
1 , 1
1 , 1
1 , 1
1 , 1
1 , 1
1 , 1
1 , 1
1 , 1
1 , 1
0.00903717 , 0.00903717
1 , 1
1 , 1
1 , 1
0.00713251 , 0.00713251
0.00554603 , 0.00554603
1 , 1
