1 , 1
0.00590352 , 0.00590352
1 , 1
0.0103973 , 0.0103973
1 , 1
1 , 1
1 , 1
1 , 1
1 , 1
0.00951567 , 0.00951567
1 , 1
1 , 1
0.00610089 , 0.00610089
1 , 1
1 , 1
1 , 1
1 , 1
0.0137099 , 0.0137099
1 , 1
1 , 1
1 , 1
0.0083731 , 0.0083731
1 , 1
1 , 1
0.00859074 , 0.00859074
1 , 1
1 , 1
0.00795376 , 0.00795376
0.00795376 , 0.00795376
1 , 1
1 , 1
1 , 1
1 , 1
1 , 1
1 , 1
1 , 1
1 , 1
0.00733801 , 0.00733801
1 , 1
1 , 1
1 , 1
1 , 1
1 , 1
0.0096074 , 0.0096074
1 , 1
0.00822368 , 0.00822368
0.0159647 , 0.0159647
0.00733801 , 0.00733801
1 , 1
1 , 1
1 , 1
1 , 1
1 , 1
1 , 1
1 , 1
0.00533122 , 0.00533122
1 , 1
0.00889954 , 0.00889954
0.0093436 , 0.0093436
1 , 1
1 , 1
1 , 1
0.0065845 , 0.0065845
1 , 1
0.00426497 , 0.00426497
1 , 1
1 , 1
1 , 1
1 , 1
1 , 1
1 , 1
0.00499141 , 0.00499141
1 , 1
1 , 1
1 , 1
0.0108573 , 0.0108573
1 , 1
1 , 1
1 , 1
1 , 1
1 , 1
1 , 1
1 , 1
1 , 1
1 , 1
1 , 1
0.00727628 , 0.00727628
1 , 1
1 , 1
1 , 1
0.0102643 , 0.0102643
1 , 1
1 , 1
1 , 1
1 , 1
1 , 1
1 , 1
1 , 1
0.00645774 , 0.00645774
1 , 1
