0.0122703 , 0.439782
0.0122703 , 0.439782
1.7837e-46 , 0.439155
1.7837e-46 , 0.439155
0.0122703 , 0.439782
1.7837e-46 , 0.439155
1.7837e-46 , 0.439155
0.0122703 , 0.439782
1.7837e-46 , 0.439155
1.7837e-46 , 0.439155
0.0122703 , 0.439782
1.7837e-46 , 0.439155
1.7837e-46 , 0.439155
1.7837e-46 , 0.439155
1.7837e-46 , 0.439155
1.7837e-46 , 0.439155
0.0122703 , 0.439782
0.0122703 , 0.439782
1.7837e-46 , 0.439155
1.7837e-46 , 0.439155
0.0240947 , 0.440411
1.7837e-46 , 0.439155
0.0240947 , 0.440411
0.0122703 , 0.439782
1.7837e-46 , 0.439155
1.7837e-46 , 0.439155
1.7837e-46 , 0.439155
1.7837e-46 , 0.439155
1.7837e-46 , 0.439155
1.7837e-46 , 0.439155
0.0122703 , 0.439782
1.7837e-46 , 0.439155
0.0122703 , 0.439782
0.0354851 , 0.441042
1.7837e-46 , 0.439155
0.0122703 , 0.439782
1.7837e-46 , 0.439155
1.7837e-46 , 0.439155
1.7837e-46 , 0.439155
1.7837e-46 , 0.439155
0.0354851 , 0.441042
0.0122703 , 0.439782
0.0354851 , 0.441042
1.7837e-46 , 0.439155
1.7837e-46 , 0.439155
1.7837e-46 , 0.439155
0.0122703 , 0.439782
1.7837e-46 , 0.439155
1.7837e-46 , 0.439155
1.7837e-46 , 0.439155
1.7837e-46 , 0.439155
1.7837e-46 , 0.439155
1.7837e-46 , 0.439155
1.7837e-46 , 0.439155
1.7837e-46 , 0.439155
1.7837e-46 , 0.439155
0.0122703 , 0.439782
1.7837e-46 , 0.439155
0.0122703 , 0.439782
1.7837e-46 , 0.439155
0.0122703 , 0.439782
1.7837e-46 , 0.439155
1.7837e-46 , 0.439155
0.0122703 , 0.439782
1.7837e-46 , 0.439155
0.0240947 , 0.440411
0.0240947 , 0.440411
1.7837e-46 , 0.439155
0.0122703 , 0.439782
0.0122703 , 0.439782
0.0240947 , 0.440411
1.7837e-46 , 0.439155
0.0122703 , 0.439782
1.7837e-46 , 0.439155
0.0122703 , 0.439782
1.7837e-46 , 0.439155
0.0122703 , 0.439782
1.7837e-46 , 0.439155
0.0240947 , 0.440411
0.0122703 , 0.439782
0.0122703 , 0.439782
0.0122703 , 0.439782
0.0122703 , 0.439782
1.7837e-46 , 0.439155
1.7837e-46 , 0.439155
1.7837e-46 , 0.439155
1.7837e-46 , 0.439155
1.7837e-46 , 0.439155
0.0122703 , 0.439782
0.0122703 , 0.439782
0.0240947 , 0.440411
0.0122703 , 0.439782
0.0240947 , 0.440411
0.0354851 , 0.441042
0.0122703 , 0.439782
0.0122703 , 0.439782
1.7837e-46 , 0.439155
1.7837e-46 , 0.439155
1.7837e-46 , 0.439155
1.7837e-46 , 0.439155
