1 , 1
1 , 1
1 , 1
1 , 1
1 , 1
1 , 1
1 , 1
1 , 1
1 , 1
1 , 1
1 , 1
1 , 1
1 , 1
1 , 1
1 , 1
1 , 1
1 , 1
1 , 1
1 , 1
1 , 1
1 , 1
1 , 1
1 , 1
1 , 1
1 , 1
1 , 1
1 , 1
1 , 1
1 , 1
1 , 1
1 , 1
1 , 1
1 , 1
1 , 1
0.00663311 , 0.00663311
1 , 1
0.00756874 , 0.00756874
1 , 1
1 , 1
1 , 1
1 , 1
1 , 1
1 , 1
1 , 1
0.00502966 , 0.00502966
0.00540113 , 0.00540113
1 , 1
1 , 1
1 , 1
1 , 1
1 , 1
1 , 1
1 , 1
1 , 1
1 , 1
0.00679328 , 0.00679328
1 , 1
1 , 1
1 , 1
1 , 1
1 , 1
1 , 1
1 , 1
0.0085079 , 0.0085079
1 , 1
1 , 1
1 , 1
1 , 1
1 , 1
1 , 1
1 , 1
1 , 1
1 , 1
1 , 1
1 , 1
1 , 1
0.00516989 , 0.00516989
1 , 1
1 , 1
1 , 1
1 , 1
1 , 1
1 , 1
1 , 1
1 , 1
1 , 1
1 , 1
0.00464219 , 0.00464219
1 , 1
1 , 1
1 , 1
1 , 1
0.00740979 , 0.00740979
1 , 1
1 , 1
1 , 1
0.00473695 , 0.00473695
1 , 1
1 , 1
1 , 1
