0.00565522 , 0.00600869
0.0100892 , 0.0103603
0.0130058 , 0.0132332
0.0119265 , 0.0121692
0.00980104 , 0.0100769
0.00863041 , 0.00892638
0.00970605 , 0.00998353
0.0116669 , 0.0119135
0.0137422 , 0.0139596
0.0143513 , 0.0145608
0.00826537 , 0.00856789
0.0116821 , 0.0119284
0.0130879 , 0.0133142
0.00840293 , 0.00870297
0.00516843 , 0.00553225
0.00951763 , 0.00979826
0.0082032 , 0.00850684
0.0130386 , 0.0132656
0.00904229 , 0.00933104
0.0130551 , 0.0132818
0.00631115 , 0.00665109
0.00891252 , 0.00920353
0.00957126 , 0.00985098
0.0116972 , 0.0119433
0.00875807 , 0.00905179
0.00982827 , 0.0101037
0.00915991 , 0.00944663
0.00788344 , 0.00819294
0.00743826 , 0.00775611
0.0123944 , 0.0126303
0.00683118 , 0.00716075
0.0110126 , 0.0112691
0.00826537 , 0.00856789
0.00525213 , 0.00561415
0.0101585 , 0.0104285
0.00795671 , 0.00826486
0.010256 , 0.0105244
0.00765342 , 0.00796721
0.0129241 , 0.0131526
0.0106373 , 0.0108996
0.0119111 , 0.0121541
0.00705056 , 0.00737585
0.00790783 , 0.00821688
0.0108528 , 0.0111118
0.00909447 , 0.00938232
0.0103119 , 0.0105795
0.0114112 , 0.0116615
0.0100063 , 0.0102789
0.0118804 , 0.0121238
0.0080672 , 0.00837332
0.0124895 , 0.0127241
0.0088996 , 0.00919084
0.0110126 , 0.0112691
0.0142453 , 0.0144562
0.00965201 , 0.00993038
0.0158114 , 0.0160032
0.0102281 , 0.010497
0.0119881 , 0.01223
0.0123155 , 0.0125526
0.0123786 , 0.0126147
0.0112329 , 0.011486
0.0119419 , 0.0121844
0.0140876 , 0.0143005
0.015075 , 0.0152756
0.0132035 , 0.0134282
0.0110272 , 0.0112835
0.0115913 , 0.011839
0.0126974 , 0.012929
0.009371 , 0.00965411
0.0105092 , 0.0107736
0.00985555 , 0.0101305
0.00726097 , 0.0075822
0.00995136 , 0.0102248
0.00929154 , 0.00957601
0.0134035 , 0.0136255
0.0115461 , 0.0117944
0.0105234 , 0.0107876
0.00919929 , 0.00948534
0.0100753 , 0.0103467
0.0107232 , 0.0109842
0.0105803 , 0.0108435
0.0109834 , 0.0112404
0.0124895 , 0.0127241
0.00946417 , 0.0097457
0.0129568 , 0.0131848
0.00606779 , 0.00641269
0.0140701 , 0.0142833
0.00638929 , 0.00672766
0.0144045 , 0.0146134
0.00992393 , 0.0101978
0.0103962 , 0.0106624
0.00807952 , 0.00838542
0.0106945 , 0.0109559
0.00971959 , 0.00999684
0.0157344 , 0.0159271
0.00716714 , 0.00749018
0.00977385 , 0.0100502
0.0104103 , 0.0106763
0.0108528 , 0.0111118
0.0140876 , 0.0143005
