0.43368, 0.467087
0.473906
0.472935
0.409384
0.468063
0.424948
0.402026
0.423919
0.447281
0.451279
0.491188
0.431096
0.492137
0.436187
0.494032
0.40097
0.402026
0.503442
0.481632
0.408336
0.452276
0.51089
0.461193
0.455259
0.498751
0.504377
0.484511
0.432117
0.428027
0.412519
0.496867
0.418755
0.531917
0.496867
0.460207
0.402026
0.449282
0.472935
0.441248
0.507175
0.458231
0.495923
0.439227
0.492137
0.487379
0.487379
0.451279
0.427002
0.459219
0.494032
0.498751
0.416681
0.486424
0.44427
0.431096
0.351028
0.407288
0.452276
0.513665
0.430075
0.442256
0.502506
0.531014
0.509963
0.447281
0.414602
0.451279
0.462178
0.405187
0.487379
0.41043
0.54798
0.437202
0.504377
0.445275
0.441248
0.470015
0.427002
0.428027
0.530111
0.472935
0.44427
0.522845
0.403081
0.475844
0.423919
0.459219
0.491188
0.412519
0.386053
0.447281
0.433136
0.481632
0.450281
0.481632
0.448282
0.520102
0.501569
0.453271
0.507175
0.463161
