0.248282, 0.270143
0.268586
0.286553
0.338685
0.261316
0.244169
0.298367
0.179534
0.287741
0.307724
0.284175
0.336425
0.278205
0.300714
0.294837
0.239223
0.305393
0.201455
0.307724
0.333023
0.220486
0.277008
0.292477
0.291295
0.321602
0.32847
0.298367
0.251549
0.241698
0.212909
0.253999
0.261316
0.237983
0.298367
0.223001
0.272203
0.229266
0.226764
0.250323
0.229266
0.304225
0.250323
0.239223
0.247865
0.298367
0.2601
0.261316
0.246634
0.292477
0.291295
0.228016
0.331887
0.250323
0.261316
0.305393
0.249095
0.312371
0.277008
0.226764
0.223001
0.255222
0.274608
0.197614
0.278205
0.226764
0.323897
0.23301
0.226764
0.288927
0.237983
0.270999
0.256443
0.178233
0.262531
0.228016
0.275808
0.286553
0.296015
0.326186
0.251549
0.264957
0.315842
0.269793
0.224257
0.237983
0.23301
0.256443
0.267378
0.329611
0.240461
0.236741
0.189896
0.226764
0.251549
0.359907
0.308888
0.251549
0.284175
0.325042
0.298367
0.211642
