0.315403, 0.34206
0.384978
0.351028
0.342067
0.315842
0.382825
0.264957
0.308888
0.301886
0.361011
0.351028
0.306559
0.311211
0.319302
0.315842
0.387127
0.239223
0.329611
0.315842
0.303056
0.379585
0.323897
0.371981
0.366512
0.308888
0.330749
0.290111
0.351028
0.427002
0.327329
0.348796
0.343192
0.396733
0.290111
0.320453
0.326186
0.320453
0.253999
0.381746
0.339814
0.32275
0.326186
0.325042
0.319302
0.376334
0.330749
0.412519
0.363215
0.228016
0.343192
0.365414
0.247865
0.334158
0.38927
0.386053
0.397794
0.286553
0.386053
0.336425
0.338685
0.342067
0.286553
0.364315
0.330749
0.321602
0.325042
0.333023
0.336425
0.347677
0.357695
0.382825
0.340941
0.334158
0.351028
0.303056
0.308888
0.305393
0.349913
0.301886
0.320453
0.449282
0.307724
0.365414
0.334158
0.407288
0.32847
0.363215
0.380666
0.340941
0.306559
0.230516
0.285365
0.32275
0.241698
0.425975
0.333023
0.369797
0.363215
0.39567
0.41043
0.269793
