0.376318, 0.407536
0.392476
0.366512
0.40097
0.402026
0.438215
0.474875
0.41043
0.430075
0.463161
0.382825
0.377419
0.424948
0.422888
0.391409
0.357695
0.371981
0.424948
0.406238
0.325042
0.423919
0.417719
0.406238
0.438215
0.449282
0.353256
0.37089
0.437202
0.364315
0.39034
0.342067
0.369797
0.446278
0.325042
0.340941
0.460207
0.391409
0.416681
0.432117
0.355478
0.381746
0.371981
0.346558
0.323897
0.456251
0.378503
0.344315
0.367609
0.404134
0.406238
0.367609
0.394607
0.423919
0.398854
0.417719
0.391409
0.391409
0.343192
0.377419
0.37089
0.409384
0.423919
0.413561
0.420824
0.48067
0.435171
0.41979
0.468063
0.381746
0.354367
0.356587
0.343192
0.409384
0.403081
0.41043
0.41043
0.344315
0.343192
0.508106
0.391409
0.39567
0.451279
0.414602
0.393542
0.424948
0.349913
0.425975
0.267378
0.450281
0.416681
0.343192
0.373071
0.357695
0.344315
0.447281
0.41979
0.37089
0.344315
0.343192
0.365414
0.399912
