0.486291, 0.521197
0.541774
0.51643
0.524668
0.483552
0.471963
0.446278
0.57657
0.467085
0.48067
0.51089
0.51551
0.438215
0.499692
0.474875
0.542663
0.546212
0.579115
0.452276
0.499692
0.55676
0.477778
0.457241
0.477778
0.464144
0.541774
0.528301
0.49781
0.481632
0.56371
0.468063
0.535516
0.452276
0.488333
0.54798
0.551504
0.531014
0.550625
0.527394
0.639996
0.519186
0.508106
0.465125
0.54444
0.545327
0.51735
0.526486
0.51735
0.498751
0.537309
0.476812
0.506244
0.529206
0.521932
0.522845
0.492137
0.504377
0.543552
0.489286
0.495923
0.457241
0.530111
0.509963
0.477778
0.475844
0.441248
0.530111
0.481632
0.465125
0.494978
0.465125
0.470989
0.494032
0.51643
0.484511
0.460207
0.537309
0.513665
0.442256
0.500631
0.508106
0.525577
0.493085
0.437202
0.427002
0.565438
0.521932
0.509035
0.528301
0.521932
0.51089
0.41043
0.463161
0.501569
0.537309
0.448282
0.541774
0.470015
0.529206
0.523757
0.505311
