0.838463, 0.864219
0.852705
0.856629
0.863853
0.862747
0.912184
0.885565
0.819204
0.888227
0.84307
0.873718
0.8699
0.858861
0.859974
0.790068
0.847055
0.837332
0.853829
0.851015
0.868805
0.836755
0.804803
0.837332
0.879131
0.817422
0.840207
0.819797
0.833284
0.87967
0.846487
0.889818
0.886099
0.841926
0.833284
0.840781
0.848755
0.872629
0.850451
0.886631
0.862747
0.8356
0.838483
0.85607
0.837908
0.888227
0.864405
0.85439
0.8633
0.838483
0.836755
0.855511
0.848189
0.853267
0.851579
0.8633
0.872629
0.856629
0.874261
0.855511
0.815634
0.859974
0.852705
0.887695
0.84535
0.823343
0.855511
0.852705
0.879131
0.844781
0.837908
0.866059
0.819204
0.838483
0.859974
0.834443
0.888227
0.872085
0.885565
0.878052
0.84364
0.866609
0.85607
0.849321
0.813243
0.870447
0.870447
0.851015
0.863853
0.871539
0.830959
0.880208
0.825696
0.849886
0.812044
0.838483
0.859418
0.813842
0.837908
0.867708
0.840781
0.831541
