0.819675, 0.846699
0.780053
0.819204
0.84364
0.84364
0.815634
0.833284
0.828041
0.833284
0.867159
0.872629
0.841926
0.828625
0.836178
0.811444
0.836755
0.827455
0.858861
0.828041
0.841926
0.828625
0.836755
0.861639
0.8356
0.860529
0.817422
0.861639
0.830376
0.860529
0.872085
0.867708
0.8633
0.851579
0.859418
0.839633
0.862747
0.828625
0.834443
0.859974
0.863853
0.826869
0.846487
0.840207
0.830376
0.822163
0.844781
0.84307
0.839633
0.849321
0.835022
0.894567
0.815037
0.815037
0.861639
0.823343
0.8633
0.826869
0.857746
0.81861
0.813842
0.833864
0.80541
0.829209
0.859974
0.825696
0.846487
0.846487
0.822753
0.835022
0.839633
0.828625
0.840207
0.81444
0.861639
0.861639
0.793784
0.829793
0.817422
0.833864
0.8633
0.838483
0.80964
0.790068
0.80783
0.806016
0.810242
0.818016
0.81861
0.816826
0.836178
0.822753
0.848189
0.810843
0.825696
0.847622
0.820981
0.801151
0.847055
0.853829
0.859974
0.820981
