0.690855, 0.724648
0.742388
0.720639
0.693132
0.730923
0.712995
0.725458
0.693132
0.69457
0.69958
0.737692
0.678576
0.703846
0.698153
0.700293
0.758892
0.737692
0.731603
0.722709
0.656903
0.668946
0.745057
0.696722
0.69457
0.736344
0.746387
0.677103
0.682976
0.708788
0.681512
0.703846
0.773714
0.748378
0.733639
0.749701
0.662198
0.726144
0.724085
0.72133
0.667452
0.729561
0.788825
0.743057
0.682244
0.77052
0.701005
0.726144
0.723397
0.749701
0.705968
0.662198
0.717175
0.760194
0.762791
0.762791
0.708084
0.703846
0.663703
0.674148
0.69457
0.705261
0.712295
0.69958
0.677103
0.709491
0.719256
0.757587
0.672666
0.730923
0.705968
0.714391
0.715785
0.705261
0.738365
0.752999
0.742388
0.681512
0.743724
0.730243
0.736344
0.726144
0.682976
0.767954
0.75824
0.706674
0.690968
0.724772
0.68078
0.693132
0.737018
0.715785
0.759543
0.704554
0.715785
0.75824
0.67784
0.74038
0.724772
0.780684
0.697438
0.672666
