0.721962, 0.754417
0.768597
0.725458
0.791309
0.77052
0.736344
0.720639
0.688798
0.726829
0.74038
0.682976
0.769239
0.769239
0.756279
0.734993
0.784454
0.739709
0.706674
0.730923
0.711595
0.762791
0.724772
0.81444
0.729561
0.762143
0.745057
0.734316
0.747715
0.759543
0.732283
0.726144
0.712295
0.760845
0.762791
0.743724
0.724772
0.761494
0.728197
0.727513
0.711595
0.708788
0.712295
0.760194
0.72133
0.77116
0.754313
0.764732
0.778158
0.701005
0.776891
0.726829
0.732961
0.762143
0.766023
0.750362
0.750362
0.715785
0.702427
0.763439
0.745723
0.752999
0.745057
0.758892
0.746387
0.789447
0.711595
0.772438
0.760194
0.72202
0.755624
0.732961
0.702427
0.747715
0.744391
0.710193
0.733639
0.685893
0.730243
0.7718
0.728197
0.712995
0.762791
0.747052
0.730923
0.77116
0.717175
0.772438
0.737018
0.781943
0.764086
0.754969
0.752999
0.795018
0.767954
0.725458
0.717869
0.746387
0.77116
0.762791
0.757587
0.745057
