0.855603, 0.879916
0.860529
0.870993
0.874261
0.874804
0.875347
0.916256
0.881283
0.858304
0.875347
0.885032
0.891405
0.866609
0.891405
0.874804
0.872629
0.901363
0.844211
0.882357
0.864405
0.874804
0.901882
0.863853
0.876972
0.893515
0.882893
0.856629
0.890876
0.888758
0.861639
0.847055
0.877512
0.869353
0.892988
0.861084
0.8633
0.879131
0.828041
0.907055
0.873718
0.872085
0.883428
0.866059
0.859418
0.867159
0.873174
0.891405
0.869353
0.846487
0.87967
0.887695
0.872085
0.829793
0.893515
0.858861
0.894041
0.888758
0.864405
0.890347
0.859974
0.882357
0.908598
0.846487
0.864957
0.861639
0.881283
0.876431
0.876972
0.859418
0.851579
0.878592
0.874261
0.858304
0.860529
0.864405
0.883428
0.912694
0.870447
0.893515
0.867159
0.867708
0.868805
0.866059
0.880208
0.835022
0.852705
0.875889
0.874804
0.864405
0.893515
0.890347
0.879131
0.84364
0.87967
0.882357
0.840781
0.875347
0.873174
0.874804
0.865508
0.859974
