0.798761, 0.82717
0.835022
0.801761
0.806016
0.842498
0.827455
0.801151
0.852705
0.829793
0.812644
0.821572
0.811444
0.825109
0.8356
0.836178
0.833284
0.853267
0.811444
0.831541
0.786956
0.769239
0.828625
0.804196
0.792548
0.829793
0.822753
0.80298
0.801761
0.836755
0.809037
0.754313
0.823343
0.824521
0.838483
0.832703
0.804196
0.798705
0.828625
0.80964
0.830376
0.809037
0.812644
0.80298
0.796864
0.824521
0.832122
0.842498
0.817422
0.819204
0.761494
0.819797
0.828041
0.80783
0.817422
0.811444
0.833864
0.789447
0.835022
0.833864
0.856629
0.823343
0.806621
0.809037
0.819204
0.81861
0.801151
0.795018
0.809037
0.819204
0.812044
0.804196
0.820981
0.830959
0.816826
0.828041
0.861639
0.857746
0.839633
0.778158
0.829793
0.822753
0.789447
0.838483
0.824521
0.813842
0.792548
0.818016
0.828041
0.800541
0.798705
0.848189
0.847055
0.845919
0.80298
0.816826
0.828625
0.813243
0.829793
0.791309
0.799317
0.823932
