0.656989, 0.691669
0.68078
0.647732
0.722709
0.698153
0.642326
0.698153
0.608984
0.676366
0.74038
0.711595
0.722709
0.68662
0.623466
0.719948
0.688073
0.628229
0.690245
0.68078
0.696722
0.698153
0.764732
0.748378
0.65842
0.670436
0.668946
0.599987
0.711595
0.635312
0.688073
0.68662
0.679311
0.695288
0.656903
0.682244
0.653097
0.692411
0.683706
0.693132
0.703846
0.629809
0.701005
0.697438
0.702427
0.627437
0.703846
0.701716
0.667452
0.692411
0.657662
0.711595
0.679311
0.67784
0.706674
0.766667
0.74105
0.682976
0.692411
0.65842
0.657662
0.608171
0.727513
0.621073
0.639996
0.695288
0.633744
0.71648
0.72202
0.68078
0.631386
0.640773
0.662951
0.632959
0.637658
0.715088
0.723397
0.701005
0.67784
0.701716
0.68662
0.657662
0.689522
0.745723
0.655383
0.679311
0.696722
0.67118
0.715088
0.72133
0.639996
0.648501
0.653097
0.719948
0.632173
0.643875
0.682976
0.682244
0.687347
0.65386
0.661444
0.685165
