0.870864, 0.89396
0.922315
0.900322
0.910137
0.883963
0.907055
0.886631
0.871539
0.878592
0.875889
0.883428
0.889288
0.901882
0.920806
0.8699
0.8633
0.865508
0.936221
0.905508
0.876972
0.882357
0.882893
0.888758
0.87967
0.876972
0.87967
0.894567
0.906024
0.868257
0.867159
0.845919
0.882357
0.877512
0.886631
0.878592
0.869353
0.857188
0.888758
0.864405
0.863853
0.928313
0.872629
0.871539
0.876431
0.89719
0.896666
0.901882
0.857746
0.881283
0.894041
0.907055
0.872085
0.911161
0.897713
0.888758
0.90292
0.859418
0.893515
0.894041
0.887695
0.892461
0.873174
0.891405
0.879131
0.893515
0.848189
0.858304
0.894041
0.849321
0.864405
0.864405
0.896666
0.859418
0.873174
0.901363
0.884498
0.849886
0.881283
0.906024
0.898236
0.904474
0.920806
0.902402
0.903957
0.881283
0.900322
0.844211
0.858304
0.875889
0.891405
0.911673
0.909112
0.883428
0.900843
0.890347
0.884498
0.887164
0.887695
0.892461
0.898758
0.858304
