0.897179, 0.917705
0.890347
0.93129
0.893515
0.899801
0.906024
0.900322
0.89719
0.934253
0.917776
0.904474
0.924821
0.912694
0.901882
0.900843
0.915241
0.885565
0.894567
0.915241
0.89928
0.913714
0.908598
0.927317
0.905508
0.870993
0.899801
0.888758
0.904991
0.89928
0.912694
0.883428
0.891933
0.903957
0.90292
0.906539
0.927317
0.896666
0.909112
0.888758
0.907055
0.929307
0.891933
0.93228
0.894041
0.90292
0.900843
0.907055
0.899801
0.909112
0.891405
0.921309
0.905508
0.896142
0.918788
0.911161
0.866059
0.90292
0.891933
0.922817
0.916763
0.925321
0.896142
0.921812
0.882357
0.914732
0.890876
0.9303
0.924821
0.935729
0.904991
0.935238
0.93129
0.904991
0.891933
0.892988
0.909625
0.90757
0.906539
0.905508
0.922817
0.889818
0.936221
0.891933
0.923318
0.915749
0.904991
0.938671
0.913204
0.91065
0.925321
0.886631
0.919293
0.884498
0.914223
0.912694
0.926819
0.903957
0.874804
0.912184
0.905508
0.91065
