0.918314, 0.936552
0.910137
0.908598
0.92632
0.911673
0.952689
0.92632
0.924321
0.913204
0.944511
0.919798
0.928313
0.92881
0.904991
0.944026
0.951733
0.929307
0.922315
0.914223
0.940136
0.912184
0.931785
0.92632
0.936221
0.894041
0.925321
0.914732
0.937202
0.929307
0.94257
0.936711
0.924821
0.935238
0.918788
0.937692
0.924821
0.915241
0.924321
0.915749
0.920806
0.926819
0.940624
0.916763
0.91727
0.920806
0.920806
0.922315
0.937692
0.922817
0.930795
0.944511
0.926819
0.923318
0.931785
0.943541
0.944995
0.925321
0.930795
0.905508
0.953644
0.941598
0.941111
0.927816
0.908598
0.937692
0.93376
0.924321
0.938181
0.932774
0.911673
0.938671
0.940624
0.909112
0.924821
0.926819
0.913714
0.92382
0.908598
0.929307
0.920806
0.940624
0.925321
0.919798
0.916256
0.939159
0.926819
0.916763
0.93129
0.93376
0.933267
0.929307
0.940624
0.885565
0.904991
0.908084
0.922817
0.90757
0.938181
0.941598
0.927816
0.919798
