Building DAG of jobs...
Using shell: /usr/bin/bash
Provided cores: 100
Rules claiming more threads will be scaled down.
Job stats:
job                 count
----------------  -------
all                     1
plot_k_variation        1
plot_r_variation        1
total                   3

Select jobs to execute...
Execute 2 jobs...

[Thu May  8 09:11:09 2025]
localrule plot_k_variation:
    input: chrY_RBMY1A1/varing_k/k4_r0.01.output, chrY_RBMY1A1/varing_k/k8_r0.01.output, chrY_RBMY1A1/varing_k/k16_r0.01.output, chrY_RBMY1A1/varing_k/k32_r0.01.output, chrY_RBMY1A1/varing_k/k60_r0.01.output, chrY_RBMY1A1/varing_k/k90_r0.01.output, chrY_RBMY1A1/varing_k/k120_r0.01.output, chrY_RBMY1A1/varing_k/k150_r0.01.output, chrY_RBMY1A1/varing_k/k180_r0.01.output, chrY_RBMY1A1/varing_k/k210_r0.01.output, chrY_RBMY1A1/varing_k/k240_r0.01.output, chrY_RBMY1A1/varing_k/k270_r0.01.output, chrY_RBMY1A1/varing_k/k300_r0.01.output, chrY_RBMY1A1/varing_k/k330_r0.01.output, chrY_RBMY1A1/varing_k/k360_r0.01.output, chrY_RBMY1A1/varing_k/k390_r0.01.output, chrY_RBMY1A1/varing_k/k420_r0.01.output, chrY_RBMY1A1/varing_k/k450_r0.01.output, chrY_RBMY1A1/varing_k/k480_r0.01.output, chrY_RBMY1A1/varing_k/k510_r0.01.output, chrY_RBMY1A1/varing_k/k540_r0.01.output, chrY_RBMY1A1/varing_k/k570_r0.01.output, chrY_RBMY1A1/varing_k/k600_r0.01.output, chrY_RBMY1A1/varing_k/k630_r0.01.output, chrY_RBMY1A1/varing_k/k660_r0.01.output, chrY_RBMY1A1/varing_k/k690_r0.01.output, chrY_RBMY1A1/varing_k/k720_r0.01.output, chrY_RBMY1A1/varing_k/k750_r0.01.output, chrY_RBMY1A1/varing_k/k780_r0.01.output
    output: chrY_RBMY1A1/triple_boxplot_r0.01.png
    jobid: 91
    reason: Missing output files: chrY_RBMY1A1/triple_boxplot_r0.01.png
    wildcards: output_dir=chrY_RBMY1A1, fixed_r=0.01
    resources: tmpdir=/tmp


[Thu May  8 09:11:09 2025]
localrule plot_r_variation:
    input: chrY_RBMY1A1/varing_r/r0.001_k20.output, chrY_RBMY1A1/varing_r/r0.011_k20.output, chrY_RBMY1A1/varing_r/r0.021_k20.output, chrY_RBMY1A1/varing_r/r0.031_k20.output, chrY_RBMY1A1/varing_r/r0.041_k20.output, chrY_RBMY1A1/varing_r/r0.051_k20.output, chrY_RBMY1A1/varing_r/r0.061_k20.output, chrY_RBMY1A1/varing_r/r0.071_k20.output, chrY_RBMY1A1/varing_r/r0.081_k20.output, chrY_RBMY1A1/varing_r/r0.091_k20.output, chrY_RBMY1A1/varing_r/r0.101_k20.output, chrY_RBMY1A1/varing_r/r0.111_k20.output, chrY_RBMY1A1/varing_r/r0.121_k20.output, chrY_RBMY1A1/varing_r/r0.131_k20.output, chrY_RBMY1A1/varing_r/r0.141_k20.output, chrY_RBMY1A1/varing_r/r0.151_k20.output, chrY_RBMY1A1/varing_r/r0.161_k20.output, chrY_RBMY1A1/varing_r/r0.171_k20.output, chrY_RBMY1A1/varing_r/r0.181_k20.output, chrY_RBMY1A1/varing_r/r0.191_k20.output, chrY_RBMY1A1/varing_r/r0.201_k20.output, chrY_RBMY1A1/varing_r/r0.211_k20.output, chrY_RBMY1A1/varing_r/r0.221_k20.output, chrY_RBMY1A1/varing_r/r0.231_k20.output, chrY_RBMY1A1/varing_r/r0.241_k20.output, chrY_RBMY1A1/varing_r/r0.251_k20.output, chrY_RBMY1A1/varing_r/r0.261_k20.output, chrY_RBMY1A1/varing_r/r0.271_k20.output
    output: chrY_RBMY1A1/diff_boxplot_r_k20.png
    jobid: 208
    reason: Missing output files: chrY_RBMY1A1/diff_boxplot_r_k20.png
    wildcards: output_dir=chrY_RBMY1A1, fixed_k=20
    resources: tmpdir=/tmp

[Thu May  8 09:11:13 2025]
Finished job 91.
1 of 3 steps (33%) done
[Thu May  8 09:11:13 2025]
Finished job 208.
2 of 3 steps (67%) done
Select jobs to execute...
Execute 1 jobs...

[Thu May  8 09:11:13 2025]
localrule all:
    input: chr6_RepeatMasker/triple_boxplot_r0.01.png, chr21_centromere/triple_boxplot_r0.01.png, chrY_SimpleRepeat/triple_boxplot_r0.01.png, chrY_RBMY1A1/triple_boxplot_r0.01.png, chr6_RepeatMasker/diff_boxplot_r_k20.png, chr21_centromere/diff_boxplot_r_k30.png, chrY_SimpleRepeat/diff_boxplot_r_k10.png, chrY_RBMY1A1/diff_boxplot_r_k20.png
    jobid: 0
    reason: Input files updated by another job: chrY_RBMY1A1/diff_boxplot_r_k20.png, chrY_RBMY1A1/triple_boxplot_r0.01.png
    resources: tmpdir=/tmp

[Thu May  8 09:11:13 2025]
Finished job 0.
3 of 3 steps (100%) done
Complete log: .snakemake/log/2025-05-08T091109.170798.snakemake.log
