Building DAG of jobs...
Using shell: /usr/bin/bash
Provided cores: 100
Rules claiming more threads will be scaled down.
Job stats:
job                 count
----------------  -------
all                     1
plot_k_variation        2
plot_r_variation        4
total                   7

Select jobs to execute...
Execute 6 jobs...

[Fri May  9 20:48:56 2025]
localrule plot_k_variation:
    input: chrY_RBMY1A1/varing_k/k4_r0.01.output, chrY_RBMY1A1/varing_k/k8_r0.01.output, chrY_RBMY1A1/varing_k/k16_r0.01.output, chrY_RBMY1A1/varing_k/k32_r0.01.output, chrY_RBMY1A1/varing_k/k60_r0.01.output, chrY_RBMY1A1/varing_k/k90_r0.01.output, chrY_RBMY1A1/varing_k/k120_r0.01.output, chrY_RBMY1A1/varing_k/k150_r0.01.output, chrY_RBMY1A1/varing_k/k180_r0.01.output, chrY_RBMY1A1/varing_k/k210_r0.01.output, chrY_RBMY1A1/varing_k/k240_r0.01.output, chrY_RBMY1A1/varing_k/k270_r0.01.output, chrY_RBMY1A1/varing_k/k300_r0.01.output, chrY_RBMY1A1/varing_k/k330_r0.01.output, chrY_RBMY1A1/varing_k/k360_r0.01.output, chrY_RBMY1A1/varing_k/k390_r0.01.output, chrY_RBMY1A1/varing_k/k420_r0.01.output, chrY_RBMY1A1/varing_k/k450_r0.01.output, chrY_RBMY1A1/varing_k/k480_r0.01.output, chrY_RBMY1A1/varing_k/k510_r0.01.output, chrY_RBMY1A1/varing_k/k540_r0.01.output, chrY_RBMY1A1/varing_k/k570_r0.01.output, chrY_RBMY1A1/varing_k/k600_r0.01.output, chrY_RBMY1A1/varing_k/k630_r0.01.output, chrY_RBMY1A1/varing_k/k660_r0.01.output, chrY_RBMY1A1/varing_k/k690_r0.01.output, chrY_RBMY1A1/varing_k/k720_r0.01.output, chrY_RBMY1A1/varing_k/k750_r0.01.output, chrY_RBMY1A1/varing_k/k780_r0.01.output
    output: chrY_RBMY1A1/triple_boxplot_r0.01.png
    jobid: 91
    reason: Missing output files: chrY_RBMY1A1/triple_boxplot_r0.01.png
    wildcards: output_dir=chrY_RBMY1A1, fixed_r=0.01
    resources: tmpdir=/tmp


[Fri May  9 20:48:56 2025]
localrule plot_r_variation:
    input: chrY_RBMY1A1/varing_r/r0.001_k20.output, chrY_RBMY1A1/varing_r/r0.011_k20.output, chrY_RBMY1A1/varing_r/r0.021_k20.output, chrY_RBMY1A1/varing_r/r0.031_k20.output, chrY_RBMY1A1/varing_r/r0.041_k20.output, chrY_RBMY1A1/varing_r/r0.051_k20.output, chrY_RBMY1A1/varing_r/r0.061_k20.output, chrY_RBMY1A1/varing_r/r0.071_k20.output, chrY_RBMY1A1/varing_r/r0.081_k20.output, chrY_RBMY1A1/varing_r/r0.091_k20.output, chrY_RBMY1A1/varing_r/r0.101_k20.output, chrY_RBMY1A1/varing_r/r0.111_k20.output, chrY_RBMY1A1/varing_r/r0.121_k20.output, chrY_RBMY1A1/varing_r/r0.131_k20.output, chrY_RBMY1A1/varing_r/r0.141_k20.output, chrY_RBMY1A1/varing_r/r0.151_k20.output, chrY_RBMY1A1/varing_r/r0.161_k20.output, chrY_RBMY1A1/varing_r/r0.171_k20.output
    output: chrY_RBMY1A1/diff_boxplot_r_k20.png
    jobid: 178
    reason: Missing output files: chrY_RBMY1A1/diff_boxplot_r_k20.png; Set of input files has changed since last execution
    wildcards: output_dir=chrY_RBMY1A1, fixed_k=20
    resources: tmpdir=/tmp


[Fri May  9 20:48:56 2025]
localrule plot_r_variation:
    input: chr6_RepeatMasker/varing_r/r0.001_k20.output, chr6_RepeatMasker/varing_r/r0.011_k20.output, chr6_RepeatMasker/varing_r/r0.021_k20.output, chr6_RepeatMasker/varing_r/r0.031_k20.output, chr6_RepeatMasker/varing_r/r0.041_k20.output, chr6_RepeatMasker/varing_r/r0.051_k20.output, chr6_RepeatMasker/varing_r/r0.061_k20.output, chr6_RepeatMasker/varing_r/r0.071_k20.output, chr6_RepeatMasker/varing_r/r0.081_k20.output, chr6_RepeatMasker/varing_r/r0.091_k20.output, chr6_RepeatMasker/varing_r/r0.101_k20.output, chr6_RepeatMasker/varing_r/r0.111_k20.output, chr6_RepeatMasker/varing_r/r0.121_k20.output, chr6_RepeatMasker/varing_r/r0.131_k20.output, chr6_RepeatMasker/varing_r/r0.141_k20.output, chr6_RepeatMasker/varing_r/r0.151_k20.output, chr6_RepeatMasker/varing_r/r0.161_k20.output, chr6_RepeatMasker/varing_r/r0.171_k20.output
    output: chr6_RepeatMasker/diff_boxplot_r_k20.png
    jobid: 121
    reason: Missing output files: chr6_RepeatMasker/diff_boxplot_r_k20.png; Set of input files has changed since last execution
    wildcards: output_dir=chr6_RepeatMasker, fixed_k=20
    resources: tmpdir=/tmp


[Fri May  9 20:48:56 2025]
localrule plot_k_variation:
    input: chr6_RepeatMasker/varing_k/k4_r0.01.output, chr6_RepeatMasker/varing_k/k8_r0.01.output, chr6_RepeatMasker/varing_k/k16_r0.01.output, chr6_RepeatMasker/varing_k/k32_r0.01.output, chr6_RepeatMasker/varing_k/k60_r0.01.output, chr6_RepeatMasker/varing_k/k90_r0.01.output, chr6_RepeatMasker/varing_k/k120_r0.01.output, chr6_RepeatMasker/varing_k/k150_r0.01.output, chr6_RepeatMasker/varing_k/k180_r0.01.output, chr6_RepeatMasker/varing_k/k210_r0.01.output, chr6_RepeatMasker/varing_k/k240_r0.01.output, chr6_RepeatMasker/varing_k/k270_r0.01.output, chr6_RepeatMasker/varing_k/k300_r0.01.output, chr6_RepeatMasker/varing_k/k330_r0.01.output, chr6_RepeatMasker/varing_k/k360_r0.01.output, chr6_RepeatMasker/varing_k/k390_r0.01.output, chr6_RepeatMasker/varing_k/k420_r0.01.output, chr6_RepeatMasker/varing_k/k450_r0.01.output, chr6_RepeatMasker/varing_k/k480_r0.01.output, chr6_RepeatMasker/varing_k/k510_r0.01.output, chr6_RepeatMasker/varing_k/k540_r0.01.output, chr6_RepeatMasker/varing_k/k570_r0.01.output, chr6_RepeatMasker/varing_k/k600_r0.01.output, chr6_RepeatMasker/varing_k/k630_r0.01.output, chr6_RepeatMasker/varing_k/k660_r0.01.output, chr6_RepeatMasker/varing_k/k690_r0.01.output, chr6_RepeatMasker/varing_k/k720_r0.01.output, chr6_RepeatMasker/varing_k/k750_r0.01.output, chr6_RepeatMasker/varing_k/k780_r0.01.output
    output: chr6_RepeatMasker/triple_boxplot_r0.01.png
    jobid: 1
    reason: Missing output files: chr6_RepeatMasker/triple_boxplot_r0.01.png
    wildcards: output_dir=chr6_RepeatMasker, fixed_r=0.01
    resources: tmpdir=/tmp


[Fri May  9 20:48:56 2025]
localrule plot_r_variation:
    input: chr21_centromere/varing_r/r0.001_k30.output, chr21_centromere/varing_r/r0.011_k30.output, chr21_centromere/varing_r/r0.021_k30.output, chr21_centromere/varing_r/r0.031_k30.output, chr21_centromere/varing_r/r0.041_k30.output, chr21_centromere/varing_r/r0.051_k30.output, chr21_centromere/varing_r/r0.061_k30.output, chr21_centromere/varing_r/r0.071_k30.output, chr21_centromere/varing_r/r0.081_k30.output, chr21_centromere/varing_r/r0.091_k30.output, chr21_centromere/varing_r/r0.101_k30.output, chr21_centromere/varing_r/r0.111_k30.output, chr21_centromere/varing_r/r0.121_k30.output, chr21_centromere/varing_r/r0.131_k30.output, chr21_centromere/varing_r/r0.141_k30.output, chr21_centromere/varing_r/r0.151_k30.output, chr21_centromere/varing_r/r0.161_k30.output, chr21_centromere/varing_r/r0.171_k30.output
    output: chr21_centromere/diff_boxplot_r_k30.png
    jobid: 140
    reason: Set of input files has changed since last execution
    wildcards: output_dir=chr21_centromere, fixed_k=30
    resources: tmpdir=/tmp


[Fri May  9 20:48:56 2025]
localrule plot_r_variation:
    input: chrY_SimpleRepeat/varing_r/r0.001_k10.output, chrY_SimpleRepeat/varing_r/r0.011_k10.output, chrY_SimpleRepeat/varing_r/r0.021_k10.output, chrY_SimpleRepeat/varing_r/r0.031_k10.output, chrY_SimpleRepeat/varing_r/r0.041_k10.output, chrY_SimpleRepeat/varing_r/r0.051_k10.output, chrY_SimpleRepeat/varing_r/r0.061_k10.output, chrY_SimpleRepeat/varing_r/r0.071_k10.output, chrY_SimpleRepeat/varing_r/r0.081_k10.output, chrY_SimpleRepeat/varing_r/r0.091_k10.output, chrY_SimpleRepeat/varing_r/r0.101_k10.output, chrY_SimpleRepeat/varing_r/r0.111_k10.output, chrY_SimpleRepeat/varing_r/r0.121_k10.output, chrY_SimpleRepeat/varing_r/r0.131_k10.output, chrY_SimpleRepeat/varing_r/r0.141_k10.output, chrY_SimpleRepeat/varing_r/r0.151_k10.output, chrY_SimpleRepeat/varing_r/r0.161_k10.output, chrY_SimpleRepeat/varing_r/r0.171_k10.output
    output: chrY_SimpleRepeat/diff_boxplot_r_k10.png
    jobid: 159
    reason: Set of input files has changed since last execution
    wildcards: output_dir=chrY_SimpleRepeat, fixed_k=10
    resources: tmpdir=/tmp

[Fri May  9 20:49:00 2025]
Finished job 91.
1 of 7 steps (14%) done
[Fri May  9 20:49:00 2025]
Finished job 1.
2 of 7 steps (29%) done
[Fri May  9 20:49:00 2025]
Finished job 178.
3 of 7 steps (43%) done
[Fri May  9 20:49:00 2025]
Finished job 121.
4 of 7 steps (57%) done
[Fri May  9 20:49:00 2025]
Finished job 140.
5 of 7 steps (71%) done
[Fri May  9 20:49:00 2025]
Finished job 159.
6 of 7 steps (86%) done
Select jobs to execute...
Execute 1 jobs...

[Fri May  9 20:49:00 2025]
localrule all:
    input: chr6_RepeatMasker/triple_boxplot_r0.01.png, chr21_centromere/triple_boxplot_r0.01.png, chrY_SimpleRepeat/triple_boxplot_r0.01.png, chrY_RBMY1A1/triple_boxplot_r0.01.png, chr6_RepeatMasker/diff_boxplot_r_k20.png, chr21_centromere/diff_boxplot_r_k30.png, chrY_SimpleRepeat/diff_boxplot_r_k10.png, chrY_RBMY1A1/diff_boxplot_r_k20.png
    jobid: 0
    reason: Input files updated by another job: chrY_RBMY1A1/diff_boxplot_r_k20.png, chrY_RBMY1A1/triple_boxplot_r0.01.png, chr6_RepeatMasker/triple_boxplot_r0.01.png, chr6_RepeatMasker/diff_boxplot_r_k20.png, chr21_centromere/diff_boxplot_r_k30.png, chrY_SimpleRepeat/diff_boxplot_r_k10.png
    resources: tmpdir=/tmp

[Fri May  9 20:49:00 2025]
Finished job 0.
7 of 7 steps (100%) done
Complete log: .snakemake/log/2025-05-09T204856.250102.snakemake.log
