Building DAG of jobs...
Using shell: /usr/bin/bash
Provided cores: 100
Rules claiming more threads will be scaled down.
Job stats:
job                 count
----------------  -------
all                     1
plot_r_variation        1
total                   2

Select jobs to execute...
Execute 1 jobs...

[Mon May 12 20:33:49 2025]
localrule plot_r_variation:
    input: chr6_RepeatMasker/varying_r/r0.001_k20.output, chr6_RepeatMasker/varying_r/r0.011_k20.output, chr6_RepeatMasker/varying_r/r0.021_k20.output, chr6_RepeatMasker/varying_r/r0.031_k20.output, chr6_RepeatMasker/varying_r/r0.041_k20.output, chr6_RepeatMasker/varying_r/r0.051_k20.output, chr6_RepeatMasker/varying_r/r0.061_k20.output, chr6_RepeatMasker/varying_r/r0.071_k20.output, chr6_RepeatMasker/varying_r/r0.081_k20.output, chr6_RepeatMasker/varying_r/r0.091_k20.output, chr6_RepeatMasker/varying_r/r0.101_k20.output, chr6_RepeatMasker/varying_r/r0.111_k20.output, chr6_RepeatMasker/varying_r/r0.121_k20.output, chr6_RepeatMasker/varying_r/r0.131_k20.output, chr6_RepeatMasker/varying_r/r0.141_k20.output, chr6_RepeatMasker/varying_r/r0.151_k20.output, chr6_RepeatMasker/varying_r/r0.161_k20.output, chr6_RepeatMasker/varying_r/r0.171_k20.output
    output: chr6_RepeatMasker/diff_boxplot_r_k20.png
    jobid: 121
    reason: Missing output files: chr6_RepeatMasker/diff_boxplot_r_k20.png
    wildcards: output_dir=chr6_RepeatMasker, fixed_k=20
    resources: tmpdir=/tmp

[Mon May 12 20:33:53 2025]
Finished job 121.
1 of 2 steps (50%) done
Select jobs to execute...
Execute 1 jobs...

[Mon May 12 20:33:53 2025]
localrule all:
    input: chr6_RepeatMasker/triple_boxplot_r0.01.png, chr21_centromere/triple_boxplot_r0.01.png, chrY_SimpleRepeat/triple_boxplot_r0.01.png, chrY_RBMY1A1/triple_boxplot_r0.01.png, chr6_RepeatMasker/diff_boxplot_r_k20.png, chr21_centromere/diff_boxplot_r_k30.png, chrY_SimpleRepeat/diff_boxplot_r_k10.png, chrY_RBMY1A1/diff_boxplot_r_k20.png
    jobid: 0
    reason: Input files updated by another job: chr6_RepeatMasker/diff_boxplot_r_k20.png
    resources: tmpdir=/tmp

[Mon May 12 20:33:53 2025]
Finished job 0.
2 of 2 steps (100%) done
Complete log: .snakemake/log/2025-05-12T203348.929785.snakemake.log
