0.0111616 , 0.0111616
0.00959826 , 0.00959826
0.0114591 , 0.0114591
0.011037 , 0.011037
0.00967862 , 0.00967862
0.00922328 , 0.00922328
0.010176 , 0.010176
0.00926948 , 0.00926948
0.0118548 , 0.0118548
0.0100831 , 0.0100831
0.0104118 , 0.0104118
0.011563 , 0.011563
0.00995443 , 0.00995443
0.0099114 , 0.0099114
0.0088823 , 0.0088823
0.0103199 , 0.0103199
0.00873182 , 0.00873182
0.00961582 , 0.00961582
0.0111002 , 0.0111002
0.00840315 , 0.00840315
0.00917375 , 0.00917375
0.0112136 , 0.0112136
0.00954007 , 0.00954007
0.00982819 , 0.00982819
0.0106152 , 0.0106152
0.0101421 , 0.0101421
0.0103766 , 0.0103766
0.0114051 , 0.0114051
0.00913003 , 0.00913003
0.00862662 , 0.00862662
0.00826302 , 0.00826302
0.00954393 , 0.00954393
0.011025 , 0.011025
0.00856296 , 0.00856296
0.0114539 , 0.0114539
0.00845873 , 0.00845873
0.00888056 , 0.00888056
0.010381 , 0.010381
0.00918289 , 0.00918289
0.00879713 , 0.00879713
0.0104294 , 0.0104294
0.0101866 , 0.0101866
0.0104272 , 0.0104272
0.00909562 , 0.00909562
0.0117328 , 0.0117328
0.0115709 , 0.0115709
0.00876268 , 0.00876268
0.012069 , 0.012069
0.0110467 , 0.0110467
0.0103069 , 0.0103069
0.0112785 , 0.0112785
0.0100789 , 0.0100789
0.00985244 , 0.00985244
0.0110008 , 0.0110008
0.00921224 , 0.00921224
0.00912458 , 0.00912458
0.0102207 , 0.0102207
0.0100559 , 0.0100559
0.0105452 , 0.0105452
0.00932347 , 0.00932347
0.0101357 , 0.0101357
0.00811329 , 0.00811329
0.00895088 , 0.00895088
0.0101547 , 0.0101547
0.00926206 , 0.00926206
0.0105745 , 0.0105745
0.0101378 , 0.0101378
0.0117194 , 0.0117194
0.00929363 , 0.00929363
0.0116926 , 0.0116926
0.00988694 , 0.00988694
0.0107113 , 0.0107113
0.01091 , 0.01091
0.0117006 , 0.0117006
0.00913184 , 0.00913184
0.0086875 , 0.0086875
0.0111321 , 0.0111321
0.00854132 , 0.00854132
0.0123993 , 0.0123993
0.013214 , 0.013214
0.00970035 , 0.00970035
0.00946326 , 0.00946326
0.00991753 , 0.00991753
0.00993595 , 0.00993595
0.00833513 , 0.00833513
0.0128067 , 0.0128067
0.00970035 , 0.00970035
0.00967468 , 0.00967468
0.0106699 , 0.0106699
0.00844398 , 0.00844398
0.0120155 , 0.0120155
0.00962755 , 0.00962755
0.0094461 , 0.0094461
0.0093779 , 0.0093779
0.0104648 , 0.0104648
0.00926762 , 0.00926762
0.00981208 , 0.00981208
0.011037 , 0.011037
0.0109648 , 0.0109648
0.00895619 , 0.00895619
