0.00886056 , 0.00886056
0.0089291 , 0.0089291
0.00895138 , 0.00895138
0.0125678 , 0.0125678
0.012028 , 0.012028
0.014872 , 0.014872
0.011602 , 0.011602
0.00959434 , 0.00959434
0.0101419 , 0.0101419
0.00916525 , 0.00916525
0.00855412 , 0.00855412
0.00989165 , 0.00989165
0.00855863 , 0.00855863
0.0121605 , 0.0121605
0.00896629 , 0.00896629
0.0107615 , 0.0107615
0.00979016 , 0.00979016
0.00964683 , 0.00964683
0.0122202 , 0.0122202
0.00890695 , 0.00890695
0.0103004 , 0.0103004
0.0113954 , 0.0113954
0.00898627 , 0.00898627
0.0112633 , 0.0112633
0.0100342 , 0.0100342
0.0103872 , 0.0103872
0.0107157 , 0.0107157
0.00809965 , 0.00809965
0.0090876 , 0.0090876
0.0134603 , 0.0134603
0.0107808 , 0.0107808
0.011382 , 0.011382
0.00922844 , 0.00922844
0.00998931 , 0.00998931
0.00948565 , 0.00948565
0.00958855 , 0.00958855
0.0113954 , 0.0113954
0.0120858 , 0.0120858
0.0103837 , 0.0103837
0.0107386 , 0.0107386
0.00932507 , 0.00932507
0.0129085 , 0.0129085
0.0100536 , 0.0100536
0.0125678 , 0.0125678
0.00819574 , 0.00819574
0.00905948 , 0.00905948
0.00922049 , 0.00922049
0.00719686 , 0.00719686
0.00891678 , 0.00891678
0.0125857 , 0.0125857
0.011015 , 0.011015
0.00881229 , 0.00881229
0.0103732 , 0.0103732
0.0104189 , 0.0104189
0.0123818 , 0.0123818
0.00972385 , 0.00972385
0.0120752 , 0.0120752
0.0113069 , 0.0113069
0.0128254 , 0.0128254
0.00986372 , 0.00986372
0.010483 , 0.010483
0.0122366 , 0.0122366
0.00892664 , 0.00892664
0.0101254 , 0.0101254
0.00985754 , 0.00985754
0.010031 , 0.010031
0.0152757 , 0.0152757
0.00887028 , 0.00887028
0.0105082 , 0.0105082
0.00946313 , 0.00946313
0.00851373 , 0.00851373
0.0120228 , 0.0120228
0.0106779 , 0.0106779
0.0108391 , 0.0108391
0.00998931 , 0.00998931
0.00847815 , 0.00847815
0.011382 , 0.011382
0.00798995 , 0.00798995
0.0102764 , 0.0102764
0.00986991 , 0.00986991
0.011152 , 0.011152
0.0103872 , 0.0103872
0.0104295 , 0.0104295
0.00988854 , 0.00988854
0.0109301 , 0.0109301
0.010031 , 0.010031
0.00869167 , 0.00869167
0.0122476 , 0.0122476
0.0100149 , 0.0100149
0.00981148 , 0.00981148
0.00822896 , 0.00822896
0.0124391 , 0.0124391
0.00962926 , 0.00962926
0.00905948 , 0.00905948
0.0105119 , 0.0105119
0.0109141 , 0.0109141
0.010239 , 0.010239
0.0112115 , 0.0112115
0.00927379 , 0.00927379
0.00989165 , 0.00989165
