0.0124286 , 0.0124286
0.0121576 , 0.0121576
0.00889124 , 0.00889124
0.00983675 , 0.00983675
0.0119238 , 0.0119238
0.0125274 , 0.0125274
0.0135278 , 0.0135278
0.0104241 , 0.0104241
0.00816987 , 0.00816987
0.00879891 , 0.00879891
0.0148466 , 0.0148466
0.00989056 , 0.00989056
0.0127452 , 0.0127452
0.00956364 , 0.00956364
0.0117927 , 0.0117927
0.0102033 , 0.0102033
0.00943509 , 0.00943509
0.0103714 , 0.0103714
0.00915926 , 0.00915926
0.0114064 , 0.0114064
0.0083895 , 0.0083895
0.00910889 , 0.00910889
0.0126605 , 0.0126605
0.0118658 , 0.0118658
0.0100861 , 0.0100861
0.0111652 , 0.0111652
0.00929242 , 0.00929242
0.0123707 , 0.0123707
0.0134606 , 0.0134606
0.00884805 , 0.00884805
0.00845921 , 0.00845921
0.00999621 , 0.00999621
0.008687 , 0.008687
0.00893839 , 0.00893839
0.0120343 , 0.0120343
0.00842417 , 0.00842417
0.0101005 , 0.0101005
0.0099178 , 0.0099178
0.0131314 , 0.0131314
0.00986354 , 0.00986354
0.0091268 , 0.0091268
0.00891136 , 0.00891136
0.008908 , 0.008908
0.00874728 , 0.00874728
0.00947075 , 0.00947075
0.0105763 , 0.0105763
0.0109842 , 0.0109842
0.00960071 , 0.00960071
0.0102939 , 0.0102939
0.00711427 , 0.00711427
0.00901733 , 0.00901733
0.00936492 , 0.00936492
0.008687 , 0.008687
0.00777233 , 0.00777233
0.0106837 , 0.0106837
0.0120778 , 0.0120778
0.00898966 , 0.00898966
0.00845627 , 0.00845627
0.00936106 , 0.00936106
0.0128211 , 0.0128211
0.00930755 , 0.00930755
0.0110477 , 0.0110477
0.0173289 , 0.0173289
0.00939982 , 0.00939982
0.0109342 , 0.0109342
0.00861854 , 0.00861854
0.00945485 , 0.00945485
0.0109654 , 0.0109654
0.0118822 , 0.0118822
0.0101736 , 0.0101736
0.0103819 , 0.0103819
0.00832404 , 0.00832404
0.0110606 , 0.0110606
0.0130364 , 0.0130364
0.0110929 , 0.0110929
0.0093342 , 0.0093342
0.0122118 , 0.0122118
0.0128653 , 0.0128653
0.00871859 , 0.00871859
0.0110349 , 0.0110349
0.0100957 , 0.0100957
0.00907338 , 0.00907338
0.0148466 , 0.0148466
0.0117369 , 0.0117369
0.0106494 , 0.0106494
0.00737686 , 0.00737686
0.0121042 , 0.0121042
0.00887789 , 0.00887789
0.00948671 , 0.00948671
0.0105102 , 0.0105102
0.0110994 , 0.0110994
0.00997296 , 0.00997296
0.0110799 , 0.0110799
0.0115154 , 0.0115154
0.0118988 , 0.0118988
0.00672851 , 0.00672851
0.009655 , 0.009655
0.00766202 , 0.00766202
0.0115977 , 0.0115977
0.00815377 , 0.00815377
