0.0107516 , 0.0107516
1 , 1
0.00971348 , 0.00971348
1 , 1
1 , 1
1 , 1
1 , 1
0.00978937 , 0.00978937
1 , 1
0.0117016 , 0.0117016
0.0098957 , 0.0098957
1 , 1
0.00850463 , 0.00850463
1 , 1
1 , 1
1 , 1
0.0101601 , 0.0101601
1 , 1
1 , 1
0.00808203 , 0.00808203
1 , 1
1 , 1
1 , 1
0.00675262 , 0.00675262
1 , 1
1 , 1
1 , 1
1 , 1
1 , 1
0.00961693 , 0.00961693
1 , 1
1 , 1
1 , 1
0.00802179 , 0.00802179
1 , 1
1 , 1
0.0113078 , 0.0113078
1 , 1
1 , 1
1 , 1
1 , 1
1 , 1
1 , 1
1 , 1
0.00601484 , 0.00601484
1 , 1
0.01431 , 0.01431
1 , 1
1 , 1
1 , 1
1 , 1
0.0091069 , 0.0091069
0.00927466 , 0.00927466
1 , 1
0.00971348 , 0.00971348
1 , 1
1 , 1
1 , 1
0.010841 , 0.010841
1 , 1
1 , 1
1 , 1
0.0118542 , 0.0118542
0.0108874 , 0.0108874
0.0107516 , 0.0107516
1 , 1
1 , 1
1 , 1
0.00885739 , 0.00885739
1 , 1
1 , 1
1 , 1
1 , 1
0.00845397 , 0.00845397
1 , 1
1 , 1
0.00885739 , 0.00885739
1 , 1
0.00733016 , 0.00733016
0.00923604 , 0.00923604
1 , 1
1 , 1
0.00875161 , 0.00875161
0.0080317 , 0.0080317
0.0122037 , 0.0122037
1 , 1
1 , 1
1 , 1
1 , 1
1 , 1
0.00805166 , 0.00805166
0.0091069 , 0.0091069
0.00785209 , 0.00785209
0.00773013 , 0.00773013
1 , 1
1 , 1
1 , 1
0.0121099 , 0.0121099
0.0163133 , 0.0163133
1 , 1
