1 , 1
1 , 1
1 , 1
0.00871621 , 0.00871621
1 , 1
0.00814616 , 0.00814616
1 , 1
1 , 1
1 , 1
0.0115651 , 0.0115651
1 , 1
1 , 1
0.0138774 , 0.0138774
0.00894334 , 0.00894334
0.0120946 , 0.0120946
0.00877027 , 0.00877027
1 , 1
1 , 1
1 , 1
1 , 1
0.00720888 , 0.00720888
1 , 1
1 , 1
1 , 1
1 , 1
1 , 1
1 , 1
0.0154614 , 0.0154614
0.00601213 , 0.00601213
0.00809572 , 0.00809572
1 , 1
0.0101079 , 0.0101079
1 , 1
1 , 1
0.0080467 , 0.0080467
1 , 1
0.00801081 , 0.00801081
0.00697815 , 0.00697815
1 , 1
1 , 1
1 , 1
1 , 1
0.00853118 , 0.00853118
1 , 1
0.00888372 , 0.00888372
1 , 1
0.0126775 , 0.0126775
0.013562 , 0.013562
0.0115651 , 0.0115651
0.0077578 , 0.0077578
1 , 1
0.0104087 , 0.0104087
1 , 1
1 , 1
0.00861286 , 0.00861286
1 , 1
0.00747485 , 0.00747485
0.00829291 , 0.00829291
1 , 1
0.0113916 , 0.0113916
1 , 1
1 , 1
1 , 1
1 , 1
0.0126775 , 0.0126775
1 , 1
0.00962798 , 0.00962798
1 , 1
0.0107158 , 0.0107158
0.0111599 , 0.0111599
1 , 1
1 , 1
0.00754593 , 0.00754593
1 , 1
1 , 1
1 , 1
0.00791858 , 0.00791858
0.0100688 , 0.0100688
1 , 1
0.0132952 , 0.0132952
1 , 1
0.00896368 , 0.00896368
0.00736518 , 0.00736518
1 , 1
0.00724666 , 0.00724666
0.0132952 , 0.0132952
1 , 1
1 , 1
0.00566179 , 0.00566179
1 , 1
1 , 1
1 , 1
0.0100688 , 0.0100688
1 , 1
1 , 1
0.0110891 , 0.0110891
0.00809572 , 0.00809572
0.00985143 , 0.00985143
1 , 1
0.0061169 , 0.0061169
