0.0100606 , 0.010103
0.010286 , 0.0103279
0.0116222 , 0.0116608
0.0104387 , 0.0104802
0.00951811 , 0.00956192
0.00931277 , 0.00935712
0.0100564 , 0.0100988
0.00872886 , 0.00877478
0.010972 , 0.0110122
0.00893509 , 0.00898045
0.0101029 , 0.0101452
0.0111401 , 0.0111799
0.00987158 , 0.00991447
0.00916589 , 0.00921063
0.00826483 , 0.00831204
0.00892719 , 0.00897257
0.00989457 , 0.00993741
0.00956933 , 0.00961301
0.00875035 , 0.00879621
0.0101051 , 0.0101474
0.0122526 , 0.0122898
0.010122 , 0.0101643
0.0100227 , 0.0100652
0.0114883 , 0.0115272
0.0103032 , 0.010345
0.00927038 , 0.00931484
0.00921805 , 0.00926266
0.00912587 , 0.00917072
0.0100184 , 0.010061
0.00922006 , 0.00926466
0.0115436 , 0.0115824
0.00994904 , 0.00999174
0.00953244 , 0.00957621
0.0116686 , 0.0117071
0.0111109 , 0.0111507
0.0110346 , 0.0110746
0.00953858 , 0.00958234
0.0108764 , 0.0109168
0.00897268 , 0.00901794
0.00975501 , 0.0097982
0.00918192 , 0.00922662
0.0105123 , 0.0105536
0.0105928 , 0.0106339
0.0102454 , 0.0102874
0.00980279 , 0.00984586
0.00924621 , 0.00929074
0.00942428 , 0.00946833
0.00908794 , 0.00913289
0.00924822 , 0.00929274
0.00951402 , 0.00955784
0.00943242 , 0.00947645
0.00943038 , 0.00947442
0.0108299 , 0.0108704
0.00933096 , 0.00937527
0.0103784 , 0.01042
0.0103999 , 0.0104415
0.0115297 , 0.0115686
0.00872301 , 0.00876894
0.0112033 , 0.0112429
0.0116686 , 0.0117071
0.00891731 , 0.00896272
0.00978823 , 0.00983134
0.0120612 , 0.0120989
0.0104085 , 0.0104501
0.0119427 , 0.0119806
0.00984236 , 0.00988533
0.00947929 , 0.0095232
0.0110996 , 0.0111395
0.010359 , 0.0104007
0.00893904 , 0.00898439
0.0101687 , 0.0102109
0.0102668 , 0.0103087
0.0108233 , 0.0108638
0.0101453 , 0.0101875
0.0102113 , 0.0102533
0.00963717 , 0.00968067
0.0109364 , 0.0109767
0.0110548 , 0.0110947
0.0117384 , 0.0117768
0.0107902 , 0.0108308
0.0107836 , 0.0108242
0.00969495 , 0.0097383
0.00878753 , 0.00883329
0.00938567 , 0.00942983
0.0104582 , 0.0104996
0.0111176 , 0.0111574
0.0122647 , 0.0123018
0.0104323 , 0.0104737
0.0116895 , 0.011728
0.0102369 , 0.0102789
0.0102155 , 0.0102576
0.0110862 , 0.011126
0.0090481 , 0.00909316
0.0102647 , 0.0103066
0.00991131 , 0.00995411
0.0103848 , 0.0104264
0.00878557 , 0.00883133
0.0116663 , 0.0117048
0.0103913 , 0.0104329
0.0104798 , 0.0105212
