1 , 1
1 , 1
1 , 1
1 , 1
1 , 1
1 , 1
0.00653135 , 0.00653135
1 , 1
0.00793833 , 0.00793833
0.00929951 , 0.00929951
0.0081321 , 0.0081321
1 , 1
1 , 1
1 , 1
1 , 1
1 , 1
0.0110654 , 0.0110654
1 , 1
1 , 1
1 , 1
0.00820891 , 0.00820891
1 , 1
1 , 1
1 , 1
1 , 1
1 , 1
1 , 1
1 , 1
1 , 1
0.0061794 , 0.0061794
1 , 1
1 , 1
1 , 1
1 , 1
1 , 1
1 , 1
1 , 1
1 , 1
0.00718761 , 0.00718761
1 , 1
0.00782637 , 0.00782637
1 , 1
1 , 1
1 , 1
1 , 1
1 , 1
1 , 1
1 , 1
1 , 1
1 , 1
0.00980509 , 0.00980509
1 , 1
0.0125641 , 0.0125641
1 , 1
1 , 1
1 , 1
1 , 1
1 , 1
0.0094221 , 0.0094221
1 , 1
1 , 1
1 , 1
1 , 1
1 , 1
1 , 1
1 , 1
0.00784189 , 0.00784189
1 , 1
1 , 1
1 , 1
1 , 1
1 , 1
1 , 1
1 , 1
1 , 1
0.0150835 , 0.0150835
0.00770745 , 0.00770745
1 , 1
1 , 1
1 , 1
0.0120366 , 0.0120366
1 , 1
0.00622914 , 0.00622914
0.0139992 , 0.0139992
1 , 1
0.0099767 , 0.0099767
1 , 1
0.0101694 , 0.0101694
0.00751874 , 0.00751874
1 , 1
0.0114771 , 0.0114771
0.00704962 , 0.00704962
1 , 1
1 , 1
1 , 1
1 , 1
1 , 1
1 , 1
1 , 1
1 , 1
