0.0105509 , 0.0457447
0.008603 , 0.044247
0.00858749 , 0.0442351
0.0103788 , 0.0456123
0.0107544 , 0.0459014
0.010457 , 0.0456725
0.0102225 , 0.045492
0.00967616 , 0.0450717
0.00905342 , 0.044593
0.0106448 , 0.045817
0.0106605 , 0.0458291
0.00948916 , 0.0449279
0.00984772 , 0.0452037
0.0100662 , 0.0453718
0.00882034 , 0.044414
0.00917783 , 0.0446886
0.0111621 , 0.0462154
0.0106918 , 0.0458532
0.0108955 , 0.04601
0.00952032 , 0.0449519
0.0109268 , 0.0460342
0.0105509 , 0.0457447
0.00908452 , 0.0446169
0.00941129 , 0.0448681
0.00916228 , 0.0446767
0.0108014 , 0.0459376
0.00869612 , 0.0443186
0.0110836 , 0.046155
0.0103475 , 0.0455882
0.0114133 , 0.0464089
0.0100662 , 0.0453718
0.00976972 , 0.0451437
0.00875822 , 0.0443663
0.0084479 , 0.0441279
0.00959823 , 0.0450118
0.00958264 , 0.0449998
0.00916228 , 0.0446767
0.00925562 , 0.0447484
0.00823092 , 0.0439614
0.0077203 , 0.0435695
0.00955148 , 0.0449759
0.00861852 , 0.044259
0.0108641 , 0.0459859
0.00956706 , 0.0449878
0.0105039 , 0.0457086
0.00821543 , 0.0439495
0.00956706 , 0.0449878
0.0116491 , 0.0465907
0.00958264 , 0.0449998
0.00914672 , 0.0446647
0.00966057 , 0.0450597
0.00911562 , 0.0446408
0.00964498 , 0.0450478
0.00994135 , 0.0452757
0.00847891 , 0.0441517
0.0106605 , 0.0458291
0.0111464 , 0.0462033
0.00966057 , 0.0450597
0.0102537 , 0.045516
0.00955148 , 0.0449759
0.00857197 , 0.0442232
0.0106918 , 0.0458532
0.00809155 , 0.0438544
0.00919339 , 0.0447006
0.00956706 , 0.0449878
0.0103632 , 0.0456002
0.00939572 , 0.0448561
0.0100194 , 0.0453357
0.00933344 , 0.0448082
0.00956706 , 0.0449878
0.00910007 , 0.0446289
0.0092245 , 0.0447245
0.00995696 , 0.0452877
0.0106605 , 0.0458291
0.00892908 , 0.0444975
0.0105196 , 0.0457206
0.00906897 , 0.044605
0.0107858 , 0.0459256
0.0105665 , 0.0457568
0.00989453 , 0.0452397
0.0100506 , 0.0453597
0.0101912 , 0.0454679
0.00916228 , 0.0446767
0.0100975 , 0.0453958
0.0102537 , 0.045516
0.00913117 , 0.0446528
0.0071029 , 0.0430961
0.0105039 , 0.0457086
0.0119009 , 0.0467848
0.00916228 , 0.0446767
0.00911562 , 0.0446408
0.00948916 , 0.0449279
0.00908452 , 0.0446169
0.0104414 , 0.0456604
0.00864956 , 0.0442828
0.00838588 , 0.0440803
0.0104414 , 0.0456604
0.00989453 , 0.0452397
0.0121687 , 0.0469913
0.00916228 , 0.0446767
