0.0180543 , 0.00864257 , 0.0428423
0.0180543 , 0.0260443 , 0.0146417
0.0180543 , 0.0283874 , 0.0428423
0.0180543 , 0.0158912 , 0.0327235
0.0180543 , 0.0130018 , 0.0428423
0.0180543 , 0.0283874 , 0.00673329
0.0180543 , 0.0210603 , 0.0105969
0.0180543 , 0.0302962 , 0
0.0180543 , 0.0232964 , 0.00305101
0.0180543 , 0.0150563 , 0.0105969
0.0180543 , 0.0171576 , 0.027915
0.0180543 , 0.0105969 , 0.00673329
0.0180543 , 0.0223961 , 0.0232964
0.0180543 , 0.0130018 , 0.0188729
0.0180543 , 0.019742 , 0.0188729
0.0180543 , 0.0175836 , 0.0146417
0.0180543 , 0.013818 , 0.0327235
0.0180543 , 0.0130018 , 0.0188729
0.0180543 , 0.013409 , 0.0232964
0.0180543 , 0.0158912 , 0.0848452
0.0180543 , 0.0175836 , 0.0188729
0.0180543 , 0.0150563 , 0.058831
0.0180543 , 0.00941888 , 0.0105969
0.0180543 , 0.0175836 , 0.0377074
0.0180543 , 0.0201795 , 0.0377074
0.0180543 , 0.013818 , 0.00305101
0.0180543 , 0.0206189 , 0.0327235
0.0180543 , 0.0206189 , 0.0105969
0.0180543 , 0.0142289 , 0.053438
0.0180543 , 0.0260443 , 0
0.0180543 , 0.0167336 , 0.058831
0.0180543 , 0.0175836 , 0.0377074
0.0180543 , 0.027915 , 0.0377074
0.0180543 , 0.027915 , 0
0.0180543 , 0.0184412 , 0.0480971
0.0180543 , 0.00413638 , 0.00673329
0.0180543 , 0.0121928 , 0.0377074
0.0180543 , 0.0130018 , 0.0377074
0.0180543 , 0.0146417 , 0.0327235
0.0180543 , 0.0283874 , 0
0.0180543 , 0.0193065 , 0
0.0180543 , 0.0210603 , 0.0938569
0.0180543 , 0.0130018 , 0.00305101
0.0180543 , 0.0219489 , 0.0146417
0.0180543 , 0.0274444 , 0
0.0180543 , 0.0356942 , 0.0428423
0.0180543 , 0.0125964 , 0.0428423
0.0180543 , 0.0232964 , 0
0.0180543 , 0.00864257 , 0.00305101
0.0180543 , 0.0255814 , 0.0188729
0.0180543 , 0.019742 , 0.0188729
0.0180543 , 0.0171576 , 0.00673329
0.0180543 , 0.00825711 , 0.0480971
0.0180543 , 0.027915 , 0.0980353
0.0180543 , 0.0201795 , 0.0377074
0.0180543 , 0.0260443 , 0
0.0180543 , 0.0193065 , 0.0188729
0.0180543 , 0.0117911 , 0
0.0180543 , 0.0246616 , 0
0.0180543 , 0.0201795 , 0
0.0180543 , 0.0228453 , 0
0.0180543 , 0.0302962 , 0.079974
0.0180543 , 0.0158912 , 0.058831
0.0180543 , 0.0206189 , 0.0188729
0.0180543 , 0.0074916 , 0.0377074
0.0180543 , 0.0102024 , 0.0642379
0.0180543 , 0.00305101 , 0.0146417
0.0180543 , 0.0219489 , 0.0105969
0.0180543 , 0.0274444 , 0.00305101
0.0180543 , 0.0356942 , 0.0480971
0.0180543 , 0.030778 , 0.0105969
0.0180543 , 0.00711154 , 0.0480971
0.0180543 , 0.0167336 , 0.00673329
0.0180543 , 0.0260443 , 0.00305101
0.0180543 , 0.0121928 , 0.0188729
0.0180543 , 0.0237495 , 0
0.0180543 , 0.0056094 , 0.00305101
0.0180543 , 0.0193065 , 0.0146417
0.0180543 , 0.0274444 , 0.0105969
0.0180543 , 0.0193065 , 0.0105969
0.0180543 , 0.0193065 , 0.053438
0.0180543 , 0.0210603 , 0.0377074
0.0180543 , 0.00598222 , 0.0232964
0.0180543 , 0.0228453 , 0.0748774
0.0180543 , 0.0269758 , 0.0146417
0.0180543 , 0.00980973 , 0
0.0180543 , 0.019742 , 0.0428423
0.0180543 , 0.0188729 , 0
0.0180543 , 0.0317472 , 0.00305101
0.0180543 , 0.0171576 , 0
0.0180543 , 0.0215036 , 0.00673329
0.0180543 , 0.0206189 , 0.0327235
0.0180543 , 0.0219489 , 0.058831
0.0180543 , 0.0121928 , 0.058831
0.0180543 , 0.0074916 , 0.00673329
0.0180543 , 0.0163115 , 0.0428423
0.0180543 , 0.0269758 , 0.0105969
0.0180543 , 0.0142289 , 0.0188729
0.0180543 , 0.0223961 , 0.00305101
0.0180543 , 0.019742 , 0.00673329
