0.0813129 , 0.0824399 , 0.0938569
0.082586 , 0.0829259 , 0.0848452
0.0833612 , 0.0853189 , 0.0938569
0.0849402 , 0.0738353 , 0.00673329
0.0848452 , 0.0876496 , 0.102043
0.085837 , 0.092129 , 0.0748774
0.0855547 , 0.07796 , 0.0894698
0.0772981 , 0.069075 , 0.0980353
0.0867712 , 0.0789714 , 0.117155
0.0806704 , 0.0784668 , 0.0894698
0.0839385 , 0.0912519 , 0.0748774
0.0824399 , 0.08579 , 0.079974
0.0862119 , 0.0862586 , 0.0848452
0.0799241 , 0.0743572 , 0.0748774
0.0829744 , 0.0814606 , 0.0642379
0.088428 , 0.0848452 , 0.0980353
0.0834095 , 0.08579 , 0.058831
0.0833612 , 0.0885646 , 0.0938569
0.0853189 , 0.0925643 , 0.109707
0.0856489 , 0.0843691 , 0.0938569
0.0904101 , 0.0876496 , 0.102043
0.0876956 , 0.0680049 , 0.053438
0.085837 , 0.0903655 , 0.0980353
0.0866317 , 0.0885646 , 0.0848452
0.0829744 , 0.0834095 , 0.0480971
0.0890184 , 0.0899189 , 0.0980353
0.0760672 , 0.0814606 , 0.0894698
0.0855076 , 0.0934282 , 0.058831
0.0832163 , 0.0829259 , 0.0894698
0.0854133 , 0.0814606 , 0.0480971
0.0836984 , 0.0774512 , 0.079974
0.0901872 , 0.0894698 , 0.0748774
0.085837 , 0.0890184 , 0.11344
0.0874654 , 0.0890184 , 0.0748774
0.0862586 , 0.0929973 , 0.105921
0.0869105 , 0.0838905 , 0.079974
0.0833612 , 0.0706729 , 0.0980353
0.0900978 , 0.07796 , 0.058831
0.0861183 , 0.079974 , 0.0938569
0.0789714 , 0.0829259 , 0.0327235
0.0885191 , 0.0894698 , 0.0848452
0.0930405 , 0.0925643 , 0.0748774
0.0923034 , 0.0871884 , 0.0748774
0.0819515 , 0.0814606 , 0.105921
0.0804719 , 0.0819515 , 0.0748774
0.0855547 , 0.092129 , 0.0696087
0.0872809 , 0.0890184 , 0.0894698
0.0875115 , 0.0743572 , 0.079974
0.0873732 , 0.0885646 , 0.079974
0.0870033 , 0.08579 , 0.102043
0.0852716 , 0.0929973 , 0.0938569
0.0854133 , 0.0804719 , 0.11344
0.0863987 , 0.0674686 , 0.0894698
0.0897396 , 0.0843691 , 0.109707
0.083168 , 0.0774512 , 0.0848452
0.0871884 , 0.069075 , 0.0894698
0.088701 , 0.0843691 , 0.0748774
0.0812143 , 0.0829259 , 0.0377074
0.0886101 , 0.0838905 , 0.0938569
0.0860246 , 0.0647776 , 0.12857
0.085743 , 0.0834095 , 0.058831
0.0896048 , 0.0942835 , 0.0894698
0.0881083 , 0.0819515 , 0.079974
0.0841301 , 0.0824399 , 0.117155
0.0879251 , 0.0804719 , 0.0938569
0.0830228 , 0.0685404 , 0.058831
0.0892896 , 0.0862586 , 0.11344
0.0848452 , 0.0829259 , 0.117155
0.085743 , 0.0824399 , 0.0894698
0.0849402 , 0.0804719 , 0.058831
0.0874654 , 0.0753959 , 0.102043
0.0862586 , 0.0951307 , 0.058831
0.0836022 , 0.0814606 , 0.0696087
0.0844646 , 0.0759126 , 0.079974
0.0848452 , 0.0938569 , 0.0938569
0.0819515 , 0.0789714 , 0.105921
0.0859777 , 0.0794738 , 0.0696087
0.0847027 , 0.0876496 , 0.058831
0.079974 , 0.0843691 , 0.0894698
0.0833129 , 0.0968015 , 0.0848452
0.0836984 , 0.0890184 , 0.058831
0.0847977 , 0.0903655 , 0.0938569
0.088701 , 0.100458 , 0.0848452
0.0866783 , 0.0885646 , 0.058831
0.0836984 , 0.0738353 , 0.0938569
0.086492 , 0.0929973 , 0.053438
0.0811156 , 0.0738353 , 0.102043
0.0823912 , 0.0834095 , 0.0980353
0.0920854 , 0.0912519 , 0.12089
0.0800239 , 0.0722603 , 0.0696087
0.0820494 , 0.058831 , 0.053438
0.0789714 , 0.08579 , 0.079974
0.0851297 , 0.0925643 , 0.0696087
0.0805712 , 0.0733118 , 0.0938569
0.0804719 , 0.0706729 , 0.102043
0.0786184 , 0.0743572 , 0.0848452
0.0875115 , 0.0789714 , 0.0848452
0.0850824 , 0.0829259 , 0.0938569
0.0874654 , 0.100458 , 0.0848452
0.088428 , 0.0853189 , 0.0894698
