0.0580742 , 0.0561302 , 0.0642379
0.0580742 , 0.0593718 , 0.0642379
0.0580742 , 0.053438 , 0.053438
0.0580742 , 0.0669316 , 0.0642379
0.0580742 , 0.0604536 , 0.027915
0.0580742 , 0.0496919 , 0.105921
0.0580742 , 0.052901 , 0.0480971
0.0580742 , 0.0572097 , 0.0480971
0.0580742 , 0.045983 , 0.0105969
0.0580742 , 0.0604536 , 0.053438
0.0580742 , 0.055052 , 0.0696087
0.0580742 , 0.0609945 , 0.0480971
0.0580742 , 0.0512935 , 0.0748774
0.0580742 , 0.0722603 , 0.0894698
0.0580742 , 0.0631576 , 0.0377074
0.0580742 , 0.0620763 , 0.0748774
0.0580742 , 0.0669316 , 0.0938569
0.0580742 , 0.055052 , 0.0938569
0.0580742 , 0.0748774 , 0.0327235
0.0580742 , 0.0615355 , 0.058831
0.0580742 , 0.0518287 , 0.0938569
0.0580742 , 0.0609945 , 0.11344
0.0580742 , 0.0599126 , 0
0.0580742 , 0.053438 , 0.0480971
0.0580742 , 0.0491595 , 0.0377074
0.0580742 , 0.0582904 , 0.0428423
0.0580742 , 0.0480971 , 0.027915
0.0580742 , 0.0626171 , 0.0938569
0.0580742 , 0.0512935 , 0.0642379
0.0580742 , 0.0438848 , 0.0377074
0.0580742 , 0.0496919 , 0.079974
0.0580742 , 0.066394 , 0.0428423
0.0580742 , 0.0566698 , 0.12089
0.0580742 , 0.0539755 , 0.027915
0.0580742 , 0.0428423 , 0.0377074
0.0580742 , 0.066394 , 0.053438
0.0580742 , 0.0372018 , 0.12857
0.0580742 , 0.0743572 , 0.124681
0.0580742 , 0.0566698 , 0.053438
0.0580742 , 0.0491595 , 0.102043
0.0580742 , 0.0722603 , 0.00305101
0.0580742 , 0.0706729 , 0.0642379
0.0580742 , 0.0523646 , 0.0146417
0.0580742 , 0.0653169 , 0.00673329
0.0580742 , 0.0561302 , 0.0377074
0.0580742 , 0.0465101 , 0.0848452
0.0580742 , 0.0658557 , 0.0748774
0.0580742 , 0.0539755 , 0.0748774
0.0580742 , 0.0475672 , 0.0428423
0.0580742 , 0.0599126 , 0.0428423
0.0580742 , 0.0609945 , 0.0642379
0.0580742 , 0.0647776 , 0.0696087
0.0580742 , 0.0412878 , 0.0188729
0.0580742 , 0.0593718 , 0.117155
0.0580742 , 0.0545136 , 0.0428423
0.0580742 , 0.0418047 , 0.0642379
0.0580742 , 0.052901 , 0.0980353
0.0580742 , 0.069075 , 0.0327235
0.0580742 , 0.0685404 , 0.0696087
0.0580742 , 0.0631576 , 0.0642379
0.0580742 , 0.0545136 , 0.0748774
0.0580742 , 0.050225 , 0.0696087
0.0580742 , 0.0577499 , 0.0188729
0.0580742 , 0.0696087 , 0.0938569
0.0580742 , 0.045983 , 0.079974
0.0580742 , 0.0636979 , 0.0480971
0.0580742 , 0.0593718 , 0.0848452
0.0580742 , 0.0604536 , 0.058831
0.0580742 , 0.0609945 , 0.0642379
0.0580742 , 0.0712033 , 0.0105969
0.0580742 , 0.0545136 , 0.0696087
0.0580742 , 0.0486279 , 0.0428423
0.0580742 , 0.0496919 , 0.0748774
0.0580742 , 0.0658557 , 0.0938569
0.0580742 , 0.0507589 , 0.0232964
0.0580742 , 0.0518287 , 0.0848452
0.0580742 , 0.0507589 , 0.0848452
0.0580742 , 0.0407721 , 0.058831
0.0580742 , 0.0647776 , 0.0642379
0.0580742 , 0.0733118 , 0.053438
0.0580742 , 0.0572097 , 0.0980353
0.0580742 , 0.0680049 , 0.058831
0.0580742 , 0.0561302 , 0.0480971
0.0580742 , 0.0609945 , 0.00305101
0.0580742 , 0.0604536 , 0.0696087
0.0580742 , 0.0449317 , 0.027915
0.0580742 , 0.069075 , 0.00673329
0.0580742 , 0.0491595 , 0.0105969
0.0580742 , 0.0789714 , 0.0642379
0.0580742 , 0.0475672 , 0.058831
0.0580742 , 0.0572097 , 0.0642379
0.0580742 , 0.0636979 , 0.0327235
0.0580742 , 0.050225 , 0.0480971
0.0580742 , 0.050225 , 0.0428423
0.0580742 , 0.0518287 , 0.058831
0.0580742 , 0.0545136 , 0.0642379
0.0580742 , 0.0647776 , 0.079974
0.0580742 , 0.0566698 , 0.0696087
0.0580742 , 0.0512935 , 0.0105969
0.0580742 , 0.0444077 , 0.0480971
