0.027915 , 0.0372018 , 0.0232964
0.027915 , 0.0387233 , 0.027915
0.027915 , 0.0332143 , 0.079974
0.027915 , 0.0215036 , 0.0696087
0.027915 , 0.0255814 , 0.0327235
0.027915 , 0.0237495 , 0.053438
0.027915 , 0.030778 , 0.0480971
0.027915 , 0.0444077 , 0.0748774
0.027915 , 0.026509 , 0.00305101
0.027915 , 0.0242046 , 0.0105969
0.027915 , 0.0397449 , 0.053438
0.027915 , 0.0154728 , 0.0428423
0.027915 , 0.0317472 , 0
0.027915 , 0.0412878 , 0.0188729
0.027915 , 0.029338 , 0
0.027915 , 0.0356942 , 0.0327235
0.027915 , 0.0251205 , 0.0105969
0.027915 , 0.019742 , 0.0377074
0.027915 , 0.0210603 , 0.058831
0.027915 , 0.029338 , 0.0232964
0.027915 , 0.0382146 , 0.0480971
0.027915 , 0.0337069 , 0.0480971
0.027915 , 0.0260443 , 0.0146417
0.027915 , 0.0158912 , 0.058831
0.027915 , 0.0382146 , 0.058831
0.027915 , 0.0356942 , 0
0.027915 , 0.0402578 , 0
0.027915 , 0.0283874 , 0.0188729
0.027915 , 0.0402578 , 0
0.027915 , 0.0210603 , 0.027915
0.027915 , 0.0312617 , 0.0377074
0.027915 , 0.0288618 , 0.0188729
0.027915 , 0.0332143 , 0.053438
0.027915 , 0.0337069 , 0.0232964
0.027915 , 0.027915 , 0.0428423
0.027915 , 0.0201795 , 0.0377074
0.027915 , 0.0154728 , 0.0105969
0.027915 , 0.0361951 , 0.00305101
0.027915 , 0.0210603 , 0.027915
0.027915 , 0.026509 , 0
0.027915 , 0.0210603 , 0.0146417
0.027915 , 0.0242046 , 0.00673329
0.027915 , 0.0109931 , 0.0642379
0.027915 , 0.030778 , 0.0188729
0.027915 , 0.0366977 , 0.0377074
0.027915 , 0.0175836 , 0
0.027915 , 0.0142289 , 0.00305101
0.027915 , 0.026509 , 0.027915
0.027915 , 0.0298162 , 0.0327235
0.027915 , 0.027915 , 0
0.027915 , 0.0206189 , 0.0642379
0.027915 , 0.0171576 , 0.0428423
0.027915 , 0.0201795 , 0.0377074
0.027915 , 0.0274444 , 0.0188729
0.027915 , 0.026509 , 0.058831
0.027915 , 0.0167336 , 0.0377074
0.027915 , 0.0327235 , 0.0232964
0.027915 , 0.027915 , 0.0696087
0.027915 , 0.0215036 , 0.0327235
0.027915 , 0.0346972 , 0.0748774
0.027915 , 0.0228453 , 0.00673329
0.027915 , 0.0175836 , 0.0377074
0.027915 , 0.0327235 , 0.0377074
0.027915 , 0.0232964 , 0.0696087
0.027915 , 0.0201795 , 0.0232964
0.027915 , 0.0167336 , 0
0.027915 , 0.0242046 , 0.0146417
0.027915 , 0.0407721 , 0.0327235
0.027915 , 0.0219489 , 0.0188729
0.027915 , 0.026509 , 0
0.027915 , 0.0332143 , 0.0642379
0.027915 , 0.0470382 , 0.0146417
0.027915 , 0.0298162 , 0.0188729
0.027915 , 0.0206189 , 0.0748774
0.027915 , 0.027915 , 0.0377074
0.027915 , 0.0242046 , 0.0480971
0.027915 , 0.0322344 , 0.0377074
0.027915 , 0.0298162 , 0.0377074
0.027915 , 0.0337069 , 0.0327235
0.027915 , 0.0392334 , 0.027915
0.027915 , 0.0342012 , 0.00305101
0.027915 , 0.0342012 , 0.0377074
0.027915 , 0.00941888 , 0.027915
0.027915 , 0.0113912 , 0.0188729
0.027915 , 0.0387233 , 0.027915
0.027915 , 0.0255814 , 0.0232964
0.027915 , 0.0269758 , 0
0.027915 , 0.0255814 , 0.0232964
0.027915 , 0.0255814 , 0.053438
0.027915 , 0.0288618 , 0
0.027915 , 0.0298162 , 0
0.027915 , 0.0298162 , 0.0105969
0.027915 , 0.00902982 , 0.00305101
0.027915 , 0.0512935 , 0.0377074
0.027915 , 0.0372018 , 0.0428423
0.027915 , 0.0377074 , 0.11344
0.027915 , 0.0322344 , 0.0232964
0.027915 , 0.0288618 , 0.0428423
0.027915 , 0.0201795 , 0.0428423
0.027915 , 0.0382146 , 0.00673329
