0.0719438 , 0.0753959 , 0.0848452
0.0711503 , 0.0843691 , 0.0848452
0.0669854 , 0.0609945 , 0.0938569
0.077196 , 0.066394 , 0.0848452
0.0733118 , 0.0753959 , 0.027915
0.0682192 , 0.066394 , 0.0146417
0.0764788 , 0.0881083 , 0.0480971
0.0750331 , 0.0604536 , 0.0980353
0.0778076 , 0.0518287 , 0.0894698
0.0718381 , 0.0769403 , 0.053438
0.0747735 , 0.0615355 , 0.0480971
0.0666629 , 0.0539755 , 0.0748774
0.0713622 , 0.0712033 , 0.0642379
0.0748774 , 0.0674686 , 0.105921
0.0729444 , 0.0789714 , 0.0696087
0.0616977 , 0.0382146 , 0.079974
0.0777567 , 0.0764274 , 0.0232964
0.0761702 , 0.0631576 , 0.0188729
0.0765815 , 0.0894698 , 0.0894698
0.0669854 , 0.0615355 , 0.0980353
0.0757061 , 0.0706729 , 0.0980353
0.0801236 , 0.0912519 , 0.0938569
0.0747735 , 0.0669316 , 0.0938569
0.0763246 , 0.0759126 , 0.0938569
0.0728919 , 0.069075 , 0.079974
0.0780616 , 0.0764274 , 0.102043
0.0756028 , 0.0809674 , 0.0848452
0.0688613 , 0.0738353 , 0.0428423
0.0680049 , 0.0712033 , 0.0696087
0.0722603 , 0.0829259 , 0.0428423
0.0789714 , 0.0819515 , 0.0980353
0.0777567 , 0.0809674 , 0.079974
0.0743051 , 0.0769403 , 0.0848452
0.0767354 , 0.0669316 , 0.0696087
0.0750331 , 0.0764274 , 0.0848452
0.0699816 , 0.0804719 , 0.079974
0.0783656 , 0.0804719 , 0.0848452
0.0738353 , 0.0722603 , 0.0480971
0.07796 , 0.0819515 , 0.079974
0.0683263 , 0.0706729 , 0.0642379
0.0770938 , 0.0853189 , 0.0980353
0.0760672 , 0.0748774 , 0.11344
0.0751369 , 0.0794738 , 0.105921
0.0745655 , 0.0809674 , 0.0938569
0.0751369 , 0.0809674 , 0.0848452
0.073992 , 0.0759126 , 0.0894698
0.0818045 , 0.0809674 , 0.0980353
0.0672539 , 0.07796 , 0.0327235
0.0705667 , 0.0733118 , 0.027915
0.0740442 , 0.0631576 , 0.079974
0.0716796 , 0.07796 , 0.0146417
0.0716267 , 0.0764274 , 0.0696087
0.0665553 , 0.0582904 , 0.0696087
0.0719438 , 0.0727868 , 0.0938569
0.0719438 , 0.0824399 , 0.0480971
0.0766841 , 0.0916916 , 0.102043
0.073992 , 0.0753959 , 0.027915
0.0758094 , 0.0838905 , 0.0327235
0.075861 , 0.0609945 , 0.0848452
0.0722603 , 0.0696087 , 0.0642379
0.0713092 , 0.0717325 , 0.058831
0.07796 , 0.0834095 , 0.0980353
0.0753441 , 0.0680049 , 0.0696087
0.0719965 , 0.0669316 , 0.0848452
0.0778584 , 0.0838905 , 0.0480971
0.0798741 , 0.0819515 , 0.0894698
0.0700349 , 0.0642379 , 0.0938569
0.0735737 , 0.0722603 , 0.124681
0.073469 , 0.0759126 , 0.053438
0.0790721 , 0.0824399 , 0.0894698
0.073102 , 0.0804719 , 0.0642379
0.0732594 , 0.0717325 , 0.0748774
0.0672002 , 0.0572097 , 0.0748774
0.0691818 , 0.0717325 , 0.027915
0.0791223 , 0.0743572 , 0.0642379
0.0733642 , 0.069075 , 0.0894698
0.0736261 , 0.0647776 , 0.053438
0.0742008 , 0.07796 , 0.102043
0.0760157 , 0.0834095 , 0.079974
0.0800239 , 0.0843691 , 0.053438
0.0793233 , 0.0712033 , 0.0696087
0.0775022 , 0.0701413 , 0.079974
0.0725764 , 0.0876496 , 0.0696087
0.0753441 , 0.0680049 , 0.0748774
0.0723657 , 0.069075 , 0.058831
0.072629 , 0.0712033 , 0.0748774
0.0761702 , 0.0769403 , 0.0327235
0.0769915 , 0.0759126 , 0.0980353
0.0694487 , 0.0881083 , 0.105921
0.0704072 , 0.0669316 , 0.117155
0.0692352 , 0.0636979 , 0.0327235
0.0717325 , 0.055052 , 0.0428423
0.0778076 , 0.0774512 , 0.079974
0.0746695 , 0.0748774 , 0.0480971
0.0688613 , 0.0794738 , 0.079974
0.0690216 , 0.0685404 , 0.0980353
0.0737307 , 0.0789714 , 0.0480971
0.0760672 , 0.0829259 , 0.079974
0.0670928 , 0.0814606 , 0.058831
0.0753441 , 0.0867248 , 0.124681
