0.00594485 , 0 , 0
0.0161852 , 0.0102024 , 0
0.0108741 , 0.000931206 , 0.00305101
0.00818024 , 0.00598222 , 0.0327235
0.00699788 , 0.0074916 , 0.0188729
0.0131237 , 0 , 0
0.0135724 , 0.0150563 , 0.027915
0.00977057 , 0.0125964 , 0.0146417
0.0108344 , 0.0188729 , 0.0232964
0.00945788 , 0.0074916 , 0
0.011711 , 0.00825711 , 0.0188729
0.011471 , 0.0125964 , 0.00673329
0.00439204 , 0.00233678 , 0
0.0140233 , 0.0121928 , 0.0105969
0.00969229 , 0.0146417 , 0.0232964
0.0120319 , 0.0242046 , 0.0146417
0.010676 , 0.00598222 , 0.0377074
0.0127178 , 0.013818 , 0.0327235
0.00575831 , 0.00486923 , 0.0146417
0.0110329 , 0.0102024 , 0.0377074
0.0100058 , 0.00787346 , 0.0188729
0.0103994 , 0.0130018 , 0.0232964
0.00868121 , 0.0146417 , 0
0.00760597 , 0.000931206 , 0.0696087
0.0136951 , 0.0150563 , 0.0146417
0.00899102 , 0.00450189 , 0.0232964
0.00918523 , 0.00377273 , 0.0428423
0.00568382 , 0.0154728 , 0
0.00914635 , 0.0102024 , 0.00673329
0.00741544 , 0.00864257 , 0.0146417
0.0123137 , 0.0125964 , 0.0327235
0.0077205 , 0.0105969 , 0.00305101
0.0132866 , 0.0188729 , 0.058831
0.0118713 , 0.0113912 , 0.0105969
0.0119114 , 0.0215036 , 0
0.0147659 , 0.0215036 , 0.00305101
0.0113513 , 0.0052384 , 0.0428423
0.00996658 , 0.0242046 , 0
0.0105178 , 0.00864257 , 0.00305101
0.0105178 , 0.0117911 , 0.0428423
0.00984892 , 0.00598222 , 0.0105969
0.0131644 , 0.00341094 , 0.0377074
0.00965317 , 0.0171576 , 0
0.0119114 , 0.0158912 , 0
0.0111919 , 0.0246616 , 0.0377074
0.0118713 , 0.00413638 , 0
0.0127178 , 0.0206189 , 0.0146417
0.00879725 , 0.019742 , 0
0.0147659 , 0.026509 , 0.0377074
0.0102024 , 0.00711154 , 0.0327235
0.0080267 , 0.0052384 , 0
0.00501668 , 0.00377273 , 0.0327235
0.00848817 , 0.00486923 , 0.027915
0.0109534 , 0.0171576 , 0
0.00910749 , 0.019742 , 0
0.0107551 , 0.0074916 , 0.0327235
0.0109931 , 0.00980973 , 0.0188729
0.0147245 , 0.0121928 , 0.0105969
0.00969229 , 0.0175836 , 0.0327235
0.00669557 , 0.00864257 , 0.00673329
0.0128394 , 0.0167336 , 0.0232964
0.0107948 , 0.0125964 , 0.0146417
0.00810343 , 0.00341094 , 0.0232964
0.0121928 , 0.00486923 , 0.00673329
0.0127583 , 0.0113912 , 0.0232964
0.00795004 , 0.0154728 , 0
0.0100058 , 0.0283874 , 0.0146417
0.00996658 , 0.0102024 , 0.027915
0.00930197 , 0.0121928 , 0.0146417
0.0111521 , 0.00864257 , 0
0.00598222 , 0.0074916 , 0
0.00818024 , 0.00305101 , 0
0.00760597 , 0 , 0.0146417
0.0113912 , 0.0193065 , 0.053438
0.00891346 , 0.0167336 , 0
0.00961408 , 0.0158912 , 0.0146417
0.0109931 , 0.0215036 , 0.0188729
0.011751 , 0.00413638 , 0.0327235
0.0101237 , 0.0163115 , 0.0105969
0.00598222 , 0.0074916 , 0.0327235
0.0113115 , 0.013409 , 0
0.0143114 , 0.0158912 , 0.027915
0.00961408 , 0.00450189 , 0.00305101
0.0148488 , 0.0158912 , 0.0188729
0.0124347 , 0.0298162 , 0
0.00468533 , 0 , 0
0.0118713 , 0.0117911 , 0.027915
0.00616931 , 0.0109931 , 0
0.00860394 , 0.0105969 , 0.0188729
0.0124347 , 0.00941888 , 0.0232964
0.0162693 , 0.0274444 , 0.0232964
0.0107551 , 0.0102024 , 0.053438
0.0076823 , 0 , 0
0.0129611 , 0.0146417 , 0.00673329
0.00930197 , 0 , 0.0146417
0.00910749 , 0 , 0.053438
0.00714947 , 0.00787346 , 0
0.010163 , 0.00825711 , 0
0.00791174 , 0 , 0.00673329
0.0113513 , 0.0167336 , 0.0146417
