0.11154 , 0.11344 , 0.0642379
0.11154 , 0.107444 , 0.12857
0.11154 , 0.110082 , 0.12089
0.11154 , 0.114183 , 0.102043
0.11154 , 0.108955 , 0.0938569
0.11154 , 0.112323 , 0.105921
0.11154 , 0.102828 , 0.117155
0.11154 , 0.114554 , 0.117155
0.11154 , 0.116412 , 0.102043
0.11154 , 0.105538 , 0.12089
0.11154 , 0.109331 , 0.124681
0.11154 , 0.111204 , 0.11344
0.11154 , 0.114183 , 0.105921
0.11154 , 0.108578 , 0.0848452
0.11154 , 0.11344 , 0.132603
0.11154 , 0.117899 , 0.102043
0.11154 , 0.11604 , 0.0848452
0.11154 , 0.108578 , 0.0894698
0.11154 , 0.110831 , 0.136837
0.11154 , 0.114183 , 0.0938569
0.11154 , 0.111204 , 0.124681
0.11154 , 0.107444 , 0.124681
0.11154 , 0.109331 , 0.109707
0.11154 , 0.109331 , 0.136837
0.11154 , 0.108955 , 0.124681
0.11154 , 0.110456 , 0.117155
0.11154 , 0.111204 , 0.109707
0.11154 , 0.110082 , 0.105921
0.11154 , 0.113811 , 0.0980353
0.11154 , 0.103607 , 0.0938569
0.11154 , 0.113811 , 0.117155
0.11154 , 0.118272 , 0.109707
0.11154 , 0.112323 , 0.132603
0.11154 , 0.113811 , 0.0894698
0.11154 , 0.106303 , 0.0848452
0.11154 , 0.114926 , 0.12857
0.11154 , 0.115297 , 0.0848452
0.11154 , 0.118272 , 0.105921
0.11154 , 0.110456 , 0.0748774
0.11154 , 0.115669 , 0.105921
0.11154 , 0.113811 , 0.102043
0.11154 , 0.108578 , 0.0980353
0.11154 , 0.114183 , 0.0938569
0.11154 , 0.115297 , 0.109707
0.11154 , 0.108955 , 0.0894698
0.11154 , 0.114554 , 0.079974
0.11154 , 0.111951 , 0.117155
0.11154 , 0.104769 , 0.102043
0.11154 , 0.116783 , 0.105921
0.11154 , 0.108578 , 0.12089
0.11154 , 0.111578 , 0.109707
0.11154 , 0.115297 , 0.105921
0.11154 , 0.100856 , 0.12089
0.11154 , 0.107823 , 0.105921
0.11154 , 0.110831 , 0.12857
0.11154 , 0.107444 , 0.11344
0.11154 , 0.105538 , 0.117155
0.11154 , 0.109707 , 0.109707
0.11154 , 0.110456 , 0.12857
0.11154 , 0.115297 , 0.124681
0.11154 , 0.114183 , 0.117155
0.11154 , 0.112696 , 0.102043
0.11154 , 0.106684 , 0.117155
0.11154 , 0.108955 , 0.0894698
0.11154 , 0.111951 , 0.0848452
0.11154 , 0.111951 , 0.0980353
0.11154 , 0.115297 , 0.11344
0.11154 , 0.115669 , 0.141345
0.11154 , 0.102828 , 0.117155
0.11154 , 0.109707 , 0.105921
0.11154 , 0.105921 , 0.0938569
0.11154 , 0.108201 , 0.0748774
0.11154 , 0.11344 , 0.12089
0.11154 , 0.114926 , 0.0938569
0.11154 , 0.117899 , 0.11344
0.11154 , 0.107064 , 0.11344
0.11154 , 0.114554 , 0.146221
0.11154 , 0.11344 , 0.0848452
0.11154 , 0.108201 , 0.124681
0.11154 , 0.109707 , 0.0938569
0.11154 , 0.111578 , 0.117155
0.11154 , 0.112696 , 0.117155
0.11154 , 0.114183 , 0.132603
0.11154 , 0.111578 , 0.0696087
0.11154 , 0.117527 , 0.11344
0.11154 , 0.114554 , 0.132603
0.11154 , 0.110456 , 0.105921
0.11154 , 0.108955 , 0.0894698
0.11154 , 0.11344 , 0.102043
0.11154 , 0.111951 , 0.0938569
0.11154 , 0.109707 , 0.105921
0.11154 , 0.108578 , 0.12089
0.11154 , 0.113811 , 0.0748774
0.11154 , 0.117155 , 0.0980353
0.11154 , 0.112696 , 0.11344
0.11154 , 0.107444 , 0.0894698
0.11154 , 0.110082 , 0.117155
0.11154 , 0.108201 , 0.12857
0.11154 , 0.115297 , 0.117155
0.11154 , 0.110831 , 0.105921
