0.126106 , 0.130565 , 0.12857
0.126106 , 0.121266 , 0.117155
0.126106 , 0.127782 , 0.117155
0.126106 , 0.131782 , 0.151603
0.126106 , 0.12857 , 0.12857
0.126106 , 0.129762 , 0.117155
0.126106 , 0.128966 , 0.124681
0.126106 , 0.125836 , 0.124681
0.126106 , 0.119765 , 0.12089
0.126106 , 0.128175 , 0.117155
0.126106 , 0.126222 , 0.12857
0.126106 , 0.129363 , 0.12089
0.126106 , 0.124298 , 0.141345
0.126106 , 0.125065 , 0.132603
0.126106 , 0.123916 , 0.146221
0.126106 , 0.127 , 0.141345
0.126106 , 0.127782 , 0.12857
0.126106 , 0.134691 , 0.136837
0.126106 , 0.12545 , 0.12089
0.126106 , 0.127 , 0.12857
0.126106 , 0.128175 , 0.124681
0.126106 , 0.12739 , 0.12857
0.126106 , 0.124298 , 0.0980353
0.126106 , 0.126611 , 0.12857
0.126106 , 0.12739 , 0.124681
0.126106 , 0.12014 , 0.117155
0.126106 , 0.119765 , 0.146221
0.126106 , 0.124681 , 0.12857
0.126106 , 0.124298 , 0.109707
0.126106 , 0.123916 , 0.11344
0.126106 , 0.12739 , 0.102043
0.126106 , 0.128966 , 0.136837
0.126106 , 0.123155 , 0.12857
0.126106 , 0.128175 , 0.11344
0.126106 , 0.119391 , 0.132603
0.126106 , 0.129762 , 0.12089
0.126106 , 0.123916 , 0.109707
0.126106 , 0.128966 , 0.12089
0.126106 , 0.119391 , 0.132603
0.126106 , 0.127 , 0.12857
0.126106 , 0.124298 , 0.136837
0.126106 , 0.127 , 0.117155
0.126106 , 0.133849 , 0.141345
0.126106 , 0.123916 , 0.141345
0.126106 , 0.115669 , 0.12089
0.126106 , 0.129762 , 0.136837
0.126106 , 0.12014 , 0.12089
0.126106 , 0.122776 , 0.117155
0.126106 , 0.128175 , 0.11344
0.126106 , 0.128966 , 0.12857
0.126106 , 0.136403 , 0.124681
0.126106 , 0.130565 , 0.141345
0.126106 , 0.125836 , 0.109707
0.126106 , 0.126222 , 0.12089
0.126106 , 0.130163 , 0.136837
0.126106 , 0.122776 , 0.141345
0.126106 , 0.134691 , 0.141345
0.126106 , 0.134269 , 0.102043
0.126106 , 0.125836 , 0.146221
0.126106 , 0.128175 , 0.117155
0.126106 , 0.12545 , 0.124681
0.126106 , 0.130969 , 0.141345
0.126106 , 0.126222 , 0.151603
0.126106 , 0.12739 , 0.141345
0.126106 , 0.120515 , 0.132603
0.126106 , 0.122397 , 0.136837
0.126106 , 0.134269 , 0.12089
0.126106 , 0.132192 , 0.124681
0.126106 , 0.12739 , 0.141345
0.126106 , 0.12089 , 0.124681
0.126106 , 0.134269 , 0.117155
0.126106 , 0.128966 , 0.117155
0.126106 , 0.129762 , 0.12089
0.126106 , 0.123535 , 0.132603
0.126106 , 0.12739 , 0.132603
0.126106 , 0.123916 , 0.12857
0.126106 , 0.130969 , 0.124681
0.126106 , 0.134269 , 0.141345
0.126106 , 0.123916 , 0.141345
0.126106 , 0.124681 , 0.124681
0.126106 , 0.132192 , 0.124681
0.126106 , 0.128966 , 0.124681
0.126106 , 0.12014 , 0.12089
0.126106 , 0.123155 , 0.117155
0.126106 , 0.126222 , 0.136837
0.126106 , 0.127782 , 0.109707
0.126106 , 0.121642 , 0.117155
0.126106 , 0.119765 , 0.124681
0.126106 , 0.128175 , 0.11344
0.126106 , 0.135115 , 0.124681
0.126106 , 0.117155 , 0.141345
0.126106 , 0.123916 , 0.12857
0.126106 , 0.123535 , 0.12857
0.126106 , 0.125836 , 0.109707
0.126106 , 0.127782 , 0.132603
0.126106 , 0.122776 , 0.141345
0.126106 , 0.133016 , 0.136837
0.126106 , 0.125065 , 0.12089
0.126106 , 0.12545 , 0.132603
0.126106 , 0.124298 , 0.136837
