0.19627 , 0.199941 , 1
0.19627 , 0.195667 , 0.185575
0.19627 , 0.197728 , 0.151603
0.19627 , 0.204939 , 0.185575
0.19627 , 0.193738 , 1
0.19627 , 0.193738 , 0.204939
0.19627 , 0.185575 , 1
0.19627 , 0.199941 , 0.204939
0.19627 , 0.197728 , 1
0.19627 , 0.188588 , 0.157696
0.19627 , 0.197728 , 0.204939
0.19627 , 0.2078 , 0.204939
0.19627 , 0.195667 , 1
0.19627 , 0.195667 , 0.185575
0.19627 , 0.193738 , 0.185575
0.19627 , 0.190211 , 0.173671
0.19627 , 0.190211 , 0.204939
0.19627 , 0.193738 , 0.185575
0.19627 , 0.191924 , 0.204939
0.19627 , 0.193738 , 0.185575
0.19627 , 0.214556 , 0.173671
0.19627 , 0.188588 , 0.204939
0.19627 , 0.199941 , 0.185575
0.19627 , 0.187046 , 0.204939
0.19627 , 0.2078 , 0.204939
0.19627 , 0.187046 , 0.185575
0.19627 , 0.195667 , 0.204939
0.19627 , 0.190211 , 0.204939
0.19627 , 0.195667 , 1
0.19627 , 0.202334 , 1
0.19627 , 0.193738 , 0.185575
0.19627 , 0.199941 , 1
0.19627 , 0.193738 , 1
0.19627 , 0.188588 , 0.185575
0.19627 , 0.199941 , 1
0.19627 , 0.2078 , 0.185575
0.19627 , 0.191924 , 1
0.19627 , 0.191924 , 1
0.19627 , 0.199941 , 0.204939
0.19627 , 0.188588 , 0.204939
0.19627 , 0.218654 , 1
0.19627 , 0.202334 , 0.204939
0.19627 , 0.197728 , 0.185575
0.19627 , 0.202334 , 0.204939
0.19627 , 0.185575 , 0.185575
0.19627 , 0.223459 , 1
0.19627 , 0.197728 , 0.204939
0.19627 , 0.199941 , 1
0.19627 , 0.197728 , 0.185575
0.19627 , 0.195667 , 0.204939
0.19627 , 0.190211 , 0.185575
0.19627 , 0.190211 , 0.204939
0.19627 , 0.188588 , 0.204939
0.19627 , 0.195667 , 1
0.19627 , 0.204939 , 0.204939
0.19627 , 0.195667 , 0.204939
0.19627 , 0.188588 , 0.204939
0.19627 , 0.2078 , 0.173671
0.19627 , 0.190211 , 1
0.19627 , 0.199941 , 0.204939
0.19627 , 0.191924 , 0.204939
0.19627 , 0.195667 , 0.185575
0.19627 , 0.187046 , 0.204939
0.19627 , 0.202334 , 0.157696
0.19627 , 0.191924 , 0.204939
0.19627 , 0.181531 , 0.204939
0.19627 , 0.204939 , 1
0.19627 , 0.193738 , 0.204939
0.19627 , 0.197728 , 0.204939
0.19627 , 0.197728 , 0.204939
0.19627 , 0.193738 , 1
0.19627 , 0.210978 , 0.185575
0.19627 , 0.190211 , 0.173671
0.19627 , 0.204939 , 0.204939
0.19627 , 0.197728 , 0.185575
0.19627 , 0.204939 , 0.185575
0.19627 , 0.202334 , 0.185575
0.19627 , 0.190211 , 0.204939
0.19627 , 0.188588 , 0.185575
0.19627 , 0.193738 , 0.204939
0.19627 , 0.197728 , 0.204939
0.19627 , 0.202334 , 0.204939
0.19627 , 0.202334 , 0.185575
0.19627 , 0.190211 , 1
0.19627 , 0.193738 , 0.185575
0.19627 , 0.195667 , 1
0.19627 , 0.199941 , 0.204939
0.19627 , 0.204939 , 0.164843
0.19627 , 0.190211 , 0.185575
0.19627 , 0.195667 , 1
0.19627 , 0.199941 , 0.204939
0.19627 , 0.199941 , 1
0.19627 , 0.190211 , 1
0.19627 , 0.191924 , 0.204939
0.19627 , 0.2078 , 0.204939
0.19627 , 0.199941 , 0.185575
0.19627 , 0.193738 , 0.204939
0.19627 , 0.199941 , 0.185575
0.19627 , 0.193738 , 0.185575
0.19627 , 0.197728 , 1
