0.0984838 , 0.0968015 , 0.102043
0.0984838 , 0.0951307 , 0.0642379
0.0984838 , 0.103996 , 0.105921
0.0984838 , 0.0929973 , 0.11344
0.0984838 , 0.0963867 , 0.109707
0.0984838 , 0.0938569 , 0.0642379
0.0984838 , 0.0963867 , 0.12089
0.0984838 , 0.102043 , 0.117155
0.0984838 , 0.102828 , 0.0938569
0.0984838 , 0.105921 , 0.11344
0.0984838 , 0.0929973 , 0.117155
0.0984838 , 0.106303 , 0.117155
0.0984838 , 0.0976258 , 0.105921
0.0984838 , 0.103218 , 0.0848452
0.0984838 , 0.102436 , 0.0480971
0.0984838 , 0.0955513 , 0.0848452
0.0984838 , 0.0951307 , 0.079974
0.0984838 , 0.107064 , 0.0642379
0.0984838 , 0.0899189 , 0.0748774
0.0984838 , 0.106303 , 0.0894698
0.0984838 , 0.0996567 , 0.0894698
0.0984838 , 0.100458 , 0.117155
0.0984838 , 0.0968015 , 0.109707
0.0984838 , 0.104769 , 0.0938569
0.0984838 , 0.0996567 , 0.0894698
0.0984838 , 0.0984431 , 0.0980353
0.0984838 , 0.0988492 , 0.0938569
0.0984838 , 0.0976258 , 0.109707
0.0984838 , 0.0942835 , 0.11344
0.0984838 , 0.0947081 , 0.102043
0.0984838 , 0.102043 , 0.136837
0.0984838 , 0.0996567 , 0.058831
0.0984838 , 0.104383 , 0.124681
0.0984838 , 0.102043 , 0.0980353
0.0984838 , 0.0947081 , 0.105921
0.0984838 , 0.107064 , 0.105921
0.0984838 , 0.0951307 , 0.11344
0.0984838 , 0.0955513 , 0.0848452
0.0984838 , 0.0871884 , 0.0894698
0.0984838 , 0.0976258 , 0.12857
0.0984838 , 0.100856 , 0.0980353
0.0984838 , 0.0963867 , 0.079974
0.0984838 , 0.102828 , 0.0848452
0.0984838 , 0.0916916 , 0.105921
0.0984838 , 0.0908099 , 0.12089
0.0984838 , 0.102043 , 0.102043
0.0984838 , 0.107064 , 0.0894698
0.0984838 , 0.0980353 , 0.0377074
0.0984838 , 0.100058 , 0.0980353
0.0984838 , 0.0916916 , 0.12857
0.0984838 , 0.100458 , 0.0938569
0.0984838 , 0.103218 , 0.0894698
0.0984838 , 0.0947081 , 0.105921
0.0984838 , 0.0912519 , 0.117155
0.0984838 , 0.100058 , 0.0980353
0.0984838 , 0.0890184 , 0.0980353
0.0984838 , 0.110456 , 0.0938569
0.0984838 , 0.102043 , 0.12857
0.0984838 , 0.0942835 , 0.0642379
0.0984838 , 0.0976258 , 0.109707
0.0984838 , 0.100058 , 0.102043
0.0984838 , 0.0916916 , 0.105921
0.0984838 , 0.106684 , 0.0938569
0.0984838 , 0.100458 , 0.0848452
0.0984838 , 0.0925643 , 0.102043
0.0984838 , 0.0934282 , 0.124681
0.0984838 , 0.0929973 , 0.0980353
0.0984838 , 0.0959699 , 0.0848452
0.0984838 , 0.108578 , 0.0938569
0.0984838 , 0.0968015 , 0.0894698
0.0984838 , 0.0996567 , 0.0894698
0.0984838 , 0.0951307 , 0.105921
0.0984838 , 0.0947081 , 0.0894698
0.0984838 , 0.0992537 , 0.11344
0.0984838 , 0.0980353 , 0.109707
0.0984838 , 0.105921 , 0.102043
0.0984838 , 0.100856 , 0.117155
0.0984838 , 0.0984431 , 0.079974
0.0984838 , 0.0976258 , 0.0848452
0.0984838 , 0.106684 , 0.079974
0.0984838 , 0.0980353 , 0.0938569
0.0984838 , 0.102043 , 0.124681
0.0984838 , 0.102436 , 0.11344
0.0984838 , 0.0972146 , 0.11344
0.0984838 , 0.0984431 , 0.105921
0.0984838 , 0.0942835 , 0.105921
0.0984838 , 0.0984431 , 0.079974
0.0984838 , 0.101649 , 0.0696087
0.0984838 , 0.104383 , 0.0980353
0.0984838 , 0.102043 , 0.124681
0.0984838 , 0.103607 , 0.109707
0.0984838 , 0.0925643 , 0.11344
0.0984838 , 0.092129 , 0.0980353
0.0984838 , 0.0980353 , 0.12089
0.0984838 , 0.0963867 , 0.12089
0.0984838 , 0.0963867 , 0.0938569
0.0984838 , 0.0925643 , 0.11344
0.0984838 , 0.0984431 , 0.12089
0.0984838 , 0.0980353 , 0.0696087
0.0984838 , 0.105154 , 0.132603
