0.174791 , 0.17909 , 0.204939
0.174791 , 0.176817 , 0.185575
0.174791 , 0.176817 , 0.185575
0.174791 , 0.182824 , 0.157696
0.174791 , 0.180288 , 0.204939
0.174791 , 0.171722 , 0.204939
0.174791 , 0.18417 , 0.173671
0.174791 , 0.177934 , 0.185575
0.174791 , 0.175736 , 0.173671
0.174791 , 0.168987 , 0.164843
0.174791 , 0.167273 , 0.164843
0.174791 , 0.168987 , 0.164843
0.174791 , 0.175736 , 0.185575
0.174791 , 0.17909 , 0.185575
0.174791 , 0.175736 , 0.164843
0.174791 , 0.173671 , 0.204939
0.174791 , 0.16812 , 0.204939
0.174791 , 0.172683 , 0.204939
0.174791 , 0.164843 , 0.173671
0.174791 , 0.177934 , 0.173671
0.174791 , 0.169876 , 0.164843
0.174791 , 0.169876 , 0.185575
0.174791 , 0.180288 , 0.157696
0.174791 , 0.175736 , 0.204939
0.174791 , 0.181531 , 0.173671
0.174791 , 0.175736 , 0.164843
0.174791 , 0.169876 , 0.204939
0.174791 , 0.172683 , 0.204939
0.174791 , 0.173671 , 0.204939
0.174791 , 0.17909 , 0.185575
0.174791 , 0.181531 , 0.185575
0.174791 , 0.171722 , 0.164843
0.174791 , 0.172683 , 0.204939
0.174791 , 0.177934 , 1
0.174791 , 0.170787 , 0.164843
0.174791 , 0.169876 , 0.164843
0.174791 , 0.174688 , 0.185575
0.174791 , 0.174688 , 0.204939
0.174791 , 0.17909 , 0.173671
0.174791 , 0.176817 , 0.164843
0.174791 , 0.180288 , 0.185575
0.174791 , 0.171722 , 0.185575
0.174791 , 0.177934 , 0.157696
0.174791 , 0.176817 , 0.204939
0.174791 , 0.17909 , 0.185575
0.174791 , 0.177934 , 0.185575
0.174791 , 0.168987 , 0.185575
0.174791 , 0.182824 , 0.204939
0.174791 , 0.174688 , 0.173671
0.174791 , 0.176817 , 0.151603
0.174791 , 0.175736 , 0.173671
0.174791 , 0.167273 , 0.164843
0.174791 , 0.165635 , 0.204939
0.174791 , 0.159709 , 1
0.174791 , 0.169876 , 0.204939
0.174791 , 0.181531 , 0.173671
0.174791 , 0.167273 , 0.164843
0.174791 , 0.167273 , 0.164843
0.174791 , 0.180288 , 0.204939
0.174791 , 0.169876 , 0.185575
0.174791 , 0.176817 , 0.204939
0.174791 , 0.176817 , 0.173671
0.174791 , 0.170787 , 0.185575
0.174791 , 0.169876 , 0.146221
0.174791 , 0.170787 , 0.204939
0.174791 , 0.171722 , 0.204939
0.174791 , 0.180288 , 0.151603
0.174791 , 0.174688 , 0.157696
0.174791 , 0.187046 , 0.173671
0.174791 , 0.171722 , 0.173671
0.174791 , 0.176817 , 0.185575
0.174791 , 0.182824 , 0.173671
0.174791 , 0.181531 , 0.204939
0.174791 , 0.177934 , 0.157696
0.174791 , 0.170787 , 0.164843
0.174791 , 0.180288 , 0.185575
0.174791 , 0.181531 , 0.164843
0.174791 , 0.174688 , 0.157696
0.174791 , 0.180288 , 0.173671
0.174791 , 0.182824 , 0.204939
0.174791 , 0.176817 , 0.185575
0.174791 , 0.173671 , 0.164843
0.174791 , 0.171722 , 0.185575
0.174791 , 0.175736 , 0.173671
0.174791 , 0.164843 , 0.204939
0.174791 , 0.181531 , 1
0.174791 , 0.185575 , 0.204939
0.174791 , 0.17909 , 0.173671
0.174791 , 0.173671 , 0.173671
0.174791 , 0.175736 , 0.204939
0.174791 , 0.174688 , 0.204939
0.174791 , 0.170787 , 0.151603
0.174791 , 0.17909 , 0.204939
0.174791 , 0.171722 , 0.173671
0.174791 , 0.168987 , 0.164843
0.174791 , 0.182824 , 0.173671
0.174791 , 0.166445 , 0.146221
0.174791 , 0.174688 , 0.164843
0.174791 , 0.173671 , 0.204939
0.174791 , 0.168987 , 0.164843
