0.245794 , 0.23671 , 1
0.293277 , 1 , 1
0.257808 , 0.247026 , 1
0.237579 , 0.23671 , 1
0.264291 , 1 , 1
0.238478 , 0.247026 , 1
0.261943 , 0.264291 , 1
0.238478 , 0.229285 , 1
0.257808 , 0.264291 , 1
0.247026 , 0.23671 , 1
0.254246 , 0.23671 , 1
0.254246 , 1 , 1
0.235053 , 0.23671 , 1
0.233491 , 0.229285 , 0.204939
0.238478 , 0.23671 , 1
0.269756 , 0.264291 , 0.204939
0.266877 , 0.264291 , 0.204939
0.261943 , 1 , 1
0.24037 , 0.247026 , 1
0.255966 , 1 , 1
0.254246 , 0.23671 , 1
0.239407 , 1 , 1
0.259793 , 0.247026 , 1
0.243489 , 0.23671 , 1
0.252633 , 0.264291 , 1
0.273006 , 0.264291 , 1
0.269756 , 0.247026 , 1
0.242408 , 0.264291 , 1
0.245794 , 0.247026 , 1
0.257808 , 0.264291 , 1
0.243489 , 0.247026 , 1
0.252633 , 0.247026 , 1
0.244616 , 0.247026 , 1
0.248319 , 1 , 1
0.255966 , 1 , 1
0.24968 , 0.23671 , 1
0.233491 , 0.229285 , 1
0.264291 , 0.264291 , 1
0.243489 , 0.229285 , 1
0.239407 , 0.23671 , 1
1 , 1 , 1
0.257808 , 1 , 1
0.255966 , 0.264291 , 1
0.24968 , 0.223459 , 1
0.233491 , 0.23671 , 1
0.261943 , 0.23671 , 1
0.276739 , 1 , 1
0.235869 , 0.23671 , 0.204939
0.266877 , 0.264291 , 1
0.254246 , 0.247026 , 0.204939
0.234261 , 0.23671 , 1
0.302771 , 1 , 1
0.24137 , 0.223459 , 0.204939
0.257808 , 1 , 1
0.251115 , 0.264291 , 1
0.24037 , 0.223459 , 1
0.264291 , 1 , 1
0.233491 , 0.218654 , 1
0.266877 , 1 , 1
0.23671 , 0.247026 , 1
0.273006 , 0.264291 , 0.204939
0.239407 , 0.247026 , 1
0.255966 , 0.23671 , 0.204939
0.259793 , 0.247026 , 1
0.233491 , 0.23671 , 1
1 , 1 , 1
0.232015 , 1 , 1
0.252633 , 0.264291 , 1
0.254246 , 0.247026 , 1
0.251115 , 0.247026 , 1
0.24968 , 0.264291 , 1
0.233491 , 0.229285 , 1
0.239407 , 0.223459 , 0.204939
0.302771 , 1 , 1
0.242408 , 0.264291 , 1
0.259793 , 1 , 1
0.273006 , 1 , 1
0.259793 , 0.218654 , 1
0.281127 , 1 , 1
0.255966 , 0.23671 , 0.204939
0.255966 , 1 , 1
0.230616 , 0.23671 , 0.204939
0.269756 , 0.264291 , 1
0.251115 , 0.247026 , 1
0.248319 , 0.247026 , 1
0.243489 , 0.223459 , 1
0.276739 , 0.264291 , 1
0.259793 , 1 , 1
0.24968 , 0.264291 , 1
0.221436 , 0.23671 , 1
0.286461 , 1 , 1
0.232015 , 0.264291 , 0.204939
0.238478 , 0.247026 , 1
0.273006 , 0.264291 , 1
0.281127 , 0.264291 , 1
0.24968 , 0.247026 , 0.204939
0.24037 , 0.23671 , 1
0.273006 , 0.264291 , 1
0.269756 , 1 , 1
0.242408 , 0.23671 , 1
