0.217785 , 0.204939 , 1
0.217785 , 0.23671 , 0.173671
0.217785 , 0.214556 , 1
0.217785 , 0.210978 , 0.204939
0.217785 , 0.210978 , 1
0.217785 , 0.214556 , 1
0.217785 , 0.214556 , 1
0.217785 , 0.210978 , 0.204939
0.217785 , 0.229285 , 1
0.217785 , 0.229285 , 1
0.217785 , 0.210978 , 0.185575
0.217785 , 0.210978 , 1
0.217785 , 0.210978 , 1
0.217785 , 0.247026 , 1
0.217785 , 0.23671 , 1
0.217785 , 0.2078 , 1
0.217785 , 0.218654 , 0.204939
0.217785 , 0.214556 , 1
0.217785 , 0.23671 , 1
0.217785 , 0.218654 , 0.185575
0.217785 , 0.247026 , 1
0.217785 , 0.223459 , 0.204939
0.217785 , 0.197728 , 0.204939
0.217785 , 0.218654 , 1
0.217785 , 0.210978 , 0.204939
0.217785 , 0.223459 , 0.204939
0.217785 , 0.218654 , 1
0.217785 , 0.214556 , 0.204939
0.217785 , 0.2078 , 0.204939
0.217785 , 0.218654 , 0.185575
0.217785 , 0.23671 , 0.204939
0.217785 , 0.23671 , 1
0.217785 , 0.214556 , 0.185575
0.217785 , 0.223459 , 1
0.217785 , 0.223459 , 1
0.217785 , 0.2078 , 0.185575
0.217785 , 0.223459 , 0.204939
0.217785 , 0.202334 , 1
0.217785 , 0.229285 , 1
0.217785 , 0.214556 , 1
0.217785 , 0.210978 , 1
0.217785 , 0.210978 , 1
0.217785 , 0.214556 , 1
0.217785 , 0.218654 , 0.204939
0.217785 , 0.229285 , 0.204939
0.217785 , 0.218654 , 0.204939
0.217785 , 0.204939 , 0.204939
0.217785 , 0.223459 , 1
0.217785 , 0.23671 , 0.204939
0.217785 , 0.218654 , 1
0.217785 , 0.210978 , 0.204939
0.217785 , 0.223459 , 1
0.217785 , 0.210978 , 1
0.217785 , 0.247026 , 1
0.217785 , 0.218654 , 0.204939
0.217785 , 0.23671 , 1
0.217785 , 0.23671 , 1
0.217785 , 0.23671 , 1
0.217785 , 0.223459 , 0.185575
0.217785 , 0.229285 , 1
0.217785 , 0.214556 , 1
0.217785 , 0.229285 , 1
0.217785 , 0.218654 , 0.173671
0.217785 , 0.23671 , 1
0.217785 , 0.223459 , 0.204939
0.217785 , 0.223459 , 0.204939
0.217785 , 0.218654 , 1
0.217785 , 0.23671 , 1
0.217785 , 0.214556 , 1
0.217785 , 0.229285 , 1
0.217785 , 0.2078 , 1
0.217785 , 0.218654 , 0.204939
0.217785 , 0.247026 , 1
0.217785 , 0.218654 , 1
0.217785 , 0.229285 , 0.204939
0.217785 , 0.229285 , 1
0.217785 , 0.2078 , 0.204939
0.217785 , 0.218654 , 1
0.217785 , 0.204939 , 0.204939
0.217785 , 0.218654 , 1
0.217785 , 0.223459 , 1
0.217785 , 0.199941 , 1
0.217785 , 0.204939 , 0.185575
0.217785 , 0.202334 , 0.204939
0.217785 , 0.223459 , 0.204939
0.217785 , 0.214556 , 1
0.217785 , 0.218654 , 1
0.217785 , 0.214556 , 0.204939
0.217785 , 0.223459 , 0.204939
0.217785 , 0.204939 , 1
0.217785 , 0.223459 , 1
0.217785 , 0.210978 , 1
0.217785 , 0.202334 , 0.185575
0.217785 , 0.2078 , 1
0.217785 , 0.204939 , 1
0.217785 , 0.229285 , 1
0.217785 , 0.199941 , 0.204939
0.217785 , 0.214556 , 0.185575
0.217785 , 0.210978 , 1
0.217785 , 0.210978 , 1
