0.286461 , 1 , 0.204939
0.235053 , 0.247026 , 0.204939
0.23671 , 0.229285 , 0.204939
0.230616 , 0.264291 , 0.204939
0.248319 , 0.23671 , 1
0.243489 , 0.223459 , 1
0.244616 , 1 , 1
0.226804 , 0.247026 , 1
0.259793 , 0.247026 , 1
0.245794 , 0.247026 , 1
0.254246 , 0.247026 , 1
0.318702 , 1 , 1
0.243489 , 0.247026 , 1
0.247026 , 0.23671 , 1
0.228643 , 0.264291 , 0.204939
0.238478 , 0.23671 , 1
0.233491 , 0.229285 , 1
0.230616 , 0.23671 , 1
0.254246 , 1 , 0.185575
0.230616 , 0.229285 , 1
0.234261 , 0.23671 , 1
0.254246 , 1 , 1
0.255966 , 0.247026 , 1
0.238478 , 0.23671 , 1
0.238478 , 0.247026 , 0.204939
0.233491 , 0.23671 , 1
0.232743 , 0.223459 , 1
0.233491 , 0.229285 , 0.204939
0.231306 , 0.229285 , 0.204939
0.273006 , 1 , 1
0.252633 , 0.23671 , 1
0.220477 , 0.223459 , 1
0.227404 , 0.229285 , 1
0.233491 , 0.247026 , 1
0.264291 , 1 , 0.204939
0.266877 , 1 , 1
0.254246 , 0.264291 , 1
0.255966 , 0.264291 , 1
0.243489 , 0.229285 , 1
0.251115 , 0.229285 , 1
0.257808 , 0.247026 , 1
0.248319 , 0.247026 , 1
0.237579 , 0.247026 , 1
0.255966 , 0.264291 , 1
0.228016 , 0.223459 , 0.204939
0.257808 , 0.264291 , 1
0.239407 , 1 , 1
0.230616 , 0.247026 , 0.185575
0.226218 , 0.23671 , 1
0.229285 , 0.23671 , 1
0.227404 , 0.214556 , 1
0.230616 , 1 , 1
0.24137 , 0.23671 , 1
0.235869 , 0.247026 , 1
0.238478 , 0.247026 , 1
0.261943 , 0.23671 , 1
0.239407 , 0.264291 , 1
0.251115 , 0.23671 , 1
0.221928 , 0.229285 , 1
0.247026 , 0.23671 , 1
0.24137 , 0.247026 , 1
0.261943 , 1 , 1
0.264291 , 0.23671 , 1
0.233491 , 0.214556 , 1
0.22294 , 0.223459 , 0.204939
0.254246 , 0.264291 , 1
0.238478 , 0.23671 , 1
0.245794 , 0.264291 , 1
0.247026 , 0.264291 , 1
0.257808 , 0.23671 , 1
0.264291 , 1 , 1
0.227404 , 0.223459 , 1
0.235053 , 0.264291 , 1
0.229942 , 0.210978 , 1
0.24037 , 0.264291 , 0.204939
0.23671 , 1 , 1
0.22453 , 0.229285 , 1
0.221928 , 0.223459 , 0.204939
0.229285 , 0.229285 , 1
0.251115 , 1 , 1
0.229942 , 0.218654 , 0.204939
0.232743 , 0.23671 , 0.185575
0.228016 , 0.223459 , 1
0.232743 , 0.264291 , 0.204939
0.254246 , 0.247026 , 1
0.248319 , 0.264291 , 1
0.244616 , 0.264291 , 1
0.230616 , 0.223459 , 1
0.251115 , 0.247026 , 0.204939
0.254246 , 0.264291 , 0.204939
0.237579 , 0.229285 , 1
0.232743 , 0.23671 , 0.204939
0.222429 , 0.218654 , 0.185575
0.254246 , 0.247026 , 1
0.237579 , 0.23671 , 1
0.214177 , 0.199941 , 0.204939
0.237579 , 0.264291 , 1
0.234261 , 0.229285 , 1
0.24968 , 0.264291 , 1
0.228643 , 0.214556 , 0.185575
