0.293277 , 1 , 1
0.293277 , 1 , 1
0.293277 , 1 , 1
0.293277 , 1 , 1
0.293277 , 1 , 1
0.293277 , 0.264291 , 1
0.293277 , 1 , 0.204939
0.293277 , 0.264291 , 1
0.293277 , 1 , 1
0.293277 , 1 , 1
0.293277 , 1 , 1
0.293277 , 1 , 1
0.293277 , 1 , 1
0.293277 , 1 , 1
0.293277 , 0.264291 , 1
0.293277 , 0.264291 , 1
0.293277 , 1 , 1
0.293277 , 0.264291 , 1
0.293277 , 0.264291 , 1
0.293277 , 1 , 1
0.293277 , 1 , 1
0.293277 , 1 , 1
0.293277 , 1 , 1
0.293277 , 0.264291 , 1
0.293277 , 1 , 1
0.293277 , 0.264291 , 1
0.293277 , 0.264291 , 1
0.293277 , 0.264291 , 0.204939
0.293277 , 1 , 1
0.293277 , 0.264291 , 1
0.293277 , 1 , 0.204939
0.293277 , 1 , 1
0.293277 , 1 , 1
0.293277 , 0.264291 , 1
0.293277 , 0.264291 , 1
0.293277 , 1 , 1
0.293277 , 1 , 1
0.293277 , 1 , 1
0.293277 , 1 , 1
0.293277 , 1 , 1
0.293277 , 1 , 1
0.293277 , 1 , 1
0.293277 , 1 , 1
0.293277 , 1 , 1
0.293277 , 1 , 1
0.293277 , 1 , 1
0.293277 , 1 , 1
0.293277 , 1 , 1
0.293277 , 0.264291 , 1
0.293277 , 1 , 1
0.293277 , 1 , 1
0.293277 , 1 , 1
0.293277 , 1 , 1
0.293277 , 1 , 1
0.293277 , 1 , 0.204939
0.293277 , 1 , 1
0.293277 , 1 , 1
0.293277 , 0.264291 , 1
0.293277 , 0.264291 , 1
0.293277 , 1 , 1
0.293277 , 0.264291 , 1
0.293277 , 0.264291 , 1
0.293277 , 1 , 1
0.293277 , 1 , 1
0.293277 , 0.264291 , 1
0.293277 , 1 , 0.204939
0.293277 , 1 , 1
0.293277 , 0.264291 , 1
0.293277 , 1 , 1
0.293277 , 0.264291 , 1
0.293277 , 0.264291 , 1
0.293277 , 0.264291 , 1
0.293277 , 0.264291 , 1
0.293277 , 1 , 1
0.293277 , 1 , 1
0.293277 , 1 , 0.204939
0.293277 , 1 , 1
0.293277 , 1 , 1
0.293277 , 1 , 1
0.293277 , 1 , 1
0.293277 , 1 , 1
0.293277 , 1 , 1
0.293277 , 1 , 1
0.293277 , 1 , 1
0.293277 , 1 , 1
0.293277 , 1 , 1
0.293277 , 1 , 1
0.293277 , 1 , 1
0.293277 , 1 , 1
0.293277 , 1 , 1
0.293277 , 1 , 1
0.293277 , 0.264291 , 1
0.293277 , 0.264291 , 1
0.293277 , 1 , 1
0.293277 , 1 , 1
0.293277 , 0.264291 , 1
0.293277 , 1 , 1
0.293277 , 1 , 1
0.293277 , 1 , 1
0.293277 , 1 , 1
