0.0209543 , 0.021406
0.0212254 , 0.0216753
0.0200598 , 0.0205177
0.0210356 , 0.0214868
0.0207141 , 0.0211675
0.0218135 , 0.0222594
0.0211537 , 0.021604
0.0212162 , 0.0216662
0.0213929 , 0.0218416
0.0208072 , 0.0212599
0.0204051 , 0.0208606
0.0209035 , 0.0213555
0.0207111 , 0.0211645
0.0207504 , 0.0212035
0.0205029 , 0.0209577
0.0209422 , 0.021394
0.0209642 , 0.0214158
0.0204141 , 0.0208695
0.0212048 , 0.0216548
0.0214542 , 0.0219025
0.0213875 , 0.0218363
0.0209315 , 0.0213834
0.0215156 , 0.0219634
0.0205149 , 0.0209697
0.0213576 , 0.0218066
0.0213301 , 0.0217792
0.0207724 , 0.0212253
0.0218135 , 0.0222594
0.0215809 , 0.0220283
0.0212124 , 0.0216624
0.0211476 , 0.021598
0.0209558 , 0.0214076
0.0204509 , 0.0209061
0.020387 , 0.0208427
0.0212865 , 0.021736
0.0207898 , 0.0212426
0.0200837 , 0.0205414
0.0215993 , 0.0220466
0.0209619 , 0.0214136
0.0208739 , 0.0213262
0.0207686 , 0.0212216
0.0218707 , 0.0223161
0.0206008 , 0.021055
0.020705 , 0.0211585
0.0201876 , 0.0206446
0.0210318 , 0.021483
0.0209885 , 0.02144
0.0209991 , 0.0214506
0.0212231 , 0.021673
0.0209718 , 0.0214234
0.0201898 , 0.0206468
0.0206469 , 0.0211007
0.0201375 , 0.0205948
0.0206627 , 0.0211165
0.0211499 , 0.0216003
0.0218104 , 0.0222563
0.0211415 , 0.0215919
0.0216147 , 0.0220619
0.0206529 , 0.0211067
0.0208087 , 0.0212614
0.0210851 , 0.0215359
0.0201853 , 0.0206424
0.0208314 , 0.021284
0.0212567 , 0.0217064
0.0209452 , 0.021397
0.0211743 , 0.0216245
0.0211895 , 0.0216396
0.0207595 , 0.0212126
0.0207353 , 0.0211885
0.0205337 , 0.0209884
0.0214335 , 0.0218819
0.0208875 , 0.0213397
0.021468 , 0.0219162
0.0215332 , 0.021981
0.0213355 , 0.0217846
0.0200964 , 0.020554
0.0207111 , 0.0211645
0.0215847 , 0.0220321
0.0202617 , 0.0207182
0.0208792 , 0.0213314
0.0209475 , 0.0213993
0.0197776 , 0.0202375
0.0207603 , 0.0212133
0.0217595 , 0.0222057
0.0202453 , 0.0207019
0.0209969 , 0.0214483
0.0212896 , 0.021739
0.021687 , 0.0221337
0.0212995 , 0.0217489
0.0209323 , 0.0213842
0.0210706 , 0.0215216
0.0206054 , 0.0210595
0.0210676 , 0.0215186
0.020783 , 0.0212359
0.0205413 , 0.0209959
0.0216262 , 0.0220733
0.0209885 , 0.02144
0.021259 , 0.0217086
0.0214726 , 0.0219208
0.020588 , 0.0210423
