0.113336 , 0.113417
0.10602 , 0.106115
0.112874 , 0.112957
0.109876 , 0.109963
0.109302 , 0.109391
0.111398 , 0.111483
0.110787 , 0.110873
0.10918 , 0.109269
0.110271 , 0.110358
0.111327 , 0.111412
0.109207 , 0.109296
0.110244 , 0.110331
0.111674 , 0.111758
0.113523 , 0.113605
0.109036 , 0.109125
0.111545 , 0.11163
0.113193 , 0.113275
0.107221 , 0.107314
0.110119 , 0.110206
0.11145 , 0.111535
0.110722 , 0.110808
0.110124 , 0.110211
0.110179 , 0.110266
0.111153 , 0.111238
0.109876 , 0.109963
0.112379 , 0.112462
0.110773 , 0.110859
0.111788 , 0.111872
0.10957 , 0.109658
0.110503 , 0.11059
0.110829 , 0.110915
0.109429 , 0.109517
0.109894 , 0.109982
0.111059 , 0.111144
0.111807 , 0.111891
0.109807 , 0.109895
0.111228 , 0.111313
0.112042 , 0.112125
0.109511 , 0.109599
0.113129 , 0.113211
0.111408 , 0.111493
0.111688 , 0.111772
0.109461 , 0.109549
0.111965 , 0.112049
0.112085 , 0.112169
0.108476 , 0.108567
0.111888 , 0.111972
0.111893 , 0.111977
0.111054 , 0.11114
0.11089 , 0.110976
0.112636 , 0.112718
0.111736 , 0.11182
0.108986 , 0.109076
0.111769 , 0.111853
0.111903 , 0.111987
0.111115 , 0.111201
0.111898 , 0.111982
0.111252 , 0.111337
0.10918 , 0.109269
0.112626 , 0.112709
0.109383 , 0.109472
0.111304 , 0.111389
0.109004 , 0.109093
0.113657 , 0.113738
0.110778 , 0.110864
0.112982 , 0.113064
0.110881 , 0.110966
0.11005 , 0.110137
0.11035 , 0.110437
0.111931 , 0.112015
0.109379 , 0.109468
0.112099 , 0.112183
0.108352 , 0.108443
0.111186 , 0.111271
0.111975 , 0.112058
0.11089 , 0.110976
0.110689 , 0.110775
0.109679 , 0.109767
0.110773 , 0.110859
0.110392 , 0.110478
0.109729 , 0.109817
0.109986 , 0.110073
0.110433 , 0.11052
0.112104 , 0.112188
0.110512 , 0.110599
0.110378 , 0.110465
0.112384 , 0.112467
0.113941 , 0.114022
0.110526 , 0.110613
0.110313 , 0.1104
0.108664 , 0.108754
0.107626 , 0.107718
0.110853 , 0.110938
0.112248 , 0.112332
0.112239 , 0.112322
0.109761 , 0.109849
0.112066 , 0.112149
0.11129 , 0.111375
0.111275 , 0.111361
0.111384 , 0.111469
