0.169353 , 0.169375
0.173431 , 0.173451
0.167148 , 0.167171
0.172416 , 0.172437
0.168477 , 0.1685
0.169031 , 0.169053
0.174165 , 0.174185
0.167245 , 0.167268
0.170752 , 0.170773
0.166697 , 0.166721
0.168079 , 0.168102
0.170385 , 0.170407
0.167472 , 0.167496
0.1753 , 0.175319
0.171674 , 0.171696
0.171692 , 0.171713
0.174203 , 0.174223
0.173189 , 0.173209
0.172654 , 0.172674
0.170489 , 0.170511
0.168778 , 0.168801
0.169883 , 0.169905
0.171246 , 0.171268
0.172819 , 0.172839
0.171211 , 0.171232
0.168879 , 0.168902
0.170315 , 0.170337
0.175475 , 0.175495
0.172819 , 0.172839
0.172107 , 0.172128
0.16803 , 0.168053
0.169404 , 0.169426
0.168778 , 0.168801
0.17189 , 0.171911
0.166745 , 0.166769
0.174032 , 0.174052
0.173843 , 0.173863
0.171585 , 0.171606
0.167293 , 0.167317
0.172398 , 0.172418
0.169285 , 0.169307
0.170875 , 0.170896
0.16649 , 0.166514
0.169728 , 0.16975
0.173059 , 0.173079
0.167832 , 0.167855
0.168795 , 0.168818
0.168477 , 0.1685
0.167849 , 0.167872
0.173375 , 0.173395
0.168162 , 0.168185
0.171585 , 0.171606
0.171353 , 0.171374
0.171531 , 0.171552
0.169234 , 0.169256
0.166378 , 0.166402
0.175105 , 0.175125
0.172307 , 0.172327
0.173282 , 0.173302
0.17028 , 0.170302
0.170507 , 0.170529
0.173543 , 0.173563
0.167521 , 0.167544
0.170612 , 0.170633
0.172216 , 0.172237
0.165936 , 0.16596
0.177683 , 0.177701
0.171353 , 0.171374
0.170998 , 0.17102
0.168561 , 0.168583
0.167212 , 0.167236
0.176666 , 0.176684
0.171549 , 0.17157
0.174546 , 0.174566
0.167914 , 0.167937
0.170945 , 0.170967
0.170524 , 0.170546
0.171944 , 0.171965
0.170437 , 0.170459
0.170787 , 0.170809
0.17358 , 0.1736
0.168845 , 0.168868
0.168946 , 0.168969
0.170246 , 0.170268
0.169455 , 0.169477
0.167326 , 0.167349
0.16775 , 0.167773
0.167964 , 0.167987
0.17189 , 0.171911
0.170787 , 0.170809
0.166093 , 0.166118
0.170805 , 0.170826
0.166188 , 0.166212
0.171908 , 0.171929
0.168711 , 0.168734
0.165904 , 0.165929
0.167554 , 0.167577
0.170542 , 0.170563
0.169455 , 0.169477
0.171406 , 0.171428
