0.143648 , 0.143689
0.14248 , 0.142523
0.144291 , 0.144332
0.14306 , 0.143102
0.141397 , 0.14144
0.138353 , 0.138399
0.142499 , 0.142541
0.138523 , 0.138569
0.142713 , 0.142755
0.138183 , 0.13823
0.138865 , 0.138911
0.140891 , 0.140935
0.13908 , 0.139126
0.141026 , 0.14107
0.142027 , 0.14207
0.140073 , 0.140118
0.1369 , 0.136948
0.139409 , 0.139454
0.1438 , 0.143841
0.139019 , 0.139065
0.136556 , 0.136605
0.14235 , 0.142393
0.138617 , 0.138663
0.141688 , 0.141731
0.142009 , 0.142052
0.140891 , 0.140935
0.139994 , 0.140039
0.139235 , 0.139281
0.138676 , 0.138723
0.140757 , 0.140801
0.139417 , 0.139463
0.142332 , 0.142374
0.138865 , 0.138911
0.136925 , 0.136973
0.144553 , 0.144593
0.141125 , 0.141169
0.141588 , 0.141631
0.139218 , 0.139264
0.1429 , 0.142942
0.140321 , 0.140365
0.136215 , 0.136264
0.13752 , 0.137568
0.141624 , 0.141667
0.142156 , 0.142199
0.141524 , 0.141567
0.139114 , 0.13916
0.141862 , 0.141905
0.140972 , 0.141016
0.140927 , 0.140971
0.140596 , 0.140641
0.136005 , 0.136054
0.144719 , 0.144759
0.13877 , 0.138817
0.141288 , 0.141331
0.142527 , 0.142569
0.139591 , 0.139637
0.139766 , 0.139811
0.136247 , 0.136296
0.140927 , 0.140971
0.139626 , 0.139671
0.139871 , 0.139916
0.142046 , 0.142088
0.140339 , 0.140383
0.142471 , 0.142513
0.142036 , 0.142079
0.141515 , 0.141558
0.142462 , 0.142504
0.140144 , 0.140189
0.137122 , 0.13717
0.141252 , 0.141295
0.144079 , 0.14412
0.141779 , 0.141822
0.142966 , 0.143008
0.140073 , 0.140118
0.14248 , 0.142523
0.140188 , 0.140233
0.138006 , 0.138053
0.141524 , 0.141567
0.142415 , 0.142458
0.141963 , 0.142006
0.13804 , 0.138087
0.141615 , 0.141658
0.142882 , 0.142924
0.141279 , 0.141322
0.139322 , 0.139367
0.143117 , 0.143158
0.144446 , 0.144487
0.139906 , 0.139951
0.141807 , 0.14185
0.140401 , 0.140445
0.147894 , 0.147932
0.137771 , 0.137818
0.144002 , 0.144043
0.146289 , 0.146327
0.139915 , 0.13996
0.141862 , 0.141905
0.138882 , 0.138928
0.142304 , 0.142347
0.141515 , 0.141558
0.139313 , 0.139359
