0.00967531 , 0.00967531 , 0.00967531
0.00953601 , 0.00953601 , 0.00953601
0.00988873 , 0.00988873 , 0.00988873
0.0127236 , 0.0127236 , 0.0127236
0.0110604 , 0.0110604 , 0.0110604
0.0127574 , 0.0127574 , 0.0127574
0.00909875 , 0.00909875 , 0.00909875
0.0110881 , 0.0110881 , 0.0110881
0.00964027 , 0.00964027 , 0.00964027
0.0112847 , 0.0112847 , 0.0112847
0.0132106 , 0.0132106 , 0.0132106
0.0178734 , 0.0178734 , 0.0178734
0.0100955 , 0.0100955 , 0.0100955
0.00721076 , 0.00721076 , 0.00721076
0.0103201 , 0.0103201 , 0.0103201
0.00736014 , 0.00736014 , 0.00736014
0.0131215 , 0.0131215 , 0.0131215
0.0120896 , 0.0120896 , 0.0120896
0.0100955 , 0.0100955 , 0.0100955
0.00737789 , 0.00737789 , 0.00737789
0.0129115 , 0.0129115 , 0.0129115
0.0121524 , 0.0121524 , 0.0121524
0.00943305 , 0.00943305 , 0.00943305
0.00876685 , 0.00876685 , 0.00876685
0.0089151 , 0.0089151 , 0.0089151
0.00985278 , 0.00985278 , 0.00985278
0.00786261 , 0.00786261 , 0.00786261
0.0155556 , 0.0155556 , 0.0155556
0.00763045 , 0.00763045 , 0.00763045
0.00698736 , 0.00698736 , 0.00698736
0.0114135 , 0.0114135 , 0.0114135
0.00847803 , 0.00847803 , 0.00847803
0.00952451 , 0.00952451 , 0.00952451
0.00694507 , 0.00694507 , 0.00694507
0.0101325 , 0.0101325 , 0.0101325
0.0102822 , 0.0102822 , 0.0102822
0.00903347 , 0.00903347 , 0.00903347
0.0080531 , 0.0080531 , 0.0080531
0.0108556 , 0.0108556 , 0.0108556
0.0152064 , 0.0152064 , 0.0152064
0.00964027 , 0.00964027 , 0.00964027
0.00903347 , 0.00903347 , 0.00903347
0.00751224 , 0.00751224 , 0.00751224
0.00999753 , 0.00999753 , 0.00999753
0.00590726 , 0.00590726 , 0.00590726
0.00742244 , 0.00742244 , 0.00742244
0.0145073 , 0.0145073 , 0.0145073
0.0100463 , 0.0100463 , 0.0100463
0.0114714 , 0.0114714 , 0.0114714
0.0175948 , 0.0175948 , 0.0175948
0.0115151 , 0.0115151 , 0.0115151
0.0110328 , 0.0110328 , 0.0110328
0.00939901 , 0.00939901 , 0.00939901
0.0136521 , 0.0136521 , 0.0136521
0.00744928 , 0.00744928 , 0.00744928
0.00832732 , 0.00832732 , 0.00832732
0.0135582 , 0.0135582 , 0.0135582
0.0067368 , 0.0067368 , 0.0067368
0.00939901 , 0.00939901 , 0.00939901
0.00654967 , 0.00654967 , 0.00654967
0.0108286 , 0.0108286 , 0.0108286
0.0109779 , 0.0109779 , 0.0109779
0.0086937 , 0.0086937 , 0.0086937
0.0111999 , 0.0111999 , 0.0111999
0.0104733 , 0.0104733 , 0.0104733
0.0112847 , 0.0112847 , 0.0112847
0.00746722 , 0.00746722 , 0.00746722
0.00848817 , 0.00848817 , 0.00848817
0.0123277 , 0.0123277 , 0.0123277
0.010207 , 0.010207 , 0.010207
0.0131927 , 0.0131927 , 0.0131927
0.0122635 , 0.0122635 , 0.0122635
0.0130861 , 0.0130861 , 0.0130861
0.0146766 , 0.0146766 , 0.0146766
0.0112705 , 0.0112705 , 0.0112705
0.0078532 , 0.0078532 , 0.0078532
0.0127067 , 0.0127067 , 0.0127067
0.0106688 , 0.0106688 , 0.0106688
0.00829751 , 0.00829751 , 0.00829751
0.00875636 , 0.00875636 , 0.00875636
0.00594459 , 0.00594459 , 0.00594459
0.00910968 , 0.00910968 , 0.00910968
0.00864184 , 0.00864184 , 0.00864184
0.00417727 , 0.00417727 , 0.00417727
0.0162756 , 0.0162756 , 0.0162756
0.0112705 , 0.0112705 , 0.0112705
0.00827769 , 0.00827769 , 0.00827769
0.010564 , 0.010564 , 0.010564
0.00996111 , 0.00996111 , 0.00996111
0.01059 , 0.01059 , 0.01059
0.00942168 , 0.00942168 , 0.00942168
0.010564 , 0.010564 , 0.010564
0.00667123 , 0.00667123 , 0.00667123
0.0108691 , 0.0108691 , 0.0108691
0.00765797 , 0.00765797 , 0.00765797
0.0065336 , 0.0065336 , 0.0065336
0.0104733 , 0.0104733 , 0.0104733
0.00737789 , 0.00737789 , 0.00737789
0.00906604 , 0.00906604 , 0.00906604
0.0115885 , 0.0115885 , 0.0115885
