0.00992626 , 0.00992626 , 0.00992626
0.00697772 , 0.00697772 , 0.00697772
0.0201415 , 0.0201415 , 0.0201415
0.0109671 , 0.0109671 , 0.0109671
0.00991325 , 0.00991325 , 0.00991325
0.00827477 , 0.00827477 , 0.00827477
0.0116565 , 0.0116565 , 0.0116565
0.0161461 , 0.0161461 , 0.0161461
0.00792847 , 0.00792847 , 0.00792847
0.0163834 , 0.0163834 , 0.0163834
0.0127367 , 0.0127367 , 0.0127367
0.0109823 , 0.0109823 , 0.0109823
0.00746307 , 0.00746307 , 0.00746307
0.0104123 , 0.0104123 , 0.0104123
0.00953446 , 0.00953446 , 0.00953446
0.0128167 , 0.0128167 , 0.0128167
0.00852308 , 0.00852308 , 0.00852308
0.0121837 , 0.0121837 , 0.0121837
0.0355031 , 0.0355031 , 0.0355031
0.00658811 , 0.00658811 , 0.00658811
0.0102737 , 0.0102737 , 0.0102737
0.00643226 , 0.00643226 , 0.00643226
0.00960851 , 0.00960851 , 0.00960851
0.010071 , 0.010071 , 0.010071
0.0115227 , 0.0115227 , 0.0115227
0.00959611 , 0.00959611 , 0.00959611
0.00571028 , 0.00571028 , 0.00571028
0.00996543 , 0.00996543 , 0.00996543
0.0123881 , 0.0123881 , 0.0123881
0.00701124 , 0.00701124 , 0.00701124
0.00904938 , 0.00904938 , 0.00904938
0.0110283 , 0.0110283 , 0.0110283
0.00468104 , 0.00468104 , 0.00468104
0.00995234 , 0.00995234 , 0.00995234
0.00644769 , 0.00644769 , 0.00644769
0.0112311 , 0.0112311 , 0.0112311
0.0118103 , 0.0118103 , 0.0118103
0.0243619 , 0.0243619 , 0.0243619
0.0105825 , 0.0105825 , 0.0105825
0.0154515 , 0.0154515 , 0.0154515
0.0138609 , 0.0138609 , 0.0138609
0.0107278 , 0.0107278 , 0.0107278
0.00816398 , 0.00816398 , 0.00816398
0.0145822 , 0.0145822 , 0.0145822
0.00735605 , 0.00735605 , 0.00735605
0.0120749 , 0.0120749 , 0.0120749
0.013584 , 0.013584 , 0.013584
0.0112948 , 0.0112948 , 0.0112948
0.0094008 , 0.0094008 , 0.0094008
0.0108314 , 0.0108314 , 0.0108314
0.010772 , 0.010772 , 0.010772
0.0106693 , 0.0106693 , 0.0106693
0.01026 , 0.01026 , 0.01026
0.0123692 , 0.0123692 , 0.0123692
0.0136066 , 0.0136066 , 0.0136066
0.0059138 , 0.0059138 , 0.0059138
0.0178888 , 0.0178888 , 0.0178888
0.0131046 , 0.0131046 , 0.0131046
0.0142491 , 0.0142491 , 0.0142491
0.0105825 , 0.0105825 , 0.0105825
0.0108464 , 0.0108464 , 0.0108464
0.00972115 , 0.00972115 , 0.00972115
0.0172685 , 0.0172685 , 0.0172685
0.00898127 , 0.00898127 , 0.00898127
0.0120569 , 0.0120569 , 0.0120569
0.0115559 , 0.0115559 , 0.0115559
0.0119678 , 0.0119678 , 0.0119678
0.00795746 , 0.00795746 , 0.00795746
0.00720732 , 0.00720732 , 0.00720732
0.00725943 , 0.00725943 , 0.00725943
0.00751723 , 0.00751723 , 0.00751723
0.00847058 , 0.00847058 , 0.00847058
0.011343 , 0.011343 , 0.011343
0.0107868 , 0.0107868 , 0.0107868
0.00944909 , 0.00944909 , 0.00944909
0.00921107 , 0.00921107 , 0.00921107
0.0111056 , 0.0111056 , 0.0111056
0.00975913 , 0.00975913 , 0.00975913
0.0085442 , 0.0085442 , 0.0085442
0.00915287 , 0.00915287 , 0.00915287
0.0072769 , 0.0072769 , 0.0072769
0.0116228 , 0.0116228 , 0.0116228
0.0161461 , 0.0161461 , 0.0161461
0.00987438 , 0.00987438 , 0.00987438
0.0130418 , 0.0130418 , 0.0130418
0.0179761 , 0.0179761 , 0.0179761
0.00784227 , 0.00784227 , 0.00784227
0.00910667 , 0.00910667 , 0.00910667
0.00866156 , 0.00866156 , 0.00866156
0.00495928 , 0.00495928 , 0.00495928
0.00987438 , 0.00987438 , 0.00987438
0.00553968 , 0.00553968 , 0.00553968
0.0140764 , 0.0140764 , 0.0140764
0.015245 , 0.015245 , 0.015245
0.0115559 , 0.0115559 , 0.0115559
0.0149329 , 0.0149329 , 0.0149329
0.00931713 , 0.00931713 , 0.00931713
0.00952219 , 0.00952219 , 0.00952219
0.00899257 , 0.00899257 , 0.00899257
0.00993929 , 0.00993929 , 0.00993929
