0.0061108 , 0.00446235 , 0.029508
0.00825309 , 0.00603413 , 0.0310402
0.00981065 , 0.0071801 , 0.0321574
0.00745221 , 0.00544597 , 0.0304668
0.00850075 , 0.00621616 , 0.0312177
0.010693 , 0.00783062 , 0.0327915
0.0117744 , 0.00862924 , 0.03357
0.00665745 , 0.00486298 , 0.0298985
0.00999911 , 0.00731896 , 0.0322927
0.0113915 , 0.00834627 , 0.0332942
0.0144933 , 0.0106447 , 0.0355348
0.0120945 , 0.00886597 , 0.0338008
0.0107563 , 0.00787733 , 0.032837
0.00580835 , 0.00424082 , 0.029292
0.00893558 , 0.00653592 , 0.0315294
0.00987343 , 0.00722636 , 0.0322024
0.00739085 , 0.00540094 , 0.0304229
0.00794433 , 0.0058073 , 0.0308191
0.0104402 , 0.00764411 , 0.0326097
0.00732954 , 0.00535594 , 0.0303791
0.00850075 , 0.00621616 , 0.0312177
0.0126087 , 0.00924652 , 0.0341718
0.00893558 , 0.00653592 , 0.0315294
0.0108197 , 0.00792408 , 0.0328826
0.00629269 , 0.00459562 , 0.0296379
0.010883 , 0.00797085 , 0.0329282
0.00881116 , 0.0064444 , 0.0314402
0.00850075 , 0.00621616 , 0.0312177
0.00671837 , 0.00490764 , 0.0299421
0.0148216 , 0.0108888 , 0.0357727
0.008749 , 0.00639869 , 0.0313956
0.00574797 , 0.0041966 , 0.0292489
0.0129959 , 0.00953337 , 0.0344514
0.0133846 , 0.00982148 , 0.0347323
0.00568762 , 0.00415241 , 0.0292058
0.00955989 , 0.00699541 , 0.0319773
0.0112641 , 0.00825222 , 0.0332025
0.0133197 , 0.00977338 , 0.0346854
0.00993625 , 0.00727265 , 0.0322476
0.00943473 , 0.00690326 , 0.0318875
0.0061108 , 0.00446235 , 0.029508
0.010883 , 0.00797085 , 0.0329282
0.0110734 , 0.00811139 , 0.0330652
0.0110734 , 0.00811139 , 0.0330652
0.00800601 , 0.0058526 , 0.0308632
0.00653572 , 0.00477374 , 0.0298115
0.0126087 , 0.00924652 , 0.0341718
0.0118383 , 0.00867651 , 0.0336161
0.00937221 , 0.00685723 , 0.0318426
0.0152168 , 0.0111829 , 0.0360594
0.0113278 , 0.00829923 , 0.0332483
0.0160116 , 0.011775 , 0.0366367
0.00653572 , 0.00477374 , 0.0298115
0.0110099 , 0.00806451 , 0.0330195
0.0123513 , 0.00905597 , 0.033986
0.00782108 , 0.00571678 , 0.0307308
0.0101249 , 0.0074117 , 0.0323831
0.015415 , 0.0113304 , 0.0362033
0.0123513 , 0.00905597 , 0.033986
0.0132549 , 0.00972531 , 0.0346385
0.00714581 , 0.00522113 , 0.0302477
0.00893558 , 0.00653592 , 0.0315294
0.0136445 , 0.0100143 , 0.0349202
0.00623202 , 0.00455117 , 0.0295946
0.010883 , 0.00797085 , 0.0329282
0.00641413 , 0.00468462 , 0.0297246
0.00856276 , 0.00626175 , 0.0312621
0.00671837 , 0.00490764 , 0.0299421
0.0155473 , 0.011429 , 0.0362993
0.00981065 , 0.0071801 , 0.0321574
0.00868688 , 0.00635301 , 0.0313511
0.00906014 , 0.00662756 , 0.0316187
0.00981065 , 0.0071801 , 0.0321574
0.010314 , 0.00755105 , 0.032519
0.00714581 , 0.00522113 , 0.0302477
0.0136445 , 0.0100143 , 0.0349202
0.00955989 , 0.00699541 , 0.0319773
0.0096852 , 0.00708769 , 0.0320673
0.0102509 , 0.00750456 , 0.0324736
0.0116466 , 0.00853478 , 0.0334779
0.00850075 , 0.00621616 , 0.0312177
0.0129313 , 0.00948548 , 0.0344047
0.00324382 , 0.00236555 , 0.0274639
0.0128021 , 0.00938979 , 0.0343114
0.00937221 , 0.00685723 , 0.0318426
0.0097479 , 0.00713388 , 0.0321123
0.00993625 , 0.00727265 , 0.0322476
0.0117744 , 0.00862924 , 0.03357
0.00496624 , 0.00362443 , 0.0286911
0.0113915 , 0.00834627 , 0.0332942
0.0142314 , 0.0104501 , 0.035345
0.0097479 , 0.00713388 , 0.0321123
0.00881116 , 0.0064444 , 0.0314402
0.0115827 , 0.0084876 , 0.033432
0.0134495 , 0.00986962 , 0.0347792
0.0052662 , 0.00384391 , 0.0289051
0.0206955 , 0.0152875 , 0.0400607
0.00782108 , 0.00571678 , 0.0307308
0.0114552 , 0.00839335 , 0.0333401
0.0069624 , 0.0050866 , 0.0301165
