0.00814986 , 0.00814986 , 0.00814986
0.0225962 , 0.0225962 , 0.0225962
0.0127937 , 0.0127937 , 0.0127937
0.00965312 , 0.00965312 , 0.00965312
0.00947495 , 0.00947495 , 0.00947495
0.0115054 , 0.0115054 , 0.0115054
0.0178185 , 0.0178185 , 0.0178185
0.00724119 , 0.00724119 , 0.00724119
0.0116434 , 0.0116434 , 0.0116434
0.0130711 , 0.0130711 , 0.0130711
0.00825706 , 0.00825706 , 0.00825706
0.00942126 , 0.00942126 , 0.00942126
0.0148577 , 0.0148577 , 0.0148577
0.0161411 , 0.0161411 , 0.0161411
0.0107938 , 0.0107938 , 0.0107938
0.0114089 , 0.0114089 , 0.0114089
0.0109325 , 0.0109325 , 0.0109325
0.010133 , 0.010133 , 0.010133
0.0103341 , 0.0103341 , 0.0103341
0.0153828 , 0.0153828 , 0.0153828
0.00496638 , 0.00496638 , 0.00496638
0.0089112 , 0.0089112 , 0.0089112
0.00314158 , 0.00314158 , 0.00314158
0.0225962 , 0.0225962 , 0.0225962
0.0101027 , 0.0101027 , 0.0101027
0.00863789 , 0.00863789 , 0.00863789
0.00922444 , 0.00922444 , 0.00922444
0.00836637 , 0.00836637 , 0.00836637
0.00774066 , 0.00774066 , 0.00774066
0.00834434 , 0.00834434 , 0.00834434
0.00932854 , 0.00932854 , 0.00932854
0.0153046 , 0.0153046 , 0.0153046
0.0131492 , 0.0131492 , 0.0131492
0.0088146 , 0.0088146 , 0.0088146
0.00751836 , 0.00751836 , 0.00751836
0.00782012 , 0.00782012 , 0.00782012
0.00685819 , 0.00685819 , 0.00685819
0.00861474 , 0.00861474 , 0.00861474
0.0114666 , 0.0114666 , 0.0114666
0.00590957 , 0.00590957 , 0.00590957
0.0159197 , 0.0159197 , 0.0159197
0.0125766 , 0.0125766 , 0.0125766
0.00995365 , 0.00995365 , 0.00995365
0.011486 , 0.011486 , 0.011486
0.00912226 , 0.00912226 , 0.00912226
0.0183323 , 0.0183323 , 0.0183323
0.0101178 , 0.0101178 , 0.0101178
0.0112208 , 0.0112208 , 0.0112208
0.0137882 , 0.0137882 , 0.0137882
0.00666804 , 0.00666804 , 0.00666804
0.0315955 , 0.0315955 , 0.0315955
0.00921156 , 0.00921156 , 0.00921156
0.00939461 , 0.00939461 , 0.00939461
0.0101482 , 0.0101482 , 0.0101482
0.0101941 , 0.0101941 , 0.0101941
0.0073596 , 0.0073596 , 0.0073596
0.00868446 , 0.00868446 , 0.00868446
0.0119938 , 0.0119938 , 0.0119938
0.0117239 , 0.0117239 , 0.0117239
0.00896015 , 0.00896015 , 0.00896015
0.00926325 , 0.00926325 , 0.00926325
0.0167621 , 0.0167621 , 0.0167621
0.0144776 , 0.0144776 , 0.0144776
0.00828963 , 0.00828963 , 0.00828963
0.00737804 , 0.00737804 , 0.00737804
0.00742442 , 0.00742442 , 0.00742442
0.0138474 , 0.0138474 , 0.0138474
0.00792107 , 0.00792107 , 0.00792107
0.0151516 , 0.0151516 , 0.0151516
0.00962533 , 0.00962533 , 0.00962533
0.00798253 , 0.00798253 , 0.00798253
0.0048656 , 0.0048656 , 0.0048656
0.0155831 , 0.0155831 , 0.0155831
0.0127937 , 0.0127937 , 0.0127937
0.0111109 , 0.0111109 , 0.0111109
0.0120151 , 0.0120151 , 0.0120151
0.0122107 , 0.0122107 , 0.0122107
0.0107257 , 0.0107257 , 0.0107257
0.0203432 , 0.0203432 , 0.0203432
0.0132551 , 0.0132551 , 0.0132551
0.00716067 , 0.00716067 , 0.00716067
0.0128929 , 0.0128929 , 0.0128929
0.00948845 , 0.00948845 , 0.00948845
0.0101178 , 0.0101178 , 0.0101178
0.0128679 , 0.0128679 , 0.0128679
0.011314 , 0.011314 , 0.011314
0.0122552 , 0.0122552 , 0.0122552
0.00712525 , 0.00712525 , 0.00712525
0.0133089 , 0.0133089 , 0.0133089
0.0104939 , 0.0104939 , 0.0104939
0.0107089 , 0.0107089 , 0.0107089
0.00632149 , 0.00632149 , 0.00632149
0.0193667 , 0.0193667 , 0.0193667
0.00799284 , 0.00799284 , 0.00799284
0.00921156 , 0.00921156 , 0.00921156
0.00586719 , 0.00586719 , 0.00586719
0.0113898 , 0.0113898 , 0.0113898
0.0208521 , 0.0208521 , 0.0208521
0.0157911 , 0.0157911 , 0.0157911
0.0153828 , 0.0153828 , 0.0153828
