0.0113494 , 0.0113494 , 0.0113494
0.00867872 , 0.00867872 , 0.00867872
0.016418 , 0.016418 , 0.016418
0.0106104 , 0.0106104 , 0.0106104
0.00942349 , 0.00942349 , 0.00942349
0.00889149 , 0.00889149 , 0.00889149
0.0119067 , 0.0119067 , 0.0119067
0.0119067 , 0.0119067 , 0.0119067
0.0105137 , 0.0105137 , 0.0105137
0.0103814 , 0.0103814 , 0.0103814
0.00865278 , 0.00865278 , 0.00865278
0.00792297 , 0.00792297 , 0.00792297
0.0184852 , 0.0184852 , 0.0184852
0.0116807 , 0.0116807 , 0.0116807
0.00668957 , 0.00668957 , 0.00668957
0.018282 , 0.018282 , 0.018282
0.00619451 , 0.00619451 , 0.00619451
0.00982003 , 0.00982003 , 0.00982003
1 , 1 , 1
0.0134071 , 0.0134071 , 0.0134071
0.00924432 , 0.00924432 , 0.00924432
0.00951568 , 0.00951568 , 0.00951568
0.00948475 , 0.00948475 , 0.00948475
0.0081269 , 0.0081269 , 0.0081269
0.0156198 , 0.0156198 , 0.0156198
0.00787881 , 0.00787881 , 0.00787881
0.0122811 , 0.0122811 , 0.0122811
0.00993728 , 0.00993728 , 0.00993728
0.0100749 , 0.0100749 , 0.0100749
0.00825598 , 0.00825598 , 0.00825598
0.0138126 , 0.0138126 , 0.0138126
0.0103814 , 0.0103814 , 0.0103814
0.0126877 , 0.0126877 , 0.0126877
0.00927372 , 0.00927372 , 0.00927372
0.0080923 , 0.0080923 , 0.0080923
0.0126877 , 0.0126877 , 0.0126877
0.0100924 , 0.0100924 , 0.0100924
0.0128733 , 0.0128733 , 0.0128733
0.0185903 , 0.0185903 , 0.0185903
0.0116563 , 0.0116563 , 0.0116563
0.0110185 , 0.0110185 , 0.0110185
0.00569038 , 0.00569038 , 0.00569038
0.00305808 , 0.00305808 , 0.00305808
0.00915722 , 0.00915722 , 0.00915722
0.00945402 , 0.00945402 , 0.00945402
0.0117548 , 0.0117548 , 0.0117548
0.00891877 , 0.00891877 , 0.00891877
0.00646407 , 0.00646407 , 0.00646407
0.0077062 , 0.0077062 , 0.0077062
0.0140494 , 0.0140494 , 0.0140494
0.0114651 , 0.0114651 , 0.0114651
0.00917163 , 0.00917163 , 0.00917163
0.00962555 , 0.00962555 , 0.00962555
0.0152402 , 0.0152402 , 0.0152402
0.00627222 , 0.00627222 , 0.00627222
0.0164854 , 0.0164854 , 0.0164854
0.0130995 , 0.0130995 , 0.0130995
0.00831583 , 0.00831583 , 0.00831583
0.0093033 , 0.0093033 , 0.0093033
0.0222681 , 0.0222681 , 0.0222681
0.0161577 , 0.0161577 , 0.0161577
0.0108101 , 0.0108101 , 0.0108101
0.00793407 , 0.00793407 , 0.00793407
0.0135506 , 0.0135506 , 0.0135506
0.00457123 , 0.00457123 , 0.00457123
0.0146531 , 0.0146531 , 0.0146531
0.0124511 , 0.0124511 , 0.0124511
0.0111481 , 0.0111481 , 0.0111481
0.0156198 , 0.0156198 , 0.0156198
0.00986993 , 0.00986993 , 0.00986993
0.0105137 , 0.0105137 , 0.0105137
0.0118049 , 0.0118049 , 0.0118049
0.0137362 , 0.0137362 , 0.0137362
0.0125679 , 0.0125679 , 0.0125679
0.0123937 , 0.0123937 , 0.0123937
0.0103075 , 0.0103075 , 0.0103075
0.0157924 , 0.0157924 , 0.0157924
0.0140494 , 0.0140494 , 0.0140494
0.0185903 , 0.0185903 , 0.0185903
0.0181835 , 0.0181835 , 0.0181835
0.00674983 , 0.00674983 , 0.00674983
0.00754988 , 0.00754988 , 0.00754988
0.0113494 , 0.0113494 , 0.0113494
0.00948475 , 0.00948475 , 0.00948475
0.00838867 , 0.00838867 , 0.00838867
0.0148889 , 0.0148889 , 0.0148889
0.0138513 , 0.0138513 , 0.0138513
0.0124511 , 0.0124511 , 0.0124511
0.0144726 , 0.0144726 , 0.0144726
0.0184852 , 0.0184852 , 0.0184852
0.0102167 , 0.0102167 , 0.0102167
0.0212286 , 0.0212286 , 0.0212286
0.0105329 , 0.0105329 , 0.0105329
0.00921511 , 0.00921511 , 0.00921511
0.00934801 , 0.00934801 , 0.00934801
0.0079452 , 0.0079452 , 0.0079452
0.0081269 , 0.0081269 , 0.0081269
0.0147932 , 0.0147932 , 0.0147932
0.00850006 , 0.00850006 , 0.00850006
0.0175469 , 0.0175469 , 0.0175469
