0.00534209 , 0.00534209 , 0.00534209
0.00819745 , 0.00819745 , 0.00819745
1 , 1 , 1
1 , 1 , 1
0.00873037 , 0.00873037 , 0.00873037
0.00978066 , 0.00978066 , 0.00978066
0.00830409 , 0.00830409 , 0.00830409
0.0100804 , 0.0100804 , 0.0100804
0.00790528 , 0.00790528 , 0.00790528
0.0137306 , 0.0137306 , 0.0137306
1 , 1 , 1
0.0124854 , 0.0124854 , 0.0124854
0.0140972 , 0.0140972 , 0.0140972
0.00543582 , 0.00543582 , 0.00543582
0.00639066 , 0.00639066 , 0.00639066
0.0083448 , 0.0083448 , 0.0083448
0.00910603 , 0.00910603 , 0.00910603
0.00794224 , 0.00794224 , 0.00794224
0.0128738 , 0.0128738 , 0.0128738
0.00625655 , 0.00625655 , 0.00625655
0.00786864 , 0.00786864 , 0.00786864
0.0115299 , 0.0115299 , 0.0115299
0.00716567 , 0.00716567 , 0.00716567
0.00835846 , 0.00835846 , 0.00835846
0.00852598 , 0.00852598 , 0.00852598
0.0110578 , 0.0110578 , 0.0110578
0.0193126 , 0.0193126 , 0.0193126
0.00734395 , 0.00734395 , 0.00734395
0.0134403 , 0.0134403 , 0.0134403
0.0101642 , 0.0101642 , 0.0101642
0.0098585 , 0.0098585 , 0.0098585
0.0146849 , 0.0146849 , 0.0146849
0.00910603 , 0.00910603 , 0.00910603
0.0136808 , 0.0136808 , 0.0136808
0.0168862 , 0.0168862 , 0.0168862
1 , 1 , 1
0.0123041 , 0.0123041 , 0.0123041
0.0195119 , 0.0195119 , 0.0195119
0.00858335 , 0.00858335 , 0.00858335
0.0237915 , 0.0237915 , 0.0237915
0.0111106 , 0.0111106 , 0.0111106
0.00922234 , 0.00922234 , 0.00922234
1 , 1 , 1
0.0197215 , 0.0197215 , 0.0197215
0.00913893 , 0.00913893 , 0.00913893
0.00932469 , 0.00932469 , 0.00932469
0.00628967 , 0.00628967 , 0.00628967
0.00655575 , 0.00655575 , 0.00655575
0.00894535 , 0.00894535 , 0.00894535
0.0118668 , 0.0118668 , 0.0118668
0.0131256 , 0.0131256 , 0.0131256
0.011835 , 0.011835 , 0.011835
0.00831762 , 0.00831762 , 0.00831762
0.00964785 , 0.00964785 , 0.00964785
0.00790528 , 0.00790528 , 0.00790528
0.0111372 , 0.0111372 , 0.0111372
0.012199 , 0.012199 , 0.012199
0.00905717 , 0.00905717 , 0.00905717
0.0062648 , 0.0062648 , 0.0062648
0.0118035 , 0.0118035 , 0.0118035
0.0148132 , 0.0148132 , 0.0148132
0.0152965 , 0.0152965 , 0.0152965
0.00596973 , 0.00596973 , 0.00596973
0.0150134 , 0.0150134 , 0.0150134
0.00734395 , 0.00734395 , 0.00734395
0.00939436 , 0.00939436 , 0.00939436
0.0111372 , 0.0111372 , 0.0111372
0.00758664 , 0.00758664 , 0.00758664
0.00978066 , 0.00978066 , 0.00978066
0.00805515 , 0.00805515 , 0.00805515
0.0119965 , 0.0119965 , 0.0119965
0.00959221 , 0.00959221 , 0.00959221
0.00760942 , 0.00760942 , 0.00760942
0.0122337 , 0.0122337 , 0.0122337
0.00591619 , 0.00591619 , 0.00591619
0.0120629 , 0.0120629 , 0.0120629
0.0272318 , 0.0272318 , 0.0272318
0.0128333 , 0.0128333 , 0.0128333
0.0133939 , 0.0133939 , 0.0133939
0.0173417 , 0.0173417 , 0.0173417
0.0112732 , 0.0112732 , 0.0112732
0.00915548 , 0.00915548 , 0.00915548
0.0130826 , 0.0130826 , 0.0130826
0.00937683 , 0.00937683 , 0.00937683
0.0146849 , 0.0146849 , 0.0146849
0.017464 , 0.017464 , 0.017464
0.0108529 , 0.0108529 , 0.0108529
0.0133479 , 0.0133479 , 0.0133479
0.0124854 , 0.0124854 , 0.0124854
1 , 1 , 1
0.0108529 , 0.0108529 , 0.0108529
0.00923922 , 0.00923922 , 0.00923922
0.0206865 , 0.0206865 , 0.0206865
0.00844137 , 0.00844137 , 0.00844137
0.017223 , 0.017223 , 0.017223
0.0078565 , 0.0078565 , 0.0078565
0.00797954 , 0.00797954 , 0.00797954
0.00972322 , 0.00972322 , 0.00972322
0.00932469 , 0.00932469 , 0.00932469
0.00851176 , 0.00851176 , 0.00851176
