0.01269 , 0.01269 , 0.01269
0.0181747 , 0.0181747 , 0.0181747
1 , 1 , 1
1 , 1 , 1
0.00841796 , 0.00841796 , 0.00841796
0.0103081 , 0.0103081 , 0.0103081
1 , 1 , 1
1 , 1 , 1
0.00644581 , 0.00644581 , 0.00644581
0.0132961 , 0.0132961 , 0.0132961
1 , 1 , 1
0.0141715 , 0.0141715 , 0.0141715
0.00903996 , 0.00903996 , 0.00903996
0.00985861 , 0.00985861 , 0.00985861
0.00898392 , 0.00898392 , 0.00898392
0.00869866 , 0.00869866 , 0.00869866
0.0128456 , 0.0128456 , 0.0128456
0.0125898 , 0.0125898 , 0.0125898
0.00913529 , 0.00913529 , 0.00913529
1 , 1 , 1
1 , 1 , 1
0.0049933 , 0.0049933 , 0.0049933
0.0151214 , 0.0151214 , 0.0151214
0.0097202 , 0.0097202 , 0.0097202
0.020692 , 0.020692 , 0.020692
0.00608234 , 0.00608234 , 0.00608234
1 , 1 , 1
1 , 1 , 1
0.00745763 , 0.00745763 , 0.00745763
1 , 1 , 1
0.00876793 , 0.00876793 , 0.00876793
0.00992982 , 0.00992982 , 0.00992982
0.00835491 , 0.00835491 , 0.00835491
0.0082471 , 0.0082471 , 0.0082471
0.00873313 , 0.00873313 , 0.00873313
0.00894704 , 0.00894704 , 0.00894704
0.00954339 , 0.00954339 , 0.00954339
0.0103081 , 0.0103081 , 0.0103081
0.00520688 , 0.00520688 , 0.00520688
1 , 1 , 1
0.0119146 , 0.0119146 , 0.0119146
0.0151214 , 0.0151214 , 0.0151214
0.00728995 , 0.00728995 , 0.00728995
0.00650214 , 0.00650214 , 0.00650214
0.011562 , 0.011562 , 0.011562
0.00848211 , 0.00848211 , 0.00848211
0.00820185 , 0.00820185 , 0.00820185
0.0116758 , 0.0116758 , 0.0116758
0.00876793 , 0.00876793 , 0.00876793
0.00728995 , 0.00728995 , 0.00728995
0.0085639 , 0.0085639 , 0.0085639
0.0102554 , 0.0102554 , 0.0102554
0.0084339 , 0.0084339 , 0.0084339
0.0232029 , 0.0232029 , 0.0232029
0.00512778 , 0.00512778 , 0.00512778
0.0157666 , 0.0157666 , 0.0157666
0.0091937 , 0.0091937 , 0.0091937
0.00667645 , 0.00667645 , 0.00667645
0.00985861 , 0.00985861 , 0.00985861
0.0096087 , 0.0096087 , 0.0096087
1 , 1 , 1
0.0116375 , 0.0116375 , 0.0116375
0.0103348 , 0.0103348 , 0.0103348
0.0072666 , 0.0072666 , 0.0072666
0.0119146 , 0.0119146 , 0.0119146
1 , 1 , 1
0.00660768 , 0.00660768 , 0.00660768
0.020692 , 0.020692 , 0.020692
0.00869866 , 0.00869866 , 0.00869866
0.00859713 , 0.00859713 , 0.00859713
0.01217 , 0.01217 , 0.01217
1 , 1 , 1
0.00902119 , 0.00902119 , 0.00902119
0.0079977 , 0.0079977 , 0.0079977
0.0104434 , 0.0104434 , 0.0104434
0.0108819 , 0.0108819 , 0.0108819
1 , 1 , 1
0.0125407 , 0.0125407 , 0.0125407
0.0107001 , 0.0107001 , 0.0107001
1 , 1 , 1
1 , 1 , 1
0.014837 , 0.014837 , 0.014837
0.0171853 , 0.0171853 , 0.0171853
0.00873313 , 0.00873313 , 0.00873313
0.0162701 , 0.0162701 , 0.0162701
0.0211762 , 0.0211762 , 0.0211762
0.00894704 , 0.00894704 , 0.00894704
0.00883853 , 0.00883853 , 0.00883853
0.00456615 , 0.00456615 , 0.00456615
0.00880306 , 0.00880306 , 0.00880306
0.0131206 , 0.0131206 , 0.0131206
0.0138792 , 0.0138792 , 0.0138792
0.012793 , 0.012793 , 0.012793
0.0131782 , 0.0131782 , 0.0131782
1 , 1 , 1
0.011139 , 0.011139 , 0.011139
0.0065786 , 0.0065786 , 0.0065786
0.00773757 , 0.00773757 , 0.00773757
0.0124444 , 0.0124444 , 0.0124444
0.00701911 , 0.00701911 , 0.00701911
