1 , 1 , 1
1 , 1 , 1
1 , 1 , 1
1 , 1 , 1
0.00605005 , 0.00605005 , 0.00605005
1 , 1 , 1
1 , 1 , 1
1 , 1 , 1
0.00899044 , 0.00899044 , 0.00899044
1 , 1 , 1
0.0105789 , 0.0105789 , 0.0105789
1 , 1 , 1
1 , 1 , 1
1 , 1 , 1
1 , 1 , 1
0.00537906 , 0.00537906 , 0.00537906
1 , 1 , 1
1 , 1 , 1
1 , 1 , 1
1 , 1 , 1
1 , 1 , 1
1 , 1 , 1
1 , 1 , 1
0.0115793 , 0.0115793 , 0.0115793
0.00849172 , 0.00849172 , 0.00849172
1 , 1 , 1
1 , 1 , 1
0.0149786 , 0.0149786 , 0.0149786
1 , 1 , 1
1 , 1 , 1
1 , 1 , 1
1 , 1 , 1
1 , 1 , 1
1 , 1 , 1
1 , 1 , 1
1 , 1 , 1
0.00700914 , 0.00700914 , 0.00700914
1 , 1 , 1
1 , 1 , 1
1 , 1 , 1
1 , 1 , 1
1 , 1 , 1
1 , 1 , 1
0.0128273 , 0.0128273 , 0.0128273
1 , 1 , 1
1 , 1 , 1
1 , 1 , 1
1 , 1 , 1
1 , 1 , 1
1 , 1 , 1
1 , 1 , 1
1 , 1 , 1
1 , 1 , 1
1 , 1 , 1
1 , 1 , 1
1 , 1 , 1
1 , 1 , 1
0.00412463 , 0.00412463 , 0.00412463
1 , 1 , 1
1 , 1 , 1
1 , 1 , 1
1 , 1 , 1
1 , 1 , 1
1 , 1 , 1
0.0106713 , 0.0106713 , 0.0106713
1 , 1 , 1
1 , 1 , 1
0.00786928 , 0.00786928 , 0.00786928
1 , 1 , 1
0.0126032 , 0.0126032 , 0.0126032
1 , 1 , 1
0.00595826 , 0.00595826 , 0.00595826
1 , 1 , 1
1 , 1 , 1
1 , 1 , 1
1 , 1 , 1
1 , 1 , 1
1 , 1 , 1
0.0136652 , 0.0136652 , 0.0136652
0.00610414 , 0.00610414 , 0.00610414
0.00513053 , 0.00513053 , 0.00513053
0.00513962 , 0.00513962 , 0.00513962
0.00323319 , 0.00323319 , 0.00323319
1 , 1 , 1
0.00658803 , 0.00658803 , 0.00658803
1 , 1 , 1
0.00789826 , 0.00789826 , 0.00789826
1 , 1 , 1
0.015653 , 0.015653 , 0.015653
1 , 1 , 1
1 , 1 , 1
1 , 1 , 1
1 , 1 , 1
0.00772945 , 0.00772945 , 0.00772945
1 , 1 , 1
1 , 1 , 1
1 , 1 , 1
1 , 1 , 1
1 , 1 , 1
1 , 1 , 1
