1 , 1 , 1
1 , 1 , 1
1 , 1 , 1
1 , 1 , 1
0.00904177 , 0.00904177 , 0.00904177
1 , 1 , 1
1 , 1 , 1
1 , 1 , 1
0.00671853 , 0.00671853 , 0.00671853
1 , 1 , 1
1 , 1 , 1
1 , 1 , 1
1 , 1 , 1
1 , 1 , 1
1 , 1 , 1
1 , 1 , 1
1 , 1 , 1
1 , 1 , 1
1 , 1 , 1
0.0058848 , 0.0058848 , 0.0058848
0.00522831 , 0.00522831 , 0.00522831
0.00785896 , 0.00785896 , 0.00785896
0.00862095 , 0.00862095 , 0.00862095
1 , 1 , 1
1 , 1 , 1
1 , 1 , 1
1 , 1 , 1
1 , 1 , 1
0.00661953 , 0.00661953 , 0.00661953
1 , 1 , 1
0.00601352 , 0.00601352 , 0.00601352
0.00645177 , 0.00645177 , 0.00645177
1 , 1 , 1
0.00573701 , 0.00573701 , 0.00573701
1 , 1 , 1
1 , 1 , 1
1 , 1 , 1
1 , 1 , 1
1 , 1 , 1
1 , 1 , 1
0.013498 , 0.013498 , 0.013498
1 , 1 , 1
1 , 1 , 1
1 , 1 , 1
0.00857357 , 0.00857357 , 0.00857357
0.00979406 , 0.00979406 , 0.00979406
1 , 1 , 1
0.0064698 , 0.0064698 , 0.0064698
1 , 1 , 1
0.00563541 , 0.00563541 , 0.00563541
1 , 1 , 1
0.00714122 , 0.00714122 , 0.00714122
1 , 1 , 1
1 , 1 , 1
1 , 1 , 1
1 , 1 , 1
1 , 1 , 1
1 , 1 , 1
1 , 1 , 1
1 , 1 , 1
0.00416563 , 0.00416563 , 0.00416563
0.00949002 , 0.00949002 , 0.00949002
1 , 1 , 1
0.00650629 , 0.00650629 , 0.00650629
1 , 1 , 1
1 , 1 , 1
1 , 1 , 1
1 , 1 , 1
1 , 1 , 1
1 , 1 , 1
1 , 1 , 1
1 , 1 , 1
1 , 1 , 1
1 , 1 , 1
1 , 1 , 1
1 , 1 , 1
1 , 1 , 1
0.00898457 , 0.00898457 , 0.00898457
1 , 1 , 1
1 , 1 , 1
0.00904177 , 0.00904177 , 0.00904177
1 , 1 , 1
1 , 1 , 1
0.00887442 , 0.00887442 , 0.00887442
0.00748536 , 0.00748536 , 0.00748536
0.0058848 , 0.0058848 , 0.0058848
1 , 1 , 1
1 , 1 , 1
1 , 1 , 1
1 , 1 , 1
0.010567 , 0.010567 , 0.010567
1 , 1 , 1
1 , 1 , 1
1 , 1 , 1
0.0096368 , 0.0096368 , 0.0096368
1 , 1 , 1
1 , 1 , 1
1 , 1 , 1
1 , 1 , 1
0.00757301 , 0.00757301 , 0.00757301
