1 , 1 , 1
1 , 1 , 1
1 , 1 , 1
1 , 1 , 1
1 , 1 , 1
0.00559771 , 0.00559771 , 0.00559771
1 , 1 , 1
1 , 1 , 1
1 , 1 , 1
0.0119674 , 0.0119674 , 0.0119674
1 , 1 , 1
1 , 1 , 1
1 , 1 , 1
1 , 1 , 1
0.00500155 , 0.00500155 , 0.00500155
1 , 1 , 1
1 , 1 , 1
1 , 1 , 1
1 , 1 , 1
1 , 1 , 1
1 , 1 , 1
1 , 1 , 1
1 , 1 , 1
1 , 1 , 1
1 , 1 , 1
1 , 1 , 1
1 , 1 , 1
1 , 1 , 1
0.00864892 , 0.00864892 , 0.00864892
1 , 1 , 1
0.00696612 , 0.00696612 , 0.00696612
1 , 1 , 1
1 , 1 , 1
1 , 1 , 1
0.00662854 , 0.00662854 , 0.00662854
1 , 1 , 1
1 , 1 , 1
1 , 1 , 1
1 , 1 , 1
0.00584169 , 0.00584169 , 0.00584169
1 , 1 , 1
1 , 1 , 1
1 , 1 , 1
1 , 1 , 1
1 , 1 , 1
1 , 1 , 1
1 , 1 , 1
1 , 1 , 1
1 , 1 , 1
0.00582652 , 0.00582652 , 0.00582652
1 , 1 , 1
1 , 1 , 1
1 , 1 , 1
1 , 1 , 1
1 , 1 , 1
1 , 1 , 1
1 , 1 , 1
1 , 1 , 1
1 , 1 , 1
1 , 1 , 1
1 , 1 , 1
1 , 1 , 1
1 , 1 , 1
1 , 1 , 1
1 , 1 , 1
1 , 1 , 1
0.00864892 , 0.00864892 , 0.00864892
1 , 1 , 1
1 , 1 , 1
1 , 1 , 1
1 , 1 , 1
1 , 1 , 1
1 , 1 , 1
0.00980403 , 0.00980403 , 0.00980403
1 , 1 , 1
1 , 1 , 1
1 , 1 , 1
1 , 1 , 1
1 , 1 , 1
1 , 1 , 1
1 , 1 , 1
1 , 1 , 1
0.00629995 , 0.00629995 , 0.00629995
0.00733801 , 0.00733801 , 0.00733801
1 , 1 , 1
0.00951567 , 0.00951567 , 0.00951567
0.00990984 , 0.00990984 , 0.00990984
0.00903723 , 0.00903723 , 0.00903723
1 , 1 , 1
1 , 1 , 1
1 , 1 , 1
1 , 1 , 1
1 , 1 , 1
0.00519301 , 0.00519301 , 0.00519301
1 , 1 , 1
1 , 1 , 1
1 , 1 , 1
1 , 1 , 1
1 , 1 , 1
0.00951567 , 0.00951567 , 0.00951567
