1 , 1 , 1
1 , 1 , 1
1 , 1 , 1
1 , 1 , 1
1 , 1 , 1
1 , 1 , 1
1 , 1 , 1
0.00523539 , 0.00523539 , 0.00523539
1 , 1 , 1
1 , 1 , 1
1 , 1 , 1
1 , 1 , 1
1 , 1 , 1
1 , 1 , 1
0.00797487 , 0.00797487 , 0.00797487
0.00769164 , 0.00769164 , 0.00769164
1 , 1 , 1
1 , 1 , 1
1 , 1 , 1
1 , 1 , 1
1 , 1 , 1
1 , 1 , 1
1 , 1 , 1
0.00823772 , 0.00823772 , 0.00823772
1 , 1 , 1
1 , 1 , 1
1 , 1 , 1
1 , 1 , 1
1 , 1 , 1
1 , 1 , 1
1 , 1 , 1
1 , 1 , 1
1 , 1 , 1
1 , 1 , 1
1 , 1 , 1
0.00779976 , 0.00779976 , 0.00779976
1 , 1 , 1
1 , 1 , 1
1 , 1 , 1
1 , 1 , 1
1 , 1 , 1
1 , 1 , 1
1 , 1 , 1
1 , 1 , 1
1 , 1 , 1
1 , 1 , 1
1 , 1 , 1
1 , 1 , 1
1 , 1 , 1
1 , 1 , 1
0.0077449 , 0.0077449 , 0.0077449
1 , 1 , 1
1 , 1 , 1
1 , 1 , 1
1 , 1 , 1
1 , 1 , 1
1 , 1 , 1
1 , 1 , 1
0.00540957 , 0.00540957 , 0.00540957
1 , 1 , 1
1 , 1 , 1
1 , 1 , 1
1 , 1 , 1
1 , 1 , 1
1 , 1 , 1
1 , 1 , 1
1 , 1 , 1
1 , 1 , 1
0.00548729 , 0.00548729 , 0.00548729
1 , 1 , 1
0.00238371 , 0.00238371 , 0.00238371
0.0052079 , 0.0052079 , 0.0052079
1 , 1 , 1
1 , 1 , 1
1 , 1 , 1
0.0051943 , 0.0051943 , 0.0051943
1 , 1 , 1
1 , 1 , 1
1 , 1 , 1
1 , 1 , 1
1 , 1 , 1
1 , 1 , 1
0.00583576 , 0.00583576 , 0.00583576
1 , 1 , 1
1 , 1 , 1
1 , 1 , 1
1 , 1 , 1
1 , 1 , 1
1 , 1 , 1
1 , 1 , 1
1 , 1 , 1
1 , 1 , 1
1 , 1 , 1
1 , 1 , 1
1 , 1 , 1
1 , 1 , 1
1 , 1 , 1
0.00542486 , 0.00542486 , 0.00542486
1 , 1 , 1
1 , 1 , 1
