0.00978744 , 0.00957531 , 0.0100636
0.0108384 , 0.0106098 , 0.0110976
0.010242 , 0.0100227 , 0.0105107
0.00954442 , 0.00933624 , 0.0098246
0.0130715 , 0.0128113 , 0.013298
0.00935773 , 0.00915262 , 0.00964107
0.00811653 , 0.0079327 , 0.00842175
0.0101168 , 0.00989947 , 0.0103876
0.00999259 , 0.00977717 , 0.0102653
0.00803029 , 0.00784799 , 0.00833709
0.0127296 , 0.012474 , 0.0129608
0.0142453 , 0.0139701 , 0.0144562
0.0109107 , 0.0106811 , 0.0111688
0.00846582 , 0.00827584 , 0.00876473
0.00915991 , 0.00895808 , 0.00944663
0.00875807 , 0.00856305 , 0.00905179
0.0109253 , 0.0106954 , 0.0111831
0.0100063 , 0.00979072 , 0.0102789
0.0128753 , 0.0126177 , 0.0131045
0.00886089 , 0.0086641 , 0.0091528
0.00719055 , 0.00702363 , 0.00751314
0.00742638 , 0.00725507 , 0.00774446
0.00946417 , 0.0092573 , 0.0097457
0.00935773 , 0.00915262 , 0.00964107
0.01414 , 0.0138661 , 0.0143522
0.0118038 , 0.0115611 , 0.0120484
0.00963852 , 0.00942881 , 0.00991712
0.0100201 , 0.00980427 , 0.0102924
0.0131209 , 0.0128601 , 0.0133467
0.0104951 , 0.0102718 , 0.0107597
0.00747394 , 0.00730174 , 0.00779111
0.0096655 , 0.00945535 , 0.00994365
0.0102699 , 0.0100502 , 0.0105382
0.00615589 , 0.00600899 , 0.00649899
0.00929154 , 0.00908752 , 0.00957601
0.011516 , 0.0112774 , 0.0117648
0.00856692 , 0.00837518 , 0.00886402
0.0104103 , 0.0101883 , 0.0106763
0.0120345 , 0.0117885 , 0.0122757
0.0109398 , 0.0107097 , 0.0111974
0.00958469 , 0.00937585 , 0.00986419
0.00996509 , 0.00975012 , 0.0102383
0.0122998 , 0.01205 , 0.0125371
0.0117733 , 0.011531 , 0.0120183
0.00768953 , 0.00751339 , 0.00800265
0.0111297 , 0.0108968 , 0.0113844
0.010256 , 0.0100364 , 0.0105244
0.0107951 , 0.0105672 , 0.0110549
0.00593645 , 0.00579395 , 0.00628406
0.00799346 , 0.00781182 , 0.00830094
0.00691168 , 0.00675004 , 0.00723968
0.00733167 , 0.00716211 , 0.00765155
0.010566 , 0.0103416 , 0.0108295
0.0125372 , 0.0122842 , 0.0127712
0.00517887 , 0.00505199 , 0.00554247
0.0119727 , 0.0117276 , 0.0122148
0.00699256 , 0.00682938 , 0.00731898
0.0104526 , 0.01023 , 0.0107179
0.00760537 , 0.00743076 , 0.00792007
0.0077741 , 0.00759642 , 0.00808564
0.0134707 , 0.0132053 , 0.0136918
0.00571973 , 0.00558162 , 0.00607184
0.0117276 , 0.011486 , 0.0119733
0.0132201 , 0.012958 , 0.0134446
0.00866861 , 0.00847512 , 0.0089639
0.0113962 , 0.0111594 , 0.0116468
0.0130715 , 0.0128113 , 0.013298
0.00868136 , 0.00848765 , 0.00897643
0.0145832 , 0.0143039 , 0.0147898
0.0101307 , 0.00991311 , 0.0104012
0.0104244 , 0.0102022 , 0.0106901
0.00986921 , 0.00965576 , 0.010144
0.0127296 , 0.012474 , 0.0129608
0.0080672 , 0.00788424 , 0.00837332
0.00485806 , 0.00473801 , 0.00522864
0.008848 , 0.00865144 , 0.00914014
0.0088996 , 0.00870216 , 0.00919084
0.0140353 , 0.0137627 , 0.0142489
0.0121901 , 0.0119419 , 0.0124289
0.0109253 , 0.0106954 , 0.0111831
0.00955783 , 0.00934943 , 0.00983779
0.00727273 , 0.00710427 , 0.00759374
0.00496091 , 0.00483866 , 0.00532924
0.0121744 , 0.0119265 , 0.0124136
0.0107663 , 0.0105388 , 0.0110266
0.0106516 , 0.0104259 , 0.0109137
0.0109107 , 0.0106811 , 0.0111688
0.00576286 , 0.00562387 , 0.00611407
0.0105234 , 0.0102997 , 0.0107876
0.0100339 , 0.00981784 , 0.010306
0.0103962 , 0.0101745 , 0.0106624
0.0116366 , 0.0113963 , 0.0118836
0.00746204 , 0.00729006 , 0.00777944
0.0126171 , 0.012363 , 0.0128499
0.0088996 , 0.00870216 , 0.00919084
0.0126492 , 0.0123947 , 0.0128815
0.0100477 , 0.00983142 , 0.0103195
0.00933123 , 0.00912655 , 0.00961502
0.0124577 , 0.0122058 , 0.0126928
0.0121121 , 0.011865 , 0.0123521
