0.00755516 , 0.00752613 , 0.00758474
0.00984849 , 0.00981397 , 0.00987244
0.00989617 , 0.00986155 , 0.00992002
0.00977735 , 0.00974299 , 0.00980146
0.0117359 , 0.0116977 , 0.0117561
0.0132903 , 0.0132495 , 0.0133078
0.0105859 , 0.0105499 , 0.0106083
0.00976554 , 0.0097312 , 0.00978968
0.0105859 , 0.0105499 , 0.0106083
0.0116099 , 0.0115719 , 0.0116302
0.00756486 , 0.0075358 , 0.0075944
0.00849468 , 0.00846326 , 0.00852181
0.00667935 , 0.00665275 , 0.0067114
0.0106369 , 0.0106007 , 0.0106592
0.00776053 , 0.00773096 , 0.00778955
0.00815221 , 0.00812164 , 0.00818021
0.00708081 , 0.00705307 , 0.0071117
0.00977735 , 0.00974299 , 0.00980146
0.0101621 , 0.0101269 , 0.0101854
0.0109475 , 0.0109107 , 0.0109691
0.0119206 , 0.011882 , 0.0119403
0.0101989 , 0.0101636 , 0.010222
0.0145767 , 0.014534 , 0.0145922
0.00902334 , 0.00899066 , 0.00904918
0.0100768 , 0.0100418 , 0.0101002
0.00953188 , 0.00949805 , 0.00955654
0.00765249 , 0.0076232 , 0.0076818
0.00956662 , 0.00953272 , 0.0095912
0.00877208 , 0.00874 , 0.00879853
0.0127993 , 0.0127592 , 0.0128175
0.0137028 , 0.0136613 , 0.0137196
0.0115128 , 0.011475 , 0.0115334
0.0112805 , 0.0112431 , 0.0113015
0.0119924 , 0.0119537 , 0.0120121
0.013339 , 0.0132981 , 0.0133564
0.0142895 , 0.0142472 , 0.0143054
0.0119062 , 0.0118677 , 0.0119261
0.0117783 , 0.01174 , 0.0117983
0.00924651 , 0.00921332 , 0.00927182
0.0124634 , 0.012424 , 0.0124823
0.00977735 , 0.00974299 , 0.00980146
0.0107266 , 0.0106903 , 0.0107487
0.00842116 , 0.00838992 , 0.00844847
0.0111061 , 0.0110691 , 0.0111274
0.00793961 , 0.00790958 , 0.00796816
0.0103595 , 0.010324 , 0.0103824
0.00754547 , 0.00751647 , 0.00757508
0.0109475 , 0.0109107 , 0.0109691
0.0116797 , 0.0116416 , 0.0117
0.00963642 , 0.00960237 , 0.00966085
0.00755516 , 0.00752613 , 0.00758474
0.00801003 , 0.00797982 , 0.00803839
0.0040323 , 0.00401434 , 0.00407315
0.00921275 , 0.00917964 , 0.00923814
0.010869 , 0.0108324 , 0.0108908
0.00648388 , 0.00645784 , 0.00651651
0.0123289 , 0.0122897 , 0.012348
0.00856869 , 0.00853709 , 0.00859564
0.0113212 , 0.0112837 , 0.0113421
0.0161989 , 0.0161542 , 0.0162123
0.014325 , 0.0142826 , 0.0143408
0.0140963 , 0.0140542 , 0.0141125
0.0102727 , 0.0102373 , 0.0102958
0.0081114 , 0.00808094 , 0.00813951
0.00825489 , 0.00822406 , 0.00828262
0.00900126 , 0.00896864 , 0.00902716
0.00933704 , 0.00930365 , 0.00936214
0.0151169 , 0.0150735 , 0.0151317
0.00970666 , 0.00967246 , 0.00973093
0.011978 , 0.0119393 , 0.0119977
0.00876128 , 0.00872922 , 0.00878776
0.00855809 , 0.00852652 , 0.00858506
0.00880454 , 0.00877237 , 0.0088309
0.00858993 , 0.00855828 , 0.00861682
0.00922399 , 0.00919085 , 0.00924936
0.00532176 , 0.00529933 , 0.00535806
0.00596745 , 0.00594296 , 0.00600166
0.0134207 , 0.0133796 , 0.0134379
0.0110265 , 0.0109896 , 0.011048
0.012971 , 0.0129307 , 0.012989
0.00677838 , 0.00675149 , 0.00681014
0.0176352 , 0.0175888 , 0.0176468
0.0102851 , 0.0102497 , 0.0103081
0.00841069 , 0.00837948 , 0.00843803
0.00805047 , 0.00802015 , 0.00807873
0.014325 , 0.0142826 , 0.0143408
0.0134699 , 0.0134288 , 0.0134871
0.0160318 , 0.0159872 , 0.0160453
0.011267 , 0.0112296 , 0.011288
0.00671526 , 0.00668855 , 0.0067472
0.0118777 , 0.0118392 , 0.0118975
0.00742031 , 0.00739164 , 0.00745025
0.0102727 , 0.0102373 , 0.0102958
0.0126913 , 0.0126514 , 0.0127097
0.00992008 , 0.00988541 , 0.00994388
0.011582 , 0.0115441 , 0.0116025
0.0104974 , 0.0104615 , 0.0105199
0.00941685 , 0.00938329 , 0.00944178
0.0101621 , 0.0101269 , 0.0101854
0.00912321 , 0.00909031 , 0.00914882
