Building DAG of jobs...
Using shell: /usr/bin/bash
Provided cores: 100
Rules claiming more threads will be scaled down.
Job stats:
job                 count
----------------  -------
all                     1
generate_heatmap        4
total                   5

Select jobs to execute...
Execute 4 jobs...

[Thu May  8 22:16:43 2025]
localrule generate_heatmap:
    input: chrY_SimpleRepeat/all_results.csv
    output: chrY_SimpleRepeat/heatmap_deviation.png
    jobid: 161
    reason: Missing output files: chrY_SimpleRepeat/heatmap_deviation.png
    wildcards: output_dir=chrY_SimpleRepeat
    resources: tmpdir=/tmp


[Thu May  8 22:16:43 2025]
localrule generate_heatmap:
    input: chr21_centromere/all_results.csv
    output: chr21_centromere/heatmap_deviation.png
    jobid: 81
    reason: Missing output files: chr21_centromere/heatmap_deviation.png
    wildcards: output_dir=chr21_centromere
    resources: tmpdir=/tmp


[Thu May  8 22:16:43 2025]
localrule generate_heatmap:
    input: chr6_RepeatMasker/all_results.csv
    output: chr6_RepeatMasker/heatmap_deviation.png
    jobid: 1
    reason: Missing output files: chr6_RepeatMasker/heatmap_deviation.png
    wildcards: output_dir=chr6_RepeatMasker
    resources: tmpdir=/tmp


[Thu May  8 22:16:43 2025]
localrule generate_heatmap:
    input: chrY_RBMY1A1/all_results.csv
    output: chrY_RBMY1A1/heatmap_deviation.png
    jobid: 241
    reason: Missing output files: chrY_RBMY1A1/heatmap_deviation.png
    wildcards: output_dir=chrY_RBMY1A1
    resources: tmpdir=/tmp

[Thu May  8 22:16:46 2025]
Finished job 241.
1 of 5 steps (20%) done
[Thu May  8 22:16:46 2025]
Finished job 161.
2 of 5 steps (40%) done
[Thu May  8 22:16:46 2025]
Finished job 81.
3 of 5 steps (60%) done
[Thu May  8 22:16:46 2025]
Finished job 1.
4 of 5 steps (80%) done
Select jobs to execute...
Execute 1 jobs...

[Thu May  8 22:16:46 2025]
localrule all:
    input: chr6_RepeatMasker/heatmap_deviation.png, chr21_centromere/heatmap_deviation.png, chrY_SimpleRepeat/heatmap_deviation.png, chrY_RBMY1A1/heatmap_deviation.png
    jobid: 0
    reason: Input files updated by another job: chrY_SimpleRepeat/heatmap_deviation.png, chrY_RBMY1A1/heatmap_deviation.png, chr6_RepeatMasker/heatmap_deviation.png, chr21_centromere/heatmap_deviation.png
    resources: tmpdir=/tmp

[Thu May  8 22:16:46 2025]
Finished job 0.
5 of 5 steps (100%) done
Complete log: .snakemake/log/2025-05-08T221643.587276.snakemake.log
