Building DAG of jobs...
Using shell: /usr/bin/bash
Provided cores: 100
Rules claiming more threads will be scaled down.
Job stats:
job                 count
----------------  -------
all                     1
generate_heatmap        1
total                   2

Select jobs to execute...
Execute 1 jobs...

[Mon Apr 21 23:41:34 2025]
localrule generate_heatmap:
    input: chr21_centromere/all_results.csv
    output: chr21_centromere/heatmap_deviation.png
    jobid: 1
    reason: Missing output files: chr21_centromere/heatmap_deviation.png
    wildcards: output_dir=chr21_centromere
    resources: tmpdir=/tmp

[Mon Apr 21 23:41:38 2025]
Finished job 1.
1 of 2 steps (50%) done
Select jobs to execute...
Execute 1 jobs...

[Mon Apr 21 23:41:38 2025]
localrule all:
    input: chr21_centromere/heatmap_deviation.png
    jobid: 0
    reason: Input files updated by another job: chr21_centromere/heatmap_deviation.png
    resources: tmpdir=/tmp

[Mon Apr 21 23:41:38 2025]
Finished job 0.
2 of 2 steps (100%) done
Complete log: .snakemake/log/2025-04-21T234134.743919.snakemake.log
