Building DAG of jobs...
Using shell: /usr/bin/bash
Provided cores: 100
Rules claiming more threads will be scaled down.
Job stats:
job                 count
----------------  -------
all                     1
generate_heatmap        4
total                   5

Select jobs to execute...
Execute 4 jobs...

[Sun May 11 11:25:23 2025]
localrule generate_heatmap:
    input: chrY_SimpleRepeat/all_results.csv
    output: chrY_SimpleRepeat/heatmap_deviation.png
    jobid: 759
    reason: Params have changed since last execution
    wildcards: output_dir=chrY_SimpleRepeat
    resources: tmpdir=/tmp


[Sun May 11 11:25:23 2025]
localrule generate_heatmap:
    input: chr21_centromere/all_results.csv
    output: chr21_centromere/heatmap_deviation.png
    jobid: 380
    reason: Params have changed since last execution
    wildcards: output_dir=chr21_centromere
    resources: tmpdir=/tmp


[Sun May 11 11:25:23 2025]
localrule generate_heatmap:
    input: chr6_RepeatMasker/all_results.csv
    output: chr6_RepeatMasker/heatmap_deviation.png
    jobid: 1
    reason: Params have changed since last execution
    wildcards: output_dir=chr6_RepeatMasker
    resources: tmpdir=/tmp


[Sun May 11 11:25:23 2025]
localrule generate_heatmap:
    input: chrY_RBMY1A1/all_results.csv
    output: chrY_RBMY1A1/heatmap_deviation.png
    jobid: 930
    reason: Params have changed since last execution
    wildcards: output_dir=chrY_RBMY1A1
    resources: tmpdir=/tmp

[Sun May 11 11:25:26 2025]
Finished job 930.
1 of 5 steps (20%) done
[Sun May 11 11:25:26 2025]
Finished job 759.
2 of 5 steps (40%) done
[Sun May 11 11:25:27 2025]
Finished job 1.
3 of 5 steps (60%) done
[Sun May 11 11:25:27 2025]
Finished job 380.
4 of 5 steps (80%) done
Select jobs to execute...
Execute 1 jobs...

[Sun May 11 11:25:27 2025]
localrule all:
    input: chr6_RepeatMasker/heatmap_deviation.png, chr21_centromere/heatmap_deviation.png, chrY_SimpleRepeat/heatmap_deviation.png, chrY_RBMY1A1/heatmap_deviation.png
    jobid: 0
    reason: Input files updated by another job: chr6_RepeatMasker/heatmap_deviation.png, chrY_SimpleRepeat/heatmap_deviation.png, chrY_RBMY1A1/heatmap_deviation.png, chr21_centromere/heatmap_deviation.png
    resources: tmpdir=/tmp

[Sun May 11 11:25:27 2025]
Finished job 0.
5 of 5 steps (100%) done
Complete log: .snakemake/log/2025-05-11T112522.938736.snakemake.log
