0.0367984 , 0.109168
0.0395401 , 0.109687
0.0405148 , 0.109871
0.0369495 , 0.109196
0.0361951 , 0.109054
0.0307297 , 0.108018
0.0358443 , 0.108987
0.0325277 , 0.10836
0.0332635 , 0.108499
0.0408236 , 0.10993
0.0339044 , 0.10862
0.030152 , 0.107908
0.0304887 , 0.107972
0.030585 , 0.107991
0.0398474 , 0.109745
0.0471439 , 0.111134
0.0415461 , 0.110067
0.0329687 , 0.108443
0.0432587 , 0.110392
0.0347966 , 0.108789
0.0302481 , 0.107927
0.0374038 , 0.109282
0.0336083 , 0.108564
0.0385705 , 0.109503
0.0352946 , 0.108883
0.040412 , 0.109852
0.0355442 , 0.108931
0.0330178 , 0.108452
0.0308746 , 0.108046
0.0368487 , 0.109177
0.0349458 , 0.108818
0.0386214 , 0.109513
0.0359946 , 0.109016
0.0314071 , 0.108147
0.0333127 , 0.108508
0.0347966 , 0.108789
0.0354443 , 0.108912
0.0351949 , 0.108865
0.0402578 , 0.109822
0.0363457 , 0.109082
0.0388761 , 0.109561
0.0298641 , 0.107854
0.0351949 , 0.108865
0.0398474 , 0.109745
0.0347469 , 0.10878
0.0402065 , 0.109813
0.0374544 , 0.109292
0.0319906 , 0.108258
0.027915 , 0.107482
0.0308746 , 0.108046
0.0460356 , 0.110922
0.0296247 , 0.107808
0.0398474 , 0.109745
0.0332635 , 0.108499
0.0334604 , 0.108536
0.0438848 , 0.110511
0.0278678 , 0.107473
0.0358944 , 0.108997
0.0382146 , 0.109436
0.0398474 , 0.109745
0.0341517 , 0.108667
0.0332143 , 0.10849
0.0357442 , 0.108969
0.0320393 , 0.108267
0.0379101 , 0.109378
0.0302962 , 0.107936
0.036145 , 0.109044
0.0285769 , 0.107608
0.0298162 , 0.107844
0.0384687 , 0.109484
0.038367 , 0.109465
0.0381638 , 0.109426
0.0363457 , 0.109082
0.0308746 , 0.108046
0.0309229 , 0.108055
0.0430504 , 0.110352
0.0311648 , 0.108101
0.0332143 , 0.10849
0.0348961 , 0.108808
0.0341022 , 0.108658
0.0317958 , 0.108221
0.0382146 , 0.109436
0.0370504 , 0.109216
0.0270693 , 0.10732
0.0326256 , 0.108378
0.0260907 , 0.107132
0.0318932 , 0.108239
0.0336083 , 0.108564
0.0375556 , 0.109311
0.0396425 , 0.109706
0.0303443 , 0.107945
0.0334604 , 0.108536
0.0316985 , 0.108202
0.0351949 , 0.108865
0.0428423 , 0.110313
0.0335097 , 0.108546
0.0327235 , 0.108397
0.0349956 , 0.108827
0.0367984 , 0.109168
0.0410814 , 0.109978
