0.0406177 , 0.109891
0.0507589 , 0.111833
0.033116 , 0.108471
0.0398474 , 0.109745
0.0444601 , 0.110621
0.0461937 , 0.110952
0.0443554 , 0.110601
0.0464046 , 0.110992
0.0500117 , 0.111688
0.0443554 , 0.110601
0.0454043 , 0.110801
0.0421673 , 0.110184
0.0439893 , 0.110531
0.0431025 , 0.110362
0.0405663 , 0.109881
0.0447744 , 0.110681
0.0456672 , 0.110851
0.0458777 , 0.110892
0.0440415 , 0.110541
0.0432587 , 0.110392
0.0477261 , 0.111246
0.0388761 , 0.109561
0.0436759 , 0.110471
0.0421673 , 0.110184
0.0473555 , 0.111175
0.0413394 , 0.110027
0.0395401 , 0.109687
0.0402578 , 0.109822
0.0419082 , 0.110135
0.0453517 , 0.110791
0.047779 , 0.111256
0.0465628 , 0.111023
0.0399499 , 0.109764
0.0475142 , 0.111205
0.0378087 , 0.109359
0.042271 , 0.110204
0.0447744 , 0.110681
0.0468268 , 0.111073
0.0451416 , 0.110751
0.0370504 , 0.109216
0.052901 , 0.112251
0.0403092 , 0.109832
0.047779 , 0.111256
0.0426344 , 0.110273
0.0423229 , 0.110214
0.0465628 , 0.111023
0.0460356 , 0.110922
0.0423229 , 0.110214
0.0372018 , 0.109244
0.0437803 , 0.110491
0.0460356 , 0.110922
0.0418047 , 0.110116
0.0429984 , 0.110342
0.0425305 , 0.110253
0.0488936 , 0.111471
0.0531157 , 0.112293
0.0475142 , 0.111205
0.047779 , 0.111256
0.0420636 , 0.110165
0.044303 , 0.110591
0.0431025 , 0.110362
0.0358944 , 0.108997
0.0436759 , 0.110471
0.0463518 , 0.110982
0.0398474 , 0.109745
0.0337069 , 0.108583
0.0423748 , 0.110224
0.0446172 , 0.110651
0.045825 , 0.110881
0.0368487 , 0.109177
0.0462991 , 0.110972
0.0531157 , 0.112293
0.0453517 , 0.110791
0.0429984 , 0.110342
0.0436759 , 0.110471
0.0374544 , 0.109292
0.0463518 , 0.110982
0.036145 , 0.109044
0.0468268 , 0.111073
0.0411329 , 0.109988
0.0483093 , 0.111358
0.0485748 , 0.11141
0.0492127 , 0.111533
0.0374038 , 0.109282
0.0469853 , 0.111104
0.0440415 , 0.110541
0.044303 , 0.110591
0.0384179 , 0.109474
0.0448793 , 0.110701
0.0444601 , 0.110621
0.0444077 , 0.110611
0.039489 , 0.109677
0.04196 , 0.110145
0.0424267 , 0.110234
0.0403092 , 0.109832
0.0422192 , 0.110194
0.047779 , 0.111256
0.0397449 , 0.109725
0.0422192 , 0.110194
0.0500117 , 0.111688
