0.0549443 , 0.112654
0.0553214 , 0.112729
0.0498517 , 0.111657
0.047832 , 0.111267
0.045983 , 0.110912
0.0437803 , 0.110491
0.0509192 , 0.111864
0.0533306 , 0.112335
0.0544597 , 0.112558
0.0542983 , 0.112526
0.0621845 , 0.114118
0.0534917 , 0.112367
0.0475142 , 0.111205
0.0539755 , 0.112462
0.051561 , 0.111989
0.0475672 , 0.111216
0.0502784 , 0.111739
0.0527937 , 0.11223
0.0468268 , 0.111073
0.0548904 , 0.112643
0.0519894 , 0.112072
0.0542983 , 0.112526
0.053438 , 0.112356
0.0605077 , 0.113773
0.0491063 , 0.111512
0.0510261 , 0.111885
0.0475672 , 0.111216
0.051561 , 0.111989
0.0598045 , 0.11363
0.0553753 , 0.112739
0.0555909 , 0.112782
0.0436237 , 0.110461
0.0512935 , 0.111937
0.0546751 , 0.1126
0.0471968 , 0.111144
0.0451416 , 0.110751
0.055052 , 0.112675
0.0498517 , 0.111657
0.0612109 , 0.113917
0.051454 , 0.111968
0.0503317 , 0.11175
0.0508658 , 0.111853
0.0474613 , 0.111195
0.0506521 , 0.111812
0.0533843 , 0.112346
0.0549443 , 0.112654
0.0467212 , 0.111053
0.052901 , 0.112251
0.055052 , 0.112675
0.0626711 , 0.114219
0.0494256 , 0.111574
0.0558605 , 0.112836
0.051454 , 0.111968
0.0576419 , 0.113192
0.0512935 , 0.111937
0.0484686 , 0.111389
0.0463518 , 0.110982
0.0537067 , 0.112409
0.0505453 , 0.111791
0.0565079 , 0.112965
0.0583985 , 0.113344
0.053868 , 0.112441
0.0548904 , 0.112643
0.0483093 , 0.111358
0.0527937 , 0.11223
0.0586688 , 0.113399
0.051561 , 0.111989
0.0507055 , 0.111822
0.0519358 , 0.112062
0.0494788 , 0.111584
0.0489467 , 0.111481
0.0580742 , 0.113279
0.055537 , 0.112771
0.0496919 , 0.111626
0.0611568 , 0.113906
0.0519358 , 0.112062
0.0574798 , 0.113159
0.052043 , 0.112083
0.0589932 , 0.113465
0.0543521 , 0.112537
0.0561841 , 0.1129
0.0602372 , 0.113718
0.0476201 , 0.111226
0.045983 , 0.110912
0.0507055 , 0.111822
0.0446172 , 0.110651
0.0566158 , 0.112986
0.0526864 , 0.112209
0.0583985 , 0.113344
0.0575338 , 0.11317
0.0455094 , 0.110821
0.0564 , 0.112943
0.0530621 , 0.112283
0.0552675 , 0.112718
0.0560762 , 0.112879
0.042271 , 0.110204
0.0540293 , 0.112473
0.0432067 , 0.110382
0.0554292 , 0.11275
0.0512935 , 0.111937
