0.104305 , 0.126288
0.108578 , 0.128221
0.105384 , 0.12676
0.107936 , 0.12792
0.105538 , 0.126828
0.107633 , 0.127779
0.105038 , 0.126607
0.104884 , 0.12654
0.105154 , 0.126658
0.107558 , 0.127744
0.104112 , 0.126205
0.108125 , 0.128008
0.107102 , 0.127534
0.10888 , 0.128364
0.109669 , 0.128743
0.107482 , 0.127709
0.107785 , 0.127849
0.108087 , 0.12799
0.110831 , 0.12931
0.111279 , 0.129533
0.103685 , 0.126022
0.109068 , 0.128454
0.103374 , 0.125889
0.109068 , 0.128454
0.104614 , 0.126422
0.105154 , 0.126658
0.106988 , 0.127482
0.107823 , 0.127867
0.107974 , 0.127937
0.111279 , 0.129533
0.106379 , 0.127205
0.104961 , 0.126574
0.107368 , 0.127656
0.100138 , 0.124566
0.10657 , 0.127291
0.109894 , 0.128852
0.109294 , 0.128562
0.10657 , 0.127291
0.103491 , 0.125939
0.110494 , 0.129145
0.10523 , 0.126692
0.10615 , 0.127101
0.100817 , 0.124836
0.10733 , 0.127639
0.110831 , 0.12931
0.104576 , 0.126405
0.106608 , 0.127308
0.100418 , 0.124677
0.10695 , 0.127464
0.0980762 , 0.123771
0.105729 , 0.126913
0.108842 , 0.128346
0.109256 , 0.128544
0.106417 , 0.127222
0.103879 , 0.126105
0.104421 , 0.126338
0.106912 , 0.127447
0.110044 , 0.128925
0.106264 , 0.127153
0.108427 , 0.12815
0.101451 , 0.125092
0.113514 , 0.130672
0.110831 , 0.12931
0.100856 , 0.124852
0.105192 , 0.126675
0.104267 , 0.126271
0.100856 , 0.124852
0.112844 , 0.130326
0.108125 , 0.128008
0.106798 , 0.127395
0.10786 , 0.127884
0.105691 , 0.126896
0.106608 , 0.127308
0.111764 , 0.129776
0.107709 , 0.127814
0.103685 , 0.126022
0.105115 , 0.126641
0.106073 , 0.127067
0.10888 , 0.128364
0.106684 , 0.127343
0.103218 , 0.125824
0.110044 , 0.128925
0.104961 , 0.126574
0.107709 , 0.127814
0.102984 , 0.125725
0.106264 , 0.127153
0.107254 , 0.127604
0.113886 , 0.130866
0.10676 , 0.127378
0.104499 , 0.126372
0.106874 , 0.12743
0.113365 , 0.130595
0.110494 , 0.129145
0.10657 , 0.127291
0.109969 , 0.128888
0.108691 , 0.128275
0.106417 , 0.127222
0.105461 , 0.126794
0.103802 , 0.126071
0.110119 , 0.128961
