0.101095 , 0.124947
0.0943261 , 0.122418
0.0957608 , 0.122922
0.0943686 , 0.122432
0.0935999 , 0.122169
0.0984838 , 0.123925
0.0900978 , 0.121024
0.0938569 , 0.122256
0.0951307 , 0.122698
0.100737 , 0.124804
0.0960951 , 0.123042
0.0950885 , 0.122684
0.0928243 , 0.121907
0.100697 , 0.124788
0.0974204 , 0.123526
0.099173 , 0.124189
0.102593 , 0.125561
0.0975848 , 0.123587
0.0944536 , 0.122462
0.0981578 , 0.123802
0.0996164 , 0.124361
0.091384 , 0.121434
0.0955093 , 0.122832
0.0893347 , 0.120786
0.0920417 , 0.121648
0.0985651 , 0.123956
0.09134 , 0.12142
0.0909869 , 0.121306
0.102082 , 0.12535
0.0927377 , 0.121878
0.0973793 , 0.123511
0.102279 , 0.125431
0.0894248 , 0.120814
0.0939424 , 0.122286
0.0898293 , 0.12094
0.101846 , 0.125253
0.0939851 , 0.1223
0.0993748 , 0.124267
0.0955513 , 0.122847
0.0923469 , 0.121749
0.0990517 , 0.124143
0.0973793 , 0.123511
0.101214 , 0.124995
0.0973793 , 0.123511
0.0970496 , 0.123389
0.0842258 , 0.11929
0.0931699 , 0.122023
0.0994957 , 0.124314
0.0919543 , 0.121619
0.0976668 , 0.123618
0.0964282 , 0.123162
0.0955093 , 0.122832
0.0985245 , 0.123941
0.0969256 , 0.123344
0.0963867 , 0.123147
0.0961368 , 0.123057
0.0949619 , 0.122639
0.0955932 , 0.122862
0.0909427 , 0.121292
0.093213 , 0.122038
0.0925643 , 0.121821
0.0896048 , 0.12087
0.0950463 , 0.122669
0.0970083 , 0.123374
0.100298 , 0.124629
0.0955093 , 0.122832
0.0963035 , 0.123117
0.0996969 , 0.124393
0.0950463 , 0.122669
0.0992537 , 0.124221
0.104034 , 0.126171
0.0904546 , 0.121136
0.0970083 , 0.123374
0.100338 , 0.124645
0.0982802 , 0.123848
0.100936 , 0.124883
0.0904546 , 0.121136
0.0938141 , 0.122242
0.0970083 , 0.123374
0.0966358 , 0.123238
0.0929109 , 0.121936
0.0883368 , 0.120481
0.0926944 , 0.121864
0.0993345 , 0.124252
0.0997772 , 0.124424
0.0940705 , 0.12233
0.094241 , 0.122388
0.0941131 , 0.122344
0.0961368 , 0.123057
0.0923469 , 0.121749
0.0994554 , 0.124299
0.101293 , 0.125027
0.0955093 , 0.122832
0.0954673 , 0.122817
0.094581 , 0.122506
0.0949197 , 0.122624
0.0929541 , 0.121951
0.0860246 , 0.119799
0.0966773 , 0.123253
0.0899637 , 0.120982
