0.232743 , 0.232988
0.251115 , 0.25123
0.286461 , 0.286487
0.257808 , 0.257896
0.286461 , 0.286487
0.233491 , 0.233729
0.237579 , 0.237781
0.255966 , 0.256061
0.281127 , 0.28116
0.226804 , 0.227115
0.257808 , 0.257896
0.242408 , 0.242574
0.244616 , 0.244767
0.254246 , 0.254348
0.261943 , 0.262017
0.244616 , 0.244767
0.232015 , 0.232267
0.281127 , 0.28116
0.254246 , 0.254348
0.225081 , 0.225413
0.225643 , 0.225969
0.248319 , 0.248449
0.266877 , 0.266937
0.23671 , 0.236919
0.255966 , 0.256061
0.266877 , 0.266937
0.281127 , 0.28116
0.24037 , 0.24055
0.276739 , 0.276778
1 , 1
0.239407 , 0.239594
0.237579 , 0.237781
0.264291 , 0.264358
0.252633 , 0.252742
0.239407 , 0.239594
0.269756 , 0.269809
0.243489 , 0.243647
0.233491 , 0.233729
0.244616 , 0.244767
0.232743 , 0.232988
0.239407 , 0.239594
0.266877 , 0.266937
0.286461 , 0.286487
0.243489 , 0.243647
0.228643 , 0.228932
0.273006 , 0.273052
0.247026 , 0.247163
0.257808 , 0.257896
0.245794 , 0.245938
0.302771 , 0.302783
0.24137 , 0.241542
0.243489 , 0.243647
0.255966 , 0.256061
0.248319 , 0.248449
0.254246 , 0.254348
0.251115 , 0.25123
0.234261 , 0.234491
0.248319 , 0.248449
0.318702 , 0.318708
0.245794 , 0.245938
0.24968 , 0.249802
0.228016 , 0.228312
0.286461 , 0.286487
0.264291 , 0.264358
0.242408 , 0.242574
0.244616 , 0.244767
0.269756 , 0.269809
0.245794 , 0.245938
0.252633 , 0.252742
0.254246 , 0.254348
0.239407 , 0.239594
0.264291 , 0.264358
0.239407 , 0.239594
0.245794 , 0.245938
0.242408 , 0.242574
0.266877 , 0.266937
0.318702 , 0.318708
0.248319 , 0.248449
0.293277 , 0.293296
0.264291 , 0.264358
0.235053 , 0.235276
0.243489 , 0.243647
0.244616 , 0.244767
0.239407 , 0.239594
0.24968 , 0.249802
0.244616 , 0.244767
0.234261 , 0.234491
0.281127 , 0.28116
0.252633 , 0.252742
0.247026 , 0.247163
0.23671 , 0.236919
0.257808 , 0.257896
0.269756 , 0.269809
0.24968 , 0.249802
1 , 1
0.259793 , 0.259873
0.281127 , 0.28116
0.242408 , 0.242574
0.23671 , 0.236919
0.254246 , 0.254348
