0.182561 , 0.184273
0.194114 , 0.195223
0.210644 , 0.211232
0.190885 , 0.192138
0.209665 , 0.210275
0.199036 , 0.199956
0.193925 , 0.195043
0.203869 , 0.204633
0.207501 , 0.208165
0.202086 , 0.202904
0.198814 , 0.199741
0.192637 , 0.19381
0.207205 , 0.207876
0.191924 , 0.193129
0.212005 , 0.212562
0.211659 , 0.212223
0.203091 , 0.203878
0.199036 , 0.199956
0.201839 , 0.202665
0.206912 , 0.207591
0.191227 , 0.192465
0.195867 , 0.196905
0.207205 , 0.207876
0.211659 , 0.212223
0.197728 , 0.198695
0.186009 , 0.187515
0.192101 , 0.193298
0.194495 , 0.195588
0.204399 , 0.205147
0.191056 , 0.192301
0.191056 , 0.192301
0.195667 , 0.196713
0.194304 , 0.195405
0.200639 , 0.201504
0.201839 , 0.202665
0.198593 , 0.199529
0.201113 , 0.201963
0.212005 , 0.212562
0.194114 , 0.195223
0.201353 , 0.202195
0.19488 , 0.195958
0.190885 , 0.192138
0.195468 , 0.196522
0.206622 , 0.207308
0.194495 , 0.195588
0.193738 , 0.194863
0.189715 , 0.191025
0.207205 , 0.207876
0.184865 , 0.186436
0.193182 , 0.194332
0.192637 , 0.19381
0.202086 , 0.202904
0.192637 , 0.19381
0.202334 , 0.203144
0.19488 , 0.195958
0.210644 , 0.211232
0.205213 , 0.205938
0.202334 , 0.203144
0.195867 , 0.196905
0.209345 , 0.209963
0.204668 , 0.205408
0.201113 , 0.201963
0.19668 , 0.197686
0.206622 , 0.207308
0.212711 , 0.213252
0.205768 , 0.206478
0.199036 , 0.199956
0.196474 , 0.197488
0.200875 , 0.201732
0.205768 , 0.206478
0.195075 , 0.196145
0.187501 , 0.188924
0.200639 , 0.201504
0.204668 , 0.205408
0.187348 , 0.18878
0.195867 , 0.196905
0.203091 , 0.203878
0.205489 , 0.206207
0.207501 , 0.208165
0.201113 , 0.201963
0.197304 , 0.198287
0.205489 , 0.206207
0.201113 , 0.201963
0.194304 , 0.195405
0.196886 , 0.197885
0.198157 , 0.199109
0.202086 , 0.202904
0.205768 , 0.206478
0.200404 , 0.201277
0.1914 , 0.192629
0.19926 , 0.200172
0.197515 , 0.19849
0.188588 , 0.189955
0.19488 , 0.195958
0.203607 , 0.204379
0.212356 , 0.212905
0.203091 , 0.203878
0.187348 , 0.18878
0.193738 , 0.194863
0.213434 , 0.213961
