0.228016 , 0.228312
0.239407 , 0.239594
0.227404 , 0.227707
0.222429 , 0.222799
0.264291 , 0.264358
0.244616 , 0.244767
0.233491 , 0.233729
0.247026 , 0.247163
0.222429 , 0.222799
0.220953 , 0.221344
0.239407 , 0.239594
0.226218 , 0.226535
0.226218 , 0.226535
0.23671 , 0.236919
0.235869 , 0.236084
0.22453 , 0.22487
0.248319 , 0.248449
0.257808 , 0.257896
0.223459 , 0.223814
0.251115 , 0.25123
0.232015 , 0.232267
0.276739 , 0.276778
0.22453 , 0.22487
0.221928 , 0.222305
0.302771 , 0.302783
0.223989 , 0.224337
0.237579 , 0.237781
0.261943 , 0.262017
0.229942 , 0.230216
0.24968 , 0.249802
0.220953 , 0.221344
0.239407 , 0.239594
0.231306 , 0.231566
0.244616 , 0.244767
0.261943 , 0.262017
0.245794 , 0.245938
1 , 1
0.235053 , 0.235276
0.228016 , 0.228312
0.245794 , 0.245938
0.24968 , 0.249802
0.23671 , 0.236919
0.225643 , 0.225969
0.238478 , 0.238672
0.264291 , 0.264358
0.235869 , 0.236084
0.24037 , 0.24055
0.302771 , 0.302783
0.229942 , 0.230216
0.238478 , 0.238672
0.226218 , 0.226535
0.244616 , 0.244767
0.261943 , 0.262017
0.216942 , 0.217401
0.217785 , 0.218229
0.229942 , 0.230216
0.269756 , 0.269809
0.242408 , 0.242574
0.259793 , 0.259873
0.229285 , 0.229566
0.225081 , 0.225413
0.243489 , 0.243647
0.21653 , 0.216996
0.239407 , 0.239594
0.232743 , 0.232988
0.221436 , 0.22182
0.235869 , 0.236084
0.245794 , 0.245938
0.223459 , 0.223814
0.245794 , 0.245938
0.269756 , 0.269809
0.227404 , 0.227707
0.251115 , 0.25123
0.252633 , 0.252742
0.254246 , 0.254348
0.237579 , 0.237781
0.237579 , 0.237781
0.302771 , 0.302783
0.232743 , 0.232988
0.228643 , 0.228932
0.24137 , 0.241542
0.23671 , 0.236919
0.23671 , 0.236919
0.276739 , 0.276778
0.252633 , 0.252742
0.234261 , 0.234491
0.231306 , 0.231566
0.229942 , 0.230216
0.235053 , 0.235276
0.24968 , 0.249802
0.211659 , 0.212223
0.242408 , 0.242574
0.21307 , 0.213604
0.252633 , 0.252742
0.264291 , 0.264358
0.232015 , 0.232267
0.237579 , 0.237781
0.273006 , 0.273052
0.245794 , 0.245938
0.238478 , 0.238672
