0.264291 , 0.264358
0.281127 , 0.28116
0.235869 , 0.236084
0.302771 , 0.302783
0.261943 , 0.262017
0.286461 , 0.286487
0.261943 , 0.262017
0.252633 , 0.252742
0.255966 , 0.256061
0.254246 , 0.254348
0.281127 , 0.28116
0.276739 , 0.276778
0.235869 , 0.236084
0.293277 , 0.293296
0.302771 , 0.302783
0.293277 , 0.293296
0.273006 , 0.273052
0.302771 , 0.302783
0.254246 , 0.254348
0.261943 , 0.262017
0.243489 , 0.243647
0.264291 , 0.264358
0.302771 , 0.302783
0.248319 , 0.248449
0.302771 , 0.302783
0.226218 , 0.226535
0.244616 , 0.244767
0.318702 , 0.318708
0.264291 , 0.264358
1 , 1
0.281127 , 0.28116
0.245794 , 0.245938
0.259793 , 0.259873
0.255966 , 0.256061
0.251115 , 0.25123
0.281127 , 0.28116
1 , 1
0.269756 , 0.269809
0.276739 , 0.276778
0.24968 , 0.249802
0.318702 , 0.318708
0.251115 , 0.25123
0.273006 , 0.273052
0.293277 , 0.293296
0.276739 , 0.276778
0.254246 , 0.254348
0.293277 , 0.293296
1 , 1
0.243489 , 0.243647
1 , 1
0.238478 , 0.238672
0.281127 , 0.28116
0.266877 , 0.266937
0.266877 , 0.266937
0.266877 , 0.266937
0.286461 , 0.286487
0.255966 , 0.256061
0.286461 , 0.286487
0.259793 , 0.259873
0.24968 , 0.249802
0.269756 , 0.269809
0.266877 , 0.266937
0.302771 , 0.302783
0.259793 , 0.259873
0.244616 , 0.244767
1 , 1
0.286461 , 0.286487
0.273006 , 0.273052
0.257808 , 0.257896
0.293277 , 0.293296
0.245794 , 0.245938
0.273006 , 0.273052
0.261943 , 0.262017
1 , 1
0.239407 , 0.239594
0.293277 , 0.293296
0.318702 , 0.318708
0.24968 , 0.249802
0.318702 , 0.318708
0.257808 , 0.257896
1 , 1
0.286461 , 0.286487
0.293277 , 0.293296
0.286461 , 0.286487
0.254246 , 0.254348
0.286461 , 0.286487
0.257808 , 0.257896
0.239407 , 0.239594
0.302771 , 0.302783
0.261943 , 0.262017
0.302771 , 0.302783
0.255966 , 0.256061
1 , 1
0.257808 , 0.257896
0.266877 , 0.266937
0.254246 , 0.254348
0.269756 , 0.269809
0.273006 , 0.273052
0.281127 , 0.28116
0.269756 , 0.269809
