0.00829558 , 0.0146417 , 0
0.00829558 , 0.0102024 , 0.0232964
0.00829558 , 0.0171576 , 0.0232964
0.00829558 , 0.00980973 , 0.0377074
0.00829558 , 0.0188729 , 0.053438
0.00829558 , 0 , 0.0327235
0.00829558 , 0.00233678 , 0.0105969
0.00829558 , 0.00450189 , 0.0146417
0.00829558 , 0.0283874 , 0.0377074
0.00829558 , 0.0142289 , 0.0105969
0.00829558 , 0.00305101 , 0.0480971
0.00829558 , 0.0113912 , 0.00673329
0.00829558 , 0.0142289 , 0
0.00829558 , 0.0113912 , 0
0.00829558 , 0.000584647 , 0
0.00829558 , 0 , 0
0.00829558 , 0.0074916 , 0.0480971
0.00829558 , 0.0142289 , 0
0.00829558 , 0.0260443 , 0
0.00829558 , 0.00233678 , 0.0848452
0.00829558 , 0.0056094 , 0.027915
0.00829558 , 0.0150563 , 0
0.00829558 , 0.0171576 , 0.0480971
0.00829558 , 0.00825711 , 0
0.00829558 , 0.0163115 , 0.027915
0.00829558 , 0.013409 , 0
0.00829558 , 0 , 0
0.00829558 , 0.00825711 , 0.0188729
0.00829558 , 0.00305101 , 0
0.00829558 , 0.000584647 , 0
0.00829558 , 0 , 0.0480971
0.00829558 , 0.00787346 , 0.0327235
0.00829558 , 0.026509 , 0
0.00829558 , 0.00305101 , 0.0232964
0.00829558 , 0.026509 , 0.0188729
0.00829558 , 0.00413638 , 0.027915
0.00829558 , 0 , 0
0.00829558 , 0.00711154 , 0.0428423
0.00829558 , 0.0188729 , 0
0.00829558 , 0 , 0.0327235
0.00829558 , 0 , 0
0.00829558 , 0.013818 , 0.027915
0.00829558 , 0 , 0.079974
0.00829558 , 0.0130018 , 0.0105969
0.00829558 , 0.0052384 , 0.00305101
0.00829558 , 0.0074916 , 0
0.00829558 , 0.00787346 , 0.00673329
0.00829558 , 0.00486923 , 0.0188729
0.00829558 , 0.0146417 , 0.0327235
0.00829558 , 0 , 0
0.00829558 , 0.0056094 , 0.0146417
0.00829558 , 0.0130018 , 0
0.00829558 , 0.00825711 , 0
0.00829558 , 0.0184412 , 0.0232964
0.00829558 , 0.0219489 , 0.058831
0.00829558 , 0.0102024 , 0
0.00829558 , 0.00341094 , 0.00673329
0.00829558 , 0.0130018 , 0.0377074
0.00829558 , 0.00413638 , 0.0428423
0.00829558 , 0.00127971 , 0
0.00829558 , 0 , 0.027915
0.00829558 , 0.013818 , 0.00673329
0.00829558 , 0.00787346 , 0.00305101
0.00829558 , 0.00305101 , 0
0.00829558 , 0.013818 , 0.0377074
0.00829558 , 0 , 0.00305101
0.00829558 , 0.0130018 , 0
0.00829558 , 0.0154728 , 0.027915
0.00829558 , 0.00377273 , 0
0.00829558 , 0.0171576 , 0
0.00829558 , 0.0130018 , 0.0188729
0.00829558 , 0.0109931 , 0.0377074
0.00829558 , 0.00635685 , 0.0146417
0.00829558 , 0.00635685 , 0
0.00829558 , 0.0130018 , 0
0.00829558 , 0.0158912 , 0
0.00829558 , 0.0167336 , 0.0146417
0.00829558 , 0.00825711 , 0.0428423
0.00829558 , 0.019742 , 0
0.00829558 , 0 , 0
0.00829558 , 0.0052384 , 0
0.00829558 , 0 , 0.0188729
0.00829558 , 0.0074916 , 0
0.00829558 , 0.00198251 , 0.0146417
0.00829558 , 0.00673329 , 0.0188729
0.00829558 , 0.00941888 , 0
0.00829558 , 0 , 0.0232964
0.00829558 , 0.00711154 , 0
0.00829558 , 0 , 0.0146417
0.00829558 , 0.0074916 , 0.027915
0.00829558 , 0.0109931 , 0
0.00829558 , 0 , 0.0377074
0.00829558 , 0.0130018 , 0
0.00829558 , 0 , 0
0.00829558 , 0.0158912 , 0.027915
0.00829558 , 0 , 0.00673329
0.00829558 , 0 , 0.0232964
0.00829558 , 0.00598222 , 0.0428423
0.00829558 , 0.013409 , 0.0188729
0.00829558 , 0.000931206 , 0
