0.0332635 , 0.0351949 , 0.053438
0.0332635 , 0.030778 , 0.00305101
0.0332635 , 0.030778 , 0
0.0332635 , 0.0246616 , 0.0642379
0.0332635 , 0.0322344 , 0.0105969
0.0332635 , 0.0392334 , 0.0377074
0.0332635 , 0.0255814 , 0.0146417
0.0332635 , 0.0382146 , 0.0105969
0.0332635 , 0.0215036 , 0.058831
0.0332635 , 0.0175836 , 0.058831
0.0332635 , 0.0418047 , 0
0.0332635 , 0.0402578 , 0.0105969
0.0332635 , 0.0392334 , 0.0377074
0.0332635 , 0.0412878 , 0.105921
0.0332635 , 0.050225 , 0.0377074
0.0332635 , 0.0377074 , 0.0848452
0.0332635 , 0.0269758 , 0.0105969
0.0332635 , 0.0312617 , 0.0105969
0.0332635 , 0.0351949 , 0
0.0332635 , 0.0351949 , 0.0105969
0.0332635 , 0.0302962 , 0.053438
0.0332635 , 0.0283874 , 0.0232964
0.0332635 , 0.0539755 , 0.027915
0.0332635 , 0.0255814 , 0.0748774
0.0332635 , 0.030778 , 0.0428423
0.0332635 , 0.0402578 , 0.079974
0.0332635 , 0.0412878 , 0.0188729
0.0332635 , 0.0288618 , 0.0428423
0.0332635 , 0.0387233 , 0.0327235
0.0332635 , 0.0210603 , 0.0377074
0.0332635 , 0.0232964 , 0.058831
0.0332635 , 0.0523646 , 0.0232964
0.0332635 , 0.0397449 , 0.027915
0.0332635 , 0.0232964 , 0.027915
0.0332635 , 0.029338 , 0
0.0332635 , 0.0288618 , 0.0894698
0.0332635 , 0.0337069 , 0.0480971
0.0332635 , 0.0423229 , 0.0428423
0.0332635 , 0.0407721 , 0.0146417
0.0332635 , 0.030778 , 0.0428423
0.0332635 , 0.026509 , 0.0327235
0.0332635 , 0.0438848 , 0.0748774
0.0332635 , 0.0232964 , 0.0188729
0.0332635 , 0.0260443 , 0.105921
0.0332635 , 0.0351949 , 0.0327235
0.0332635 , 0.0322344 , 0.0188729
0.0332635 , 0.0228453 , 0.027915
0.0332635 , 0.045983 , 0.053438
0.0332635 , 0.026509 , 0.0146417
0.0332635 , 0.0298162 , 0.0428423
0.0332635 , 0.0337069 , 0.027915
0.0332635 , 0.0356942 , 0
0.0332635 , 0.030778 , 0
0.0332635 , 0.0317472 , 0.0696087
0.0332635 , 0.0283874 , 0
0.0332635 , 0.027915 , 0.0188729
0.0332635 , 0.0372018 , 0.027915
0.0332635 , 0.0251205 , 0.079974
0.0332635 , 0.0366977 , 0.0146417
0.0332635 , 0.0298162 , 0.0748774
0.0332635 , 0.0377074 , 0.0642379
0.0332635 , 0.0342012 , 0.058831
0.0332635 , 0.0351949 , 0
0.0332635 , 0.030778 , 0.0327235
0.0332635 , 0.0412878 , 0.0327235
0.0332635 , 0.0342012 , 0
0.0332635 , 0.0361951 , 0.0938569
0.0332635 , 0.0337069 , 0.058831
0.0332635 , 0.0337069 , 0.0848452
0.0332635 , 0.0274444 , 0.0232964
0.0332635 , 0.0449317 , 0.0642379
0.0332635 , 0.027915 , 0.0480971
0.0332635 , 0.0428423 , 0
0.0332635 , 0.0454568 , 0.0327235
0.0332635 , 0.0302962 , 0.0748774
0.0332635 , 0.027915 , 0.00673329
0.0332635 , 0.0274444 , 0.0377074
0.0332635 , 0.0188729 , 0.0377074
0.0332635 , 0.0332143 , 0.0232964
0.0332635 , 0.0412878 , 0.058831
0.0332635 , 0.0496919 , 0.00673329
0.0332635 , 0.0246616 , 0.0428423
0.0332635 , 0.0351949 , 0.0377074
0.0332635 , 0.0317472 , 0.0377074
0.0332635 , 0.0346972 , 0.0642379
0.0332635 , 0.0438848 , 0
0.0332635 , 0.0228453 , 0
0.0332635 , 0.0337069 , 0.058831
0.0332635 , 0.0475672 , 0.0480971
0.0332635 , 0.0480971 , 0.0480971
0.0332635 , 0.030778 , 0.0105969
0.0332635 , 0.0366977 , 0.027915
0.0332635 , 0.0242046 , 0
0.0332635 , 0.0387233 , 0.0327235
0.0332635 , 0.0251205 , 0.0327235
0.0332635 , 0.0180114 , 0.0327235
0.0332635 , 0.0480971 , 0.027915
0.0332635 , 0.0260443 , 0.0428423
0.0332635 , 0.0332143 , 0.0188729
0.0332635 , 0.045983 , 0.0146417
