0.0860715 , 0.0867248 , 0.0696087
0.0860715 , 0.08579 , 0.0938569
0.0860715 , 0.0738353 , 0.105921
0.0860715 , 0.0963867 , 0.0980353
0.0860715 , 0.0712033 , 0.058831
0.0860715 , 0.0984431 , 0.053438
0.0860715 , 0.0916916 , 0.0980353
0.0860715 , 0.0862586 , 0.0232964
0.0860715 , 0.0881083 , 0.058831
0.0860715 , 0.0908099 , 0.0938569
0.0860715 , 0.0819515 , 0.0696087
0.0860715 , 0.0769403 , 0.0848452
0.0860715 , 0.0955513 , 0.117155
0.0860715 , 0.0963867 , 0.0848452
0.0860715 , 0.0871884 , 0.0696087
0.0860715 , 0.0876496 , 0.079974
0.0860715 , 0.0843691 , 0.0748774
0.0860715 , 0.0769403 , 0.053438
0.0860715 , 0.0819515 , 0.079974
0.0860715 , 0.08579 , 0.0980353
0.0860715 , 0.0942835 , 0.109707
0.0860715 , 0.07796 , 0.0938569
0.0860715 , 0.0972146 , 0.12089
0.0860715 , 0.0829259 , 0.0377074
0.0860715 , 0.0809674 , 0.0980353
0.0860715 , 0.0848452 , 0.053438
0.0860715 , 0.08579 , 0.079974
0.0860715 , 0.0789714 , 0.0748774
0.0860715 , 0.0814606 , 0.0642379
0.0860715 , 0.0908099 , 0.079974
0.0860715 , 0.0784668 , 0.0480971
0.0860715 , 0.0862586 , 0.058831
0.0860715 , 0.0881083 , 0.0748774
0.0860715 , 0.0814606 , 0.105921
0.0860715 , 0.0894698 , 0.0428423
0.0860715 , 0.0848452 , 0.0696087
0.0860715 , 0.0890184 , 0.117155
0.0860715 , 0.0853189 , 0.0980353
0.0860715 , 0.08579 , 0.053438
0.0860715 , 0.0824399 , 0.0894698
0.0860715 , 0.079974 , 0.109707
0.0860715 , 0.0881083 , 0.079974
0.0860715 , 0.0743572 , 0.109707
0.0860715 , 0.0881083 , 0.105921
0.0860715 , 0.0912519 , 0.0428423
0.0860715 , 0.0885646 , 0.0327235
0.0860715 , 0.0885646 , 0.105921
0.0860715 , 0.079974 , 0.0894698
0.0860715 , 0.0929973 , 0.0938569
0.0860715 , 0.0925643 , 0.0428423
0.0860715 , 0.0769403 , 0.0980353
0.0860715 , 0.0834095 , 0.0642379
0.0860715 , 0.0774512 , 0.105921
0.0860715 , 0.0881083 , 0.105921
0.0860715 , 0.079974 , 0.0642379
0.0860715 , 0.0871884 , 0.0894698
0.0860715 , 0.0871884 , 0.0894698
0.0860715 , 0.0876496 , 0.079974
0.0860715 , 0.0834095 , 0.0642379
0.0860715 , 0.0881083 , 0.0938569
0.0860715 , 0.0853189 , 0.0848452
0.0860715 , 0.0881083 , 0.079974
0.0860715 , 0.0955513 , 0.0696087
0.0860715 , 0.0934282 , 0.0696087
0.0860715 , 0.0784668 , 0.105921
0.0860715 , 0.0769403 , 0.12089
0.0860715 , 0.0764274 , 0.105921
0.0860715 , 0.0853189 , 0.0377074
0.0860715 , 0.0925643 , 0.102043
0.0860715 , 0.0848452 , 0.0696087
0.0860715 , 0.0824399 , 0.0748774
0.0860715 , 0.0903655 , 0.0748774
0.0860715 , 0.0774512 , 0.0428423
0.0860715 , 0.0980353 , 0.0894698
0.0860715 , 0.08579 , 0.053438
0.0860715 , 0.092129 , 0.0327235
0.0860715 , 0.0951307 , 0.058831
0.0860715 , 0.0814606 , 0.0938569
0.0860715 , 0.08579 , 0.105921
0.0860715 , 0.0764274 , 0.0327235
0.0860715 , 0.0862586 , 0.0980353
0.0860715 , 0.0876496 , 0.0980353
0.0860715 , 0.0769403 , 0.0377074
0.0860715 , 0.0881083 , 0.0642379
0.0860715 , 0.0809674 , 0.058831
0.0860715 , 0.0829259 , 0.102043
0.0860715 , 0.0885646 , 0.117155
0.0860715 , 0.0819515 , 0.079974
0.0860715 , 0.0809674 , 0.0642379
0.0860715 , 0.0871884 , 0.0980353
0.0860715 , 0.0717325 , 0.058831
0.0860715 , 0.0769403 , 0.102043
0.0860715 , 0.0912519 , 0.0894698
0.0860715 , 0.092129 , 0.0748774
0.0860715 , 0.0862586 , 0.079974
0.0860715 , 0.0894698 , 0.053438
0.0860715 , 0.0829259 , 0.0480971
0.0860715 , 0.0942835 , 0.102043
0.0860715 , 0.0925643 , 0.0696087
0.0860715 , 0.0838905 , 0.0428423
