0.0553753 , 0.058831 , 0.0480971
0.0553753 , 0.0658557 , 0
0.0553753 , 0.0523646 , 0.0848452
0.0553753 , 0.0454568 , 0.0894698
0.0553753 , 0.0636979 , 0.0377074
0.0553753 , 0.0566698 , 0.0377074
0.0553753 , 0.0465101 , 0.0428423
0.0553753 , 0.0465101 , 0.0480971
0.0553753 , 0.0769403 , 0.0428423
0.0553753 , 0.0470382 , 0.0642379
0.0553753 , 0.0669316 , 0.0938569
0.0553753 , 0.0561302 , 0.027915
0.0553753 , 0.0658557 , 0.0696087
0.0553753 , 0.0701413 , 0.058831
0.0553753 , 0.052901 , 0.0848452
0.0553753 , 0.0418047 , 0.0642379
0.0553753 , 0.0361951 , 0.0642379
0.0553753 , 0.0480971 , 0.0327235
0.0553753 , 0.0449317 , 0.027915
0.0553753 , 0.0523646 , 0.0848452
0.0553753 , 0.0642379 , 0.058831
0.0553753 , 0.0507589 , 0.0748774
0.0553753 , 0.0593718 , 0.0894698
0.0553753 , 0.0312617 , 0.053438
0.0553753 , 0.0572097 , 0.0232964
0.0553753 , 0.0512935 , 0.0327235
0.0553753 , 0.0599126 , 0.0696087
0.0553753 , 0.0566698 , 0.0642379
0.0553753 , 0.052901 , 0.0428423
0.0553753 , 0.0454568 , 0.0428423
0.0553753 , 0.0361951 , 0.0146417
0.0553753 , 0.0507589 , 0.0894698
0.0553753 , 0.052901 , 0.058831
0.0553753 , 0.050225 , 0.058831
0.0553753 , 0.052901 , 0.058831
0.0553753 , 0.0593718 , 0.0696087
0.0553753 , 0.053438 , 0.053438
0.0553753 , 0.0674686 , 0.0696087
0.0553753 , 0.0626171 , 0.027915
0.0553753 , 0.0620763 , 0.0696087
0.0553753 , 0.0577499 , 0.027915
0.0553753 , 0.0572097 , 0.0188729
0.0553753 , 0.0561302 , 0.0480971
0.0553753 , 0.0539755 , 0.0848452
0.0553753 , 0.0653169 , 0.027915
0.0553753 , 0.0604536 , 0.0748774
0.0553753 , 0.0615355 , 0.102043
0.0553753 , 0.0545136 , 0.053438
0.0553753 , 0.0582904 , 0.079974
0.0553753 , 0.0626171 , 0.053438
0.0553753 , 0.0674686 , 0.0894698
0.0553753 , 0.0382146 , 0.079974
0.0553753 , 0.0507589 , 0.053438
0.0553753 , 0.0496919 , 0.0377074
0.0553753 , 0.0507589 , 0.058831
0.0553753 , 0.0523646 , 0.053438
0.0553753 , 0.0486279 , 0.027915
0.0553753 , 0.058831 , 0.0327235
0.0553753 , 0.0712033 , 0.0480971
0.0553753 , 0.0566698 , 0.058831
0.0553753 , 0.0566698 , 0.058831
0.0553753 , 0.0599126 , 0.0980353
0.0553753 , 0.0615355 , 0.0377074
0.0553753 , 0.0599126 , 0.0748774
0.0553753 , 0.0454568 , 0.0848452
0.0553753 , 0.0748774 , 0.079974
0.0553753 , 0.0566698 , 0.0748774
0.0553753 , 0.0486279 , 0.0327235
0.0553753 , 0.050225 , 0.0428423
0.0553753 , 0.0577499 , 0.0748774
0.0553753 , 0.0444077 , 0.058831
0.0553753 , 0.0444077 , 0.0642379
0.0553753 , 0.0636979 , 0.0642379
0.0553753 , 0.052901 , 0.053438
0.0553753 , 0.0444077 , 0.0642379
0.0553753 , 0.0545136 , 0.0480971
0.0553753 , 0.0480971 , 0.0480971
0.0553753 , 0.0539755 , 0.0696087
0.0553753 , 0.0486279 , 0.0428423
0.0553753 , 0.0438848 , 0.0105969
0.0553753 , 0.0449317 , 0.0696087
0.0553753 , 0.0555909 , 0.0748774
0.0553753 , 0.0647776 , 0.0642379
0.0553753 , 0.0486279 , 0.053438
0.0553753 , 0.0555909 , 0.0428423
0.0553753 , 0.0680049 , 0.0748774
0.0553753 , 0.0609945 , 0.053438
0.0553753 , 0.0428423 , 0.0428423
0.0553753 , 0.0397449 , 0.053438
0.0553753 , 0.066394 , 0.0848452
0.0553753 , 0.0507589 , 0.053438
0.0553753 , 0.0449317 , 0.0848452
0.0553753 , 0.0496919 , 0.058831
0.0553753 , 0.0572097 , 0.0232964
0.0553753 , 0.0743572 , 0.0105969
0.0553753 , 0.0491595 , 0.027915
0.0553753 , 0.0555909 , 0.0105969
0.0553753 , 0.058831 , 0.027915
0.0553753 , 0.0465101 , 0
0.0553753 , 0.0523646 , 0.0146417
