0.163305 , 0.161108 , 0.157696
0.163305 , 0.161827 , 0.173671
0.163305 , 0.167273 , 0.185575
0.163305 , 0.170787 , 0.151603
0.163305 , 0.157696 , 0.157696
0.163305 , 0.168987 , 0.164843
0.163305 , 0.160403 , 0.146221
0.163305 , 0.152756 , 0.151603
0.163305 , 0.154543 , 0.173671
0.163305 , 0.160403 , 0.157696
0.163305 , 0.176817 , 0.164843
0.163305 , 0.168987 , 0.146221
0.163305 , 0.172683 , 0.185575
0.163305 , 0.173671 , 0.164843
0.163305 , 0.161827 , 0.146221
0.163305 , 0.161827 , 0.164843
0.163305 , 0.168987 , 0.164843
0.163305 , 0.157696 , 0.173671
0.163305 , 0.161108 , 0.151603
0.163305 , 0.166445 , 0.164843
0.163305 , 0.172683 , 0.164843
0.163305 , 0.168987 , 0.164843
0.163305 , 0.162559 , 0.151603
0.163305 , 0.163305 , 0.185575
0.163305 , 0.168987 , 0.173671
0.163305 , 0.166445 , 0.164843
0.163305 , 0.16812 , 0.157696
0.163305 , 0.168987 , 0.204939
0.163305 , 0.164843 , 0.151603
0.163305 , 0.159709 , 0.173671
0.163305 , 0.163305 , 0.185575
0.163305 , 0.159709 , 0.204939
0.163305 , 0.164843 , 0.157696
0.163305 , 0.154543 , 0.204939
0.163305 , 0.160403 , 0.146221
0.163305 , 0.159027 , 0.12857
0.163305 , 0.155777 , 0.164843
0.163305 , 0.161108 , 0.151603
0.163305 , 0.170787 , 0.151603
0.163305 , 0.157696 , 0.173671
0.163305 , 0.155777 , 0.157696
0.163305 , 0.160403 , 0.151603
0.163305 , 0.167273 , 0.173671
0.163305 , 0.167273 , 0.173671
0.163305 , 0.159027 , 0.204939
0.163305 , 0.164843 , 0.185575
0.163305 , 0.164843 , 0.204939
0.163305 , 0.164066 , 0.157696
0.163305 , 0.167273 , 0.164843
0.163305 , 0.16812 , 0.185575
0.163305 , 0.166445 , 0.173671
0.163305 , 0.16812 , 0.185575
0.163305 , 0.160403 , 0.173671
0.163305 , 0.163305 , 0.157696
0.163305 , 0.161827 , 0.136837
0.163305 , 0.162559 , 0.173671
0.163305 , 0.162559 , 0.173671
0.163305 , 0.167273 , 0.173671
0.163305 , 0.161108 , 0.185575
0.163305 , 0.160403 , 0.136837
0.163305 , 0.168987 , 0.204939
0.163305 , 0.159027 , 1
0.163305 , 0.162559 , 0.157696
0.163305 , 0.167273 , 0.204939
0.163305 , 0.161827 , 0.173671
0.163305 , 0.160403 , 0.164843
0.163305 , 0.159709 , 0.157696
0.163305 , 0.161827 , 0.204939
0.163305 , 0.157047 , 0.204939
0.163305 , 0.16812 , 0.146221
0.163305 , 0.171722 , 0.157696
0.163305 , 0.164843 , 0.157696
0.163305 , 0.158356 , 0.185575
0.163305 , 0.164843 , 0.151603
0.163305 , 0.164066 , 0.157696
0.163305 , 0.164066 , 0.164843
0.163305 , 0.161108 , 0.151603
0.163305 , 0.159027 , 0.185575
0.163305 , 0.159709 , 0.157696
0.163305 , 0.166445 , 0.164843
0.163305 , 0.157696 , 0.157696
0.163305 , 0.169876 , 0.157696
0.163305 , 0.160403 , 0.136837
0.163305 , 0.168987 , 0.173671
0.163305 , 0.167273 , 0.157696
0.163305 , 0.157696 , 0.185575
0.163305 , 0.161108 , 0.185575
0.163305 , 0.158356 , 0.204939
0.163305 , 0.164066 , 0.185575
0.163305 , 0.169876 , 0.204939
0.163305 , 0.163305 , 0.173671
0.163305 , 0.172683 , 0.146221
0.163305 , 0.157696 , 0.151603
0.163305 , 0.163305 , 0.164843
0.163305 , 0.159709 , 0.185575
0.163305 , 0.158356 , 0.164843
0.163305 , 0.166445 , 0.151603
0.163305 , 0.159027 , 0.151603
0.163305 , 0.160403 , 0.146221
0.163305 , 0.164843 , 0.164843
