0.149979 , 0.148303 , 0.173671
0.149979 , 0.152756 , 0.164843
0.149979 , 0.152756 , 0.164843
0.149979 , 0.158356 , 0.132603
0.149979 , 0.148303 , 0.146221
0.149979 , 0.153344 , 0.151603
0.149979 , 0.141345 , 0.136837
0.149979 , 0.151603 , 0.173671
0.149979 , 0.15394 , 0.157696
0.149979 , 0.151603 , 0.164843
0.149979 , 0.148838 , 0.146221
0.149979 , 0.139959 , 0.157696
0.149979 , 0.15394 , 0.132603
0.149979 , 0.149378 , 0.157696
0.149979 , 0.147775 , 0.173671
0.149979 , 0.151037 , 0.141345
0.149979 , 0.144712 , 0.146221
0.149979 , 0.150477 , 0.136837
0.149979 , 0.141345 , 0.136837
0.149979 , 0.145713 , 0.173671
0.149979 , 0.152756 , 0.146221
0.149979 , 0.156407 , 0.164843
0.149979 , 0.155777 , 0.124681
0.149979 , 0.143729 , 0.146221
0.149979 , 0.151603 , 0.157696
0.149979 , 0.161108 , 0.132603
0.149979 , 0.151037 , 0.146221
0.149979 , 0.146734 , 0.173671
0.149979 , 0.144712 , 0.141345
0.149979 , 0.144218 , 0.173671
0.149979 , 0.15394 , 0.141345
0.149979 , 0.144218 , 0.164843
0.149979 , 0.157047 , 0.173671
0.149979 , 0.148303 , 0.157696
0.149979 , 0.152756 , 0.164843
0.149979 , 0.152756 , 0.164843
0.149979 , 0.152756 , 0.136837
0.149979 , 0.149924 , 0.146221
0.149979 , 0.151037 , 0.146221
0.149979 , 0.151037 , 0.136837
0.149979 , 0.149378 , 0.146221
0.149979 , 0.148303 , 0.141345
0.149979 , 0.152756 , 0.157696
0.149979 , 0.147251 , 0.141345
0.149979 , 0.146221 , 0.136837
0.149979 , 0.150477 , 0.146221
0.149979 , 0.147775 , 0.141345
0.149979 , 0.142287 , 0.141345
0.149979 , 0.146221 , 0.132603
0.149979 , 0.152176 , 0.151603
0.149979 , 0.155777 , 0.151603
0.149979 , 0.14521 , 0.173671
0.149979 , 0.145713 , 0.157696
0.149979 , 0.148303 , 0.136837
0.149979 , 0.147251 , 0.157696
0.149979 , 0.151037 , 0.157696
0.149979 , 0.144218 , 0.173671
0.149979 , 0.146221 , 0.157696
0.149979 , 0.144218 , 0.157696
0.149979 , 0.144218 , 0.157696
0.149979 , 0.147775 , 0.141345
0.149979 , 0.149378 , 0.141345
0.149979 , 0.149378 , 0.146221
0.149979 , 0.147251 , 0.151603
0.149979 , 0.146734 , 0.173671
0.149979 , 0.151603 , 0.151603
0.149979 , 0.144712 , 0.151603
0.149979 , 0.144712 , 0.146221
0.149979 , 0.148303 , 0.157696
0.149979 , 0.155777 , 0.173671
0.149979 , 0.149378 , 0.164843
0.149979 , 0.144712 , 0.12089
0.149979 , 0.152176 , 0.151603
0.149979 , 0.156407 , 0.132603
0.149979 , 0.15394 , 0.164843
0.149979 , 0.150477 , 0.151603
0.149979 , 0.152176 , 0.151603
0.149979 , 0.14521 , 0.141345
0.149979 , 0.147251 , 0.132603
0.149979 , 0.150477 , 0.164843
0.149979 , 0.148838 , 0.151603
0.149979 , 0.150477 , 0.151603
0.149979 , 0.151603 , 0.132603
0.149979 , 0.159709 , 0.164843
0.149979 , 0.152756 , 0.157696
0.149979 , 0.14521 , 0.146221
0.149979 , 0.147775 , 0.132603
0.149979 , 0.150477 , 0.136837
0.149979 , 0.149378 , 0.132603
0.149979 , 0.147251 , 0.151603
0.149979 , 0.149378 , 0.146221
0.149979 , 0.155156 , 0.151603
0.149979 , 0.150477 , 0.141345
0.149979 , 0.147775 , 0.141345
0.149979 , 0.149924 , 0.164843
0.149979 , 0.152756 , 0.173671
0.149979 , 0.147775 , 0.132603
0.149979 , 0.150477 , 0.151603
0.149979 , 0.155777 , 0.151603
0.149979 , 0.152176 , 0.136837
