0.139776 , 0.136837 , 0.185575
0.139776 , 0.136403 , 0.146221
0.139776 , 0.138603 , 0.12089
0.139776 , 0.140879 , 0.12857
0.139776 , 0.138157 , 0.157696
0.139776 , 0.145713 , 0.12857
0.139776 , 0.140879 , 0.173671
0.139776 , 0.149378 , 0.12857
0.139776 , 0.140879 , 0.11344
0.139776 , 0.132603 , 0.12089
0.139776 , 0.139959 , 0.146221
0.139776 , 0.136837 , 0.132603
0.139776 , 0.144218 , 0.141345
0.139776 , 0.142763 , 0.157696
0.139776 , 0.139959 , 0.136837
0.139776 , 0.141814 , 0.12857
0.139776 , 0.139959 , 0.12089
0.139776 , 0.141345 , 0.132603
0.139776 , 0.146734 , 0.124681
0.139776 , 0.135971 , 0.141345
0.139776 , 0.139503 , 0.146221
0.139776 , 0.139503 , 0.132603
0.139776 , 0.139503 , 0.132603
0.139776 , 0.142763 , 0.146221
0.139776 , 0.135115 , 0.117155
0.139776 , 0.150477 , 0.132603
0.139776 , 0.141814 , 0.146221
0.139776 , 0.141814 , 0.132603
0.139776 , 0.143244 , 0.141345
0.139776 , 0.137714 , 0.141345
0.139776 , 0.139959 , 0.146221
0.139776 , 0.141814 , 0.146221
0.139776 , 0.141345 , 0.12089
0.139776 , 0.138157 , 0.141345
0.139776 , 0.146221 , 0.141345
0.139776 , 0.143244 , 0.124681
0.139776 , 0.136837 , 0.151603
0.139776 , 0.143244 , 0.124681
0.139776 , 0.138603 , 0.146221
0.139776 , 0.137714 , 0.141345
0.139776 , 0.144712 , 0.132603
0.139776 , 0.148303 , 0.146221
0.139776 , 0.139503 , 0.136837
0.139776 , 0.135542 , 0.12857
0.139776 , 0.141345 , 0.157696
0.139776 , 0.145713 , 0.141345
0.139776 , 0.142287 , 0.12857
0.139776 , 0.146221 , 0.141345
0.139776 , 0.135115 , 0.12857
0.139776 , 0.139959 , 0.132603
0.139776 , 0.141345 , 0.173671
0.139776 , 0.140879 , 0.151603
0.139776 , 0.129363 , 0.12089
0.139776 , 0.139959 , 0.124681
0.139776 , 0.136403 , 0.157696
0.139776 , 0.140417 , 0.146221
0.139776 , 0.145713 , 0.141345
0.139776 , 0.138157 , 0.132603
0.139776 , 0.135115 , 0.124681
0.139776 , 0.134269 , 0.132603
0.139776 , 0.138603 , 0.146221
0.139776 , 0.139959 , 0.12089
0.139776 , 0.140879 , 0.136837
0.139776 , 0.139959 , 0.136837
0.139776 , 0.138603 , 0.151603
0.139776 , 0.14521 , 0.146221
0.139776 , 0.135115 , 0.151603
0.139776 , 0.136837 , 0.141345
0.139776 , 0.138157 , 0.124681
0.139776 , 0.148303 , 0.11344
0.139776 , 0.140879 , 0.12857
0.139776 , 0.140879 , 0.146221
0.139776 , 0.139052 , 0.12857
0.139776 , 0.136837 , 0.151603
0.139776 , 0.139503 , 0.136837
0.139776 , 0.133432 , 0.146221
0.139776 , 0.144712 , 0.164843
0.139776 , 0.133432 , 0.12857
0.139776 , 0.147251 , 0.132603
0.139776 , 0.14521 , 0.12857
0.139776 , 0.139052 , 0.157696
0.139776 , 0.144218 , 0.12089
0.139776 , 0.144218 , 0.146221
0.139776 , 0.132603 , 0.136837
0.139776 , 0.144218 , 0.146221
0.139776 , 0.141814 , 0.124681
0.139776 , 0.143244 , 0.157696
0.139776 , 0.145713 , 0.12089
0.139776 , 0.140417 , 0.173671
0.139776 , 0.142287 , 0.157696
0.139776 , 0.139052 , 0.157696
0.139776 , 0.138603 , 0.132603
0.139776 , 0.137714 , 0.164843
0.139776 , 0.137274 , 0.109707
0.139776 , 0.148303 , 0.164843
0.139776 , 0.135542 , 0.164843
0.139776 , 0.141345 , 0.157696
0.139776 , 0.136403 , 0.12857
0.139776 , 0.135542 , 0.12089
0.139776 , 0.138157 , 0.185575
