0.209987 , 0.218654 , 0.204939
0.209987 , 0.202334 , 0.204939
0.209987 , 0.210978 , 1
0.209987 , 0.195667 , 1
0.209987 , 0.214556 , 1
0.209987 , 0.218654 , 0.204939
0.209987 , 0.204939 , 0.185575
0.209987 , 0.264291 , 0.185575
0.209987 , 0.204939 , 0.204939
0.209987 , 0.204939 , 1
0.209987 , 0.218654 , 1
0.209987 , 0.210978 , 0.204939
0.209987 , 0.204939 , 1
0.209987 , 0.214556 , 1
0.209987 , 0.204939 , 1
0.209987 , 0.195667 , 0.204939
0.209987 , 0.204939 , 0.173671
0.209987 , 0.218654 , 1
0.209987 , 0.193738 , 1
0.209987 , 0.210978 , 1
0.209987 , 0.199941 , 0.164843
0.209987 , 0.223459 , 1
0.209987 , 0.2078 , 1
0.209987 , 0.2078 , 0.204939
0.209987 , 0.210978 , 1
0.209987 , 0.204939 , 1
0.209987 , 0.202334 , 0.204939
0.209987 , 0.229285 , 0.204939
0.209987 , 0.2078 , 1
0.209987 , 0.210978 , 1
0.209987 , 0.223459 , 0.204939
0.209987 , 0.204939 , 0.204939
0.209987 , 0.214556 , 1
0.209987 , 0.204939 , 0.204939
0.209987 , 0.214556 , 1
0.209987 , 0.202334 , 0.204939
0.209987 , 0.218654 , 0.204939
0.209987 , 0.204939 , 0.185575
0.209987 , 0.210978 , 1
0.209987 , 0.223459 , 0.204939
0.209987 , 0.204939 , 0.204939
0.209987 , 0.2078 , 1
0.209987 , 0.202334 , 1
0.209987 , 0.204939 , 1
0.209987 , 0.218654 , 1
0.209987 , 0.214556 , 0.204939
0.209987 , 0.202334 , 1
0.209987 , 0.2078 , 1
0.209987 , 0.197728 , 1
0.209987 , 0.218654 , 0.204939
0.209987 , 0.223459 , 0.204939
0.209987 , 0.199941 , 1
0.209987 , 0.218654 , 1
0.209987 , 0.204939 , 0.204939
0.209987 , 0.229285 , 1
0.209987 , 0.23671 , 1
0.209987 , 0.199941 , 1
0.209987 , 0.214556 , 1
0.209987 , 0.2078 , 1
0.209987 , 0.2078 , 0.204939
0.209987 , 0.204939 , 1
0.209987 , 0.202334 , 0.204939
0.209987 , 0.210978 , 0.185575
0.209987 , 0.247026 , 1
0.209987 , 0.218654 , 0.204939
0.209987 , 0.210978 , 1
0.209987 , 0.2078 , 0.173671
0.209987 , 0.218654 , 1
0.209987 , 0.199941 , 1
0.209987 , 0.210978 , 1
0.209987 , 0.214556 , 0.204939
0.209987 , 0.204939 , 1
0.209987 , 0.23671 , 1
0.209987 , 0.195667 , 1
0.209987 , 0.204939 , 0.185575
0.209987 , 0.210978 , 0.204939
0.209987 , 0.214556 , 1
0.209987 , 0.204939 , 1
0.209987 , 0.214556 , 0.204939
0.209987 , 0.223459 , 1
0.209987 , 0.214556 , 0.204939
0.209987 , 0.214556 , 1
0.209987 , 0.197728 , 1
0.209987 , 0.204939 , 0.204939
0.209987 , 0.2078 , 1
0.209987 , 0.218654 , 0.185575
0.209987 , 0.204939 , 1
0.209987 , 0.197728 , 0.204939
0.209987 , 0.210978 , 1
0.209987 , 0.202334 , 1
0.209987 , 0.214556 , 1
0.209987 , 0.204939 , 0.204939
0.209987 , 0.202334 , 0.185575
0.209987 , 0.195667 , 1
0.209987 , 0.223459 , 1
0.209987 , 0.218654 , 1
0.209987 , 0.2078 , 1
0.209987 , 0.214556 , 0.185575
0.209987 , 0.2078 , 0.204939
0.209987 , 0.197728 , 0.204939
