0.177371 , 0.175736 , 0.185575
0.177371 , 0.169876 , 0.185575
0.177371 , 0.170787 , 0.173671
0.177371 , 0.17909 , 0.185575
0.177371 , 0.172683 , 0.204939
0.177371 , 0.17909 , 0.164843
0.177371 , 0.177934 , 0.173671
0.177371 , 0.17909 , 0.157696
0.177371 , 0.175736 , 0.185575
0.177371 , 0.185575 , 0.204939
0.177371 , 0.185575 , 0.185575
0.177371 , 0.18417 , 0.185575
0.177371 , 0.174688 , 0.185575
0.177371 , 0.17909 , 0.185575
0.177371 , 0.177934 , 0.185575
0.177371 , 0.17909 , 0.185575
0.177371 , 0.176817 , 1
0.177371 , 0.180288 , 0.173671
0.177371 , 0.16812 , 0.185575
0.177371 , 0.182824 , 0.151603
0.177371 , 0.18417 , 0.173671
0.177371 , 0.182824 , 0.185575
0.177371 , 0.17909 , 0.204939
0.177371 , 0.172683 , 0.164843
0.177371 , 0.182824 , 0.204939
0.177371 , 0.177934 , 0.185575
0.177371 , 0.185575 , 0.204939
0.177371 , 0.18417 , 0.164843
0.177371 , 0.185575 , 0.204939
0.177371 , 0.188588 , 0.204939
0.177371 , 0.180288 , 0.157696
0.177371 , 0.170787 , 0.173671
0.177371 , 0.181531 , 0.204939
0.177371 , 0.174688 , 1
0.177371 , 0.180288 , 0.204939
0.177371 , 0.172683 , 1
0.177371 , 0.175736 , 0.204939
0.177371 , 0.175736 , 0.164843
0.177371 , 0.182824 , 0.157696
0.177371 , 0.181531 , 0.164843
0.177371 , 0.16812 , 0.164843
0.177371 , 0.17909 , 0.185575
0.177371 , 0.177934 , 0.164843
0.177371 , 0.18417 , 0.204939
0.177371 , 0.181531 , 0.164843
0.177371 , 0.187046 , 1
0.177371 , 0.190211 , 0.173671
0.177371 , 0.190211 , 0.204939
0.177371 , 0.182824 , 0.157696
0.177371 , 0.185575 , 0.185575
0.177371 , 0.182824 , 0.173671
0.177371 , 0.16812 , 0.204939
0.177371 , 0.175736 , 0.173671
0.177371 , 0.177934 , 0.204939
0.177371 , 0.168987 , 0.173671
0.177371 , 0.177934 , 0.185575
0.177371 , 0.171722 , 0.173671
0.177371 , 0.174688 , 0.164843
0.177371 , 0.171722 , 0.173671
0.177371 , 0.190211 , 0.204939
0.177371 , 0.176817 , 0.173671
0.177371 , 0.17909 , 0.164843
0.177371 , 0.177934 , 0.185575
0.177371 , 0.16812 , 0.185575
0.177371 , 0.170787 , 0.185575
0.177371 , 0.17909 , 0.164843
0.177371 , 0.174688 , 1
0.177371 , 0.173671 , 0.173671
0.177371 , 0.190211 , 0.185575
0.177371 , 0.171722 , 0.164843
0.177371 , 0.191924 , 0.185575
0.177371 , 0.180288 , 0.185575
0.177371 , 0.176817 , 0.204939
0.177371 , 0.182824 , 0.204939
0.177371 , 0.175736 , 0.185575
0.177371 , 0.173671 , 1
0.177371 , 0.17909 , 0.204939
0.177371 , 0.182824 , 0.157696
0.177371 , 0.175736 , 0.164843
0.177371 , 0.172683 , 0.164843
0.177371 , 0.175736 , 0.164843
0.177371 , 0.187046 , 0.157696
0.177371 , 0.16812 , 0.204939
0.177371 , 0.177934 , 0.151603
0.177371 , 0.176817 , 0.185575
0.177371 , 0.175736 , 0.204939
0.177371 , 0.180288 , 0.173671
0.177371 , 0.176817 , 0.164843
0.177371 , 0.181531 , 0.185575
0.177371 , 0.181531 , 0.151603
0.177371 , 0.170787 , 0.164843
0.177371 , 0.168987 , 0.173671
0.177371 , 0.171722 , 0.173671
0.177371 , 0.185575 , 0.204939
0.177371 , 0.174688 , 0.173671
0.177371 , 0.170787 , 0.204939
0.177371 , 0.175736 , 0.185575
0.177371 , 0.187046 , 0.185575
0.177371 , 0.176817 , 0.157696
0.177371 , 0.177934 , 0.164843
