0.281127 , 1 , 1
0.281127 , 0.264291 , 1
0.281127 , 1 , 1
0.281127 , 1 , 1
0.281127 , 1 , 1
0.281127 , 0.264291 , 1
0.281127 , 1 , 1
0.281127 , 1 , 1
0.281127 , 1 , 0.204939
0.281127 , 0.264291 , 1
0.281127 , 1 , 1
0.281127 , 1 , 1
0.281127 , 0.264291 , 1
0.281127 , 0.264291 , 1
0.281127 , 1 , 1
0.281127 , 1 , 1
0.281127 , 1 , 1
0.281127 , 1 , 1
0.281127 , 1 , 1
0.281127 , 1 , 1
0.281127 , 0.247026 , 0.204939
0.281127 , 0.264291 , 1
0.281127 , 1 , 1
0.281127 , 0.264291 , 1
0.281127 , 1 , 1
0.281127 , 0.247026 , 1
0.281127 , 1 , 1
0.281127 , 1 , 1
0.281127 , 0.264291 , 1
0.281127 , 1 , 0.204939
0.281127 , 1 , 1
0.281127 , 0.247026 , 1
0.281127 , 0.264291 , 1
0.281127 , 0.264291 , 1
0.281127 , 1 , 1
0.281127 , 1 , 1
0.281127 , 1 , 1
0.281127 , 1 , 1
0.281127 , 1 , 1
0.281127 , 1 , 1
0.281127 , 0.264291 , 1
0.281127 , 0.247026 , 1
0.281127 , 1 , 1
0.281127 , 0.264291 , 1
0.281127 , 1 , 1
0.281127 , 1 , 1
0.281127 , 1 , 1
0.281127 , 1 , 1
0.281127 , 1 , 1
0.281127 , 1 , 1
0.281127 , 1 , 1
0.281127 , 1 , 1
0.281127 , 1 , 1
0.281127 , 1 , 1
0.281127 , 0.264291 , 1
0.281127 , 1 , 1
0.281127 , 0.264291 , 1
0.281127 , 0.264291 , 1
0.281127 , 1 , 1
0.281127 , 1 , 1
0.281127 , 1 , 1
0.281127 , 0.264291 , 0.204939
0.281127 , 0.264291 , 1
0.281127 , 1 , 1
0.281127 , 0.264291 , 1
0.281127 , 0.264291 , 1
0.281127 , 0.23671 , 1
0.281127 , 1 , 1
0.281127 , 0.264291 , 1
0.281127 , 0.264291 , 0.204939
0.281127 , 0.247026 , 1
0.281127 , 1 , 0.204939
0.281127 , 1 , 1
0.281127 , 1 , 1
0.281127 , 1 , 1
0.281127 , 0.264291 , 1
0.281127 , 1 , 1
0.281127 , 1 , 0.204939
0.281127 , 1 , 1
0.281127 , 1 , 1
0.281127 , 1 , 1
0.281127 , 1 , 1
0.281127 , 1 , 1
0.281127 , 1 , 1
0.281127 , 1 , 1
0.281127 , 0.264291 , 1
0.281127 , 0.264291 , 1
0.281127 , 0.264291 , 1
0.281127 , 0.264291 , 1
0.281127 , 1 , 1
0.281127 , 0.264291 , 1
0.281127 , 0.264291 , 1
0.281127 , 1 , 1
0.281127 , 0.264291 , 1
0.281127 , 0.264291 , 1
0.281127 , 1 , 1
0.281127 , 1 , 1
0.281127 , 1 , 1
0.281127 , 1 , 1
0.281127 , 1 , 1
