0.235869 , 0.23671 , 0.204939
0.235869 , 0.23671 , 1
0.235869 , 0.23671 , 1
0.235869 , 1 , 1
0.235869 , 0.23671 , 1
0.235869 , 0.223459 , 0.204939
0.235869 , 0.247026 , 1
0.235869 , 0.247026 , 1
0.235869 , 0.218654 , 1
0.235869 , 0.23671 , 0.204939
0.235869 , 0.23671 , 1
0.235869 , 0.223459 , 0.204939
0.235869 , 0.23671 , 0.204939
0.235869 , 0.23671 , 1
0.235869 , 0.23671 , 1
0.235869 , 0.23671 , 0.204939
0.235869 , 0.264291 , 1
0.235869 , 0.229285 , 0.204939
0.235869 , 0.23671 , 0.204939
0.235869 , 0.223459 , 0.204939
0.235869 , 0.218654 , 1
0.235869 , 0.264291 , 1
0.235869 , 0.247026 , 1
0.235869 , 0.23671 , 1
0.235869 , 0.229285 , 1
0.235869 , 0.264291 , 1
0.235869 , 0.247026 , 1
0.235869 , 0.229285 , 0.204939
0.235869 , 0.229285 , 0.204939
0.235869 , 0.218654 , 1
0.235869 , 0.214556 , 1
0.235869 , 0.23671 , 0.185575
0.235869 , 0.23671 , 0.204939
0.235869 , 0.214556 , 0.204939
0.235869 , 0.264291 , 1
0.235869 , 0.210978 , 1
0.235869 , 0.229285 , 1
0.235869 , 0.247026 , 0.204939
0.235869 , 0.247026 , 0.204939
0.235869 , 0.247026 , 1
0.235869 , 0.264291 , 1
0.235869 , 0.229285 , 1
0.235869 , 0.247026 , 0.204939
0.235869 , 0.218654 , 1
0.235869 , 0.23671 , 1
0.235869 , 0.223459 , 1
0.235869 , 0.264291 , 1
0.235869 , 0.218654 , 1
0.235869 , 0.223459 , 1
0.235869 , 0.247026 , 0.204939
0.235869 , 0.229285 , 1
0.235869 , 0.247026 , 1
0.235869 , 0.23671 , 1
0.235869 , 0.23671 , 1
0.235869 , 1 , 1
0.235869 , 0.23671 , 0.204939
0.235869 , 0.247026 , 1
0.235869 , 0.23671 , 1
0.235869 , 0.264291 , 1
0.235869 , 0.229285 , 1
0.235869 , 0.218654 , 0.204939
0.235869 , 0.218654 , 1
0.235869 , 0.229285 , 1
0.235869 , 0.223459 , 1
0.235869 , 0.229285 , 1
0.235869 , 0.23671 , 1
0.235869 , 0.264291 , 0.204939
0.235869 , 0.229285 , 1
0.235869 , 0.229285 , 0.185575
0.235869 , 0.214556 , 1
0.235869 , 0.247026 , 1
0.235869 , 0.223459 , 1
0.235869 , 0.264291 , 0.185575
0.235869 , 0.247026 , 1
0.235869 , 0.23671 , 1
0.235869 , 0.264291 , 1
0.235869 , 0.264291 , 1
0.235869 , 0.264291 , 1
0.235869 , 0.264291 , 1
0.235869 , 0.23671 , 1
0.235869 , 0.247026 , 1
0.235869 , 0.23671 , 1
0.235869 , 0.247026 , 0.204939
0.235869 , 0.264291 , 1
0.235869 , 0.23671 , 1
0.235869 , 0.23671 , 1
0.235869 , 0.23671 , 1
0.235869 , 0.247026 , 1
0.235869 , 0.210978 , 0.204939
0.235869 , 0.223459 , 1
0.235869 , 0.264291 , 1
0.235869 , 0.247026 , 1
0.235869 , 0.214556 , 1
0.235869 , 0.223459 , 1
0.235869 , 0.247026 , 0.204939
0.235869 , 0.247026 , 1
0.235869 , 0.23671 , 1
0.235869 , 0.229285 , 1
0.235869 , 0.247026 , 0.204939
0.235869 , 0.23671 , 1
