0.00915548 , 0.0102506 , 0.00820792
0.00915548 , 0.0104699 , 0.0112938
0.00915548 , 0.00944575 , 0.0067514
0.00915548 , 0.00984628 , 0.0094151
0.00915548 , 0.00758905 , 0.00732699
0.00915548 , 0.00841649 , 0.0103445
0.00915548 , 0.00889753 , 0.0094151
0.00915548 , 0.0106272 , 0.0116145
0.00915548 , 0.00808924 , 0.0116145
0.00915548 , 0.00987725 , 0.0122624
0.00915548 , 0.00838663 , 0.00972263
0.00915548 , 0.00820792 , 0.00880688
0.00915548 , 0.00862621 , 0.00850623
0.00915548 , 0.0100013 , 0.00820792
0.00915548 , 0.00914026 , 0.0106587
0.00915548 , 0.00950712 , 0.0106587
0.00915548 , 0.00978441 , 0.00850623
0.00915548 , 0.00808924 , 0.00850623
0.00915548 , 0.00953784 , 0.00820792
0.00915548 , 0.0105327 , 0.00618509
0.00915548 , 0.00803004 , 0.0112938
0.00915548 , 0.00856618 , 0.00972263
0.00915548 , 0.0101258 , 0.0145965
0.00915548 , 0.00747235 , 0.00972263
0.00915548 , 0.00838663 , 0.0112938
0.00915548 , 0.0121322 , 0.0064671
0.00915548 , 0.00844638 , 0.0112938
0.00915548 , 0.00953784 , 0.00850623
0.00915548 , 0.00856618 , 0.0094151
0.00915548 , 0.00920118 , 0.00791193
0.00915548 , 0.00808924 , 0.00880688
0.00915548 , 0.00929272 , 0.0119374
0.00915548 , 0.00856618 , 0.00590538
0.00915548 , 0.00880688 , 0.00535268
0.00915548 , 0.00868634 , 0.0129188
0.00915548 , 0.0100324 , 0.00761829
0.00915548 , 0.00929272 , 0.00850623
0.00915548 , 0.00956858 , 0.00972263
0.00915548 , 0.00966094 , 0.0116145
0.00915548 , 0.00862621 , 0.00820792
0.00915548 , 0.0105327 , 0.0142567
0.00915548 , 0.00904906 , 0.00972263
0.00915548 , 0.00907944 , 0.0129188
0.00915548 , 0.00889753 , 0.0109751
0.00915548 , 0.00904906 , 0.00880688
0.00915548 , 0.00993925 , 0.00972263
0.00915548 , 0.00947642 , 0.00590538
0.00915548 , 0.00901871 , 0.0132501
0.00915548 , 0.00803004 , 0.0122624
0.00915548 , 0.00920118 , 0.0100324
0.00915548 , 0.00972263 , 0.00850623
0.00915548 , 0.0106903 , 0.0109751
0.00915548 , 0.00929272 , 0.00703803
0.00915548 , 0.00862621 , 0.0067514
0.00915548 , 0.010157 , 0.0116145
0.00915548 , 0.00914026 , 0.0094151
0.00915548 , 0.00975351 , 0.0094151
0.00915548 , 0.00853619 , 0.00761829
0.00915548 , 0.00910984 , 0.00703803
0.00915548 , 0.00990824 , 0.0132501
0.00915548 , 0.0103758 , 0.0112938
0.00915548 , 0.00923167 , 0.00850623
0.00915548 , 0.00877671 , 0.0109751
0.00915548 , 0.00803004 , 0.0106587
0.00915548 , 0.00984628 , 0.00732699
0.00915548 , 0.00856618 , 0.00850623
0.00915548 , 0.00859618 , 0.00880688
0.00915548 , 0.00917071 , 0.0116145
0.00915548 , 0.00841649 , 0.0119374
0.00915548 , 0.00805963 , 0.00791193
0.00915548 , 0.00944575 , 0.0122624
0.00915548 , 0.00892779 , 0.0103445
0.00915548 , 0.00835678 , 0.00618509
0.00915548 , 0.0103445 , 0.0109751
0.00915548 , 0.00892779 , 0.0064671
0.00915548 , 0.00732699 , 0.00972263
0.00915548 , 0.00966094 , 0.00820792
0.00915548 , 0.00883707 , 0.00348548
0.00915548 , 0.00895807 , 0.0139191
0.00915548 , 0.00944575 , 0.00972263
0.00915548 , 0.00966094 , 0.00791193
0.00915548 , 0.00950712 , 0.0103445
0.00915548 , 0.00904906 , 0.00850623
0.00915548 , 0.00841649 , 0.00703803
0.00915548 , 0.00823764 , 0.0067514
0.00915548 , 0.00892779 , 0.0132501
0.00915548 , 0.00892779 , 0.00880688
0.00915548 , 0.00871644 , 0.00732699
0.00915548 , 0.00797094 , 0.00590538
0.00915548 , 0.00972263 , 0.00761829
0.00915548 , 0.00904906 , 0.0116145
0.00915548 , 0.00889753 , 0.00761829
0.00915548 , 0.00901871 , 0.00972263
0.00915548 , 0.0102506 , 0.00732699
0.00915548 , 0.0106587 , 0.0112938
0.00915548 , 0.00776482 , 0.00820792
0.00915548 , 0.00920118 , 0.0129188
0.00915548 , 0.0102819 , 0.0064671
0.00915548 , 0.00969178 , 0.00732699
0.00915548 , 0.00814853 , 0.0103445
