0.00937087 , 0.00889485 , 0.0102833
0.0108988 , 0.0107954 , 0.00944713
0.00900453 , 0.0101565 , 0.0104957
0.0104638 , 0.0107954 , 0.0084321
0.0100029 , 0.00899639 , 0.0102833
0.00913706 , 0.00994624 , 0.00783917
0.0107181 , 0.0106452 , 0.0136211
0.00912072 , 0.00926196 , 0.00631748
0.0101966 , 0.010688 , 0.013156
0.00973318 , 0.00994624 , 0.0066898
0.00852007 , 0.0101354 , 0.00863242
0.0096417 , 0.00849205 , 0.00764423
0.00904729 , 0.00940589 , 0.00965416
0.0106966 , 0.00893543 , 0.0084321
0.00996511 , 0.0104744 , 0.0115785
0.0101839 , 0.0100722 , 0.0171011
0.00909214 , 0.00990435 , 0.0109246
0.00994834 , 0.00957119 , 0.00924145
0.0090799 , 0.00905748 , 0.00803547
0.0101396 , 0.0104744 , 0.00803547
0.00973526 , 0.0103681 , 0.00823311
0.00893543 , 0.00851207 , 0.00863242
0.00908602 , 0.00930301 , 0.0072584
0.00844607 , 0.0084321 , 0.00631748
0.0104191 , 0.0109462 , 0.00944713
0.0096417 , 0.00963339 , 0.00924145
0.0114665 , 0.0109678 , 0.0136211
0.0101291 , 0.00901674 , 0.0126975
0.00990435 , 0.0110327 , 0.00745064
0.00996301 , 0.00940589 , 0.00706751
0.00856817 , 0.00845207 , 0.00576904
0.00981239 , 0.00986252 , 0.0117993
0.00880982 , 0.00918 , 0.00687798
0.00961679 , 0.0101354 , 0.00803547
0.00774543 , 0.00776104 , 0.0100722
0.00906971 , 0.00877345 , 0.00783917
0.00961472 , 0.00867265 , 0.0120216
0.00842411 , 0.00754727 , 0.0117993
0.0103787 , 0.0103257 , 0.00965416
0.0103384 , 0.0101143 , 0.0120216
0.0115323 , 0.011381 , 0.0120216
0.00781962 , 0.00785874 , 0.00883409
0.0107997 , 0.0103681 , 0.00986252
0.0103235 , 0.0103681 , 0.0090371
0.00984162 , 0.00986252 , 0.0104957
0.0112326 , 0.0105811 , 0.0120216
0.0103405 , 0.0104106 , 0.0113591
0.00957119 , 0.00928248 , 0.0107095
0.00972901 , 0.00973734 , 0.0104957
0.00970612 , 0.0103045 , 0.00823311
0.009223 , 0.00907786 , 0.0120216
0.010832 , 0.0110544 , 0.0100722
0.0105085 , 0.0103469 , 0.00706751
0.0103936 , 0.0106238 , 0.00764423
0.0100029 , 0.00965416 , 0.00687798
0.010549 , 0.0107095 , 0.00986252
0.00943682 , 0.00920047 , 0.00944713
0.0101249 , 0.0103681 , 0.0122454
0.00988971 , 0.00975817 , 0.00944713
0.0104233 , 0.0110111 , 0.0102833
0.00963754 , 0.00911868 , 0.00863242
0.0092989 , 0.00918 , 0.0115785
0.00898419 , 0.00928248 , 0.00764423
0.00999658 , 0.00967493 , 0.00924145
0.00937087 , 0.00934412 , 0.00803547
0.0102177 , 0.0111412 , 0.0102833
0.0095774 , 0.0094265 , 0.0115785
0.00864449 , 0.00961264 , 0.00823311
0.00866259 , 0.00809462 , 0.0066898
0.0102981 , 0.0103893 , 0.00944713
0.00878961 , 0.00883409 , 0.0115785
0.00946158 , 0.00928248 , 0.0084321
0.0102452 , 0.0101776 , 0.0066898
0.0101649 , 0.0100722 , 0.00986252
0.00998609 , 0.0102833 , 0.0066898
0.0101945 , 0.0101354 , 0.00986252
0.00956497 , 0.00913911 , 0.0072584
0.00834239 , 0.00813412 , 0.00687798
0.00874116 , 0.00889485 , 0.0048812
0.0106409 , 0.0102621 , 0.0120216
0.00988134 , 0.00977901 , 0.00783917
0.00788616 , 0.00774153 , 0.00783917
0.0100554 , 0.0103469 , 0.00986252
0.0101924 , 0.0103045 , 0.00883409
0.0106966 , 0.0110111 , 0.00986252
0.0104276 , 0.0109678 , 0.00823311
0.00922095 , 0.00930301 , 0.00924145
0.00870084 , 0.00847205 , 0.00883409
0.00910031 , 0.00859225 , 0.0100722
0.00993996 , 0.0094265 , 0.0109246
0.00902285 , 0.00895574 , 0.00687798
0.00941207 , 0.00887459 , 0.00965416
0.00938941 , 0.00924145 , 0.00965416
0.00938735 , 0.00990435 , 0.00924145
0.0106452 , 0.0105811 , 0.0111412
0.00962717 , 0.00959191 , 0.00595053
0.00743521 , 0.0070485 , 0.00558888
0.00952151 , 0.00913911 , 0.0072584
0.00996301 , 0.00992529 , 0.00965416
0.00990226 , 0.00977901 , 0.0115785
