0.0113071 , 0.0113694 , 0.0111505
0.00884359 , 0.00879315 , 0.00859354
0.010663 , 0.0107162 , 0.0115407
0.00940415 , 0.00901675 , 0.0110243
0.00825006 , 0.00852445 , 0.00869292
0.00965468 , 0.00945635 , 0.0112786
0.0103211 , 0.0106077 , 0.0110243
0.0109196 , 0.0112271 , 0.0114086
0.0100732 , 0.0101975 , 0.00889425
0.00987569 , 0.0100043 , 0.0105362
0.0102401 , 0.0100721 , 0.00995939
0.0113499 , 0.0115407 , 0.0108998
0.0101689 , 0.00975965 , 0.00973769
0.00974647 , 0.0100381 , 0.0100721
0.0102504 , 0.0105362 , 0.0111505
0.0100009 , 0.009937 , 0.00899625
0.0103246 , 0.00984794 , 0.0103013
0.00929103 , 0.00893494 , 0.00869292
0.00962209 , 0.00954213 , 0.00930787
0.00973111 , 0.00990351 , 0.010186
0.00967101 , 0.00988125 , 0.0105362
0.0101471 , 0.0103478 , 0.0083002
0.0082078 , 0.00811797 , 0.00810846
0.00985349 , 0.00954213 , 0.0110243
0.00949808 , 0.00926581 , 0.0106558
0.0100257 , 0.00981474 , 0.0108998
0.00981916 , 0.0103478 , 0.0105362
0.0104852 , 0.0108751 , 0.00920302
0.0105874 , 0.0105719 , 0.00973769
0.0101243 , 0.00995939 , 0.010418
0.0112941 , 0.0117564 , 0.0114086
0.0102343 , 0.0101975 , 0.0114086
0.00998744 , 0.0100494 , 0.00973769
0.010497 , 0.01056 , 0.0100721
0.00950344 , 0.00901675 , 0.00889425
0.0104935 , 0.0105124 , 0.0106558
0.00979708 , 0.00974867 , 0.00995939
0.0106835 , 0.0106077 , 0.0103013
0.00982801 , 0.00995939 , 0.00930787
0.0103467 , 0.0103246 , 0.00952062
0.00946063 , 0.00957447 , 0.010186
0.00896045 , 0.00892476 , 0.010418
0.00911986 , 0.00898601 , 0.0100721
0.0110468 , 0.0107162 , 0.01195
0.00966012 , 0.00956368 , 0.010777
0.00978496 , 0.00990351 , 0.00984794
0.00990797 , 0.00954213 , 0.0105362
0.00913955 , 0.00913022 , 0.00773344
0.0101803 , 0.0101289 , 0.0106558
0.0103141 , 0.0102782 , 0.00899625
0.00941266 , 0.00923437 , 0.0096286
0.00972454 , 0.00975965 , 0.01195
0.0103129 , 0.0100607 , 0.0111505
0.00958203 , 0.00953137 , 0.00973769
0.0101357 , 0.0103129 , 0.00973769
0.0101152 , 0.00992583 , 0.0100721
0.00972564 , 0.00983686 , 0.0100721
0.00892374 , 0.00858364 , 0.00889425
0.00884562 , 0.00877304 , 0.00810846
0.00927736 , 0.00920302 , 0.00820396
0.0100291 , 0.00969392 , 0.00889425
0.00894922 , 0.00843621 , 0.00973769
0.011072 , 0.0109867 , 0.0114086
0.00901368 , 0.0090785 , 0.00930787
0.0101152 , 0.00995939 , 0.00973769
0.0106992 , 0.010777 , 0.00984794
0.00935643 , 0.00922391 , 0.00952062
0.00954213 , 0.00994819 , 0.0112786
0.00958528 , 0.00902702 , 0.0083972
0.0107623 , 0.0109618 , 0.0118113
0.00924903 , 0.00946704 , 0.00984794
0.00903011 , 0.00840694 , 0.00849497
0.00975086 , 0.00971578 , 0.0115407
0.0105862 , 0.0111124 , 0.00941372
0.00971797 , 0.00969392 , 0.00995939
0.00933846 , 0.00937126 , 0.00995939
0.010384 , 0.00998182 , 0.010418
0.00996611 , 0.0096286 , 0.00941372
0.0107417 , 0.010418 , 0.0105362
0.0107295 , 0.0106558 , 0.00984794
0.00969829 , 0.00947773 , 0.00920302
0.0105397 , 0.0105243 , 0.00973769
0.00953029 , 0.00944568 , 0.00889425
0.0101346 , 0.0103362 , 0.0111505
0.00994147 , 0.00998182 , 0.0108998
0.00974867 , 0.00991466 , 0.00952062
0.00997284 , 0.0100494 , 0.0096286
0.00913333 , 0.00942436 , 0.00930787
0.0102262 , 0.00984794 , 0.0112786
0.0100359 , 0.0100381 , 0.00930787
0.00985459 , 0.00994819 , 0.00984794
0.00992583 , 0.00999306 , 0.00952062
0.0109742 , 0.0112786 , 0.0111505
0.0116277 , 0.0116075 , 0.0108998
0.00947345 , 0.00946704 , 0.00930787
0.00988458 , 0.00972673 , 0.00973769
0.00963077 , 0.00956368 , 0.00941372
0.00833794 , 0.00800423 , 0.00754991
0.0095529 , 0.00939247 , 0.0103013
0.00999868 , 0.00994819 , 0.00930787
