0.0100689 , 0.0100783 , 0.0106897
0.0100689 , 0.00995006 , 0.0100547
0.0100689 , 0.010162 , 0.00982555
0.0100689 , 0.010114 , 0.0109747
0.0100689 , 0.0102722 , 0.00993859
0.0100689 , 0.00992715 , 0.0104238
0.0100689 , 0.0102722 , 0.0108297
0.0100689 , 0.0099731 , 0.00901237
0.0100689 , 0.0102846 , 0.0114458
0.0100689 , 0.0105149 , 0.00910641
0.0100689 , 0.00949272 , 0.00982555
0.0100689 , 0.0104238 , 0.0104238
0.0100689 , 0.00991574 , 0.0100547
0.0100689 , 0.0101863 , 0.0102971
0.0100689 , 0.0102229 , 0.0101741
0.0100689 , 0.0101984 , 0.0100547
0.0100689 , 0.0102106 , 0.00993859
0.0100689 , 0.0103096 , 0.0101741
0.0100689 , 0.00995006 , 0.0114458
0.0100689 , 0.00987041 , 0.0108297
0.0100689 , 0.00991574 , 0.0101741
0.0100689 , 0.00995006 , 0.00960796
0.0100689 , 0.0100312 , 0.00874097
0.0100689 , 0.0100312 , 0.0101741
0.0100689 , 0.0102229 , 0.0112822
0.0100689 , 0.00996157 , 0.00993859
0.0100689 , 0.0104496 , 0.0108297
0.0100689 , 0.0103599 , 0.0102971
0.0100689 , 0.00987041 , 0.00993859
0.0100689 , 0.00998466 , 0.0101741
0.0100689 , 0.00989302 , 0.00993859
0.0100689 , 0.010126 , 0.00950308
0.0100689 , 0.00984792 , 0.0114458
0.0100689 , 0.0102106 , 0.0108297
0.0100689 , 0.0101379 , 0.0104238
0.0100689 , 0.0100195 , 0.0097154
0.0100689 , 0.0102846 , 0.0102971
0.0100689 , 0.010043 , 0.0111254
0.0100689 , 0.0099731 , 0.0109747
0.0100689 , 0.0102229 , 0.0119844
0.0100689 , 0.010162 , 0.0108297
0.0100689 , 0.0104756 , 0.0100547
0.0100689 , 0.0097154 , 0.0101741
0.0100689 , 0.00989302 , 0.0104238
0.0100689 , 0.0103221 , 0.0109747
0.0100689 , 0.0100783 , 0.0104238
0.0100689 , 0.0100312 , 0.00982555
0.0100689 , 0.00989302 , 0.00930042
0.0100689 , 0.00985915 , 0.0108297
0.0100689 , 0.0101741 , 0.0106897
0.0100689 , 0.0101379 , 0.00950308
0.0100689 , 0.00961858 , 0.0109747
0.0100689 , 0.0100079 , 0.00960796
0.0100689 , 0.0100902 , 0.0101741
0.0100689 , 0.0099731 , 0.0101741
0.0100689 , 0.00966135 , 0.00865379
0.0100689 , 0.0103981 , 0.0104238
0.0100689 , 0.0103347 , 0.0100547
0.0100689 , 0.0100902 , 0.0092024
0.0100689 , 0.00993859 , 0.0100547
0.0100689 , 0.0102598 , 0.00901237
0.0100689 , 0.0102971 , 0.0102971
0.0100689 , 0.00980329 , 0.00982555
0.0100689 , 0.0104109 , 0.00960796
0.0100689 , 0.00977012 , 0.0097154
0.0100689 , 0.010043 , 0.00993859
0.0100689 , 0.0105017 , 0.0092024
0.0100689 , 0.0102106 , 0.0104238
0.0100689 , 0.0103726 , 0.00892018
0.0100689 , 0.0102846 , 0.00960796
0.0100689 , 0.01015 , 0.0104238
0.0100689 , 0.00983672 , 0.0101741
0.0100689 , 0.0105017 , 0.0111254
0.0100689 , 0.00983672 , 0.0104238
0.0100689 , 0.0100312 , 0.00982555
0.0100689 , 0.0100312 , 0.00930042
0.0100689 , 0.010126 , 0.0102971
0.0100689 , 0.0102351 , 0.0092024
0.0100689 , 0.0103221 , 0.0101741
0.0100689 , 0.0102598 , 0.0104238
0.0100689 , 0.0101021 , 0.0097154
0.0100689 , 0.00993859 , 0.00993859
0.0100689 , 0.0098817 , 0.0101741
0.0100689 , 0.00975912 , 0.0116168
0.0100689 , 0.0106216 , 0.0105546
0.0100689 , 0.00985915 , 0.0097154
0.0100689 , 0.010114 , 0.00993859
0.0100689 , 0.0103854 , 0.0108297
0.0100689 , 0.0103221 , 0.0092024
0.0100689 , 0.0100547 , 0.0106897
0.0100689 , 0.00975912 , 0.0112822
0.0100689 , 0.0099731 , 0.00930042
0.0100689 , 0.00983672 , 0.00950308
0.0100689 , 0.0101741 , 0.0100547
0.0100689 , 0.0101021 , 0.0097154
0.0100689 , 0.00983672 , 0.0104238
0.0100689 , 0.00992715 , 0.00930042
0.0100689 , 0.00990437 , 0.00960796
0.0100689 , 0.0104109 , 0.00865379
0.0100689 , 0.00999626 , 0.00940061
