0.0104123 , 0.0102942 , 0.0105286
0.0104123 , 0.010266 , 0.0108466
0.0104123 , 0.0104685 , 0.00926942
0.0104123 , 0.0107319 , 0.010238
0.0104123 , 0.0100748 , 0.00984339
0.0104123 , 0.0101965 , 0.00960282
0.0104123 , 0.0101149 , 0.0108466
0.0104123 , 0.0104388 , 0.010238
0.0104123 , 0.0103657 , 0.00997006
0.0104123 , 0.010238 , 0.0108466
0.0104123 , 0.0106209 , 0.0106838
0.0104123 , 0.00993158 , 0.0101015
0.0104123 , 0.0102942 , 0.0105286
0.0104123 , 0.0106998 , 0.0110179
0.0104123 , 0.0101965 , 0.00984339
0.0104123 , 0.0101965 , 0.0105286
0.0104123 , 0.0108634 , 0.00948829
0.0104123 , 0.0104388 , 0.0135924
0.0104123 , 0.0104388 , 0.0120447
0.0104123 , 0.0106522 , 0.0110179
0.0104123 , 0.0106838 , 0.0115935
0.0104123 , 0.0105438 , 0.00960282
0.0104123 , 0.0105899 , 0.0106838
0.0104123 , 0.0104388 , 0.0106838
0.0104123 , 0.0105135 , 0.0105286
0.0104123 , 0.0103513 , 0.0120447
0.0104123 , 0.0106522 , 0.0110179
0.0104123 , 0.0103657 , 0.00972109
0.0104123 , 0.0102801 , 0.0125729
0.0104123 , 0.0102241 , 0.00984339
0.0104123 , 0.0103802 , 0.0108466
0.0104123 , 0.010022 , 0.010238
0.0104123 , 0.0104536 , 0.00972109
0.0104123 , 0.0103369 , 0.0113899
0.0104123 , 0.0104388 , 0.0106838
0.0104123 , 0.0104984 , 0.011811
0.0104123 , 0.0103802 , 0.010238
0.0104123 , 0.0108466 , 0.0103802
0.0104123 , 0.0104984 , 0.0105286
0.0104123 , 0.0102241 , 0.0111986
0.0104123 , 0.0103084 , 0.0103802
0.0104123 , 0.0107642 , 0.0115935
0.0104123 , 0.0102801 , 0.0105286
0.0104123 , 0.0102942 , 0.00948829
0.0104123 , 0.0107319 , 0.0125729
0.0104123 , 0.0101965 , 0.00937723
0.0104123 , 0.010266 , 0.0106838
0.0104123 , 0.0104094 , 0.010238
0.0104123 , 0.0104241 , 0.0115935
0.0104123 , 0.0101283 , 0.010238
0.0104123 , 0.0105438 , 0.0111986
0.0104123 , 0.0105135 , 0.0106838
0.0104123 , 0.0108134 , 0.0115935
0.0104123 , 0.0104241 , 0.0106838
0.0104123 , 0.010238 , 0.0106838
0.0104123 , 0.0107806 , 0.00997006
0.0104123 , 0.0103084 , 0.0101015
0.0104123 , 0.010238 , 0.00984339
0.0104123 , 0.0105591 , 0.0115935
0.0104123 , 0.0104984 , 0.0108466
0.0104123 , 0.010252 , 0.00997006
0.0104123 , 0.010266 , 0.0103802
0.0104123 , 0.0107158 , 0.00997006
0.0104123 , 0.0101283 , 0.010238
0.0104123 , 0.0103369 , 0.0103802
0.0104123 , 0.0102801 , 0.0111986
0.0104123 , 0.0106998 , 0.00960282
0.0104123 , 0.0103802 , 0.0110179
0.0104123 , 0.0103369 , 0.0103802
0.0104123 , 0.00998298 , 0.0101015
0.0104123 , 0.0106998 , 0.00960282
0.0104123 , 0.0102241 , 0.0105286
0.0104123 , 0.0104536 , 0.0110179
0.0104123 , 0.010252 , 0.00984339
0.0104123 , 0.0103948 , 0.0115935
0.0104123 , 0.0101283 , 0.0101015
0.0104123 , 0.0103948 , 0.00960282
0.0104123 , 0.0103226 , 0.00906267
0.0104123 , 0.0103084 , 0.00972109
0.0104123 , 0.00993158 , 0.00997006
0.0104123 , 0.0104685 , 0.0110179
0.0104123 , 0.0104536 , 0.00984339
0.0104123 , 0.01083 , 0.0108466
0.0104123 , 0.0103657 , 0.0105286
0.0104123 , 0.0105899 , 0.0103802
0.0104123 , 0.0103369 , 0.0105286
0.0104123 , 0.0102942 , 0.0105286
0.0104123 , 0.0104685 , 0.0113899
0.0104123 , 0.0100483 , 0.00997006
0.0104123 , 0.0105744 , 0.00960282
0.0104123 , 0.0107319 , 0.0106838
0.0104123 , 0.0106209 , 0.00984339
0.0104123 , 0.0107319 , 0.0113899
0.0104123 , 0.0106053 , 0.00937723
0.0104123 , 0.0104094 , 0.0110179
0.0104123 , 0.0105591 , 0.0103802
0.0104123 , 0.0101419 , 0.0106838
0.0104123 , 0.0101419 , 0.00937723
0.0104123 , 0.0103657 , 0.00906267
0.0104123 , 0.0109141 , 0.00948829
