0.0100149 , 0.00977602 , 0.00948238
0.0106441 , 0.0107433 , 0.00935758
0.0121926 , 0.0121155 , 0.0122122
0.00978584 , 0.00991942 , 0.00935758
0.0102894 , 0.0108623 , 0.0101961
0.0129464 , 0.013335 , 0.0140123
0.00942811 , 0.00924936 , 0.00989019
0.00986269 , 0.0101961 , 0.00961239
0.00826009 , 0.0082847 , 0.00879804
0.0111316 , 0.0111161 , 0.0140123
0.0116504 , 0.0114194 , 0.0119023
0.0100746 , 0.0100393 , 0.00974813
0.00883628 , 0.00938215 , 0.00912192
0.0130339 , 0.0126763 , 0.0119023
0.0109885 , 0.010903 , 0.0109236
0.01119 , 0.0113705 , 0.0111383
0.0106799 , 0.0108221 , 0.00935758
0.0104046 , 0.0102944 , 0.0103617
0.013844 , 0.0139487 , 0.0140123
0.0110397 , 0.0106478 , 0.0105372
0.00992825 , 0.00997874 , 0.00989019
0.0100793 , 0.00980416 , 0.0111383
0.0108002 , 0.0107628 , 0.00974813
0.0101801 , 0.0106478 , 0.0101961
0.00943562 , 0.00981833 , 0.00879804
0.00818214 , 0.00819759 , 0.00859865
0.0102861 , 0.0103788 , 0.0101961
0.0104959 , 0.0101482 , 0.0109236
0.00944693 , 0.0096257 , 0.00879804
0.0106105 , 0.0108826 , 0.010724
0.0107667 , 0.0115453 , 0.0105372
0.0104622 , 0.010396 , 0.00974813
0.0103279 , 0.01007 , 0.0100393
0.0107047 , 0.0107047 , 0.0109236
0.0109133 , 0.0109444 , 0.0116237
0.00969584 , 0.00979006 , 0.00989019
0.00999526 , 0.0100855 , 0.0103617
0.00987279 , 0.00987569 , 0.0101961
0.00955321 , 0.00932109 , 0.0105372
0.0112083 , 0.0113948 , 0.010724
0.00870783 , 0.00835601 , 0.00869685
0.0101371 , 0.0100393 , 0.0100393
0.00991942 , 0.00977602 , 0.00935758
0.00900703 , 0.00898846 , 0.00901032
0.0089689 , 0.00903233 , 0.00890245
0.00989165 , 0.0102448 , 0.0103617
0.00952727 , 0.00949514 , 0.00935758
0.0108623 , 0.0107628 , 0.0105372
0.00986413 , 0.00989019 , 0.0105372
0.0103549 , 0.0103111 , 0.010724
0.00932715 , 0.00924936 , 0.00912192
0.0100377 , 0.00984687 , 0.0105372
0.0106291 , 0.010724 , 0.0113705
0.0097523 , 0.00973429 , 0.010724
0.0115019 , 0.0118731 , 0.0129637
0.0100149 , 0.0103279 , 0.00935758
0.0103144 , 0.0104658 , 0.0109236
0.0100576 , 0.0102613 , 0.0109236
0.0106743 , 0.0105192 , 0.0101961
0.0109092 , 0.0106105 , 0.0122122
0.00962037 , 0.00969311 , 0.00974813
0.0103447 , 0.0102613 , 0.0109236
0.0101182 , 0.0100088 , 0.0103617
0.0096498 , 0.00945702 , 0.00974813
0.00924582 , 0.0093945 , 0.00879804
0.00858995 , 0.00868689 , 0.00890245
0.00931264 , 0.00934537 , 0.00974813
0.00983543 , 0.00999376 , 0.0100393
0.0112243 , 0.0111383 , 0.0116237
0.0111674 , 0.0112753 , 0.0109236
0.00986125 , 0.010024 , 0.00841048
0.00953632 , 0.00940691 , 0.00961239
0.0102563 , 0.010024 , 0.00974813
0.00904783 , 0.00878778 , 0.00923756
0.0100377 , 0.0101482 , 0.00989019
0.0094684 , 0.00963907 , 0.00989019
0.0110483 , 0.0111383 , 0.00974813
0.00887077 , 0.00870683 , 0.00869685
0.00893872 , 0.00896674 , 0.00832017
0.0088561 , 0.00890245 , 0.00912192
0.00951824 , 0.00930902 , 0.00948238
0.00961505 , 0.00959914 , 0.00879804
0.0105791 , 0.0105192 , 0.010724
0.0104237 , 0.0102613 , 0.00948238
0.0102465 , 0.0104133 , 0.0113705
0.0104202 , 0.00987569 , 0.00989019
0.00898084 , 0.00899937 , 0.00850325
0.0111094 , 0.0111161 , 0.0109236
0.0113464 , 0.0111607 , 0.0125619
0.012125 , 0.0123468 , 0.0116237
0.00860834 , 0.00884983 , 0.00850325
0.00936003 , 0.00934537 , 0.00901032
0.0118414 , 0.0117875 , 0.0119023
0.0111427 , 0.0108623 , 0.0125619
0.0100777 , 0.00981833 , 0.0113705
0.00951952 , 0.00952081 , 0.00890245
0.0109695 , 0.0112753 , 0.0111383
0.0096217 , 0.00974813 , 0.00961239
0.0108481 , 0.0107628 , 0.0101961
0.0106478 , 0.0109863 , 0.0101961
