0.0115936 , 0.0117554 , 0.0100992
0.0115936 , 0.0115763 , 0.0112553
0.0115936 , 0.0116641 , 0.0121622
0.0115936 , 0.0116198 , 0.0112553
0.0115936 , 0.0114917 , 0.0106065
0.0115936 , 0.0112931 , 0.0121622
0.0115936 , 0.0118995 , 0.013699
0.0115936 , 0.0119497 , 0.0152252
0.0115936 , 0.0118505 , 0.0106065
0.0115936 , 0.0119497 , 0.013699
0.0115936 , 0.0117093 , 0.0112553
0.0115936 , 0.0120535 , 0.0106065
0.0115936 , 0.0116198 , 0.00988126
0.0115936 , 0.0118505 , 0.0121622
0.0115936 , 0.0115763 , 0.0106065
0.0115936 , 0.0110753 , 0.0121622
0.0115936 , 0.0119497 , 0.0116641
0.0115936 , 0.0115763 , 0.0121622
0.0115936 , 0.0117554 , 0.0128017
0.0115936 , 0.0115336 , 0.0106065
0.0115936 , 0.0116641 , 0.013699
0.0115936 , 0.0112182 , 0.013699
0.0115936 , 0.0116641 , 0.0121622
0.0115936 , 0.0114102 , 0.0116641
0.0115936 , 0.0120535 , 0.0121622
0.0115936 , 0.0118024 , 0.013699
0.0115936 , 0.0118995 , 0.0121622
0.0115936 , 0.0118024 , 0.0128017
0.0115936 , 0.0122186 , 0.0121622
0.0115936 , 0.0115763 , 0.0112553
0.0115936 , 0.0118995 , 0.0112553
0.0115936 , 0.0115336 , 0.0109083
0.0115936 , 0.0117554 , 0.0109083
0.0115936 , 0.0118024 , 0.0121622
0.0115936 , 0.012001 , 0.013699
0.0115936 , 0.0116641 , 0.0116641
0.0115936 , 0.0122765 , 0.0116641
0.0115936 , 0.0112931 , 0.0112553
0.0115936 , 0.0115763 , 0.0116641
0.0115936 , 0.0110753 , 0.0103393
0.0115936 , 0.0117554 , 0.0121622
0.0115936 , 0.0121622 , 0.0121622
0.0115936 , 0.0122765 , 0.013699
0.0115936 , 0.0121072 , 0.0116641
0.0115936 , 0.0112931 , 0.0121622
0.0115936 , 0.0112182 , 0.0112553
0.0115936 , 0.0117093 , 0.0116641
0.0115936 , 0.0122186 , 0.0116641
0.0115936 , 0.0118505 , 0.0128017
0.0115936 , 0.0117093 , 0.0109083
0.0115936 , 0.0114917 , 0.0116641
0.0115936 , 0.0118024 , 0.0103393
0.0115936 , 0.0112931 , 0.0152252
0.0115936 , 0.0117093 , 0.0128017
0.0115936 , 0.0115336 , 0.0112553
0.0115936 , 0.0115336 , 0.013699
0.0115936 , 0.0114917 , 0.0103393
0.0115936 , 0.0110071 , 0.0112553
0.0115936 , 0.0120535 , 0.0128017
0.0115936 , 0.0118024 , 0.0112553
0.0115936 , 0.0117554 , 0.0116641
0.0115936 , 0.0113705 , 0.0103393
0.0115936 , 0.0118024 , 0.0106065
0.0115936 , 0.0110753 , 0.0116641
0.0115936 , 0.0118024 , 0.0100992
0.0115936 , 0.0114506 , 0.0121622
0.0115936 , 0.0118505 , 0.0128017
0.0115936 , 0.0118024 , 0.0121622
0.0115936 , 0.0113315 , 0.0112553
0.0115936 , 0.0114917 , 0.0106065
0.0115936 , 0.0122765 , 0.0109083
0.0115936 , 0.0115336 , 0.0103393
0.0115936 , 0.0117554 , 0.0121622
0.0115936 , 0.012001 , 0.0116641
0.0115936 , 0.0114102 , 0.0112553
0.0115936 , 0.0114102 , 0.0106065
0.0115936 , 0.0112931 , 0.0112553
0.0115936 , 0.0116641 , 0.0128017
0.0115936 , 0.0114102 , 0.0128017
0.0115936 , 0.0117554 , 0.0121622
0.0115936 , 0.0116198 , 0.0116641
0.0115936 , 0.0115763 , 0.0112553
0.0115936 , 0.0118024 , 0.0152252
0.0115936 , 0.0117554 , 0.013699
0.0115936 , 0.0116641 , 0.0109083
0.0115936 , 0.0117554 , 0.0106065
0.0115936 , 0.0119497 , 0.0112553
0.0115936 , 0.0112553 , 0.0103393
0.0115936 , 0.0118995 , 0.0121622
0.0115936 , 0.0117093 , 0.0106065
0.0115936 , 0.0114506 , 0.0121622
0.0115936 , 0.0118995 , 0.0152252
0.0115936 , 0.0118995 , 0.0106065
0.0115936 , 0.0115763 , 0.0128017
0.0115936 , 0.0115763 , 0.0106065
0.0115936 , 0.0116198 , 0.0112553
0.0115936 , 0.0114917 , 0.0121622
0.0115936 , 0.0111456 , 0.0106065
0.0115936 , 0.0119497 , 0.0103393
0.0115936 , 0.0122186 , 0.0128017
