0.00899074 , 0.00905163 , 0.00875464
0.0105985 , 0.0104237 , 0.0102347
0.0109847 , 0.011117 , 0.00995224
0.00965542 , 0.00967868 , 0.0092739
0.0099443 , 0.00977425 , 0.0092739
0.0101144 , 0.00997889 , 0.0105596
0.00985382 , 0.0102347 , 0.0105596
0.00903406 , 0.00910516 , 0.00908718
0.00925065 , 0.00954268 , 0.0094777
0.0100497 , 0.0101173 , 0.0109424
0.00937958 , 0.00967868 , 0.00908718
0.0126902 , 0.0125601 , 0.0120084
0.0118355 , 0.0115717 , 0.0142811
0.0127192 , 0.0126522 , 0.0120084
0.0102468 , 0.0100059 , 0.0109424
0.0109424 , 0.011163 , 0.0114091
0.00786258 , 0.00811132 , 0.00860502
0.00942705 , 0.00943541 , 0.00875464
0.00938571 , 0.00935319 , 0.00875464
0.0103717 , 0.010391 , 0.0105596
0.0126902 , 0.0127486 , 1
0.00856767 , 0.00851972 , 0.00860502
0.00847412 , 0.00833217 , 0.0092739
0.010511 , 0.0103271 , 0.0102347
0.0125421 , 0.0130677 , 0.0128497
0.0141225 , 0.0142811 , 0.0142811
0.0100917 , 0.00987418 , 0.0128497
0.00881577 , 0.00873923 , 0.0089148
0.0118483 , 0.0116289 , 0.0120084
0.0109508 , 0.011072 , 0.0109424
0.00874693 , 0.00898218 , 0.00875464
0.0102018 , 0.0102047 , 0.0105596
0.00927779 , 0.00939392 , 0.0092739
0.00936127 , 0.0093331 , 0.00970218
0.00995489 , 0.0101173 , 0.00970218
0.0103749 , 0.0103588 , 0.00995224
0.0093351 , 0.00954268 , 0.0102347
0.0112147 , 0.0113072 , 0.0120084
0.00936127 , 0.00903406 , 0.0078668
0.00984372 , 0.00979881 , 0.00908718
0.0116173 , 0.0119402 , 0.0120084
0.0125782 , 0.0129558 , 0.0128497
0.0119537 , 0.011748 , 0.0114091
0.00935319 , 0.00943541 , 0.0089148
0.0111444 , 0.01121 , 0.0120084
0.00844557 , 0.00838422 , 0.00846456
0.0102743 , 0.0104569 , 0.0114091
0.00891148 , 0.00888185 , 0.00860502
0.0104569 , 0.0108601 , 0.0105596
0.00980623 , 0.0102047 , 0.0105596
0.00964849 , 0.00970218 , 0.00995224
0.0105456 , 0.0105596 , 0.0114091
0.0121742 , 0.0130677 , 0.0120084
0.00969746 , 0.00958709 , 0.0092739
0.0106417 , 0.0101752 , 0.0105596
0.00989214 , 0.010146 , 0.00995224
0.0100748 , 0.00952081 , 0.00908718
0.0108561 , 0.0102651 , 0.0128497
0.0086637 , 0.0086637 , 0.00846456
0.00860212 , 0.00888185 , 0.00860502
0.00983115 , 0.00974996 , 0.00908718
0.0109008 , 0.011258 , 0.0109424
0.0109008 , 0.0107046 , 0.0105596
0.0103021 , 0.0104906 , 0.0120084
0.0096051 , 0.00956477 , 0.00995224
0.0117913 , 0.0120789 , 0.0120084
0.0111444 , 0.0115161 , 0.0120084
0.0122819 , 0.0123871 , 0.0128497
0.00965542 , 0.00970218 , 0.0092739
0.0131378 , 0.0131859 , 0.0114091
0.0103271 , 0.0102959 , 0.0120084
0.0102257 , 0.0100889 , 0.00995224
0.0123789 , 0.0116876 , 1
0.00962099 , 0.00974996 , 0.0128497
0.0113524 , 0.0109424 , 0.0128497
0.0102137 , 0.011072 , 0.00970218
0.0121005 , 0.0125601 , 0.0105596
0.0100442 , 0.0104906 , 0.0094777
0.0119335 , 0.0120789 , 0.0114091
0.0104502 , 0.0102651 , 0.00970218
0.00972594 , 0.00943541 , 0.0128497
0.0100277 , 0.010146 , 0.0092739
0.0104171 , 0.0104906 , 0.0109424
0.0120293 , 0.0120084 , 0.0120084
0.0099602 , 0.0100889 , 0.0094777
0.0104073 , 0.0107046 , 0.0105596
0.0131981 , 0.0137401 , 0.0142811
0.00939803 , 0.00977425 , 0.00970218
0.0110235 , 0.0110279 , 0.0114091
0.00968336 , 0.00970218 , 0.0102347
0.0104204 , 0.0102651 , 0.0105596
0.0109174 , 0.0105248 , 0.0114091
0.00984372 , 0.0100059 , 0.0102347
0.0100004 , 0.00997889 , 0.00995224
0.0095013 , 0.00929346 , 0.0142811
0.0105042 , 0.00995224 , 0.0114091
0.00983617 , 0.010391 , 0.0102347
0.00938571 , 0.00903406 , 0.0114091
0.0101576 , 0.010146 , 0.0128497
0.00914157 , 0.00898218 , 0.0089148
