0.00902487 , 0.00923004 , 0.00892846
0.00902487 , 0.00898948 , 0.00873713
0.00902487 , 0.00916159 , 0.00840016
0.00902487 , 0.00881157 , 0.00963958
0.00902487 , 0.00939921 , 0.00856189
0.00902487 , 0.00913928 , 0.00913928
0.00902487 , 0.00916159 , 0.00913928
0.00902487 , 0.00901023 , 0.00824994
0.00902487 , 0.00892846 , 0.00913928
0.00902487 , 0.00937417 , 0.00963958
0.00902487 , 0.00909536 , 0.00873713
0.00902487 , 0.00892846 , 0.0103049
0.00902487 , 0.0091172 , 0.00840016
0.00902487 , 0.00875549 , 0.00856189
0.00902487 , 0.0089486 , 0.00937417
0.00902487 , 0.00896894 , 0.00963958
0.00902487 , 0.00892846 , 0.00873713
0.00902487 , 0.00884981 , 0.00994495
0.00902487 , 0.00886919 , 0.00873713
0.00902487 , 0.00892846 , 0.00797798
0.00902487 , 0.00903118 , 0.00937417
0.00902487 , 0.00896894 , 0.00994495
0.00902487 , 0.00877402 , 0.0103049
0.00902487 , 0.00898948 , 0.00797798
0.00902487 , 0.00920697 , 0.00994495
0.00902487 , 0.00888876 , 0.00873713
0.00902487 , 0.00898948 , 0.00892846
0.00902487 , 0.00907374 , 0.00892846
0.00902487 , 0.00918416 , 0.00892846
0.00902487 , 0.00918416 , 0.0103049
0.00902487 , 0.00903118 , 0.00994495
0.00902487 , 0.00913928 , 0.00873713
0.00902487 , 0.00905235 , 0.00856189
0.00902487 , 0.00934943 , 0.00840016
0.00902487 , 0.00892846 , 0.00937417
0.00902487 , 0.00932499 , 0.00824994
0.00902487 , 0.00930084 , 0.00913928
0.00902487 , 0.00925337 , 0.00892846
0.00902487 , 0.00896894 , 0.00913928
0.00902487 , 0.00888876 , 0.00824994
0.00902487 , 0.0088306 , 0.00937417
0.00902487 , 0.00925337 , 0.00840016
0.00902487 , 0.00881157 , 0.00892846
0.00902487 , 0.00896894 , 0.00873713
0.00902487 , 0.00913928 , 0.00892846
0.00902487 , 0.00892846 , 0.00856189
0.00902487 , 0.00909536 , 0.00840016
0.00902487 , 0.00892846 , 0.00892846
0.00902487 , 0.00903118 , 0.0103049
0.00902487 , 0.00907374 , 0.00963958
0.00902487 , 0.00905235 , 0.0107439
0.00902487 , 0.00909536 , 0.00913928
0.00902487 , 0.00903118 , 0.00963958
0.00902487 , 0.00942456 , 0.00856189
0.00902487 , 0.00937417 , 0.00963958
0.00902487 , 0.00932499 , 0.00824994
0.00902487 , 0.00927696 , 0.00824994
0.00902487 , 0.00930084 , 0.00840016
0.00902487 , 0.00918416 , 0.00963958
0.00902487 , 0.00884981 , 0.00994495
0.00902487 , 0.00892846 , 0.00856189
0.00902487 , 0.0088306 , 0.00994495
0.00902487 , 0.00923004 , 0.00873713
0.00902487 , 0.00879271 , 0.00824994
0.00902487 , 0.00903118 , 0.00892846
0.00902487 , 0.00920697 , 0.00937417
0.00902487 , 0.00901023 , 0.00913928
0.00902487 , 0.00884981 , 0.00963958
0.00902487 , 0.00896894 , 0.00797798
0.00902487 , 0.00879271 , 0.00856189
0.00902487 , 0.00916159 , 0.00892846
0.00902487 , 0.00932499 , 0.0103049
0.00902487 , 0.00898948 , 0.00963958
0.00902487 , 0.00927696 , 0.00892846
0.00902487 , 0.00905235 , 0.00913928
0.00902487 , 0.00890852 , 0.00840016
0.00902487 , 0.00875549 , 0.00873713
0.00902487 , 0.0088306 , 0.00913928
0.00902487 , 0.00873713 , 0.00913928
0.00902487 , 0.0088306 , 0.00994495
0.00902487 , 0.00925337 , 0.0103049
0.00902487 , 0.0089486 , 0.00856189
0.00902487 , 0.00913928 , 0.00840016
0.00902487 , 0.00892846 , 0.00892846
0.00902487 , 0.0091172 , 0.00873713
0.00902487 , 0.00909536 , 0.00873713
0.00902487 , 0.00920697 , 0.00937417
0.00902487 , 0.0089486 , 0.00840016
0.00902487 , 0.00890852 , 0.00873713
0.00902487 , 0.00905235 , 0.00840016
0.00902487 , 0.00884981 , 0.00913928
0.00902487 , 0.00909536 , 0.00840016
0.00902487 , 0.00927696 , 0.00913928
0.00902487 , 0.0091172 , 0.0113078
0.00902487 , 0.00892846 , 0.00913928
0.00902487 , 0.00890852 , 0.00994495
0.00902487 , 0.00898948 , 0.00856189
0.00902487 , 0.00886919 , 0.00873713
0.00902487 , 0.00923004 , 0.00937417
0.00902487 , 0.00913928 , 0.00913928
