0.0110357 , 0.0110962 , 0.0114321
0.0110357 , 0.0113423 , 0.00939789
0.0110357 , 0.0106237 , 0.0127055
0.0110357 , 0.0113423 , 0.00910981
0.0110357 , 0.0108789 , 0.0101519
0.0110357 , 0.0106843 , 0.00973754
0.0110357 , 0.0106843 , 0.0114321
0.0110357 , 0.0106237 , 1
0.0110357 , 0.0110209 , 0.0114321
0.0110357 , 0.0108789 , 0.0127055
0.0110357 , 0.0114321 , 0.0106843
0.0110357 , 0.0110962 , 0.0106843
0.0110357 , 0.0111747 , 0.0127055
0.0110357 , 0.0110209 , 0.0106843
0.0110357 , 0.0108789 , 0.0114321
0.0110357 , 0.0103993 , 0.00973754
0.0110357 , 0.0113423 , 0.0114321
0.0110357 , 0.0110209 , 0.0114321
0.0110357 , 0.0110209 , 1
0.0110357 , 0.0112566 , 0.0101519
0.0110357 , 0.0108118 , 0.0106843
0.0110357 , 0.0114321 , 0.0114321
0.0110357 , 0.0105081 , 0.0114321
0.0110357 , 0.0109486 , 0.0127055
0.0110357 , 0.010747 , 0.0106843
0.0110357 , 0.0109486 , 1
0.0110357 , 0.0110209 , 0.0101519
0.0110357 , 0.0110962 , 0.0101519
0.0110357 , 0.0111747 , 0.0127055
0.0110357 , 0.0103993 , 0.0127055
0.0110357 , 0.0110209 , 0.0106843
0.0110357 , 0.0118426 , 0.00939789
0.0110357 , 0.0108789 , 0.0101519
0.0110357 , 0.0112566 , 0.0106843
0.0110357 , 0.0110962 , 0.00939789
0.0110357 , 0.0111747 , 0.0127055
0.0110357 , 0.0110209 , 0.0127055
0.0110357 , 0.0110962 , 1
0.0110357 , 0.010247 , 0.0114321
0.0110357 , 0.0114321 , 0.0106843
0.0110357 , 0.0110962 , 0.0114321
0.0110357 , 0.0105081 , 0.0101519
0.0110357 , 0.010747 , 0.00973754
0.0110357 , 0.0110209 , 0.0106843
0.0110357 , 0.0113423 , 0.0106843
0.0110357 , 0.0110209 , 0.0114321
0.0110357 , 0.010747 , 0.0114321
0.0110357 , 0.00997509 , 0.0114321
0.0110357 , 0.0110209 , 0.0106843
0.0110357 , 0.010747 , 0.0101519
0.0110357 , 0.0112566 , 0.00973754
0.0110357 , 0.0110209 , 0.0114321
0.0110357 , 0.010747 , 0.0101519
0.0110357 , 0.0108789 , 0.0106843
0.0110357 , 0.0117312 , 0.0127055
0.0110357 , 0.0117312 , 0.00973754
0.0110357 , 0.0113423 , 0.0106843
0.0110357 , 0.0110962 , 0.0127055
0.0110357 , 0.0115265 , 0.0114321
0.0110357 , 0.010565 , 0.0114321
0.0110357 , 0.0117312 , 0.0106843
0.0110357 , 0.0110209 , 0.0101519
0.0110357 , 0.0106843 , 0.00973754
0.0110357 , 0.0115265 , 0.0127055
0.0110357 , 0.0112566 , 0.0127055
0.0110357 , 0.0110962 , 1
0.0110357 , 0.0114321 , 0.0114321
0.0110357 , 0.0112566 , 0.0101519
0.0110357 , 0.0110962 , 0.0106843
0.0110357 , 0.0108118 , 0.0101519
0.0110357 , 0.011626 , 1
0.0110357 , 0.0110962 , 0.0101519
0.0110357 , 0.0112566 , 0.0114321
0.0110357 , 0.0108789 , 1
0.0110357 , 0.0106237 , 0.00973754
0.0110357 , 0.0106237 , 0.0114321
0.0110357 , 0.0110209 , 0.0127055
0.0110357 , 0.0109486 , 0.0114321
0.0110357 , 0.0111747 , 0.00973754
0.0110357 , 0.0110962 , 0.0114321
0.0110357 , 0.0106237 , 0.00973754
0.0110357 , 0.0114321 , 0.0114321
0.0110357 , 0.0110962 , 0.0114321
0.0110357 , 0.0108118 , 0.0106843
0.0110357 , 0.0110962 , 0.0101519
0.0110357 , 0.0105081 , 0.0114321
0.0110357 , 0.0112566 , 0.0127055
0.0110357 , 0.0110209 , 0.0114321
0.0110357 , 0.0108789 , 0.0127055
0.0110357 , 0.0114321 , 0.0106843
0.0110357 , 0.0113423 , 0.0101519
0.0110357 , 0.0110209 , 0.00973754
0.0110357 , 0.010747 , 0.0127055
0.0110357 , 0.0109486 , 0.0101519
0.0110357 , 0.0111747 , 1
0.0110357 , 0.010747 , 0.0127055
0.0110357 , 0.0114321 , 0.0114321
0.0110357 , 0.0113423 , 0.0114321
0.0110357 , 0.0111747 , 0.0101519
0.0110357 , 0.0111747 , 0.0106843
