0.0101765 , 0.0098612 , 0.00877207
0.0101765 , 0.0103814 , 0.00914457
0.0101765 , 0.0101384 , 0.00914457
0.0101765 , 0.0098612 , 0.00962346
0.0101765 , 0.0105656 , 0.011443
0.0101765 , 0.0105656 , 0.00962346
0.0101765 , 0.00979853 , 0.00914457
0.0101765 , 0.0102155 , 0.00914457
0.0101765 , 0.0100647 , 0.00877207
0.0101765 , 0.0101384 , 0.00914457
0.0101765 , 0.0102155 , 0.00962346
0.0101765 , 0.010471 , 0.00877207
0.0101765 , 0.0101384 , 1
0.0101765 , 0.0107728 , 0.00962346
0.0101765 , 0.0102155 , 0.0102964
0.0101765 , 0.0107728 , 0.00962346
0.0101765 , 0.0101384 , 0.0102964
0.0101765 , 0.0103814 , 0.011443
0.0101765 , 0.00992631 , 0.00962346
0.0101765 , 0.0098612 , 0.00962346
0.0101765 , 0.0100647 , 0.00962346
0.0101765 , 0.0102964 , 0.00962346
0.0101765 , 0.00992631 , 0.011443
0.0101765 , 0.010666 , 0.00798348
0.0101765 , 0.010471 , 0.00877207
0.0101765 , 0.0100647 , 0.00962346
0.0101765 , 0.00999406 , 0.00962346
0.0101765 , 0.0102964 , 0.011443
0.0101765 , 0.0102155 , 1
0.0101765 , 0.0107728 , 0.00962346
0.0101765 , 0.0102964 , 0.00846689
0.0101765 , 0.00956894 , 0.0102964
0.0101765 , 0.0101384 , 0.00962346
0.0101765 , 0.0103814 , 1
0.0101765 , 0.0100647 , 0.0102964
0.0101765 , 0.010471 , 0.00914457
0.0101765 , 0.00973811 , 0.011443
0.0101765 , 0.0101384 , 0.00962346
0.0101765 , 0.0102155 , 0.00962346
0.0101765 , 0.0102964 , 0.00877207
0.0101765 , 0.0098612 , 0.00914457
0.0101765 , 0.0102155 , 0.0102964
0.0101765 , 0.00979853 , 0.011443
0.0101765 , 0.0102964 , 0.0102964
0.0101765 , 0.0101384 , 0.00914457
0.0101765 , 0.0103814 , 0.0102964
0.0101765 , 0.0100647 , 0.011443
0.0101765 , 0.0105656 , 0.0102964
0.0101765 , 0.0098612 , 0.0102964
0.0101765 , 0.00992631 , 0.0102964
0.0101765 , 0.0107728 , 1
0.0101765 , 0.0107728 , 0.011443
0.0101765 , 0.00941527 , 0.00877207
0.0101765 , 0.0103814 , 0.011443
0.0101765 , 0.00979853 , 0.00962346
0.0101765 , 0.00979853 , 0.0102964
0.0101765 , 0.0101384 , 0.00914457
0.0101765 , 0.00999406 , 1
0.0101765 , 0.0102964 , 0.00962346
0.0101765 , 0.0103814 , 0.011443
0.0101765 , 0.0102155 , 1
0.0101765 , 0.0098612 , 0.011443
0.0101765 , 0.00941527 , 1
0.0101765 , 0.0102964 , 0.00962346
0.0101765 , 0.00973811 , 0.011443
0.0101765 , 0.010666 , 0.011443
0.0101765 , 0.0105656 , 0.00962346
0.0101765 , 0.0102964 , 0.011443
0.0101765 , 0.00967981 , 0.011443
0.0101765 , 0.010666 , 0.011443
0.0101765 , 0.0105656 , 0.011443
0.0101765 , 0.00999406 , 1
0.0101765 , 0.0103814 , 0.00962346
0.0101765 , 0.0102964 , 0.00846689
0.0101765 , 0.0102155 , 0.011443
0.0101765 , 0.0103814 , 0.00962346
0.0101765 , 0.00979853 , 0.011443
0.0101765 , 0.010471 , 0.0102964
0.0101765 , 0.0102155 , 1
0.0101765 , 0.0102964 , 0.0102964
0.0101765 , 0.0101384 , 0.0102964
0.0101765 , 0.00992631 , 0.0102964
0.0101765 , 0.0098612 , 0.00962346
0.0101765 , 0.0105656 , 0.011443
0.0101765 , 0.0108869 , 0.0102964
0.0101765 , 0.0103814 , 0.00877207
0.0101765 , 0.010666 , 0.00962346
0.0101765 , 0.0098612 , 0.0102964
0.0101765 , 0.00999406 , 0.011443
0.0101765 , 0.00979853 , 0.00914457
0.0101765 , 0.0108869 , 0.00914457
0.0101765 , 0.0103814 , 0.0102964
0.0101765 , 0.00951614 , 1
0.0101765 , 0.0098612 , 0.011443
0.0101765 , 0.00999406 , 0.011443
0.0101765 , 0.0105656 , 0.00914457
0.0101765 , 0.0102964 , 1
0.0101765 , 0.0101384 , 0.00914457
0.0101765 , 0.00992631 , 0.00914457
0.0101765 , 0.00992631 , 0.00962346
