0.00812973 , 0.00809421 , 0.00741856
0.00812973 , 0.00798956 , 0.00871239
0.00812973 , 0.00838996 , 0.00782126
0.00812973 , 0.00801509 , 0.00782126
0.00812973 , 0.00812146 , 0.00835783
0.00812973 , 0.00809421 , 0.00871239
0.00812973 , 0.00779858 , 0.00871239
0.00812973 , 0.00829541 , 0.0080674
0.00812973 , 0.00791528 , 0.00782126
0.00812973 , 0.00814918 , 0.00871239
0.00812973 , 0.00838996 , 0.00724913
0.00812973 , 0.00814918 , 0.0070955
0.00812973 , 0.00771089 , 0.00916834
0.00812973 , 0.00829541 , 0.00695493
0.00812973 , 0.00812146 , 0.00782126
0.00812973 , 0.00801509 , 0.0080674
0.00812973 , 0.00842276 , 0.00916834
0.00812973 , 0.00796442 , 0.00916834
0.00812973 , 0.00829541 , 1
0.00812973 , 0.00838996 , 0.00760753
0.00812973 , 0.00796442 , 0.00724913
0.00812973 , 0.00798956 , 0.00782126
0.00812973 , 0.00820609 , 0.0080674
0.00812973 , 0.00856106 , 0.00835783
0.00812973 , 0.00809421 , 0.00871239
0.00812973 , 0.00812146 , 0.0080674
0.00812973 , 0.00814918 , 0.00741856
0.00812973 , 0.00826508 , 0.0080674
0.00812973 , 0.00782126 , 0.00916834
0.00812973 , 0.00849042 , 0.00835783
0.00812973 , 0.00812146 , 0.00782126
0.00812973 , 0.00812146 , 0.00724913
0.00812973 , 0.00801509 , 0.0080674
0.00812973 , 0.00835783 , 0.00741856
0.00812973 , 0.00814918 , 0.00871239
0.00812973 , 0.00826508 , 0.00835783
0.00812973 , 0.00852535 , 0.00835783
0.00812973 , 0.0080674 , 0.00835783
0.00812973 , 0.00801509 , 0.00835783
0.00812973 , 0.00789126 , 0.00916834
0.00812973 , 0.00786759 , 0.00871239
0.00812973 , 0.00835783 , 0.00871239
0.00812973 , 0.00809421 , 0.00782126
0.00812973 , 0.00791528 , 0.0080674
0.00812973 , 0.00849042 , 0.00835783
0.00812973 , 0.0080674 , 0.00835783
0.00812973 , 0.00832632 , 0.0080674
0.00812973 , 0.0080674 , 0.00916834
0.00812973 , 0.00798956 , 0.00760753
0.00812973 , 0.00814918 , 0.0080674
0.00812973 , 0.00789126 , 0.00835783
0.00812973 , 0.00832632 , 0.00835783
0.00812973 , 0.00817739 , 0.0080674
0.00812973 , 0.00793967 , 0.00835783
0.00812973 , 0.00798956 , 0.00782126
0.00812973 , 0.00804104 , 0.00695493
0.00812973 , 0.00829541 , 0.00916834
0.00812973 , 0.00777621 , 0.00835783
0.00812973 , 0.00804104 , 0.00916834
0.00812973 , 0.00817739 , 0.00871239
0.00812973 , 0.00820609 , 0.00835783
0.00812973 , 0.00832632 , 0.00724913
0.00812973 , 0.00823532 , 0.00916834
0.00812973 , 0.00809421 , 0.00871239
0.00812973 , 0.00812146 , 0.00741856
0.00812973 , 0.00796442 , 0.00871239
0.00812973 , 0.00796442 , 0.00724913
0.00812973 , 0.00823532 , 0.00980921
0.00812973 , 0.00801509 , 0.00782126
0.00812973 , 0.00814918 , 0.00980921
0.00812973 , 0.00812146 , 0.00871239
0.00812973 , 0.00793967 , 0.0109014
0.00812973 , 0.00791528 , 0.00741856
0.00812973 , 0.00823532 , 0.00782126
0.00812973 , 0.0080674 , 0.0080674
0.00812973 , 0.00820609 , 0.00871239
0.00812973 , 0.00820609 , 0.00916834
0.00812973 , 0.00826508 , 0.00871239
0.00812973 , 0.00798956 , 0.00782126
0.00812973 , 0.00801509 , 0.00871239
0.00812973 , 0.00796442 , 0.00782126
0.00812973 , 0.00812146 , 0.00871239
0.00812973 , 0.00782126 , 0.00760753
0.00812973 , 0.00804104 , 0.00835783
0.00812973 , 0.00796442 , 0.00760753
0.00812973 , 0.00786759 , 0.00760753
0.00812973 , 0.00838996 , 0.00835783
0.00812973 , 0.00791528 , 0.00782126
0.00812973 , 0.00809421 , 0.00760753
0.00812973 , 0.00826508 , 0.00782126
0.00812973 , 0.00801509 , 0.00835783
0.00812973 , 0.00829541 , 0.00695493
0.00812973 , 0.00812146 , 0.0080674
0.00812973 , 0.00812146 , 0.00782126
0.00812973 , 0.00852535 , 0.00916834
0.00812973 , 0.00798956 , 0.00782126
0.00812973 , 0.00849042 , 0.00835783
0.00812973 , 0.00782126 , 0.00871239
0.00812973 , 0.00817739 , 0.0080674
0.00812973 , 0.0080674 , 0.00871239
