0.00920863 , 0.00885839 , 0.00936593
0.00915524 , 0.00897027 , 0.00936593
0.00830022 , 0.00847852 , 0.00831903
0.0146209 , 1 , 1
0.0118603 , 0.0128213 , 1
0.00976933 , 0.0101347 , 0.0079807
0.0117103 , 0.0117834 , 1
1 , 1 , 1
0.0110326 , 0.010567 , 0.0104087
0.00866612 , 0.00875418 , 0.0079807
0.0132517 , 0.0138578 , 1
0.0106179 , 0.0107439 , 0.00875418
0.0111756 , 0.0138578 , 0.0104087
1 , 1 , 1
0.0120269 , 0.011449 , 1
0.0108813 , 0.010567 , 1
0.00875922 , 0.00852114 , 0.00831903
0.00868526 , 0.00847852 , 0.00770363
0.0107439 , 0.0117834 , 1
0.00950802 , 0.009702 , 0.0104087
1 , 1 , 1
0.0112525 , 0.0109443 , 0.00936593
0.0119413 , 0.0117834 , 1
0.0114793 , 0.011449 , 1
0.0119003 , 0.011449 , 1
0.00847014 , 0.00810722 , 0.00936593
0.00882637 , 0.00897027 , 0.00831903
0.01016 , 0.0104087 , 0.00831903
1 , 1 , 1
0.0104858 , 0.010567 , 1
0.0128981 , 0.0128213 , 0.0104087
0.00848695 , 0.00880539 , 0.00831903
0.0103643 , 0.011449 , 1
0.00896447 , 0.00865665 , 0.00936593
0.00840469 , 0.00856499 , 0.00708483
1 , 1 , 1
1 , 1 , 1
0.0101728 , 0.0101347 , 0.0104087
0.00802381 , 0.0079807 , 0.00936593
0.0126787 , 0.0128213 , 1
0.0117834 , 0.0117834 , 1
1 , 1 , 1
0.0127483 , 0.0128213 , 0.0104087
1 , 1 , 1
0.0109878 , 0.010567 , 1
1 , 1 , 1
0.0109659 , 0.0109443 , 0.0104087
0.00862394 , 0.00852114 , 0.00831903
0.0123722 , 0.0128213 , 1
0.00841272 , 0.00852114 , 0.00831903
0.0106886 , 0.0104087 , 1
0.0107068 , 0.0111756 , 0.00936593
1 , 1 , 1
0.0105504 , 0.0101347 , 0.0104087
0.00980919 , 0.00979913 , 0.0104087
0.00958439 , 0.010567 , 0.00875418
0.00896447 , 0.00902946 , 0.00831903
1 , 1 , 1
0.0104701 , 0.0101347 , 1
0.00945916 , 0.00952466 , 1
1 , 1 , 1
0.0121177 , 0.0122144 , 1
0.0108209 , 0.0107439 , 0.0104087
0.00881061 , 0.00885839 , 0.0104087
0.0091357 , 0.00880539 , 0.00875418
0.0101987 , 0.00990293 , 0.0104087
0.00741322 , 0.00734336 , 0.0069233
1 , 1 , 1
0.00951631 , 0.00961073 , 0.0104087
0.00944322 , 0.00922227 , 1
0.00930682 , 0.00915524 , 0.0079807
0.00957571 , 0.0101347 , 0.00936593
0.0104087 , 0.0109443 , 0.00936593
0.0107068 , 0.0100144 , 0.00936593
0.0109659 , 0.0107439 , 1
0.010379 , 0.0102655 , 0.0104087
1 , 1 , 1
0.0116751 , 0.0122144 , 1
1 , 1 , 1
0.00978913 , 0.00952466 , 1
0.00944322 , 0.00961073 , 0.00936593
1 , 1 , 1
1 , 1 , 1
1 , 1 , 1
0.0108609 , 0.0104087 , 1
1 , 1 , 1
1 , 1 , 1
0.0141913 , 0.0138578 , 1
0.00782218 , 0.00801137 , 0.00831903
0.00773436 , 0.00783594 , 0.00770363
0.0104701 , 0.0109443 , 0.00936593
1 , 1 , 1
0.0104238 , 0.00990293 , 0.00875418
0.00791532 , 0.00789222 , 0.00708483
0.00899957 , 0.00915524 , 0.00936593
0.012979 , 0.0128213 , 1
1 , 1 , 1
0.00718497 , 0.00728423 , 0.0066429
0.0119003 , 0.0128213 , 1
0.00847433 , 0.00847852 , 0.0104087
