0.00905192 , 0.00903983 , 0.00916597
0.00905192 , 0.00916597 , 1
0.00905192 , 0.00881866 , 1
0.00905192 , 0.00854359 , 0.00916597
0.00905192 , 0.00946114 , 0.00770932
0.00905192 , 0.00892465 , 1
0.00905192 , 0.00862911 , 1
0.00905192 , 0.00946114 , 1
0.00905192 , 0.00862911 , 0.00916597
0.00905192 , 0.00930536 , 0.00916597
0.00905192 , 0.0107567 , 0.00916597
0.00905192 , 0.00872051 , 1
0.00905192 , 0.00946114 , 0.00916597
0.00905192 , 0.00916597 , 1
0.00905192 , 0.00930536 , 0.00916597
0.00905192 , 0.00854359 , 1
0.00905192 , 0.00892465 , 1
0.00905192 , 0.00963769 , 1
0.00905192 , 0.00838745 , 1
0.00905192 , 0.00930536 , 0.00732653
0.00905192 , 0.00903983 , 1
0.00905192 , 0.00854359 , 0.00824772
0.00905192 , 0.00881866 , 0.00916597
0.00905192 , 0.00916597 , 1
0.00905192 , 0.00916597 , 0.00916597
0.00905192 , 0.00916597 , 0.00916597
0.00905192 , 0.00872051 , 0.00824772
0.00905192 , 0.00892465 , 0.00916597
0.00905192 , 0.00930536 , 0.00916597
0.00905192 , 0.00946114 , 1
0.00905192 , 0.00862911 , 0.00916597
0.00905192 , 0.00862911 , 0.00916597
0.00905192 , 0.00903983 , 1
0.00905192 , 0.00930536 , 1
0.00905192 , 0.00963769 , 1
0.00905192 , 0.00930536 , 1
0.00905192 , 0.00892465 , 0.00770932
0.00905192 , 0.00984143 , 1
0.00905192 , 0.00916597 , 1
0.00905192 , 0.00872051 , 1
0.00905192 , 0.00881866 , 0.00916597
0.00905192 , 0.010377 , 0.00824772
0.00905192 , 0.00854359 , 0.00916597
0.00905192 , 0.00930536 , 1
0.00905192 , 0.00916597 , 0.00916597
0.00905192 , 0.00984143 , 1
0.00905192 , 0.00862911 , 0.00770932
0.00905192 , 0.00872051 , 0.00916597
0.00905192 , 0.00872051 , 1
0.00905192 , 0.00963769 , 0.00824772
0.00905192 , 0.00963769 , 0.00916597
0.00905192 , 0.00916597 , 1
0.00905192 , 0.00946114 , 0.00916597
0.00905192 , 0.00963769 , 0.00916597
0.00905192 , 0.00930536 , 1
0.00905192 , 0.00946114 , 1
0.00905192 , 0.00963769 , 0.00916597
0.00905192 , 0.00892465 , 1
0.00905192 , 0.00881866 , 0.00824772
0.00905192 , 0.00963769 , 0.00916597
0.00905192 , 0.00862911 , 1
0.00905192 , 0.00916597 , 1
0.00905192 , 0.00930536 , 1
0.00905192 , 0.00903983 , 0.00824772
0.00905192 , 0.00881866 , 0.00916597
0.00905192 , 0.00831576 , 0.00824772
0.00905192 , 0.00916597 , 1
0.00905192 , 0.00916597 , 0.00916597
0.00905192 , 0.00930536 , 0.00916597
0.00905192 , 0.00862911 , 0.00916597
0.00905192 , 0.00963769 , 0.00824772
0.00905192 , 0.00892465 , 0.00824772
0.00905192 , 0.00946114 , 0.00916597
0.00905192 , 0.00872051 , 0.00916597
0.00905192 , 0.0100823 , 1
0.00905192 , 0.00916597 , 0.00916597
0.00905192 , 0.00946114 , 1
0.00905192 , 0.00854359 , 1
0.00905192 , 0.00916597 , 0.00732653
0.00905192 , 0.0100823 , 0.00824772
0.00905192 , 0.00963769 , 1
0.00905192 , 0.00916597 , 0.00916597
0.00905192 , 0.00824772 , 0.00916597
0.00905192 , 0.00862911 , 0.00916597
0.00905192 , 0.00872051 , 1
0.00905192 , 0.00930536 , 0.00916597
0.00905192 , 0.00903983 , 0.00916597
0.00905192 , 0.00930536 , 1
0.00905192 , 0.00862911 , 0.00916597
0.00905192 , 0.00916597 , 0.00916597
0.00905192 , 0.00903983 , 0.00732653
0.00905192 , 0.00984143 , 0.00916597
0.00905192 , 0.00963769 , 0.00916597
0.00905192 , 0.00963769 , 1
0.00905192 , 0.00903983 , 0.00824772
0.00905192 , 0.00916597 , 1
0.00905192 , 0.00930536 , 1
0.00905192 , 0.00903983 , 1
0.00905192 , 0.00916597 , 0.00916597
0.00905192 , 0.00892465 , 0.00916597
