0.0115602 , 0.012014 , 0.0119578
0.0105984 , 0.00916872 , 0.0097569
0.00987544 , 0.0106806 , 0.0130927
0.00924316 , 0.00775691 , 0.00420573
0.00738806 , 0.00624076 , 0.0113987
0.0101243 , 0.00890385 , 0.00516258
0.00926445 , 0.00916872 , 0.0097569
0.00947792 , 0.0101351 , 0.00765414
0.00618124 , 0.00434789 , 0.00280954
0.0095475 , 0.00970312 , 0.0119578
0.00880888 , 0.0084833 , 0.00373524
0.00962793 , 0.0092751 , 0.0097569
0.0104071 , 0.0136682 , 0.00373524
0.00941911 , 0.01151 , 0.00564925
0.0105874 , 0.0100267 , 0.0142486
0.00940309 , 0.00916872 , 0.00765414
0.0081705 , 0.00724548 , 0.0102981
0.00750554 , 0.0089567 , 0.00373524
0.0114933 , 0.0130927 , 0.0136682
0.00869833 , 0.00858806 , 0.0160175
0.0108344 , 0.0117334 , 0.00765414
0.00912623 , 0.0100809 , 0.0130927
0.00829535 , 0.00770549 , 0.00326988
0.0106806 , 0.0126361 , 0.0113987
0.00940843 , 0.0104071 , 0.0102981
0.0103689 , 0.00948861 , 0.0108454
0.0109997 , 0.0119016 , 0.0125225
0.0109721 , 0.0124658 , 0.0113987
0.0125055 , 0.012864 , 0.0125225
0.00810302 , 0.00911562 , 0.0125225
0.0097892 , 0.00922188 , 0.0148338
0.010928 , 0.0092751 , 0.0227786
0.0108344 , 0.0111213 , 0.0119578
0.00794771 , 0.00801494 , 0.00516258
0.0105382 , 0.00827452 , 0.0113987
0.0102981 , 0.00911562 , 0.00922188
0.0101351 , 0.0118455 , 0.0061416
0.00924848 , 0.0119016 , 0.00280954
0.010418 , 0.0113987 , 0.019659
0.0108234 , 0.0103526 , 0.00468146
0.00908909 , 0.0097569 , 0.00714392
0.00921124 , 0.010571 , 0.0154235
0.0113097 , 0.0102437 , 0.0097569
0.00976767 , 0.00811859 , 0.00922188
0.00930706 , 0.00822248 , 0.0142486
0.00753113 , 0.00739827 , 0.0130927
0.0100701 , 0.0110108 , 0.0119578
0.00995103 , 0.00832662 , 0.0113987
0.0106148 , 0.0102981 , 0.0125225
0.00869307 , 0.00938173 , 0.0113987
0.0098323 , 0.0096494 , 0.0136682
0.00853041 , 0.0058455 , 0.00564925
0.0118119 , 0.0138418 , 0.0130927
0.0090149 , 0.00943514 , 0.00869307
0.00886689 , 0.00806673 , 0.00869307
0.00851994 , 0.0084833 , 0.0113987
0.011644 , 0.012864 , 0.0081705
0.0100917 , 0.00874567 , 0.00714392
0.0129726 , 0.0141321 , 0.019659
0.00886161 , 0.0119578 , 0.0125225
0.0102872 , 0.00837878 , 0.0154235
0.00921124 , 0.00991862 , 0.00869307
0.010418 , 0.00943514 , 0.0136682
0.0104726 , 0.0100809 , 0.00714392
0.00979459 , 0.0126361 , 0.0142486
0.00976228 , 0.00801494 , 0.0119578
0.00995643 , 0.00959574 , 0.0148338
0.00855661 , 0.00791155 , 0.0148338
0.00779295 , 0.00785994 , 0.00922188
0.00846237 , 0.00579635 , 0.00420573
0.0101948 , 0.0110108 , 0.0081705
0.0108784 , 0.01151 , 0.0081705
0.00879307 , 0.00864054 , 0.00564925
0.0123582 , 0.0112321 , 0.019659
0.00998887 , 0.0092751 , 0.0125225
0.00876673 , 0.00801494 , 0.00765414
0.00972463 , 0.00729635 , 0.0081705
0.00913685 , 0.00938173 , 0.0166155
0.00956358 , 0.00864054 , 0.00922188
0.00917934 , 0.0103526 , 0.00869307
0.010418 , 0.0089567 , 0.00420573
0.0106861 , 0.0130355 , 0.0130927
0.010108 , 0.0104071 , 0.0108454
0.00856709 , 0.0103526 , 0.0081705
0.00941911 , 0.00906258 , 0.00190372
0.0101459 , 0.0100809 , 0.00922188
0.00946722 , 0.00959574 , 0.0125225
0.00802529 , 0.00811859 , 0.00869307
0.00841011 , 0.0068911 , 0.0113987
0.00936039 , 0.00954215 , 0.00468146
0.00906788 , 0.00827452 , 0.00663978
0.0104398 , 0.010571 , 0.0130927
0.00908909 , 0.00932839 , 0.00190372
0.0101948 , 0.00885106 , 0.0148338
0.0106038 , 0.010571 , 0.0125225
0.0100484 , 0.00879834 , 0.00714392
0.0110108 , 0.0117894 , 0.0102981
0.00917934 , 0.00959574 , 0.00765414
0.00994562 , 0.00932839 , 0.0097569
0.00917403 , 0.0097569 , 0.0097569
