0.0509559 , 0.0501197 , 0.0539762
0.0501776 , 0.049226 , 0.0512528
0.0518313 , 0.0519049 , 0.0490243
0.0516798 , 0.0510841 , 0.054312
0.0524536 , 0.0525862 , 0.0539762
0.0524584 , 0.0517797 , 0.0534789
0.0506542 , 0.050493 , 0.0509468
0.0499966 , 0.0506889 , 0.0498977
0.0509239 , 0.0508403 , 0.0520306
0.0507252 , 0.0498093 , 0.0536438
0.0520636 , 0.0511147 , 0.048881
0.05185 , 0.0527145 , 0.0538096
0.0507479 , 0.0509163 , 0.0507948
0.0517734 , 0.050962 , 0.0533147
0.0508646 , 0.0505532 , 0.0507948
0.0503641 , 0.0520936 , 0.0536438
0.0518375 , 0.0517484 , 0.0534789
0.0514687 , 0.0514687 , 0.0521884
0.0519378 , 0.0510536 , 0.0528273
0.0513914 , 0.0512836 , 0.0526664
0.0497108 , 0.0501642 , 0.0514069
0.0480353 , 0.0479782 , 0.0461382
0.0515415 , 0.0513297 , 0.0528273
0.0503776 , 0.0494435 , 0.0514069
0.0515617 , 0.0518109 , 0.0498977
0.0500233 , 0.049604 , 0.0528273
0.0501241 , 0.0503432 , 0.0497505
0.0526615 , 0.0522358 , 0.0518735
0.0506074 , 0.050478 , 0.050493
0.0505411 , 0.0500159 , 0.054312
0.0479991 , 0.0481456 , 0.0472081
0.0523136 , 0.0523469 , 0.0538096
0.0515183 , 0.0513143 , 0.0484547
0.0522485 , 0.0518109 , 0.0525062
0.0504945 , 0.0502536 , 0.0539762
0.0531661 , 0.05371 , 0.0575009
0.0516939 , 0.0541437 , 0.0498977
0.0503581 , 0.0505081 , 0.0485962
0.0505141 , 0.0492549 , 0.0478948
0.051952 , 0.0519834 , 0.0491683
0.0532395 , 0.0530863 , 0.0544813
0.0524313 , 0.0521567 , 0.0534789
0.0513143 , 0.0519049 , 0.0490243
0.0517609 , 0.0508403 , 0.0510994
0.0511822 , 0.0518579 , 0.0507948
0.0506436 , 0.0514687 , 0.0514069
0.0508677 , 0.0517328 , 0.0497505
0.0512052 , 0.050463 , 0.0476184
0.0502715 , 0.0499124 , 0.0487383
0.0515136 , 0.0506889 , 0.0536438
0.0491366 , 0.0488238 , 0.0469374
0.0512651 , 0.0512528 , 0.0546514
0.0505938 , 0.0501642 , 0.049604
0.0517484 , 0.0519049 , 0.0498977
0.0510918 , 0.0517172 , 0.0534789
0.0505141 , 0.050194 , 0.0546514
0.0513036 , 0.0521884 , 0.0480339
0.0498181 , 0.0495164 , 0.0477563
0.0512851 , 0.0505081 , 0.0533147
0.0505607 , 0.05009 , 0.0483139
0.0503596 , 0.0501494 , 0.0452298
0.0518469 , 0.0512836 , 0.0520306
0.0514904 , 0.0516083 , 0.0529889
0.0499922 , 0.0506889 , 0.0469374
0.0511377 , 0.05081 , 0.0514069
0.0515183 , 0.0505381 , 0.0558675
0.0510765 , 0.0511607 , 0.0553408
0.0514316 , 0.0532493 , 0.0506436
0.0498726 , 0.0496186 , 0.0464025
0.0525302 , 0.0529242 , 0.0494581
0.0513205 , 0.0502387 , 0.0500455
0.0518203 , 0.0511454 , 0.0493129
0.0519535 , 0.0517484 , 0.055691
0.0507146 , 0.0515462 , 0.0487383
0.0500485 , 0.0500011 , 0.0478948
0.0496903 , 0.0507494 , 0.045102
0.0515974 , 0.0508859 , 0.0526664
0.0494785 , 0.0489096 , 0.0507948
0.0507025 , 0.0503133 , 0.0517172
0.049821 , 0.050478 , 0.0518735
0.0522866 , 0.0520148 , 0.0509468
0.051599 , 0.0513914 , 0.0573153
0.0526134 , 0.0520621 , 0.0509468
0.0502536 , 0.0494726 , 0.0483139
0.0512175 , 0.0519677 , 0.0494581
0.0517516 , 0.0521884 , 0.0506436
0.0510429 , 0.0525382 , 0.0507948
0.0523247 , 0.0503881 , 0.0523469
0.0498372 , 0.0492405 , 0.0481736
0.0488624 , 0.0491683 , 0.0461382
0.0496552 , 0.0501345 , 0.0503432
0.0507267 , 0.0505081 , 0.0509468
0.0503686 , 0.0501345 , 0.049604
0.0510047 , 0.0510841 , 0.0500455
0.0507948 , 0.0505833 , 0.0526664
0.0495587 , 0.0495164 , 0.0510994
0.0524951 , 0.0524743 , 0.0531514
0.0513313 , 0.0521567 , 0.0480339
0.0493535 , 0.0494581 , 0.0490243
0.0497931 , 0.0489239 , 0.0468028
