0.0110841 , 0.0114338 , 0.0117777
0.0110841 , 0.011191 , 0.00857136
0.0110841 , 0.0105456 , 0.0137256
0.0110841 , 0.0108345 , 0.0121585
0.0110841 , 0.0107931 , 0.00904892
0.0110841 , 0.0120486 , 0.010936
0.0110841 , 0.0108484 , 0.0101596
0.0110841 , 0.0112376 , 0.0120152
0.0110841 , 0.0106554 , 0.0123024
0.0110841 , 0.0111864 , 0.0104772
0.0110841 , 0.0110517 , 0.00993461
0.0110841 , 0.0114011 , 0.0116831
0.0110841 , 0.010973 , 0.0115889
0.0110841 , 0.0113122 , 0.0112143
0.0110841 , 0.0108438 , 0.0101145
0.0110841 , 0.0111306 , 0.0107058
0.0110841 , 0.010876 , 0.00891802
0.0110841 , 0.0113777 , 0.0115889
0.0110841 , 0.0106829 , 0.00953322
0.0110841 , 0.0110749 , 0.0120629
0.0110841 , 0.0110424 , 0.00931224
0.0110841 , 0.0109175 , 0.0104317
0.0110841 , 0.0116973 , 0.0121107
0.0110841 , 0.0110054 , 0.0131788
0.0110841 , 0.0108484 , 0.0111677
0.0110841 , 0.0112655 , 0.00988978
0.0110841 , 0.0115277 , 0.0111677
0.0110841 , 0.0113683 , 0.0102048
0.0110841 , 0.011112 , 0.0116831
0.0110841 , 0.0110054 , 0.0112609
0.0110841 , 0.0107977 , 0.0133271
0.0110841 , 0.0115183 , 0.0125436
0.0110841 , 0.0113964 , 0.0107518
0.0110841 , 0.0108345 , 0.0117304
0.0110841 , 0.0107793 , 0.01066
0.0110841 , 0.0111073 , 0.0109822
0.0110841 , 0.0117209 , 0.0108899
0.0110841 , 0.0111073 , 0.0100244
0.0110841 , 0.0109129 , 0.0113543
0.0110841 , 0.0115089 , 0.0114011
0.0110841 , 0.0107655 , 0.0102048
0.0110841 , 0.0111073 , 0.0105685
0.0110841 , 0.0106554 , 0.0100244
0.0110841 , 0.0113309 , 0.0103407
0.0110841 , 0.0108714 , 0.0114479
0.0110841 , 0.0114292 , 0.0112609
0.0110841 , 0.0111724 , 0.0114011
0.0110841 , 0.0115653 , 0.00918033
0.0110841 , 0.0109869 , 0.0118725
0.0110841 , 0.0106051 , 0.0122064
0.0110841 , 0.0101055 , 0.011636
0.0110841 , 0.0111445 , 0.0101145
0.0110841 , 0.0111352 , 0.0110749
0.0110841 , 0.0111445 , 0.0099795
0.0110841 , 0.0112422 , 0.0114011
0.0110841 , 0.0112189 , 0.00962201
0.0110841 , 0.0107977 , 0.00931224
0.0110841 , 0.0120295 , 0.0113075
0.0110841 , 0.0110471 , 0.00944466
0.0110841 , 0.0111445 , 0.0130312
0.0110841 , 0.0108115 , 0.0130312
0.0110841 , 0.0104499 , 0.0115889
0.0110841 , 0.0111166 , 0.0118251
0.0110841 , 0.0113309 , 0.0110285
0.0110841 , 0.0112795 , 0.0125436
0.0110841 , 0.0110795 , 0.0116831
0.0110841 , 0.0106554 , 0.0121107
0.0110841 , 0.0118677 , 0.0113075
0.0110841 , 0.011773 , 0.0104772
0.0110841 , 0.0113683 , 0.0100244
0.0110841 , 0.0113262 , 0.00874425
0.0110841 , 0.0112889 , 0.00975563
0.0110841 , 0.0113636 , 0.0123505
0.0110841 , 0.0114761 , 0.00835646
0.0110841 , 0.011636 , 0.0105685
0.0110841 , 0.0108945 , 0.01066
0.0110841 , 0.0107242 , 0.0127378
0.0110841 , 0.0107058 , 0.00975563
0.0110841 , 0.0116407 , 0.0110749
0.0110841 , 0.0115936 , 0.0102501
0.0110841 , 0.0112422 , 0.0123987
0.0110841 , 0.0109591 , 0.0129331
0.0110841 , 0.0116784 , 0.0116831
0.0110841 , 0.0114573 , 0.00957759
0.0110841 , 0.0110332 , 0.0117304
0.0110841 , 0.0118535 , 0.0086577
0.0110841 , 0.0114667 , 0.0121585
0.0110841 , 0.0108069 , 0.0106142
0.0110841 , 0.0104772 , 0.0117777
0.0110841 , 0.0107426 , 0.0124469
0.0110841 , 0.0107885 , 0.0104772
0.0110841 , 0.0108991 , 0.0109822
0.0110841 , 0.0109776 , 0.0105685
0.0110841 , 0.0109499 , 0.0106142
0.0110841 , 0.0114901 , 0.00904892
0.0110841 , 0.0110656 , 0.0117304
0.0110841 , 0.0112982 , 0.0102954
0.0110841 , 0.0113262 , 0.0113075
0.0110841 , 0.011205 , 0.0115418
0.0110841 , 0.0109684 , 0.0125921
