0.04059 , 0.0406691 , 0.0426453
0.04059 , 0.040226 , 0.0400284
0.04059 , 0.0409716 , 0.0403583
0.04059 , 0.0414478 , 0.040138
0.04059 , 0.0400175 , 0.040469
0.04059 , 0.0403031 , 0.0419425
0.04059 , 0.0409604 , 0.0377047
0.04059 , 0.041746 , 0.0414821
0.04059 , 0.0406691 , 0.0428829
0.04059 , 0.0389414 , 0.0399192
0.04059 , 0.040138 , 0.0384266
0.04059 , 0.0413338 , 0.0434845
0.04059 , 0.0413907 , 0.0414821
0.04059 , 0.0400613 , 0.0406914
0.04059 , 0.0393784 , 0.0392713
0.04059 , 0.0404357 , 0.038952
0.04059 , 0.0407808 , 0.0382188
0.04059 , 0.0415966 , 0.041028
0.04059 , 0.040226 , 0.0377047
0.04059 , 0.0404468 , 0.0403583
0.04059 , 0.0411522 , 0.0387409
0.04059 , 0.040248 , 0.0412542
0.04059 , 0.041107 , 0.0414821
0.04059 , 0.0397235 , 0.0382188
0.04059 , 0.041107 , 0.0397018
0.04059 , 0.0407585 , 0.038952
0.04059 , 0.0410844 , 0.0370982
0.04059 , 0.0404579 , 0.040138
0.04059 , 0.0403693 , 0.0390581
0.04059 , 0.0408593 , 0.0381153
0.04059 , 0.0419425 , 0.0409154
0.04059 , 0.0408817 , 0.0385311
0.04059 , 0.0405022 , 0.0380122
0.04059 , 0.040469 , 0.0403583
0.04059 , 0.041107 , 0.0421751
0.04059 , 0.0405578 , 0.0390581
0.04059 , 0.040658 , 0.0380122
0.04059 , 0.0395937 , 0.0424093
0.04059 , 0.0414021 , 0.0387409
0.04059 , 0.0403141 , 0.0406914
0.04059 , 0.040149 , 0.0409154
0.04059 , 0.040226 , 0.0399192
0.04059 , 0.039843 , 0.040248
0.04059 , 0.0403031 , 0.0420586
0.04059 , 0.0403141 , 0.0420586
0.04059 , 0.0400503 , 0.0375013
0.04059 , 0.0390794 , 0.0418268
0.04059 , 0.0408032 , 0.0400284
0.04059 , 0.040193 , 0.0399192
0.04059 , 0.0405689 , 0.0395937
0.04059 , 0.0413793 , 0.0376029
0.04059 , 0.0403693 , 0.041028
0.04059 , 0.0404357 , 0.036799
0.04059 , 0.0400284 , 0.0420586
0.04059 , 0.040138 , 0.0418268
0.04059 , 0.0409042 , 0.0412542
0.04059 , 0.040204 , 0.0418268
0.04059 , 0.0410054 , 0.038952
0.04059 , 0.0408705 , 0.0381153
0.04059 , 0.0408817 , 0.0390581
0.04059 , 0.0397995 , 0.0415966
0.04059 , 0.0406134 , 0.0399192
0.04059 , 0.041107 , 0.04058
0.04059 , 0.0408144 , 0.040469
0.04059 , 0.0409154 , 0.0390581
0.04059 , 0.0405356 , 0.0408032
0.04059 , 0.0399519 , 0.0419425
0.04059 , 0.0405356 , 0.0385311
0.04059 , 0.04058 , 0.0383225
0.04059 , 0.0400284 , 0.0393784
0.04059 , 0.0409604 , 0.040248
0.04059 , 0.0403031 , 0.036799
0.04059 , 0.0418037 , 0.0403583
0.04059 , 0.0409491 , 0.0403583
0.04059 , 0.0403362 , 0.0412542
0.04059 , 0.0401051 , 0.0392713
0.04059 , 0.0399083 , 0.0385311
0.04059 , 0.0407697 , 0.0385311
0.04059 , 0.0403472 , 0.038952
0.04059 , 0.04058 , 0.0411409
0.04059 , 0.040259 , 0.042292
0.04059 , 0.041311 , 0.0414821
0.04059 , 0.0397561 , 0.040469
0.04059 , 0.0405467 , 0.0426453
0.04059 , 0.0407585 , 0.0382188
0.04059 , 0.0417921 , 0.0434845
0.04059 , 0.0406023 , 0.0434845
0.04059 , 0.0403252 , 0.0406914
0.04059 , 0.0405022 , 0.0415966
0.04059 , 0.0406468 , 0.0400284
0.04059 , 0.039691 , 0.0386358
0.04059 , 0.0421517 , 0.0388463
0.04059 , 0.0406468 , 0.038952
0.04059 , 0.0403583 , 0.0366999
0.04059 , 0.0414364 , 0.0418268
0.04059 , 0.0406914 , 0.0406914
0.04059 , 0.0405467 , 0.042292
0.04059 , 0.0410505 , 0.0431222
0.04059 , 0.040248 , 0.040248
0.04059 , 0.0411749 , 0.036799
