0.0815917 , 0.0833198 , 0.0866044
0.0815917 , 0.0807636 , 0.0880203
0.0815917 , 0.0801179 , 0.089001
0.0815917 , 0.0811497 , 0.0771068
0.0815917 , 0.0802309 , 0.0822966
0.0815917 , 0.0815012 , 0.0848102
0.0815917 , 0.0815405 , 0.0870693
0.0815917 , 0.0816587 , 0.0815012
0.0815917 , 0.0809561 , 0.0757672
0.0815917 , 0.0811497 , 0.0831125
0.0815917 , 0.0804202 , 0.0767666
0.0815917 , 0.0816193 , 0.0843772
0.0815917 , 0.0814228 , 0.0815012
0.0815917 , 0.0817377 , 0.0777983
0.0815917 , 0.0809175 , 0.0848102
0.0815917 , 0.080879 , 0.0875412
0.0815917 , 0.0823369 , 0.0822966
0.0815917 , 0.0800053 , 0.0831125
0.0815917 , 0.0820159 , 0.0822966
0.0815917 , 0.0807253 , 0.0757672
0.0815917 , 0.0834448 , 0.0764299
0.0815917 , 0.0802687 , 0.0751179
0.0815917 , 0.0801555 , 0.0861462
0.0815917 , 0.0801555 , 0.0900132
0.0815917 , 0.0827836 , 0.0818964
0.0815917 , 0.0812664 , 0.0822966
0.0815917 , 0.0819362 , 0.0843772
0.0815917 , 0.0799679 , 0.0788646
0.0815917 , 0.0819362 , 0.0843772
0.0815917 , 0.0815012 , 0.0852493
0.0815917 , 0.0822162 , 0.0848102
0.0815917 , 0.0798931 , 0.0852493
0.0815917 , 0.0810334 , 0.08395
0.0815917 , 0.0800428 , 0.0818964
0.0815917 , 0.0813055 , 0.0811109
0.0815917 , 0.0782205 , 0.0795958
0.0815917 , 0.0818964 , 0.0799679
0.0815917 , 0.0806487 , 0.0875412
0.0815917 , 0.0825392 , 0.0843772
0.0815917 , 0.0818964 , 0.0861462
0.0815917 , 0.0820959 , 0.089503
0.0815917 , 0.0827427 , 0.0831125
0.0815917 , 0.0823773 , 0.0799679
0.0815917 , 0.0813836 , 0.0875412
0.0815917 , 0.0817377 , 0.0870693
0.0815917 , 0.0801932 , 0.0795958
0.0815917 , 0.0815799 , 0.0818964
0.0815917 , 0.0817773 , 0.0799679
0.0815917 , 0.0807253 , 0.0852493
0.0815917 , 0.0812664 , 0.0811109
0.0815917 , 0.0817773 , 0.0781498
0.0815917 , 0.0827427 , 0.0835284
0.0815917 , 0.0799305 , 0.0764299
0.0815917 , 0.0839075 , 0.0767666
0.0815917 , 0.081817 , 0.0792281
0.0815917 , 0.0791186 , 0.0885068
0.0815917 , 0.0809561 , 0.0822966
0.0815917 , 0.0816193 , 0.0777983
0.0815917 , 0.0831952 , 0.0848102
0.0815917 , 0.082176 , 0.0861462
0.0815917 , 0.0820559 , 0.0803443
0.0815917 , 0.080802 , 0.0822966
0.0815917 , 0.0809947 , 0.0792281
0.0815917 , 0.0795589 , 0.0848102
0.0815917 , 0.0820559 , 0.0785052
0.0815917 , 0.0808405 , 0.0835284
0.0815917 , 0.0824986 , 0.0831125
0.0815917 , 0.0811497 , 0.0792281
0.0815917 , 0.0811497 , 0.0818964
0.0815917 , 0.0815012 , 0.0774507
0.0815917 , 0.0803443 , 0.0856945
0.0815917 , 0.0822564 , 0.0777983
0.0815917 , 0.0810334 , 0.0831125
0.0815917 , 0.0811886 , 0.0788646
0.0815917 , 0.0810721 , 0.0785052
0.0815917 , 0.0804202 , 0.0835284
0.0815917 , 0.0822564 , 0.0848102
0.0815917 , 0.0820559 , 0.0757672
0.0815917 , 0.0817773 , 0.0803443
0.0815917 , 0.0802687 , 0.0795958
0.0815917 , 0.0811109 , 0.0822966
0.0815917 , 0.0808405 , 0.0861462
0.0815917 , 0.0831125 , 0.0777983
0.0815917 , 0.0802687 , 0.0788646
0.0815917 , 0.0829888 , 0.0792281
0.0815917 , 0.0816193 , 0.08395
0.0815917 , 0.0816587 , 0.0760968
0.0815917 , 0.0828655 , 0.0799679
0.0815917 , 0.0807253 , 0.0822966
0.0815917 , 0.0832782 , 0.0803443
0.0815917 , 0.0836123 , 0.0764299
0.0815917 , 0.0801932 , 0.0803443
0.0815917 , 0.0827836 , 0.0757672
0.0815917 , 0.0824581 , 0.0822966
0.0815917 , 0.0810334 , 0.0822966
0.0815917 , 0.0823773 , 0.0799679
0.0815917 , 0.0802309 , 0.0795958
0.0815917 , 0.0811886 , 0.0788646
0.0815917 , 0.0822162 , 0.08395
0.0815917 , 0.0806487 , 0.0835284
