0.0579337 , 0.0578188 , 0.0590249
0.0579337 , 0.056674 , 0.0555154
0.0579337 , 0.0575195 , 0.0565834
0.0579337 , 0.0572045 , 0.060015
0.0579337 , 0.0581399 , 0.0569473
0.0579337 , 0.0593187 , 0.056045
0.0579337 , 0.0588692 , 0.0569473
0.0579337 , 0.0572598 , 0.0586371
0.0579337 , 0.0577625 , 0.0612443
0.0579337 , 0.0571308 , 0.0627401
0.0579337 , 0.0573338 , 0.058254
0.0579337 , 0.0574637 , 0.0590249
0.0579337 , 0.057408 , 0.0602166
0.0579337 , 0.0577812 , 0.0546514
0.0579337 , 0.0579129 , 0.0573153
0.0579337 , 0.0578 , 0.0578752
0.0579337 , 0.058083 , 0.0541437
0.0579337 , 0.0585217 , 0.0586371
0.0579337 , 0.0588304 , 0.0598145
0.0579337 , 0.0574265 , 0.0548224
0.0579337 , 0.0587723 , 0.055691
0.0579337 , 0.0582349 , 0.058254
0.0579337 , 0.0591421 , 0.0541437
0.0579337 , 0.0568012 , 0.056045
0.0579337 , 0.0592205 , 0.0616647
0.0579337 , 0.058753 , 0.0614538
0.0579337 , 0.0588498 , 0.0576875
0.0579337 , 0.0589275 , 0.054312
0.0579337 , 0.0585217 , 0.0569473
0.0579337 , 0.0582349 , 0.055167
0.0579337 , 0.0570206 , 0.0594173
0.0579337 , 0.058254 , 0.055167
0.0579337 , 0.0588692 , 0.0588304
0.0579337 , 0.0577062 , 0.0569473
0.0579337 , 0.0585409 , 0.0567648
0.0579337 , 0.0585409 , 0.0586371
0.0579337 , 0.0577437 , 0.0616647
0.0579337 , 0.0585025 , 0.060015
0.0579337 , 0.0578564 , 0.0569473
0.0579337 , 0.0588692 , 0.0594173
0.0579337 , 0.0582921 , 0.058064
0.0579337 , 0.0582159 , 0.0590249
0.0579337 , 0.0579695 , 0.0565834
0.0579337 , 0.058254 , 0.0558675
0.0579337 , 0.0569839 , 0.0629595
0.0579337 , 0.0587143 , 0.0604196
0.0579337 , 0.0587143 , 0.0590249
0.0579337 , 0.0576127 , 0.0571308
0.0579337 , 0.0590249 , 0.0573153
0.0579337 , 0.0581209 , 0.0573153
0.0579337 , 0.0587723 , 0.0578752
0.0579337 , 0.0578564 , 0.0575009
0.0579337 , 0.0583302 , 0.0548224
0.0579337 , 0.0581209 , 0.0610362
0.0579337 , 0.0575009 , 0.056045
0.0579337 , 0.0590444 , 0.0606238
0.0579337 , 0.0571308 , 0.0616647
0.0579337 , 0.0579318 , 0.0588304
0.0579337 , 0.0572598 , 0.056045
0.0579337 , 0.058273 , 0.055691
0.0579337 , 0.0572414 , 0.0612443
0.0579337 , 0.0584641 , 0.0571308
0.0579337 , 0.0572414 , 0.060015
0.0579337 , 0.0584067 , 0.0610362
0.0579337 , 0.0585986 , 0.0590249
0.0579337 , 0.0573523 , 0.0546514
0.0579337 , 0.0576314 , 0.0616647
0.0579337 , 0.0584641 , 0.058254
0.0579337 , 0.058445 , 0.055691
0.0579337 , 0.0579318 , 0.0573153
0.0579337 , 0.0572968 , 0.0571308
0.0579337 , 0.0575754 , 0.0590249
0.0579337 , 0.0570389 , 0.0567648
0.0579337 , 0.0581399 , 0.0562235
0.0579337 , 0.057094 , 0.0575009
0.0579337 , 0.056367 , 0.055167
0.0579337 , 0.0578188 , 0.0571308
0.0579337 , 0.0587336 , 0.0529889
0.0579337 , 0.0583876 , 0.0565834
0.0579337 , 0.0572414 , 0.0548224
0.0579337 , 0.0581019 , 0.0558675
0.0579337 , 0.0586564 , 0.058445
0.0579337 , 0.0579506 , 0.0539762
0.0579337 , 0.0601156 , 0.0629595
0.0579337 , 0.0586757 , 0.0567648
0.0579337 , 0.0583684 , 0.0575009
0.0579337 , 0.0575941 , 0.0538096
0.0579337 , 0.056929 , 0.0534789
0.0579337 , 0.0578376 , 0.0564029
0.0579337 , 0.0585986 , 0.0596153
0.0579337 , 0.058753 , 0.0529889
0.0579337 , 0.0575381 , 0.060015
0.0579337 , 0.0576127 , 0.0610362
0.0579337 , 0.0586757 , 0.0602166
0.0579337 , 0.0576875 , 0.0548224
0.0579337 , 0.0590054 , 0.0620906
0.0579337 , 0.0575754 , 0.0564029
0.0579337 , 0.0589664 , 0.054312
0.0579337 , 0.0577062 , 0.0523469
0.0579337 , 0.0575754 , 0.0564029
