0.0914874 , 0.0924731 , 0.0932618
0.0906418 , 0.0913261 , 0.0938376
0.0927638 , 0.0926964 , 0.0956314
0.0892359 , 0.089001 , 0.0866044
0.0923898 , 0.0900132 , 0.0938376
0.0920093 , 0.092865 , 0.089503
0.0919819 , 0.0941882 , 0.0921411
0.0927245 , 0.093606 , 0.096253
0.0933532 , 0.0925846 , 0.0905318
0.0951066 , 0.0952643 , 0.0988713
0.091439 , 0.0893515 , 0.0910591
0.0914443 , 0.0923621 , 0.0900132
0.0913959 , 0.0891007 , 0.0915954
0.0905736 , 0.0904795 , 0.0938376
0.0917255 , 0.0917038 , 0.0875412
0.089266 , 0.0906365 , 0.0856945
0.0942 , 0.093606 , 0.100268
0.0888618 , 0.0879721 , 0.101731
0.0892861 , 0.091006 , 0.0822966
0.0902196 , 0.089001 , 0.089503
0.0875412 , 0.0870693 , 0.0852493
0.090668 , 0.0914336 , 0.0875412
0.0920916 , 0.0919764 , 0.0938376
0.0899721 , 0.0896044 , 0.0885068
0.0907838 , 0.0930344 , 0.0995619
0.0897418 , 0.0894019 , 0.0900132
0.0875888 , 0.0871162 , 0.0880203
0.0933761 , 0.0934909 , 0.103266
0.0883113 , 0.0888519 , 0.0866044
0.0893868 , 0.0906891 , 0.0856945
0.0927694 , 0.0922514 , 0.0910591
0.091006 , 0.0908471 , 0.0910591
0.0885313 , 0.089001 , 0.089001
0.0943709 , 0.0952643 , 0.096253
0.0920861 , 0.0912725 , 0.096253
0.0879095 , 0.0894019 , 0.0852493
0.0929553 , 0.0932048 , 0.0861462
0.0893113 , 0.0893515 , 0.0956314
0.0901937 , 0.0909529 , 0.095022
0.0892108 , 0.0893012 , 0.0910591
0.0913261 , 0.0917038 , 0.095022
0.092501 , 0.0918126 , 0.089503
0.0904534 , 0.0921411 , 0.0885068
0.0921411 , 0.0917038 , 0.0944242
0.0916875 , 0.0925846 , 0.0921411
0.0896348 , 0.0905841 , 0.089001
0.091818 , 0.0914874 , 0.0968873
0.0932904 , 0.0926964 , 0.0956314
0.0902974 , 0.0898593 , 0.089503
0.0917636 , 0.0924175 , 0.0905318
0.0923399 , 0.094247 , 0.095022
0.0905579 , 0.0883601 , 0.0905318
0.0879624 , 0.0873044 , 0.0910591
0.0902559 , 0.0898081 , 0.0944242
0.0888569 , 0.0891007 , 0.089001
0.0907259 , 0.0892008 , 0.0861462
0.0915576 , 0.0921411 , 0.089001
0.089261 , 0.0913261 , 0.0938376
0.0889065 , 0.0896044 , 0.0880203
0.089266 , 0.0883601 , 0.08395
0.0926405 , 0.0925288 , 0.0932618
0.0922846 , 0.0917581 , 0.0875412
0.0911283 , 0.0920861 , 0.0926964
0.0915684 , 0.0906365 , 0.089503
0.0896857 , 0.0916496 , 0.0921411
0.0895536 , 0.0882626 , 0.0852493
0.0895638 , 0.0905841 , 0.0835284
0.0926796 , 0.0918671 , 0.0910591
0.0923565 , 0.0928087 , 0.0956314
0.0936753 , 0.0935484 , 0.0905318
0.0910007 , 0.0900647 , 0.0968873
0.0896603 , 0.0914874 , 0.0921411
0.0916225 , 0.091219 , 0.0956314
0.0905894 , 0.0907943 , 0.0870693
0.0928819 , 0.093954 , 0.0843772
0.0883601 , 0.0867431 , 0.0870693
0.0907101 , 0.0907416 , 0.0835284
0.0951914 , 0.0958786 , 0.0975347
0.0932105 , 0.0920312 , 0.0944242
0.091219 , 0.0906365 , 0.0835284
0.090826 , 0.0873989 , 0.0875412
0.0881606 , 0.0871631 , 0.0870693
0.0939715 , 0.0964419 , 0.095022
0.0916713 , 0.0920312 , 0.0900132
0.0899926 , 0.0869758 , 0.0932618
0.0939599 , 0.093606 , 0.0900132
0.0896095 , 0.0898081 , 0.0932618
0.0902507 , 0.0900132 , 0.0932618
0.0964609 , 0.0960652 , 0.095022
0.0907101 , 0.0919764 , 0.0843772
0.0929214 , 0.0925846 , 0.0995619
0.0911763 , 0.0907416 , 0.0938376
0.0915468 , 0.0895536 , 0.0905318
0.0904848 , 0.0884089 , 0.0875412
0.0939949 , 0.0930344 , 0.089503
0.0897622 , 0.0909529 , 0.0910591
0.0872054 , 0.0883113 , 0.0848102
0.0902196 , 0.089001 , 0.0811109
0.0903077 , 0.0901162 , 0.0852493
0.0919545 , 0.093606 , 0.0981958
