0.100925 , 0.0988031 , 0.100991
0.100925 , 0.103344 , 0.106585
0.100925 , 0.0986671 , 0.0885068
0.100925 , 0.1007 , 0.108389
0.100925 , 0.1007 , 0.104063
0.100925 , 0.101806 , 0.108389
0.100925 , 0.101956 , 0.0956314
0.100925 , 0.100055 , 0.0995619
0.100925 , 0.104225 , 0.103266
0.100925 , 0.100845 , 0.105721
0.100925 , 0.102797 , 0.096253
0.100925 , 0.102412 , 0.101731
0.100925 , 0.102489 , 0.107474
0.100925 , 0.103741 , 0.107474
0.100925 , 0.0982627 , 0.0975347
0.100925 , 0.102032 , 0.100268
0.100925 , 0.0995619 , 0.0968873
0.100925 , 0.0993531 , 0.105721
0.100925 , 0.100627 , 0.101731
0.100925 , 0.102875 , 0.104063
0.100925 , 0.102412 , 0.0981958
0.100925 , 0.103821 , 0.105721
0.100925 , 0.0989397 , 0.101731
0.100925 , 0.100483 , 0.102489
0.100925 , 0.101137 , 0.104881
0.100925 , 0.102412 , 0.103266
0.100925 , 0.100918 , 0.103266
0.100925 , 0.102183 , 0.100991
0.100925 , 0.102032 , 0.0981958
0.100925 , 0.102259 , 0.113425
0.100925 , 0.0980625 , 0.0968873
0.100925 , 0.0998424 , 0.108389
0.100925 , 0.099772 , 0.102489
0.100925 , 0.101064 , 0.100991
0.100925 , 0.100126 , 0.103266
0.100925 , 0.099913 , 0.105721
0.100925 , 0.104633 , 0.104881
0.100925 , 0.101731 , 0.107474
0.100925 , 0.102642 , 0.095022
0.100925 , 0.103902 , 0.0968873
0.100925 , 0.101433 , 0.103266
0.100925 , 0.099772 , 0.100268
0.100925 , 0.102259 , 0.100991
0.100925 , 0.102797 , 0.0988713
0.100925 , 0.0988031 , 0.103266
0.100925 , 0.101881 , 0.0975347
0.100925 , 0.099772 , 0.106585
0.100925 , 0.10034 , 0.096253
0.100925 , 0.100483 , 0.106585
0.100925 , 0.101285 , 0.0938376
0.100925 , 0.102952 , 0.102489
0.100925 , 0.101137 , 0.0981958
0.100925 , 0.100845 , 0.108389
0.100925 , 0.101656 , 0.100268
0.100925 , 0.0999837 , 0.0968873
0.100925 , 0.104551 , 0.106585
0.100925 , 0.10303 , 0.0988713
0.100925 , 0.0995619 , 0.100991
0.100925 , 0.101433 , 0.103266
0.100925 , 0.0991457 , 0.104881
0.100925 , 0.0990082 , 0.101731
0.100925 , 0.101137 , 0.0926964
0.100925 , 0.103423 , 0.0995619
0.100925 , 0.0987351 , 0.104881
0.100925 , 0.100772 , 0.101731
0.100925 , 0.100991 , 0.0988713
0.100925 , 0.0992838 , 0.0975347
0.100925 , 0.099913 , 0.104063
0.100925 , 0.101358 , 0.104881
0.100925 , 0.0997018 , 0.104881
0.100925 , 0.100197 , 0.096253
0.100925 , 0.0990082 , 0.0981958
0.100925 , 0.102032 , 0.101731
0.100925 , 0.101064 , 0.0932618
0.100925 , 0.0990082 , 0.100268
0.100925 , 0.10272 , 0.100991
0.100925 , 0.101137 , 0.108389
0.100925 , 0.103187 , 0.0968873
0.100925 , 0.0982627 , 0.101731
0.100925 , 0.100126 , 0.101731
0.100925 , 0.100483 , 0.11454
0.100925 , 0.101806 , 0.105721
0.100925 , 0.103109 , 0.100268
0.100925 , 0.101581 , 0.110306
0.100925 , 0.100555 , 0.0968873
0.100925 , 0.102412 , 0.0956314
0.100925 , 0.102797 , 0.110306
0.100925 , 0.102412 , 0.096253
0.100925 , 0.101211 , 0.104063
0.100925 , 0.0983298 , 0.0995619
0.100925 , 0.100627 , 0.100991
0.100925 , 0.100126 , 0.0956314
0.100925 , 0.0990082 , 0.110306
0.100925 , 0.100627 , 0.0932618
0.100925 , 0.101433 , 0.101731
0.100925 , 0.101433 , 0.100268
0.100925 , 0.100772 , 0.104063
0.100925 , 0.0986671 , 0.102489
0.100925 , 0.102259 , 0.101731
0.100925 , 0.101581 , 0.111311
