0.167759 , 0.17102 , 0.168104
0.167759 , 0.164219 , 0.176043
0.167759 , 0.163032 , 0.156784
0.167759 , 0.164831 , 0.176043
0.167759 , 0.168104 , 0.156784
0.167759 , 0.175142 , 0.161893
0.167759 , 0.175142 , 0.161893
0.167759 , 0.16675 , 0.187105
0.167759 , 0.162457 , 0.176043
0.167759 , 0.16362 , 0.205672
0.167759 , 0.164219 , 1
0.167759 , 0.167419 , 0.148658
0.167759 , 0.160796 , 0.168104
0.167759 , 0.167419 , 0.168104
0.167759 , 0.16362 , 0.176043
0.167759 , 0.176974 , 0.176043
0.167759 , 0.166096 , 0.187105
0.167759 , 0.164219 , 0.142302
0.167759 , 0.168806 , 0.152439
0.167759 , 0.167419 , 0.176043
0.167759 , 0.165457 , 0.161893
0.167759 , 0.164831 , 0.161893
0.167759 , 0.172598 , 0.205672
0.167759 , 0.173421 , 0.148658
0.167759 , 0.166096 , 0.187105
0.167759 , 0.160796 , 0.161893
0.167759 , 0.166096 , 0.152439
0.167759 , 0.165457 , 0.168104
0.167759 , 0.167419 , 0.161893
0.167759 , 0.172598 , 0.152439
0.167759 , 0.172598 , 0.161893
0.167759 , 0.159226 , 0.187105
0.167759 , 0.170263 , 0.205672
0.167759 , 0.171799 , 0.161893
0.167759 , 0.172598 , 0.168104
0.167759 , 0.162457 , 0.205672
0.167759 , 0.170263 , 0.187105
0.167759 , 0.162457 , 0.176043
0.167759 , 0.168806 , 0.187105
0.167759 , 0.16675 , 0.168104
0.167759 , 0.16362 , 0.168104
0.167759 , 0.167419 , 0.176043
0.167759 , 0.168806 , 0.161893
0.167759 , 0.165457 , 0.187105
0.167759 , 0.162457 , 0.168104
0.167759 , 0.168806 , 0.137073
0.167759 , 0.172598 , 0.187105
0.167759 , 0.168104 , 0.168104
0.167759 , 0.168104 , 0.168104
0.167759 , 0.173421 , 0.176043
0.167759 , 0.165457 , 0.176043
0.167759 , 0.16362 , 0.156784
0.167759 , 0.176043 , 0.148658
0.167759 , 0.170263 , 0.161893
0.167759 , 0.169525 , 0.168104
0.167759 , 0.164219 , 0.176043
0.167759 , 0.171799 , 0.187105
0.167759 , 0.175142 , 0.176043
0.167759 , 0.168104 , 0.205672
0.167759 , 0.176043 , 0.168104
0.167759 , 0.170263 , 0.168104
0.167759 , 0.174269 , 0.168104
0.167759 , 0.162457 , 0.168104
0.167759 , 0.164831 , 0.176043
0.167759 , 0.16675 , 0.148658
0.167759 , 0.16362 , 0.161893
0.167759 , 0.165457 , 0.187105
0.167759 , 0.17102 , 0.176043
0.167759 , 0.169525 , 0.168104
0.167759 , 0.169525 , 0.168104
0.167759 , 0.168104 , 1
0.167759 , 0.168806 , 0.161893
0.167759 , 0.174269 , 0.156784
0.167759 , 0.171799 , 0.205672
0.167759 , 0.162457 , 0.152439
0.167759 , 0.168104 , 0.168104
0.167759 , 0.159226 , 0.156784
0.167759 , 0.162457 , 0.187105
0.167759 , 0.168104 , 0.176043
0.167759 , 0.165457 , 0.176043
0.167759 , 0.168806 , 0.176043
0.167759 , 0.167419 , 0.187105
0.167759 , 0.172598 , 0.161893
0.167759 , 0.166096 , 0.168104
0.167759 , 0.172598 , 0.168104
0.167759 , 0.164831 , 0.168104
0.167759 , 0.166096 , 0.176043
0.167759 , 0.168104 , 0.161893
0.167759 , 0.164831 , 0.176043
0.167759 , 0.182149 , 0.161893
0.167759 , 0.170263 , 0.168104
0.167759 , 0.168806 , 0.148658
0.167759 , 0.172598 , 0.187105
0.167759 , 0.165457 , 1
0.167759 , 0.168104 , 0.156784
0.167759 , 0.16675 , 0.176043
0.167759 , 0.160796 , 0.156784
0.167759 , 0.176043 , 0.161893
0.167759 , 0.164219 , 0.205672
0.167759 , 0.169525 , 0.168104
