0.157784 , 0.156319 , 0.176043
0.157784 , 0.156784 , 0.168104
0.157784 , 0.161339 , 0.156784
0.157784 , 0.155411 , 0.156784
0.157784 , 0.155411 , 0.156784
0.157784 , 0.156784 , 0.145309
0.157784 , 0.157736 , 0.139572
0.157784 , 0.161893 , 0.168104
0.157784 , 0.160263 , 0.176043
0.157784 , 0.155411 , 0.137073
0.157784 , 0.153676 , 0.148658
0.157784 , 0.159226 , 0.176043
0.157784 , 0.160796 , 0.176043
0.157784 , 0.150488 , 0.145309
0.157784 , 0.155411 , 0.156784
0.157784 , 0.157736 , 0.187105
0.157784 , 0.161893 , 0.156784
0.157784 , 0.166096 , 0.152439
0.157784 , 0.151643 , 0.148658
0.157784 , 0.159226 , 0.168104
0.157784 , 0.160263 , 0.145309
0.157784 , 0.156319 , 0.176043
0.157784 , 0.152039 , 0.168104
0.157784 , 0.160263 , 0.168104
0.157784 , 0.159226 , 0.145309
0.157784 , 0.156784 , 0.161893
0.157784 , 0.154967 , 0.152439
0.157784 , 0.156784 , 0.176043
0.157784 , 0.168104 , 0.148658
0.157784 , 0.156784 , 0.152439
0.157784 , 0.157736 , 0.168104
0.157784 , 0.16362 , 0.152439
0.157784 , 0.158224 , 0.176043
0.157784 , 0.158721 , 0.156784
0.157784 , 0.161339 , 0.152439
0.157784 , 0.15974 , 0.176043
0.157784 , 0.163032 , 0.168104
0.157784 , 0.168806 , 0.145309
0.157784 , 0.157256 , 0.142302
0.157784 , 0.158721 , 0.156784
0.157784 , 0.157736 , 0.187105
0.157784 , 0.155411 , 0.161893
0.157784 , 0.154967 , 0.152439
0.157784 , 0.153676 , 0.168104
0.157784 , 0.157256 , 0.161893
0.157784 , 0.157736 , 0.205672
0.157784 , 0.15974 , 0.161893
0.157784 , 0.158721 , 0.168104
0.157784 , 0.158721 , 0.145309
0.157784 , 0.157736 , 0.145309
0.157784 , 0.153258 , 0.156784
0.157784 , 0.159226 , 0.156784
0.157784 , 0.159226 , 0.145309
0.157784 , 0.156319 , 0.156784
0.157784 , 0.160263 , 0.161893
0.157784 , 0.169525 , 0.152439
0.157784 , 0.160263 , 0.176043
0.157784 , 0.158721 , 0.176043
0.157784 , 0.150488 , 0.168104
0.157784 , 0.161893 , 0.156784
0.157784 , 0.156319 , 0.156784
0.157784 , 0.149376 , 0.139572
0.157784 , 0.164831 , 0.168104
0.157784 , 0.15974 , 0.161893
0.157784 , 0.161339 , 0.134767
0.157784 , 0.158224 , 0.168104
0.157784 , 0.156319 , 0.161893
0.157784 , 0.155411 , 0.156784
0.157784 , 0.155411 , 0.187105
0.157784 , 0.158224 , 0.187105
0.157784 , 0.159226 , 0.156784
0.157784 , 0.160263 , 0.161893
0.157784 , 0.155861 , 0.148658
0.157784 , 0.154531 , 0.176043
0.157784 , 0.161339 , 0.145309
0.157784 , 0.151643 , 0.148658
0.157784 , 0.158224 , 0.148658
0.157784 , 0.156784 , 0.142302
0.157784 , 0.158721 , 0.148658
0.157784 , 0.160263 , 0.161893
0.157784 , 0.16362 , 0.205672
0.157784 , 0.157736 , 0.145309
0.157784 , 0.156784 , 0.152439
0.157784 , 0.152039 , 0.176043
0.157784 , 0.152439 , 0.168104
0.157784 , 0.156319 , 0.152439
0.157784 , 0.156784 , 0.137073
0.157784 , 0.152039 , 0.152439
0.157784 , 0.157256 , 0.176043
0.157784 , 0.16362 , 0.161893
0.157784 , 0.156784 , 0.161893
0.157784 , 0.161893 , 0.137073
0.157784 , 0.1541 , 0.168104
0.157784 , 0.158224 , 0.187105
0.157784 , 0.157256 , 0.176043
0.157784 , 0.1541 , 0.142302
0.157784 , 0.15974 , 0.161893
0.157784 , 0.159226 , 0.161893
0.157784 , 0.156319 , 0.156784
0.157784 , 0.16362 , 0.152439
