0.183907 , 0.176974 , 1
0.183907 , 0.191497 , 0.168104
0.183907 , 0.177936 , 1
0.183907 , 0.188493 , 0.176043
0.183907 , 0.183309 , 1
0.183907 , 0.178932 , 0.176043
0.183907 , 0.188493 , 1
0.183907 , 0.191497 , 0.187105
0.183907 , 0.184518 , 0.176043
0.183907 , 0.187105 , 0.187105
0.183907 , 0.183309 , 0.205672
0.183907 , 0.181036 , 0.161893
0.183907 , 0.181036 , 0.205672
0.183907 , 0.193129 , 0.176043
0.183907 , 0.191497 , 0.161893
0.183907 , 0.178932 , 0.176043
0.183907 , 0.187105 , 0.187105
0.183907 , 0.187105 , 0.176043
0.183907 , 0.194863 , 0.176043
0.183907 , 0.183309 , 0.187105
0.183907 , 0.189955 , 0.168104
0.183907 , 0.176043 , 0.161893
0.183907 , 0.181036 , 1
0.183907 , 0.196712 , 0.176043
0.183907 , 0.187105 , 0.187105
0.183907 , 0.182149 , 0.168104
0.183907 , 0.177936 , 0.205672
0.183907 , 0.183309 , 0.187105
0.183907 , 0.193129 , 1
0.183907 , 0.189955 , 0.161893
0.183907 , 0.178932 , 0.156784
0.183907 , 0.182149 , 1
0.183907 , 0.187105 , 0.187105
0.183907 , 0.185782 , 0.176043
0.183907 , 0.189955 , 0.168104
0.183907 , 0.179964 , 0.161893
0.183907 , 0.191497 , 0.176043
0.183907 , 0.183309 , 0.187105
0.183907 , 0.179964 , 0.187105
0.183907 , 0.181036 , 0.168104
0.183907 , 0.188493 , 1
0.183907 , 0.183309 , 0.176043
0.183907 , 0.189955 , 1
0.183907 , 0.187105 , 1
0.183907 , 0.179964 , 0.205672
0.183907 , 0.187105 , 1
0.183907 , 0.188493 , 0.176043
0.183907 , 0.184518 , 0.205672
0.183907 , 0.188493 , 0.176043
0.183907 , 0.183309 , 0.176043
0.183907 , 0.187105 , 0.168104
0.183907 , 0.178932 , 0.187105
0.183907 , 0.191497 , 0.187105
0.183907 , 0.193129 , 0.187105
0.183907 , 0.191497 , 0.161893
0.183907 , 0.183309 , 0.176043
0.183907 , 0.177936 , 0.205672
0.183907 , 0.176043 , 0.187105
0.183907 , 0.193129 , 0.161893
0.183907 , 0.178932 , 0.205672
0.183907 , 0.193129 , 0.187105
0.183907 , 0.184518 , 1
0.183907 , 0.184518 , 0.187105
0.183907 , 0.193129 , 0.187105
0.183907 , 0.177936 , 0.161893
0.183907 , 0.181036 , 0.205672
0.183907 , 0.188493 , 0.176043
0.183907 , 0.185782 , 0.187105
0.183907 , 0.177936 , 0.187105
0.183907 , 0.181036 , 0.176043
0.183907 , 0.182149 , 0.161893
0.183907 , 0.187105 , 0.187105
0.183907 , 0.194863 , 0.176043
0.183907 , 0.185782 , 0.168104
0.183907 , 0.178932 , 0.176043
0.183907 , 0.184518 , 0.176043
0.183907 , 0.194863 , 0.176043
0.183907 , 0.191497 , 0.187105
0.183907 , 0.185782 , 0.187105
0.183907 , 0.184518 , 0.205672
0.183907 , 0.193129 , 1
0.183907 , 0.179964 , 0.168104
0.183907 , 0.178932 , 0.205672
0.183907 , 0.196712 , 0.168104
0.183907 , 0.185782 , 0.187105
0.183907 , 0.188493 , 0.205672
0.183907 , 0.178932 , 0.187105
0.183907 , 0.187105 , 0.187105
0.183907 , 0.176043 , 0.205672
0.183907 , 0.185782 , 0.176043
0.183907 , 0.194863 , 0.205672
0.183907 , 0.183309 , 0.187105
0.183907 , 0.198694 , 0.205672
0.183907 , 0.178932 , 0.205672
0.183907 , 0.182149 , 0.168104
0.183907 , 0.176043 , 0.205672
0.183907 , 0.179964 , 0.187105
0.183907 , 0.189955 , 0.187105
0.183907 , 0.181036 , 0.176043
0.183907 , 0.177936 , 0.161893
