0.129251 , 0.127166 , 0.118152
0.129251 , 0.128757 , 0.1169
0.129251 , 0.125819 , 0.125329
0.129251 , 0.130824 , 0.13063
0.129251 , 0.123751 , 0.128757
0.129251 , 0.125819 , 0.139572
0.129251 , 0.126654 , 0.119458
0.129251 , 0.125168 , 0.125329
0.129251 , 0.127687 , 0.128757
0.129251 , 0.129492 , 0.134767
0.129251 , 0.132014 , 0.128757
0.129251 , 0.129492 , 0.139572
0.129251 , 0.128576 , 0.126995
0.129251 , 0.128939 , 0.128757
0.129251 , 0.127687 , 0.120823
0.129251 , 0.129122 , 0.142302
0.129251 , 0.13063 , 0.128757
0.129251 , 0.131215 , 0.137073
0.129251 , 0.128939 , 0.123751
0.129251 , 0.126654 , 0.145309
0.129251 , 0.127687 , 0.134767
0.129251 , 0.127863 , 0.137073
0.129251 , 0.131812 , 0.128757
0.129251 , 0.132627 , 0.125329
0.129251 , 0.132834 , 0.148658
0.129251 , 0.129867 , 0.134767
0.129251 , 0.132421 , 0.142302
0.129251 , 0.13499 , 0.128757
0.129251 , 0.131413 , 0.118152
0.129251 , 0.131019 , 0.122252
0.129251 , 0.129307 , 0.122252
0.129251 , 0.128576 , 0.125329
0.129251 , 0.133253 , 0.122252
0.129251 , 0.129867 , 0.123751
0.129251 , 0.125168 , 0.142302
0.129251 , 0.129679 , 0.120823
0.129251 , 0.127339 , 0.125329
0.129251 , 0.134109 , 0.134767
0.129251 , 0.133465 , 0.123751
0.129251 , 0.127687 , 0.137073
0.129251 , 0.134109 , 0.137073
0.129251 , 0.126824 , 0.125329
0.129251 , 0.127339 , 0.137073
0.129251 , 0.130824 , 0.142302
0.129251 , 0.128576 , 0.13063
0.129251 , 0.125655 , 0.13063
0.129251 , 0.125984 , 0.134767
0.129251 , 0.126654 , 0.128757
0.129251 , 0.128576 , 0.148658
0.129251 , 0.131612 , 0.126995
0.129251 , 0.128396 , 0.139572
0.129251 , 0.127513 , 0.118152
0.129251 , 0.128757 , 0.137073
0.129251 , 0.128939 , 0.122252
0.129251 , 0.132014 , 0.13063
0.129251 , 0.127687 , 0.13063
0.129251 , 0.126654 , 0.128757
0.129251 , 0.126485 , 0.13063
0.129251 , 0.129867 , 0.128757
0.129251 , 0.126654 , 0.132627
0.129251 , 0.126485 , 0.123751
0.129251 , 0.126995 , 0.126995
0.129251 , 0.128396 , 0.139572
0.129251 , 0.13063 , 0.137073
0.129251 , 0.128939 , 0.126995
0.129251 , 0.128217 , 0.13063
0.129251 , 0.132217 , 0.125329
0.129251 , 0.133893 , 0.139572
0.129251 , 0.129679 , 0.128757
0.129251 , 0.12804 , 0.134767
0.129251 , 0.134109 , 0.134767
0.129251 , 0.131019 , 0.128757
0.129251 , 0.125329 , 0.1169
0.129251 , 0.132627 , 0.13063
0.129251 , 0.131019 , 0.132627
0.129251 , 0.128396 , 0.122252
0.129251 , 0.127687 , 0.139572
0.129251 , 0.123445 , 0.137073
0.129251 , 0.130437 , 0.125329
0.129251 , 0.127863 , 0.125329
0.129251 , 0.129867 , 0.125329
0.129251 , 0.127166 , 0.132627
0.129251 , 0.126151 , 0.119458
0.129251 , 0.130246 , 0.123751
0.129251 , 0.129122 , 0.126995
0.129251 , 0.128757 , 0.145309
0.129251 , 0.129867 , 0.137073
0.129251 , 0.129122 , 0.126995
0.129251 , 0.132834 , 0.134767
0.129251 , 0.130437 , 0.125329
0.129251 , 0.130056 , 0.123751
0.129251 , 0.130824 , 0.123751
0.129251 , 0.131612 , 0.126995
0.129251 , 0.127687 , 0.142302
0.129251 , 0.129307 , 0.137073
0.129251 , 0.133678 , 0.142302
0.129251 , 0.132217 , 0.123751
0.129251 , 0.124847 , 0.139572
0.129251 , 0.133678 , 0.142302
0.129251 , 0.129679 , 0.126995
