0.153175 , 0.1541 , 0.161893
0.153175 , 0.158721 , 0.148658
0.153175 , 0.158224 , 0.152439
0.153175 , 0.154967 , 0.152439
0.153175 , 0.1541 , 0.139572
0.153175 , 0.154967 , 0.142302
0.153175 , 0.157736 , 0.156784
0.153175 , 0.153258 , 0.168104
0.153175 , 0.1541 , 0.139572
0.153175 , 0.154531 , 0.156784
0.153175 , 0.150488 , 0.156784
0.153175 , 0.155861 , 0.156784
0.153175 , 0.152846 , 0.161893
0.153175 , 0.146274 , 0.152439
0.153175 , 0.153258 , 0.161893
0.153175 , 0.148306 , 0.145309
0.153175 , 0.154967 , 0.187105
0.153175 , 0.160263 , 0.152439
0.153175 , 0.155411 , 0.168104
0.153175 , 0.159226 , 0.156784
0.153175 , 0.149376 , 0.145309
0.153175 , 0.148658 , 0.156784
0.153175 , 0.156784 , 0.168104
0.153175 , 0.155861 , 0.187105
0.153175 , 0.157256 , 0.139572
0.153175 , 0.156784 , 0.152439
0.153175 , 0.154967 , 0.161893
0.153175 , 0.160263 , 0.148658
0.153175 , 0.1541 , 0.161893
0.153175 , 0.153676 , 0.152439
0.153175 , 0.151253 , 0.145309
0.153175 , 0.156319 , 0.152439
0.153175 , 0.155861 , 0.161893
0.153175 , 0.151253 , 0.145309
0.153175 , 0.152439 , 0.148658
0.153175 , 0.159226 , 0.148658
0.153175 , 0.158721 , 0.152439
0.153175 , 0.156319 , 0.134767
0.153175 , 0.1541 , 0.142302
0.153175 , 0.158224 , 0.156784
0.153175 , 0.156784 , 0.142302
0.153175 , 0.146603 , 0.161893
0.153175 , 0.158721 , 0.152439
0.153175 , 0.152039 , 0.161893
0.153175 , 0.157736 , 0.161893
0.153175 , 0.146274 , 0.168104
0.153175 , 0.1541 , 0.145309
0.153175 , 0.148658 , 0.161893
0.153175 , 0.155861 , 0.148658
0.153175 , 0.152846 , 0.187105
0.153175 , 0.148658 , 0.156784
0.153175 , 0.154967 , 0.205672
0.153175 , 0.155411 , 0.161893
0.153175 , 0.151253 , 0.168104
0.153175 , 0.156784 , 0.156784
0.153175 , 0.157736 , 0.168104
0.153175 , 0.154967 , 0.161893
0.153175 , 0.150488 , 0.152439
0.153175 , 0.154531 , 0.168104
0.153175 , 0.150488 , 0.145309
0.153175 , 0.149015 , 0.168104
0.153175 , 0.155411 , 0.168104
0.153175 , 0.147613 , 0.142302
0.153175 , 0.152846 , 0.148658
0.153175 , 0.149015 , 0.142302
0.153175 , 0.1541 , 0.176043
0.153175 , 0.148658 , 0.148658
0.153175 , 0.151643 , 0.156784
0.153175 , 0.152039 , 0.168104
0.153175 , 0.155411 , 0.145309
0.153175 , 0.152439 , 0.145309
0.153175 , 0.158224 , 0.148658
0.153175 , 0.158721 , 0.142302
0.153175 , 0.155411 , 0.142302
0.153175 , 0.151643 , 0.145309
0.153175 , 0.153258 , 0.168104
0.153175 , 0.157256 , 0.148658
0.153175 , 0.153676 , 0.156784
0.153175 , 0.152846 , 0.152439
0.153175 , 0.157256 , 0.168104
0.153175 , 0.154531 , 0.156784
0.153175 , 0.150868 , 0.161893
0.153175 , 0.147272 , 0.137073
0.153175 , 0.149742 , 0.145309
0.153175 , 0.1541 , 0.148658
0.153175 , 0.150488 , 0.142302
0.153175 , 0.151253 , 0.176043
0.153175 , 0.156319 , 0.176043
0.153175 , 0.147613 , 0.168104
0.153175 , 0.150868 , 0.148658
0.153175 , 0.152439 , 0.152439
0.153175 , 0.150868 , 0.152439
0.153175 , 0.151643 , 0.142302
0.153175 , 0.146603 , 0.148658
0.153175 , 0.152846 , 0.142302
0.153175 , 0.1541 , 0.148658
0.153175 , 0.153258 , 0.142302
0.153175 , 0.156784 , 0.145309
0.153175 , 0.152846 , 0.176043
0.153175 , 0.152846 , 0.148658
