0.221344 , 0.219083 , 0.205672
0.221344 , 0.229566 , 1
0.221344 , 0.219083 , 1
0.221344 , 0.219083 , 0.205672
0.221344 , 0.219083 , 1
0.221344 , 0.229566 , 0.205672
0.221344 , 0.223814 , 1
0.221344 , 0.208456 , 0.205672
0.221344 , 0.219083 , 1
0.221344 , 0.219083 , 1
0.221344 , 0.236919 , 0.205672
0.221344 , 0.219083 , 0.205672
0.221344 , 0.219083 , 0.205672
0.221344 , 0.205672 , 1
0.221344 , 0.247163 , 1
0.221344 , 0.236919 , 1
0.221344 , 0.229566 , 1
0.221344 , 0.211558 , 1
0.221344 , 0.223814 , 1
0.221344 , 0.219083 , 1
0.221344 , 0.236919 , 0.205672
0.221344 , 0.236919 , 1
0.221344 , 0.21506 , 1
0.221344 , 0.21506 , 0.205672
0.221344 , 0.223814 , 0.187105
0.221344 , 0.236919 , 0.205672
0.221344 , 0.236919 , 1
0.221344 , 0.229566 , 1
0.221344 , 0.208456 , 1
0.221344 , 0.208456 , 1
0.221344 , 0.247163 , 1
0.221344 , 0.219083 , 0.187105
0.221344 , 0.236919 , 1
0.221344 , 0.264358 , 0.205672
0.221344 , 0.229566 , 1
0.221344 , 0.21506 , 0.205672
0.221344 , 0.223814 , 0.187105
0.221344 , 0.236919 , 1
0.221344 , 0.236919 , 1
0.221344 , 0.223814 , 1
0.221344 , 0.21506 , 0.176043
0.221344 , 0.247163 , 0.187105
0.221344 , 0.223814 , 0.187105
0.221344 , 0.223814 , 1
0.221344 , 0.208456 , 0.187105
0.221344 , 0.211558 , 1
0.221344 , 0.219083 , 1
0.221344 , 0.211558 , 1
0.221344 , 0.203144 , 1
0.221344 , 0.21506 , 1
0.221344 , 0.21506 , 1
0.221344 , 0.236919 , 1
0.221344 , 0.205672 , 0.205672
0.221344 , 0.236919 , 1
0.221344 , 0.236919 , 0.205672
0.221344 , 0.219083 , 1
0.221344 , 0.247163 , 1
0.221344 , 0.21506 , 1
0.221344 , 0.247163 , 0.205672
0.221344 , 0.229566 , 1
0.221344 , 0.229566 , 0.187105
0.221344 , 0.229566 , 0.205672
0.221344 , 0.219083 , 1
0.221344 , 0.223814 , 0.205672
0.221344 , 0.219083 , 0.205672
0.221344 , 0.21506 , 0.187105
0.221344 , 0.223814 , 1
0.221344 , 0.219083 , 0.205672
0.221344 , 0.223814 , 0.187105
0.221344 , 0.223814 , 0.187105
0.221344 , 0.223814 , 0.205672
0.221344 , 0.247163 , 1
0.221344 , 0.229566 , 0.205672
0.221344 , 0.21506 , 1
0.221344 , 0.236919 , 1
0.221344 , 0.211558 , 0.205672
0.221344 , 0.219083 , 1
0.221344 , 0.247163 , 0.187105
0.221344 , 0.223814 , 0.205672
0.221344 , 0.219083 , 0.205672
0.221344 , 0.219083 , 1
0.221344 , 0.208456 , 1
0.221344 , 0.219083 , 1
0.221344 , 0.219083 , 1
0.221344 , 0.236919 , 0.205672
0.221344 , 0.205672 , 0.187105
0.221344 , 0.205672 , 1
0.221344 , 0.229566 , 0.205672
0.221344 , 0.264358 , 0.205672
0.221344 , 0.236919 , 1
0.221344 , 0.21506 , 1
0.221344 , 0.236919 , 1
0.221344 , 0.229566 , 0.205672
0.221344 , 0.223814 , 1
0.221344 , 0.21506 , 1
0.221344 , 0.21506 , 1
0.221344 , 0.21506 , 0.205672
0.221344 , 0.208456 , 0.205672
0.221344 , 0.223814 , 0.205672
0.221344 , 0.21506 , 0.205672
