0.28116 , 1 , 1
0.28116 , 0.264358 , 1
0.28116 , 1 , 1
0.28116 , 0.264358 , 1
0.28116 , 0.247163 , 1
0.28116 , 1 , 1
0.28116 , 0.247163 , 1
0.28116 , 1 , 1
0.28116 , 1 , 1
0.28116 , 1 , 1
0.28116 , 1 , 1
0.28116 , 0.264358 , 1
0.28116 , 0.264358 , 1
0.28116 , 0.264358 , 1
0.28116 , 1 , 1
0.28116 , 0.264358 , 1
0.28116 , 1 , 1
0.28116 , 1 , 1
0.28116 , 0.264358 , 1
0.28116 , 1 , 1
0.28116 , 0.264358 , 1
0.28116 , 1 , 1
0.28116 , 0.264358 , 1
0.28116 , 1 , 0.205672
0.28116 , 1 , 1
0.28116 , 0.264358 , 1
0.28116 , 0.264358 , 1
0.28116 , 0.264358 , 1
0.28116 , 0.247163 , 1
0.28116 , 1 , 1
0.28116 , 1 , 1
0.28116 , 1 , 1
0.28116 , 0.264358 , 1
0.28116 , 0.264358 , 1
0.28116 , 1 , 1
0.28116 , 1 , 1
0.28116 , 0.264358 , 1
0.28116 , 0.264358 , 1
0.28116 , 1 , 1
0.28116 , 1 , 1
0.28116 , 1 , 1
0.28116 , 1 , 1
0.28116 , 1 , 1
0.28116 , 0.264358 , 1
0.28116 , 1 , 1
0.28116 , 1 , 1
0.28116 , 1 , 1
0.28116 , 1 , 1
0.28116 , 0.264358 , 1
0.28116 , 1 , 1
0.28116 , 0.264358 , 1
0.28116 , 0.236919 , 1
0.28116 , 0.264358 , 1
0.28116 , 0.264358 , 1
0.28116 , 1 , 1
0.28116 , 0.264358 , 1
0.28116 , 1 , 1
0.28116 , 0.264358 , 1
0.28116 , 1 , 1
0.28116 , 1 , 0.205672
0.28116 , 1 , 1
0.28116 , 1 , 1
0.28116 , 0.264358 , 1
0.28116 , 1 , 1
0.28116 , 1 , 1
0.28116 , 1 , 1
0.28116 , 0.264358 , 1
0.28116 , 1 , 1
0.28116 , 0.264358 , 1
0.28116 , 0.264358 , 1
0.28116 , 1 , 1
0.28116 , 1 , 1
0.28116 , 0.264358 , 1
0.28116 , 1 , 1
0.28116 , 1 , 1
0.28116 , 1 , 1
0.28116 , 1 , 1
0.28116 , 0.264358 , 1
0.28116 , 0.247163 , 1
0.28116 , 0.236919 , 1
0.28116 , 0.264358 , 1
0.28116 , 1 , 1
0.28116 , 0.264358 , 1
0.28116 , 0.236919 , 1
0.28116 , 0.264358 , 1
0.28116 , 1 , 1
0.28116 , 1 , 1
0.28116 , 1 , 1
0.28116 , 1 , 1
0.28116 , 1 , 1
0.28116 , 1 , 1
0.28116 , 1 , 1
0.28116 , 1 , 1
0.28116 , 1 , 1
0.28116 , 0.264358 , 1
0.28116 , 1 , 0.205672
0.28116 , 0.264358 , 1
0.28116 , 0.264358 , 1
0.28116 , 0.264358 , 1
0.28116 , 1 , 0.205672
