0.254348 , 0.264358 , 1
0.254348 , 0.264358 , 1
0.254348 , 0.264358 , 1
0.254348 , 0.236919 , 1
0.254348 , 0.247163 , 1
0.254348 , 0.247163 , 1
0.254348 , 0.247163 , 0.205672
0.254348 , 0.264358 , 1
0.254348 , 1 , 0.205672
0.254348 , 0.247163 , 1
0.254348 , 0.247163 , 1
0.254348 , 0.236919 , 1
0.254348 , 0.264358 , 1
0.254348 , 1 , 1
0.254348 , 1 , 1
0.254348 , 0.236919 , 1
0.254348 , 0.236919 , 1
0.254348 , 0.264358 , 1
0.254348 , 0.264358 , 1
0.254348 , 0.264358 , 1
0.254348 , 0.247163 , 1
0.254348 , 1 , 1
0.254348 , 0.236919 , 1
0.254348 , 0.264358 , 1
0.254348 , 1 , 1
0.254348 , 0.247163 , 1
0.254348 , 0.247163 , 1
0.254348 , 0.247163 , 1
0.254348 , 0.236919 , 1
0.254348 , 0.264358 , 1
0.254348 , 0.247163 , 1
0.254348 , 1 , 1
0.254348 , 0.229566 , 1
0.254348 , 0.236919 , 1
0.254348 , 0.264358 , 1
0.254348 , 0.247163 , 1
0.254348 , 0.236919 , 1
0.254348 , 0.247163 , 1
0.254348 , 0.247163 , 1
0.254348 , 1 , 1
0.254348 , 0.264358 , 1
0.254348 , 0.247163 , 1
0.254348 , 0.247163 , 0.205672
0.254348 , 0.247163 , 1
0.254348 , 0.236919 , 1
0.254348 , 0.264358 , 1
0.254348 , 1 , 1
0.254348 , 0.264358 , 1
0.254348 , 0.264358 , 1
0.254348 , 0.264358 , 1
0.254348 , 0.264358 , 0.205672
0.254348 , 0.264358 , 1
0.254348 , 1 , 0.205672
0.254348 , 1 , 1
0.254348 , 1 , 1
0.254348 , 0.264358 , 1
0.254348 , 0.247163 , 0.205672
0.254348 , 0.264358 , 1
0.254348 , 0.247163 , 0.205672
0.254348 , 1 , 1
0.254348 , 0.264358 , 1
0.254348 , 0.247163 , 1
0.254348 , 0.236919 , 1
0.254348 , 1 , 1
0.254348 , 0.264358 , 1
0.254348 , 1 , 1
0.254348 , 0.247163 , 0.205672
0.254348 , 1 , 1
0.254348 , 0.264358 , 1
0.254348 , 0.264358 , 1
0.254348 , 0.247163 , 1
0.254348 , 0.247163 , 1
0.254348 , 1 , 1
0.254348 , 0.247163 , 1
0.254348 , 1 , 1
0.254348 , 0.247163 , 1
0.254348 , 0.264358 , 1
0.254348 , 0.247163 , 1
0.254348 , 0.247163 , 1
0.254348 , 0.247163 , 1
0.254348 , 0.264358 , 1
0.254348 , 1 , 1
0.254348 , 0.264358 , 1
0.254348 , 0.229566 , 1
0.254348 , 1 , 1
0.254348 , 1 , 1
0.254348 , 0.236919 , 1
0.254348 , 1 , 1
0.254348 , 0.264358 , 1
0.254348 , 0.264358 , 0.205672
0.254348 , 0.247163 , 0.205672
0.254348 , 0.264358 , 1
0.254348 , 0.247163 , 0.205672
0.254348 , 0.264358 , 1
0.254348 , 0.264358 , 0.187105
0.254348 , 0.264358 , 1
0.254348 , 0.264358 , 1
0.254348 , 0.236919 , 1
0.254348 , 0.264358 , 1
0.254348 , 0.264358 , 1
