0.293296 , 1 , 1
0.293296 , 1 , 1
0.293296 , 1 , 1
0.293296 , 1 , 1
0.293296 , 1 , 1
0.293296 , 1 , 1
0.293296 , 1 , 1
0.293296 , 1 , 1
0.293296 , 1 , 1
0.293296 , 1 , 1
0.293296 , 1 , 1
0.293296 , 1 , 1
0.293296 , 1 , 1
0.293296 , 1 , 1
0.293296 , 1 , 1
0.293296 , 1 , 1
0.293296 , 1 , 1
0.293296 , 1 , 1
0.293296 , 1 , 1
0.293296 , 1 , 1
0.293296 , 1 , 1
0.293296 , 0.264358 , 1
0.293296 , 0.264358 , 1
0.293296 , 0.264358 , 1
0.293296 , 1 , 1
0.293296 , 1 , 1
0.293296 , 1 , 1
0.293296 , 1 , 1
0.293296 , 1 , 1
0.293296 , 1 , 1
0.293296 , 1 , 1
0.293296 , 1 , 1
0.293296 , 1 , 1
0.293296 , 1 , 1
0.293296 , 1 , 1
0.293296 , 1 , 1
0.293296 , 1 , 1
0.293296 , 0.264358 , 1
0.293296 , 1 , 1
0.293296 , 0.264358 , 1
0.293296 , 1 , 1
0.293296 , 1 , 1
0.293296 , 1 , 1
0.293296 , 1 , 1
0.293296 , 0.264358 , 1
0.293296 , 1 , 1
0.293296 , 1 , 1
0.293296 , 1 , 1
0.293296 , 1 , 1
0.293296 , 1 , 1
0.293296 , 0.264358 , 1
0.293296 , 1 , 1
0.293296 , 1 , 1
0.293296 , 1 , 1
0.293296 , 1 , 1
0.293296 , 1 , 1
0.293296 , 1 , 1
0.293296 , 0.264358 , 1
0.293296 , 1 , 1
0.293296 , 1 , 1
0.293296 , 1 , 1
0.293296 , 1 , 1
0.293296 , 1 , 1
0.293296 , 1 , 0.205672
0.293296 , 1 , 0.205672
0.293296 , 1 , 1
0.293296 , 0.264358 , 1
0.293296 , 0.264358 , 1
0.293296 , 1 , 1
0.293296 , 1 , 1
0.293296 , 0.264358 , 1
0.293296 , 1 , 1
0.293296 , 1 , 1
0.293296 , 1 , 1
0.293296 , 0.264358 , 1
0.293296 , 0.264358 , 1
0.293296 , 1 , 1
0.293296 , 1 , 1
0.293296 , 0.264358 , 1
0.293296 , 1 , 1
0.293296 , 1 , 1
0.293296 , 1 , 1
0.293296 , 1 , 1
0.293296 , 1 , 1
0.293296 , 1 , 1
0.293296 , 1 , 1
0.293296 , 1 , 0.205672
0.293296 , 0.264358 , 1
0.293296 , 1 , 1
0.293296 , 1 , 1
0.293296 , 0.264358 , 1
0.293296 , 1 , 1
0.293296 , 1 , 1
0.293296 , 0.264358 , 1
0.293296 , 1 , 1
0.293296 , 0.264358 , 1
0.293296 , 1 , 1
0.293296 , 1 , 1
0.293296 , 0.247163 , 1
0.293296 , 1 , 1
