0.0417012 , 0.110096
0.0399499 , 0.109764
0.040412 , 0.109852
0.0488404 , 0.111461
0.0434672 , 0.110432
0.0441984 , 0.110571
0.0493723 , 0.111564
0.0453517 , 0.110791
0.0468268 , 0.111073
0.0435716 , 0.110451
0.0418047 , 0.110116
0.0391312 , 0.109609
0.0396937 , 0.109716
0.0495853 , 0.111605
0.0517216 , 0.11202
0.0469853 , 0.111104
0.0471968 , 0.111144
0.0472497 , 0.111155
0.0357442 , 0.108969
0.0398474 , 0.109745
0.0473555 , 0.111175
0.0409782 , 0.109959
0.0459303 , 0.110902
0.0495853 , 0.111605
0.0426864 , 0.110283
0.0378087 , 0.109359
0.0386214 , 0.109513
0.0471439 , 0.111134
0.0470382 , 0.111114
0.0399499 , 0.109764
0.0405663 , 0.109881
0.0490531 , 0.111502
0.047885 , 0.111277
0.0471439 , 0.111134
0.0462464 , 0.110962
0.0457198 , 0.110861
0.0475142 , 0.111205
0.0365467 , 0.10912
0.0491595 , 0.111523
0.0342507 , 0.108686
0.0415461 , 0.110067
0.0441461 , 0.110561
0.0342507 , 0.108686
0.0493723 , 0.111564
0.0427384 , 0.110293
0.044722 , 0.110671
0.0464573 , 0.111003
0.044722 , 0.110671
0.0365467 , 0.10912
0.033559 , 0.108555
0.0434672 , 0.110432
0.0441461 , 0.110561
0.0404634 , 0.109861
0.0454568 , 0.110811
0.0386723 , 0.109522
0.0494256 , 0.111574
0.043937 , 0.110521
0.0412362 , 0.110008
0.0415978 , 0.110076
0.0372523 , 0.109254
0.0471968 , 0.111144
0.0407721 , 0.10992
0.0415978 , 0.110076
0.0510261 , 0.111885
0.0446172 , 0.110651
0.0432587 , 0.110392
0.048681 , 0.11143
0.041753 , 0.110106
0.047885 , 0.111277
0.0407721 , 0.10992
0.0450367 , 0.110731
0.0450892 , 0.110741
0.043363 , 0.110412
0.0442507 , 0.110581
0.0406177 , 0.109891
0.0522573 , 0.112125
0.0434672 , 0.110432
0.0361951 , 0.109054
0.0438848 , 0.110511
0.0466156 , 0.111033
0.0440415 , 0.110541
0.0379101 , 0.109378
0.0431546 , 0.110372
0.0466684 , 0.111043
0.0492127 , 0.111533
0.0410814 , 0.109978
0.0409267 , 0.109949
0.0386214 , 0.109513
0.0398986 , 0.109754
0.0400012 , 0.109774
0.0440415 , 0.110541
0.0407207 , 0.10991
0.0392334 , 0.109628
0.0426344 , 0.110273
0.0441984 , 0.110571
0.0359445 , 0.109006
0.0424786 , 0.110244
0.0341022 , 0.108658
0.0390291 , 0.10959
0.0485217 , 0.111399
