0.0396937 , -0.0269085
0.031068 , 0.00837256
0.0341022 , 0.0161011
0.0341022 , 0.0199168
0.0380623 , 0.0247991
0.0285295 , 0.0186136
0.0312617 , 0.0171576
0.0357942 , 0.0226654
0.0320881 , 0.0166913
0.0323321 , 0.0156818
0.0341517 , 0.0181402
0.036748 , 0.0201357
0.0287668 , 0.0155981
0.0405148 , 0.0252586
0.0365467 , 0.021726
0.0378594 , 0.0306333
0.0326745 , 0.0187
0.0380115 , 0.0223961
0.0326745 , 0.0162273
0.0313101 , 0.0177545
0.0398986 , 0.0268823
0.0379608 , 0.0192196
0.0288143 , 0.0150979
0.0381638 , 0.0229354
0.04196 , 0.0312617
0.0360948 , 0.0222618
0.0404634 , 0.0227553
0.043937 , 0.0278678
0.0274444 , 0.0125964
0.0392845 , 0.0235227
0.0308263 , 0.0142701
0.034449 , 0.0223961
0.0348961 , 0.0218597
0.0329196 , 0.0213704
0.0349956 , 0.0178401
0.0345979 , 0.0174982
