0.0456031 , 0.067797
0.0499113 , 0.0692347
0.044023 , 0.0673044
0.0456622 , 0.0678157
0.041573 , 0.0665711
0.0488558 , 0.0688682
0.0498539 , 0.0692145
0.048663 , 0.0688024
0.0481024 , 0.0686126
0.048798 , 0.0688485
0.0489521 , 0.0689013
0.0497583 , 0.069181
0.0446763 , 0.067506
0.0502358 , 0.0693494
0.046212 , 0.0679913
0.048663 , 0.0688024
0.0498539 , 0.0692145
0.0483347 , 0.0686909
0.0478698 , 0.0685346
0.0505215 , 0.0694512
0.0519403 , 0.0699686
0.0492982 , 0.0690206
0.0490483 , 0.0689343
0.0492406 , 0.0690007
0.0459569 , 0.0679096
0.0520531 , 0.0700106
0.0509014 , 0.0695878
0.0462316 , 0.0679976
0.049873 , 0.0692213
0.0478504 , 0.0685281
0.0425914 , 0.0668717
0.0527466 , 0.0702716
0.0459176 , 0.067897
0.0453866 , 0.0677285
0.0495093 , 0.0690939
0.0492598 , 0.0690073
0.053213 , 0.0704501
0.048238 , 0.0686582
0.0482767 , 0.0686713
0.0419528 , 0.0666825
0.0504263 , 0.0694172
0.04295 , 0.066979
0.0521658 , 0.0700527
0.0480056 , 0.0685801
0.0471698 , 0.0683026
0.0491637 , 0.0689741
0.0475202 , 0.0684183
0.048296 , 0.0686778
0.0498348 , 0.0692078
0.0505785 , 0.0694716
0.0479474 , 0.0685606
0.0466623 , 0.0681368
0.0498348 , 0.0692078
0.0466232 , 0.0681241
0.0479668 , 0.0685671
0.0461727 , 0.0679787
0.0498922 , 0.069228
0.0473062 , 0.0683475
0.0476951 , 0.0684764
0.048296 , 0.0686778
0.0501404 , 0.0693156
0.0471308 , 0.0682898
0.0484893 , 0.0687433
0.0431093 , 0.0670268
0.0505405 , 0.069458
0.0481412 , 0.0686256
0.0442212 , 0.0673653
0.0445379 , 0.0674631
0.0474424 , 0.0683925
0.0491253 , 0.0689609
0.0455441 , 0.0677782
0.048663 , 0.0688024
0.0460943 , 0.0679535
0.0451896 , 0.0676664
0.0468186 , 0.0681877
0.0459176 , 0.067897
0.051488 , 0.0698015
0.0492982 , 0.0690206
0.0484893 , 0.0687433
0.0490099 , 0.0689211
0.04676 , 0.0681686
0.0503502 , 0.0693901
0.046584 , 0.0681114
0.0445774 , 0.0674753
0.0530639 , 0.0703928
0.045898 , 0.0678907
0.0474035 , 0.0683796
0.0447158 , 0.0675183
0.0507116 , 0.0695194
0.0480056 , 0.0685801
0.0501023 , 0.0693021
0.0506926 , 0.0695126
0.0489521 , 0.0689013
0.0411729 , 0.0664545
0.047928 , 0.0685541
0.049279 , 0.069014
0.0496051 , 0.0691274
0.0451501 , 0.067654
0.0480831 , 0.0686061
0.0504644 , 0.0694308
