0.00176991 , 0.0455345
0.000879791 , 0.045299
0.000284586 , 0.0451406
0.000275064 , 0.045138
0.00238714 , 0.0456969
0.000542635 , 0.0452094
0.000734934 , 0.0452606
0.000657898 , 0.0452401
0.00172051 , 0.0455215
0.000561821 , 0.0452145
0.000456419 , 0.0451864
0.00159233 , 0.0454876
0.00121987 , 0.0453892
0.000341775 , 0.0451559
0.000812124 , 0.0452811
6.94908e-33 , 0.0450645
0.00232704 , 0.0456811
0.000908827 , 0.0453068
0.000619438 , 0.0452298
0.00196808 , 0.0455867
0.000571418 , 0.0452171
0.000619438 , 0.0452298
0.00225701 , 0.0456627
3.78133e-05 , 0.0450746
0.000485136 , 0.0451941
0.000783159 , 0.0452734
0.00112241 , 0.0453634
0.000706027 , 0.0452529
0.00106405 , 0.0453479
0.000208475 , 0.0451202
0.000475561 , 0.0451915
0.000446852 , 0.0451839
0.000841109 , 0.0452888
6.94908e-33 , 0.0450645
0.000850776 , 0.0452913
0.000132524 , 0.0450999
0.00134691 , 0.0454228
0.00147435 , 0.0454565
0.000370402 , 0.0451635
0.000928196 , 0.0453119
0.00130778 , 0.0454125
0.000638663 , 0.045235
0.000908827 , 0.0453068
0.00266867 , 0.0457708
0.000208475 , 0.0451202
0.00219708 , 0.0456469
0.00183917 , 0.0455527
0.000418165 , 0.0451762
0.0003895 , 0.0451686
0.000504292 , 0.0451992
6.94908e-33 , 0.0450645
0.000600223 , 0.0452247
0.000879791 , 0.045299
0.000590619 , 0.0452222
0.00170076 , 0.0455163
0.0016613 , 0.0455058
0.000783159 , 0.0452734
0.000427725 , 0.0451788
0.0010349 , 0.0453402
0.000966963 , 0.0453222
0.000754217 , 0.0452657
0.000571418 , 0.0452171
0.000986361 , 0.0453273
0.00146453 , 0.0454539
0.00232704 , 0.0456811
0.000160987 , 0.0451076
0.00121987 , 0.0453892
0.00121011 , 0.0453866
0.000792812 , 0.0452759
0.00133713 , 0.0454202
0.000966963 , 0.0453222
0.000581017 , 0.0452196
0.00221705 , 0.0456522
0.00237712 , 0.0456942
0.000533046 , 0.0452068
0.0003895 , 0.0451686
0.00132734 , 0.0454176
0.000561821 , 0.0452145
0.00167116 , 0.0455084
0.00308397 , 0.0458795
0.000638663 , 0.045235
0.000465989 , 0.045189
0.00154313 , 0.0454747
0.000686768 , 0.0452478
0.000947575 , 0.045317
6.94908e-33 , 0.0450645
0.000446852 , 0.0451839
0.00107377 , 0.0453505
0.000831445 , 0.0452862
0.000928196 , 0.0453119
0.000542635 , 0.0452094
0.000986361 , 0.0453273
6.94908e-33 , 0.0450645
0.0010349 , 0.0453402
0.00105433 , 0.0453453
0.000870117 , 0.0452965
0.00176003 , 0.0455319
0.00152347 , 0.0454695
0.00208741 , 0.0456181
0.000696396 , 0.0452503
