0.0475341 , 0.0838019
0.0460449 , 0.0834403
0.0471619 , 0.083711
0.0440281 , 0.0829593
0.0468517 , 0.0836355
0.0399137 , 0.0820048
0.047286 , 0.0837413
0.0498874 , 0.0843861
0.0500728 , 0.0844328
0.043656 , 0.0828716
0.0468827 , 0.083643
0.043687 , 0.0828789
0.043191 , 0.0827624
0.0471309 , 0.0837034
0.0509678 , 0.0846601
0.0457967 , 0.0833806
0.048247 , 0.0839772
0.0441211 , 0.0829813
0.0413028 , 0.0823234
0.046107 , 0.0834552
0.0492689 , 0.084231
0.0440901 , 0.082974
0.0497638 , 0.084355
0.0421998 , 0.0825311
0.0447106 , 0.083121
0.0444624 , 0.0830621
0.0453001 , 0.0832615
0.0422617 , 0.0825455
0.0486808 , 0.0840845
0.0485569 , 0.0840538
0.0479991 , 0.0839161
0.0418285 , 0.0824449
0.0425404 , 0.0826103
0.043563 , 0.0828497
0.0478441 , 0.083878
0.043718 , 0.0828862
0.0454863 , 0.0833061
0.0425404 , 0.0826103
0.05226 , 0.0849932
0.045145 , 0.0832245
0.045207 , 0.0832393
0.0419213 , 0.0824664
0.0523214 , 0.0850092
0.0465724 , 0.0835677
0.039698 , 0.0819556
0.0484639 , 0.0840308
0.0453312 , 0.083269
0.0460449 , 0.0834403
0.0493927 , 0.0842619
0.0442142 , 0.0830033
0.043873 , 0.0829227
0.0449278 , 0.0831727
0.0448347 , 0.0831505
0.0471619 , 0.083711
0.0504742 , 0.0845345
0.0491761 , 0.0842078
0.0503816 , 0.084511
0.043656 , 0.0828716
0.0447726 , 0.0831358
0.0472549 , 0.0837337
0.0419522 , 0.0824736
0.0469447 , 0.0836581
0.0450519 , 0.0832023
0.0479991 , 0.0839161
0.0426643 , 0.0826392
0.0453001 , 0.0832615
0.047286 , 0.0837413
0.0449588 , 0.0831801
0.0484329 , 0.0840231
0.0390515 , 0.0818087
0.043594 , 0.082857
0.0499183 , 0.0843939
0.0407467 , 0.0821954
0.0420451 , 0.0824951
0.0439971 , 0.082952
0.043904 , 0.08293
0.0469137 , 0.0836506
0.0457967 , 0.0833806
0.043718 , 0.0828862
0.0464173 , 0.0835302
0.0481231 , 0.0839466
0.0521372 , 0.0849613
0.0489594 , 0.0841538
0.0403454 , 0.0821034
0.0450519 , 0.0832023
0.0464793 , 0.0835452
0.0418594 , 0.0824521
0.0478441 , 0.083878
0.0497019 , 0.0843395
0.0487737 , 0.0841076
0.0477821 , 0.0838627
0.0494545 , 0.0842774
0.0449278 , 0.0831727
0.0472549 , 0.0837337
0.0469137 , 0.0836506
0.0517068 , 0.0848499
0.0502581 , 0.0844797
0.0400678 , 0.08204
0.0459828 , 0.0834253
0.0479681 , 0.0839084
