0.014559 , -0.0269085
0.0161431 , -0.00539795
0.0204429 , 0.00579558
0.0159331 , 0.00120986
0.0221276 , 0.00468533
0.0204429 , 0.00616931
0.0220829 , 0.00937989
0.0230255 , 0.00930197
0.0186136 , 0.0018766
0.0230255 , 0.00891346
0.0141055 , 0.000446571
0.0180114 , 0.00138464
0.0179257 , 0.0039907
0.0174982 , 0.00173566
0.0236134 , 0.00662017
0.0214592 , 0.0102024
0.0200919 , 0.00937989
0.0183121 , 0.0025859
0.0167336 , 0.00301512
0.0171576 , 0.00341094
0.0219935 , 0.0056466
0.0151811 , 0.00442864
0.0162693 , 0.00283595
0.0187432 , 0.00377273
0.0183121 , 0.00348315
0.0221276 , 0.00643199
0.0195676 , 0.00450189
0.0211488 , 0.00726335
0.0186136 , 0.00100075
0.0163957 , 0.00145469
0.0189162 , 0.00435546
0.0201357 , 0.00575831
0.0183981 , 0.00226578
0.0175409 , 0.00262157
0.0175409 , 0.00337486
0.0177973 , -0.000409246
0.0188729 , 0.0060196
0.0175836 , 0.00337486
0.0161011 , 0.00237232
