0.0646697 , -0.0269085
0.0625089 , 0.0349458
0.0646697 , 0.0483624
0.0635899 , 0.0476201
0.0622926 , 0.0392334
0.0611568 , 0.0471968
0.062563 , 0.0459303
0.0684869 , 0.0521501
0.0557527 , 0.0422192
0.0583985 , 0.041753
0.0573178 , 0.0422192
0.0625089 , 0.0507055
0.055537 , 0.0400012
0.0660172 , 0.0499584
0.0556987 , 0.0409782
0.0632657 , 0.0468796
0.0616977 , 0.0411845
0.0622926 , 0.050065
0.0600208 , 0.0435716
0.0566698 , 0.0408752
0.0605618 , 0.050065
0.0654247 , 0.0541907
0.0659634 , 0.0466156
0.0573178 , 0.0437803
0.0592636 , 0.0460883
0.0607782 , 0.0516681
0.0624549 , 0.0463518
0.0632116 , 0.0505987
0.0557527 , 0.0451942
0.056346 , 0.0431025
0.059534 , 0.0423748
0.0633197 , 0.0491595
0.0533306 , 0.0362955
0.0628333 , 0.047991
0.0613732 , 0.0418047
