0.188274 , 0.022217
0.189715 , 0.160263
0.198157 , 0.190885
0.179564 , 0.178392
0.187197 , 0.175208
0.198375 , 0.190546
0.188431 , 0.189227
0.181531 , 0.181914
0.195468 , 0.204399
0.185575 , 0.185575
0.178162 , 0.181531
0.183625 , 0.189715
0.19627 , 0.180656
0.188431 , 0.186598
0.193182 , 0.188747
0.192637 , 0.186009
0.187808 , 0.192101
0.192637 , 0.192817
0.190045 , 0.182171
0.199712 , 0.197304
0.186009 , 0.177595
0.174482 , 0.172103
0.184308 , 0.190045
0.195667 , 0.194304
0.192637 , 0.206622
0.183896 , 0.185719
0.193366 , 0.181658
0.193182 , 0.183896
0.18349 , 0.186896
0.187808 , 0.192101
0.185432 , 0.186302
0.186009 , 0.181658
0.190045 , 0.185289
