0.144613 , -0.00191809
0.135928 , 0.122246
0.141205 , 0.131538
0.143535 , 0.134607
0.140371 , 0.135756
0.140096 , 0.130888
0.142572 , 0.134945
0.133058 , 0.130807
0.130364 , 0.128018
0.138068 , 0.13339
0.143293 , 0.136925
0.137056 , 0.136014
0.140417 , 0.132975
0.141814 , 0.133474
0.140509 , 0.132315
0.143148 , 0.136837
0.134988 , 0.129363
0.140972 , 0.137362
0.135243 , 0.129842
0.137538 , 0.139685
0.136925 , 0.138469
0.137935 , 0.127156
0.136014 , 0.131253
0.13636 , 0.133307
0.137847 , 0.133515
0.133307 , 0.125952
0.130003 , 0.129922
0.136707 , 0.130324
0.134649 , 0.134903
0.142572 , 0.138424
0.142859 , 0.142002
0.136273 , 0.134353
0.133933 , 0.131987
0.13745 , 0.135073
