0.155279 , 0.00961408
0.159435 , 0.138962
0.15849 , 0.154849
0.156344 , 0.158091
0.161037 , 0.155839
0.160543 , 0.153226
0.158556 , 0.153522
0.161466 , 0.157305
0.162931 , 0.161108
0.164921 , 0.15869
0.162633 , 0.161972
0.160333 , 0.160895
0.154422 , 0.153641
0.154241 , 0.14694
0.154301 , 0.153462
0.157893 , 0.15299
0.160473 , 0.160613
0.149705 , 0.143486
0.160613 , 0.161466
0.161827 , 0.162265
0.159298 , 0.151432
0.148516 , 0.141345
0.160754 , 0.152756
0.160473 , 0.159847
0.155839 , 0.150145
0.148892 , 0.14873
0.1619 , 0.15737
0.160054 , 0.155777
0.163381 , 0.159503
0.152118 , 0.148999
0.154849 , 0.154301
0.157111 , 0.14857
0.156854 , 0.156091
0.160825 , 0.15382
