0.0950885 , -0.0269085
0.0950041 , 0.0689147
0.100018 , 0.0900531
0.0936428 , 0.0836022
0.0963035 , 0.0858839
0.0957608 , 0.0863054
0.0930836 , 0.0830228
0.0997371 , 0.0900084
0.0963867 , 0.0878334
0.0911195 , 0.0816081
0.0963035 , 0.0853661
0.0901872 , 0.0787698
0.0960534 , 0.0862586
0.0938569 , 0.0844169
0.0956352 , 0.0853661
0.0943261 , 0.0845599
0.0909427 , 0.0804222
0.0976258 , 0.0887464
0.0986464 , 0.0888372
0.0944961 , 0.0838425
0.0953412 , 0.0861651
0.0964698 , 0.08579
0.0944961 , 0.0851297
0.0945385 , 0.0863521
0.102279 , 0.0933422
0.0985651 , 0.0915599
