0.251115 , 0.0282928
0.302771 , 0.170879
0.318702 , 0.235053
1 , 0.293277
0.281127 , 0.264291
0.302771 , 0.318702
0.276739 , 0.264291
0.273006 , 0.318702
0.269756 , 1
1 , 1
0.276739 , 1
0.264291 , 0.247026
0.293277 , 0.244616
0.318702 , 0.302771
0.276739 , 1
0.281127 , 0.264291
0.318702 , 0.318702
0.276739 , 1
1 , 1
1 , 1
0.286461 , 1
0.281127 , 1
1 , 1
0.273006 , 0.264291
0.273006 , 0.245794
1 , 0.302771
0.273006 , 1
1 , 1
0.318702 , 1
0.318702 , 1
1 , 1
0.293277 , 1
0.273006 , 0.247026
1 , 0.302771
