0.196207 , 0.196283
0.223642 , 0.223661
0.203725 , 0.203777
0.194983 , 0.195064
0.200383 , 0.200445
0.194983 , 0.195064
0.186342 , 0.186469
1 , 1
0.194983 , 0.195064
0.223642 , 0.223661
0.215723 , 0.215751
1 , 1
0.17695 , 0.177152
0.201986 , 0.202043
0.187144 , 0.187266
0.182078 , 0.182235
0.200383 , 0.200445
0.192731 , 0.192823
0.190699 , 0.190801
0.192731 , 0.192823
0.187144 , 0.187266
0.229211 , 0.229224
0.250101 , 0.250106
0.201986 , 0.202043
0.178527 , 0.178714
0.189753 , 0.189859
0.191691 , 0.191787
0.210053 , 0.210091
0.236989 , 0.236998
0.171591 , 0.171854
0.196207 , 0.196283
1 , 1
0.215723 , 0.215751
0.176449 , 0.176656
0.196207 , 0.196283
0.200383 , 0.200445
0.191691 , 0.191787
0.197507 , 0.197579
0.207719 , 0.207761
0.205624 , 0.205672
0.250101 , 0.250106
0.194983 , 0.195064
0.223642 , 0.223661
0.223642 , 0.223661
1 , 1
0.194983 , 0.195064
0.207719 , 0.207761
0.250101 , 0.250106
0.200383 , 0.200445
0.189753 , 0.189859
0.178527 , 0.178714
0.188847 , 0.188958
0.205624 , 0.205672
0.236989 , 0.236998
0.182732 , 0.182883
0.219295 , 0.219318
0.201986 , 0.202043
0.200383 , 0.200445
0.223642 , 0.223661
0.169336 , 0.169631
0.186342 , 0.186469
0.200383 , 0.200445
0.185569 , 0.185701
1 , 1
0.210053 , 0.210091
0.219295 , 0.219318
0.223642 , 0.223661
0.182078 , 0.182235
0.203725 , 0.203777
0.236989 , 0.236998
0.179079 , 0.179261
0.193827 , 0.193913
0.180828 , 0.180994
0.201986 , 0.202043
0.223642 , 0.223661
0.205624 , 0.205672
0.180229 , 0.1804
0.194983 , 0.195064
0.198895 , 0.198962
0.191691 , 0.191787
0.223642 , 0.223661
1 , 1
0.219295 , 0.219318
0.250101 , 0.250106
0.186342 , 0.186469
0.229211 , 0.229224
0.191691 , 0.191787
0.186342 , 0.186469
0.210053 , 0.210091
1 , 1
0.178527 , 0.178714
0.198895 , 0.198962
0.210053 , 0.210091
0.191691 , 0.191787
1 , 1
0.191691 , 0.191787
0.196207 , 0.196283
0.200383 , 0.200445
0.250101 , 0.250106
0.236989 , 0.236998
