0.194018 , 0.209714
0.197914 , 0.212286
0.19321 , 0.209192
0.197707 , 0.212147
0.195647 , 0.210778
0.196193 , 0.211138
0.190474 , 0.207457
0.194086 , 0.209758
0.189482 , 0.20684
0.192472 , 0.208719
0.190673 , 0.207581
0.196467 , 0.21132
0.192472 , 0.208719
0.194153 , 0.209801
0.189482 , 0.20684
0.194086 , 0.209758
0.191138 , 0.207873
0.192874 , 0.208976
0.195034 , 0.210375
0.192472 , 0.208719
0.19167 , 0.20821
0.195578 , 0.210733
0.189812 , 0.207044
0.188955 , 0.206514
0.200714 , 0.214191
0.187641 , 0.205712
0.192606 , 0.208805
0.192338 , 0.208634
0.194288 , 0.209889
0.191271 , 0.207957
0.193614 , 0.209452
0.19551 , 0.210688
0.189416 , 0.206799
0.193546 , 0.209409
0.190938 , 0.207748
0.186074 , 0.204768
0.195374 , 0.210598
0.201709 , 0.21488
0.196262 , 0.211184
0.187838 , 0.205831
0.195034 , 0.210375
0.183023 , 0.20298
0.19847 , 0.21266
0.18751 , 0.205632
0.198331 , 0.212566
0.190739 , 0.207623
0.192004 , 0.208421
0.200997 , 0.214387
0.183476 , 0.203242
0.190474 , 0.207457
0.196811 , 0.211548
0.193681 , 0.209496
0.19517 , 0.210464
0.196604 , 0.211411
0.193008 , 0.209063
0.197499 , 0.212008
0.198539 , 0.212707
0.202425 , 0.215378
0.200008 , 0.213707
0.195783 , 0.210867
0.194695 , 0.210154
0.192405 , 0.208677
0.191337 , 0.207999
0.192405 , 0.208677
0.192405 , 0.208677
0.194153 , 0.209801
0.188889 , 0.206474
0.193546 , 0.209409
0.192807 , 0.208934
0.193748 , 0.209539
0.197499 , 0.212008
0.194966 , 0.210331
0.189746 , 0.207003
0.189614 , 0.206921
0.191138 , 0.207873
0.188429 , 0.206191
0.19274 , 0.208891
0.194491 , 0.210021
0.192204 , 0.208549
0.195988 , 0.211003
0.185683 , 0.204536
0.193412 , 0.209322
0.188297 , 0.206111
0.197361 , 0.211915
0.194966 , 0.210331
0.194288 , 0.209889
0.194898 , 0.210287
0.193883 , 0.209626
0.191337 , 0.207999
0.191937 , 0.208379
0.188889 , 0.206474
0.189152 , 0.206636
0.19274 , 0.208891
0.19054 , 0.207498
0.201566 , 0.214781
0.193883 , 0.209626
0.194288 , 0.209889
0.195238 , 0.210509
0.186856 , 0.205237
0.201139 , 0.214485
