1 , 0.0292903
0.269756 , 0.170147
0.266877 , 0.234261
0.259793 , 0.243489
0.261943 , 0.259793
1 , 0.318702
0.269756 , 0.264291
0.318702 , 0.318702
0.276739 , 0.264291
0.259793 , 0.318702
1 , 1
0.276739 , 1
0.24968 , 0.247026
1 , 0.302771
0.293277 , 1
0.302771 , 0.264291
0.293277 , 0.318702
0.269756 , 1
0.318702 , 1
0.302771 , 0.264291
1 , 0.318702
0.281127 , 1
0.266877 , 0.23671
0.273006 , 0.257808
0.255966 , 0.245794
1 , 0.302771
0.286461 , 1
0.243489 , 0.264291
0.302771 , 0.318702
0.281127 , 1
0.252633 , 0.247026
0.302771 , 0.302771
0.254246 , 0.247026
0.266877 , 0.302771
