0.195075 , 0.0231158
0.215329 , 0.164453
0.214939 , 0.201839
0.210314 , 0.209665
0.204399 , 0.201595
0.216942 , 0.21307
0.204133 , 0.205213
0.209665 , 0.208717
0.233491 , 0.228643
0.216942 , 0.214556
0.196474 , 0.194304
0.209345 , 0.210314
0.201113 , 0.200639
0.212356 , 0.212005
0.199485 , 0.197304
0.208408 , 0.208103
0.198157 , 0.199941
0.209987 , 0.206912
0.2078 , 0.204668
0.210978 , 0.211316
0.208408 , 0.203348
0.219098 , 0.218216
0.21736 , 0.215329
0.195867 , 0.195468
0.206622 , 0.202836
0.209987 , 0.205489
