0.231306 , 0.0275384
0.232743 , 0.168378
0.244616 , 0.216942
0.225643 , 0.21955
0.226218 , 0.223989
0.221928 , 0.22453
0.220953 , 0.218654
0.226218 , 0.216942
0.235053 , 0.229942
0.24037 , 0.23671
0.223989 , 0.22001
0.222429 , 0.221436
0.264291 , 0.261943
0.229285 , 0.229285
0.228643 , 0.221928
0.239407 , 0.233491
0.24968 , 0.24968
0.24137 , 0.231306
0.218216 , 0.215723
0.242408 , 0.232743
0.221436 , 0.22294
0.24037 , 0.232015
0.22453 , 0.227404
0.223989 , 0.21955
0.239407 , 0.235869
0.218216 , 0.214177
