0.225081 , 0.0287193
0.261943 , 0.170972
0.229942 , 0.217785
0.24037 , 0.225643
0.228016 , 0.255966
0.242408 , 0.228643
0.24037 , 0.255966
0.229942 , 0.210644
0.231306 , 0.24968
0.226804 , 0.22294
0.257808 , 0.281127
0.232015 , 0.229285
0.243489 , 0.226804
0.273006 , 0.255966
0.22001 , 0.214177
0.273006 , 0.273006
0.223989 , 0.229285
0.24968 , 0.255966
0.232743 , 0.261943
0.233491 , 0.22294
0.239407 , 0.254246
0.259793 , 0.261943
0.254246 , 0.235869
0.230616 , 0.234261
0.24968 , 0.293277
0.24137 , 0.23671
0.269756 , 0.293277
0.235053 , 0.264291
0.247026 , 0.22294
0.239407 , 0.212711
0.245794 , 0.215723
0.229285 , 0.24037
0.24137 , 0.235053
0.255966 , 0.257808
