Building DAG of jobs...
Using shell: /usr/bin/bash
Provided cores: 100
Rules claiming more threads will be scaled down.
Job stats:
job                 count
----------------  -------
all                     1
plot_k_variation        2
plot_r_variation        2
total                   5

Select jobs to execute...
Execute 4 jobs...

[Sun May 11 10:18:13 2025]
localrule plot_k_variation:
    input: chrY_SimpleRepeat/varing_k/k8_r0.01.output, chrY_SimpleRepeat/varing_k/k16_r0.01.output, chrY_SimpleRepeat/varing_k/k32_r0.01.output, chrY_SimpleRepeat/varing_k/k120_r0.01.output, chrY_SimpleRepeat/varing_k/k150_r0.01.output, chrY_SimpleRepeat/varing_k/k180_r0.01.output, chrY_SimpleRepeat/varing_k/k210_r0.01.output, chrY_SimpleRepeat/varing_k/k240_r0.01.output, chrY_SimpleRepeat/varing_k/k270_r0.01.output, chrY_SimpleRepeat/varing_k/k300_r0.01.output, chrY_SimpleRepeat/varing_k/k330_r0.01.output, chrY_SimpleRepeat/varing_k/k360_r0.01.output, chrY_SimpleRepeat/varing_k/k390_r0.01.output, chrY_SimpleRepeat/varing_k/k420_r0.01.output, chrY_SimpleRepeat/varing_k/k450_r0.01.output, chrY_SimpleRepeat/varing_k/k480_r0.01.output, chrY_SimpleRepeat/varing_k/k510_r0.01.output, chrY_SimpleRepeat/varing_k/k540_r0.01.output, chrY_SimpleRepeat/varing_k/k570_r0.01.output, chrY_SimpleRepeat/varing_k/k600_r0.01.output, chrY_SimpleRepeat/varing_k/k630_r0.01.output, chrY_SimpleRepeat/varing_k/k660_r0.01.output
    output: chrY_SimpleRepeat/triple_boxplot_r0.01.png
    jobid: 47
    reason: Missing output files: chrY_SimpleRepeat/triple_boxplot_r0.01.png
    wildcards: output_dir=chrY_SimpleRepeat, fixed_r=0.01
    resources: tmpdir=/tmp


[Sun May 11 10:18:13 2025]
localrule plot_r_variation:
    input: chrY_SimpleRepeat/varing_r/r0.001_k10.output, chrY_SimpleRepeat/varing_r/r0.011_k10.output, chrY_SimpleRepeat/varing_r/r0.021_k10.output, chrY_SimpleRepeat/varing_r/r0.031_k10.output, chrY_SimpleRepeat/varing_r/r0.041_k10.output, chrY_SimpleRepeat/varing_r/r0.051_k10.output, chrY_SimpleRepeat/varing_r/r0.061_k10.output, chrY_SimpleRepeat/varing_r/r0.071_k10.output, chrY_SimpleRepeat/varing_r/r0.081_k10.output, chrY_SimpleRepeat/varing_r/r0.091_k10.output, chrY_SimpleRepeat/varing_r/r0.101_k10.output, chrY_SimpleRepeat/varing_r/r0.111_k10.output, chrY_SimpleRepeat/varing_r/r0.121_k10.output, chrY_SimpleRepeat/varing_r/r0.131_k10.output, chrY_SimpleRepeat/varing_r/r0.141_k10.output, chrY_SimpleRepeat/varing_r/r0.151_k10.output, chrY_SimpleRepeat/varing_r/r0.161_k10.output, chrY_SimpleRepeat/varing_r/r0.171_k10.output, chrY_SimpleRepeat/varing_r/r0.181_k10.output, chrY_SimpleRepeat/varing_r/r0.191_k10.output, chrY_SimpleRepeat/varing_r/r0.201_k10.output, chrY_SimpleRepeat/varing_r/r0.211_k10.output, chrY_SimpleRepeat/varing_r/r0.221_k10.output, chrY_SimpleRepeat/varing_r/r0.231_k10.output, chrY_SimpleRepeat/varing_r/r0.241_k10.output, chrY_SimpleRepeat/varing_r/r0.251_k10.output, chrY_SimpleRepeat/varing_r/r0.261_k10.output, chrY_SimpleRepeat/varing_r/r0.271_k10.output, chrY_SimpleRepeat/varing_r/r0.281_k10.output, chrY_SimpleRepeat/varing_r/r0.291_k10.output, chrY_SimpleRepeat/varing_r/r0.301_k10.output, chrY_SimpleRepeat/varing_r/r0.311_k10.output, chrY_SimpleRepeat/varing_r/r0.321_k10.output, chrY_SimpleRepeat/varing_r/r0.331_k10.output, chrY_SimpleRepeat/varing_r/r0.341_k10.output
    output: chrY_SimpleRepeat/dual_boxplot_k10.png
    jobid: 165
    reason: Missing output files: chrY_SimpleRepeat/dual_boxplot_k10.png
    wildcards: output_dir=chrY_SimpleRepeat, fixed_k=10
    resources: tmpdir=/tmp


[Sun May 11 10:18:13 2025]
localrule plot_k_variation:
    input: chr21_centromere/varing_k/k8_r0.01.output, chr21_centromere/varing_k/k16_r0.01.output, chr21_centromere/varing_k/k32_r0.01.output, chr21_centromere/varing_k/k120_r0.01.output, chr21_centromere/varing_k/k150_r0.01.output, chr21_centromere/varing_k/k180_r0.01.output, chr21_centromere/varing_k/k210_r0.01.output, chr21_centromere/varing_k/k240_r0.01.output, chr21_centromere/varing_k/k270_r0.01.output, chr21_centromere/varing_k/k300_r0.01.output, chr21_centromere/varing_k/k330_r0.01.output, chr21_centromere/varing_k/k360_r0.01.output, chr21_centromere/varing_k/k390_r0.01.output, chr21_centromere/varing_k/k420_r0.01.output, chr21_centromere/varing_k/k450_r0.01.output, chr21_centromere/varing_k/k480_r0.01.output, chr21_centromere/varing_k/k510_r0.01.output, chr21_centromere/varing_k/k540_r0.01.output, chr21_centromere/varing_k/k570_r0.01.output, chr21_centromere/varing_k/k600_r0.01.output, chr21_centromere/varing_k/k630_r0.01.output, chr21_centromere/varing_k/k660_r0.01.output
    output: chr21_centromere/triple_boxplot_r0.01.png
    jobid: 24
    reason: Missing output files: chr21_centromere/triple_boxplot_r0.01.png
    wildcards: output_dir=chr21_centromere, fixed_r=0.01
    resources: tmpdir=/tmp


[Sun May 11 10:18:13 2025]
localrule plot_r_variation:
    input: chr21_centromere/varing_r/r0.001_k30.output, chr21_centromere/varing_r/r0.011_k30.output, chr21_centromere/varing_r/r0.021_k30.output, chr21_centromere/varing_r/r0.031_k30.output, chr21_centromere/varing_r/r0.041_k30.output, chr21_centromere/varing_r/r0.051_k30.output, chr21_centromere/varing_r/r0.061_k30.output, chr21_centromere/varing_r/r0.071_k30.output, chr21_centromere/varing_r/r0.081_k30.output, chr21_centromere/varing_r/r0.091_k30.output, chr21_centromere/varing_r/r0.101_k30.output, chr21_centromere/varing_r/r0.111_k30.output, chr21_centromere/varing_r/r0.121_k30.output, chr21_centromere/varing_r/r0.131_k30.output, chr21_centromere/varing_r/r0.141_k30.output, chr21_centromere/varing_r/r0.151_k30.output, chr21_centromere/varing_r/r0.161_k30.output, chr21_centromere/varing_r/r0.171_k30.output, chr21_centromere/varing_r/r0.181_k30.output, chr21_centromere/varing_r/r0.191_k30.output, chr21_centromere/varing_r/r0.201_k30.output, chr21_centromere/varing_r/r0.211_k30.output, chr21_centromere/varing_r/r0.221_k30.output, chr21_centromere/varing_r/r0.231_k30.output, chr21_centromere/varing_r/r0.241_k30.output, chr21_centromere/varing_r/r0.251_k30.output, chr21_centromere/varing_r/r0.261_k30.output, chr21_centromere/varing_r/r0.271_k30.output, chr21_centromere/varing_r/r0.281_k30.output, chr21_centromere/varing_r/r0.291_k30.output, chr21_centromere/varing_r/r0.301_k30.output, chr21_centromere/varing_r/r0.311_k30.output, chr21_centromere/varing_r/r0.321_k30.output, chr21_centromere/varing_r/r0.331_k30.output, chr21_centromere/varing_r/r0.341_k30.output
    output: chr21_centromere/dual_boxplot_k30.png
    jobid: 129
    reason: Missing output files: chr21_centromere/dual_boxplot_k30.png
    wildcards: output_dir=chr21_centromere, fixed_k=30
    resources: tmpdir=/tmp

[Sun May 11 10:18:14 2025]
[Sun May 11 10:18:14 2025]
Error in rule plot_r_variation:
    jobid: 165
    input: chrY_SimpleRepeat/varing_r/r0.001_k10.output, chrY_SimpleRepeat/varing_r/r0.011_k10.output, chrY_SimpleRepeat/varing_r/r0.021_k10.output, chrY_SimpleRepeat/varing_r/r0.031_k10.output, chrY_SimpleRepeat/varing_r/r0.041_k10.output, chrY_SimpleRepeat/varing_r/r0.051_k10.output, chrY_SimpleRepeat/varing_r/r0.061_k10.output, chrY_SimpleRepeat/varing_r/r0.071_k10.output, chrY_SimpleRepeat/varing_r/r0.081_k10.output, chrY_SimpleRepeat/varing_r/r0.091_k10.output, chrY_SimpleRepeat/varing_r/r0.101_k10.output, chrY_SimpleRepeat/varing_r/r0.111_k10.output, chrY_SimpleRepeat/varing_r/r0.121_k10.output, chrY_SimpleRepeat/varing_r/r0.131_k10.output, chrY_SimpleRepeat/varing_r/r0.141_k10.output, chrY_SimpleRepeat/varing_r/r0.151_k10.output, chrY_SimpleRepeat/varing_r/r0.161_k10.output, chrY_SimpleRepeat/varing_r/r0.171_k10.output, chrY_SimpleRepeat/varing_r/r0.181_k10.output, chrY_SimpleRepeat/varing_r/r0.191_k10.output, chrY_SimpleRepeat/varing_r/r0.201_k10.output, chrY_SimpleRepeat/varing_r/r0.211_k10.output, chrY_SimpleRepeat/varing_r/r0.221_k10.output, chrY_SimpleRepeat/varing_r/r0.231_k10.output, chrY_SimpleRepeat/varing_r/r0.241_k10.output, chrY_SimpleRepeat/varing_r/r0.251_k10.output, chrY_SimpleRepeat/varing_r/r0.261_k10.output, chrY_SimpleRepeat/varing_r/r0.271_k10.output, chrY_SimpleRepeat/varing_r/r0.281_k10.output, chrY_SimpleRepeat/varing_r/r0.291_k10.output, chrY_SimpleRepeat/varing_r/r0.301_k10.output, chrY_SimpleRepeat/varing_r/r0.311_k10.output, chrY_SimpleRepeat/varing_r/r0.321_k10.output, chrY_SimpleRepeat/varing_r/r0.331_k10.output, chrY_SimpleRepeat/varing_r/r0.341_k10.output
    output: chrY_SimpleRepeat/dual_boxplot_k10.png
    shell:
        
        mkdir -p chrY_SimpleRepeat
        
        cd chrY_SimpleRepeat && python ../boxplot_r.py \
            -d varing_r \
            -t 0.001 \
            -k 10
        
        (one of the commands exited with non-zero exit code; note that snakemake uses bash strict mode!)

Error in rule plot_r_variation:
    jobid: 129
    input: chr21_centromere/varing_r/r0.001_k30.output, chr21_centromere/varing_r/r0.011_k30.output, chr21_centromere/varing_r/r0.021_k30.output, chr21_centromere/varing_r/r0.031_k30.output, chr21_centromere/varing_r/r0.041_k30.output, chr21_centromere/varing_r/r0.051_k30.output, chr21_centromere/varing_r/r0.061_k30.output, chr21_centromere/varing_r/r0.071_k30.output, chr21_centromere/varing_r/r0.081_k30.output, chr21_centromere/varing_r/r0.091_k30.output, chr21_centromere/varing_r/r0.101_k30.output, chr21_centromere/varing_r/r0.111_k30.output, chr21_centromere/varing_r/r0.121_k30.output, chr21_centromere/varing_r/r0.131_k30.output, chr21_centromere/varing_r/r0.141_k30.output, chr21_centromere/varing_r/r0.151_k30.output, chr21_centromere/varing_r/r0.161_k30.output, chr21_centromere/varing_r/r0.171_k30.output, chr21_centromere/varing_r/r0.181_k30.output, chr21_centromere/varing_r/r0.191_k30.output, chr21_centromere/varing_r/r0.201_k30.output, chr21_centromere/varing_r/r0.211_k30.output, chr21_centromere/varing_r/r0.221_k30.output, chr21_centromere/varing_r/r0.231_k30.output, chr21_centromere/varing_r/r0.241_k30.output, chr21_centromere/varing_r/r0.251_k30.output, chr21_centromere/varing_r/r0.261_k30.output, chr21_centromere/varing_r/r0.271_k30.output, chr21_centromere/varing_r/r0.281_k30.output, chr21_centromere/varing_r/r0.291_k30.output, chr21_centromere/varing_r/r0.301_k30.output, chr21_centromere/varing_r/r0.311_k30.output, chr21_centromere/varing_r/r0.321_k30.output, chr21_centromere/varing_r/r0.331_k30.output, chr21_centromere/varing_r/r0.341_k30.output
    output: chr21_centromere/dual_boxplot_k30.png
    shell:
        
        mkdir -p chr21_centromere
        
        cd chr21_centromere && python ../boxplot_r.py \
            -d varing_r \
            -t 0.24 \
            -k 30
        
        (one of the commands exited with non-zero exit code; note that snakemake uses bash strict mode!)

[Sun May 11 10:18:15 2025]
Finished job 24.
1 of 5 steps (20%) done
[Sun May 11 10:18:15 2025]
Finished job 47.
2 of 5 steps (40%) done
Shutting down, this might take some time.
Exiting because a job execution failed. Look above for error message
Complete log: .snakemake/log/2025-05-11T101812.654274.snakemake.log
WorkflowError:
At least one job did not complete successfully.
