Building DAG of jobs...
Using shell: /usr/bin/bash
Provided cores: 100
Rules claiming more threads will be scaled down.
Job stats:
job                 count
----------------  -------
all                     1
plot_k_variation        2
total                   3

Select jobs to execute...
Execute 2 jobs...

[Sun May 11 10:45:19 2025]
localrule plot_k_variation:
    input: chrY_SimpleRepeat/varing_k/k8_r0.01.output, chrY_SimpleRepeat/varing_k/k16_r0.01.output, chrY_SimpleRepeat/varing_k/k32_r0.01.output, chrY_SimpleRepeat/varing_k/k90_r0.01.output, chrY_SimpleRepeat/varing_k/k120_r0.01.output, chrY_SimpleRepeat/varing_k/k150_r0.01.output, chrY_SimpleRepeat/varing_k/k180_r0.01.output, chrY_SimpleRepeat/varing_k/k210_r0.01.output, chrY_SimpleRepeat/varing_k/k240_r0.01.output, chrY_SimpleRepeat/varing_k/k270_r0.01.output, chrY_SimpleRepeat/varing_k/k300_r0.01.output, chrY_SimpleRepeat/varing_k/k330_r0.01.output, chrY_SimpleRepeat/varing_k/k360_r0.01.output, chrY_SimpleRepeat/varing_k/k390_r0.01.output, chrY_SimpleRepeat/varing_k/k420_r0.01.output, chrY_SimpleRepeat/varing_k/k450_r0.01.output, chrY_SimpleRepeat/varing_k/k480_r0.01.output, chrY_SimpleRepeat/varing_k/k510_r0.01.output, chrY_SimpleRepeat/varing_k/k540_r0.01.output, chrY_SimpleRepeat/varing_k/k570_r0.01.output, chrY_SimpleRepeat/varing_k/k600_r0.01.output, chrY_SimpleRepeat/varing_k/k630_r0.01.output
    output: chrY_SimpleRepeat/triple_boxplot_r0.01.png
    jobid: 47
    reason: Missing output files: chrY_SimpleRepeat/triple_boxplot_r0.01.png
    wildcards: output_dir=chrY_SimpleRepeat, fixed_r=0.01
    resources: tmpdir=/tmp


[Sun May 11 10:45:19 2025]
localrule plot_k_variation:
    input: chr21_centromere/varing_k/k8_r0.01.output, chr21_centromere/varing_k/k16_r0.01.output, chr21_centromere/varing_k/k32_r0.01.output, chr21_centromere/varing_k/k90_r0.01.output, chr21_centromere/varing_k/k120_r0.01.output, chr21_centromere/varing_k/k150_r0.01.output, chr21_centromere/varing_k/k180_r0.01.output, chr21_centromere/varing_k/k210_r0.01.output, chr21_centromere/varing_k/k240_r0.01.output, chr21_centromere/varing_k/k270_r0.01.output, chr21_centromere/varing_k/k300_r0.01.output, chr21_centromere/varing_k/k330_r0.01.output, chr21_centromere/varing_k/k360_r0.01.output, chr21_centromere/varing_k/k390_r0.01.output, chr21_centromere/varing_k/k420_r0.01.output, chr21_centromere/varing_k/k450_r0.01.output, chr21_centromere/varing_k/k480_r0.01.output, chr21_centromere/varing_k/k510_r0.01.output, chr21_centromere/varing_k/k540_r0.01.output, chr21_centromere/varing_k/k570_r0.01.output, chr21_centromere/varing_k/k600_r0.01.output, chr21_centromere/varing_k/k630_r0.01.output
    output: chr21_centromere/triple_boxplot_r0.01.png
    jobid: 24
    reason: Missing output files: chr21_centromere/triple_boxplot_r0.01.png
    wildcards: output_dir=chr21_centromere, fixed_r=0.01
    resources: tmpdir=/tmp

[Sun May 11 10:45:21 2025]
Finished job 24.
1 of 3 steps (33%) done
[Sun May 11 10:45:21 2025]
Finished job 47.
2 of 3 steps (67%) done
Select jobs to execute...
Execute 1 jobs...

[Sun May 11 10:45:21 2025]
localrule all:
    input: chr6_RepeatMasker/triple_boxplot_r0.01.png, chr21_centromere/triple_boxplot_r0.01.png, chrY_SimpleRepeat/triple_boxplot_r0.01.png, chrY_RBMY1A1/triple_boxplot_r0.01.png, chr6_RepeatMasker/dual_boxplot_k20.png, chr21_centromere/dual_boxplot_k30.png, chrY_SimpleRepeat/dual_boxplot_k10.png, chrY_RBMY1A1/dual_boxplot_k20.png
    jobid: 0
    reason: Input files updated by another job: chr21_centromere/triple_boxplot_r0.01.png, chrY_SimpleRepeat/triple_boxplot_r0.01.png
    resources: tmpdir=/tmp

[Sun May 11 10:45:21 2025]
Finished job 0.
3 of 3 steps (100%) done
Complete log: .snakemake/log/2025-05-11T104518.821579.snakemake.log
