Building DAG of jobs...
Using shell: /usr/bin/bash
Provided cores: 100
Rules claiming more threads will be scaled down.
Job stats:
job                 count
----------------  -------
all                     1
plot_r_variation        1
total                   2

Select jobs to execute...
Execute 1 jobs...

[Mon May 12 15:06:14 2025]
localrule plot_r_variation:
    input: chr21_centromere/varying_r/r0.001_k30.output, chr21_centromere/varying_r/r0.011_k30.output, chr21_centromere/varying_r/r0.021_k30.output, chr21_centromere/varying_r/r0.031_k30.output, chr21_centromere/varying_r/r0.041_k30.output, chr21_centromere/varying_r/r0.051_k30.output, chr21_centromere/varying_r/r0.061_k30.output, chr21_centromere/varying_r/r0.071_k30.output, chr21_centromere/varying_r/r0.081_k30.output, chr21_centromere/varying_r/r0.091_k30.output, chr21_centromere/varying_r/r0.101_k30.output, chr21_centromere/varying_r/r0.111_k30.output, chr21_centromere/varying_r/r0.121_k30.output, chr21_centromere/varying_r/r0.131_k30.output, chr21_centromere/varying_r/r0.141_k30.output, chr21_centromere/varying_r/r0.151_k30.output, chr21_centromere/varying_r/r0.161_k30.output, chr21_centromere/varying_r/r0.171_k30.output, chr21_centromere/varying_r/r0.181_k30.output, chr21_centromere/varying_r/r0.191_k30.output, chr21_centromere/varying_r/r0.201_k30.output, chr21_centromere/varying_r/r0.211_k30.output, chr21_centromere/varying_r/r0.221_k30.output, chr21_centromere/varying_r/r0.231_k30.output, chr21_centromere/varying_r/r0.241_k30.output, chr21_centromere/varying_r/r0.251_k30.output, chr21_centromere/varying_r/r0.261_k30.output, chr21_centromere/varying_r/r0.271_k30.output, chr21_centromere/varying_r/r0.281_k30.output, chr21_centromere/varying_r/r0.291_k30.output, chr21_centromere/varying_r/r0.301_k30.output, chr21_centromere/varying_r/r0.311_k30.output, chr21_centromere/varying_r/r0.321_k30.output, chr21_centromere/varying_r/r0.331_k30.output, chr21_centromere/varying_r/r0.341_k30.output
    output: chr21_centromere/dual_boxplot_k30.png
    jobid: 129
    reason: Missing output files: chr21_centromere/dual_boxplot_k30.png
    wildcards: output_dir=chr21_centromere, fixed_k=30
    resources: tmpdir=/tmp

[Mon May 12 15:06:17 2025]
Finished job 129.
1 of 2 steps (50%) done
Select jobs to execute...
Execute 1 jobs...

[Mon May 12 15:06:17 2025]
localrule all:
    input: chr6_RepeatMasker/triple_boxplot_r0.01.png, chr21_centromere/triple_boxplot_r0.01.png, chrY_SimpleRepeat/triple_boxplot_r0.01.png, chrY_RBMY1A1/triple_boxplot_r0.01.png, chr6_RepeatMasker/dual_boxplot_k20.png, chr21_centromere/dual_boxplot_k30.png, chrY_SimpleRepeat/dual_boxplot_k10.png, chrY_RBMY1A1/dual_boxplot_k20.png
    jobid: 0
    reason: Input files updated by another job: chr21_centromere/dual_boxplot_k30.png
    resources: tmpdir=/tmp

[Mon May 12 15:06:17 2025]
Finished job 0.
2 of 2 steps (100%) done
Complete log: .snakemake/log/2025-05-12T150613.841227.snakemake.log
