Building DAG of jobs...
Using shell: /usr/bin/bash
Provided cores: 100
Rules claiming more threads will be scaled down.
Job stats:
job                 count
----------------  -------
all                     1
plot_r_variation        1
total                   2

Select jobs to execute...
Execute 1 jobs...

[Fri May  9 16:17:30 2025]
localrule plot_r_variation:
    input: chrY_SimpleRepeat/varing_r/r0.001_k10.output, chrY_SimpleRepeat/varing_r/r0.011_k10.output, chrY_SimpleRepeat/varing_r/r0.021_k10.output, chrY_SimpleRepeat/varing_r/r0.031_k10.output, chrY_SimpleRepeat/varing_r/r0.041_k10.output, chrY_SimpleRepeat/varing_r/r0.051_k10.output, chrY_SimpleRepeat/varing_r/r0.061_k10.output, chrY_SimpleRepeat/varing_r/r0.071_k10.output, chrY_SimpleRepeat/varing_r/r0.081_k10.output, chrY_SimpleRepeat/varing_r/r0.091_k10.output, chrY_SimpleRepeat/varing_r/r0.101_k10.output, chrY_SimpleRepeat/varing_r/r0.111_k10.output, chrY_SimpleRepeat/varing_r/r0.121_k10.output, chrY_SimpleRepeat/varing_r/r0.131_k10.output, chrY_SimpleRepeat/varing_r/r0.141_k10.output, chrY_SimpleRepeat/varing_r/r0.151_k10.output, chrY_SimpleRepeat/varing_r/r0.161_k10.output, chrY_SimpleRepeat/varing_r/r0.171_k10.output, chrY_SimpleRepeat/varing_r/r0.181_k10.output, chrY_SimpleRepeat/varing_r/r0.191_k10.output, chrY_SimpleRepeat/varing_r/r0.201_k10.output, chrY_SimpleRepeat/varing_r/r0.211_k10.output, chrY_SimpleRepeat/varing_r/r0.221_k10.output, chrY_SimpleRepeat/varing_r/r0.231_k10.output, chrY_SimpleRepeat/varing_r/r0.241_k10.output, chrY_SimpleRepeat/varing_r/r0.251_k10.output, chrY_SimpleRepeat/varing_r/r0.261_k10.output, chrY_SimpleRepeat/varing_r/r0.271_k10.output, chrY_SimpleRepeat/varing_r/r0.281_k10.output, chrY_SimpleRepeat/varing_r/r0.291_k10.output, chrY_SimpleRepeat/varing_r/r0.301_k10.output, chrY_SimpleRepeat/varing_r/r0.311_k10.output, chrY_SimpleRepeat/varing_r/r0.321_k10.output, chrY_SimpleRepeat/varing_r/r0.331_k10.output, chrY_SimpleRepeat/varing_r/r0.341_k10.output
    output: chrY_SimpleRepeat/dual_boxplot_k10.png
    jobid: 193
    reason: Missing output files: chrY_SimpleRepeat/dual_boxplot_k10.png
    wildcards: output_dir=chrY_SimpleRepeat, fixed_k=10
    resources: tmpdir=/tmp

Waiting at most 5 seconds for missing files.
MissingOutputException in rule plot_r_variation in file /home/hvw5426/kmer-stats-repeat_Reproduce/Comparasion_of_two_estimators/snakefile, line 129:
Job 193  completed successfully, but some output files are missing. Missing files after 5 seconds. This might be due to filesystem latency. If that is the case, consider to increase the wait time with --latency-wait:
chrY_SimpleRepeat/dual_boxplot_k10.png (missing locally, parent dir contents: triple_boxplot_r0.01.png, boxplot_k10.png, varing_k, varing_r)
Shutting down, this might take some time.
Exiting because a job execution failed. Look above for error message
Complete log: .snakemake/log/2025-05-09T161729.962112.snakemake.log
WorkflowError:
At least one job did not complete successfully.
