0.00856539 , 0.00849153 , 0.00881399
0.00856539 , 0.00988731 , 0.00881399
0.00856539 , 0.00808455 , 0.00779485
0.00856539 , 0.00849153 , 0.00779485
0.00856539 , 0.00849153 , 0.00779485
0.00856539 , 0.00798657 , 0.010018
0.00856539 , 0.00903798 , 0.010018
0.00856539 , 0.010018 , 0.0114896
0.00856539 , 0.0101513 , 0.010018
0.00856539 , 0.00870476 , 0.00881399
0.00856539 , 0.00828493 , 0.00881399
0.00856539 , 0.00770102 , 0.00881399
0.00856539 , 0.00828493 , 0.00779485
0.00856539 , 0.00733838 , 0.00691119
0.00856539 , 0.00881399 , 0.00543274
0.00856539 , 0.00828493 , 0.00691119
0.00856539 , 0.00666743 , 0.00881399
0.00856539 , 0.00870476 , 0.016047
0.00856539 , 0.00892504 , 0.00779485
0.00856539 , 0.00870476 , 0.0133837
0.00856539 , 0.00963338 , 0.016047
0.00856539 , 0.00903798 , 0.00881399
0.00856539 , 0.00903798 , 0.00881399
0.00856539 , 0.00915287 , 0.0114896
0.00856539 , 0.00859729 , 0.00543274
0.00856539 , 0.00892504 , 0.0114896
0.00856539 , 0.00963338 , 0.00480059
0.00856539 , 0.00849153 , 0.00881399
0.00856539 , 0.00881399 , 0.0133837
0.00856539 , 0.00838743 , 0.0114896
0.00856539 , 0.00808455 , 0.00543274
0.00856539 , 0.00859729 , 0.016047
0.00856539 , 0.00751723 , 0.00613109
0.00856539 , 0.00892504 , 0.00881399
0.00856539 , 0.00798657 , 0.00613109
0.00856539 , 0.00915287 , 0.0133837
0.00856539 , 0.00859729 , 0.00881399
0.00856539 , 0.00926978 , 0.00881399
0.00856539 , 0.00828493 , 0.0114896
0.00856539 , 0.00828493 , 0.00613109
0.00856539 , 0.00870476 , 0.00881399
0.00856539 , 0.00808455 , 0.00480059
0.00856539 , 0.00926978 , 0.00691119
0.00856539 , 0.00828493 , 0.00779485
0.00856539 , 0.00938878 , 0.010018
0.00856539 , 0.00808455 , 0.00881399
0.00856539 , 0.00938878 , 0.00779485
0.00856539 , 0.00849153 , 0.00613109
0.00856539 , 0.00808455 , 0.0114896
0.00856539 , 0.00950995 , 0.00613109
0.00856539 , 0.00963338 , 0.00881399
0.00856539 , 0.0071642 , 0.00881399
0.00856539 , 0.00779485 , 0.00881399
0.00856539 , 0.00938878 , 0.00881399
0.00856539 , 0.00789002 , 0.00422313
0.00856539 , 0.00828493 , 0.00779485
0.00856539 , 0.00707879 , 0.0133837
0.00856539 , 0.00881399 , 0.00691119
0.00856539 , 0.00849153 , 0.00613109
0.00856539 , 0.00870476 , 0.00543274
0.00856539 , 0.00926978 , 0.00613109
0.00856539 , 0.00950995 , 0.00691119
0.00856539 , 0.00849153 , 0.0114896
0.00856539 , 0.00770102 , 0.00613109
0.00856539 , 0.00938878 , 0.00691119
0.00856539 , 0.00838743 , 0.00779485
0.00856539 , 0.00915287 , 0.00779485
0.00856539 , 0.0071642 , 0.00881399
0.00856539 , 0.00798657 , 0.00881399
0.00856539 , 0.00903798 , 0.010018
0.00856539 , 0.00828493 , 0.00543274
0.00856539 , 0.00828493 , 0.00881399
0.00856539 , 0.00915287 , 0.00543274
0.00856539 , 0.00798657 , 0.00779485
0.00856539 , 0.00808455 , 0.010018
0.00856539 , 0.00849153 , 0.0133837
0.00856539 , 0.00859729 , 0.010018
0.00856539 , 0.00870476 , 0.0133837
0.00856539 , 0.00881399 , 0.00691119
0.00856539 , 0.00770102 , 0.010018
0.00856539 , 0.00849153 , 0.010018
0.00856539 , 0.00903798 , 0.00691119
0.00856539 , 0.00859729 , 0.010018
0.00856539 , 0.00808455 , 0.010018
0.00856539 , 0.00733838 , 0.00691119
0.00856539 , 0.00870476 , 0.00779485
0.00856539 , 0.00828493 , 0.00881399
0.00856539 , 0.00938878 , 0.00881399
0.00856539 , 0.00818398 , 0.010018
0.00856539 , 0.00881399 , 0.00691119
0.00856539 , 0.00789002 , 0.00779485
0.00856539 , 0.00915287 , 0.010018
0.00856539 , 0.00915287 , 0.0205833
0.00856539 , 0.00828493 , 0.0133837
0.00856539 , 0.0074272 , 0.00691119
0.00856539 , 0.00838743 , 0.010018
0.00856539 , 0.00926978 , 0.00881399
0.00856539 , 0.0102874 , 0.00881399
0.00856539 , 0.00770102 , 0.00881399
0.00856539 , 0.00779485 , 0.00779485
