0.00671837 , 0.00745221 , 0
0.00671837 , 0.00502616 , 0.0505078
0.00671837 , 0.0131253 , 0.0124799
0.00671837 , 0 , 0.0191122
0.00671837 , 0.000915895 , 0.0417686
0.00671837 , 0 , 0.0124799
0.00671837 , 0.0112005 , 0
0.00671837 , 0.00806772 , 0.0191122
0.00671837 , 0.00207299 , 0.0417686
0.00671837 , 0.0184307 , 0.0124799
0.00671837 , 0.0144278 , 0.0336918
0.00671837 , 0.015746 , 0.0261653
0.00671837 , 0 , 0.0261653
0.00671837 , 0.00993625 , 0.0124799
0.00671837 , 0.0118383 , 0
0.00671837 , 0.0118383 , 0.0505078
0.00671837 , 0.00383443 , 0
0.00671837 , 0 , 0
0.00671837 , 0.00745221 , 0.00623202
0.00671837 , 0.00442854 , 0.0191122
0.00671837 , 0.0105665 , 0.0261653
0.00671837 , 0 , 0.000342447
0.00671837 , 0.00868688 , 0.00623202
0.00671837 , 0.000342447 , 0.0261653
0.00671837 , 0.00265668 , 0.0124799
0.00671837 , 0.00623202 , 0.0261653
0.00671837 , 0.0137746 , 0
0.00671837 , 0.00149274 , 0.000342447
0.00671837 , 0.0124799 , 0
0.00671837 , 0.00684031 , 0.00623202
0.00671837 , 0.0112005 , 0.0124799
0.00671837 , 0.00324382 , 0.0261653
0.00671837 , 0 , 0.0417686
0.00671837 , 0.0137746 , 0.0417686
0.00671837 , 0.00806772 , 0
0.00671837 , 0.00502616 , 0.0191122
0.00671837 , 0.00562731 , 0.0124799
0.00671837 , 0.00502616 , 0.00623202
0.00671837 , 0.00930972 , 0.0261653
0.00671837 , 0.0184307 , 0
0.00671837 , 0.0131253 , 0
0.00671837 , 0.00562731 , 0
0.00671837 , 0.00930972 , 0
0.00671837 , 0.00745221 , 0.0191122
0.00671837 , 0.0184307 , 0
0.00671837 , 0 , 0.0261653
0.00671837 , 0.00265668 , 0.0336918
0.00671837 , 0.00684031 , 0.0505078
0.00671837 , 0.00149274 , 0.000342447
0.00671837 , 0.00265668 , 0.0124799
0.00671837 , 0.0105665 , 0.0336918
0.00671837 , 0.0164111 , 0.0124799
0.00671837 , 0.00149274 , 0.00623202
0.00671837 , 0.0112005 , 0.0417686
0.00671837 , 0.0131253 , 0
0.00671837 , 0 , 0
0.00671837 , 0.0137746 , 0
0.00671837 , 0.00745221 , 0
0.00671837 , 0.00562731 , 0
0.00671837 , 0.00806772 , 0.0417686
0.00671837 , 0.00806772 , 0
0.00671837 , 0.00324382 , 0.0261653
0.00671837 , 0.0124799 , 0.0191122
0.00671837 , 0.00149274 , 0.00623202
0.00671837 , 0.0105665 , 0.0191122
0.00671837 , 0.00930972 , 0
0.00671837 , 0.00442854 , 0
0.00671837 , 0.00207299 , 0.0191122
0.00671837 , 0.0164111 , 0.00623202
0.00671837 , 0.00993625 , 0.0191122
0.00671837 , 0.0197978 , 0.00623202
0.00671837 , 0.00868688 , 0
0.00671837 , 0.00265668 , 0
0.00671837 , 0 , 0.00623202
0.00671837 , 0.0150849 , 0.0124799
0.00671837 , 0.00442854 , 0.0336918
0.00671837 , 0.00868688 , 0.000342447
0.00671837 , 0.0131253 , 0.0124799
0.00671837 , 0.000342447 , 0.0261653
0.00671837 , 0.00207299 , 0
0.00671837 , 0.0150849 , 0.0261653
0.00671837 , 0.0105665 , 0
0.00671837 , 0.0131253 , 0.00623202
0.00671837 , 0.00562731 , 0
0.00671837 , 0 , 0.0505078
0.00671837 , 0.0105665 , 0.0124799
0.00671837 , 0.00207299 , 0.0261653
0.00671837 , 0.000915895 , 0.0191122
0.00671837 , 0.0112005 , 0.0124799
0.00671837 , 0.00265668 , 0
0.00671837 , 0.00383443 , 0.000342447
0.00671837 , 0 , 0.0124799
0.00671837 , 0.00868688 , 0.00623202
0.00671837 , 0.00993625 , 0.0124799
0.00671837 , 0.00868688 , 0
0.00671837 , 0.00684031 , 0.00623202
0.00671837 , 0.00993625 , 0
0.00671837 , 0 , 0.000342447
0.00671837 , 0 , 0.0191122
0.00671837 , 0.000915895 , 0
