0.0113954 , 0.0102528 , 0.014746
0.0113954 , 0.0112589 , 0.00557397
0.0113954 , 0.01173 , 0.014746
0.0113954 , 0.0100749 , 1
0.0113954 , 0.0102528 , 0.0114886
0.0113954 , 0.0108305 , 0.0114886
0.0113954 , 0.0131661 , 0.0114886
0.0113954 , 0.0114886 , 0.0114886
0.0113954 , 0.0128418 , 0.0114886
0.0113954 , 0.0128418 , 0.014746
0.0113954 , 0.0122533 , 0.00957815
0.0113954 , 0.0102528 , 0.00957815
0.0113954 , 0.0110399 , 0.00716601
0.0113954 , 0.0128418 , 0.00957815
0.0113954 , 0.0110399 , 0.0114886
0.0113954 , 0.0108305 , 0.0114886
0.0113954 , 0.0110399 , 0.014746
0.0113954 , 0.0108305 , 0.00957815
0.0113954 , 0.01173 , 0.014746
0.0113954 , 0.0138902 , 0.014746
0.0113954 , 0.0100749 , 0.00957815
0.0113954 , 0.01063 , 0.00822043
0.0113954 , 0.0108305 , 1
0.0113954 , 0.0110399 , 0.0114886
0.0113954 , 0.00973803 , 0.00957815
0.0113954 , 0.0114886 , 0.014746
0.0113954 , 0.0110399 , 1
0.0113954 , 0.0122533 , 0.014746
0.0113954 , 0.0122533 , 0.0114886
0.0113954 , 0.0108305 , 0.00957815
0.0113954 , 0.01063 , 0.00957815
0.0113954 , 0.0112589 , 0.0114886
0.0113954 , 0.0119844 , 0.00822043
0.0113954 , 0.0119844 , 0.00957815
0.0113954 , 0.01173 , 0.0114886
0.0113954 , 0.0112589 , 1
0.0113954 , 0.0110399 , 0.014746
0.0113954 , 0.01173 , 0.00957815
0.0113954 , 0.0119844 , 1
0.0113954 , 0.0131661 , 0.00822043
0.0113954 , 0.0110399 , 0.0114886
0.0113954 , 0.0135143 , 0.00957815
0.0113954 , 0.0125384 , 0.00957815
0.0113954 , 0.0110399 , 0.0114886
0.0113954 , 0.0112589 , 0.014746
0.0113954 , 0.01173 , 0.014746
0.0113954 , 0.0119844 , 0.00957815
0.0113954 , 0.0114886 , 1
0.0113954 , 0.0114886 , 0.00957815
0.0113954 , 0.0119844 , 0.00957815
0.0113954 , 0.0119844 , 0.0114886
0.0113954 , 0.0125384 , 0.0114886
0.0113954 , 0.0112589 , 0.0114886
0.0113954 , 0.0119844 , 0.0114886
0.0113954 , 0.0104377 , 0.0114886
0.0113954 , 0.0110399 , 0.00957815
0.0113954 , 0.0114886 , 0.0114886
0.0113954 , 0.01173 , 0.0114886
0.0113954 , 0.0104377 , 1
0.0113954 , 0.0108305 , 0.014746
0.0113954 , 0.0119844 , 0.0114886
0.0113954 , 0.0122533 , 0.014746
0.0113954 , 0.0138902 , 0.014746
0.0113954 , 0.01173 , 0.00957815
0.0113954 , 0.0114886 , 0.00957815
0.0113954 , 0.0112589 , 0.00957815
0.0113954 , 0.0138902 , 0.00822043
0.0113954 , 0.0100749 , 0.0114886
0.0113954 , 0.0119844 , 1
0.0113954 , 0.0104377 , 0.014746
0.0113954 , 0.00990349 , 0.00957815
0.0113954 , 0.0110399 , 0.00957815
0.0113954 , 0.0112589 , 0.00957815
0.0113954 , 0.00990349 , 0.014746
0.0113954 , 0.0104377 , 0.00957815
0.0113954 , 0.01173 , 0.0114886
0.0113954 , 0.0128418 , 0.014746
0.0113954 , 0.00990349 , 0.014746
0.0113954 , 0.0114886 , 0.014746
0.0113954 , 0.0131661 , 0.0114886
0.0113954 , 0.0114886 , 0.014746
0.0113954 , 0.0119844 , 0.0114886
0.0113954 , 0.01063 , 0.00957815
0.0113954 , 0.0122533 , 0.014746
0.0113954 , 0.0119844 , 0.014746
0.0113954 , 0.00927372 , 1
0.0113954 , 0.0102528 , 0.0114886
0.0113954 , 0.0112589 , 0.00957815
0.0113954 , 0.0131661 , 0.014746
0.0113954 , 0.0108305 , 0.0114886
0.0113954 , 0.0104377 , 0.014746
0.0113954 , 0.0119844 , 1
0.0113954 , 0.0108305 , 0.00957815
0.0113954 , 0.01063 , 0.0114886
0.0113954 , 0.0119844 , 0.00957815
0.0113954 , 0.0119844 , 1
0.0113954 , 0.0128418 , 0.00716601
0.0113954 , 0.0112589 , 0.014746
0.0113954 , 0.0122533 , 1
0.0113954 , 0.0114886 , 1
