0.00595437 , 0.00627308 , 0.00551788
0.00595437 , 0.00627308 , 0.0100598
0.00595437 , 0.00531569 , 0.00432511
0.00595437 , 0.0057304 , 0.0129147
0.00595437 , 0.00661826 , 0.00627308
0.00595437 , 0.00587836 , 0.00719658
0.00595437 , 0.00544939 , 0.00627308
0.00595437 , 0.00619108 , 0.00551788
0.00595437 , 0.00565835 , 0.00487893
0.00595437 , 0.00603178 , 0.00838592
0.00595437 , 0.00670923 , 0.00432511
0.00595437 , 0.00565835 , 0.00838592
0.00595437 , 0.00551788 , 0.00627308
0.00595437 , 0.00619108 , 0.00487893
0.00595437 , 0.00595437 , 0.00627308
0.00595437 , 0.00558752 , 0.00487893
0.00595437 , 0.00619108 , 0.00339893
0.00595437 , 0.00619108 , 0.00487893
0.00595437 , 0.00565835 , 0.0129147
0.00595437 , 0.00635672 , 0.00719658
0.00595437 , 0.00680223 , 0.00838592
0.00595437 , 0.00635672 , 0.00719658
0.00595437 , 0.00565835 , 0.00627308
0.00595437 , 0.00670923 , 0.00627308
0.00595437 , 0.00652924 , 0.00838592
0.00595437 , 0.00587836 , 0.00383635
0.00595437 , 0.00558752 , 0.00627308
0.00595437 , 0.00611067 , 0.00551788
0.00595437 , 0.00644209 , 0.00432511
0.00595437 , 0.00551788 , 0.00487893
0.00595437 , 0.00580372 , 0.00627308
0.00595437 , 0.0057304 , 0.00719658
0.00595437 , 0.0057304 , 0.00719658
0.00595437 , 0.00689737 , 0.00719658
0.00595437 , 0.00499911 , 0.00432511
0.00595437 , 0.00652924 , 0.00627308
0.00595437 , 0.00635672 , 0.00432511
0.00595437 , 0.00644209 , 0.00719658
0.00595437 , 0.00611067 , 0.00339893
0.00595437 , 0.00595437 , 0.00551788
0.00595437 , 0.00644209 , 0.00487893
0.00595437 , 0.005382 , 0.00627308
0.00595437 , 0.00531569 , 0.00627308
0.00595437 , 0.00619108 , 0.00432511
0.00595437 , 0.00558752 , 0.0100598
0.00595437 , 0.00525042 , 0.00627308
0.00595437 , 0.00558752 , 0.00627308
0.00595437 , 0.00680223 , 0.00719658
0.00595437 , 0.0057304 , 0.00627308
0.00595437 , 0.00551788 , 0.00487893
0.00595437 , 0.00611067 , 0.00487893
0.00595437 , 0.00652924 , 0.00627308
0.00595437 , 0.00652924 , 0.00719658
0.00595437 , 0.00558752 , 0.00719658
0.00595437 , 0.00661826 , 0.00627308
0.00595437 , 0.00661826 , 0.00838592
0.00595437 , 0.00595437 , 0.00339893
0.00595437 , 0.00544939 , 0.00551788
0.00595437 , 0.00603178 , 0.00551788
0.00595437 , 0.00595437 , 0.0129147
0.00595437 , 0.00670923 , 0.00627308
0.00595437 , 0.00603178 , 0.00719658
0.00595437 , 0.00644209 , 0.00719658
0.00595437 , 0.00595437 , 0.00487893
0.00595437 , 0.00680223 , 0.00551788
0.00595437 , 0.005382 , 0.00627308
0.00595437 , 0.00603178 , 0.00627308
0.00595437 , 0.00627308 , 0.00551788
0.00595437 , 0.00635672 , 0.0129147
0.00595437 , 0.00619108 , 0.00627308
0.00595437 , 0.0057304 , 0.00719658
0.00595437 , 0.00719658 , 0.00551788
0.00595437 , 0.0057304 , 0.00838592
0.00595437 , 0.00652924 , 0.00838592
0.00595437 , 0.00580372 , 0.00719658
0.00595437 , 0.0057304 , 0.00838592
0.00595437 , 0.00595437 , 0.00627308
0.00595437 , 0.00635672 , 0.00719658
0.00595437 , 0.00627308 , 0.00627308
0.00595437 , 0.00595437 , 0.00487893
0.00595437 , 0.00611067 , 0.00838592
0.00595437 , 0.00680223 , 0.00551788
0.00595437 , 0.00544939 , 0.00487893
0.00595437 , 0.00506053 , 0.00487893
0.00595437 , 0.00525042 , 0.00383635
0.00595437 , 0.005382 , 0.00383635
0.00595437 , 0.00644209 , 0.00383635
0.00595437 , 0.00627308 , 0.00551788
0.00595437 , 0.00587836 , 0.00838592
0.00595437 , 0.00635672 , 0.00383635
0.00595437 , 0.00525042 , 0.00627308
0.00595437 , 0.00565835 , 0.00487893
0.00595437 , 0.00644209 , 0.00551788
0.00595437 , 0.00580372 , 0.00432511
0.00595437 , 0.00670923 , 0.00627308
0.00595437 , 0.00661826 , 0.00300308
0.00595437 , 0.00544939 , 1
0.00595437 , 0.00680223 , 0.00487893
0.00595437 , 0.00619108 , 0.00719658
0.00595437 , 0.00644209 , 0.00838592
