0.010165 , 0.00607934 , 0.00650948
0.010165 , 0.0160668 , 0.0136354
0.010165 , 0.0146966 , 0.016347
0.010165 , 0.0101411 , 0.0111068
0.010165 , 0.008968 , 0.0111068
0.010165 , 0.00738492 , 0.00873771
0.010165 , 0.00805521 , 0.00440678
0.010165 , 0.00461178 , 0.0136354
0.010165 , 0.00850883 , 0.0136354
0.010165 , 0.00919971 , 0.0297654
0.010165 , 0.00738492 , 0.00650948
0.010165 , 0.00694464 , 0.00873771
0.010165 , 0.008968 , 0.00440678
0.010165 , 0.0131159 , 0.000529526
0.010165 , 0.0106208 , 0.00440678
0.010165 , 0.00805521 , 0.000529526
0.010165 , 0.00629379 , 0.0224456
0.010165 , 0.00828133 , 0.00241698
0.010165 , 0.010863 , 0.0136354
0.010165 , 0.00805521 , 0.0297654
0.010165 , 0.0106208 , 0.00440678
0.010165 , 0.00850883 , 0.00440678
0.010165 , 0.0106208 , 0
0.010165 , 0.00850883 , 0.00241698
0.010165 , 0.0136354 , 0.0111068
0.010165 , 0.00919971 , 0.0224456
0.010165 , 0.00650948 , 0.019271
0.010165 , 0.010863 , 0.0224456
0.010165 , 0.00966747 , 0.019271
0.010165 , 0.00783044 , 0.00241698
0.010165 , 0.008968 , 0.0136354
0.010165 , 0.00461178 , 0.00650948
0.010165 , 0.00943286 , 0.019271
0.010165 , 0.0141622 , 0.00650948
0.010165 , 0.00943286 , 0.0111068
0.010165 , 0.00586611 , 0.00440678
0.010165 , 0.0133747 , 0.00650948
0.010165 , 0.0106208 , 0.00873771
0.010165 , 0.00607934 , 0.019271
0.010165 , 0.00672643 , 0.019271
0.010165 , 0.00873771 , 0.0111068
0.010165 , 0.008968 , 0.0259211
0.010165 , 0.0136354 , 0.00440678
0.010165 , 0.0113521 , 0.00440678
0.010165 , 0.0111068 , 0.016347
0.010165 , 0.0133747 , 0.0111068
0.010165 , 0.0152387 , 0.019271
0.010165 , 0.0128588 , 0.0297654
0.010165 , 0.0128588 , 0.016347
0.010165 , 0.0152387 , 0.000529526
0.010165 , 0.00873771 , 0.0259211
0.010165 , 0.00607934 , 0.0224456
0.010165 , 0.0169137 , 0.019271
0.010165 , 0.0123498 , 0.00873771
0.010165 , 0.0056541 , 0.0224456
0.010165 , 0.0111068 , 0.00873771
0.010165 , 0.0103802 , 0.0297654
0.010165 , 0.00738492 , 0.016347
0.010165 , 0.0126034 , 0.000529526
0.010165 , 0.0136354 , 0.00873771
0.010165 , 0.0111068 , 0.016347
0.010165 , 0.010863 , 0.0259211
0.010165 , 0.0120979 , 0.0259211
0.010165 , 0.0136354 , 0.0136354
0.010165 , 0.010863 , 0.000529526
0.010165 , 0.0118476 , 0.019271
0.010165 , 0.00586611 , 0.0340739
0.010165 , 0.008968 , 0.00873771
0.010165 , 0.00873771 , 0.00873771
0.010165 , 0.00320007 , 0.00650948
0.010165 , 0.011599 , 0.0111068
0.010165 , 0.00805521 , 0
0.010165 , 0.00783044 , 0.016347
0.010165 , 0.0136354 , 0.0111068
0.010165 , 0.00694464 , 0.016347
0.010165 , 0.0101411 , 0.000529526
0.010165 , 0.00805521 , 0.0259211
0.010165 , 0.00461178 , 0.000529526
0.010165 , 0.0141622 , 0.0340739
0.010165 , 0.0123498 , 0.00440678
0.010165 , 0.0136354 , 0.00241698
0.010165 , 0.00420291 , 0.000529526
0.010165 , 0.011599 , 0.0224456
0.010165 , 0.0101411 , 0.0389861
0.010165 , 0.00783044 , 0.00650948
0.010165 , 0.00943286 , 0.0136354
0.010165 , 0.00738492 , 0.0136354
0.010165 , 0.00990355 , 0.0224456
0.010165 , 0.00783044 , 0.0136354
0.010165 , 0.00629379 , 0.00241698
0.010165 , 0.0141622 , 0.00440678
0.010165 , 0.0103802 , 0.016347
0.010165 , 0.0131159 , 0.0111068
0.010165 , 0.00694464 , 0.016347
0.010165 , 0.00919971 , 0.00440678
0.010165 , 0.00828133 , 0.0389861
0.010165 , 0.0056541 , 0
0.010165 , 0.0103802 , 0.0136354
0.010165 , 0.0123498 , 0.0111068
0.010165 , 0.00850883 , 0.0111068
