0.016297 , 0.0142286 , 0.00940915
0.00790478 , 0.0088617 , 0.00355068
1 , 1 , 1
0.0118705 , 0.0121558 , 0.00732628
1 , 1 , 1
0.0121558 , 1 , 0.00940915
0.0147139 , 0.016297 , 1
0.0102326 , 0.00940915 , 0.00940915
0.0157533 , 0.0142286 , 0.00940915
0.0107951 , 0.0104792 , 1
1 , 1 , 1
0.00749643 , 0.00862127 , 0.00314739
0.00893774 , 0.00972537 , 0.00732628
0.00703953 , 0.00819128 , 0.00940915
0.0123892 , 0.0121558 , 0.00940915
0.0128236 , 0.0142286 , 1
0.0083349 , 0.00839861 , 0.00732628
0.0127315 , 0.0130166 , 1
1 , 1 , 1
0.00891218 , 0.00748056 , 0.00940915
1 , 1 , 1
0.00848571 , 0.00799729 , 0.00610585
0.00809272 , 0.00732628 , 1
0.0104367 , 0.00972537 , 1
0.00489062 , 0.00475278 , 0.00314739
1 , 1 , 1
0.00969221 , 0.0088617 , 0.00523903
1 , 1 , 1
0.00457219 , 0.00495168 , 0.00610585
1 , 1 , 1
0.00533084 , 0.00620795 , 0.00732628
1 , 1 , 1
0.0155146 , 1 , 1
0.00797856 , 0.00862127 , 1
1 , 1 , 1
0.0198794 , 1 , 1
0.0103948 , 0.0104792 , 0.00940915
1 , 1 , 1
0.0124712 , 0.0142286 , 0.00940915
0.011043 , 0.00972537 , 1
0.00712273 , 0.00677768 , 0.00732628
0.0173596 , 0.016297 , 1
0.00409244 , 0.00450641 , 0.00456615
0.00719386 , 0.00764316 , 0.00940915
1 , 1 , 1
0.0108431 , 0.0109414 , 1
1 , 1 , 1
1 , 1 , 1
0.0120098 , 0.0109414 , 0.00940915
0.00602658 , 0.00572881 , 0.00610585
0.00740243 , 0.00600709 , 0.00732628
0.0173596 , 0.016297 , 1
0.013811 , 0.0121558 , 1
1 , 1 , 1
1 , 1 , 1
0.00502802 , 0.00468928 , 0.00456615
1 , 1 , 1
1 , 1 , 1
0.00956311 , 0.00972537 , 0.00940915
0.00996831 , 0.0100787 , 0.00940915
1 , 1 , 1
1 , 1 , 1
0.0063352 , 0.00665481 , 0.00456615
0.00989687 , 0.0104792 , 0.00732628
0.0071087 , 0.0071795 , 0.00401603
0.00896352 , 0.00799729 , 0.00940915
1 , 1 , 1
0.0178185 , 0.016297 , 1
0.00896352 , 0.00862127 , 0.00940915
1 , 1 , 1
0.016611 , 0.016297 , 1
0.0103534 , 0.0109414 , 1
0.00786856 , 0.00819128 , 1
0.00873909 , 0.00799729 , 1
0.0062709 , 0.00591145 , 0.00610585
0.0118032 , 0.016297 , 1
0.00756077 , 0.0071795 , 0.00456615
0.0106557 , 0.0114876 , 0.00940915
0.00571996 , 0.00572881 , 0.00732628
0.00946979 , 0.00940915 , 0.00732628
0.011043 , 0.0130166 , 1
0.00972537 , 0.00972537 , 1
0.0152935 , 0.0142286 , 1
1 , 1 , 1
0.0123892 , 0.0121558 , 1
1 , 1 , 1
0.00888684 , 0.00839861 , 0.00940915
0.0129186 , 0.0130166 , 1
1 , 1 , 1
0.00674029 , 0.00642312 , 0.00732628
1 , 1 , 1
0.00946979 , 0.00799729 , 0.00940915
1 , 1 , 1
1 , 1 , 1
0.0104367 , 0.0114876 , 0.00732628
1 , 1 , 1
1 , 1 , 1
0.0126422 , 0.0130166 , 1
1 , 1 , 1
1 , 1 , 1
