1 , 1 , 1
1 , 1 , 1
0.00702192 , 0.00803542 , 0.00448128
1 , 1 , 1
1 , 1 , 1
0.00671853 , 0.00714122 , 1
1 , 1 , 1
1 , 1 , 1
1 , 1 , 1
1 , 1 , 1
1 , 1 , 1
0.00775947 , 0.00769555 , 1
1 , 1 , 1
1 , 1 , 1
1 , 1 , 1
1 , 1 , 1
0.00451097 , 0.00440873 , 0.00335055
1 , 1 , 1
0.0074569 , 0.00803542 , 1
1 , 1 , 1
1 , 1 , 1
0.00602829 , 0.00803542 , 0.00537787
1 , 1 , 1
1 , 1 , 1
0.00585719 , 0.0061659 , 0.00690873
1 , 1 , 1
0.0058164 , 0.00549123 , 0.00537787
1 , 1 , 1
1 , 1 , 1
0.0102446 , 0.0104542 , 1
0.00627918 , 0.0061659 , 0.00384464
1 , 1 , 1
1 , 1 , 1
1 , 1 , 1
1 , 1 , 1
1 , 1 , 1
1 , 1 , 1
0.00789314 , 0.00803542 , 1
1 , 1 , 1
1 , 1 , 1
0.00695332 , 0.00803542 , 0.00690873
0.00410258 , 0.00344096 , 0.00448128
1 , 1 , 1
1 , 1 , 1
1 , 1 , 1
0.00811015 , 0.00803542 , 1
1 , 1 , 1
0.00585719 , 0.00516718 , 1
1 , 1 , 1
1 , 1 , 1
1 , 1 , 1
0.00411505 , 0.00344096 , 0.00537787
1 , 1 , 1
0.0112382 , 0.0119773 , 1
1 , 1 , 1
1 , 1 , 1
0.00618174 , 0.00650629 , 1
1 , 1 , 1
0.00422396 , 0.00440873 , 0.00448128
1 , 1 , 1
1 , 1 , 1
1 , 1 , 1
1 , 1 , 1
1 , 1 , 1
1 , 1 , 1
1 , 1 , 1
0.00757301 , 0.00769555 , 0.00537787
1 , 1 , 1
0.00789314 , 0.00740106 , 1
1 , 1 , 1
0.00568563 , 0.00537787 , 0.00335055
1 , 1 , 1
1 , 1 , 1
1 , 1 , 1
1 , 1 , 1
1 , 1 , 1
1 , 1 , 1
0.00661953 , 0.00632956 , 0.00690873
1 , 1 , 1
1 , 1 , 1
1 , 1 , 1
1 , 1 , 1
0.0146172 , 1 , 1
1 , 1 , 1
1 , 1 , 1
0.00892881 , 0.00803542 , 1
1 , 1 , 1
1 , 1 , 1
1 , 1 , 1
1 , 1 , 1
0.0051175 , 0.00527002 , 0.00448128
1 , 1 , 1
1 , 1 , 1
1 , 1 , 1
1 , 1 , 1
1 , 1 , 1
1 , 1 , 1
1 , 1 , 1
1 , 1 , 1
1 , 1 , 1
