0.00854882 , 0 , 0.0651772
0.00592155 , 0 , 0.116308
0.0114288 , 0 , 0
0.00950726 , 0.0133563 , 0.143727
0.0126328 , 0.0037816 , 0
0.00902784 , 0.0157737 , 0.0651772
0.0107075 , 0.00854882 , 0.0402981
0.0119102 , 0 , 0
0.00950726 , 0.0601815 , 0
0.007592 , 0.00854882 , 0.0402981
0.00998707 , 0 , 0.0402981
0.0150476 , 0.023072 , 0
0.00878828 , 0 , 0
0.00663682 , 0 , 0.0157737
0.00117852 , 0.0477356 , 0
0.0138391 , 0.0304273 , 0
0.0071142 , 0.023072 , 0
0.00974712 , 0 , 0.0402981
0.00592155 , 0.0109479 , 0.0157737
0.00878828 , 0 , 0.0651772
0.0107075 , 0.0037816 , 0
0.0138391 , 0.0255182 , 0
0.0102271 , 0 , 0.0402981
0.007592 , 0.00141459 , 0.0402981
0.00663682 , 0.00854882 , 0.0903791
0.0071142 , 0.0255182 , 0.0157737
0.0126328 , 0.0378249 , 0
0.00212348 , 0 , 0
0.00449392 , 0.0402981 , 0
0.00902784 , 0.0328891 , 0.0402981
0.00687546 , 0.0353551 , 0
0.0071142 , 0 , 0.0651772
0.0104673 , 0.0133563 , 0.0402981
0.0128739 , 0 , 0.0651772
0.0140806 , 0.0255182 , 0
0.0145639 , 0.0427745 , 0
0.00830946 , 0.0304273 , 0
0.00735305 , 0.00854882 , 0.0651772
0.0155315 , 0.0452537 , 0.173853
0.0165005 , 0 , 0
0.0114288 , 0.0328891 , 0.0651772
0.012151 , 0.0353551 , 0
0.00544524 , 0 , 0
0.0111883 , 0.00854882 , 0
0.00998707 , 0.00141459 , 0.0651772
0.012151 , 0 , 0.0651772
0.00735305 , 0 , 0
0.0148057 , 0 , 0.0402981
0.0162581 , 0.0676792 , 0.0402981
0.0131151 , 0.0378249 , 0.0402981
0.00783105 , 0 , 0.0157737
0.0162581 , 0.023072 , 0
0.0116694 , 0.0157737 , 0.0157737
0.0111883 , 0.0452537 , 0
0.00950726 , 0.00141459 , 0.208775
0.0119102 , 0.0477356 , 0
0.0107075 , 0.0328891 , 0.0651772
0.00974712 , 0 , 0.0157737
0.012151 , 0 , 0.0903791
0.0092675 , 0.00854882 , 0.252854
0.00783105 , 0.0157737 , 0.116308
0.00735305 , 0.0328891 , 0.0157737
0.0119102 , 0.023072 , 0.0651772
0.0152895 , 0.00141459 , 0
0.00807021 , 0.0452537 , 0
0.0071142 , 0.0133563 , 0
0.0128739 , 0.0037816 , 0.0402981
0.00878828 , 0 , 0
0.00639829 , 0 , 0
0.0138391 , 0.00615987 , 0.0157737
0.00854882 , 0.0402981 , 0
0.0150476 , 0.0402981 , 0.143727
0.00639829 , 0.00141459 , 0
0.00212348 , 0 , 0
0.0104673 , 0.00141459 , 0.0157737
0.00807021 , 0.0255182 , 0.116308
0.00401893 , 0 , 0
0.0155315 , 0.0279702 , 0.0402981
0.0131151 , 0.0279702 , 0.0157737
0.0111883 , 0.0109479 , 0.0157737
0.00974712 , 0 , 0
0.0186851 , 0 , 0.0651772
0.00592155 , 0.0037816 , 0
0.0220953 , 0 , 0.0402981
0.00639829 , 0 , 0.0402981
0.0104673 , 0 , 0
0.00950726 , 0 , 0.0402981
0.0177134 , 0.0402981 , 0
0.00783105 , 0.0181991 , 0
0.00544524 , 0.0777214 , 0.0402981
0.0116694 , 0.0133563 , 0.0157737
0.0135977 , 0.0181991 , 0
0.00425637 , 0.0255182 , 0.143727
0.0133563 , 0.0037816 , 0.0651772
0.0140806 , 0.0427745 , 0.0157737
0.0092675 , 0.023072 , 0
0.0109479 , 0.0255182 , 0
0.0114288 , 0.00854882 , 0
0.00259665 , 0 , 0.0903791
0.0148057 , 0.0353551 , 0.0903791
