0.166661 , 0.177449
0.202257 , 0.209033
0.169968 , 0.180312
0.178801 , 0.188035
0.170579 , 0.180842
0.175893 , 0.18548
0.169664 , 0.180048
0.193769 , 0.201358
0.201061 , 0.207946
0.179129 , 0.188323
0.190112 , 0.198078
0.169361 , 0.179785
0.201458 , 0.208307
0.200665 , 0.207587
0.184836 , 0.193373
0.179457 , 0.188613
0.186569 , 0.194914
0.190834 , 0.198724
0.181112 , 0.190073
0.183809 , 0.192461
0.182116 , 0.190961
0.201857 , 0.208669
0.179786 , 0.188903
0.191561 , 0.199375
0.182453 , 0.191259
0.172119 , 0.182182
0.170886 , 0.181109
0.201458 , 0.208307
0.183129 , 0.191858
0.191561 , 0.199375
0.185526 , 0.193986
0.168154 , 0.178739
0.178801 , 0.188035
0.195642 , 0.203045
0.182116 , 0.190961
0.176855 , 0.186324
0.174306 , 0.184091
0.18622 , 0.194604
0.201061 , 0.207946
0.202257 , 0.209033
0.174306 , 0.184091
0.184493 , 0.193068
0.196781 , 0.204072
0.18622 , 0.194604
0.172429 , 0.182452
0.183469 , 0.192159
0.164599 , 0.175673
0.181112 , 0.190073
0.18622 , 0.194604
0.184151 , 0.192764
0.191197 , 0.199049
0.184836 , 0.193373
0.190112 , 0.198078
0.170273 , 0.180577
0.189395 , 0.197436
0.184493 , 0.193068
0.198318 , 0.205462
0.193769 , 0.201358
0.209299 , 0.21546
0.183809 , 0.192461
0.19266 , 0.200361
0.197932 , 0.205112
0.163436 , 0.174673
0.192292 , 0.200031
0.197932 , 0.205112
0.184151 , 0.192764
0.188327 , 0.196482
0.182453 , 0.191259
0.191197 , 0.199049
0.19266 , 0.200361
0.190834 , 0.198724
0.181446 , 0.190368
0.197932 , 0.205112
0.176213 , 0.185761
0.205101 , 0.211622
0.183129 , 0.191858
0.179129 , 0.188323
0.196781 , 0.204072
0.189753 , 0.197756
0.183469 , 0.192159
0.189395 , 0.197436
0.19266 , 0.200361
0.189038 , 0.197117
0.185873 , 0.194294
0.187621 , 0.195851
0.193398 , 0.201024
0.171809 , 0.181913
0.203062 , 0.209765
0.205514 , 0.211999
0.184151 , 0.192764
0.188327 , 0.196482
0.202659 , 0.209398
0.1964 , 0.203729
0.181781 , 0.190664
0.184151 , 0.192764
0.210591 , 0.216644
0.190473 , 0.1984
0.181781 , 0.190664
0.182791 , 0.191558
0.184836 , 0.193373
