0.142014 , 0.156661
0.143515 , 0.157897
0.142763 , 0.157277
0.123246 , 0.141562
0.143264 , 0.15769
0.117564 , 0.13713
0.1393 , 0.154436
0.129116 , 0.14621
0.138812 , 0.154037
0.14863 , 0.162141
0.137356 , 0.15285
0.118427 , 0.137799
0.142014 , 0.156661
0.14863 , 0.162141
0.123024 , 0.141388
0.126608 , 0.144216
0.14863 , 0.162141
0.140282 , 0.155239
0.132362 , 0.148811
0.133537 , 0.149757
0.135913 , 0.151678
0.133302 , 0.149567
0.141766 , 0.156457
0.132596 , 0.148999
0.140528 , 0.155441
0.144524 , 0.158731
0.136393 , 0.152067
0.126156 , 0.143858
0.136393 , 0.152067
0.138082 , 0.153442
0.150727 , 0.163894
0.133066 , 0.149377
0.149937 , 0.163232
0.130963 , 0.147687
0.130499 , 0.147316
0.136153 , 0.151873
0.132831 , 0.149188
0.139056 , 0.154236
0.12436 , 0.142439
0.125256 , 0.143146
0.132596 , 0.148999
0.11886 , 0.138135
0.14889 , 0.162358
0.130731 , 0.147501
0.144019 , 0.158313
0.131428 , 0.14806
0.151521 , 0.16456
0.120821 , 0.139662
0.144777 , 0.15894
0.132128 , 0.148622
0.130499 , 0.147316
0.140775 , 0.155643
0.136874 , 0.152458
0.127516 , 0.144936
0.142263 , 0.156866
0.157211 , 0.16936
0.143264 , 0.15769
0.125705 , 0.143501
0.158322 , 0.170304
0.131195 , 0.147874
0.122581 , 0.14104
0.149413 , 0.162794
0.134483 , 0.150521
0.142014 , 0.156661
0.130499 , 0.147316
0.142513 , 0.157071
0.130268 , 0.147131
0.12548 , 0.143323
0.133773 , 0.149947
0.149937 , 0.163232
0.128428 , 0.145662
0.137115 , 0.152654
0.130731 , 0.147501
0.125256 , 0.143146
0.144271 , 0.158522
0.128657 , 0.145844
0.143515 , 0.157897
0.157488 , 0.169595
0.127061 , 0.144575
0.131661 , 0.148247
0.149675 , 0.163013
0.130268 , 0.147131
0.124583 , 0.142615
0.119511 , 0.138641
0.149151 , 0.162576
0.130499 , 0.147316
0.129806 , 0.146761
0.137598 , 0.153047
0.140528 , 0.155441
0.14682 , 0.160634
0.129806 , 0.146761
0.123024 , 0.141388
0.130037 , 0.146946
0.1393 , 0.154436
0.147335 , 0.161062
0.134721 , 0.150713
0.132362 , 0.148811
0.114999 , 0.135152
0.135674 , 0.151485
0.171193 , 0.181376
