0.181781 , 0.190664
0.19266 , 0.200361
0.154202 , 0.166815
0.179129 , 0.188323
0.168154 , 0.178739
0.15888 , 0.170779
0.174939 , 0.184644
0.169058 , 0.179522
0.169058 , 0.179522
0.175574 , 0.185201
0.189395 , 0.197436
0.194141 , 0.201693
0.156109 , 0.168426
0.188682 , 0.196799
0.169058 , 0.179522
0.173052 , 0.182995
0.173052 , 0.182995
0.173677 , 0.183542
0.158601 , 0.170541
0.175574 , 0.185201
0.151787 , 0.164783
0.159723 , 0.171497
0.164892 , 0.175924
0.182453 , 0.191259
0.164308 , 0.175422
0.188327 , 0.196482
0.188682 , 0.196799
0.186918 , 0.195225
0.199095 , 0.206164
0.157765 , 0.169831
0.178149 , 0.187461
0.173364 , 0.183268
0.181446 , 0.190368
0.173677 , 0.183542
0.191561 , 0.199375
0.17274 , 0.182724
0.173677 , 0.183542
0.184151 , 0.192764
0.181781 , 0.190664
0.194514 , 0.202029
0.166958 , 0.177706
0.171193 , 0.181376
0.179129 , 0.188323
0.183129 , 0.191858
0.166661 , 0.177449
0.162282 , 0.173684
0.164308 , 0.175422
0.171809 , 0.181913
0.176213 , 0.185761
0.168756 , 0.179261
0.164599 , 0.175673
0.184836 , 0.193373
0.190473 , 0.1984
0.174939 , 0.184644
0.169664 , 0.180048
0.180116 , 0.189194
0.174622 , 0.184367
0.167854 , 0.17848
0.169968 , 0.180312
0.171809 , 0.181913
0.178149 , 0.187461
0.187269 , 0.195538
0.179129 , 0.188323
0.159161 , 0.171018
0.169664 , 0.180048
0.170886 , 0.181109
0.184836 , 0.193373
0.185873 , 0.194294
0.180116 , 0.189194
0.179129 , 0.188323
0.181446 , 0.190368
0.175893 , 0.18548
0.187269 , 0.195538
0.181112 , 0.190073
0.164016 , 0.175171
0.174306 , 0.184091
0.179786 , 0.188903
0.169968 , 0.180312
0.169058 , 0.179522
0.178475 , 0.187748
0.205101 , 0.211622
0.176855 , 0.186324
0.173677 , 0.183542
0.1775 , 0.186891
0.180779 , 0.189779
0.168455 , 0.179
0.165773 , 0.176683
0.164016 , 0.175171
0.184493 , 0.193068
0.174306 , 0.184091
0.173364 , 0.183268
0.190112 , 0.198078
0.178801 , 0.188035
0.169058 , 0.179522
0.160571 , 0.17222
0.196021 , 0.203386
0.173364 , 0.183268
0.155835 , 0.168194
0.173052 , 0.182995
0.172119 , 0.182182
