0.253758 , 0.257052
0.264453 , 0.267269
0.264453 , 0.267269
0.231145 , 0.235699
0.258592 , 0.261662
0.232211 , 0.236697
0.244787 , 0.248539
0.252422 , 0.255781
0.281065 , 0.283261
0.254433 , 0.257695
0.256489 , 0.259655
0.269916 , 0.272513
0.247263 , 0.250883
0.244787 , 0.248539
0.251761 , 0.255153
0.258592 , 0.261662
0.264453 , 0.267269
0.305295 , 0.306805
0.265213 , 0.267998
0.242972 , 0.246822
0.247263 , 0.250883
0.246638 , 0.250291
0.285769 , 0.287814
0.255798 , 0.258997
0.269916 , 0.272513
0.238294 , 0.24241
0.249807 , 0.253296
0.248526 , 0.252081
0.254433 , 0.257695
0.265213 , 0.267998
0.242375 , 0.246258
0.231145 , 0.235699
0.237725 , 0.241874
0.251761 , 0.255153
0.260022 , 0.263028
0.257184 , 0.260319
0.239442 , 0.243491
0.231677 , 0.236197
0.270725 , 0.273291
0.240022 , 0.244037
0.254433 , 0.257695
0.251761 , 0.255153
0.244178 , 0.247963
0.249164 , 0.252686
0.312997 , 0.314334
0.238294 , 0.24241
0.248526 , 0.252081
0.255113 , 0.258343
0.232211 , 0.236697
0.241781 , 0.245697
0.242375 , 0.246258
0.249807 , 0.253296
0.2454 , 0.249119
0.288722 , 0.290676
0.246017 , 0.249703
0.233833 , 0.238218
0.246017 , 0.249703
0.259304 , 0.262343
0.248526 , 0.252081
0.237725 , 0.241874
0.291783 , 0.293646
0.255798 , 0.258997
0.247263 , 0.250883
0.236597 , 0.240813
0.255113 , 0.258343
0.230616 , 0.235204
0.252422 , 0.255781
0.273197 , 0.27567
0.22598 , 0.230875
0.269916 , 0.272513
0.233289 , 0.237708
0.259304 , 0.262343
0.275741 , 0.278121
0.243573 , 0.24739
0.241781 , 0.245697
0.269115 , 0.271743
0.262951 , 0.265831
0.22598 , 0.230875
0.225478 , 0.230408
0.273197 , 0.27567
0.252422 , 0.255781
0.253087 , 0.256414
0.226992 , 0.231818
0.261475 , 0.264418
0.256489 , 0.259655
0.264453 , 0.267269
0.226992 , 0.231818
0.260745 , 0.26372
0.246017 , 0.249703
0.26221 , 0.265121
0.219168 , 0.224549
0.225478 , 0.230408
0.257886 , 0.260988
0.263699 , 0.266547
0.243573 , 0.24739
0.253087 , 0.256414
0.27748 , 0.279798
0.244787 , 0.248539
0.232211 , 0.236697
0.248526 , 0.252081
