0.32616 , 0.327241
0.269916 , 0.272513
0.281065 , 0.283261
0.281986 , 0.284151
0.324583 , 0.325693
0.283857 , 0.285961
0.293887 , 0.295691
0.299393 , 0.30105
0.284808 , 0.286882
0.317145 , 0.318396
0.329412 , 0.330438
0.294959 , 0.296734
0.299393 , 0.30105
0.321523 , 0.322689
0.318578 , 0.3198
0.287727 , 0.28971
0.320037 , 0.321231
0.317145 , 0.318396
0.310347 , 0.311741
0.321523 , 0.322689
0.324583 , 0.325693
0.317145 , 0.318396
0.311661 , 0.313027
0.323038 , 0.324176
0.323038 , 0.324176
0.305295 , 0.306805
0.321523 , 0.322689
0.336361 , 0.337276
0.299393 , 0.30105
0.317145 , 0.318396
0.327769 , 0.328823
0.364785 , 0.365351
0.275741 , 0.278121
0.314356 , 0.315664
0.282916 , 0.285051
0.275741 , 0.278121
0.323038 , 0.324176
0.296046 , 0.29779
0.28973 , 0.291654
0.30054 , 0.302167
0.338202 , 0.33909
0.334564 , 0.335507
0.340088 , 0.340949
0.296046 , 0.29779
0.32616 , 0.327241
0.301703 , 0.303301
0.311661 , 0.313027
0.29075 , 0.292644
0.301703 , 0.303301
0.30054 , 0.302167
0.320037 , 0.321231
0.309054 , 0.310477
0.305295 , 0.306805
0.309054 , 0.310477
0.32616 , 0.327241
0.273197 , 0.27567
0.294959 , 0.296734
0.320037 , 0.321231
0.329412 , 0.330438
0.318578 , 0.3198
0.312997 , 0.314334
0.29075 , 0.292644
0.309054 , 0.310477
0.315738 , 0.317018
0.30054 , 0.302167
0.291783 , 0.293646
0.282916 , 0.285051
0.321523 , 0.322689
0.314356 , 0.315664
0.329412 , 0.330438
0.317145 , 0.318396
0.329412 , 0.330438
0.29075 , 0.292644
0.348147 , 0.348899
0.306529 , 0.30801
0.28973 , 0.291654
0.310347 , 0.311741
0.317145 , 0.318396
0.354821 , 0.355492
0.321523 , 0.322689
0.327769 , 0.328823
0.334564 , 0.335507
0.321523 , 0.322689
0.317145 , 0.318396
0.271542 , 0.274076
0.30054 , 0.302167
0.324583 , 0.325693
0.311661 , 0.313027
0.302883 , 0.304451
0.294959 , 0.296734
0.321523 , 0.322689
0.285769 , 0.287814
0.296046 , 0.29779
0.244787 , 0.248539
0.271542 , 0.274076
0.334564 , 0.335507
0.311661 , 0.313027
0.309054 , 0.310477
0.305295 , 0.306805
0.357187 , 0.357832
