0.105703 , 0.552786
0.105703 , 0.552786
0.105703 , 0.552786
0.105703 , 0.552786
0.105703 , 0.552786
0.105703 , 0.552786
0.105703 , 0.552786
0.105703 , 0.552786
0.105703 , 0.552786
0.105703 , 0.552786
0.105703 , 0.552786
0.105703 , 0.552786
0.105703 , 0.552786
0.105703 , 0.552786
0.105703 , 0.552786
0.105703 , 0.552786
0.105703 , 0.552786
0.105703 , 0.552786
0.105703 , 0.552786
0.105703 , 0.552786
0.105703 , 0.552786
0.105703 , 0.552786
0.105703 , 0.552786
0.105703 , 0.552786
0.105703 , 0.552786
0.105703 , 0.552786
0.105703 , 0.552786
0.105703 , 0.552786
0.105703 , 0.552786
0.105703 , 0.552786
