0.000696534 , 0.10822
0.000696534 , 0.10822
0.000696534 , 0.10822
0.000696534 , 0.10822
0.000696534 , 0.10822
0.000696534 , 0.10822
0.000696534 , 0.10822
0.000696534 , 0.10822
0.000696534 , 0.10822
0.000696534 , 0.10822
0.000696534 , 0.10822
0.000696534 , 0.10822
0.000696534 , 0.10822
0.000696534 , 0.10822
0.000696534 , 0.10822
0.000696534 , 0.10822
0.000696534 , 0.10822
0.000696534 , 0.10822
0.000696534 , 0.10822
0.000696534 , 0.10822
0.000696534 , 0.10822
0.000696534 , 0.10822
0.000696534 , 0.10822
0.000696534 , 0.10822
0.000696534 , 0.10822
0.000696534 , 0.10822
0.000696534 , 0.10822
0.000696534 , 0.10822
0.000696534 , 0.10822
0.000696534 , 0.10822
