0.00752289 , 0.0470325
0.00772256 , 0.0470841
0.00979453 , 0.0476177
0.00930071 , 0.0474907
0.0123896 , 0.0482835
0.0111131 , 0.0479563
0.00999096 , 0.0476682
0.00904973 , 0.0474262
0.00727983 , 0.0469698
0.00980607 , 0.0476207
0.0127646 , 0.0483796
0.00935791 , 0.0475055
0.00839342 , 0.0472571
0.00822494 , 0.0472137
0.0051718 , 0.0464237
0.00501304 , 0.0463825
0.00868667 , 0.0473327
0.0116228 , 0.048087
0.0100373 , 0.0476801
0.0130808 , 0.0484606
0.006481 , 0.0467632
0.00804579 , 0.0471675
0.0103742 , 0.0477666
0.0104675 , 0.0477906
0.00944955 , 0.047529
0.0085737 , 0.0473036
0.0135827 , 0.0485892
0.00894738 , 0.0473998
0.0114682 , 0.0480473
0.00866406 , 0.0473269
