0.0502358 , 0.0693494
0.0443598 , 0.067408
0.0489136 , 0.068888
0.0465645 , 0.0681051
0.0446368 , 0.0674937
0.0457605 , 0.0678469
0.0496243 , 0.0691341
0.0491253 , 0.0689609
0.0495668 , 0.069114
0.047423 , 0.0683861
0.0489329 , 0.0688947
0.0493174 , 0.0690273
0.047598 , 0.0684441
0.0495476 , 0.0691073
0.0480249 , 0.0685866
0.0491637 , 0.0689741
0.04847 , 0.0687367
0.0470723 , 0.0682706
0.048798 , 0.0688485
0.0442014 , 0.0673592
0.0474424 , 0.0683925
0.0488365 , 0.0688616
0.0556113 , 0.0714062
0.047831 , 0.0685217
0.0449331 , 0.067586
0.0467991 , 0.0681813
0.0508255 , 0.0695604
0.0517897 , 0.0699127
0.0501786 , 0.0693291
0.0485858 , 0.0687761
