0.36642 , 0.858579
0.36642 , 0.858579
0.36642 , 0.858579
0.36642 , 0.858579
0.36642 , 0.858579
0.36642 , 0.858579
0.36642 , 0.858579
0.36642 , 0.858579
0.36642 , 0.858579
0.36642 , 0.858579
0.36642 , 0.858579
0.36642 , 0.858579
0.36642 , 0.858579
0.36642 , 0.858579
0.36642 , 0.858579
0.36642 , 0.858579
0.36642 , 0.858579
0.36642 , 0.858579
0.36642 , 0.858579
0.36642 , 0.858579
0.36642 , 0.858579
0.36642 , 0.858579
0.36642 , 0.858579
0.36642 , 0.858579
0.36642 , 0.858579
0.36642 , 0.858579
0.36642 , 0.858579
0.36642 , 0.858579
0.36642 , 0.858579
0.36642 , 0.858579
