0.000696534 , 0.10822
0.000696534 , 0.10822
0.000696534 , 0.10822
0.000696534 , 0.10822
0.000696534 , 0.10822
0.13132 , 0.146029
0.000696534 , 0.10822
0.000696534 , 0.10822
0.000696534 , 0.10822
0.000696534 , 0.10822
0.000696534 , 0.10822
0.000696534 , 0.10822
0.000696534 , 0.10822
0.0863514 , 0.119719
0.000696534 , 0.10822
0.000696534 , 0.10822
0.075627 , 0.115632
0.000696534 , 0.10822
0.104759 , 0.128862
0.000696534 , 0.10822
0.000696534 , 0.10822
0.000696534 , 0.10822
0.000696534 , 0.10822
0.000696534 , 0.10822
0.000696534 , 0.10822
0.000696534 , 0.10822
0.000696534 , 0.10822
0.000696534 , 0.10822
0.000696534 , 0.10822
0.000696534 , 0.10822
