0.00739346 , 0.0513167
2.47498e-48 , 0.0455141
0.00739346 , 0.0513167
2.47498e-48 , 0.0455141
2.47498e-48 , 0.0455141
0.0111215 , 0.0542584
0.00739346 , 0.0513167
2.47498e-48 , 0.0455141
2.47498e-48 , 0.0455141
2.47498e-48 , 0.0455141
0.0148712 , 0.0572278
2.47498e-48 , 0.0455141
2.47498e-48 , 0.0455141
2.47498e-48 , 0.0455141
2.47498e-48 , 0.0455141
2.47498e-48 , 0.0455141
2.47498e-48 , 0.0455141
2.47498e-48 , 0.0455141
2.47498e-48 , 0.0455141
2.47498e-48 , 0.0455141
2.47498e-48 , 0.0455141
2.47498e-48 , 0.0455141
2.47498e-48 , 0.0455141
2.47498e-48 , 0.0455141
2.47498e-48 , 0.0455141
2.47498e-48 , 0.0455141
2.47498e-48 , 0.0455141
2.47498e-48 , 0.0455141
2.47498e-48 , 0.0455141
2.47498e-48 , 0.0455141
