0.0121792 , 0.0359378
0.0944106 , 0.0956962
0.0773538 , 0.0797426
2.9733e-06 , 0.0349808
1 , 1
2.9733e-06 , 0.0349808
2.9733e-06 , 0.0349808
0.0269392 , 0.0412223
0.102847 , 0.103789
0.0692954 , 0.0724868
0.114461 , 0.115074
1 , 1
0.0692954 , 0.0724868
1 , 1
2.9733e-06 , 0.0349808
0.0245854 , 0.0400909
1 , 1
0.0625972 , 0.0666522
1 , 1
0.0357124 , 0.0462145
0.0269392 , 0.0412223
2.9733e-06 , 0.0349808
0.0731115 , 0.0758945
0.0444601 , 0.052177
0.0877276 , 0.0893682
0.0944106 , 0.0956962
2.9733e-06 , 0.0349808
0.0877276 , 0.0893682
2.9733e-06 , 0.0349808
0.0422237 , 0.0505742
