0.000102849 , 0.6
0.000102849 , 0.6
0.000102849 , 0.6
0.000102849 , 0.6
0.000102849 , 0.6
0.000102849 , 0.6
0.000102849 , 0.6
0.000102849 , 0.6
0.000102849 , 0.6
0.000102849 , 0.6
0.000102849 , 0.6
0.000102849 , 0.6
0.000102849 , 0.6
0.000102849 , 0.6
0.000102849 , 0.6
0.000102849 , 0.6
0.000102849 , 0.6
0.000102849 , 0.6
0.000102849 , 0.6
0.000102849 , 0.6
0.000102849 , 0.6
0.000102849 , 0.6
0.000102849 , 0.6
0.000102849 , 0.6
0.000102849 , 0.6
0.000102849 , 0.6
0.000102849 , 0.6
0.000102849 , 0.6
0.000102849 , 0.6
0.000102849 , 0.6
