0.0196444 , 0.0196444
0 , 0
0 , 0
0.0119796 , 0.0119796
0.00733926 , 0.00733926
0 , 0
0.0148276 , 0.0148276
0.0065634 , 0.0065634
0.0143349 , 0.0143349
0.0061824 , 0.0061824
0.0119796 , 0.0119796
0.0032871 , 0.0032871
0.0490511 , 0.0490511
0 , 0
0.0158366 , 0.0158366
0 , 0
0.0119796 , 0.0119796
0 , 0
0.0138497 , 0.0138497
0.018509 , 0.018509
0.0246446 , 0.0246446
0.0214279 , 0.0214279
0 , 0
0.0119796 , 0.0119796
0.0340524 , 0.0340524
0.00398682 , 0.00398682
0.0133718 , 0.0133718
0.0061824 , 0.0061824
0.0359378 , 0.0359378
0 , 0
