0.034449 , 0.108723
0.0414427 , 0.110047
0.041753 , 0.110106
0.0431025 , 0.110362
0.0451416 , 0.110751
0.047991 , 0.111297
0.0419082 , 0.110135
0.0420636 , 0.110165
0.0460356 , 0.110922
0.0477261 , 0.111246
0.0438325 , 0.110501
0.0318932 , 0.108239
0.0459303 , 0.110902
0.0374544 , 0.109292
0.0425825 , 0.110263
0.0496386 , 0.111615
0.0462991 , 0.110972
0.0463518 , 0.110982
0.0473026 , 0.111165
0.0508658 , 0.111853
0.0349458 , 0.108818
0.0396937 , 0.109716
0.0354943 , 0.108921
0.040412 , 0.109852
0.0505453 , 0.111791
0.0468268 , 0.111073
0.0511865 , 0.111916
0.0474613 , 0.111195
0.047091 , 0.111124
0.0368991 , 0.109187
