0.0238157 , 0.0238157
0.0108379 , 0.0108379
0.0045254 , 0.0045254
0.0108379 , 0.0108379
0.0108379 , 0.0108379
0 , 0
0.0486819 , 0.0486819
0 , 0
0.0334724 , 0.0334724
0 , 0
0.0238157 , 0.0238157
0 , 0
0 , 0
0 , 0
0 , 0
0.0108379 , 0.0108379
0.0203222 , 0.0203222
0.0108379 , 0.0108379
0.0108379 , 0.0108379
0.0108379 , 0.0108379
0.0108379 , 0.0108379
0.0108379 , 0.0108379
0.0377795 , 0.0377795
0.0186431 , 0.0186431
0.0186431 , 0.0186431
0.0123266 , 0.0123266
0 , 0
0.0108379 , 0.0108379
0.0238157 , 0.0238157
0 , 0
