0.0103007 , 0.0754941
0.00838904 , 0.0750603
0.0131956 , 0.0761436
0.00758913 , 0.0748775
0.011613 , 0.0757896
0.009642 , 0.0753451
0.00896627 , 0.0751917
0.0070236 , 0.0747478
0.00990005 , 0.0754035
0.0120236 , 0.0758817
0.0119267 , 0.07586
0.00809082 , 0.0749922
0.00722663 , 0.0747944
0.0130972 , 0.0761217
0.0112048 , 0.0756979
0.00966542 , 0.0753504
0.0110135 , 0.0756548
0.00931496 , 0.0752709
0.00403197 , 0.0740544
0.0064629 , 0.0746188
0.0100412 , 0.0754354
0.0101591 , 0.0754621
0.00693356 , 0.0747271
0.0105375 , 0.0755475
0.00465782 , 0.0742006
0.00919853 , 0.0752445
0.00763459 , 0.0748879
0.0112048 , 0.0756979
0.0125584 , 0.0760014
0.00595134 , 0.0745008
