0.0144269 , 0.270734
0.0144269 , 0.270734
0.0144269 , 0.270734
0.0144269 , 0.270734
0.0144269 , 0.270734
0.0144269 , 0.270734
0.0144269 , 0.270734
0.0144269 , 0.270734
0.208848 , 0.282805
0.245442 , 0.296492
0.0144269 , 0.270734
0.0144269 , 0.270734
0.0144269 , 0.270734
0.0144269 , 0.270734
0.0144269 , 0.270734
0.0144269 , 0.270734
0.0144269 , 0.270734
0.208848 , 0.282805
0.0144269 , 0.270734
0.0144269 , 0.270734
0.0144269 , 0.270734
0.0144269 , 0.270734
0.0144269 , 0.270734
0.0144269 , 0.270734
0.305743 , 0.33126
0.0144269 , 0.270734
0.0144269 , 0.270734
0.0144269 , 0.270734
0.0144269 , 0.270734
0.0144269 , 0.270734
