0.194356 , 0.209933
0.193748 , 0.209539
0.195306 , 0.210554
0.187969 , 0.205911
0.196879 , 0.211594
0.192539 , 0.208762
0.188297 , 0.206111
0.194695 , 0.210154
0.184059 , 0.20358
0.200361 , 0.213948
0.192204 , 0.208549
0.190275 , 0.207333
0.193412 , 0.209322
0.19321 , 0.209192
0.195715 , 0.210822
0.196056 , 0.211048
0.199447 , 0.213323
0.189218 , 0.206677
0.188166 , 0.206031
0.190673 , 0.207581
0.194424 , 0.209977
0.195034 , 0.210375
0.193951 , 0.20967
0.190209 , 0.207291
0.191271 , 0.207957
0.189548 , 0.206881
0.194356 , 0.209933
0.190011 , 0.207168
0.190474 , 0.207457
0.18738 , 0.205553
