7.20048e-41 , 0.6
0.281685 , 0.612702
7.20048e-41 , 0.6
7.20048e-41 , 0.6
7.20048e-41 , 0.6
7.20048e-41 , 0.6
7.20048e-41 , 0.6
0.281685 , 0.612702
7.20048e-41 , 0.6
7.20048e-41 , 0.6
7.20048e-41 , 0.6
7.20048e-41 , 0.6
7.20048e-41 , 0.6
7.20048e-41 , 0.6
7.20048e-41 , 0.6
7.20048e-41 , 0.6
7.20048e-41 , 0.6
0.281685 , 0.612702
7.20048e-41 , 0.6
7.20048e-41 , 0.6
7.20048e-41 , 0.6
7.20048e-41 , 0.6
7.20048e-41 , 0.6
7.20048e-41 , 0.6
7.20048e-41 , 0.6
7.20048e-41 , 0.6
7.20048e-41 , 0.6
7.20048e-41 , 0.6
7.20048e-41 , 0.6
7.20048e-41 , 0.6
