0.00122736 , 0.0733905
0.000720485 , 0.0732687
0.00124774 , 0.0733954
0.00215292 , 0.0736114
0.000539314 , 0.0732249
0.00256963 , 0.0737102
0.00271625 , 0.0737449
0.000922597 , 0.0733173
0.00198715 , 0.073572
0.000579514 , 0.0732347
0.000882107 , 0.0733076
0.00211143 , 0.0736015
0.000139214 , 0.0731281
0.000159136 , 0.0731329
0.000781029 , 0.0732832
0.000801227 , 0.0732881
0.00322192 , 0.0738643
1.98614e-05 , 0.0730991
3.97316e-05 , 0.073104
0.000882107 , 0.0733076
0.000801227 , 0.0732881
0.00248603 , 0.0736904
0.000378858 , 0.0731862
1.65423e-30 , 0.0730943
0.00153401 , 0.0734639
0.0016161 , 0.0734835
0.000861874 , 0.0733027
0.000238914 , 0.0731523
0.000398885 , 0.073191
0.00206997 , 0.0735917
