0.00324615 , 0.160111
2.13821e-50 , 0.159495
0.00258748 , 0.159987
2.13821e-50 , 0.159495
0.000568448 , 0.159604
2.13821e-50 , 0.159495
0.00178883 , 0.159836
2.13821e-50 , 0.159495
0.00135618 , 0.159754
0.000997242 , 0.159686
2.13821e-50 , 0.159495
0.000854077 , 0.159659
0.00035484 , 0.159563
0.0041317 , 0.160276
2.13821e-50 , 0.159495
0.000497187 , 0.159591
0.00266043 , 0.160001
2.13821e-50 , 0.159495
0.00114064 , 0.159713
0.00128427 , 0.159741
0.00193351 , 0.159864
0.000283755 , 0.15955
2.13821e-50 , 0.159495
0.000425984 , 0.159577
0.000854077 , 0.159659
0.00150016 , 0.159781
0.00142814 , 0.159768
0.00014176 , 0.159523
2.13821e-50 , 0.159495
0.00150016 , 0.159781
