0.0436051 , 0.0436051
0.0245012 , 0.0245012
0.0949938 , 0.0949938
0.0488274 , 0.0488274
0.0470643 , 0.0470643
0.0699132 , 0.0699132
0.0599169 , 0.0599169
0.0580042 , 0.0580042
0.0453237 , 0.0453237
0.0215584 , 0.0215584
0.0353214 , 0.0353214
0 , 0
0.0720056 , 0.0720056
0.082996 , 0.082996
0.0321427 , 0.0321427
0.0436051 , 0.0436051
0.0580042 , 0.0580042
0.0678531 , 0.0678531
0.082996 , 0.082996
0.0337229 , 0.0337229
0.0337229 , 0.0337229
0.0385751 , 0.0385751
0.0542584 , 0.0542584
0.0542584 , 0.0542584
0.0337229 , 0.0337229
0.0436051 , 0.0436051
0.0470643 , 0.0470643
0.0305803 , 0.0305803
0.0337229 , 0.0337229
0.0353214 , 0.0353214
