0.0592083 , 0.0885932
0.0592083 , 0.0885932
0.0631345 , 0.0919135
0.0631345 , 0.0919135
0.0476101 , 0.0788441
0.032534 , 0.0663085
0.0178557 , 0.0542584
0.0710826 , 0.0986655
0.0476101 , 0.0788441
0.0400193 , 0.0725128
0.032534 , 0.0663085
0.0400193 , 0.0725128
0.0670922 , 0.0952706
0.032534 , 0.0663085
0.028829 , 0.0632522
0.0106516 , 0.0484021
0.00708108 , 0.0455141
0.0438011 , 0.0756622
0.0670922 , 0.0952706
0.0710826 , 0.0986655
0.028829 , 0.0632522
0.032534 , 0.0663085
0.0592083 , 0.0885932
0.0476101 , 0.0788441
0.0476101 , 0.0788441
0.028829 , 0.0632522
0.0670922 , 0.0952706
1.06911e-50 , 0.0398154
0.051447 , 0.0820594
0.0553128 , 0.0853088
