2.9733e-06 , 0.0349808
2.9733e-06 , 0.0349808
2.9733e-06 , 0.0349808
2.9733e-06 , 0.0349808
2.9733e-06 , 0.0349808
2.9733e-06 , 0.0349808
2.9733e-06 , 0.0349808
2.9733e-06 , 0.0349808
2.9733e-06 , 0.0349808
2.9733e-06 , 0.0349808
2.9733e-06 , 0.0349808
2.9733e-06 , 0.0349808
2.9733e-06 , 0.0349808
2.9733e-06 , 0.0349808
2.9733e-06 , 0.0349808
2.9733e-06 , 0.0349808
2.9733e-06 , 0.0349808
2.9733e-06 , 0.0349808
2.9733e-06 , 0.0349808
2.9733e-06 , 0.0349808
2.9733e-06 , 0.0349808
2.9733e-06 , 0.0349808
2.9733e-06 , 0.0349808
2.9733e-06 , 0.0349808
2.9733e-06 , 0.0349808
2.9733e-06 , 0.0349808
2.9733e-06 , 0.0349808
2.9733e-06 , 0.0349808
2.9733e-06 , 0.0349808
2.9733e-06 , 0.0349808
