0.00163015 , 0.102193
0.00155991 , 0.102177
0.00152482 , 0.10217
0 , 0.101838
0.00134965 , 0.102132
6.84859e-05 , 0.101853
0.00208859 , 0.102291
0.00103555 , 0.102064
0.00051557 , 0.10195
0 , 0.101838
0.00152482 , 0.10217
0.000550098 , 0.101958
0.00048106 , 0.101943
0.000861738 , 0.102026
0.000861738 , 0.102026
0.0018766 , 0.102246
0.000861738 , 0.102026
0.000171363 , 0.101875
0.000757683 , 0.102003
0.000446571 , 0.101935
0.00280017 , 0.102444
0.00048106 , 0.101943
0.00068841 , 0.101988
0.000274418 , 0.101898
0.00110522 , 0.102079
0 , 0.101838
0.00201785 , 0.102276
0.000757683 , 0.102003
0.00308691 , 0.102506
0.00103555 , 0.102064
