0.0068384 , 0.160776
0.00783423 , 0.160958
0.00907326 , 0.161183
0.00922918 , 0.161212
0.00607902 , 0.160637
0.0132833 , 0.161937
0.0117553 , 0.161665
0.0150789 , 0.162254
0.0057015 , 0.160567
0.00868447 , 0.161113
0.00860689 , 0.161099
0.00428011 , 0.160304
0.00525038 , 0.160484
0.00829713 , 0.161043
0.0103271 , 0.16141
0.00922918 , 0.161212
0.00585234 , 0.160595
0.0140145 , 0.162066
0.00775728 , 0.160944
0.00630623 , 0.160679
0.00428011 , 0.160304
0.0051754 , 0.16047
0.00907326 , 0.161183
0.0111977 , 0.161566
0.00645799 , 0.160706
0.0100122 , 0.161353
0.0114363 , 0.161608
0.00745006 , 0.160888
0.00691466 , 0.16079
0.0121554 , 0.161737
