0.0191866 , 0.0632522
3.19187e-46 , 0.0484021
3.19187e-46 , 0.0484021
0.0114506 , 0.0572278
3.19187e-46 , 0.0484021
0.0270107 , 0.0693951
0.00761399 , 0.0542584
0.0114506 , 0.0572278
3.19187e-46 , 0.0484021
3.19187e-46 , 0.0484021
3.19187e-46 , 0.0484021
0.0153079 , 0.0602255
3.19187e-46 , 0.0484021
0.0153079 , 0.0602255
3.19187e-46 , 0.0484021
0.00379733 , 0.0513167
3.19187e-46 , 0.0484021
0.0191866 , 0.0632522
3.19187e-46 , 0.0484021
3.19187e-46 , 0.0484021
0.00761399 , 0.0542584
0.0191866 , 0.0632522
3.19187e-46 , 0.0484021
0.00379733 , 0.0513167
0.0270107 , 0.0693951
0.0114506 , 0.0572278
0.0309578 , 0.0725128
0.0309578 , 0.0725128
3.19187e-46 , 0.0484021
3.19187e-46 , 0.0484021
