0.000341775 , 0.0451559
0.000132524 , 0.0450999
0.000265544 , 0.0451355
0.000744574 , 0.0452631
0.000571418 , 0.0452171
0.000783159 , 0.0452734
6.94908e-33 , 0.0450645
0.000494713 , 0.0451966
0.00138608 , 0.0454332
0.00267875 , 0.0457734
0.000629049 , 0.0452324
0.000475561 , 0.0451915
0.00138608 , 0.0454332
0.000494713 , 0.0451966
6.94908e-33 , 0.0450645
0.00100577 , 0.0453325
0.00110295 , 0.0453582
0.00191845 , 0.0455736
0.000427725 , 0.0451788
0.0014351 , 0.0454461
0.000523459 , 0.0452043
0.00185898 , 0.045558
0.00228701 , 0.0456706
0.00108349 , 0.0453531
0.000523459 , 0.0452043
0.00142529 , 0.0454435
0.000313169 , 0.0451482
0.000465989 , 0.045189
0.000341775 , 0.0451559
0.000725296 , 0.045258
