0.182235 , 0.182235
0.296492 , 0.296492
0.296492 , 0.296492
0.150975 , 0.150975
0.354881 , 0.354881
0.33126 , 0.33126
0.182235 , 0.182235
0.187461 , 0.187461
0.33126 , 0.33126
0.217893 , 0.217893
0.33126 , 0.33126
0.182235 , 0.182235
0.354881 , 0.354881
0.177232 , 0.177232
0.217893 , 0.217893
0.139719 , 0.139719
0.241118 , 0.241118
0.167822 , 0.167822
0.19868 , 0.19868
0.163384 , 0.163384
0.129409 , 0.129409
0.187461 , 0.187461
0.192934 , 0.192934
0.187461 , 0.187461
0.177232 , 0.177232
0.163384 , 0.163384
0.116869 , 0.116869
0.270734 , 0.270734
0.192934 , 0.192934
0.182235 , 0.182235
