0.188847 , 0.188958
0.187144 , 0.187266
0.183406 , 0.183553
0.203725 , 0.203777
0.207719 , 0.207761
0.187144 , 0.187266
0.190699 , 0.190801
0.175481 , 0.175698
0.194983 , 0.195064
0.191691 , 0.191787
0.229211 , 0.229224
0.205624 , 0.205672
0.186342 , 0.186469
0.21269 , 0.212723
0.181444 , 0.181605
0.200383 , 0.200445
0.236989 , 0.236998
0.215723 , 0.215751
0.187978 , 0.188095
0.179079 , 0.179261
0.210053 , 0.210091
0.194983 , 0.195064
0.184103 , 0.184245
0.192731 , 0.192823
0.197507 , 0.197579
0.189753 , 0.189859
0.182078 , 0.182235
0.21269 , 0.212723
0.193827 , 0.193913
0.223642 , 0.223661
