0.0105471 , 0.0105471
0.0106775 , 0.0106775
0.0101167 , 0.0101167
0.0117393 , 0.0117393
0.00991683 , 0.00991683
0.00958781 , 0.00958781
0.0100419 , 0.0100419
0.00948745 , 0.00948745
0.0102779 , 0.0102779
0.0102549 , 0.0102549
0.00970053 , 0.00970053
0.0105074 , 0.0105074
0.00947312 , 0.00947312
0.0107146 , 0.0107146
0.00952536 , 0.00952536
0.00992154 , 0.00992154
0.00986406 , 0.00986406
0.0104272 , 0.0104272
0.009773 , 0.009773
0.0109092 , 0.0109092
0.00988922 , 0.00988922
0.0100156 , 0.0100156
0.0097802 , 0.0097802
0.0099183 , 0.0099183
0.0105546 , 0.0105546
0.0102515 , 0.0102515
0.0107726 , 0.0107726
0.0102111 , 0.0102111
0.0103898 , 0.0103898
0.0104195 , 0.0104195
0.00928207 , 0.00928207
0.0110324 , 0.0110324
0.0106141 , 0.0106141
0.0100726 , 0.0100726
0.00997744 , 0.00997744
0.0104386 , 0.0104386
0.0103184 , 0.0103184
0.0105825 , 0.0105825
0.0102475 , 0.0102475
0.00996705 , 0.00996705
0.00957634 , 0.00957634
0.00987809 , 0.00987809
0.0102271 , 0.0102271
0.00901259 , 0.00901259
0.0103275 , 0.0103275
0.0100212 , 0.0100212
0.0102583 , 0.0102583
0.00969255 , 0.00969255
0.00898849 , 0.00898849
0.00989949 , 0.00989949
0.0102509 , 0.0102509
0.00988365 , 0.00988365
0.00990565 , 0.00990565
0.00979695 , 0.00979695
0.00966784 , 0.00966784
0.0109414 , 0.0109414
0.00955428 , 0.00955428
0.0103463 , 0.0103463
0.00966529 , 0.00966529
0.0104693 , 0.0104693
0.00970338 , 0.00970338
0.0101905 , 0.0101905
0.010363 , 0.010363
0.00975373 , 0.00975373
0.0102844 , 0.0102844
0.0105348 , 0.0105348
0.0102642 , 0.0102642
0.0108541 , 0.0108541
0.00976782 , 0.00976782
0.00939022 , 0.00939022
0.0105029 , 0.0105029
0.00984685 , 0.00984685
0.0108724 , 0.0108724
0.00954398 , 0.00954398
0.0101374 , 0.0101374
0.0102953 , 0.0102953
0.00953064 , 0.00953064
0.00986844 , 0.00986844
0.009801 , 0.009801
0.010029 , 0.010029
0.00931909 , 0.00931909
0.0107468 , 0.0107468
0.0102016 , 0.0102016
0.010104 , 0.010104
0.0101456 , 0.0101456
0.0106719 , 0.0106719
0.00983783 , 0.00983783
0.0103022 , 0.0103022
0.00943496 , 0.00943496
0.0108643 , 0.0108643
0.00989714 , 0.00989714
0.0102277 , 0.0102277
0.0102658 , 0.0102658
0.0101106 , 0.0101106
0.01011 , 0.01011
0.00990477 , 0.00990477
0.0107987 , 0.0107987
0.00974828 , 0.00974828
0.0100687 , 0.0100687
0.0100554 , 0.0100554
