0.00988433 , 0.0109418
0.0100994 , 0.0111544
0.00992311 , 0.0109801
0.0102267 , 0.0112803
0.0103129 , 0.0113655
0.00932825 , 0.010392
0.00989403 , 0.0109514
0.00999401 , 0.0110502
0.00983962 , 0.0108976
0.00963728 , 0.0106975
0.0102694 , 0.0113225
0.0105481 , 0.0115982
0.0108712 , 0.0119176
0.00950742 , 0.0105691
0.00972424 , 0.0107835
0.0101278 , 0.0111825
0.00998356 , 0.0110399
0.0100112 , 0.0110672
0.0100097 , 0.0110657
0.00979419 , 0.0108526
0.00968706 , 0.0107467
0.0100284 , 0.0110842
0.0100717 , 0.0111271
0.0104443 , 0.0114955
0.00962911 , 0.0106894
0.0101338 , 0.0111885
0.0104834 , 0.0115342
0.0102192 , 0.0112729
0.0100695 , 0.0111248
0.0100157 , 0.0110716
0.00993654 , 0.0109934
0.0104594 , 0.0115104
0.0102312 , 0.0112847
0.00997983 , 0.0110362
0.0101323 , 0.011187
0.010172 , 0.0112262
0.0101578 , 0.0112121
0.00977409 , 0.0108328
0.0102379 , 0.0112914
0.00997162 , 0.0110281
0.0102439 , 0.0112973
0.0103632 , 0.0114153
0.0103699 , 0.0114219
0.00968632 , 0.010746
0.0100351 , 0.0110909
0.0102604 , 0.0113136
0.00968855 , 0.0107482
0.0102746 , 0.0113277
0.0100949 , 0.01115
0.00951261 , 0.0105742
0.0101495 , 0.011204
0.0101727 , 0.0112269
0.0101076 , 0.0111626
0.00974879 , 0.0108078
0.00922261 , 0.0102875
0.00995818 , 0.0110148
0.0104473 , 0.0114985
0.00958456 , 0.0106454
0.00965808 , 0.0107181
0.0101278 , 0.0111825
0.00997759 , 0.011034
0.00977632 , 0.010835
0.0102401 , 0.0112936
0.0100672 , 0.0111226
0.0100568 , 0.0111123
0.0102259 , 0.0112795
0.00953782 , 0.0105992
0.00969078 , 0.0107504
0.0101173 , 0.0111722
0.00983291 , 0.0108909
0.0103136 , 0.0113663
0.0099649 , 0.0110214
0.0101555 , 0.0112099
0.00977334 , 0.010832
0.0103624 , 0.0114145
0.0105436 , 0.0115937
0.00965808 , 0.0107181
0.00981057 , 0.0108688
0.0101031 , 0.0111581
0.00971383 , 0.0107732
0.00956304 , 0.0106241
0.0105459 , 0.0115959
0.00988061 , 0.0109381
0.0101652 , 0.0112195
0.010136 , 0.0111907
0.00998431 , 0.0110406
0.0101622 , 0.0112166
0.010136 , 0.0111907
0.00992908 , 0.010986
0.0102604 , 0.0113136
0.00950964 , 0.0105713
0.010388 , 0.0114398
0.00997535 , 0.0110318
0.0104112 , 0.0114628
0.0091953 , 0.0102605
0.0102979 , 0.0113507
0.00974655 , 0.0108056
0.0102566 , 0.0113099
0.00998729 , 0.0110436
0.0100874 , 0.0111426
