0.00906774 , 0.00906774
0.0102549 , 0.0102549
0.0102619 , 0.0102619
0.00955715 , 0.00955715
0.00974731 , 0.00974731
0.0104472 , 0.0104472
0.0101169 , 0.0101169
0.0100484 , 0.0100484
0.00990139 , 0.00990139
0.00965743 , 0.00965743
0.00888437 , 0.00888437
0.00905529 , 0.00905529
0.010527 , 0.010527
0.0100167 , 0.0100167
0.00892575 , 0.00892575
0.0106593 , 0.0106593
0.0107441 , 0.0107441
0.0107105 , 0.0107105
0.0112253 , 0.0112253
0.00977839 , 0.00977839
0.00995928 , 0.00995928
0.00997899 , 0.00997899
0.00976764 , 0.00976764
0.0111384 , 0.0111384
0.0102726 , 0.0102726
0.0100011 , 0.0100011
0.00995581 , 0.00995581
0.0101654 , 0.0101654
0.0102275 , 0.0102275
0.0107364 , 0.0107364
0.0096336 , 0.0096336
0.0102092 , 0.0102092
0.0116523 , 0.0116523
0.00925216 , 0.00925216
0.00941921 , 0.00941921
0.00975284 , 0.00975284
0.00983254 , 0.00983254
0.0116583 , 0.0116583
0.0104051 , 0.0104051
0.0105023 , 0.0105023
0.0102887 , 0.0102887
0.00976801 , 0.00976801
0.00988617 , 0.00988617
0.0104072 , 0.0104072
0.0103061 , 0.0103061
0.00976208 , 0.00976208
0.0097606 , 0.0097606
0.0103692 , 0.0103692
0.00972192 , 0.00972192
0.00999218 , 0.00999218
0.00980856 , 0.00980856
0.0102516 , 0.0102516
0.00927682 , 0.00927682
0.0103696 , 0.0103696
0.00974878 , 0.00974878
0.00964153 , 0.00964153
0.00941887 , 0.00941887
0.00989605 , 0.00989605
0.00985588 , 0.00985588
0.00989415 , 0.00989415
0.00993427 , 0.00993427
0.0094113 , 0.0094113
0.0107669 , 0.0107669
0.0100931 , 0.0100931
0.0103987 , 0.0103987
0.0092379 , 0.0092379
0.0100689 , 0.0100689
0.00986608 , 0.00986608
0.0103894 , 0.0103894
0.00964947 , 0.00964947
0.00982166 , 0.00982166
0.00951201 , 0.00951201
0.0105309 , 0.0105309
0.0104157 , 0.0104157
0.0105066 , 0.0105066
0.0107228 , 0.0107228
0.00989986 , 0.00989986
0.01008 , 0.01008
0.0101205 , 0.0101205
0.00965019 , 0.00965019
0.00980445 , 0.00980445
0.0105018 , 0.0105018
0.0100844 , 0.0100844
0.0113681 , 0.0113681
0.00943542 , 0.00943542
0.0093614 , 0.0093614
0.0098623 , 0.0098623
0.00993389 , 0.00993389
0.0103966 , 0.0103966
0.00993888 , 0.00993888
0.0103894 , 0.0103894
0.00975543 , 0.00975543
0.0100618 , 0.0100618
0.00943058 , 0.00943058
0.0100296 , 0.0100296
0.0104153 , 0.0104153
0.00990749 , 0.00990749
0.0105812 , 0.0105812
0.00942576 , 0.00942576
0.0107328 , 0.0107328
