0.0102675 , 0.0102675
0.00878212 , 0.00878212
0.00980794 , 0.00980794
0.0105837 , 0.0105837
0.00887896 , 0.00887896
0.00924167 , 0.00924167
0.0102665 , 0.0102665
0.0101854 , 0.0101854
0.0100281 , 0.0100281
0.00990215 , 0.00990215
0.0107734 , 0.0107734
0.010562 , 0.010562
0.0108552 , 0.0108552
0.00979259 , 0.00979259
0.0095627 , 0.0095627
0.00991746 , 0.00991746
0.00966076 , 0.00966076
0.0103699 , 0.0103699
0.00950308 , 0.00950308
0.0100365 , 0.0100365
0.0103418 , 0.0103418
0.0104677 , 0.0104677
0.00970209 , 0.00970209
0.0105106 , 0.0105106
0.0107419 , 0.0107419
0.00910557 , 0.00910557
0.00959471 , 0.00959471
0.00949981 , 0.00949981
0.0100032 , 0.0100032
0.00994689 , 0.00994689
0.00972012 , 0.00972012
0.00981146 , 0.00981146
0.00961102 , 0.00961102
0.010246 , 0.010246
0.00958637 , 0.00958637
0.0106305 , 0.0106305
0.00997928 , 0.00997928
0.0102027 , 0.0102027
0.0100719 , 0.0100719
0.0102783 , 0.0102783
0.0103448 , 0.0103448
0.00970338 , 0.00970338
0.0100059 , 0.0100059
0.00941783 , 0.00941783
0.00936853 , 0.00936853
0.010208 , 0.010208
0.00973909 , 0.00973909
0.00906056 , 0.00906056
0.0104749 , 0.0104749
0.00941943 , 0.00941943
0.0110321 , 0.0110321
0.0098869 , 0.0098869
0.0106092 , 0.0106092
0.00949533 , 0.00949533
0.010269 , 0.010269
0.0104899 , 0.0104899
0.0109723 , 0.0109723
0.00941503 , 0.00941503
0.0102299 , 0.0102299
0.00915482 , 0.00915482
0.00951944 , 0.00951944
0.00921302 , 0.00921302
0.0106145 , 0.0106145
0.0096337 , 0.0096337
0.00968372 , 0.00968372
0.00916271 , 0.00916271
0.0100221 , 0.0100221
0.0101609 , 0.0101609
0.00999856 , 0.00999856
0.0094815 , 0.0094815
0.00965609 , 0.00965609
0.010208 , 0.010208
0.00964932 , 0.00964932
0.00980091 , 0.00980091
0.00994507 , 0.00994507
0.0101513 , 0.0101513
0.00958554 , 0.00958554
0.00989946 , 0.00989946
0.0101105 , 0.0101105
0.00955814 , 0.00955814
0.00953628 , 0.00953628
0.0108756 , 0.0108756
0.00930073 , 0.00930073
0.0100672 , 0.0100672
0.0101237 , 0.0101237
0.00991701 , 0.00991701
0.00937328 , 0.00937328
0.0100973 , 0.0100973
0.010541 , 0.010541
0.0100258 , 0.0100258
0.0102548 , 0.0102548
0.00900589 , 0.00900589
0.0097184 , 0.0097184
0.00974601 , 0.00974601
0.0101209 , 0.0101209
0.0093947 , 0.0093947
0.0100803 , 0.0100803
0.0103649 , 0.0103649
0.00956767 , 0.00956767
0.00977337 , 0.00977337
