0.00935941 , 0.00935941
0.0103868 , 0.0103868
0.00978195 , 0.00978195
0.0104675 , 0.0104675
0.00901155 , 0.00901155
0.0101031 , 0.0101031
0.00913539 , 0.00913539
0.0104946 , 0.0104946
0.0105398 , 0.0105398
0.00947938 , 0.00947938
0.0112234 , 0.0112234
0.00933717 , 0.00933717
0.00980182 , 0.00980182
0.0107889 , 0.0107889
0.00973637 , 0.00973637
0.0099521 , 0.0099521
0.0104587 , 0.0104587
0.0108254 , 0.0108254
0.0100071 , 0.0100071
0.00906823 , 0.00906823
0.0102629 , 0.0102629
0.00974307 , 0.00974307
0.0104543 , 0.0104543
0.00950298 , 0.00950298
0.0105054 , 0.0105054
0.0097051 , 0.0097051
0.00902851 , 0.00902851
0.0087662 , 0.0087662
0.0101598 , 0.0101598
0.0103495 , 0.0103495
0.00956684 , 0.00956684
0.0102564 , 0.0102564
0.0104631 , 0.0104631
0.0102958 , 0.0102958
0.00895741 , 0.00895741
0.0110531 , 0.0110531
0.0100669 , 0.0100669
0.010183 , 0.010183
0.00956045 , 0.00956045
0.00972403 , 0.00972403
0.0100422 , 0.0100422
0.00942647 , 0.00942647
0.0106569 , 0.0106569
0.0101173 , 0.0101173
0.0102623 , 0.0102623
0.00937618 , 0.00937618
0.0100787 , 0.0100787
0.00989469 , 0.00989469
0.00992979 , 0.00992979
0.00996633 , 0.00996633
0.0104009 , 0.0104009
0.00953014 , 0.00953014
0.0108643 , 0.0108643
0.00975391 , 0.00975391
0.0106888 , 0.0106888
0.0104077 , 0.0104077
0.0104419 , 0.0104419
0.00919135 , 0.00919135
0.0109307 , 0.0109307
0.00967662 , 0.00967662
0.00997016 , 0.00997016
0.0104625 , 0.0104625
0.0101697 , 0.0101697
0.0103997 , 0.0103997
0.00892174 , 0.00892174
0.0100277 , 0.0100277
0.0111705 , 0.0111705
0.0108233 , 0.0108233
0.0108882 , 0.0108882
0.0102987 , 0.0102987
0.00983815 , 0.00983815
0.00967763 , 0.00967763
0.0100427 , 0.0100427
0.010257 , 0.010257
0.0112684 , 0.0112684
0.0104065 , 0.0104065
0.0097971 , 0.0097971
0.0106497 , 0.0106497
0.00959745 , 0.00959745
0.00976168 , 0.00976168
0.00961434 , 0.00961434
0.00969083 , 0.00969083
0.00968017 , 0.00968017
0.00946357 , 0.00946357
0.00965138 , 0.00965138
0.0101935 , 0.0101935
0.00961135 , 0.00961135
0.00950637 , 0.00950637
0.0100461 , 0.0100461
0.010358 , 0.010358
0.0103598 , 0.0103598
0.0105411 , 0.0105411
0.0100305 , 0.0100305
0.00957816 , 0.00957816
0.0100254 , 0.0100254
0.0095054 , 0.0095054
0.0108164 , 0.0108164
0.0101048 , 0.0101048
0.0107534 , 0.0107534
0.0100338 , 0.0100338
