0.00939586 , 0.00939586
0.0104375 , 0.0104375
0.0104001 , 0.0104001
0.00950646 , 0.00950646
0.0102026 , 0.0102026
0.00968573 , 0.00968573
0.00957737 , 0.00957737
0.0105788 , 0.0105788
0.0100502 , 0.0100502
0.0101976 , 0.0101976
0.00982893 , 0.00982893
0.00999401 , 0.00999401
0.0097066 , 0.0097066
0.0095934 , 0.0095934
0.0096937 , 0.0096937
0.0104801 , 0.0104801
0.0105747 , 0.0105747
0.010167 , 0.010167
0.00892323 , 0.00892323
0.010423 , 0.010423
0.0105932 , 0.0105932
0.0104215 , 0.0104215
0.0104016 , 0.0104016
0.0102019 , 0.0102019
0.00986879 , 0.00986879
0.0100257 , 0.0100257
0.0105852 , 0.0105852
0.0106402 , 0.0106402
0.00965527 , 0.00965527
0.00986943 , 0.00986943
0.0098876 , 0.0098876
0.0103903 , 0.0103903
0.00961609 , 0.00961609
0.0106037 , 0.0106037
0.00910818 , 0.00910818
0.00974003 , 0.00974003
0.0103971 , 0.0103971
0.0110834 , 0.0110834
0.00989671 , 0.00989671
0.00968145 , 0.00968145
0.00902743 , 0.00902743
0.00972575 , 0.00972575
0.0103767 , 0.0103767
0.0105058 , 0.0105058
0.0109151 , 0.0109151
0.00906629 , 0.00906629
0.00942402 , 0.00942402
0.0103721 , 0.0103721
0.0108405 , 0.0108405
0.00913761 , 0.00913761
0.0104661 , 0.0104661
0.00981172 , 0.00981172
0.00936183 , 0.00936183
0.0112915 , 0.0112915
0.00942571 , 0.00942571
0.0085633 , 0.0085633
0.00990455 , 0.00990455
0.00925373 , 0.00925373
0.0105956 , 0.0105956
0.00970414 , 0.00970414
0.0112697 , 0.0112697
0.011182 , 0.011182
0.0095426 , 0.0095426
0.0104398 , 0.0104398
0.0100386 , 0.0100386
0.00974003 , 0.00974003
0.0107599 , 0.0107599
0.0111561 , 0.0111561
0.0104996 , 0.0104996
0.0099786 , 0.0099786
0.00974626 , 0.00974626
0.00977883 , 0.00977883
0.00969492 , 0.00969492
0.0111685 , 0.0111685
0.00958804 , 0.00958804
0.0103986 , 0.0103986
0.0106632 , 0.0106632
0.0106386 , 0.0106386
0.0103971 , 0.0103971
0.00934302 , 0.00934302
0.00928937 , 0.00928937
0.0105058 , 0.0105058
0.0103774 , 0.0103774
0.0104669 , 0.0104669
0.0106288 , 0.0106288
0.0105011 , 0.0105011
0.0104529 , 0.0104529
0.0110141 , 0.0110141
0.00983917 , 0.00983917
0.0103154 , 0.0103154
0.00936128 , 0.00936128
0.00998395 , 0.00998395
0.00973692 , 0.00973692
0.00928937 , 0.00928937
0.00974688 , 0.00974688
0.0104207 , 0.0104207
0.00977757 , 0.00977757
0.00988434 , 0.00988434
0.00864409 , 0.00864409
0.0112109 , 0.0112109
