0.0104735 , 0.0104735
0.0107226 , 0.0107226
0.0102608 , 0.0102608
0.00999086 , 0.00999086
0.010227 , 0.010227
0.0107689 , 0.0107689
0.00901956 , 0.00901956
0.00925745 , 0.00925745
0.00998704 , 0.00998704
0.00963801 , 0.00963801
0.00977592 , 0.00977592
0.0103037 , 0.0103037
0.0105629 , 0.0105629
0.010045 , 0.010045
0.0120226 , 0.0120226
0.00996046 , 0.00996046
0.0109075 , 0.0109075
0.00996929 , 0.00996929
0.0107141 , 0.0107141
0.0104475 , 0.0104475
0.00988112 , 0.00988112
0.0104444 , 0.0104444
0.00968165 , 0.00968165
0.0107192 , 0.0107192
0.00979826 , 0.00979826
0.010191 , 0.010191
0.0104612 , 0.0104612
0.0109094 , 0.0109094
0.0108479 , 0.0108479
0.00917658 , 0.00917658
0.0108266 , 0.0108266
0.0090546 , 0.0090546
0.00909821 , 0.00909821
0.0096873 , 0.0096873
0.0105375 , 0.0105375
0.00983276 , 0.00983276
0.0111955 , 0.0111955
0.0097295 , 0.0097295
0.0085345 , 0.0085345
0.0112037 , 0.0112037
0.0109573 , 0.0109573
0.0101581 , 0.0101581
0.00955829 , 0.00955829
0.00928724 , 0.00928724
0.00996803 , 0.00996803
0.00985199 , 0.00985199
0.0105233 , 0.0105233
0.0100139 , 0.0100139
0.00954863 , 0.00954863
0.0116054 , 0.0116054
0.00889392 , 0.00889392
0.00960604 , 0.00960604
0.0106855 , 0.0106855
0.0108125 , 0.0108125
0.0107967 , 0.0107967
0.00934591 , 0.00934591
0.0100724 , 0.0100724
0.0108266 , 0.0108266
0.00977943 , 0.00977943
0.00902217 , 0.00902217
0.0101082 , 0.0101082
0.0102439 , 0.0102439
0.0108037 , 0.0108037
0.0102936 , 0.0102936
0.0101526 , 0.0101526
0.00935086 , 0.00935086
0.0092651 , 0.0092651
0.00966253 , 0.00966253
0.010362 , 0.010362
0.00936079 , 0.00936079
0.0108533 , 0.0108533
0.00999724 , 0.00999724
0.00965247 , 0.00965247
0.0107793 , 0.0107793
0.0101432 , 0.0101432
0.0136663 , 0.0136663
0.00955399 , 0.00955399
0.0122913 , 0.0122913
0.0099242 , 0.0099242
0.0103298 , 0.0103298
0.0105565 , 0.0105565
0.00840614 , 0.00840614
0.00955292 , 0.00955292
0.0101513 , 0.0101513
0.0107056 , 0.0107056
0.00976307 , 0.00976307
0.0108785 , 0.0108785
0.0110971 , 0.0110971
0.00991553 , 0.00991553
0.0112181 , 0.0112181
0.0105805 , 0.0105805
0.0091905 , 0.0091905
0.00978178 , 0.00978178
0.00969296 , 0.00969296
0.0104368 , 0.0104368
0.0124206 , 0.0124206
0.0106472 , 0.0106472
0.00903439 , 0.00903439
0.0107932 , 0.0107932
0.00833731 , 0.00833731
