0.00817363 , 0.00817363
0.00943467 , 0.00943467
0.00881842 , 0.00881842
0.00817215 , 0.00817215
0.00987065 , 0.00987065
0.0092163 , 0.0092163
0.01189 , 0.01189
0.00853858 , 0.00853858
0.00947675 , 0.00947675
0.00954198 , 0.00954198
0.0105471 , 0.0105471
0.00964055 , 0.00964055
0.00963092 , 0.00963092
0.00970344 , 0.00970344
0.0100116 , 0.0100116
0.0100441 , 0.0100441
0.011038 , 0.011038
0.00867482 , 0.00867482
0.00932478 , 0.00932478
0.0113634 , 0.0113634
0.0090819 , 0.0090819
0.00972049 , 0.00972049
0.010421 , 0.010421
0.0107809 , 0.0107809
0.010879 , 0.010879
0.0118936 , 0.0118936
0.00901959 , 0.00901959
0.00976949 , 0.00976949
0.0103679 , 0.0103679
0.0110681 , 0.0110681
0.00957393 , 0.00957393
0.00874081 , 0.00874081
0.0095579 , 0.0095579
0.00984345 , 0.00984345
0.010676 , 0.010676
0.0109404 , 0.0109404
0.010294 , 0.010294
0.0106997 , 0.0106997
0.0107257 , 0.0107257
0.0100019 , 0.0100019
0.0107742 , 0.0107742
0.00904196 , 0.00904196
0.0100671 , 0.0100671
0.0104422 , 0.0104422
0.00864296 , 0.00864296
0.00921861 , 0.00921861
0.00948062 , 0.00948062
0.00988132 , 0.00988132
0.00940328 , 0.00940328
0.0106295 , 0.0106295
0.0100457 , 0.0100457
0.0105674 , 0.0105674
0.00941453 , 0.00941453
0.0100148 , 0.0100148
0.00883602 , 0.00883602
0.013187 , 0.013187
0.011372 , 0.011372
0.010249 , 0.010249
0.00849485 , 0.00849485
0.0100261 , 0.0100261
0.00987217 , 0.00987217
0.0108147 , 0.0108147
0.0099167 , 0.0099167
0.00873517 , 0.00873517
0.0100803 , 0.0100803
0.00993381 , 0.00993381
0.00982251 , 0.00982251
0.0107301 , 0.0107301
0.0119737 , 0.0119737
0.010087 , 0.010087
0.00992291 , 0.00992291
0.0115727 , 0.0115727
0.0104 , 0.0104
0.00951175 , 0.00951175
0.009824 , 0.009824
0.0099684 , 0.0099684
0.0108238 , 0.0108238
0.0109741 , 0.0109741
0.0121747 , 0.0121747
0.00927346 , 0.00927346
0.0108398 , 0.0108398
0.00919794 , 0.00919794
0.0101666 , 0.0101666
0.0109095 , 0.0109095
0.00973623 , 0.00973623
0.00890471 , 0.00890471
0.00854551 , 0.00854551
0.00942584 , 0.00942584
0.00906996 , 0.00906996
0.0109452 , 0.0109452
0.010497 , 0.010497
0.0103511 , 0.0103511
0.0104248 , 0.0104248
0.0105962 , 0.0105962
0.00870341 , 0.00870341
0.0119998 , 0.0119998
0.00884191 , 0.00884191
0.00925113 , 0.00925113
0.0106358 , 0.0106358
0.00805361 , 0.00805361
