0.00957665 , 0.00957665
0.00922427 , 0.00922427
0.00937702 , 0.00937702
0.0108777 , 0.0108777
0.00949937 , 0.00949937
0.0108726 , 0.0108726
0.00907045 , 0.00907045
0.0105011 , 0.0105011
0.0112068 , 0.0112068
0.00945196 , 0.00945196
0.010592 , 0.010592
0.00912593 , 0.00912593
0.00863476 , 0.00863476
0.00969865 , 0.00969865
0.0129015 , 0.0129015
0.0101536 , 0.0101536
0.00970987 , 0.00970987
0.0120263 , 0.0120263
0.00984383 , 0.00984383
0.00899884 , 0.00899884
0.0102002 , 0.0102002
0.0108573 , 0.0108573
0.00909081 , 0.00909081
0.0102038 , 0.0102038
0.0100403 , 0.0100403
0.0108472 , 0.0108472
0.00996832 , 0.00996832
0.0108624 , 0.0108624
0.00863152 , 0.00863152
0.0123264 , 0.0123264
0.0127343 , 0.0127343
0.0104551 , 0.0104551
0.013745 , 0.013745
0.00997799 , 0.00997799
0.00967916 , 0.00967916
0.0127748 , 0.0127748
0.0102853 , 0.0102853
0.00906842 , 0.00906842
0.0107826 , 0.0107826
0.0102929 , 0.0102929
0.0109035 , 0.0109035
0.00881985 , 0.00881985
0.0101965 , 0.0101965
0.0111119 , 0.0111119
0.0102664 , 0.0102664
0.00942747 , 0.00942747
0.0123813 , 0.0123813
0.00985896 , 0.00985896
0.0104224 , 0.0104224
0.0106504 , 0.0106504
0.0110214 , 0.0110214
0.0116333 , 0.0116333
0.00863638 , 0.00863638
0.0101186 , 0.0101186
0.0103312 , 0.0103312
0.0098529 , 0.0098529
0.010047 , 0.010047
0.0105096 , 0.0105096
0.0106919 , 0.0106919
0.0105787 , 0.0105787
0.0122836 , 0.0122836
0.00860103 , 0.00860103
0.00890171 , 0.00890171
0.0123373 , 0.0123373
0.00967916 , 0.00967916
0.0126303 , 0.0126303
0.00897554 , 0.00897554
0.00885399 , 0.00885399
0.00981986 , 0.00981986
0.0125077 , 0.0125077
0.0114875 , 0.0114875
0.00971551 , 0.00971551
0.0113584 , 0.0113584
0.0104801 , 0.0104801
0.00880919 , 0.00880919
0.0106277 , 0.0106277
0.00993328 , 0.00993328
0.0113259 , 0.0113259
0.0140619 , 0.0140619
0.00907653 , 0.00907653
0.0163779 , 0.0163779
0.0116948 , 0.0116948
0.00946929 , 0.00946929
0.00879507 , 0.00879507
0.0090664 , 0.0090664
0.0106966 , 0.0106966
0.0104346 , 0.0104346
0.00909491 , 0.00909491
0.00975255 , 0.00975255
0.0111766 , 0.0111766
0.00809616 , 0.00809616
0.00936519 , 0.00936519
0.00974394 , 0.00974394
0.0083532 , 0.0083532
0.00827624 , 0.00827624
0.0082048 , 0.0082048
0.0108022 , 0.0108022
0.0101536 , 0.0101536
0.00932553 , 0.00932553
0.0110381 , 0.0110381
