0.00965002 , 0.112644
0.00890443 , 0.11237
0.00861362 , 0.112264
0.00909293 , 0.112439
0.00900655 , 0.112408
0.00895157 , 0.112387
0.00940689 , 0.112555
0.00855858 , 0.112243
0.00875513 , 0.112315
0.008818 , 0.112338
0.00943827 , 0.112566
0.00929704 , 0.112514
0.010081 , 0.112803
0.00954808 , 0.112606
0.008928 , 0.112379
0.00851926 , 0.112229
0.0095324 , 0.112601
0.00891229 , 0.112373
0.00979111 , 0.112696
0.00855858 , 0.112243
0.00912434 , 0.112451
0.00889657 , 0.112367
0.00907723 , 0.112433
0.00935197 , 0.112534
0.00978328 , 0.112693
0.00868438 , 0.11229
0.00856644 , 0.112246
0.00900655 , 0.112408
0.00950102 , 0.112589
0.00864507 , 0.112275
0.00915575 , 0.112462
0.0092107 , 0.112482
0.00870797 , 0.112298
0.0080628 , 0.112062
0.0084878 , 0.112218
0.00910864 , 0.112445
0.00968922 , 0.112658
0.00933627 , 0.112529
0.00929704 , 0.112514
0.00827536 , 0.11214
0.0092421 , 0.112494
0.00876299 , 0.112318
0.00867652 , 0.112287
0.00899084 , 0.112402
0.00884943 , 0.11235
0.009195 , 0.112477
0.00906152 , 0.112428
0.00974409 , 0.112679
0.00940689 , 0.112555
0.00943043 , 0.112563
0.0091793 , 0.112471
0.00970489 , 0.112664
0.00904582 , 0.112422
0.00971273 , 0.112667
0.00899869 , 0.112405
0.00796829 , 0.112028
0.0090144 , 0.11241
0.00883371 , 0.112344
0.0092421 , 0.112494
0.0082124 , 0.112117
0.00814154 , 0.112091
0.00899869 , 0.112405
0.00950887 , 0.112592
0.00847207 , 0.112212
0.00859003 , 0.112255
0.0096657 , 0.11265
0.0096657 , 0.11265
0.00951671 , 0.112595
0.00857431 , 0.112249
0.0084878 , 0.112218
0.00932843 , 0.112526
0.008417 , 0.112192
0.00828323 , 0.112143
0.00925779 , 0.1125
0.00902226 , 0.112413
0.00860576 , 0.112261
0.00874727 , 0.112313
0.00921855 , 0.112485
0.00931273 , 0.11252
0.0101671 , 0.112835
0.00883371 , 0.112344
0.00896728 , 0.112393
0.00906152 , 0.112428
0.00842487 , 0.112195
0.00961081 , 0.11263
0.010034 , 0.112785
0.00873155 , 0.112307
0.00899869 , 0.112405
0.00923425 , 0.112491
0.00824388 , 0.112128
0.00915575 , 0.112462
0.00986164 , 0.112722
0.00990082 , 0.112736
0.00860576 , 0.112261
0.0084878 , 0.112218
0.0082911 , 0.112146
0.00939904 , 0.112552
0.00894371 , 0.112385
0.00891229 , 0.112373
0.00855072 , 0.112241
