0.0888966 , 0.08875 , 0.0889111
0.0925902 , 0.0924426 , 0.0926031
0.0927301 , 0.0925825 , 0.0927429
0.0920093 , 0.0918619 , 0.0920224
0.0896298 , 0.089483 , 0.089644
0.0922569 , 0.0921095 , 0.09227
0.0910166 , 0.0908695 , 0.0910302
0.0900544 , 0.0899075 , 0.0900684
0.0935772 , 0.0934294 , 0.0935897
0.0933819 , 0.0932341 , 0.0933944
0.0926349 , 0.0924873 , 0.0926478
0.0918889 , 0.0917416 , 0.0919021
0.091731 , 0.0915836 , 0.0917442
0.0912244 , 0.0910772 , 0.0912379
0.0924287 , 0.0922812 , 0.0924416
0.088748 , 0.0886015 , 0.0887626
0.092279 , 0.0921316 , 0.0922921
0.0908418 , 0.0906947 , 0.0908555
0.0919053 , 0.0917579 , 0.0919185
0.0900338 , 0.0898869 , 0.0900478
0.0911817 , 0.0910345 , 0.0911952
0.0901007 , 0.0899539 , 0.0901147
0.0932276 , 0.0930799 , 0.0932402
0.0905056 , 0.0903587 , 0.0905195
0.0916008 , 0.0914536 , 0.0916142
0.0901059 , 0.089959 , 0.0901199
0.093165 , 0.0930173 , 0.0931776
0.0923177 , 0.0921703 , 0.0923308
0.0917255 , 0.0915782 , 0.0917388
0.0894929 , 0.0893462 , 0.0895072
0.0907522 , 0.0906051 , 0.0907659
0.0918562 , 0.0917088 , 0.0918694
0.0924009 , 0.0922534 , 0.0924139
0.0916821 , 0.0915348 , 0.0916954
0.0930288 , 0.0928811 , 0.0930415
0.0915036 , 0.0913563 , 0.091517
0.0906103 , 0.0904633 , 0.0906241
0.0917364 , 0.0915891 , 0.0917497
0.0924231 , 0.0922756 , 0.0924361
0.0930175 , 0.0928698 , 0.0930302
0.0905998 , 0.0904528 , 0.0906136
0.091139 , 0.0909918 , 0.0911525
0.0912672 , 0.09112 , 0.0912807
0.0945369 , 0.0943889 , 0.094549
0.0897928 , 0.089646 , 0.0898069
0.0909053 , 0.0907582 , 0.0909189
0.0924898 , 0.0923423 , 0.0925028
0.092927 , 0.0927794 , 0.0929398
0.0916117 , 0.0914644 , 0.091625
0.0926181 , 0.0924706 , 0.092631
0.0919874 , 0.09184 , 0.0920005
0.0894423 , 0.0892956 , 0.0894566
0.0918616 , 0.0917143 , 0.0918748
0.0889214 , 0.0887748 , 0.0889359
0.0886641 , 0.0885177 , 0.0886788
0.0919272 , 0.0917798 , 0.0919403
0.0914174 , 0.0912702 , 0.0914308
0.0913798 , 0.0912326 , 0.0913932
0.090937 , 0.0907899 , 0.0909507
0.0917908 , 0.0916434 , 0.091804
0.0907574 , 0.0906104 , 0.0907711
0.0907943 , 0.0906473 , 0.090808
0.0890458 , 0.0888993 , 0.0890603
0.0923454 , 0.092198 , 0.0923584
0.0908365 , 0.0906895 , 0.0908502
0.0915522 , 0.0914049 , 0.0915655
0.0907522 , 0.0906051 , 0.0907659
0.0915468 , 0.0913995 , 0.0915601
0.090826 , 0.0906789 , 0.0908397
0.0941647 , 0.0940168 , 0.094177
0.0910591 , 0.090912 , 0.0910727
0.0923732 , 0.0922257 , 0.0923861
0.0896603 , 0.0895135 , 0.0896745
0.0894423 , 0.0892956 , 0.0894566
0.0895942 , 0.0894475 , 0.0896085
0.0928988 , 0.0927512 , 0.0929116
0.0939715 , 0.0938237 , 0.0939839
0.0921301 , 0.0919827 , 0.0921432
0.0938202 , 0.0936723 , 0.0938325
0.0891357 , 0.0889891 , 0.0891502
0.0931422 , 0.0929946 , 0.0931549
0.0905004 , 0.0903534 , 0.0905142
0.0927357 , 0.0925881 , 0.0927485
0.0890808 , 0.0889342 , 0.0890952
0.0902507 , 0.0901038 , 0.0902646
0.0906838 , 0.0905368 , 0.0906975
0.0896552 , 0.0895084 , 0.0896694
0.0900595 , 0.0899126 , 0.0900735
0.0938783 , 0.0937304 , 0.0938907
0.0901317 , 0.0899848 , 0.0901457
0.0900492 , 0.0899023 , 0.0900632
0.088404 , 0.0882577 , 0.0884188
0.0911977 , 0.0910505 , 0.0912112
0.0906943 , 0.0905473 , 0.090708
0.0930344 , 0.0928868 , 0.0930472
0.0916225 , 0.0914752 , 0.0916358
0.0916171 , 0.0914698 , 0.0916304
0.0916767 , 0.0915294 , 0.09169
0.0915684 , 0.0914211 , 0.0915817
0.0930514 , 0.0929038 , 0.0930641
