0.0608871 , 0.0607565 , 0.0609225
0.0619644 , 0.0618328 , 0.0619986
0.0607305 , 0.0606 , 0.0607661
0.0622259 , 0.0620941 , 0.0622599
0.0610549 , 0.0609241 , 0.0610901
0.0616816 , 0.0615503 , 0.0617162
0.0606792 , 0.0605487 , 0.0607148
0.0605624 , 0.0604321 , 0.0605982
0.0625069 , 0.0623749 , 0.0625406
0.0614664 , 0.0613353 , 0.0615012
0.0604461 , 0.0603158 , 0.0604819
0.0592009 , 0.0590718 , 0.0592381
0.0603464 , 0.0602162 , 0.0603824
0.0615591 , 0.0614278 , 0.0615938
0.0614202 , 0.0612891 , 0.061455
0.0614917 , 0.0613605 , 0.0615264
0.061328 , 0.0611969 , 0.0613629
0.0592932 , 0.059164 , 0.0593303
0.0621614 , 0.0620296 , 0.0621954
0.0604522 , 0.0603219 , 0.060488
0.0608458 , 0.0607152 , 0.0608813
0.0619345 , 0.0618029 , 0.0619688
0.0617558 , 0.0616244 , 0.0617903
0.0629067 , 0.0627743 , 0.06294
0.0606464 , 0.0605159 , 0.060682
0.0599687 , 0.0598389 , 0.0600051
0.060025 , 0.0598951 , 0.0600613
0.0619302 , 0.0617986 , 0.0619645
0.0620199 , 0.0618883 , 0.0620541
0.0606997 , 0.0605692 , 0.0607353
0.0607059 , 0.0605754 , 0.0607415
0.0598665 , 0.0597368 , 0.059903
0.0595379 , 0.0594085 , 0.0595748
0.0622087 , 0.0620769 , 0.0622427
0.0612068 , 0.0610758 , 0.0612418
0.0626724 , 0.0625402 , 0.0627059
0.0621507 , 0.0620189 , 0.0621847
0.0604277 , 0.0602975 , 0.0604636
0.0630146 , 0.0628821 , 0.0630478
0.0610009 , 0.0608702 , 0.0610362
0.0613615 , 0.0612304 , 0.0613964
0.0618004 , 0.0616689 , 0.0618348
0.0598665 , 0.0597368 , 0.059903
0.0612506 , 0.0611196 , 0.0612856
0.0617643 , 0.0616329 , 0.0617987
0.0616986 , 0.0615672 , 0.0617331
0.0610383 , 0.0609075 , 0.0610735
0.0611734 , 0.0610425 , 0.0612085
0.0616753 , 0.0615439 , 0.0617098
0.0617409 , 0.0616095 , 0.0617754
0.0616499 , 0.0615186 , 0.0616845
0.0627926 , 0.0626603 , 0.062826
0.0621636 , 0.0620318 , 0.0621976
0.0601661 , 0.0600361 , 0.0602023
0.0602065 , 0.0600765 , 0.0602427
0.0618982 , 0.0617667 , 0.0619326
0.0600371 , 0.0599072 , 0.0600734
0.0621035 , 0.0619717 , 0.0621376
0.0606423 , 0.0605118 , 0.0606779
0.0624766 , 0.0623445 , 0.0625103
0.0602632 , 0.0601331 , 0.0602993
0.0598165 , 0.0596868 , 0.0598531
0.0608913 , 0.0607606 , 0.0609266
0.0612172 , 0.0610862 , 0.0612522
0.0613741 , 0.061243 , 0.0614089
0.062112 , 0.0619803 , 0.0621461
0.060152 , 0.060022 , 0.0601882
0.0601621 , 0.0600321 , 0.0601982
0.0597666 , 0.059637 , 0.0598032
0.0608603 , 0.0607297 , 0.0608957
0.0611006 , 0.0609697 , 0.0611357
0.0635326 , 0.0633997 , 0.0635653
0.0598845 , 0.0597548 , 0.059921
0.0594825 , 0.0593531 , 0.0595194
0.0630941 , 0.0629616 , 0.0631272
0.060673 , 0.0605426 , 0.0607087
0.0614286 , 0.0612975 , 0.0614634
0.0620542 , 0.0619225 , 0.0620883
0.0611193 , 0.0609884 , 0.0611544
0.0612297 , 0.0610988 , 0.0612647
0.0592146 , 0.0590855 , 0.0592518
0.061305 , 0.0611739 , 0.0613399
0.0610486 , 0.0609178 , 0.0610838
0.0623748 , 0.0622428 , 0.0624086
0.0600552 , 0.0599253 , 0.0600915
0.0605972 , 0.0604668 , 0.0606329
0.0612924 , 0.0611614 , 0.0613274
0.0616309 , 0.0614996 , 0.0616655
0.0613489 , 0.0612178 , 0.0613838
0.0622776 , 0.0621457 , 0.0623115
0.0619836 , 0.061852 , 0.0620178
0.0606997 , 0.0605692 , 0.0607353
0.0636539 , 0.0635209 , 0.0636864
0.0616245 , 0.0614932 , 0.0616591
0.0607511 , 0.0606206 , 0.0607866
0.0615612 , 0.06143 , 0.0615959
0.0616393 , 0.061508 , 0.0616739
0.0619473 , 0.0618157 , 0.0619816
0.0620884 , 0.0619567 , 0.0621226
0.0604767 , 0.0603464 , 0.0605125
