0.0403594 , 0.0402542 , 0.0404239
0.0417184 , 0.041611 , 0.0417804
0.0416333 , 0.0415261 , 0.0416955
0.0417737 , 0.0416662 , 0.0418356
0.0395182 , 0.0394144 , 0.0395842
0.0413088 , 0.0412021 , 0.0413716
0.041193 , 0.0410865 , 0.041256
0.0406201 , 0.0405145 , 0.0406841
0.0401765 , 0.0400716 , 0.0402413
0.0406502 , 0.0405445 , 0.0407141
0.042815 , 0.0427059 , 0.0428752
0.0413418 , 0.041235 , 0.0414045
0.0414843 , 0.0413774 , 0.0415468
0.040884 , 0.0407779 , 0.0409475
0.0421366 , 0.0420286 , 0.0421979
0.0408638 , 0.0407578 , 0.0409273
0.0419367 , 0.041829 , 0.0419983
0.0406926 , 0.0405868 , 0.0407564
0.0405411 , 0.0404356 , 0.0406053
0.0408795 , 0.0407734 , 0.040943
0.0419784 , 0.0418706 , 0.04204
0.0411873 , 0.0410808 , 0.0412503
0.0401666 , 0.0400617 , 0.0402314
0.0402238 , 0.0401188 , 0.0402885
0.0411692 , 0.0410627 , 0.0412322
0.0408795 , 0.0407734 , 0.040943
0.0404402 , 0.0403348 , 0.0405045
0.0401391 , 0.0400343 , 0.040204
0.0406134 , 0.0405078 , 0.0406774
0.0420725 , 0.0419646 , 0.042134
0.0426512 , 0.0425424 , 0.0427116
0.0421996 , 0.0420915 , 0.0422608
0.0410867 , 0.0409803 , 0.0411498
0.0411941 , 0.0410876 , 0.0412571
0.0408245 , 0.0407186 , 0.0408882
0.0393173 , 0.0392139 , 0.0393837
0.040035 , 0.0399304 , 0.0401001
0.0407406 , 0.0406348 , 0.0408044
0.0409784 , 0.0408722 , 0.0410418
0.0413236 , 0.0412168 , 0.0413863
0.0422639 , 0.0421557 , 0.042325
0.0418164 , 0.0417088 , 0.0418783
0.040355 , 0.0402498 , 0.0404195
0.0404734 , 0.040368 , 0.0405377
0.0424905 , 0.042382 , 0.0425513
0.0424281 , 0.0423197 , 0.042489
0.0408525 , 0.0407466 , 0.0409161
0.0403616 , 0.0402564 , 0.0404261
0.0430251 , 0.0429157 , 0.0430849
0.0413771 , 0.0412702 , 0.0414397
0.0402095 , 0.0401045 , 0.0402742
0.0402965 , 0.0401914 , 0.0403611
0.0406502 , 0.0405445 , 0.0407141
0.0411239 , 0.0410175 , 0.0411871
0.0428638 , 0.0427547 , 0.0429239
0.0405333 , 0.0404279 , 0.0405975
0.0397257 , 0.0396215 , 0.0397913
0.0400668 , 0.039962 , 0.0401318
0.0417495 , 0.0416421 , 0.0418115
0.039416 , 0.0393124 , 0.0394822
0.0409446 , 0.0408385 , 0.0410081
0.0416505 , 0.0415433 , 0.0417127
0.0400525 , 0.0399478 , 0.0401176
0.0402172 , 0.0401122 , 0.0402819
0.0416218 , 0.0415146 , 0.041684
0.0406903 , 0.0405846 , 0.0407542
0.0421926 , 0.0420845 , 0.0422538
0.0399858 , 0.0398812 , 0.040051
0.0423494 , 0.0422411 , 0.0424104
0.0411149 , 0.0410085 , 0.041178
0.0408997 , 0.0407936 , 0.0409632
0.0404047 , 0.0402995 , 0.0404691
0.0412372 , 0.0411306 , 0.0413001
0.0412349 , 0.0411283 , 0.0412979
0.0396207 , 0.0395167 , 0.0396865
0.0406413 , 0.0405356 , 0.0407052
0.0409424 , 0.0408363 , 0.0410058
0.0405433 , 0.0404378 , 0.0406075
0.0400339 , 0.0399293 , 0.040099
0.0405278 , 0.0404223 , 0.040592
0.0407574 , 0.0406515 , 0.0408211
0.0408301 , 0.0407242 , 0.0408938
0.0406691 , 0.0405634 , 0.0407331
0.0396607 , 0.0395567 , 0.0397265
0.041537 , 0.0414299 , 0.0415994
0.0410178 , 0.0409116 , 0.0410811
0.0415015 , 0.0413945 , 0.0415639
0.0414878 , 0.0413808 , 0.0415502
0.0402293 , 0.0401243 , 0.040294
0.0416241 , 0.0415169 , 0.0416863
0.0403859 , 0.0402807 , 0.0404504
0.0424623 , 0.0423538 , 0.0425231
0.0408357 , 0.0407298 , 0.0408994
0.0408649 , 0.0407589 , 0.0409285
0.0411998 , 0.0410933 , 0.0412628
0.0399345 , 0.03983 , 0.0399997
0.0413816 , 0.0412748 , 0.0414443
0.0410923 , 0.0409859 , 0.0411555
0.0417264 , 0.041619 , 0.0417885
0.0415908 , 0.0414837 , 0.0416531
