0.0709873 , 0.070849 , 0.0710132
0.0705887 , 0.0704506 , 0.070615
0.0681816 , 0.0680451 , 0.0682099
0.072082 , 0.0719429 , 0.072107
0.0702778 , 0.0701399 , 0.0703043
0.07295 , 0.0728104 , 0.0729743
0.0692581 , 0.0691209 , 0.0692854
0.0709845 , 0.0708462 , 0.0710104
0.0703497 , 0.0702118 , 0.0703761
0.069866 , 0.0697284 , 0.0698928
0.0696431 , 0.0695056 , 0.0696701
0.0718838 , 0.0717449 , 0.071909
0.0723432 , 0.072204 , 0.072368
0.0695728 , 0.0694353 , 0.0695998
0.0698715 , 0.0697338 , 0.0698983
0.0709506 , 0.0708123 , 0.0709766
0.0696079 , 0.0694705 , 0.069635
0.0725353 , 0.0723959 , 0.0725599
0.0720498 , 0.0719108 , 0.0720749
0.0705636 , 0.0704255 , 0.0705899
0.069508 , 0.0693706 , 0.0695351
0.0699015 , 0.0697638 , 0.0699283
0.0700164 , 0.0698787 , 0.0700431
0.0712625 , 0.071124 , 0.0712882
0.0695458 , 0.0694083 , 0.0695729
0.0731699 , 0.0730303 , 0.0731941
0.0723638 , 0.0722246 , 0.0723886
0.072962 , 0.0728224 , 0.0729863
0.0717765 , 0.0716377 , 0.0718018
0.0709422 , 0.0708038 , 0.0709681
0.0708858 , 0.0707475 , 0.0709118
0.0707622 , 0.0706239 , 0.0707882
0.0724405 , 0.0723013 , 0.0724653
0.0730161 , 0.0728765 , 0.0730404
0.0710184 , 0.07088 , 0.0710443
0.0714196 , 0.0712809 , 0.0714451
0.0722608 , 0.0721216 , 0.0722856
0.0741306 , 0.0739904 , 0.0741541
0.0732093 , 0.0730696 , 0.0732334
0.0689756 , 0.0688386 , 0.0690032
0.0697381 , 0.0696005 , 0.069765
0.0726511 , 0.0725117 , 0.0726757
0.0679546 , 0.0678183 , 0.0679831
0.0710269 , 0.0708885 , 0.0710528
0.0696133 , 0.0694759 , 0.0696404
0.0721024 , 0.0719634 , 0.0721274
0.0718055 , 0.0716666 , 0.0718308
0.0721874 , 0.0720483 , 0.0722123
0.0683789 , 0.0682423 , 0.068407
0.0712739 , 0.0711354 , 0.0712996
0.0712568 , 0.0711183 , 0.0712825
0.0694298 , 0.0692925 , 0.069457
0.0712056 , 0.0710671 , 0.0712313
0.0713195 , 0.071181 , 0.0713452
0.070914 , 0.0707757 , 0.0709399
0.071849 , 0.0717101 , 0.0718742
0.0698797 , 0.069742 , 0.0699065
0.0706194 , 0.0704813 , 0.0706456
0.0695647 , 0.0694272 , 0.0695917
0.0714597 , 0.071321 , 0.0714852
0.0691379 , 0.0690007 , 0.0691653
0.0706446 , 0.0705064 , 0.0706708
0.0701757 , 0.0700379 , 0.0702023
0.069411 , 0.0692737 , 0.0694382
0.0717418 , 0.071603 , 0.0717671
0.072896 , 0.0727564 , 0.0729204
0.0693465 , 0.0692092 , 0.0693738
0.0702171 , 0.0700792 , 0.0702436
0.0698006 , 0.069663 , 0.0698275
0.0720061 , 0.0718671 , 0.0720312
0.0716985 , 0.0715597 , 0.0717238
0.0715285 , 0.0713898 , 0.071554
0.0722666 , 0.0721275 , 0.0722915
0.0693868 , 0.0692495 , 0.069414
0.0711686 , 0.0710301 , 0.0711944
0.070162 , 0.0700241 , 0.0701885
0.0701565 , 0.0700186 , 0.070183
0.0721815 , 0.0720424 , 0.0722064
0.0708436 , 0.0707053 , 0.0708696
0.0713024 , 0.0711638 , 0.0713281
0.0714683 , 0.0713296 , 0.0714938
0.0727106 , 0.0725712 , 0.0727352
0.0725353 , 0.0723959 , 0.0725599
0.0704246 , 0.0702866 , 0.0704509
0.0709196 , 0.0707813 , 0.0709456
0.0700465 , 0.0699088 , 0.0700732
0.0714224 , 0.0712838 , 0.071448
0.0699288 , 0.0697911 , 0.0699556
0.0710892 , 0.0709508 , 0.071115
0.0683269 , 0.0681903 , 0.068355
0.0717216 , 0.0715828 , 0.0717469
0.0705915 , 0.0704534 , 0.0706177
0.0720674 , 0.0719283 , 0.0720924
0.0688063 , 0.0686693 , 0.068834
0.0702364 , 0.0700985 , 0.0702629
0.0717303 , 0.0715914 , 0.0717556
0.0703857 , 0.0702477 , 0.0704121
0.0693707 , 0.0692334 , 0.0693979
0.0693761 , 0.0692388 , 0.0694033
0.0696702 , 0.0695327 , 0.0696972
