0.000940239 , 0.000936838 , 0.00111346
0.000908115 , 0.000904829 , 0.00108146
0.000924346 , 0.000921002 , 0.00109763
0.000999038 , 0.000995426 , 0.00117204
0.00110131 , 0.00109733 , 0.00127392
0.000977236 , 0.000973702 , 0.00115032
0.000945423 , 0.000942004 , 0.00111862
0.000869122 , 0.000865977 , 0.00104261
0.000977928 , 0.000974392 , 0.00115101
0.00093091 , 0.000927542 , 0.00110416
0.00104546 , 0.00104168 , 0.00121828
0.00101497 , 0.0010113 , 0.0011879
0.000985194 , 0.000981631 , 0.00115824
0.000805035 , 0.000802121 , 0.000978765
0.00115134 , 0.00114718 , 0.00132376
0.000998346 , 0.000994736 , 0.00117135
0.00108048 , 0.00107658 , 0.00125317
0.00104962 , 0.00104582 , 0.00122242
0.000972739 , 0.000969221 , 0.00114584
0.000883265 , 0.000880069 , 0.0010567
0.000989693 , 0.000986114 , 0.00116273
0.00104234 , 0.00103857 , 0.00121517
0.000928146 , 0.000924788 , 0.00110141
0.00102501 , 0.0010213 , 0.00119791
0.000971356 , 0.000967843 , 0.00114446
0.00118265 , 0.00117838 , 0.00135495
0.00110999 , 0.00110598 , 0.00128257
0.00102882 , 0.0010251 , 0.00120171
0.00105898 , 0.00105515 , 0.00123175
0.00106383 , 0.00105999 , 0.00123659
0.000922274 , 0.000918937 , 0.00109556
0.00104823 , 0.00104444 , 0.00122104
0.00103229 , 0.00102855 , 0.00120516
0.00103437 , 0.00103063 , 0.00120723
0.000938857 , 0.000935461 , 0.00111208
0.000969626 , 0.000966119 , 0.00114273
0.00101912 , 0.00101544 , 0.00119204
0.00102293 , 0.00101923 , 0.00119584
0.00108534 , 0.00108142 , 0.00125801
0.000874296 , 0.000871132 , 0.00104776
0.000841888 , 0.000838841 , 0.00101548
0.00111763 , 0.00111359 , 0.00129018
0.000786108 , 0.000783261 , 0.000959908
0.000991769 , 0.000988183 , 0.00116479
0.00100388 , 0.00100025 , 0.00117686
0.0009513 , 0.000947859 , 0.00112448
0.0010902 , 0.00108626 , 0.00126285
0.00111381 , 0.00110979 , 0.00128638
0.000990039 , 0.000986459 , 0.00116307
0.00103852 , 0.00103477 , 0.00121137
0.000849815 , 0.000846739 , 0.00102338
0.000951645 , 0.000948203 , 0.00112482
0.000993154 , 0.000989562 , 0.00116617
0.000917784 , 0.000914463 , 0.00109109
0.00105551 , 0.00105169 , 0.00122829
0.00107389 , 0.00107001 , 0.00124661
0.00103922 , 0.00103546 , 0.00121206
0.000932637 , 0.000929263 , 0.00110588
0.000935056 , 0.000931673 , 0.00110829
0.000923655 , 0.000920314 , 0.00109694
0.000953374 , 0.000949925 , 0.00112654
0.00088016 , 0.000876975 , 0.00105361
0.00094888 , 0.000945448 , 0.00112207
0.000895688 , 0.000892447 , 0.00106907
0.000908115 , 0.000904829 , 0.00108146
0.00104719 , 0.0010434 , 0.00122
0.000948188 , 0.000944759 , 0.00112138
0.000953719 , 0.00095027 , 0.00112689
0.000799184 , 0.00079629 , 0.000972935
0.00108777 , 0.00108384 , 0.00126043
0.000929873 , 0.000926509 , 0.00110313
0.000911913 , 0.000908614 , 0.00108524
0.000812609 , 0.000809667 , 0.00098631
0.0011284 , 0.00112432 , 0.00130091
0.00108222 , 0.00107831 , 0.0012549
0.000912604 , 0.000909302 , 0.00108593
0.0010784 , 0.0010745 , 0.0012511
0.00115099 , 0.00114684 , 0.00132342
0.00103229 , 0.00102855 , 0.00120516
0.000950954 , 0.000947514 , 0.00112413
0.00103298 , 0.00102924 , 0.00120585
0.00111555 , 0.00111152 , 0.00128811
0.000965822 , 0.000962329 , 0.00113894
0.000945078 , 0.000941659 , 0.00111828
0.00113709 , 0.00113298 , 0.00130957
0.000994884 , 0.000991287 , 0.0011679
0.000839821 , 0.000836781 , 0.00101342
0.00106799 , 0.00106413 , 0.00124073
0.000914676 , 0.000911366 , 0.00108799
0.00103229 , 0.00102855 , 0.00120516
0.00102155 , 0.00101785 , 0.00119446
0.00135429 , 0.00134941 , 0.00152595
0.000974815 , 0.000971289 , 0.0011479
0.00105343 , 0.00104962 , 0.00122622
0.00115343 , 0.00114926 , 0.00132584
0.000963747 , 0.000960261 , 0.00113688
0.000939548 , 0.000936149 , 0.00111277
0.0010025 , 0.000998875 , 0.00117548
0.00117082 , 0.00116659 , 0.00134317
0.00131305 , 0.00130831 , 0.00148486
