0.0507479 , 0.0506279 , 0.0507958
0.049771 , 0.0496523 , 0.0498203
0.0512697 , 0.0511491 , 0.0513169
0.0503148 , 0.0501954 , 0.0503633
0.0506738 , 0.0505539 , 0.0507218
0.0516861 , 0.051565 , 0.0517327
0.0504435 , 0.0503239 , 0.0504918
0.0507645 , 0.0506446 , 0.0508124
0.0511622 , 0.0510418 , 0.0512095
0.0509209 , 0.0508007 , 0.0509686
0.0509468 , 0.0508266 , 0.0509944
0.0510245 , 0.0509043 , 0.051072
0.0492694 , 0.0491513 , 0.0493194
0.0509635 , 0.0508433 , 0.0510111
0.051861 , 0.0517397 , 0.0519074
0.0507161 , 0.0505962 , 0.050764
0.0512897 , 0.0511691 , 0.0513368
0.0501747 , 0.0500554 , 0.0502234
0.0494989 , 0.0493805 , 0.0495485
0.0518047 , 0.0516835 , 0.0518511
0.0512374 , 0.0511169 , 0.0512846
0.0515028 , 0.0513819 , 0.0515496
0.0522121 , 0.0520904 , 0.052258
0.0525878 , 0.0524657 , 0.0526332
0.0512021 , 0.0510816 , 0.0512494
0.0499774 , 0.0498584 , 0.0500264
0.0509834 , 0.0508631 , 0.0510309
0.0513961 , 0.0512753 , 0.0514431
0.051461 , 0.0513402 , 0.0515079
0.0500929 , 0.0499738 , 0.0501418
0.0515059 , 0.051385 , 0.0515527
0.0496991 , 0.0495805 , 0.0497485
0.050807 , 0.0506869 , 0.0508548
0.0507433 , 0.0506234 , 0.0507912
0.0506632 , 0.0505434 , 0.0507112
0.0510933 , 0.0509729 , 0.0511407
0.051359 , 0.0512384 , 0.0514061
0.0514115 , 0.0512908 , 0.0514585
0.0503536 , 0.0502342 , 0.0504021
0.0502357 , 0.0501164 , 0.0502843
0.0492159 , 0.0490979 , 0.049266
0.0530766 , 0.0529539 , 0.0531213
0.0537283 , 0.0536048 , 0.0537721
0.0525078 , 0.0523858 , 0.0525533
0.0511622 , 0.0510418 , 0.0512095
0.0502789 , 0.0501596 , 0.0503275
0.0498181 , 0.0496993 , 0.0498673
0.0502789 , 0.0501596 , 0.0503275
0.0522073 , 0.0520857 , 0.0522532
0.0500336 , 0.0499146 , 0.0500825
0.0510643 , 0.0509439 , 0.0511117
0.0494319 , 0.0493136 , 0.0494817
0.0513128 , 0.0511922 , 0.0513599
0.05081 , 0.05069 , 0.0508578
0.051176 , 0.0510556 , 0.0512233
0.0508631 , 0.050743 , 0.0509109
0.048891 , 0.0487734 , 0.0489416
0.0518015 , 0.0516803 , 0.051848
0.0503118 , 0.0501924 , 0.0503603
0.0506572 , 0.0505373 , 0.0507052
0.050991 , 0.0508707 , 0.0510385
0.0510795 , 0.0509592 , 0.051127
0.0493912 , 0.049273 , 0.049441
0.0507706 , 0.0506506 , 0.0508185
0.0508085 , 0.0506885 , 0.0508563
0.0509346 , 0.0508144 , 0.0509822
0.0521062 , 0.0519846 , 0.0521522
0.0513791 , 0.0512584 , 0.0514261
0.0518062 , 0.051685 , 0.0518527
0.0501791 , 0.0500599 , 0.0502278
0.0511209 , 0.0510005 , 0.0511682
0.050466 , 0.0503464 , 0.0505143
0.0488982 , 0.0487805 , 0.0489487
0.0511944 , 0.0510739 , 0.0512417
0.0508525 , 0.0507324 , 0.0509002
0.0510291 , 0.0509088 , 0.0510766
0.0510078 , 0.0508875 , 0.0510553
0.0506602 , 0.0505404 , 0.0507082
0.050442 , 0.0503224 , 0.0504903
0.0513714 , 0.0512507 , 0.0514184
0.0490028 , 0.048885 , 0.0490532
0.0512697 , 0.0511491 , 0.0513169
0.0496361 , 0.0495176 , 0.0496856
0.0513174 , 0.0511968 , 0.0513645
0.0484505 , 0.0483335 , 0.0485017
0.0521094 , 0.0519878 , 0.0521554
0.0515322 , 0.0514113 , 0.051579
0.0531107 , 0.052988 , 0.0531554
0.051427 , 0.0513062 , 0.0514739
0.0508738 , 0.0507537 , 0.0509215
0.0492087 , 0.0490907 , 0.0492588
0.05009 , 0.0499708 , 0.0501388
0.0513775 , 0.0512568 , 0.0514246
0.051104 , 0.0509836 , 0.0511514
0.0518939 , 0.0517726 , 0.0519402
0.0508434 , 0.0507233 , 0.0508911
0.0529711 , 0.0528485 , 0.053016
0.052607 , 0.0524849 , 0.0526524
0.0511653 , 0.0510448 , 0.0512126
0.0494115 , 0.0492933 , 0.0494613
