0.118319 , 0.118168 , 0.118324
0.123173 , 0.123022 , 0.123177
0.127132 , 0.126981 , 0.127136
0.119646 , 0.119495 , 0.119651
0.118319 , 0.118168 , 0.118324
0.120065 , 0.119914 , 0.12007
0.118811 , 0.118661 , 0.118817
0.12027 , 0.120119 , 0.120275
0.12512 , 0.124969 , 0.125124
0.117784 , 0.117633 , 0.117789
0.121202 , 0.121052 , 0.121207
0.124499 , 0.124348 , 0.124503
0.117948 , 0.117798 , 0.117954
0.126184 , 0.126033 , 0.126188
0.1215 , 0.12135 , 0.121505
0.118422 , 0.118271 , 0.118427
0.118101 , 0.117951 , 0.118107
0.118733 , 0.118583 , 0.118738
0.120051 , 0.119901 , 0.120056
0.117011 , 0.11686 , 0.117016
0.125184 , 0.125034 , 0.125188
0.118101 , 0.117951 , 0.118107
0.12067 , 0.120519 , 0.120675
0.119285 , 0.119135 , 0.11929
0.125524 , 0.125374 , 0.125529
0.123173 , 0.123022 , 0.123177
0.117961 , 0.117811 , 0.117967
0.115264 , 0.115114 , 0.11527
0.121975 , 0.121824 , 0.12198
0.120697 , 0.120547 , 0.120702
0.123037 , 0.122887 , 0.123042
0.119834 , 0.119684 , 0.119839
0.119956 , 0.119805 , 0.119961
0.122457 , 0.122307 , 0.122462
0.122048 , 0.121897 , 0.122052
0.117171 , 0.117021 , 0.117177
0.122179 , 0.122028 , 0.122183
0.120725 , 0.120575 , 0.12073
0.118242 , 0.118091 , 0.118247
0.122977 , 0.122827 , 0.122982
0.119794 , 0.119643 , 0.119799
0.121358 , 0.121207 , 0.121363
0.12262 , 0.122469 , 0.122624
0.120697 , 0.120547 , 0.120702
0.117023 , 0.116873 , 0.117029
0.122193 , 0.122043 , 0.122198
0.119956 , 0.119805 , 0.119961
0.118461 , 0.11831 , 0.118466
0.120753 , 0.120603 , 0.120758
0.118629 , 0.118478 , 0.118634
0.117532 , 0.117382 , 0.117538
0.123158 , 0.123007 , 0.123162
0.124388 , 0.124238 , 0.124393
0.124847 , 0.124697 , 0.124852
0.124451 , 0.124301 , 0.124456
0.120823 , 0.120672 , 0.120828
0.123385 , 0.123234 , 0.123389
0.119021 , 0.118871 , 0.119026
0.120614 , 0.120464 , 0.120619
0.122164 , 0.122014 , 0.122169
0.119848 , 0.119697 , 0.119853
0.121244 , 0.121094 , 0.121249
0.117987 , 0.117836 , 0.117992
0.125622 , 0.125472 , 0.125627
0.121344 , 0.121193 , 0.121349
0.119338 , 0.119188 , 0.119344
0.119713 , 0.119562 , 0.119718
0.122222 , 0.122072 , 0.122227
0.120215 , 0.120064 , 0.12022
0.118759 , 0.118609 , 0.118764
0.121917 , 0.121767 , 0.121922
0.120324 , 0.120174 , 0.120329
0.119579 , 0.119428 , 0.119584
0.118396 , 0.118246 , 0.118401
0.124014 , 0.123863 , 0.124018
0.117582 , 0.117432 , 0.117588
0.126485 , 0.126335 , 0.126489
0.119632 , 0.119482 , 0.119637
0.122252 , 0.122101 , 0.122256
0.118577 , 0.118427 , 0.118582
0.126977 , 0.126827 , 0.126981
0.120119 , 0.119969 , 0.120124
0.120352 , 0.120201 , 0.120357
0.118127 , 0.117976 , 0.118132
0.123798 , 0.123647 , 0.123802
0.122164 , 0.122014 , 0.122169
0.119753 , 0.119603 , 0.119758
0.124123 , 0.123972 , 0.124127
0.119659 , 0.119509 , 0.119664
0.124107 , 0.123957 , 0.124112
0.121543 , 0.121393 , 0.121548
0.120809 , 0.120658 , 0.120814
0.123369 , 0.123219 , 0.123374
0.120146 , 0.119996 , 0.120152
0.116912 , 0.116762 , 0.116918
0.119699 , 0.119549 , 0.119704
0.120133 , 0.119982 , 0.120138
0.121033 , 0.120882 , 0.121038
0.119848 , 0.119697 , 0.119853
0.120573 , 0.120422 , 0.120578
