0.190715 , 0.190572 , 0.190715
0.187377 , 0.187234 , 0.187378
0.195588 , 0.195446 , 0.195588
0.184395 , 0.184251 , 0.184395
0.185782 , 0.185638 , 0.185782
0.189069 , 0.188926 , 0.189069
0.194331 , 0.194189 , 0.194332
0.188493 , 0.18835 , 0.188494
0.197292 , 0.197151 , 0.197292
0.191976 , 0.191834 , 0.191977
0.183786 , 0.183642 , 0.183787
0.182149 , 0.182005 , 0.18215
0.195958 , 0.195816 , 0.195958
0.194331 , 0.194189 , 0.194332
0.195772 , 0.19563 , 0.195772
0.199108 , 0.198967 , 0.199109
0.193297 , 0.193155 , 0.193298
0.188493 , 0.18835 , 0.188494
0.199955 , 0.199814 , 0.199956
0.204632 , 0.204492 , 0.204633
0.197098 , 0.196956 , 0.197098
0.195223 , 0.195081 , 0.195223
0.178034 , 0.177889 , 0.178035
0.191497 , 0.191354 , 0.191497
0.193129 , 0.192987 , 0.193129
0.203386 , 0.203246 , 0.203387
0.194507 , 0.194365 , 0.194508
0.19849 , 0.198348 , 0.19849
0.188351 , 0.188208 , 0.188352
0.18821 , 0.188067 , 0.188211
0.197686 , 0.197544 , 0.197686
0.190256 , 0.190114 , 0.190257
0.194863 , 0.194721 , 0.194863
0.187652 , 0.187509 , 0.187652
0.185782 , 0.185638 , 0.185782
0.181255 , 0.181111 , 0.181256
0.184891 , 0.184748 , 0.184892
0.182149 , 0.182005 , 0.18215
0.195772 , 0.19563 , 0.195772
0.195223 , 0.195081 , 0.195223
0.209963 , 0.209824 , 0.209963
0.184518 , 0.184374 , 0.184519
0.195588 , 0.195446 , 0.195588
0.193467 , 0.193325 , 0.193467
0.197098 , 0.196956 , 0.197098
0.204127 , 0.203987 , 0.204127
0.187791 , 0.187647 , 0.187791
0.194331 , 0.194189 , 0.194332
0.195405 , 0.195263 , 0.195405
0.200389 , 0.200248 , 0.200389
0.184028 , 0.183884 , 0.184029
0.193467 , 0.193325 , 0.193467
0.193467 , 0.193325 , 0.193467
0.187241 , 0.187097 , 0.187241
0.193297 , 0.193155 , 0.193298
0.196712 , 0.196571 , 0.196713
0.192795 , 0.192652 , 0.192795
0.190105 , 0.189962 , 0.190106
0.200829 , 0.200688 , 0.20083
0.182607 , 0.182463 , 0.182608
0.198694 , 0.198553 , 0.198695
0.188493 , 0.18835 , 0.188494
0.208165 , 0.208025 , 0.208165
0.184028 , 0.183884 , 0.184029
0.194507 , 0.194365 , 0.194508
0.195958 , 0.195816 , 0.195958
0.181923 , 0.181779 , 0.181924
0.190715 , 0.190572 , 0.190715
0.191816 , 0.191673 , 0.191816
0.182723 , 0.182579 , 0.182724
0.200171 , 0.20003 , 0.200172
0.193467 , 0.193325 , 0.193467
0.187377 , 0.187234 , 0.187378
0.186041 , 0.185898 , 0.186042
0.201052 , 0.200911 , 0.201053
0.188924 , 0.188781 , 0.188924
0.196522 , 0.19638 , 0.196522
0.192464 , 0.192322 , 0.192465
0.191816 , 0.191673 , 0.191816
0.184766 , 0.184623 , 0.184767
0.180495 , 0.180351 , 0.180496
0.189069 , 0.188926 , 0.189069
0.196332 , 0.196191 , 0.196333
0.190256 , 0.190114 , 0.190257
0.185143 , 0.184999 , 0.185143
0.203878 , 0.203738 , 0.203878
0.190256 , 0.190114 , 0.190257
0.200608 , 0.200467 , 0.200609
0.189215 , 0.189072 , 0.189215
0.186835 , 0.186692 , 0.186836
0.182036 , 0.181892 , 0.182037
0.200608 , 0.200467 , 0.200609
0.18807 , 0.187926 , 0.18807
0.187791 , 0.187647 , 0.187791
0.178231 , 0.178087 , 0.178232
0.195042 , 0.1949 , 0.195043
0.193982 , 0.19384 , 0.193983
0.191656 , 0.191513 , 0.191656
0.194684 , 0.194542 , 0.194685
0.197884 , 0.197743 , 0.197885
