0.131812 , 0.131662 , 0.131815
0.132938 , 0.132788 , 0.132942
0.125346 , 0.125195 , 0.12535
0.125869 , 0.125718 , 0.125873
0.133338 , 0.133188 , 0.133341
0.128976 , 0.128826 , 0.12898
0.131254 , 0.131104 , 0.131258
0.13499 , 0.13484 , 0.134993
0.131097 , 0.130947 , 0.131101
0.133211 , 0.133061 , 0.133214
0.126284 , 0.126134 , 0.126288
0.132095 , 0.131945 , 0.132098
0.133274 , 0.133124 , 0.133277
0.132034 , 0.131884 , 0.132037
0.137193 , 0.137043 , 0.137196
0.132503 , 0.132353 , 0.132507
0.129867 , 0.129716 , 0.12987
0.133232 , 0.133082 , 0.133235
0.129923 , 0.129773 , 0.129927
0.128022 , 0.127872 , 0.128026
0.124169 , 0.124019 , 0.124174
0.132339 , 0.132189 , 0.132343
0.130075 , 0.129924 , 0.130078
0.128939 , 0.128789 , 0.128943
0.127547 , 0.127397 , 0.127551
0.130151 , 0.13 , 0.130154
0.129548 , 0.129398 , 0.129552
0.128111 , 0.12796 , 0.128115
0.135645 , 0.135495 , 0.135648
0.132339 , 0.132189 , 0.132343
0.130399 , 0.130249 , 0.130402
0.13273 , 0.13258 , 0.132734
0.130418 , 0.130268 , 0.130421
0.132586 , 0.132436 , 0.132589
0.128468 , 0.128318 , 0.128472
0.133764 , 0.133614 , 0.133767
0.131353 , 0.131203 , 0.131357
0.131294 , 0.131144 , 0.131297
0.135102 , 0.134952 , 0.135105
0.126943 , 0.126793 , 0.126947
0.132014 , 0.131864 , 0.132017
0.127166 , 0.127016 , 0.12717
0.134218 , 0.134068 , 0.134221
0.131314 , 0.131164 , 0.131317
0.131254 , 0.131104 , 0.131258
0.131235 , 0.131085 , 0.131238
0.131492 , 0.131342 , 0.131496
0.133211 , 0.133061 , 0.133214
0.131117 , 0.130967 , 0.13112
0.134568 , 0.134418 , 0.134571
0.127426 , 0.127275 , 0.12743
0.129623 , 0.129472 , 0.129626
0.131712 , 0.131562 , 0.131715
0.131672 , 0.131522 , 0.131675
0.129735 , 0.129585 , 0.129739
0.128994 , 0.128844 , 0.128998
0.134305 , 0.134155 , 0.134308
0.131097 , 0.130947 , 0.131101
0.130189 , 0.130038 , 0.130192
0.133022 , 0.132872 , 0.133025
0.129829 , 0.129679 , 0.129833
0.131913 , 0.131763 , 0.131916
0.129773 , 0.129622 , 0.129776
0.129049 , 0.128899 , 0.129053
0.126134 , 0.125983 , 0.126138
0.128396 , 0.128246 , 0.1284
0.131953 , 0.131803 , 0.131956
0.129399 , 0.129249 , 0.129403
0.13017 , 0.130019 , 0.130173
0.130437 , 0.130287 , 0.130441
0.129104 , 0.128954 , 0.129108
0.13098 , 0.130829 , 0.130983
0.134001 , 0.133851 , 0.134004
0.130018 , 0.129867 , 0.130021
0.131552 , 0.131402 , 0.131555
0.12804 , 0.127889 , 0.128044
0.131097 , 0.130947 , 0.131101
0.136597 , 0.136447 , 0.1366
0.130227 , 0.130076 , 0.13023
0.133957 , 0.133807 , 0.13396
0.131472 , 0.131322 , 0.131476
0.133444 , 0.133293 , 0.133447
0.134524 , 0.134374 , 0.134527
0.127097 , 0.126947 , 0.127101
0.127845 , 0.127695 , 0.127849
0.130843 , 0.130693 , 0.130846
0.130418 , 0.130268 , 0.130421
0.12753 , 0.12738 , 0.127534
0.132319 , 0.132169 , 0.132322
0.133401 , 0.133251 , 0.133404
0.129942 , 0.129792 , 0.129946
0.131532 , 0.131382 , 0.131535
0.130999 , 0.130849 , 0.131003
0.130437 , 0.130287 , 0.130441
0.130418 , 0.130268 , 0.130421
0.127582 , 0.127432 , 0.127586
0.129344 , 0.129194 , 0.129347
0.130843 , 0.130693 , 0.130846
0.130765 , 0.130615 , 0.130769
0.130075 , 0.129924 , 0.130078
