0.159896 , 0.159749 , 0.159897
0.162801 , 0.162654 , 0.162802
0.167082 , 0.166936 , 0.167083
0.168523 , 0.168377 , 0.168524
0.159636 , 0.159489 , 0.159638
0.156784 , 0.156636 , 0.156785
0.15655 , 0.156402 , 0.156552
0.160635 , 0.160488 , 0.160637
0.159948 , 0.159801 , 0.159949
0.152359 , 0.152211 , 0.15236
0.160796 , 0.160649 , 0.160797
0.158871 , 0.158724 , 0.158872
0.171097 , 0.170952 , 0.171098
0.162117 , 0.16197 , 0.162118
0.158521 , 0.158373 , 0.158522
0.167623 , 0.167476 , 0.167623
0.161394 , 0.161247 , 0.161395
0.161012 , 0.160865 , 0.161013
0.159896 , 0.159749 , 0.159897
0.163858 , 0.163711 , 0.163859
0.164523 , 0.164377 , 0.164525
0.155861 , 0.155714 , 0.155863
0.161559 , 0.161412 , 0.161561
0.156877 , 0.15673 , 0.156879
0.156319 , 0.156171 , 0.15632
0.155726 , 0.155578 , 0.155727
0.164893 , 0.164746 , 0.164894
0.158871 , 0.158724 , 0.158872
0.155456 , 0.155308 , 0.155457
0.159844 , 0.159696 , 0.159845
0.162514 , 0.162367 , 0.162515
0.158521 , 0.158373 , 0.158522
0.16902 , 0.168873 , 0.16902
0.164708 , 0.164561 , 0.164709
0.164955 , 0.164809 , 0.164956
0.16123 , 0.161083 , 0.161231
0.160743 , 0.160595 , 0.160744
0.155188 , 0.15504 , 0.15519
0.158126 , 0.157978 , 0.158127
0.16362 , 0.163473 , 0.163621
0.162005 , 0.161858 , 0.162006
0.160635 , 0.160488 , 0.160637
0.16167 , 0.161523 , 0.161671
0.163798 , 0.163651 , 0.163799
0.167623 , 0.167476 , 0.167623
0.152561 , 0.152413 , 0.152562
0.171563 , 0.171417 , 0.171564
0.16123 , 0.161083 , 0.161231
0.162859 , 0.162712 , 0.16286
0.161339 , 0.161192 , 0.16134
0.153051 , 0.152903 , 0.153053
0.154015 , 0.153867 , 0.154016
0.159896 , 0.159749 , 0.159897
0.162974 , 0.162828 , 0.162976
0.170188 , 0.170042 , 0.170189
0.154058 , 0.153909 , 0.154059
0.163032 , 0.162886 , 0.163034
0.1624 , 0.162253 , 0.162401
0.155545 , 0.155397 , 0.155547
0.166161 , 0.166014 , 0.166162
0.161726 , 0.161579 , 0.161727
0.162117 , 0.16197 , 0.162118
0.161949 , 0.161802 , 0.16195
0.167623 , 0.167476 , 0.167623
0.162287 , 0.16214 , 0.162288
0.160743 , 0.160595 , 0.160744
0.157399 , 0.157251 , 0.1574
0.161837 , 0.16169 , 0.161838
0.1624 , 0.162253 , 0.162401
0.160369 , 0.160222 , 0.16037
0.160316 , 0.160169 , 0.160317
0.159328 , 0.15918 , 0.159329
0.161285 , 0.161137 , 0.161286
0.170715 , 0.170569 , 0.170716
0.155816 , 0.155668 , 0.155817
0.164769 , 0.164623 , 0.16477
0.157784 , 0.157637 , 0.157786
0.161285 , 0.161137 , 0.161286
0.163442 , 0.163295 , 0.163443
0.163858 , 0.163711 , 0.163859
0.161949 , 0.161802 , 0.16195
0.159482 , 0.159334 , 0.159483
0.162343 , 0.162196 , 0.162344
0.165268 , 0.165121 , 0.165269
0.158422 , 0.158274 , 0.158423
0.159688 , 0.159541 , 0.159689
0.159124 , 0.158977 , 0.159125
0.161949 , 0.161802 , 0.16195
0.162174 , 0.162026 , 0.162175
0.162343 , 0.162196 , 0.162344
0.156597 , 0.156449 , 0.156598
0.157833 , 0.157685 , 0.157834
0.165142 , 0.164996 , 0.165143
0.159023 , 0.158875 , 0.159024
0.150488 , 0.150339 , 0.15049
0.157113 , 0.156966 , 0.157115
0.165967 , 0.16582 , 0.165968
0.161726 , 0.161579 , 0.161727
0.163739 , 0.163592 , 0.16374
0.162005 , 0.161858 , 0.162006
