0.151801 , 0.151652 , 0.151802
0.151331 , 0.151182 , 0.151332
0.153887 , 0.153739 , 0.153889
0.152683 , 0.152534 , 0.152684
0.151604 , 0.151455 , 0.151606
0.151919 , 0.151771 , 0.151921
0.150001 , 0.149853 , 0.150003
0.145723 , 0.145574 , 0.145725
0.143707 , 0.143558 , 0.143709
0.152928 , 0.15278 , 0.152929
0.148729 , 0.148581 , 0.148731
0.15355 , 0.153402 , 0.153552
0.145372 , 0.145223 , 0.145374
0.157591 , 0.157443 , 0.157592
0.151408 , 0.15126 , 0.15141
0.159226 , 0.159078 , 0.159227
0.154401 , 0.154253 , 0.154402
0.153092 , 0.152944 , 0.153094
0.155771 , 0.155623 , 0.155772
0.151526 , 0.151377 , 0.151527
0.149927 , 0.149778 , 0.149929
0.154358 , 0.15421 , 0.154359
0.145756 , 0.145607 , 0.145758
0.148836 , 0.148687 , 0.148838
0.145277 , 0.145128 , 0.145279
0.143677 , 0.143528 , 0.143679
0.15106 , 0.150911 , 0.151061
0.146307 , 0.146158 , 0.146309
0.149669 , 0.14952 , 0.149671
0.152601 , 0.152453 , 0.152603
0.153341 , 0.153193 , 0.153343
0.151643 , 0.151495 , 0.151645
0.152723 , 0.152575 , 0.152725
0.152039 , 0.15189 , 0.15204
0.154358 , 0.15421 , 0.154359
0.148872 , 0.148723 , 0.148874
0.156181 , 0.156033 , 0.156182
0.150337 , 0.150189 , 0.150339
0.155012 , 0.154864 , 0.155013
0.155144 , 0.154996 , 0.155146
0.152723 , 0.152575 , 0.152725
0.153175 , 0.153027 , 0.153177
0.15488 , 0.154732 , 0.154881
0.151486 , 0.151338 , 0.151488
0.148552 , 0.148403 , 0.148554
0.148979 , 0.148831 , 0.148981
0.15248 , 0.152332 , 0.152481
0.147923 , 0.147774 , 0.147924
0.151801 , 0.151652 , 0.151802
0.153634 , 0.153486 , 0.153636
0.151137 , 0.150988 , 0.151139
0.149632 , 0.149483 , 0.149634
0.148552 , 0.148403 , 0.148554
0.157833 , 0.157685 , 0.157834
0.148765 , 0.148616 , 0.148767
0.147544 , 0.147396 , 0.147546
0.156643 , 0.156496 , 0.156645
0.150563 , 0.150415 , 0.150565
0.14459 , 0.144441 , 0.144592
0.152319 , 0.15217 , 0.15232
0.155188 , 0.15504 , 0.15519
0.151604 , 0.151455 , 0.151606
0.155501 , 0.155353 , 0.155502
0.15252 , 0.152372 , 0.152522
0.154617 , 0.154469 , 0.154619
0.152601 , 0.152453 , 0.152603
0.146537 , 0.146388 , 0.146539
0.155952 , 0.155804 , 0.155954
0.149123 , 0.148974 , 0.149125
0.155233 , 0.155085 , 0.155234
0.148729 , 0.148581 , 0.148731
0.146373 , 0.146224 , 0.146375
0.150225 , 0.150076 , 0.150226
0.148411 , 0.148262 , 0.148413
0.15083 , 0.150681 , 0.150831
0.153592 , 0.153444 , 0.153594
0.143349 , 0.1432 , 0.143352
0.152805 , 0.152657 , 0.152807
0.150075 , 0.149927 , 0.150077
0.145246 , 0.145097 , 0.145248
0.150639 , 0.150491 , 0.150641
0.154967 , 0.15482 , 0.154969
0.143767 , 0.143618 , 0.143769
0.1503 , 0.150151 , 0.150301
0.149376 , 0.149228 , 0.149378
0.151761 , 0.151613 , 0.151763
0.148376 , 0.148227 , 0.148378
0.148658 , 0.14851 , 0.14866
0.15106 , 0.150911 , 0.151061
0.155366 , 0.155218 , 0.155368
0.147374 , 0.147225 , 0.147376
0.156411 , 0.156263 , 0.156413
0.146969 , 0.146821 , 0.146971
0.151722 , 0.151573 , 0.151723
0.152887 , 0.152739 , 0.152888
0.150113 , 0.149964 , 0.150114
0.153592 , 0.153444 , 0.153594
0.149742 , 0.149594 , 0.149744
0.147992 , 0.147843 , 0.147994
0.151292 , 0.151143 , 0.151293
