0.141097 , 0.140948 , 0.1411
0.142792 , 0.142643 , 0.142794
0.137097 , 0.136947 , 0.1371
0.135783 , 0.135633 , 0.135786
0.137949 , 0.137799 , 0.137951
0.137435 , 0.137285 , 0.137437
0.141595 , 0.141446 , 0.141598
0.146504 , 0.146355 , 0.146506
0.144528 , 0.144379 , 0.14453
0.141345 , 0.141196 , 0.141348
0.142445 , 0.142296 , 0.142447
0.142102 , 0.141953 , 0.142105
0.145788 , 0.145639 , 0.14579
0.144838 , 0.144689 , 0.14484
0.141904 , 0.141755 , 0.141907
0.140553 , 0.140404 , 0.140556
0.139081 , 0.138931 , 0.139084
0.143647 , 0.143498 , 0.143649
0.14512 , 0.144971 , 0.145122
0.143978 , 0.143829 , 0.14398
0.143084 , 0.142935 , 0.143086
0.13648 , 0.13633 , 0.136482
0.14751 , 0.147361 , 0.147512
0.145151 , 0.145002 , 0.145153
0.135554 , 0.135404 , 0.135557
0.145372 , 0.145223 , 0.145374
0.144344 , 0.144194 , 0.144346
0.135395 , 0.135245 , 0.135398
0.137776 , 0.137627 , 0.137779
0.140178 , 0.140029 , 0.140181
0.14077 , 0.14062 , 0.140772
0.144282 , 0.144133 , 0.144285
0.138048 , 0.137898 , 0.13805
0.139209 , 0.13906 , 0.139212
0.142017 , 0.141868 , 0.14202
0.145341 , 0.145192 , 0.145343
0.143647 , 0.143498 , 0.143649
0.139287 , 0.139137 , 0.139289
0.136906 , 0.136756 , 0.136908
0.140688 , 0.140539 , 0.140691
0.139081 , 0.138931 , 0.139084
0.135418 , 0.135268 , 0.135421
0.139808 , 0.139658 , 0.13981
0.144039 , 0.14389 , 0.144041
0.137556 , 0.137406 , 0.137559
0.140446 , 0.140296 , 0.140448
0.13939 , 0.139241 , 0.139393
0.138447 , 0.138297 , 0.138449
0.141792 , 0.141642 , 0.141794
0.146176 , 0.146027 , 0.146178
0.140125 , 0.139975 , 0.140128
0.137924 , 0.137774 , 0.137927
0.138271 , 0.138122 , 0.138274
0.143767 , 0.143618 , 0.143769
0.13648 , 0.13633 , 0.136482
0.14154 , 0.14139 , 0.141542
0.14416 , 0.144011 , 0.144162
0.145788 , 0.145639 , 0.14579
0.138699 , 0.138549 , 0.138701
0.142388 , 0.142238 , 0.14239
0.142676 , 0.142527 , 0.142678
0.145183 , 0.145034 , 0.145185
0.140715 , 0.140566 , 0.140718
0.139287 , 0.139137 , 0.139289
0.14154 , 0.14139 , 0.141542
0.140878 , 0.140729 , 0.140881
0.14329 , 0.143141 , 0.143292
0.142388 , 0.142238 , 0.14239
0.142821 , 0.142672 , 0.142823
0.142302 , 0.142152 , 0.142304
0.146111 , 0.145962 , 0.146113
0.143468 , 0.143319 , 0.14347
0.144528 , 0.144379 , 0.14453
0.140098 , 0.139949 , 0.140101
0.14329 , 0.143141 , 0.143292
0.143737 , 0.143588 , 0.143739
0.151408 , 0.15126 , 0.15141
0.13939 , 0.139241 , 0.139393
0.142131 , 0.141981 , 0.142133
0.1388 , 0.138651 , 0.138803
0.141152 , 0.141003 , 0.141155
0.143767 , 0.143618 , 0.143769
0.139966 , 0.139816 , 0.139969
0.137924 , 0.137774 , 0.137927
0.141484 , 0.141335 , 0.141486
0.146144 , 0.145995 , 0.146146
0.137289 , 0.13714 , 0.137292
0.146176 , 0.146027 , 0.146178
0.144497 , 0.144348 , 0.144499
0.142938 , 0.142788 , 0.14294
0.139339 , 0.139189 , 0.139341
0.140742 , 0.140593 , 0.140745
0.141401 , 0.141251 , 0.141403
0.143827 , 0.143678 , 0.143829
0.14416 , 0.144011 , 0.144162
0.138371 , 0.138222 , 0.138374
0.138246 , 0.138097 , 0.138249
0.136597 , 0.136447 , 0.1366
0.142938 , 0.142788 , 0.14294
0.138648 , 0.138498 , 0.138651
