0.101843 , 0.101694 , 0.101853
0.103902 , 0.103752 , 0.10391
0.10416 , 0.10401 , 0.104168
0.102313 , 0.102163 , 0.102322
0.0980758 , 0.0979271 , 0.0980865
0.102589 , 0.102439 , 0.102598
0.10272 , 0.10257 , 0.102729
0.0985115 , 0.0983627 , 0.0985221
0.10044 , 0.100291 , 0.10045
0.0992354 , 0.0990865 , 0.0992457
0.100649 , 0.1005 , 0.100659
0.101783 , 0.101634 , 0.101793
0.100368 , 0.100219 , 0.100378
0.0973195 , 0.0971709 , 0.0973306
0.100613 , 0.100464 , 0.100623
0.102009 , 0.10186 , 0.102018
0.103384 , 0.103234 , 0.103393
0.101926 , 0.101777 , 0.101935
0.0992838 , 0.0991349 , 0.0992941
0.102504 , 0.102355 , 0.102513
0.100721 , 0.100572 , 0.100731
0.101626 , 0.101477 , 0.101636
0.10113 , 0.100981 , 0.10114
0.100736 , 0.100587 , 0.100746
0.0998706 , 0.0997216 , 0.0998807
0.0995968 , 0.0994478 , 0.099607
0.100225 , 0.100076 , 0.100235
0.103942 , 0.103792 , 0.103951
0.0998988 , 0.0997498 , 0.099909
0.101858 , 0.101709 , 0.101868
0.0985791 , 0.0984303 , 0.0985896
0.0999342 , 0.0997851 , 0.0999443
0.103877 , 0.103728 , 0.103886
0.103566 , 0.103416 , 0.103575
0.0993878 , 0.0992388 , 0.0993981
0.101544 , 0.101395 , 0.101554
0.0993392 , 0.0991903 , 0.0993495
0.100969 , 0.10082 , 0.100979
0.0997088 , 0.0995598 , 0.099719
0.0979695 , 0.0978207 , 0.0979802
0.101873 , 0.101724 , 0.101883
0.100649 , 0.1005 , 0.100659
0.102481 , 0.102332 , 0.10249
0.100845 , 0.100696 , 0.100855
0.100126 , 0.0999765 , 0.100136
0.0994712 , 0.0993223 , 0.0994815
0.102952 , 0.102803 , 0.102962
0.10062 , 0.100471 , 0.10063
0.100736 , 0.100587 , 0.100746
0.0984845 , 0.0983357 , 0.0984951
0.100311 , 0.100162 , 0.100321
0.101277 , 0.101128 , 0.101287
0.103062 , 0.102912 , 0.103071
0.104674 , 0.104524 , 0.104683
0.0992354 , 0.0990865 , 0.0992457
0.0996528 , 0.0995038 , 0.099663
0.0998918 , 0.0997427 , 0.0999019
0.0999837 , 0.0998346 , 0.0999937
0.0988509 , 0.098702 , 0.0988613
0.103179 , 0.10303 , 0.103188
0.099513 , 0.099364 , 0.0995233
0.100874 , 0.100725 , 0.100884
0.102696 , 0.102547 , 0.102706
0.10091 , 0.100761 , 0.10092
0.100454 , 0.100305 , 0.100464
0.103869 , 0.10372 , 0.103878
0.102107 , 0.101958 , 0.102117
0.104119 , 0.10397 , 0.104128
0.100261 , 0.100112 , 0.100271
0.104046 , 0.103897 , 0.104055
0.100498 , 0.100348 , 0.100507
0.0998706 , 0.0997216 , 0.0998807
0.100947 , 0.100798 , 0.100957
0.102115 , 0.101965 , 0.102124
0.101351 , 0.101202 , 0.101361
0.101828 , 0.101679 , 0.101838
0.104055 , 0.103905 , 0.104063
0.10213 , 0.101981 , 0.102139
0.100983 , 0.100834 , 0.100993
0.102774 , 0.102624 , 0.102783
0.101731 , 0.101581 , 0.10174
0.10429 , 0.10414 , 0.104298
0.100692 , 0.100543 , 0.100702
0.100562 , 0.100413 , 0.100572
0.0968169 , 0.0966684 , 0.0968281
0.105849 , 0.105699 , 0.105857
0.0994295 , 0.0992805 , 0.0994398
0.100204 , 0.100055 , 0.100214
0.104103 , 0.103953 , 0.104112
0.100247 , 0.100098 , 0.100257
0.101447 , 0.101298 , 0.101457
0.101005 , 0.100856 , 0.101015
0.0987079 , 0.098559 , 0.0987184
0.0977315 , 0.0975829 , 0.0977424
0.100947 , 0.100798 , 0.100957
0.102366 , 0.102217 , 0.102375
0.102206 , 0.102057 , 0.102215
0.0983029 , 0.0981542 , 0.0983136
0.0991388 , 0.0989899 , 0.0991492
0.101314 , 0.101165 , 0.101324
