0.266937 , 0.266807 , 0.266937
0.252742 , 0.25261 , 0.252742
0.264358 , 0.264228 , 0.264358
0.257896 , 0.257765 , 0.257896
0.238672 , 0.238537 , 0.238672
0.241542 , 0.241408 , 0.241542
0.245938 , 0.245804 , 0.245938
0.239594 , 0.23946 , 0.239594
0.237781 , 0.237646 , 0.237781
0.256061 , 0.255929 , 0.256061
0.231566 , 0.23143 , 0.231566
0.233729 , 0.233593 , 0.233729
0.225413 , 0.225277 , 0.225413
0.241542 , 0.241408 , 0.241542
0.262017 , 0.261886 , 0.262017
0.273052 , 0.272924 , 0.273052
0.238672 , 0.238537 , 0.238672
0.259873 , 0.259742 , 0.259873
0.264358 , 0.264228 , 0.264358
0.252742 , 0.25261 , 0.252742
0.223302 , 0.223164 , 0.223302
0.241542 , 0.241408 , 0.241542
0.245938 , 0.245804 , 0.245938
0.239594 , 0.23946 , 0.239594
0.228932 , 0.228795 , 0.228932
0.257896 , 0.257765 , 0.257896
0.252742 , 0.25261 , 0.252742
0.233729 , 0.233593 , 0.233729
0.245938 , 0.245804 , 0.245938
0.264358 , 0.264228 , 0.264358
0.239594 , 0.23946 , 0.239594
0.222799 , 0.222661 , 0.222799
0.225968 , 0.225832 , 0.225969
0.242574 , 0.24244 , 0.242574
0.293296 , 0.293171 , 0.293296
0.231566 , 0.23143 , 0.231566
0.248449 , 0.248316 , 0.248449
0.257896 , 0.257765 , 0.257896
0.245938 , 0.245804 , 0.245938
0.228312 , 0.228176 , 0.228312
0.266937 , 0.266807 , 0.266937
0.256061 , 0.255929 , 0.256061
0.293296 , 0.293171 , 0.293296
0.248449 , 0.248316 , 0.248449
0.241542 , 0.241408 , 0.241542
0.248449 , 0.248316 , 0.248449
0.248449 , 0.248316 , 0.248449
0.239594 , 0.23946 , 0.239594
0.230216 , 0.23008 , 0.230216
0.254348 , 0.254216 , 0.254348
0.259873 , 0.259742 , 0.259873
0.276778 , 0.27665 , 0.276778
0.245938 , 0.245804 , 0.245938
0.22487 , 0.224733 , 0.22487
0.226535 , 0.226399 , 0.226535
0.232988 , 0.232852 , 0.232988
0.245938 , 0.245804 , 0.245938
0.227115 , 0.226978 , 0.227115
0.232988 , 0.232852 , 0.232988
0.237781 , 0.237646 , 0.237781
0.257896 , 0.257765 , 0.257896
0.248449 , 0.248316 , 0.248449
0.249802 , 0.24967 , 0.249802
0.241542 , 0.241408 , 0.241542
0.237781 , 0.237646 , 0.237781
0.236084 , 0.235949 , 0.236084
0.218652 , 0.218514 , 0.218652
0.242574 , 0.24244 , 0.242574
0.213252 , 0.213113 , 0.213252
0.286487 , 0.286361 , 0.286487
0.238672 , 0.238537 , 0.238672
0.244767 , 0.244634 , 0.244767
0.264358 , 0.264228 , 0.264358
0.245938 , 0.245804 , 0.245938
0.247163 , 0.24703 , 0.247163
0.247163 , 0.24703 , 0.247163
0.286487 , 0.286361 , 0.286487
0.238672 , 0.238537 , 0.238672
0.286487 , 0.286361 , 0.286487
0.266937 , 0.266807 , 0.266937
0.238672 , 0.238537 , 0.238672
0.257896 , 0.257765 , 0.257896
0.242574 , 0.24244 , 0.242574
0.24055 , 0.240416 , 0.24055
0.243647 , 0.243514 , 0.243647
0.25123 , 0.251098 , 0.25123
0.235275 , 0.23514 , 0.235276
0.231566 , 0.23143 , 0.231566
0.245938 , 0.245804 , 0.245938
0.232267 , 0.232131 , 0.232267
0.254348 , 0.254216 , 0.254348
0.232988 , 0.232852 , 0.232988
0.257896 , 0.257765 , 0.257896
0.273052 , 0.272924 , 0.273052
0.257896 , 0.257765 , 0.257896
0.238672 , 0.238537 , 0.238672
0.232988 , 0.232852 , 0.232988
0.247163 , 0.24703 , 0.247163
0.248449 , 0.248316 , 0.248449
0.241542 , 0.241408 , 0.241542
