0.219083 , 0.218945 , 0.219083
0.223302 , 0.223164 , 0.223302
0.207308 , 0.207168 , 0.207308
0.213961 , 0.213822 , 0.213961
0.211889 , 0.211749 , 0.211889
0.204379 , 0.204238 , 0.204379
0.208456 , 0.208317 , 0.208457
0.224337 , 0.2242 , 0.224337
0.214322 , 0.214183 , 0.214322
0.21952 , 0.219382 , 0.21952
0.231566 , 0.23143 , 0.231566
0.201052 , 0.200911 , 0.201053
0.207308 , 0.207168 , 0.207308
0.223302 , 0.223164 , 0.223302
0.207876 , 0.207736 , 0.207876
0.224337 , 0.2242 , 0.224337
0.212562 , 0.212423 , 0.212562
0.216996 , 0.216858 , 0.216996
0.222305 , 0.222168 , 0.222305
0.21506 , 0.214921 , 0.21506
0.208456 , 0.208317 , 0.208457
0.226535 , 0.226399 , 0.226535
0.209963 , 0.209824 , 0.209963
0.203144 , 0.203003 , 0.203144
0.214688 , 0.21455 , 0.214689
0.199529 , 0.199387 , 0.199529
0.208751 , 0.208611 , 0.208751
0.219083 , 0.218945 , 0.219083
0.21506 , 0.214921 , 0.21506
0.210275 , 0.210135 , 0.210275
0.211231 , 0.211092 , 0.211232
0.216205 , 0.216066 , 0.216205
0.212905 , 0.212766 , 0.212905
0.221344 , 0.221207 , 0.221344
0.208456 , 0.208317 , 0.208457
0.238672 , 0.238537 , 0.238672
0.201732 , 0.201591 , 0.201732
0.223814 , 0.223677 , 0.223814
0.211889 , 0.211749 , 0.211889
0.219965 , 0.219827 , 0.219965
0.209049 , 0.208909 , 0.209049
0.205408 , 0.205268 , 0.205408
0.219083 , 0.218945 , 0.219083
0.212562 , 0.212423 , 0.212562
0.200829 , 0.200688 , 0.20083
0.199741 , 0.1996 , 0.199741
0.206752 , 0.206612 , 0.206752
0.207308 , 0.207168 , 0.207308
0.202665 , 0.202524 , 0.202665
0.218229 , 0.21809 , 0.218229
0.222799 , 0.222661 , 0.222799
0.202195 , 0.202054 , 0.202195
0.219965 , 0.219827 , 0.219965
0.21059 , 0.21045 , 0.21059
0.21506 , 0.214921 , 0.21506
0.219083 , 0.218945 , 0.219083
0.216205 , 0.216066 , 0.216205
0.211558 , 0.211419 , 0.211558
0.208751 , 0.208611 , 0.208751
0.207029 , 0.206889 , 0.207029
0.209049 , 0.208909 , 0.209049
0.202429 , 0.202288 , 0.202429
0.207029 , 0.206889 , 0.207029
0.217812 , 0.217673 , 0.217812
0.216996 , 0.216858 , 0.216996
0.217812 , 0.217673 , 0.217812
0.214322 , 0.214183 , 0.214322
0.20935 , 0.209211 , 0.209351
0.229566 , 0.22943 , 0.229566
0.211558 , 0.211419 , 0.211558
0.216996 , 0.216858 , 0.216996
0.209655 , 0.209515 , 0.209655
0.208456 , 0.208317 , 0.208457
0.211558 , 0.211419 , 0.211558
0.221344 , 0.221207 , 0.221344
0.198286 , 0.198145 , 0.198287
0.211889 , 0.211749 , 0.211889
0.216205 , 0.216066 , 0.216205
0.223302 , 0.223164 , 0.223302
0.216996 , 0.216858 , 0.216996
0.215436 , 0.215297 , 0.215436
0.208165 , 0.208025 , 0.208165
0.211889 , 0.211749 , 0.211889
0.21952 , 0.219382 , 0.21952
0.200608 , 0.200467 , 0.200609
0.214322 , 0.214183 , 0.214322
0.233729 , 0.233593 , 0.233729
0.209963 , 0.209824 , 0.209963
0.21059 , 0.21045 , 0.21059
0.197098 , 0.196956 , 0.197098
0.221344 , 0.221207 , 0.221344
0.205408 , 0.205268 , 0.205408
0.213961 , 0.213822 , 0.213961
0.216996 , 0.216858 , 0.216996
0.231566 , 0.23143 , 0.231566
0.216598 , 0.216459 , 0.216598
0.205672 , 0.205531 , 0.205672
0.209655 , 0.209515 , 0.209655
0.200389 , 0.200248 , 0.200389
0.225968 , 0.225832 , 0.225969
