0.28116 , 0.281033 , 0.28116
0.286487 , 0.286361 , 0.286487
0.243647 , 0.243514 , 0.243647
0.286487 , 0.286361 , 0.286487
0.269809 , 0.26968 , 0.269809
0.269809 , 0.26968 , 0.269809
0.269809 , 0.26968 , 0.269809
0.244767 , 0.244634 , 0.244767
0.243647 , 0.243514 , 0.243647
0.257896 , 0.257765 , 0.257896
0.238672 , 0.238537 , 0.238672
0.266937 , 0.266807 , 0.266937
0.264358 , 0.264228 , 0.264358
0.286487 , 0.286361 , 0.286487
0.259873 , 0.259742 , 0.259873
1 , 1 , 1
0.266937 , 0.266807 , 0.266937
0.269809 , 0.26968 , 0.269809
0.241542 , 0.241408 , 0.241542
0.257896 , 0.257765 , 0.257896
0.293296 , 0.293171 , 0.293296
0.286487 , 0.286361 , 0.286487
0.273052 , 0.272924 , 0.273052
0.293296 , 0.293171 , 0.293296
0.259873 , 0.259742 , 0.259873
0.256061 , 0.255929 , 0.256061
0.256061 , 0.255929 , 0.256061
0.28116 , 0.281033 , 0.28116
0.293296 , 0.293171 , 0.293296
0.243647 , 0.243514 , 0.243647
0.266937 , 0.266807 , 0.266937
0.273052 , 0.272924 , 0.273052
0.252742 , 0.25261 , 0.252742
0.252742 , 0.25261 , 0.252742
0.241542 , 0.241408 , 0.241542
0.244767 , 0.244634 , 0.244767
0.286487 , 0.286361 , 0.286487
0.269809 , 0.26968 , 0.269809
0.269809 , 0.26968 , 0.269809
0.28116 , 0.281033 , 0.28116
0.233729 , 0.233593 , 0.233729
0.254348 , 0.254216 , 0.254348
0.256061 , 0.255929 , 0.256061
0.273052 , 0.272924 , 0.273052
0.293296 , 0.293171 , 0.293296
0.273052 , 0.272924 , 0.273052
0.269809 , 0.26968 , 0.269809
0.273052 , 0.272924 , 0.273052
0.236919 , 0.236784 , 0.236919
0.273052 , 0.272924 , 0.273052
0.264358 , 0.264228 , 0.264358
0.273052 , 0.272924 , 0.273052
1 , 1 , 1
0.273052 , 0.272924 , 0.273052
0.254348 , 0.254216 , 0.254348
0.231566 , 0.23143 , 0.231566
0.257896 , 0.257765 , 0.257896
0.257896 , 0.257765 , 0.257896
0.242574 , 0.24244 , 0.242574
0.293296 , 0.293171 , 0.293296
0.256061 , 0.255929 , 0.256061
0.262017 , 0.261886 , 0.262017
0.243647 , 0.243514 , 0.243647
0.276778 , 0.27665 , 0.276778
0.266937 , 0.266807 , 0.266937
0.264358 , 0.264228 , 0.264358
0.259873 , 0.259742 , 0.259873
0.302783 , 0.30266 , 0.302783
0.273052 , 0.272924 , 0.273052
0.276778 , 0.27665 , 0.276778
0.264358 , 0.264228 , 0.264358
0.225413 , 0.225277 , 0.225413
0.256061 , 0.255929 , 0.256061
0.276778 , 0.27665 , 0.276778
0.302783 , 0.30266 , 0.302783
0.249802 , 0.24967 , 0.249802
0.257896 , 0.257765 , 0.257896
0.273052 , 0.272924 , 0.273052
0.28116 , 0.281033 , 0.28116
0.276778 , 0.27665 , 0.276778
0.302783 , 0.30266 , 0.302783
0.293296 , 0.293171 , 0.293296
0.259873 , 0.259742 , 0.259873
0.243647 , 0.243514 , 0.243647
0.266937 , 0.266807 , 0.266937
0.269809 , 0.26968 , 0.269809
0.256061 , 0.255929 , 0.256061
0.262017 , 0.261886 , 0.262017
0.24055 , 0.240416 , 0.24055
0.276778 , 0.27665 , 0.276778
0.264358 , 0.264228 , 0.264358
0.269809 , 0.26968 , 0.269809
0.239594 , 0.23946 , 0.239594
0.257896 , 0.257765 , 0.257896
0.302783 , 0.30266 , 0.302783
0.262017 , 0.261886 , 0.262017
0.257896 , 0.257765 , 0.257896
0.254348 , 0.254216 , 0.254348
1 , 1 , 1
0.276778 , 0.27665 , 0.276778
