0.302783 , 0.30266 , 0.302783
0.318708 , 0.318587 , 0.318708
1 , 1 , 1
0.252742 , 0.25261 , 0.252742
0.302783 , 0.30266 , 0.302783
0.264358 , 0.264228 , 0.264358
0.269809 , 0.26968 , 0.269809
1 , 1 , 1
0.318708 , 0.318587 , 0.318708
0.302783 , 0.30266 , 0.302783
0.286487 , 0.286361 , 0.286487
0.302783 , 0.30266 , 0.302783
1 , 1 , 1
0.266937 , 0.266807 , 0.266937
0.302783 , 0.30266 , 0.302783
1 , 1 , 1
1 , 1 , 1
1 , 1 , 1
0.302783 , 0.30266 , 0.302783
0.318708 , 0.318587 , 0.318708
0.273052 , 0.272924 , 0.273052
1 , 1 , 1
1 , 1 , 1
0.302783 , 0.30266 , 0.302783
1 , 1 , 1
0.293296 , 0.293171 , 0.293296
0.286487 , 0.286361 , 0.286487
0.28116 , 0.281033 , 0.28116
1 , 1 , 1
0.269809 , 0.26968 , 0.269809
0.302783 , 0.30266 , 0.302783
0.264358 , 0.264228 , 0.264358
0.293296 , 0.293171 , 0.293296
0.302783 , 0.30266 , 0.302783
0.293296 , 0.293171 , 0.293296
1 , 1 , 1
0.293296 , 0.293171 , 0.293296
1 , 1 , 1
0.286487 , 0.286361 , 0.286487
0.276778 , 0.27665 , 0.276778
0.318708 , 0.318587 , 0.318708
0.318708 , 0.318587 , 0.318708
1 , 1 , 1
1 , 1 , 1
1 , 1 , 1
1 , 1 , 1
1 , 1 , 1
0.286487 , 0.286361 , 0.286487
0.293296 , 0.293171 , 0.293296
1 , 1 , 1
0.273052 , 0.272924 , 0.273052
0.269809 , 0.26968 , 0.269809
1 , 1 , 1
0.318708 , 0.318587 , 0.318708
0.318708 , 0.318587 , 0.318708
1 , 1 , 1
1 , 1 , 1
0.269809 , 0.26968 , 0.269809
1 , 1 , 1
1 , 1 , 1
1 , 1 , 1
0.28116 , 0.281033 , 0.28116
0.318708 , 0.318587 , 0.318708
0.286487 , 0.286361 , 0.286487
0.276778 , 0.27665 , 0.276778
0.302783 , 0.30266 , 0.302783
1 , 1 , 1
0.302783 , 0.30266 , 0.302783
0.262017 , 0.261886 , 0.262017
1 , 1 , 1
0.293296 , 0.293171 , 0.293296
1 , 1 , 1
1 , 1 , 1
0.302783 , 0.30266 , 0.302783
0.286487 , 0.286361 , 0.286487
0.259873 , 0.259742 , 0.259873
1 , 1 , 1
0.266937 , 0.266807 , 0.266937
0.293296 , 0.293171 , 0.293296
0.269809 , 0.26968 , 0.269809
0.273052 , 0.272924 , 0.273052
1 , 1 , 1
0.28116 , 0.281033 , 0.28116
0.286487 , 0.286361 , 0.286487
0.28116 , 0.281033 , 0.28116
0.28116 , 0.281033 , 0.28116
0.302783 , 0.30266 , 0.302783
0.293296 , 0.293171 , 0.293296
0.259873 , 0.259742 , 0.259873
1 , 1 , 1
1 , 1 , 1
1 , 1 , 1
0.256061 , 0.255929 , 0.256061
0.302783 , 0.30266 , 0.302783
0.256061 , 0.255929 , 0.256061
0.286487 , 0.286361 , 0.286487
0.28116 , 0.281033 , 0.28116
0.286487 , 0.286361 , 0.286487
1 , 1 , 1
0.293296 , 0.293171 , 0.293296
