0.228932 , 0.228795 , 0.228932
0.236084 , 0.235949 , 0.236084
0.21952 , 0.219382 , 0.21952
0.236084 , 0.235949 , 0.236084
0.25123 , 0.251098 , 0.25123
0.236919 , 0.236784 , 0.236919
0.222305 , 0.222168 , 0.222305
0.217812 , 0.217673 , 0.217812
0.228932 , 0.228795 , 0.228932
0.22182 , 0.221683 , 0.22182
0.234491 , 0.234355 , 0.234491
0.220417 , 0.220279 , 0.220417
0.219083 , 0.218945 , 0.219083
0.219083 , 0.218945 , 0.219083
0.24055 , 0.240416 , 0.24055
0.226535 , 0.226399 , 0.226535
0.241542 , 0.241408 , 0.241542
0.215436 , 0.215297 , 0.215436
0.230882 , 0.230746 , 0.230882
0.245938 , 0.245804 , 0.245938
0.227707 , 0.22757 , 0.227707
0.214322 , 0.214183 , 0.214322
0.221344 , 0.221207 , 0.221344
0.224337 , 0.2242 , 0.224337
0.276778 , 0.27665 , 0.276778
0.25123 , 0.251098 , 0.25123
0.236084 , 0.235949 , 0.236084
0.225413 , 0.225277 , 0.225413
0.237781 , 0.237646 , 0.237781
0.230216 , 0.23008 , 0.230216
0.236084 , 0.235949 , 0.236084
0.256061 , 0.255929 , 0.256061
0.228312 , 0.228176 , 0.228312
0.227707 , 0.22757 , 0.227707
0.230882 , 0.230746 , 0.230882
0.215818 , 0.215679 , 0.215818
0.229566 , 0.22943 , 0.229566
0.229566 , 0.22943 , 0.229566
0.24055 , 0.240416 , 0.24055
0.237781 , 0.237646 , 0.237781
0.223814 , 0.223677 , 0.223814
0.230216 , 0.23008 , 0.230216
0.228312 , 0.228176 , 0.228312
0.229566 , 0.22943 , 0.229566
0.252742 , 0.25261 , 0.252742
0.235275 , 0.23514 , 0.235276
0.211889 , 0.211749 , 0.211889
0.223302 , 0.223164 , 0.223302
0.266937 , 0.266807 , 0.266937
0.216598 , 0.216459 , 0.216598
0.227707 , 0.22757 , 0.227707
0.252742 , 0.25261 , 0.252742
0.244767 , 0.244634 , 0.244767
0.217812 , 0.217673 , 0.217812
0.218229 , 0.21809 , 0.218229
0.218652 , 0.218514 , 0.218652
0.249802 , 0.24967 , 0.249802
0.248449 , 0.248316 , 0.248449
0.245938 , 0.245804 , 0.245938
0.232267 , 0.232131 , 0.232267
0.227115 , 0.226978 , 0.227115
0.239594 , 0.23946 , 0.239594
0.214688 , 0.21455 , 0.214689
0.224337 , 0.2242 , 0.224337
0.212905 , 0.212766 , 0.212905
0.24055 , 0.240416 , 0.24055
0.213252 , 0.213113 , 0.213252
0.227707 , 0.22757 , 0.227707
0.226535 , 0.226399 , 0.226535
0.233729 , 0.233593 , 0.233729
0.239594 , 0.23946 , 0.239594
0.225413 , 0.225277 , 0.225413
0.232988 , 0.232852 , 0.232988
0.213961 , 0.213822 , 0.213961
0.239594 , 0.23946 , 0.239594
0.252742 , 0.25261 , 0.252742
0.230882 , 0.230746 , 0.230882
0.217401 , 0.217263 , 0.217401
0.223302 , 0.223164 , 0.223302
0.235275 , 0.23514 , 0.235276
0.233729 , 0.233593 , 0.233729
0.230216 , 0.23008 , 0.230216
0.223814 , 0.223677 , 0.223814
0.224337 , 0.2242 , 0.224337
0.232988 , 0.232852 , 0.232988
0.230216 , 0.23008 , 0.230216
0.228312 , 0.228176 , 0.228312
0.212905 , 0.212766 , 0.212905
0.236919 , 0.236784 , 0.236919
0.234491 , 0.234355 , 0.234491
0.254348 , 0.254216 , 0.254348
0.216996 , 0.216858 , 0.216996
0.233729 , 0.233593 , 0.233729
0.220876 , 0.220739 , 0.220877
0.24055 , 0.240416 , 0.24055
0.25123 , 0.251098 , 0.25123
0.230882 , 0.230746 , 0.230882
0.243647 , 0.243514 , 0.243647
0.225413 , 0.225277 , 0.225413
0.22182 , 0.221683 , 0.22182
