0.28116 , 0.281033 , 0.28116
0.273052 , 0.272924 , 0.273052
0.266937 , 0.266807 , 0.266937
0.318708 , 0.318587 , 0.318708
0.269809 , 0.26968 , 0.269809
0.302783 , 0.30266 , 0.302783
0.262017 , 0.261886 , 0.262017
0.264358 , 0.264228 , 0.264358
0.293296 , 0.293171 , 0.293296
0.262017 , 0.261886 , 0.262017
0.259873 , 0.259742 , 0.259873
1 , 1 , 1
1 , 1 , 1
0.286487 , 0.286361 , 0.286487
0.25123 , 0.251098 , 0.25123
0.273052 , 0.272924 , 0.273052
0.249802 , 0.24967 , 0.249802
0.269809 , 0.26968 , 0.269809
0.286487 , 0.286361 , 0.286487
0.286487 , 0.286361 , 0.286487
0.286487 , 0.286361 , 0.286487
0.276778 , 0.27665 , 0.276778
0.264358 , 0.264228 , 0.264358
0.273052 , 0.272924 , 0.273052
0.302783 , 0.30266 , 0.302783
1 , 1 , 1
1 , 1 , 1
0.318708 , 0.318587 , 0.318708
0.273052 , 0.272924 , 0.273052
0.262017 , 0.261886 , 0.262017
0.273052 , 0.272924 , 0.273052
0.241542 , 0.241408 , 0.241542
0.318708 , 0.318587 , 0.318708
0.247163 , 0.24703 , 0.247163
0.254348 , 0.254216 , 0.254348
0.256061 , 0.255929 , 0.256061
0.318708 , 0.318587 , 0.318708
0.266937 , 0.266807 , 0.266937
1 , 1 , 1
0.318708 , 0.318587 , 0.318708
0.28116 , 0.281033 , 0.28116
0.244767 , 0.244634 , 0.244767
0.28116 , 0.281033 , 0.28116
0.286487 , 0.286361 , 0.286487
0.273052 , 0.272924 , 0.273052
1 , 1 , 1
0.276778 , 0.27665 , 0.276778
0.28116 , 0.281033 , 0.28116
0.259873 , 0.259742 , 0.259873
1 , 1 , 1
0.269809 , 0.26968 , 0.269809
0.293296 , 0.293171 , 0.293296
0.28116 , 0.281033 , 0.28116
0.256061 , 0.255929 , 0.256061
0.28116 , 0.281033 , 0.28116
1 , 1 , 1
1 , 1 , 1
0.266937 , 0.266807 , 0.266937
0.252742 , 0.25261 , 0.252742
0.243647 , 0.243514 , 0.243647
0.318708 , 0.318587 , 0.318708
0.293296 , 0.293171 , 0.293296
0.28116 , 0.281033 , 0.28116
0.254348 , 0.254216 , 0.254348
0.248449 , 0.248316 , 0.248449
0.266937 , 0.266807 , 0.266937
0.269809 , 0.26968 , 0.269809
0.235275 , 0.23514 , 0.235276
1 , 1 , 1
0.264358 , 0.264228 , 0.264358
0.262017 , 0.261886 , 0.262017
1 , 1 , 1
0.302783 , 0.30266 , 0.302783
0.28116 , 0.281033 , 0.28116
0.276778 , 0.27665 , 0.276778
0.318708 , 0.318587 , 0.318708
0.262017 , 0.261886 , 0.262017
0.264358 , 0.264228 , 0.264358
0.273052 , 0.272924 , 0.273052
0.286487 , 0.286361 , 0.286487
0.254348 , 0.254216 , 0.254348
0.256061 , 0.255929 , 0.256061
0.247163 , 0.24703 , 0.247163
0.252742 , 0.25261 , 0.252742
0.273052 , 0.272924 , 0.273052
1 , 1 , 1
0.318708 , 0.318587 , 0.318708
0.243647 , 0.243514 , 0.243647
0.259873 , 0.259742 , 0.259873
1 , 1 , 1
0.269809 , 0.26968 , 0.269809
0.269809 , 0.26968 , 0.269809
0.293296 , 0.293171 , 0.293296
0.318708 , 0.318587 , 0.318708
0.286487 , 0.286361 , 0.286487
0.247163 , 0.24703 , 0.247163
0.318708 , 0.318587 , 0.318708
0.273052 , 0.272924 , 0.273052
0.249802 , 0.24967 , 0.249802
0.243647 , 0.243514 , 0.243647
