0.212562 , 0.212423 , 0.212562
0.211558 , 0.211419 , 0.211558
0.237781 , 0.237646 , 0.237781
0.22487 , 0.224733 , 0.22487
0.213252 , 0.213113 , 0.213252
0.202665 , 0.202524 , 0.202665
0.234491 , 0.234355 , 0.234491
0.22182 , 0.221683 , 0.22182
0.217812 , 0.217673 , 0.217812
0.224337 , 0.2242 , 0.224337
0.212562 , 0.212423 , 0.212562
0.231566 , 0.23143 , 0.231566
0.223814 , 0.223677 , 0.223814
0.21952 , 0.219382 , 0.21952
0.204127 , 0.203987 , 0.204127
0.232267 , 0.232131 , 0.232267
0.206752 , 0.206612 , 0.206752
0.24055 , 0.240416 , 0.24055
0.259873 , 0.259742 , 0.259873
0.230216 , 0.23008 , 0.230216
0.231566 , 0.23143 , 0.231566
0.225968 , 0.225832 , 0.225969
0.218229 , 0.21809 , 0.218229
0.220417 , 0.220279 , 0.220417
0.227115 , 0.226978 , 0.227115
0.237781 , 0.237646 , 0.237781
0.212223 , 0.212084 , 0.212223
0.237781 , 0.237646 , 0.237781
0.222799 , 0.222661 , 0.222799
0.227115 , 0.226978 , 0.227115
0.236084 , 0.235949 , 0.236084
0.225968 , 0.225832 , 0.225969
0.223302 , 0.223164 , 0.223302
0.208165 , 0.208025 , 0.208165
0.219083 , 0.218945 , 0.219083
0.204889 , 0.204748 , 0.204889
0.215436 , 0.215297 , 0.215436
0.214322 , 0.214183 , 0.214322
0.219965 , 0.219827 , 0.219965
0.208165 , 0.208025 , 0.208165
0.225413 , 0.225277 , 0.225413
0.247163 , 0.24703 , 0.247163
0.232988 , 0.232852 , 0.232988
0.213604 , 0.213465 , 0.213604
0.213961 , 0.213822 , 0.213961
0.232267 , 0.232131 , 0.232267
0.233729 , 0.233593 , 0.233729
0.239594 , 0.23946 , 0.239594
0.216598 , 0.216459 , 0.216598
0.222799 , 0.222661 , 0.222799
0.225413 , 0.225277 , 0.225413
0.24055 , 0.240416 , 0.24055
0.222799 , 0.222661 , 0.222799
0.237781 , 0.237646 , 0.237781
0.22182 , 0.221683 , 0.22182
0.232267 , 0.232131 , 0.232267
0.225968 , 0.225832 , 0.225969
0.21952 , 0.219382 , 0.21952
0.220417 , 0.220279 , 0.220417
0.22182 , 0.221683 , 0.22182
0.22182 , 0.221683 , 0.22182
0.222305 , 0.222168 , 0.222305
0.225968 , 0.225832 , 0.225969
0.211558 , 0.211419 , 0.211558
0.232988 , 0.232852 , 0.232988
0.212223 , 0.212084 , 0.212223
0.233729 , 0.233593 , 0.233729
0.225413 , 0.225277 , 0.225413
0.247163 , 0.24703 , 0.247163
0.231566 , 0.23143 , 0.231566
0.212905 , 0.212766 , 0.212905
0.208751 , 0.208611 , 0.208751
0.235275 , 0.23514 , 0.235276
0.209049 , 0.208909 , 0.209049
0.234491 , 0.234355 , 0.234491
0.224337 , 0.2242 , 0.224337
0.209049 , 0.208909 , 0.209049
0.22182 , 0.221683 , 0.22182
0.209049 , 0.208909 , 0.209049
0.232267 , 0.232131 , 0.232267
0.217401 , 0.217263 , 0.217401
0.232988 , 0.232852 , 0.232988
0.214688 , 0.21455 , 0.214689
0.21506 , 0.214921 , 0.21506
0.24055 , 0.240416 , 0.24055
0.236084 , 0.235949 , 0.236084
0.230216 , 0.23008 , 0.230216
0.223814 , 0.223677 , 0.223814
0.225413 , 0.225277 , 0.225413
0.216996 , 0.216858 , 0.216996
0.219965 , 0.219827 , 0.219965
0.234491 , 0.234355 , 0.234491
0.211231 , 0.211092 , 0.211232
0.232988 , 0.232852 , 0.232988
0.227707 , 0.22757 , 0.227707
0.215436 , 0.215297 , 0.215436
0.209963 , 0.209824 , 0.209963
0.212905 , 0.212766 , 0.212905
0.22182 , 0.221683 , 0.22182
0.216598 , 0.216459 , 0.216598
