0.0154802 , 0.0154802
1 , 1
1 , 1
0.0078477 , 0.0078477
0.00730464 , 0.00730464
1 , 1
0.0153275 , 0.0153275
0.00803945 , 0.00803945
0.0111645 , 0.0111645
0.011081 , 0.011081
1 , 1
0.0132028 , 0.0132028
0.017912 , 0.017912
0.00652143 , 0.00652143
0.0130498 , 0.0130498
0.00807252 , 0.00807252
1 , 1
0.0201785 , 0.0201785
0.00997125 , 0.00997125
0.008652 , 0.008652
1 , 1
0.0113828 , 0.0113828
0.00953049 , 0.00953049
0.017912 , 0.017912
0.00703873 , 0.00703873
0.0101529 , 0.0101529
0.0096353 , 0.0096353
0.0129758 , 0.0129758
1 , 1
0.0115211 , 0.0115211
0.020907 , 0.020907
0.00411047 , 0.00411047
0.0151816 , 0.0151816
0.0123758 , 0.0123758
0.0102477 , 0.0102477
1 , 1
0.0100913 , 0.0100913
0.00737122 , 0.00737122
1 , 1
0.00842267 , 0.00842267
0.0103124 , 0.0103124
1 , 1
0.0129758 , 0.0129758
0.00968898 , 0.00968898
0.0135319 , 0.0135319
0.0195828 , 0.0195828
0.00725232 , 0.00725232
0.0114283 , 0.0114283
0.00578637 , 0.00578637
1 , 1
0.0132821 , 0.0132821
1 , 1
0.0117652 , 0.0117652
0.00994192 , 0.00994192
0.00383465 , 0.00383465
1 , 1
0.0132821 , 0.0132821
0.0129758 , 0.0129758
0.00935468 , 0.00935468
1 , 1
0.00359286 , 0.00359286
0.00748061 , 0.00748061
0.00889838 , 0.00889838
0.00966203 , 0.00966203
0.0118682 , 0.0118682
0.0126291 , 0.0126291
1 , 1
0.00418186 , 0.00418186
1 , 1
0.0134465 , 0.0134465
1 , 1
0.0090067 , 0.0090067
0.0100608 , 0.0100608
0.00802304 , 0.00802304
0.00772575 , 0.00772575
0.0151816 , 0.0151816
0.00827815 , 0.00827815
0.0254209 , 0.0254209
0.00750852 , 0.00750852
0.0112501 , 0.0112501
0.00894129 , 0.00894129
0.011207 , 0.011207
1 , 1
1 , 1
1 , 1
1 , 1
1 , 1
0.0121978 , 0.0121978
1 , 1
0.0124373 , 0.0124373
0.0168099 , 0.0168099
0.0105845 , 0.0105845
0.00658451 , 0.00658451
0.00235814 , 0.00235814
0.0136196 , 0.0136196
0.00883505 , 0.00883505
1 , 1
0.0144203 , 0.0144203
0.00759372 , 0.00759372
1 , 1
