1 , 1
0.0113626 , 0.0113626
1 , 1
0.00457158 , 0.00457158
0.0103239 , 0.0103239
0.0134961 , 0.0134961
0.00687388 , 0.00687388
1 , 1
0.00768181 , 0.00768181
1 , 1
0.00721522 , 0.00721522
0.0078428 , 0.0078428
0.010481 , 0.010481
0.00667673 , 0.00667673
0.00824349 , 0.00824349
1 , 1
0.00917479 , 0.00917479
0.0121278 , 0.0121278
0.00749292 , 0.00749292
0.0127893 , 0.0127893
0.00556187 , 0.00556187
1 , 1
0.0109499 , 0.0109499
0.00817254 , 0.00817254
0.0136622 , 0.0136622
1 , 1
1 , 1
0.00882827 , 0.00882827
1 , 1
0.0131912 , 0.0131912
1 , 1
0.0146883 , 0.0146883
1 , 1
0.0106476 , 0.0106476
1 , 1
0.00694784 , 0.00694784
0.0174531 , 0.0174531
1 , 1
1 , 1
1 , 1
1 , 1
1 , 1
0.00874085 , 0.00874085
1 , 1
0.0126674 , 0.0126674
1 , 1
1 , 1
1 , 1
1 , 1
1 , 1
1 , 1
1 , 1
0.00648001 , 0.00648001
1 , 1
1 , 1
1 , 1
0.00558926 , 0.00558926
0.0030495 , 0.0030495
1 , 1
0.0106476 , 0.0106476
1 , 1
0.00985667 , 0.00985667
1 , 1
0.0212294 , 0.0212294
1 , 1
1 , 1
0.0108867 , 0.0108867
0.0129169 , 0.0129169
1 , 1
1 , 1
1 , 1
1 , 1
1 , 1
0.00945728 , 0.00945728
1 , 1
1 , 1
0.0078428 , 0.0078428
1 , 1
0.0121278 , 0.0121278
1 , 1
1 , 1
1 , 1
1 , 1
1 , 1
0.00934793 , 0.00934793
1 , 1
0.00731612 , 0.00731612
1 , 1
0.00638054 , 0.00638054
1 , 1
1 , 1
0.0134961 , 0.0134961
0.00844211 , 0.00844211
0.00834101 , 0.00834101
0.00604727 , 0.00604727
0.00756694 , 0.00756694
0.00780167 , 0.00780167
1 , 1
0.00834101 , 0.00834101
0.0103752 , 0.0103752
