0.00884796 , 0.00887422
0.014668 , 0.0146833
0.0148715 , 0.0148866
0.00521898 , 0.00525562
0.00962476 , 0.00964921
0.0126913 , 0.0127097
0.00880454 , 0.0088309
0.0108951 , 0.0109169
0.0109869 , 0.0110085
0.00779018 , 0.00781912
0.0106752 , 0.0106974
0.00751647 , 0.00754615
0.00994405 , 0.00996779
0.00885884 , 0.00888507
0.00912321 , 0.00914882
0.0122993 , 0.0123184
0.0100889 , 0.0101124
0.0089134 , 0.00893951
0.00636124 , 0.00639424
0.00813179 , 0.00815984
0.00870745 , 0.00873406
0.00785966 , 0.00788842
0.00829623 , 0.00832385
0.00765249 , 0.0076818
0.00765249 , 0.0076818
0.009303 , 0.00932819
0.00782983 , 0.00785867
0.0069607 , 0.00699193
0.0112535 , 0.0112746
0.0133879 , 0.0134052
0.00684185 , 0.00687343
0.00783977 , 0.00786858
0.00977735 , 0.00980146
0.0108821 , 0.0109039
0.00763295 , 0.00766232
0.00590035 , 0.00593477
0.00931433 , 0.0093395
0.0109869 , 0.0110085
0.0119062 , 0.0119261
0.0108041 , 0.010826
0.0158876 , 0.0159013
0.0106881 , 0.0107102
0.0102357 , 0.0102588
0.00969493 , 0.00971922
0.00571787 , 0.00575287
0.0123885 , 0.0124075
0.0123141 , 0.0123332
0.0143428 , 0.0143586
0.00981286 , 0.0098369
0.00931433 , 0.0093395
0.0106497 , 0.0106719
0.0106752 , 0.0106974
0.00739162 , 0.00742164
0.0125389 , 0.0125576
0.0189572 , 0.0189675
0.00932568 , 0.00935081
0.0124035 , 0.0124224
0.0111328 , 0.011154
0.0118777 , 0.0118975
0.0137196 , 0.0137364
0.00848415 , 0.0085113
0.0110001 , 0.0110217
0.00741074 , 0.00744071
0.0188497 , 0.0188601
0.0111328 , 0.011154
0.00939399 , 0.00941897
0.00760372 , 0.00763316
0.0110795 , 0.0111009
0.00868599 , 0.00871265
0.00881537 , 0.00884172
0.00789956 , 0.00792822
0.00912321 , 0.00914882
0.0101011 , 0.0101245
0.00917909 , 0.00920456
0.00973018 , 0.00975439
0.0110795 , 0.0111009
0.0116937 , 0.011714
0.00960147 , 0.00962597
0.00849468 , 0.00852181
0.0130977 , 0.0131154
0.0135525 , 0.0135696
0.011892 , 0.0119118
0.00954345 , 0.00956808
0.0105732 , 0.0105957
0.0103845 , 0.0104073
0.0061199 , 0.00615364
0.00960147 , 0.00962597
0.0136024 , 0.0136193
0.00995605 , 0.00997977
0.0101499 , 0.0101732
0.0108821 , 0.0109039
0.0091903 , 0.00921574
0.0100647 , 0.0100881
0.0108821 , 0.0109039
0.00943976 , 0.00946464
0.00894627 , 0.0089723
0.00935978 , 0.00938484
0.0106752 , 0.0106974
0.00464362 , 0.00468225
0.0135194 , 0.0135365
