0.0009126 , 0.00151563
0.00114973 , 0.00175082
0.00118779 , 0.00178857
0.000869551 , 0.00147293
0.00105964 , 0.00166146
0.00106641 , 0.00166817
0.00102531 , 0.00162742
0.00114035 , 0.00174151
0.000911562 , 0.0015146
0.00100244 , 0.00160473
0.0010966 , 0.00169812
0.000977498 , 0.00157999
0.00102115 , 0.00162329
0.000815142 , 0.00141897
0.000906893 , 0.00150996
0.000909487 , 0.00151254
0.000924535 , 0.00152746
0.000959838 , 0.00156248
0.00100036 , 0.00160267
0.000958799 , 0.00156145
0.000858146 , 0.00146162
0.00109347 , 0.00169502
0.000956203 , 0.00155887
0.00106589 , 0.00166766
0.000997763 , 0.00160009
0.000970226 , 0.00157278
0.000952049 , 0.00155475
0.000873699 , 0.00147704
0.000915194 , 0.0015182
0.000985291 , 0.00158772
0.000931802 , 0.00153467
0.00106953 , 0.00167127
0.00101232 , 0.00161453
0.00117423 , 0.00177512
0.000877328 , 0.00148064
0.000920902 , 0.00152386
0.000931282 , 0.00153416
0.000978537 , 0.00158102
0.000920383 , 0.00152335
0.000851927 , 0.00145545
0.00116016 , 0.00176116
0.00100868 , 0.00161092
0.000945299 , 0.00154806
0.000997763 , 0.00160009
0.00103936 , 0.00164134
0.000968148 , 0.00157072
0.00111847 , 0.00171981
0.00100192 , 0.00160421
0.00128803 , 0.00188798
0.00105028 , 0.00165218
0.000931282 , 0.00153416
0.00110805 , 0.00170948
0.000998282 , 0.00160061
0.00108931 , 0.00169089
0.00107161 , 0.00167334
0.000829127 , 0.00143284
0.00111743 , 0.00171878
0.00116902 , 0.00176995
0.000855036 , 0.00145853
0.00108723 , 0.00168882
0.00093855 , 0.00154136
0.000959319 , 0.00156196
0.00101596 , 0.00161813
0.001017 , 0.00161917
0.0012687 , 0.00186881
0.000986331 , 0.00158875
0.000940626 , 0.00154342
0.000919865 , 0.00152283
0.000840526 , 0.00144414
0.00101803 , 0.0016202
0.00102895 , 0.00163103
0.00106849 , 0.00167024
0.00103884 , 0.00164083
0.0010118 , 0.00161401
0.00111222 , 0.00171361
0.000884588 , 0.00148784
0.0010841 , 0.00168572
0.000954645 , 0.00155733
0.00106172 , 0.00166353
0.000929725 , 0.00153261
0.000981135 , 0.0015836
0.00123371 , 0.00183411
0.000981135 , 0.0015836
0.000972823 , 0.00157536
0.00110701 , 0.00170845
0.00107682 , 0.0016785
0.00103623 , 0.00163825
0.00108358 , 0.00168521
0.001017 , 0.00161917
0.00105496 , 0.00165682
0.00113514 , 0.00173635
0.00100556 , 0.00160782
0.00105548 , 0.00165734
0.000894961 , 0.00149813
0.00110389 , 0.00170535
0.000995684 , 0.00159803
0.000846226 , 0.0014498
0.000823429 , 0.00142719
0.00111847 , 0.00171981
0.000972823 , 0.00157536
