0.0919844 , 0.0921117
0.0928633 , 0.0929883
0.093191 , 0.0933152
0.0936836 , 0.0938065
0.0902553 , 0.0903871
0.0878853 , 0.0880235
0.0923727 , 0.092499
0.0902523 , 0.0903841
0.092506 , 0.0926319
0.0922555 , 0.0923821
0.0930815 , 0.093206
0.0916585 , 0.0917867
0.0911121 , 0.0912416
0.0910319 , 0.0911616
0.0937977 , 0.0939204
0.0919121 , 0.0920396
0.0896855 , 0.0898188
0.093599 , 0.0937221
0.0926939 , 0.0928193
0.092186 , 0.0923128
0.0908719 , 0.091002
0.0894911 , 0.0896249
0.0921419 , 0.0922687
0.0894731 , 0.089607
0.0931427 , 0.093267
0.0923695 , 0.0924958
0.0904833 , 0.0906145
0.089497 , 0.0896308
0.0909272 , 0.0910572
0.0882417 , 0.088379
0.0911522 , 0.0912817
0.0896166 , 0.0897501
0.0900404 , 0.0901728
0.0918839 , 0.0920114
0.0927961 , 0.0929213
0.0911893 , 0.0913187
0.0917335 , 0.0918615
0.0907982 , 0.0909286
0.0898205 , 0.0899535
0.0908596 , 0.0909898
0.0925855 , 0.0927112
0.0920946 , 0.0922216
0.0881894 , 0.0883268
0.0893807 , 0.0895149
0.0915338 , 0.0916622
0.0889715 , 0.0891067
0.0888358 , 0.0889714
0.0892826 , 0.089417
0.0931201 , 0.0932445
0.0924202 , 0.0925464
0.0903889 , 0.0905204
0.0905138 , 0.0906449
0.0896705 , 0.0898038
0.0912574 , 0.0913866
0.0891905 , 0.0893252
0.090392 , 0.0905234
0.0935535 , 0.0936767
0.0925282 , 0.0926541
0.0909518 , 0.0910818
0.0903433 , 0.0904749
0.0925187 , 0.0926446
0.0909364 , 0.0910664
0.0909118 , 0.0910419
0.0912791 , 0.0914082
0.0905687 , 0.0906997
0.0894403 , 0.0895743
0.0901856 , 0.0903176
0.091887 , 0.0920146
0.0909672 , 0.0910971
0.0929723 , 0.093097
0.0931394 , 0.0932638
0.0911862 , 0.0913156
0.0894433 , 0.0895773
0.0897125 , 0.0898457
0.0898055 , 0.0899385
0.0891342 , 0.089269
0.0907921 , 0.0909224
0.0912946 , 0.0914236
0.0902674 , 0.0903992
0.0908934 , 0.0910235
0.0903859 , 0.0905173
0.092145 , 0.0922719
0.0915494 , 0.0916778
0.0917836 , 0.0919114
0.0920977 , 0.0922247
0.092104 , 0.092231
0.0897395 , 0.0898726
0.0903069 , 0.0904385
0.0897365 , 0.0898696
0.0932458 , 0.0933699
0.0902068 , 0.0903387
0.0925887 , 0.0927144
0.0924488 , 0.0925749
0.0924456 , 0.0925717
0.0913721 , 0.091501
0.0890542 , 0.0891893
0.0900374 , 0.0901698
0.09184 , 0.0919676
0.0911615 , 0.0912909
0.0915618 , 0.0916902
