0.0311137 , 0.0314992
0.0303751 , 0.0307651
0.0304873 , 0.0308766
0.0307298 , 0.0311176
0.030235 , 0.0306258
0.0302295 , 0.0306204
0.0322094 , 0.0325881
0.0317236 , 0.0321053
0.030706 , 0.0310939
0.0314568 , 0.0318401
0.0315164 , 0.0318993
0.0308464 , 0.0312335
0.0325285 , 0.0329053
0.0306299 , 0.0310183
0.0308299 , 0.031217
0.0314057 , 0.0317893
0.030069 , 0.0304609
0.0310777 , 0.0314633
0.0303879 , 0.0307778
0.0301469 , 0.0305383
0.0304298 , 0.0308194
0.0313945 , 0.0317782
0.0306153 , 0.0310037
0.0302441 , 0.0306349
0.0309477 , 0.0313341
0.0313722 , 0.0317561
0.0312915 , 0.0316758
0.0304763 , 0.0308657
0.0316404 , 0.0320226
0.0304699 , 0.0308593
0.0303797 , 0.0307696
0.031762 , 0.0321434
0.030956 , 0.0313423
0.0313685 , 0.0317524
0.030683 , 0.0310711
0.0312285 , 0.0316132
0.0307968 , 0.0311842
0.0307913 , 0.0311787
0.0308795 , 0.0312664
0.0313583 , 0.0317422
0.0313128 , 0.031697
0.0307105 , 0.0310984
0.0297242 , 0.0301183
0.0315733 , 0.0319558
0.0313073 , 0.0316915
0.0313834 , 0.0317671
0.0312544 , 0.031639
0.0301805 , 0.0305717
0.0310085 , 0.0313946
0.0309679 , 0.0313542
0.0311831 , 0.0315681
0.0308271 , 0.0312143
0.0315024 , 0.0318855
0.0307197 , 0.0311075
0.0311628 , 0.0315479
0.0300627 , 0.0304546
0.0313936 , 0.0317773
0.0317404 , 0.032122
0.0310177 , 0.0314037
0.0316087 , 0.0319911
0.0303487 , 0.0307388
0.031135 , 0.0315203
0.0320689 , 0.0324485
0.0312155 , 0.0316003
0.0314187 , 0.0318022
0.0310962 , 0.0314817
0.0310242 , 0.0314101
0.0307904 , 0.0311778
0.0305329 , 0.030922
0.0300056 , 0.0303979
0.0313769 , 0.0317607
0.0312229 , 0.0316076
0.0314717 , 0.0318549
0.0315108 , 0.0318938
0.0307004 , 0.0310884
0.0304654 , 0.0308548
0.0307821 , 0.0311696
0.0309145 , 0.0313011
0.0304234 , 0.0308131
0.0303259 , 0.0307162
0.0302686 , 0.0306593
0.0309274 , 0.031314
0.0310353 , 0.0314211
0.0311702 , 0.0315552
0.0303614 , 0.0307515
0.031003 , 0.0313891
0.0309652 , 0.0313515
0.0303359 , 0.0307262
0.030098 , 0.0304897
0.0323275 , 0.0327055
0.0301388 , 0.0305302
0.0305028 , 0.030892
0.031866 , 0.0322467
0.032004 , 0.0323839
0.0302323 , 0.0306231
0.0313769 , 0.0317607
0.030079 , 0.0304708
0.0310592 , 0.031445
0.0313156 , 0.0316998
0.0306785 , 0.0310666
