0.050467 , 0.0507457
0.050031 , 0.0503118
0.0514661 , 0.05174
0.0507163 , 0.0509938
0.0513188 , 0.0515934
0.0510406 , 0.0513165
0.0511144 , 0.05139
0.0503644 , 0.0506436
0.051279 , 0.0515538
0.0498771 , 0.0501587
0.0523689 , 0.0526385
0.0493655 , 0.0496496
0.0512104 , 0.0514855
0.0522974 , 0.0525673
0.0510474 , 0.0513233
0.0517107 , 0.0519834
0.050444 , 0.0507228
0.0507516 , 0.0510289
0.0510884 , 0.0513641
0.0511925 , 0.0514677
0.0528116 , 0.053079
0.0509709 , 0.0512472
0.0509054 , 0.051182
0.0502943 , 0.0505738
0.0508264 , 0.0511034
0.0504521 , 0.0507309
0.0521966 , 0.0524669
0.0521197 , 0.0523904
0.0512611 , 0.051536
0.0501531 , 0.0504333
0.0519148 , 0.0521865
0.0508577 , 0.0511345
0.0494502 , 0.0497338
0.0496452 , 0.049928
0.0495549 , 0.0498381
0.0500605 , 0.0503412
0.0519051 , 0.0521768
0.0494329 , 0.0497167
0.0498745 , 0.0501561
0.0514675 , 0.0517414
0.0512859 , 0.0515606
0.0501665 , 0.0504467
0.0501571 , 0.0504373
0.0507299 , 0.0510073
0.0503576 , 0.0506369
0.0512941 , 0.0515688
0.0507285 , 0.0510059
0.0504183 , 0.0506973
0.0493047 , 0.0495891
0.0522441 , 0.0525143
0.0511747 , 0.05145
0.0512914 , 0.0515661
0.0486212 , 0.048909
0.0500685 , 0.0503492
0.0512241 , 0.0514991
0.0500484 , 0.0503291
0.0512653 , 0.0515401
0.0529988 , 0.0532654
0.0496905 , 0.049973
0.0491991 , 0.049484
0.052149 , 0.0524196
0.051862 , 0.0521339
0.051491 , 0.0517647
0.050098 , 0.0503785
0.0507462 , 0.0510235
0.0515089 , 0.0517826
0.0507394 , 0.0510167
0.0499721 , 0.0502532
0.0507516 , 0.0510289
0.0489572 , 0.0492433
0.0517981 , 0.0520704
0.0501383 , 0.0504186
0.0496559 , 0.0499385
0.0511583 , 0.0514336
0.0498731 , 0.0501547
0.0498117 , 0.0500936
0.0500136 , 0.0502945
0.0521211 , 0.0523918
0.0506715 , 0.0509492
0.0511542 , 0.0514295
0.050666 , 0.0509438
0.0508577 , 0.0511345
0.0510433 , 0.0513192
0.0504967 , 0.0507753
0.0497317 , 0.050014
0.0501423 , 0.0504226
0.0525912 , 0.0528597
0.0497424 , 0.0500246
0.0506565 , 0.0509343
0.0501007 , 0.0503812
0.0515185 , 0.0517922
0.0512433 , 0.0515182
0.0517967 , 0.052069
0.0506443 , 0.0509222
0.0510542 , 0.0513301
0.0494846 , 0.0497681
0.0514689 , 0.0517427
0.0517939 , 0.0520662
0.0509736 , 0.0512499
0.0517024 , 0.0519752
