0.0113179 , 0.011839
0.0114779 , 0.0119979
0.0114361 , 0.0119564
0.010885 , 0.0114095
0.0108976 , 0.0114219
0.0110199 , 0.0115433
0.011227 , 0.0117488
0.0112617 , 0.0117833
0.0111104 , 0.0116332
0.0113786 , 0.0118993
0.0105546 , 0.0110816
0.0112087 , 0.0117307
0.011388 , 0.0119087
0.0114932 , 0.012013
0.0110865 , 0.0116095
0.0110086 , 0.0115321
0.0106618 , 0.011188
0.0108587 , 0.0113834
0.0113621 , 0.011883
0.0112484 , 0.0117701
0.0108531 , 0.0113778
0.0108018 , 0.0113268
0.0115413 , 0.0120608
0.010803 , 0.0113281
0.0107474 , 0.0112729
0.0110155 , 0.011539
0.0111822 , 0.0117044
0.0112175 , 0.0117395
0.0106724 , 0.0111985
0.010768 , 0.0112933
0.011079 , 0.011602
0.0114526 , 0.0119728
0.0111595 , 0.0116819
0.0105111 , 0.0110383
0.0110036 , 0.0115271
0.011169 , 0.0116913
0.0108806 , 0.0114051
0.011191 , 0.0117132
0.0115027 , 0.0120224
0.0108293 , 0.0113542
0.0114222 , 0.0119426
0.011273 , 0.0117946
0.0111589 , 0.0116813
0.011169 , 0.0116913
0.0107218 , 0.0112474
0.011079 , 0.011602
0.0108036 , 0.0113287
0.0112604 , 0.011782
0.0108293 , 0.0113542
0.0112037 , 0.0117257
0.0105297 , 0.0110569
0.0108331 , 0.0113579
0.0106344 , 0.0111607
0.011113 , 0.0116357
0.0109314 , 0.0114555
0.0114919 , 0.0120117
0.0109302 , 0.0114543
0.0110878 , 0.0116107
0.0112251 , 0.011747
0.010865 , 0.0113896
0.011239 , 0.0117607
0.0114159 , 0.0119363
0.0115775 , 0.0120967
0.0110639 , 0.011587
0.0105876 , 0.0111143
0.0111829 , 0.011705
0.0106712 , 0.0111972
0.0113691 , 0.0118899
0.0112112 , 0.0117332
0.0109691 , 0.0114929
0.0111936 , 0.0117157
0.0112175 , 0.0117395
0.0111381 , 0.0116607
0.0110375 , 0.0115608
0.0104999 , 0.0110272
0.0110432 , 0.0115664
0.0104389 , 0.0109668
0.0106756 , 0.0112016
0.0109389 , 0.011463
0.0112446 , 0.0117664
0.0107799 , 0.0113051
0.0113931 , 0.0119137
0.0109816 , 0.0115053
0.0107149 , 0.0112406
0.0106612 , 0.0111873
0.0107774 , 0.0113026
0.0104371 , 0.0109649
0.0111186 , 0.0116413
0.0104912 , 0.0110186
0.0115179 , 0.0120375
0.0109095 , 0.0114337
0.0114096 , 0.01193
0.0109208 , 0.0114449
0.0115648 , 0.0120841
0.0108982 , 0.0114225
0.0113135 , 0.0118347
0.0111797 , 0.0117019
0.0109634 , 0.0114873
0.0109942 , 0.0115178
0.010949 , 0.0114729
