0.120296 , 0.120366
0.120653 , 0.120722
0.121644 , 0.121712
0.122327 , 0.122394
0.12178 , 0.121848
0.119977 , 0.120047
0.118709 , 0.118781
0.118903 , 0.118975
0.118853 , 0.118925
0.118626 , 0.118698
0.121128 , 0.121197
0.120079 , 0.120149
0.118914 , 0.118986
0.121432 , 0.121501
0.121262 , 0.121331
0.121018 , 0.121086
0.11781 , 0.117884
0.121356 , 0.121424
0.121087 , 0.121156
0.125037 , 0.1251
0.118356 , 0.118429
0.121609 , 0.121677
0.12067 , 0.120739
0.120147 , 0.120218
0.119942 , 0.120013
0.117609 , 0.117684
0.120983 , 0.121052
0.119406 , 0.119477
0.118559 , 0.118632
0.122911 , 0.122977
0.120474 , 0.120544
0.120653 , 0.120722
0.122549 , 0.122616
0.119897 , 0.119968
0.122071 , 0.122138
0.121703 , 0.121771
0.122675 , 0.122742
0.118405 , 0.118478
0.1221 , 0.122168
0.120394 , 0.120463
0.119209 , 0.119281
0.119999 , 0.12007
0.120601 , 0.12067
0.119761 , 0.119832
0.122573 , 0.12264
0.120855 , 0.120924
0.117168 , 0.117243
0.122327 , 0.122394
0.12078 , 0.120849
0.121975 , 0.122043
0.123644 , 0.123709
0.120405 , 0.120475
0.121309 , 0.121378
0.119733 , 0.119803
0.122585 , 0.122652
0.119852 , 0.119922
0.125586 , 0.125649
0.122754 , 0.12282
0.121993 , 0.122061
0.119755 , 0.119826
0.12044 , 0.120509
0.120497 , 0.120567
0.121638 , 0.121706
0.122603 , 0.12267
0.118022 , 0.118095
0.120376 , 0.120446
0.119608 , 0.119679
0.122327 , 0.122394
0.121621 , 0.121688
0.120809 , 0.120878
0.116319 , 0.116396
0.121262 , 0.121331
0.120319 , 0.120389
0.121685 , 0.121753
0.124426 , 0.12449
0.120751 , 0.12082
0.120005 , 0.120075
0.122832 , 0.122899
0.121739 , 0.121806
0.120589 , 0.120659
0.117485 , 0.11756
0.121556 , 0.121624
0.12427 , 0.124334
0.119903 , 0.119973
0.125702 , 0.125764
0.119903 , 0.119973
0.121333 , 0.121401
0.121187 , 0.121255
0.120612 , 0.120682
0.120325 , 0.120395
0.12078 , 0.120849
0.12417 , 0.124234
0.121023 , 0.121092
0.123539 , 0.123605
0.120785 , 0.120855
0.122423 , 0.12249
0.117458 , 0.117533
0.120514 , 0.120584
0.122459 , 0.122526
0.121076 , 0.121145
