0.185939 , 0.185953
0.188191 , 0.188205
0.188987 , 0.189
0.197757 , 0.197768
0.191044 , 0.191057
0.191723 , 0.191736
0.191044 , 0.191057
0.193561 , 0.193573
0.187929 , 0.187943
0.18939 , 0.189404
0.194648 , 0.19466
0.186339 , 0.186354
0.190624 , 0.190637
0.187747 , 0.187761
0.191752 , 0.191765
0.191552 , 0.191565
0.189962 , 0.189975
0.19392 , 0.193932
0.193412 , 0.193425
0.18806 , 0.188074
0.194101 , 0.194113
0.189798 , 0.189811
0.188481 , 0.188495
0.197396 , 0.197407
0.186491 , 0.186505
0.188034 , 0.188048
0.194131 , 0.194143
0.187178 , 0.187192
0.188534 , 0.188548
0.18904 , 0.189054
0.191638 , 0.191651
0.190988 , 0.191
0.194374 , 0.194386
0.188296 , 0.18831
0.18827 , 0.188284
0.188455 , 0.188468
0.18896 , 0.188974
0.192212 , 0.192224
0.191354 , 0.191367
0.187384 , 0.187398
0.18644 , 0.186455
0.191666 , 0.191679
0.197592 , 0.197603
0.191838 , 0.19185
0.190292 , 0.190305
0.191638 , 0.191651
0.186744 , 0.186758
0.189634 , 0.189648
0.189607 , 0.189621
0.19377 , 0.193782
0.193591 , 0.193603
0.190959 , 0.190972
0.190347 , 0.19036
0.190154 , 0.190167
0.192999 , 0.193011
0.186491 , 0.186505
0.189067 , 0.189081
0.19374 , 0.193753
0.191552 , 0.191565
0.194071 , 0.194083
0.189444 , 0.189458
0.187851 , 0.187865
0.192356 , 0.192369
0.189148 , 0.189161
0.196237 , 0.196249
0.18904 , 0.189054
0.190988 , 0.191
0.185418 , 0.185433
0.187101 , 0.187115
0.189067 , 0.189081
0.194101 , 0.194113
0.191297 , 0.19131
0.188375 , 0.188389
0.189825 , 0.189838
0.193561 , 0.193573
0.189798 , 0.189811
0.193412 , 0.193425
0.183775 , 0.18379
0.18988 , 0.189893
0.187955 , 0.187969
0.19201 , 0.192023
0.188323 , 0.188336
0.186113 , 0.186128
0.187929 , 0.187943
0.19567 , 0.195681
0.187539 , 0.187553
0.192999 , 0.193011
0.18505 , 0.185065
0.18958 , 0.189593
0.191184 , 0.191197
0.19043 , 0.190443
0.194894 , 0.194905
0.184444 , 0.184459
0.1938 , 0.193812
0.189798 , 0.189811
0.193294 , 0.193306
0.192618 , 0.19263
0.191809 , 0.191822
0.18574 , 0.185754
0.191156 , 0.191169
