0.159413 , 0.159441
0.159399 , 0.159428
0.159849 , 0.159877
0.158235 , 0.158264
0.161954 , 0.16198
0.16181 , 0.161837
0.162285 , 0.162312
0.15974 , 0.159768
0.157397 , 0.157427
0.1611 , 0.161127
0.157814 , 0.157844
0.15838 , 0.158409
0.163163 , 0.163188
0.160889 , 0.160916
0.161382 , 0.16141
0.161156 , 0.161183
0.161567 , 0.161594
0.163967 , 0.163993
0.165311 , 0.165336
0.160096 , 0.160124
0.160414 , 0.160442
0.161382 , 0.16141
0.160987 , 0.161014
0.159699 , 0.159727
0.16171 , 0.161737
0.159753 , 0.159781
0.161781 , 0.161808
0.160096 , 0.160124
0.159332 , 0.15936
0.15641 , 0.156441
0.161539 , 0.161566
0.156894 , 0.156925
0.16337 , 0.163396
0.161867 , 0.161894
0.160096 , 0.160124
0.157423 , 0.157453
0.162329 , 0.162355
0.162445 , 0.162471
0.160317 , 0.160345
0.163982 , 0.164008
0.160331 , 0.160359
0.164375 , 0.1644
0.161624 , 0.161651
0.160442 , 0.16047
0.159291 , 0.159319
0.160345 , 0.160373
0.159048 , 0.159077
0.162184 , 0.162211
0.160819 , 0.160846
0.159959 , 0.159987
0.162605 , 0.162631
0.158447 , 0.158476
0.160484 , 0.160512
0.15886 , 0.158889
0.159699 , 0.159727
0.160221 , 0.160248
0.158713 , 0.158742
0.162649 , 0.162675
0.160359 , 0.160387
0.158954 , 0.158983
0.159291 , 0.159319
0.160847 , 0.160874
0.158553 , 0.158582
0.162663 , 0.16269
0.164987 , 0.165012
0.161796 , 0.161823
0.15809 , 0.158119
0.160414 , 0.160442
0.160875 , 0.160902
0.16436 , 0.164385
0.161997 , 0.162023
0.160973 , 0.161
0.158433 , 0.158462
0.156157 , 0.156188
0.160833 , 0.16086
0.16191 , 0.161937
0.163296 , 0.163322
0.158037 , 0.158066
0.164451 , 0.164476
0.15842 , 0.158449
0.160317 , 0.160345
0.161553 , 0.16158
0.158593 , 0.158622
0.159129 , 0.159157
0.158182 , 0.158211
0.158222 , 0.158251
0.159508 , 0.159536
0.162532 , 0.162558
0.154779 , 0.154811
0.160931 , 0.160958
0.159603 , 0.159631
0.158914 , 0.158942
0.161043 , 0.161071
0.161539 , 0.161566
0.157462 , 0.157492
0.165498 , 0.165522
0.159318 , 0.159346
0.162329 , 0.162355
0.165591 , 0.165616
0.16191 , 0.161937
