0.270136 , 0.270138
0.269938 , 0.26994
0.274545 , 0.274547
0.277314 , 0.277315
0.271345 , 0.271347
0.262758 , 0.26276
0.264432 , 0.264434
0.269546 , 0.269547
0.273449 , 0.27345
0.27155 , 0.271552
0.272382 , 0.272384
0.268772 , 0.268774
0.286474 , 0.286475
0.269742 , 0.269743
0.256144 , 0.256146
0.281886 , 0.281887
0.271345 , 0.271347
0.269546 , 0.269547
0.282705 , 0.282706
0.283261 , 0.283262
0.265472 , 0.265474
0.263586 , 0.263588
0.268391 , 0.268393
0.28835 , 0.28835
0.267271 , 0.267272
0.257552 , 0.257554
0.284687 , 0.284688
0.263252 , 0.263254
0.284687 , 0.284688
0.272805 , 0.272807
0.271757 , 0.271758
0.274545 , 0.274547
0.271345 , 0.271347
0.264775 , 0.264777
0.273449 , 0.27345
0.267455 , 0.267457
0.270535 , 0.270536
0.273666 , 0.273667
0.267641 , 0.267642
0.269742 , 0.269743
0.276603 , 0.276604
0.270335 , 0.270337
0.266361 , 0.266363
0.276838 , 0.27684
0.270938 , 0.270939
0.278284 , 0.278285
0.269546 , 0.269547
0.279278 , 0.27928
0.278284 , 0.278285
0.263419 , 0.263421
0.267087 , 0.267089
0.26084 , 0.260842
0.257266 , 0.257268
0.270535 , 0.270536
0.275905 , 0.275906
0.266904 , 0.266906
0.270736 , 0.270737
0.276603 , 0.276604
0.276369 , 0.27637
0.276838 , 0.27684
0.274769 , 0.27477
0.273019 , 0.27302
0.278284 , 0.278285
0.28135 , 0.281351
0.258129 , 0.258131
0.276838 , 0.27684
0.273449 , 0.27345
0.260996 , 0.260998
0.276838 , 0.27684
0.275675 , 0.275676
0.286474 , 0.286475
0.268581 , 0.268583
0.267271 , 0.267272
0.265648 , 0.26565
0.275446 , 0.275448
0.274769 , 0.27477
0.268772 , 0.268774
0.264775 , 0.264777
0.269351 , 0.269353
0.281085 , 0.281086
0.271141 , 0.271142
0.278778 , 0.278779
0.266722 , 0.266724
0.28411 , 0.284111
0.279531 , 0.279532
0.281617 , 0.281618
0.271345 , 0.271347
0.275219 , 0.27522
0.279786 , 0.279787
0.275446 , 0.275448
0.269546 , 0.269547
0.261947 , 0.261949
0.279278 , 0.27928
0.274103 , 0.274104
0.273666 , 0.273667
0.264261 , 0.264263
0.289988 , 0.289989
0.277314 , 0.277315
0.269938 , 0.26994
0.276369 , 0.27637
