0.256144 , 0.256146
0.266003 , 0.266005
0.251951 , 0.251954
0.254652 , 0.254654
0.259012 , 0.259014
0.262269 , 0.262271
0.256144 , 0.256146
0.273233 , 0.273234
0.258275 , 0.258277
0.271345 , 0.271347
0.269157 , 0.269159
0.256282 , 0.256285
0.260375 , 0.260377
0.270938 , 0.270939
0.261469 , 0.261471
0.269938 , 0.26994
0.261947 , 0.261949
0.259311 , 0.259313
0.256282 , 0.256285
0.249425 , 0.249427
0.264432 , 0.264434
0.255595 , 0.255597
0.271964 , 0.271966
0.264603 , 0.264605
0.255188 , 0.25519
0.259311 , 0.259313
0.262594 , 0.262596
0.251827 , 0.25183
0.270136 , 0.270138
0.265297 , 0.265298
0.256701 , 0.256703
0.259311 , 0.259313
0.265825 , 0.265827
0.253731 , 0.253733
0.264091 , 0.264093
0.255323 , 0.255325
0.267455 , 0.267457
0.266722 , 0.266724
0.251091 , 0.251094
0.26084 , 0.260842
0.270335 , 0.270337
0.263419 , 0.263421
0.269938 , 0.26994
0.266904 , 0.266906
0.257839 , 0.257842
0.254123 , 0.254125
0.260221 , 0.260223
0.265297 , 0.265298
0.266361 , 0.266363
0.259311 , 0.259313
0.272382 , 0.272384
0.258421 , 0.258423
0.261947 , 0.261949
0.269351 , 0.269353
0.259763 , 0.259765
0.254386 , 0.254389
0.26084 , 0.260842
0.260375 , 0.260377
0.246289 , 0.246292
0.260068 , 0.26007
0.265297 , 0.265298
0.258568 , 0.25857
0.261153 , 0.261155
0.266904 , 0.266906
0.272382 , 0.272384
0.272805 , 0.272807
0.256982 , 0.256985
0.266722 , 0.266724
0.266361 , 0.266363
0.254123 , 0.254125
0.260221 , 0.260223
0.263922 , 0.263924
0.259311 , 0.259313
0.247825 , 0.247828
0.278284 , 0.278285
0.259763 , 0.259765
0.256282 , 0.256285
0.262922 , 0.262924
0.260684 , 0.260686
0.259915 , 0.259917
0.264432 , 0.264434
0.260375 , 0.260377
0.264091 , 0.264093
0.257124 , 0.257126
0.256006 , 0.256008
0.263252 , 0.263254
0.256144 , 0.256146
0.260996 , 0.260998
0.26131 , 0.261312
0.264432 , 0.264434
0.263586 , 0.263588
0.255595 , 0.255597
0.253472 , 0.253474
0.261469 , 0.261471
0.257409 , 0.257411
0.255188 , 0.25519
0.254254 , 0.254257
0.261469 , 0.261471
0.264091 , 0.264093
0.256841 , 0.256844
