0.243684 , 0.243687
0.238935 , 0.238939
0.239386 , 0.239389
0.233111 , 0.233115
0.245967 , 0.24597
0.243684 , 0.243687
0.237788 , 0.237792
0.251091 , 0.251094
0.239205 , 0.239209
0.239567 , 0.239571
0.23975 , 0.239753
0.237269 , 0.237273
0.242296 , 0.2423
0.240117 , 0.24012
0.249192 , 0.249195
0.231367 , 0.231371
0.237701 , 0.237705
0.242688 , 0.242691
0.24705 , 0.247052
0.245121 , 0.245124
0.244294 , 0.244297
0.242102 , 0.242105
0.239933 , 0.239936
0.243785 , 0.243788
0.242885 , 0.242888
0.241239 , 0.241242
0.238935 , 0.238939
0.236084 , 0.236088
0.241239 , 0.241242
0.240768 , 0.240771
0.244294 , 0.244297
0.238757 , 0.23876
0.235096 , 0.2351
0.245226 , 0.245229
0.233735 , 0.233739
0.243483 , 0.243486
0.236588 , 0.236592
0.240956 , 0.240959
0.242296 , 0.2423
0.235918 , 0.235922
0.248846 , 0.248849
0.242296 , 0.2423
0.243282 , 0.243286
0.241334 , 0.241337
0.243785 , 0.243788
0.240956 , 0.240959
0.247938 , 0.24794
0.242984 , 0.242987
0.236251 , 0.236255
0.240209 , 0.240213
0.240674 , 0.240677
0.245436 , 0.245439
0.238579 , 0.238582
0.240956 , 0.240959
0.244705 , 0.244708
0.240302 , 0.240305
0.242296 , 0.2423
0.234852 , 0.234856
0.235918 , 0.235922
0.241334 , 0.241337
0.246289 , 0.246292
0.246831 , 0.246834
0.247938 , 0.24794
0.242492 , 0.242495
0.242102 , 0.242105
0.238137 , 0.238141
0.239841 , 0.239845
0.241525 , 0.241528
0.236588 , 0.236592
0.246831 , 0.246834
0.240861 , 0.240865
0.248617 , 0.24862
0.236419 , 0.236423
0.236927 , 0.236931
0.244809 , 0.244812
0.245017 , 0.24502
0.232496 , 0.2325
0.239115 , 0.239119
0.239115 , 0.239119
0.237183 , 0.237187
0.239295 , 0.239299
0.242492 , 0.242495
0.242492 , 0.242495
0.242786 , 0.24279
0.241525 , 0.241528
0.242199 , 0.242202
0.239295 , 0.239299
0.246722 , 0.246725
0.245226 , 0.245229
0.238579 , 0.238582
0.242984 , 0.242987
0.242885 , 0.242888
0.234131 , 0.234135
0.242688 , 0.242691
0.240025 , 0.240028
0.24586 , 0.245863
0.239841 , 0.239845
0.237701 , 0.237705
0.242984 , 0.242987
0.233266 , 0.23327
