0.290664 , 0.290665
0.273884 , 0.273885
0.28056 , 0.280561
0.280821 , 0.280823
0.277314 , 0.277315
0.283542 , 0.283543
0.269546 , 0.269547
0.276838 , 0.27684
0.272173 , 0.272174
0.283825 , 0.283826
0.260996 , 0.260998
0.272805 , 0.272807
0.289324 , 0.289325
0.273884 , 0.273885
0.274545 , 0.274547
0.27155 , 0.271552
0.274324 , 0.274325
0.295773 , 0.295774
0.28135 , 0.281351
0.275675 , 0.275676
0.275446 , 0.275448
0.28617 , 0.286171
0.282705 , 0.282706
0.290324 , 0.290325
0.285869 , 0.28587
0.289654 , 0.289655
0.288672 , 0.288672
0.283542 , 0.283543
0.281085 , 0.281086
0.284398 , 0.284399
0.29424 , 0.294241
0.288672 , 0.288672
0.283261 , 0.283262
0.289988 , 0.289989
0.28243 , 0.282431
0.28135 , 0.281351
0.283261 , 0.283262
0.279786 , 0.279787
0.281886 , 0.281887
0.272805 , 0.272807
0.286474 , 0.286475
0.295773 , 0.295774
0.268581 , 0.268583
0.274545 , 0.274547
0.300794 , 0.300795
0.292053 , 0.292054
0.273666 , 0.273667
0.283261 , 0.283262
0.296564 , 0.296565
0.279278 , 0.27928
0.278039 , 0.27804
0.277796 , 0.277797
0.28243 , 0.282431
0.269938 , 0.26994
0.279027 , 0.279028
0.287714 , 0.287715
0.2803 , 0.280301
0.291006 , 0.291007
0.28678 , 0.286781
0.284398 , 0.284399
0.282157 , 0.282158
0.279027 , 0.279028
0.269938 , 0.26994
0.272173 , 0.272174
0.282982 , 0.282983
0.28557 , 0.285571
0.270938 , 0.270939
0.280821 , 0.280823
0.280042 , 0.280043
0.283542 , 0.283543
0.292409 , 0.29241
0.273884 , 0.273885
0.284979 , 0.28498
0.278778 , 0.278779
0.27853 , 0.278531
0.282157 , 0.282158
0.287714 , 0.287715
0.270938 , 0.270939
0.289324 , 0.289325
0.267271 , 0.267272
0.273666 , 0.273667
0.289654 , 0.289655
0.2874 , 0.287401
0.2803 , 0.280301
0.291006 , 0.291007
0.271964 , 0.271966
0.282705 , 0.282706
0.277314 , 0.277315
0.284687 , 0.284688
0.272382 , 0.272384
0.273666 , 0.273667
0.288996 , 0.288997
0.273449 , 0.27345
0.284398 , 0.284399
0.279278 , 0.27928
0.273666 , 0.273667
0.287089 , 0.28709
0.282157 , 0.282158
0.278284 , 0.278285
0.287714 , 0.287715
