0.325488 , 0.325489
0.333414 , 0.333414
0.33232 , 0.33232
0.321307 , 0.321307
0.316859 , 0.31686
0.324612 , 0.324612
0.307676 , 0.307677
0.323756 , 0.323757
0.308774 , 0.308775
0.311674 , 0.311675
0.314174 , 0.314174
0.323756 , 0.323757
0.309336 , 0.309337
0.309907 , 0.309907
0.334543 , 0.334543
0.30661 , 0.306611
0.304074 , 0.304074
0.321307 , 0.321307
0.302632 , 0.302633
0.316859 , 0.31686
0.321307 , 0.321307
0.323756 , 0.323757
0.300349 , 0.300349
0.33023 , 0.33023
0.316169 , 0.316169
0.333414 , 0.333414
0.322105 , 0.322105
0.34081 , 0.34081
0.345196 , 0.345197
0.318281 , 0.318282
0.314174 , 0.314174
0.314827 , 0.314827
0.322105 , 0.322105
0.334543 , 0.334543
0.323756 , 0.323757
0.33571 , 0.33571
0.34081 , 0.34081
0.326387 , 0.326388
0.333414 , 0.333414
0.315492 , 0.315492
0.320526 , 0.320526
0.339463 , 0.339463
0.325488 , 0.325489
0.321307 , 0.321307
0.33232 , 0.33232
0.294618 , 0.294618
0.322921 , 0.322921
0.338166 , 0.338167
0.324612 , 0.324612
0.305574 , 0.305575
0.309336 , 0.309337
0.319014 , 0.319014
0.327309 , 0.32731
0.312283 , 0.312284
0.325488 , 0.325489
0.336916 , 0.336917
0.324612 , 0.324612
0.319014 , 0.319014
0.316169 , 0.316169
0.326387 , 0.326388
0.311075 , 0.311076
0.317563 , 0.317564
0.319014 , 0.319014
0.329229 , 0.32923
0.314827 , 0.314827
0.316169 , 0.316169
0.319014 , 0.319014
0.312283 , 0.312284
0.319014 , 0.319014
0.345196 , 0.345197
0.318281 , 0.318282
0.333414 , 0.333414
0.314174 , 0.314174
0.305574 , 0.305575
0.303587 , 0.303587
0.304567 , 0.304568
0.30661 , 0.306611
0.331259 , 0.33126
0.319762 , 0.319762
0.323756 , 0.323757
0.309336 , 0.309337
0.311674 , 0.311675
0.326387 , 0.326388
0.325488 , 0.325489
0.33023 , 0.33023
0.316859 , 0.31686
0.302164 , 0.302164
0.333414 , 0.333414
0.311674 , 0.311675
0.343672 , 0.343672
0.316859 , 0.31686
0.312283 , 0.312284
0.321307 , 0.321307
0.327309 , 0.32731
0.315492 , 0.315492
0.33023 , 0.33023
0.320526 , 0.320526
0.327309 , 0.32731
0.328256 , 0.328257
0.338166 , 0.338167
