0.316859 , 0.31686
0.329229 , 0.32923
0.338166 , 0.338167
0.326387 , 0.326388
0.325488 , 0.325489
0.33023 , 0.33023
0.324612 , 0.324612
0.338166 , 0.338167
0.348465 , 0.348465
0.336916 , 0.336917
0.336916 , 0.336917
0.316859 , 0.31686
0.321307 , 0.321307
0.33232 , 0.33232
0.334543 , 0.334543
0.321307 , 0.321307
0.323756 , 0.323757
0.338166 , 0.338167
0.323756 , 0.323757
0.308221 , 0.308222
0.322105 , 0.322105
0.309336 , 0.309337
0.308774 , 0.308775
0.360711 , 0.360711
0.338166 , 0.338167
0.333414 , 0.333414
0.352078 , 0.352078
0.334543 , 0.334543
0.34081 , 0.34081
0.328256 , 0.328257
0.33571 , 0.33571
0.329229 , 0.32923
0.334543 , 0.334543
0.331259 , 0.33126
0.316859 , 0.31686
0.322921 , 0.322921
0.338166 , 0.338167
0.342211 , 0.342211
0.310486 , 0.310487
0.437659 , 0.437659
0.322921 , 0.322921
0.33571 , 0.33571
0.334543 , 0.334543
0.322105 , 0.322105
0.316859 , 0.31686
0.343672 , 0.343672
0.339463 , 0.339463
0.331259 , 0.33126
0.346792 , 0.346792
0.339463 , 0.339463
0.354039 , 0.354039
0.338166 , 0.338167
0.326387 , 0.326388
0.323756 , 0.323757
0.348465 , 0.348465
0.352078 , 0.352078
0.33023 , 0.33023
0.328256 , 0.328257
0.329229 , 0.32923
0.328256 , 0.328257
0.334543 , 0.334543
0.333414 , 0.333414
0.334543 , 0.334543
0.342211 , 0.342211
0.343672 , 0.343672
0.322921 , 0.322921
0.33232 , 0.33232
0.358338 , 0.358338
0.328256 , 0.328257
0.325488 , 0.325489
0.310486 , 0.310487
0.348465 , 0.348465
0.360711 , 0.360711
0.314827 , 0.314827
0.34081 , 0.34081
0.345196 , 0.345197
0.334543 , 0.334543
0.311075 , 0.311076
0.331259 , 0.33126
0.324612 , 0.324612
0.354039 , 0.354039
0.323756 , 0.323757
0.352078 , 0.352078
0.33232 , 0.33232
0.333414 , 0.333414
0.346792 , 0.346792
0.34081 , 0.34081
0.305574 , 0.305575
0.34081 , 0.34081
0.331259 , 0.33126
0.333414 , 0.333414
0.322921 , 0.322921
0.339463 , 0.339463
0.334543 , 0.334543
0.336916 , 0.336917
0.338166 , 0.338167
0.342211 , 0.342211
0.354039 , 0.354039
0.309336 , 0.309337
0.324612 , 0.324612
