0.306089 , 0.306089
0.300349 , 0.300349
0.302632 , 0.302633
0.319014 , 0.319014
0.311674 , 0.311675
0.319014 , 0.319014
0.320526 , 0.320526
0.314174 , 0.314174
0.302632 , 0.302633
0.336916 , 0.336917
0.308221 , 0.308222
0.303587 , 0.303587
0.316169 , 0.316169
0.312902 , 0.312903
0.309907 , 0.309907
0.310486 , 0.310487
0.305574 , 0.305575
0.316859 , 0.31686
0.316169 , 0.316169
0.342211 , 0.342211
0.334543 , 0.334543
0.316169 , 0.316169
0.346792 , 0.346792
0.318281 , 0.318282
0.299043 , 0.299044
0.316859 , 0.31686
0.304074 , 0.304074
0.314827 , 0.314827
0.30661 , 0.306611
0.310486 , 0.310487
0.314174 , 0.314174
0.316859 , 0.31686
0.307139 , 0.30714
0.307139 , 0.30714
0.299473 , 0.299474
0.304567 , 0.304568
0.309907 , 0.309907
0.338166 , 0.338167
0.314827 , 0.314827
0.312283 , 0.312284
0.313533 , 0.313533
0.311674 , 0.311675
0.311075 , 0.311076
0.301702 , 0.301702
0.325488 , 0.325489
0.302632 , 0.302633
0.317563 , 0.317564
0.319762 , 0.319762
0.316859 , 0.31686
0.311674 , 0.311675
0.299473 , 0.299474
0.312283 , 0.312284
0.312902 , 0.312903
0.287714 , 0.287715
0.307139 , 0.30714
0.303106 , 0.303107
0.323756 , 0.323757
0.305067 , 0.305068
0.336916 , 0.336917
0.300794 , 0.300795
0.322105 , 0.322105
0.315492 , 0.315492
0.283261 , 0.283262
0.311674 , 0.311675
0.325488 , 0.325489
0.308774 , 0.308775
0.310486 , 0.310487
0.316859 , 0.31686
0.308774 , 0.308775
0.314827 , 0.314827
0.302164 , 0.302164
0.33023 , 0.33023
0.33232 , 0.33232
0.302164 , 0.302164
0.325488 , 0.325489
0.308774 , 0.308775
0.301245 , 0.301246
0.329229 , 0.32923
0.315492 , 0.315492
0.293497 , 0.293498
0.307676 , 0.307677
0.300349 , 0.300349
0.315492 , 0.315492
0.309336 , 0.309337
0.309907 , 0.309907
0.309336 , 0.309337
0.303587 , 0.303587
0.302632 , 0.302633
0.297783 , 0.297784
0.333414 , 0.333414
0.303106 , 0.303107
0.290324 , 0.290325
0.33023 , 0.33023
0.315492 , 0.315492
0.319762 , 0.319762
0.317563 , 0.317564
0.294618 , 0.294618
0.319014 , 0.319014
0.316169 , 0.316169
0.298198 , 0.298199
