Building DAG of jobs...
Using shell: /usr/bin/bash
Provided cores: 100
Rules claiming more threads will be scaled down.
Job stats:
job                 count
----------------  -------
all                     1
plot_r_variation        1
total                   2

Select jobs to execute...
Execute 1 jobs...

[Fri May  9 16:14:21 2025]
localrule plot_r_variation:
    input: chrY_SimpleRepeat/varing_r/r0.001_k10.output, chrY_SimpleRepeat/varing_r/r0.011_k10.output, chrY_SimpleRepeat/varing_r/r0.021_k10.output, chrY_SimpleRepeat/varing_r/r0.031_k10.output, chrY_SimpleRepeat/varing_r/r0.041_k10.output, chrY_SimpleRepeat/varing_r/r0.051_k10.output, chrY_SimpleRepeat/varing_r/r0.061_k10.output, chrY_SimpleRepeat/varing_r/r0.071_k10.output, chrY_SimpleRepeat/varing_r/r0.081_k10.output, chrY_SimpleRepeat/varing_r/r0.091_k10.output, chrY_SimpleRepeat/varing_r/r0.101_k10.output, chrY_SimpleRepeat/varing_r/r0.111_k10.output, chrY_SimpleRepeat/varing_r/r0.121_k10.output, chrY_SimpleRepeat/varing_r/r0.131_k10.output, chrY_SimpleRepeat/varing_r/r0.141_k10.output, chrY_SimpleRepeat/varing_r/r0.151_k10.output, chrY_SimpleRepeat/varing_r/r0.161_k10.output, chrY_SimpleRepeat/varing_r/r0.171_k10.output, chrY_SimpleRepeat/varing_r/r0.181_k10.output, chrY_SimpleRepeat/varing_r/r0.191_k10.output, chrY_SimpleRepeat/varing_r/r0.201_k10.output, chrY_SimpleRepeat/varing_r/r0.211_k10.output, chrY_SimpleRepeat/varing_r/r0.221_k10.output, chrY_SimpleRepeat/varing_r/r0.231_k10.output, chrY_SimpleRepeat/varing_r/r0.241_k10.output, chrY_SimpleRepeat/varing_r/r0.251_k10.output, chrY_SimpleRepeat/varing_r/r0.261_k10.output, chrY_SimpleRepeat/varing_r/r0.271_k10.output, chrY_SimpleRepeat/varing_r/r0.281_k10.output, chrY_SimpleRepeat/varing_r/r0.291_k10.output, chrY_SimpleRepeat/varing_r/r0.301_k10.output, chrY_SimpleRepeat/varing_r/r0.311_k10.output, chrY_SimpleRepeat/varing_r/r0.321_k10.output, chrY_SimpleRepeat/varing_r/r0.331_k10.output, chrY_SimpleRepeat/varing_r/r0.341_k10.output
    output: chrY_SimpleRepeat/dual_boxplot_k10.png
    jobid: 193
    reason: Params have changed since last execution
    wildcards: output_dir=chrY_SimpleRepeat, fixed_k=10
    resources: tmpdir=/tmp

[Fri May  9 16:14:25 2025]
Finished job 193.
1 of 2 steps (50%) done
Select jobs to execute...
Execute 1 jobs...

[Fri May  9 16:14:25 2025]
localrule all:
    input: chr6_RepeatMasker/triple_boxplot_r0.01.png, chr21_centromere/triple_boxplot_r0.01.png, chrY_SimpleRepeat/triple_boxplot_r0.01.png, chrY_RBMY1A1/triple_boxplot_r0.01.png, chr6_RepeatMasker/dual_boxplot_k20.png, chr21_centromere/dual_boxplot_k30.png, chrY_SimpleRepeat/dual_boxplot_k10.png, chrY_RBMY1A1/dual_boxplot_k20.png
    jobid: 0
    reason: Input files updated by another job: chrY_SimpleRepeat/dual_boxplot_k10.png
    resources: tmpdir=/tmp

[Fri May  9 16:14:25 2025]
Finished job 0.
2 of 2 steps (100%) done
Complete log: .snakemake/log/2025-05-09T161420.741713.snakemake.log
