Building DAG of jobs...
Using shell: /usr/bin/bash
Provided cores: 100
Rules claiming more threads will be scaled down.
Job stats:
job                 count
----------------  -------
all                     1
plot_k_variation        2
total                   3

Select jobs to execute...
Execute 2 jobs...

[Sun May 11 10:42:40 2025]
localrule plot_k_variation:
    input: chrY_SimpleRepeat/varing_k/k8_r0.01.output, chrY_SimpleRepeat/varing_k/k16_r0.01.output, chrY_SimpleRepeat/varing_k/k32_r0.01.output, chrY_SimpleRepeat/varing_k/k90_r0.01.output, chrY_SimpleRepeat/varing_k/k120_r0.01.output, chrY_SimpleRepeat/varing_k/k150_r0.01.output, chrY_SimpleRepeat/varing_k/k180_r0.01.output, chrY_SimpleRepeat/varing_k/k210_r0.01.output, chrY_SimpleRepeat/varing_k/k240_r0.01.output, chrY_SimpleRepeat/varing_k/k270_r0.01.output, chrY_SimpleRepeat/varing_k/k300_r0.01.output, chrY_SimpleRepeat/varing_k/k330_r0.01.output, chrY_SimpleRepeat/varing_k/k360_r0.01.output, chrY_SimpleRepeat/varing_k/k390_r0.01.output, chrY_SimpleRepeat/varing_k/k420_r0.01.output, chrY_SimpleRepeat/varing_k/k450_r0.01.output, chrY_SimpleRepeat/varing_k/k480_r0.01.output, chrY_SimpleRepeat/varing_k/k510_r0.01.output, chrY_SimpleRepeat/varing_k/k540_r0.01.output, chrY_SimpleRepeat/varing_k/k570_r0.01.output, chrY_SimpleRepeat/varing_k/k600_r0.01.output, chrY_SimpleRepeat/varing_k/k630_r0.01.output
    output: chrY_SimpleRepeat/triple_boxplot_r0.01.png
    jobid: 47
    reason: Missing output files: chrY_SimpleRepeat/triple_boxplot_r0.01.png
    wildcards: output_dir=chrY_SimpleRepeat, fixed_r=0.01
    resources: tmpdir=/tmp


[Sun May 11 10:42:40 2025]
localrule plot_k_variation:
    input: chr21_centromere/varing_k/k8_r0.01.output, chr21_centromere/varing_k/k16_r0.01.output, chr21_centromere/varing_k/k32_r0.01.output, chr21_centromere/varing_k/k90_r0.01.output, chr21_centromere/varing_k/k120_r0.01.output, chr21_centromere/varing_k/k150_r0.01.output, chr21_centromere/varing_k/k180_r0.01.output, chr21_centromere/varing_k/k210_r0.01.output, chr21_centromere/varing_k/k240_r0.01.output, chr21_centromere/varing_k/k270_r0.01.output, chr21_centromere/varing_k/k300_r0.01.output, chr21_centromere/varing_k/k330_r0.01.output, chr21_centromere/varing_k/k360_r0.01.output, chr21_centromere/varing_k/k390_r0.01.output, chr21_centromere/varing_k/k420_r0.01.output, chr21_centromere/varing_k/k450_r0.01.output, chr21_centromere/varing_k/k480_r0.01.output, chr21_centromere/varing_k/k510_r0.01.output, chr21_centromere/varing_k/k540_r0.01.output, chr21_centromere/varing_k/k570_r0.01.output, chr21_centromere/varing_k/k600_r0.01.output, chr21_centromere/varing_k/k630_r0.01.output
    output: chr21_centromere/triple_boxplot_r0.01.png
    jobid: 24
    reason: Missing output files: chr21_centromere/triple_boxplot_r0.01.png
    wildcards: output_dir=chr21_centromere, fixed_r=0.01
    resources: tmpdir=/tmp

[Sun May 11 10:42:41 2025]
Error in rule plot_k_variation:
    jobid: 47
    input: chrY_SimpleRepeat/varing_k/k8_r0.01.output, chrY_SimpleRepeat/varing_k/k16_r0.01.output, chrY_SimpleRepeat/varing_k/k32_r0.01.output, chrY_SimpleRepeat/varing_k/k90_r0.01.output, chrY_SimpleRepeat/varing_k/k120_r0.01.output, chrY_SimpleRepeat/varing_k/k150_r0.01.output, chrY_SimpleRepeat/varing_k/k180_r0.01.output, chrY_SimpleRepeat/varing_k/k210_r0.01.output, chrY_SimpleRepeat/varing_k/k240_r0.01.output, chrY_SimpleRepeat/varing_k/k270_r0.01.output, chrY_SimpleRepeat/varing_k/k300_r0.01.output, chrY_SimpleRepeat/varing_k/k330_r0.01.output, chrY_SimpleRepeat/varing_k/k360_r0.01.output, chrY_SimpleRepeat/varing_k/k390_r0.01.output, chrY_SimpleRepeat/varing_k/k420_r0.01.output, chrY_SimpleRepeat/varing_k/k450_r0.01.output, chrY_SimpleRepeat/varing_k/k480_r0.01.output, chrY_SimpleRepeat/varing_k/k510_r0.01.output, chrY_SimpleRepeat/varing_k/k540_r0.01.output, chrY_SimpleRepeat/varing_k/k570_r0.01.output, chrY_SimpleRepeat/varing_k/k600_r0.01.output, chrY_SimpleRepeat/varing_k/k630_r0.01.output
    output: chrY_SimpleRepeat/triple_boxplot_r0.01.png
    shell:
        
        mkdir -p chrY_SimpleRepeat
        
        cd chrY_SimpleRepeat && python ../boxplot_k.py \
            -d varing_k \
            -t 16 300 \
            --ylim 0.8 0.05 1.1 \
            -r 0.01
        
        (one of the commands exited with non-zero exit code; note that snakemake uses bash strict mode!)

[Sun May 11 10:42:41 2025]
Error in rule plot_k_variation:
    jobid: 24
    input: chr21_centromere/varing_k/k8_r0.01.output, chr21_centromere/varing_k/k16_r0.01.output, chr21_centromere/varing_k/k32_r0.01.output, chr21_centromere/varing_k/k90_r0.01.output, chr21_centromere/varing_k/k120_r0.01.output, chr21_centromere/varing_k/k150_r0.01.output, chr21_centromere/varing_k/k180_r0.01.output, chr21_centromere/varing_k/k210_r0.01.output, chr21_centromere/varing_k/k240_r0.01.output, chr21_centromere/varing_k/k270_r0.01.output, chr21_centromere/varing_k/k300_r0.01.output, chr21_centromere/varing_k/k330_r0.01.output, chr21_centromere/varing_k/k360_r0.01.output, chr21_centromere/varing_k/k390_r0.01.output, chr21_centromere/varing_k/k420_r0.01.output, chr21_centromere/varing_k/k450_r0.01.output, chr21_centromere/varing_k/k480_r0.01.output, chr21_centromere/varing_k/k510_r0.01.output, chr21_centromere/varing_k/k540_r0.01.output, chr21_centromere/varing_k/k570_r0.01.output, chr21_centromere/varing_k/k600_r0.01.output, chr21_centromere/varing_k/k630_r0.01.output
    output: chr21_centromere/triple_boxplot_r0.01.png
    shell:
        
        mkdir -p chr21_centromere
        
        cd chr21_centromere && python ../boxplot_k.py \
            -d varing_k \
            -t 32 660 \
            --ylim 0.8 0.05 1.1 \
            -r 0.01
        
        (one of the commands exited with non-zero exit code; note that snakemake uses bash strict mode!)

Shutting down, this might take some time.
Exiting because a job execution failed. Look above for error message
Complete log: .snakemake/log/2025-05-11T104239.718347.snakemake.log
WorkflowError:
At least one job did not complete successfully.
