Building DAG of jobs...
Using shell: /usr/bin/bash
Provided cores: 100
Rules claiming more threads will be scaled down.
Job stats:
job                 count
----------------  -------
all                     1
plot_k_variation        4
plot_r_variation        4
total                   9

Select jobs to execute...
Execute 8 jobs...

[Thu May  8 22:55:32 2025]
localrule plot_k_variation:
    input: chrY_RBMY1A1/varing_k/k4_r0.01.output, chrY_RBMY1A1/varing_k/k8_r0.01.output, chrY_RBMY1A1/varing_k/k16_r0.01.output, chrY_RBMY1A1/varing_k/k32_r0.01.output, chrY_RBMY1A1/varing_k/k60_r0.01.output, chrY_RBMY1A1/varing_k/k90_r0.01.output, chrY_RBMY1A1/varing_k/k120_r0.01.output, chrY_RBMY1A1/varing_k/k150_r0.01.output, chrY_RBMY1A1/varing_k/k180_r0.01.output, chrY_RBMY1A1/varing_k/k210_r0.01.output, chrY_RBMY1A1/varing_k/k240_r0.01.output, chrY_RBMY1A1/varing_k/k270_r0.01.output, chrY_RBMY1A1/varing_k/k300_r0.01.output, chrY_RBMY1A1/varing_k/k330_r0.01.output, chrY_RBMY1A1/varing_k/k360_r0.01.output, chrY_RBMY1A1/varing_k/k390_r0.01.output, chrY_RBMY1A1/varing_k/k420_r0.01.output, chrY_RBMY1A1/varing_k/k450_r0.01.output, chrY_RBMY1A1/varing_k/k480_r0.01.output, chrY_RBMY1A1/varing_k/k510_r0.01.output, chrY_RBMY1A1/varing_k/k540_r0.01.output, chrY_RBMY1A1/varing_k/k570_r0.01.output, chrY_RBMY1A1/varing_k/k600_r0.01.output, chrY_RBMY1A1/varing_k/k630_r0.01.output, chrY_RBMY1A1/varing_k/k660_r0.01.output, chrY_RBMY1A1/varing_k/k690_r0.01.output, chrY_RBMY1A1/varing_k/k720_r0.01.output, chrY_RBMY1A1/varing_k/k750_r0.01.output, chrY_RBMY1A1/varing_k/k780_r0.01.output
    output: chrY_RBMY1A1/triple_boxplot_r0.01.png
    jobid: 91
    reason: Missing output files: chrY_RBMY1A1/triple_boxplot_r0.01.png
    wildcards: output_dir=chrY_RBMY1A1, fixed_r=0.01
    resources: tmpdir=/tmp


[Thu May  8 22:55:32 2025]
localrule plot_r_variation:
    input: chrY_SimpleRepeat/varing_r/r0.001_k10.output, chrY_SimpleRepeat/varing_r/r0.011_k10.output, chrY_SimpleRepeat/varing_r/r0.021_k10.output, chrY_SimpleRepeat/varing_r/r0.031_k10.output, chrY_SimpleRepeat/varing_r/r0.041_k10.output, chrY_SimpleRepeat/varing_r/r0.051_k10.output, chrY_SimpleRepeat/varing_r/r0.061_k10.output, chrY_SimpleRepeat/varing_r/r0.071_k10.output, chrY_SimpleRepeat/varing_r/r0.081_k10.output, chrY_SimpleRepeat/varing_r/r0.091_k10.output, chrY_SimpleRepeat/varing_r/r0.101_k10.output, chrY_SimpleRepeat/varing_r/r0.111_k10.output, chrY_SimpleRepeat/varing_r/r0.121_k10.output, chrY_SimpleRepeat/varing_r/r0.131_k10.output, chrY_SimpleRepeat/varing_r/r0.141_k10.output, chrY_SimpleRepeat/varing_r/r0.151_k10.output, chrY_SimpleRepeat/varing_r/r0.161_k10.output, chrY_SimpleRepeat/varing_r/r0.171_k10.output, chrY_SimpleRepeat/varing_r/r0.181_k10.output, chrY_SimpleRepeat/varing_r/r0.191_k10.output, chrY_SimpleRepeat/varing_r/r0.201_k10.output, chrY_SimpleRepeat/varing_r/r0.211_k10.output, chrY_SimpleRepeat/varing_r/r0.221_k10.output, chrY_SimpleRepeat/varing_r/r0.231_k10.output, chrY_SimpleRepeat/varing_r/r0.241_k10.output, chrY_SimpleRepeat/varing_r/r0.251_k10.output, chrY_SimpleRepeat/varing_r/r0.261_k10.output, chrY_SimpleRepeat/varing_r/r0.271_k10.output, chrY_SimpleRepeat/varing_r/r0.281_k10.output, chrY_SimpleRepeat/varing_r/r0.291_k10.output, chrY_SimpleRepeat/varing_r/r0.301_k10.output, chrY_SimpleRepeat/varing_r/r0.311_k10.output, chrY_SimpleRepeat/varing_r/r0.321_k10.output, chrY_SimpleRepeat/varing_r/r0.331_k10.output, chrY_SimpleRepeat/varing_r/r0.341_k10.output
    output: chrY_SimpleRepeat/dual_boxplot_k10.png
    jobid: 193
    reason: Missing output files: chrY_SimpleRepeat/dual_boxplot_k10.png
    wildcards: output_dir=chrY_SimpleRepeat, fixed_k=10
    resources: tmpdir=/tmp


[Thu May  8 22:55:32 2025]
localrule plot_r_variation:
    input: chr6_RepeatMasker/varing_r/r0.001_k20.output, chr6_RepeatMasker/varing_r/r0.011_k20.output, chr6_RepeatMasker/varing_r/r0.021_k20.output, chr6_RepeatMasker/varing_r/r0.031_k20.output, chr6_RepeatMasker/varing_r/r0.041_k20.output, chr6_RepeatMasker/varing_r/r0.051_k20.output, chr6_RepeatMasker/varing_r/r0.061_k20.output, chr6_RepeatMasker/varing_r/r0.071_k20.output, chr6_RepeatMasker/varing_r/r0.081_k20.output, chr6_RepeatMasker/varing_r/r0.091_k20.output, chr6_RepeatMasker/varing_r/r0.101_k20.output, chr6_RepeatMasker/varing_r/r0.111_k20.output, chr6_RepeatMasker/varing_r/r0.121_k20.output, chr6_RepeatMasker/varing_r/r0.131_k20.output, chr6_RepeatMasker/varing_r/r0.141_k20.output, chr6_RepeatMasker/varing_r/r0.151_k20.output, chr6_RepeatMasker/varing_r/r0.161_k20.output, chr6_RepeatMasker/varing_r/r0.171_k20.output, chr6_RepeatMasker/varing_r/r0.181_k20.output, chr6_RepeatMasker/varing_r/r0.191_k20.output, chr6_RepeatMasker/varing_r/r0.201_k20.output, chr6_RepeatMasker/varing_r/r0.211_k20.output, chr6_RepeatMasker/varing_r/r0.221_k20.output, chr6_RepeatMasker/varing_r/r0.231_k20.output, chr6_RepeatMasker/varing_r/r0.241_k20.output, chr6_RepeatMasker/varing_r/r0.251_k20.output, chr6_RepeatMasker/varing_r/r0.261_k20.output, chr6_RepeatMasker/varing_r/r0.271_k20.output, chr6_RepeatMasker/varing_r/r0.281_k20.output, chr6_RepeatMasker/varing_r/r0.291_k20.output, chr6_RepeatMasker/varing_r/r0.301_k20.output, chr6_RepeatMasker/varing_r/r0.311_k20.output, chr6_RepeatMasker/varing_r/r0.321_k20.output, chr6_RepeatMasker/varing_r/r0.331_k20.output, chr6_RepeatMasker/varing_r/r0.341_k20.output
    output: chr6_RepeatMasker/dual_boxplot_k20.png
    jobid: 121
    reason: Missing output files: chr6_RepeatMasker/dual_boxplot_k20.png
    wildcards: output_dir=chr6_RepeatMasker, fixed_k=20
    resources: tmpdir=/tmp


[Thu May  8 22:55:32 2025]
localrule plot_k_variation:
    input: chr6_RepeatMasker/varing_k/k4_r0.01.output, chr6_RepeatMasker/varing_k/k8_r0.01.output, chr6_RepeatMasker/varing_k/k16_r0.01.output, chr6_RepeatMasker/varing_k/k32_r0.01.output, chr6_RepeatMasker/varing_k/k60_r0.01.output, chr6_RepeatMasker/varing_k/k90_r0.01.output, chr6_RepeatMasker/varing_k/k120_r0.01.output, chr6_RepeatMasker/varing_k/k150_r0.01.output, chr6_RepeatMasker/varing_k/k180_r0.01.output, chr6_RepeatMasker/varing_k/k210_r0.01.output, chr6_RepeatMasker/varing_k/k240_r0.01.output, chr6_RepeatMasker/varing_k/k270_r0.01.output, chr6_RepeatMasker/varing_k/k300_r0.01.output, chr6_RepeatMasker/varing_k/k330_r0.01.output, chr6_RepeatMasker/varing_k/k360_r0.01.output, chr6_RepeatMasker/varing_k/k390_r0.01.output, chr6_RepeatMasker/varing_k/k420_r0.01.output, chr6_RepeatMasker/varing_k/k450_r0.01.output, chr6_RepeatMasker/varing_k/k480_r0.01.output, chr6_RepeatMasker/varing_k/k510_r0.01.output, chr6_RepeatMasker/varing_k/k540_r0.01.output, chr6_RepeatMasker/varing_k/k570_r0.01.output, chr6_RepeatMasker/varing_k/k600_r0.01.output, chr6_RepeatMasker/varing_k/k630_r0.01.output, chr6_RepeatMasker/varing_k/k660_r0.01.output, chr6_RepeatMasker/varing_k/k690_r0.01.output, chr6_RepeatMasker/varing_k/k720_r0.01.output, chr6_RepeatMasker/varing_k/k750_r0.01.output, chr6_RepeatMasker/varing_k/k780_r0.01.output
    output: chr6_RepeatMasker/triple_boxplot_r0.01.png
    jobid: 1
    reason: Missing output files: chr6_RepeatMasker/triple_boxplot_r0.01.png
    wildcards: output_dir=chr6_RepeatMasker, fixed_r=0.01
    resources: tmpdir=/tmp


[Thu May  8 22:55:32 2025]
localrule plot_r_variation:
    input: chrY_RBMY1A1/varing_r/r0.001_k20.output, chrY_RBMY1A1/varing_r/r0.011_k20.output, chrY_RBMY1A1/varing_r/r0.021_k20.output, chrY_RBMY1A1/varing_r/r0.031_k20.output, chrY_RBMY1A1/varing_r/r0.041_k20.output, chrY_RBMY1A1/varing_r/r0.051_k20.output, chrY_RBMY1A1/varing_r/r0.061_k20.output, chrY_RBMY1A1/varing_r/r0.071_k20.output, chrY_RBMY1A1/varing_r/r0.081_k20.output, chrY_RBMY1A1/varing_r/r0.091_k20.output, chrY_RBMY1A1/varing_r/r0.101_k20.output, chrY_RBMY1A1/varing_r/r0.111_k20.output, chrY_RBMY1A1/varing_r/r0.121_k20.output, chrY_RBMY1A1/varing_r/r0.131_k20.output, chrY_RBMY1A1/varing_r/r0.141_k20.output, chrY_RBMY1A1/varing_r/r0.151_k20.output, chrY_RBMY1A1/varing_r/r0.161_k20.output, chrY_RBMY1A1/varing_r/r0.171_k20.output, chrY_RBMY1A1/varing_r/r0.181_k20.output, chrY_RBMY1A1/varing_r/r0.191_k20.output, chrY_RBMY1A1/varing_r/r0.201_k20.output, chrY_RBMY1A1/varing_r/r0.211_k20.output, chrY_RBMY1A1/varing_r/r0.221_k20.output, chrY_RBMY1A1/varing_r/r0.231_k20.output, chrY_RBMY1A1/varing_r/r0.241_k20.output, chrY_RBMY1A1/varing_r/r0.251_k20.output, chrY_RBMY1A1/varing_r/r0.261_k20.output, chrY_RBMY1A1/varing_r/r0.271_k20.output, chrY_RBMY1A1/varing_r/r0.281_k20.output, chrY_RBMY1A1/varing_r/r0.291_k20.output, chrY_RBMY1A1/varing_r/r0.301_k20.output, chrY_RBMY1A1/varing_r/r0.311_k20.output, chrY_RBMY1A1/varing_r/r0.321_k20.output, chrY_RBMY1A1/varing_r/r0.331_k20.output, chrY_RBMY1A1/varing_r/r0.341_k20.output
    output: chrY_RBMY1A1/dual_boxplot_k20.png
    jobid: 229
    reason: Missing output files: chrY_RBMY1A1/dual_boxplot_k20.png
    wildcards: output_dir=chrY_RBMY1A1, fixed_k=20
    resources: tmpdir=/tmp


[Thu May  8 22:55:32 2025]
localrule plot_r_variation:
    input: chr21_centromere/varing_r/r0.001_k30.output, chr21_centromere/varing_r/r0.011_k30.output, chr21_centromere/varing_r/r0.021_k30.output, chr21_centromere/varing_r/r0.031_k30.output, chr21_centromere/varing_r/r0.041_k30.output, chr21_centromere/varing_r/r0.051_k30.output, chr21_centromere/varing_r/r0.061_k30.output, chr21_centromere/varing_r/r0.071_k30.output, chr21_centromere/varing_r/r0.081_k30.output, chr21_centromere/varing_r/r0.091_k30.output, chr21_centromere/varing_r/r0.101_k30.output, chr21_centromere/varing_r/r0.111_k30.output, chr21_centromere/varing_r/r0.121_k30.output, chr21_centromere/varing_r/r0.131_k30.output, chr21_centromere/varing_r/r0.141_k30.output, chr21_centromere/varing_r/r0.151_k30.output, chr21_centromere/varing_r/r0.161_k30.output, chr21_centromere/varing_r/r0.171_k30.output, chr21_centromere/varing_r/r0.181_k30.output, chr21_centromere/varing_r/r0.191_k30.output, chr21_centromere/varing_r/r0.201_k30.output, chr21_centromere/varing_r/r0.211_k30.output, chr21_centromere/varing_r/r0.221_k30.output, chr21_centromere/varing_r/r0.231_k30.output, chr21_centromere/varing_r/r0.241_k30.output, chr21_centromere/varing_r/r0.251_k30.output, chr21_centromere/varing_r/r0.261_k30.output, chr21_centromere/varing_r/r0.271_k30.output, chr21_centromere/varing_r/r0.281_k30.output, chr21_centromere/varing_r/r0.291_k30.output, chr21_centromere/varing_r/r0.301_k30.output, chr21_centromere/varing_r/r0.311_k30.output, chr21_centromere/varing_r/r0.321_k30.output, chr21_centromere/varing_r/r0.331_k30.output, chr21_centromere/varing_r/r0.341_k30.output
    output: chr21_centromere/dual_boxplot_k30.png
    jobid: 157
    reason: Missing output files: chr21_centromere/dual_boxplot_k30.png
    wildcards: output_dir=chr21_centromere, fixed_k=30
    resources: tmpdir=/tmp


[Thu May  8 22:55:32 2025]
localrule plot_k_variation:
    input: chr21_centromere/varing_k/k4_r0.01.output, chr21_centromere/varing_k/k8_r0.01.output, chr21_centromere/varing_k/k16_r0.01.output, chr21_centromere/varing_k/k32_r0.01.output, chr21_centromere/varing_k/k60_r0.01.output, chr21_centromere/varing_k/k90_r0.01.output, chr21_centromere/varing_k/k120_r0.01.output, chr21_centromere/varing_k/k150_r0.01.output, chr21_centromere/varing_k/k180_r0.01.output, chr21_centromere/varing_k/k210_r0.01.output, chr21_centromere/varing_k/k240_r0.01.output, chr21_centromere/varing_k/k270_r0.01.output, chr21_centromere/varing_k/k300_r0.01.output, chr21_centromere/varing_k/k330_r0.01.output, chr21_centromere/varing_k/k360_r0.01.output, chr21_centromere/varing_k/k390_r0.01.output, chr21_centromere/varing_k/k420_r0.01.output, chr21_centromere/varing_k/k450_r0.01.output, chr21_centromere/varing_k/k480_r0.01.output, chr21_centromere/varing_k/k510_r0.01.output, chr21_centromere/varing_k/k540_r0.01.output, chr21_centromere/varing_k/k570_r0.01.output, chr21_centromere/varing_k/k600_r0.01.output, chr21_centromere/varing_k/k630_r0.01.output, chr21_centromere/varing_k/k660_r0.01.output, chr21_centromere/varing_k/k690_r0.01.output, chr21_centromere/varing_k/k720_r0.01.output, chr21_centromere/varing_k/k750_r0.01.output, chr21_centromere/varing_k/k780_r0.01.output
    output: chr21_centromere/triple_boxplot_r0.01.png
    jobid: 31
    reason: Missing output files: chr21_centromere/triple_boxplot_r0.01.png
    wildcards: output_dir=chr21_centromere, fixed_r=0.01
    resources: tmpdir=/tmp


[Thu May  8 22:55:32 2025]
localrule plot_k_variation:
    input: chrY_SimpleRepeat/varing_k/k4_r0.01.output, chrY_SimpleRepeat/varing_k/k8_r0.01.output, chrY_SimpleRepeat/varing_k/k16_r0.01.output, chrY_SimpleRepeat/varing_k/k32_r0.01.output, chrY_SimpleRepeat/varing_k/k60_r0.01.output, chrY_SimpleRepeat/varing_k/k90_r0.01.output, chrY_SimpleRepeat/varing_k/k120_r0.01.output, chrY_SimpleRepeat/varing_k/k150_r0.01.output, chrY_SimpleRepeat/varing_k/k180_r0.01.output, chrY_SimpleRepeat/varing_k/k210_r0.01.output, chrY_SimpleRepeat/varing_k/k240_r0.01.output, chrY_SimpleRepeat/varing_k/k270_r0.01.output, chrY_SimpleRepeat/varing_k/k300_r0.01.output, chrY_SimpleRepeat/varing_k/k330_r0.01.output, chrY_SimpleRepeat/varing_k/k360_r0.01.output, chrY_SimpleRepeat/varing_k/k390_r0.01.output, chrY_SimpleRepeat/varing_k/k420_r0.01.output, chrY_SimpleRepeat/varing_k/k450_r0.01.output, chrY_SimpleRepeat/varing_k/k480_r0.01.output, chrY_SimpleRepeat/varing_k/k510_r0.01.output, chrY_SimpleRepeat/varing_k/k540_r0.01.output, chrY_SimpleRepeat/varing_k/k570_r0.01.output, chrY_SimpleRepeat/varing_k/k600_r0.01.output, chrY_SimpleRepeat/varing_k/k630_r0.01.output, chrY_SimpleRepeat/varing_k/k660_r0.01.output, chrY_SimpleRepeat/varing_k/k690_r0.01.output, chrY_SimpleRepeat/varing_k/k720_r0.01.output, chrY_SimpleRepeat/varing_k/k750_r0.01.output, chrY_SimpleRepeat/varing_k/k780_r0.01.output
    output: chrY_SimpleRepeat/triple_boxplot_r0.01.png
    jobid: 61
    reason: Missing output files: chrY_SimpleRepeat/triple_boxplot_r0.01.png
    wildcards: output_dir=chrY_SimpleRepeat, fixed_r=0.01
    resources: tmpdir=/tmp

[Thu May  8 22:55:36 2025]
Finished job 1.
1 of 9 steps (11%) done
[Thu May  8 22:55:36 2025]
Finished job 61.
2 of 9 steps (22%) done
[Thu May  8 22:55:36 2025]
Finished job 31.
3 of 9 steps (33%) done
[Thu May  8 22:55:36 2025]
Finished job 91.
4 of 9 steps (44%) done
[Thu May  8 22:55:37 2025]
Finished job 193.
5 of 9 steps (56%) done
[Thu May  8 22:55:37 2025]
Finished job 157.
6 of 9 steps (67%) done
[Thu May  8 22:55:37 2025]
Finished job 229.
7 of 9 steps (78%) done
[Thu May  8 22:55:37 2025]
Finished job 121.
8 of 9 steps (89%) done
Select jobs to execute...
Execute 1 jobs...

[Thu May  8 22:55:37 2025]
localrule all:
    input: chr6_RepeatMasker/triple_boxplot_r0.01.png, chr21_centromere/triple_boxplot_r0.01.png, chrY_SimpleRepeat/triple_boxplot_r0.01.png, chrY_RBMY1A1/triple_boxplot_r0.01.png, chr6_RepeatMasker/dual_boxplot_k20.png, chr21_centromere/dual_boxplot_k30.png, chrY_SimpleRepeat/dual_boxplot_k10.png, chrY_RBMY1A1/dual_boxplot_k20.png
    jobid: 0
    reason: Input files updated by another job: chr6_RepeatMasker/triple_boxplot_r0.01.png, chrY_SimpleRepeat/dual_boxplot_k10.png, chr21_centromere/triple_boxplot_r0.01.png, chrY_RBMY1A1/triple_boxplot_r0.01.png, chr21_centromere/dual_boxplot_k30.png, chrY_RBMY1A1/dual_boxplot_k20.png, chr6_RepeatMasker/dual_boxplot_k20.png, chrY_SimpleRepeat/triple_boxplot_r0.01.png
    resources: tmpdir=/tmp

[Thu May  8 22:55:37 2025]
Finished job 0.
9 of 9 steps (100%) done
Complete log: .snakemake/log/2025-05-08T225532.196878.snakemake.log
