0.0629009 , 0.098238
0.0759717 , 0.106892
0.0637685 , 0.0987996
0.0743538 , 0.105798
0.0702563 , 0.103057
0.0779608 , 0.108245
0.0814282 , 0.110627
0.0765129 , 0.107259
0.0752516 , 0.106404
0.0866165 , 0.114244
0.0849382 , 0.113067
0.0858693 , 0.113719
0.0738164 , 0.105436
0.0898161 , 0.116508
0.069549 , 0.102588
0.0781422 , 0.108369
0.0919078 , 0.118001
0.0900056 , 0.116643
0.0847523 , 0.112937
0.0801459 , 0.109742
0.0881174 , 0.115303
0.0775981 , 0.107997
0.0965339 , 0.121339
0.0709652 , 0.103528
0.0750718 , 0.106283
0.0750718 , 0.106283
0.0683147 , 0.101772
0.0713202 , 0.103765
0.0725659 , 0.104597
0.0757915 , 0.10677
0.0752516 , 0.106404
0.0766935 , 0.107382
0.0936323 , 0.119239
0.0637685 , 0.0987996
0.0829007 , 0.111647
0.0729227 , 0.104836
0.0731012 , 0.104956
0.065161 , 0.0997049
0.0750718 , 0.106283
0.0642901 , 0.0991382
0.0768742 , 0.107505
0.0781422 , 0.108369
0.0738164 , 0.105436
0.0840102 , 0.112419
0.0775981 , 0.107997
0.0706106 , 0.103292
0.0779608 , 0.108245
0.0639423 , 0.0989124
0.0632477 , 0.0984623
0.0955628 , 0.120634
0.0794157 , 0.109241
0.0853102 , 0.113327
0.0792335 , 0.109116
0.0841955 , 0.112548
0.077236 , 0.107751
0.0841955 , 0.112548
0.0788693 , 0.108866
0.0883056 , 0.115436
0.0738164 , 0.105436
0.0731012 , 0.104956
0.0734586 , 0.105196
0.0786873 , 0.108742
0.0881174 , 0.115303
0.0700793 , 0.10294
0.0781422 , 0.108369
0.0810612 , 0.110373
0.0858693 , 0.113719
0.0716756 , 0.104002
0.0959508 , 0.120915
0.0752516 , 0.106404
0.0741745 , 0.105677
0.077417 , 0.107874
0.0871784 , 0.11464
0.0930561 , 0.118824
0.0821635 , 0.111135
0.086991 , 0.114508
0.0725659 , 0.104597
0.0779608 , 0.108245
0.0723876 , 0.104478
0.0766935 , 0.107382
0.0704334 , 0.103175
0.077417 , 0.107874
0.0653355 , 0.0998187
0.0873659 , 0.114772
0.0718535 , 0.104121
0.0924813 , 0.118412
0.0649867 , 0.0995913
0.100856 , 0.124502
0.0817956 , 0.110881
0.0944026 , 0.119795
0.0799632 , 0.109617
0.077236 , 0.107751
0.0930561 , 0.118824
0.0797806 , 0.109491
0.0768742 , 0.107505
0.0768742 , 0.107505
0.0794157 , 0.109241
0.0729227 , 0.104836
0.0727442 , 0.104717
0.0785055 , 0.108617
