0.115424 , 0.135479
0.112258 , 0.133053
0.127061 , 0.144575
0.123913 , 0.142087
0.101849 , 0.125236
0.114999 , 0.135152
0.119729 , 0.13881
0.11184 , 0.132735
0.104656 , 0.12732
0.118427 , 0.137799
0.119947 , 0.13898
0.106887 , 0.128989
0.113729 , 0.134178
0.111006 , 0.1321
0.113729 , 0.134178
0.107091 , 0.129142
0.129116 , 0.14621
0.140282 , 0.155239
0.115424 , 0.135479
0.109969 , 0.131313
0.11184 , 0.132735
0.11692 , 0.136632
0.127061 , 0.144575
0.122803 , 0.141214
0.121259 , 0.140005
0.120602 , 0.139491
0.119294 , 0.138472
0.116491 , 0.136301
0.114787 , 0.134989
0.108319 , 0.130067
0.116064 , 0.135971
0.107704 , 0.129603
0.1282 , 0.14548
0.117779 , 0.137297
0.132362 , 0.148811
0.109969 , 0.131313
0.136153 , 0.151873
0.126608 , 0.144216
0.131661 , 0.148247
0.11692 , 0.136632
0.10648 , 0.128683
0.115424 , 0.135479
0.114999 , 0.135152
0.113308 , 0.133855
0.131428 , 0.14806
0.122581 , 0.14104
0.120383 , 0.13932
0.125256 , 0.143146
0.101849 , 0.125236
0.112678 , 0.133373
0.125031 , 0.142968
0.11692 , 0.136632
0.119729 , 0.13881
0.115212 , 0.135315
0.107091 , 0.129142
0.115212 , 0.135315
0.104656 , 0.12732
0.126608 , 0.144216
0.115212 , 0.135315
0.116491 , 0.136301
0.119077 , 0.138303
0.115424 , 0.135479
0.124583 , 0.142615
0.114575 , 0.134826
0.127971 , 0.145299
0.127516 , 0.144936
0.10648 , 0.128683
0.121479 , 0.140176
0.118427 , 0.137799
0.109555 , 0.131
0.123024 , 0.141388
0.11585 , 0.135807
0.118643 , 0.137967
0.117779 , 0.137297
0.125031 , 0.142968
0.143264 , 0.15769
0.11184 , 0.132735
0.117349 , 0.136964
0.112049 , 0.132894
0.111631 , 0.132576
0.129576 , 0.146577
0.133537 , 0.149757
0.11059 , 0.131785
0.125031 , 0.142968
0.130731 , 0.147501
0.115212 , 0.135315
0.10385 , 0.12672
0.123468 , 0.141737
0.109555 , 0.131
0.117349 , 0.136964
0.116064 , 0.135971
0.11886 , 0.138135
0.104454 , 0.127169
0.114575 , 0.134826
0.115424 , 0.135479
0.107909 , 0.129758
0.118211 , 0.137631
0.131195 , 0.147874
0.117349 , 0.136964
0.121479 , 0.140176
