0.190112 , 0.198078
0.216841 , 0.222398
0.193398 , 0.201024
0.188682 , 0.196799
0.192292 , 0.200031
0.203062 , 0.209765
0.197932 , 0.205112
0.186569 , 0.194914
0.224978 , 0.229942
0.214566 , 0.220299
0.197932 , 0.205112
0.201857 , 0.208669
0.195265 , 0.202705
0.19266 , 0.200361
0.190112 , 0.198078
0.190112 , 0.198078
0.196781 , 0.204072
0.190473 , 0.1984
0.169058 , 0.179522
0.178149 , 0.187461
0.203873 , 0.210503
0.194889 , 0.202366
0.193769 , 0.201358
0.189395 , 0.197436
0.182116 , 0.190961
0.183469 , 0.192159
0.187621 , 0.195851
0.202257 , 0.209033
0.219168 , 0.224549
0.183469 , 0.192159
0.191197 , 0.199049
0.194889 , 0.202366
0.20718 , 0.21352
0.186918 , 0.195225
0.18622 , 0.194604
0.193769 , 0.201358
0.179457 , 0.188613
0.193398 , 0.201024
0.208446 , 0.214678
0.203062 , 0.209765
0.182791 , 0.191558
0.178475 , 0.187748
0.189395 , 0.197436
0.194514 , 0.202029
0.194514 , 0.202029
0.183129 , 0.191858
0.224978 , 0.229942
0.199877 , 0.206873
0.172119 , 0.182182
0.193028 , 0.200692
0.218698 , 0.224114
0.213224 , 0.219064
0.183469 , 0.192159
0.210591 , 0.216644
0.181446 , 0.190368
0.18622 , 0.194604
0.198706 , 0.205812
0.202659 , 0.209398
0.189395 , 0.197436
0.2119 , 0.217846
0.195265 , 0.202705
0.176533 , 0.186042
0.208872 , 0.215068
0.187621 , 0.195851
0.19266 , 0.200361
0.205928 , 0.212376
0.184836 , 0.193373
0.189753 , 0.197756
0.18622 , 0.194604
0.203467 , 0.210133
0.209728 , 0.215853
0.197547 , 0.204764
0.187269 , 0.195538
0.193028 , 0.200692
0.190834 , 0.198724
0.206761 , 0.213137
0.208023 , 0.214291
0.186569 , 0.194914
0.182453 , 0.191259
0.201061 , 0.207946
0.191561 , 0.199375
0.233833 , 0.238218
0.224481 , 0.22948
0.223986 , 0.22902
0.184493 , 0.193068
0.176213 , 0.185761
0.164892 , 0.175924
0.189753 , 0.197756
0.201458 , 0.208307
0.197932 , 0.205112
0.199095 , 0.206164
0.187973 , 0.196166
0.204281 , 0.210875
0.189395 , 0.197436
0.203873 , 0.210503
0.221068 , 0.226309
0.19266 , 0.200361
0.217302 , 0.222824
0.178149 , 0.187461
0.214566 , 0.220299
