0.215925 , 0.221552
0.197164 , 0.204418
0.190834 , 0.198724
0.193769 , 0.201358
0.178475 , 0.187748
0.217302 , 0.222824
0.193028 , 0.200692
0.218231 , 0.223682
0.20027 , 0.207229
0.23009 , 0.234712
0.205101 , 0.211622
0.211026 , 0.217043
0.197932 , 0.205112
0.219168 , 0.224549
0.214117 , 0.219885
0.220113 , 0.225425
0.22059 , 0.225866
0.198706 , 0.205812
0.21367 , 0.219473
0.220113 , 0.225425
0.197164 , 0.204418
0.192292 , 0.200031
0.211026 , 0.217043
0.194889 , 0.202366
0.185873 , 0.194294
0.21367 , 0.219473
0.222517 , 0.227654
0.197164 , 0.204418
0.19266 , 0.200361
0.206761 , 0.213137
0.185526 , 0.193986
0.20027 , 0.207229
0.217766 , 0.223252
0.1775 , 0.186891
0.2119 , 0.217846
0.191561 , 0.199375
0.189395 , 0.197436
0.211026 , 0.217043
0.200665 , 0.207587
0.222031 , 0.227203
0.202659 , 0.209398
0.213224 , 0.219064
0.206344 , 0.212756
0.202257 , 0.209033
0.237159 , 0.241342
0.197932 , 0.205112
0.209728 , 0.215853
0.196781 , 0.204072
0.190834 , 0.198724
0.223986 , 0.22902
0.2119 , 0.217846
0.213224 , 0.219064
0.201458 , 0.208307
0.231677 , 0.236197
0.216841 , 0.222398
0.205514 , 0.211999
0.181446 , 0.190368
0.198706 , 0.205812
0.217302 , 0.222824
0.231145 , 0.235699
0.205514 , 0.211999
0.208023 , 0.214291
0.194141 , 0.201693
0.187621 , 0.195851
0.216841 , 0.222398
0.215017 , 0.220715
0.195265 , 0.202705
0.204281 , 0.210875
0.20718 , 0.21352
0.222031 , 0.227203
0.199095 , 0.206164
0.204691 , 0.211248
0.212339 , 0.21825
0.181446 , 0.190368
0.215925 , 0.221552
0.183809 , 0.192461
0.208023 , 0.214291
0.186918 , 0.195225
0.189753 , 0.197756
0.232749 , 0.237201
0.218698 , 0.224114
0.21367 , 0.219473
0.203873 , 0.210503
0.215925 , 0.221552
0.209299 , 0.21546
0.199485 , 0.206518
0.235482 , 0.239765
0.190834 , 0.198724
0.231677 , 0.236197
0.2119 , 0.217846
0.203062 , 0.209765
0.23009 , 0.234712
0.208023 , 0.214291
0.181781 , 0.190664
0.203062 , 0.209765
0.203873 , 0.210503
0.21367 , 0.219473
0.211026 , 0.217043
0.198706 , 0.205812
0.197547 , 0.204764
