0.0739954 , 0.06551 , 0.100657
0.0817956 , 0.0853102 , 0.173052
0.0817956 , 0.0834549 , 0.145031
0.0917169 , 0.0928644 , 0.100657
0.0704334 , 0.0725659 , 0.0304735
0.0775981 , 0.0725659 , 0.121479
0.0836398 , 0.0585935 , 0.0637685
0.0819795 , 0.0853102 , 0.0816118
0.0829007 , 0.0743538 , 0.100657
0.077236 , 0.0501211 , 0.145031
0.0810612 , 0.0779608 , 0
0.0739954 , 0.0637685 , 0.0467815
0.077236 , 0.0890597 , 0.100657
0.0792335 , 0.100657 , 0.0816118
0.0711427 , 0.0690194 , 0.0467815
0.0858693 , 0.106683 , 0.0467815
0.0834549 , 0.10873 , 0.121479
0.0716756 , 0.06551 , 0.145031
0.0928644 , 0.0797806 , 0.0816118
0.0766935 , 0.0620354 , 0.0816118
0.0858693 , 0.0834549 , 0.0637685
0.0756114 , 0.0603105 , 0.0304735
0.0868037 , 0.100657 , 0.0148094
0.0911452 , 0.0779608 , 0.173052
0.0781422 , 0.0816118 , 0.145031
0.0894376 , 0.104656 , 0.100657
0.0817956 , 0.100657 , 0.0637685
0.0765129 , 0.076152 , 0.173052
0.0794157 , 0.0816118 , 0.145031
0.0731012 , 0.076152 , 0.0816118
0.0777794 , 0.0928644 , 0.0467815
0.0702563 , 0.0672602 , 0.121479
0.0729227 , 0.0890597 , 0.0816118
0.0834549 , 0.0816118 , 0.121479
0.0849382 , 0.0834549 , 0.0637685
0.0777794 , 0.0743538 , 0.0816118
0.076152 , 0.0890597 , 0.100657
0.0688431 , 0.0568843 , 0.0637685
0.0709652 , 0.06551 , 0.0304735
0.0658594 , 0.0518012 , 0.0637685
0.0794157 , 0.0986846 , 0.0637685
0.0670848 , 0.0603105 , 0.0467815
0.0854965 , 0.100657 , 0.100657
0.0920988 , 0.0928644 , 0.0816118
0.066384 , 0.06551 , 0.145031
0.0568843 , 0.0451217 , 0.0467815
0.0801459 , 0.0928644 , 0.0148094
0.0856828 , 0.0909549 , 0.0816118
0.0830853 , 0.0834549 , 0.145031
0.0836398 , 0.0967286 , 0
0.0777794 , 0.0797806 , 0.121479
0.0777794 , 0.0779608 , 0.100657
0.0892486 , 0.076152 , 0.0816118
0.0697257 , 0.0603105 , 0.0816118
0.0829007 , 0.06551 , 0.0637685
0.0785055 , 0.0707879 , 0.0304735
0.0697257 , 0.0707879 , 0.0148094
0.0723876 , 0.104656 , 0.0637685
0.0879293 , 0.0779608 , 0.0148094
0.0731012 , 0.0551826 , 0.0304735
0.0917169 , 0.0909549 , 0.0637685
0.0704334 , 0.0967286 , 0.100657
0.0806947 , 0.0725659 , 0.121479
0.0825318 , 0.0890597 , 0.121479
0.0836398 , 0.0725659 , 0.121479
0.0775981 , 0.0797806 , 0.265213
0.0860559 , 0.076152 , 0.100657
0.084381 , 0.112887 , 0
0.0884939 , 0.0779608 , 0.173052
0.0716756 , 0.10873 , 0.0467815
0.088871 , 0.110798 , 0.0467815
0.0963394 , 0.0871784 , 0.173052
0.0699025 , 0.0834549 , 0.0467815
0.0775981 , 0.0816118 , 0.100657
0.0785055 , 0.0871784 , 0
0.0716756 , 0.076152 , 0.0816118
0.086991 , 0.102648 , 0.121479
0.0838249 , 0.0928644 , 0.173052
0.0637685 , 0.0534883 , 0
0.0699025 , 0.0620354 , 0.0816118
0.0896268 , 0.104656 , 0.121479
0.076152 , 0.0871784 , 0.0816118
0.0858693 , 0.102648 , 0.0816118
0.0853102 , 0.0637685 , 0.121479
0.0838249 , 0.0834549 , 0.0816118
0.0841955 , 0.114999 , 0.0467815
0.0866165 , 0.0928644 , 0.100657
0.0723876 , 0.0585935 , 0.0637685
0.0713202 , 0.06551 , 0.100657
0.0942098 , 0.104656 , 0.145031
0.0754314 , 0.0743538 , 0
0.0681387 , 0.0672602 , 0.0467815
0.0781422 , 0.0672602 , 0.0467815
0.0779608 , 0.0890597 , 0.100657
0.0684907 , 0.0551826 , 0.0304735
0.0909549 , 0.0928644 , 0.100657
0.0792335 , 0.06551 , 0.121479
0.0816118 , 0.06551 , 0.0304735
0.0785055 , 0.0797806 , 0.0637685
0.0841955 , 0.0585935 , 0.0816118
