0.169664 , 0.169968 , 0.265213
0.187621 , 0.18622 , 0.209299
0.161709 , 0.189753 , 0.100657
0.166661 , 0.155561 , 0.145031
0.165479 , 0.155561 , 0.0304735
0.162282 , 0.164016 , 0.173052
0.177177 , 0.205101 , 0.145031
0.163146 , 0.189753 , 0.265213
0.175256 , 0.161139 , 0.265213
0.180116 , 0.176213 , 0.209299
0.162858 , 0.164016 , 0.100657
0.164599 , 0.169968 , 0.121479
0.164016 , 0.147593 , 0.209299
0.184151 , 0.179457 , 0.173052
0.164599 , 0.137598 , 0.265213
0.158043 , 0.158322 , 1
0.188682 , 0.209299 , 0.145031
0.172119 , 0.169968 , 0.121479
0.158043 , 0.161139 , 0.100657
0.160571 , 0.137598 , 0.173052
0.160287 , 0.161139 , 0.0816118
0.174939 , 0.173052 , 0.145031
0.174939 , 0.197164 , 0.265213
0.161424 , 0.182791 , 0.265213
0.175893 , 0.209299 , 0.209299
0.171809 , 0.155561 , 0.209299
0.151787 , 0.145031 , 0.173052
0.1775 , 0.201061 , 0.209299
0.146563 , 0.176213 , 0.121479
0.157211 , 0.158322 , 0.265213
0.164308 , 0.142513 , 0.173052
0.183469 , 0.155561 , 0.100657
0.138325 , 0.147593 , 0.145031
0.173677 , 0.166958 , 0.0467815
0.144271 , 0.152855 , 0.145031
0.14889 , 0.1502 , 0.0816118
0.160287 , 0.140036 , 0.173052
0.169058 , 0.158322 , 0.0637685
0.158043 , 0.147593 , 0.209299
0.17274 , 0.145031 , 0.209299
0.178149 , 0.158322 , 0.173052
0.138325 , 0.166958 , 0.209299
0.14837 , 0.164016 , 0.173052
0.176533 , 0.182791 , 0.173052
0.175893 , 0.205101 , 0.173052
0.170579 , 0.179457 , 0.0637685
0.176855 , 0.164016 , 0.173052
0.173992 , 0.137598 , 0.173052
0.151256 , 0.147593 , 0.145031
0.173677 , 0.169968 , 0.209299
0.159441 , 0.179457 , 0.145031
0.161424 , 0.18622 , 0.265213
0.164892 , 0.176213 , 0.209299
0.174306 , 0.176213 , 0.0816118
0.191561 , 0.189753 , 0.173052
0.164892 , 0.18622 , 0.265213
0.161995 , 0.137598 , 0.173052
0.155835 , 0.12593 , 0.173052
0.166661 , 0.155561 , 0.209299
0.172429 , 0.176213 , 0.209299
0.173677 , 0.173052 , 0.145031
0.192292 , 0.201061 , 0.173052
0.151256 , 0.158322 , 0.145031
0.147851 , 0.140036 , 0.173052
0.171193 , 0.152855 , 0.145031
0.178801 , 0.164016 , 0.173052
0.170579 , 0.158322 , 0.121479
0.164892 , 0.164016 , 0.145031
0.14889 , 0.169968 , 0.173052
0.158601 , 0.189753 , 0.173052
0.170273 , 0.155561 , 0.145031
0.155288 , 0.147593 , 0.145031
0.15888 , 0.152855 , 0.145031
0.168154 , 0.158322 , 0.265213
0.165479 , 0.155561 , 0.173052
0.173677 , 0.164016 , 1
0.170886 , 0.193398 , 0.145031
0.189038 , 0.201061 , 0.209299
0.162858 , 0.164016 , 0.0816118
0.164308 , 0.161139 , 0.145031
0.160571 , 0.179457 , 0.209299
0.169361 , 0.173052 , 0.0816118
0.168455 , 0.152855 , 0.145031
0.144271 , 0.169968 , 0.121479
0.168154 , 0.169968 , 0.265213
0.166364 , 0.193398 , 0.265213
0.150991 , 0.155561 , 0.145031
0.161995 , 0.179457 , 1
0.165479 , 0.176213 , 0.173052
0.15888 , 0.161139 , 0.145031
0.153662 , 0.189753 , 0.121479
0.164599 , 0.152855 , 0.265213
0.169664 , 0.137598 , 0.173052
0.168756 , 0.166958 , 0.173052
0.193769 , 0.179457 , 1
0.185181 , 0.223004 , 1
0.186918 , 0.209299 , 0.265213
0.157211 , 0.1502 , 0.209299
0.175893 , 0.21367 , 0.145031
0.15888 , 0.147593 , 0.209299
