0.145031 , 0.137598 , 0.173052
0.147851 , 0.145031 , 0.173052
0.149675 , 0.155561 , 0.173052
0.155288 , 0.164016 , 0.265213
0.143264 , 0.135197 , 0.121479
0.14554 , 0.130499 , 0.145031
0.13979 , 0.135197 , 0.209299
0.147335 , 0.130499 , 0.100657
0.151787 , 0.169968 , 0.0637685
0.166364 , 0.182791 , 0.100657
0.144524 , 0.12593 , 0.209299
0.160287 , 0.166958 , 0.173052
0.143264 , 0.137598 , 0.145031
0.14889 , 0.147593 , 0.209299
0.131894 , 0.0986846 , 0.121479
0.141269 , 0.142513 , 0.173052
0.160005 , 0.18622 , 0.173052
0.155016 , 0.166958 , 0.173052
0.137356 , 0.158322 , 0.145031
0.127971 , 0.164016 , 0.0816118
0.15888 , 0.158322 , 0.265213
0.13979 , 0.140036 , 0.173052
0.168455 , 0.161139 , 0.265213
0.141022 , 0.152855 , 0.145031
0.164892 , 0.147593 , 0.0816118
0.155016 , 0.152855 , 0.209299
0.135435 , 0.137598 , 0.145031
0.139056 , 0.137598 , 0.173052
0.14837 , 0.176213 , 0.173052
0.160287 , 0.161139 , 0.173052
0.136874 , 0.12593 , 0.173052
0.134959 , 0.158322 , 0.173052
0.139545 , 0.1502 , 0.100657
0.166661 , 0.169968 , 1
0.144524 , 0.173052 , 0.100657
0.139545 , 0.152855 , 0.100657
0.139056 , 0.117134 , 0.173052
0.141269 , 0.1282 , 0.173052
0.143515 , 0.137598 , 0.100657
0.135197 , 0.1282 , 0.145031
0.15888 , 0.152855 , 0.145031
0.144271 , 0.106683 , 0.209299
0.144524 , 0.137598 , 0.145031
0.147851 , 0.145031 , 0.265213
0.144524 , 0.140036 , 0.173052
0.140036 , 0.130499 , 0.173052
0.128886 , 0.10873 , 0.0816118
0.164892 , 0.155561 , 0.265213
0.123691 , 0.137598 , 0.0816118
0.140528 , 0.137598 , 0.100657
0.142763 , 0.1282 , 0.145031
0.161995 , 0.173052 , 0.265213
0.154473 , 0.152855 , 0.100657
0.170273 , 0.176213 , 0.173052
0.147593 , 0.155561 , 0.145031
0.143515 , 0.145031 , 0.265213
0.134721 , 0.114999 , 0.145031
0.131428 , 0.119294 , 0.121479
0.147335 , 0.201061 , 0.121479
0.147335 , 0.161139 , 0.173052
0.168756 , 0.197164 , 0.145031
0.14863 , 0.132831 , 0.145031
0.153124 , 0.142513 , 0.145031
0.14682 , 0.145031 , 0.145031
0.140036 , 0.137598 , 0.100657
0.129806 , 0.166958 , 0.100657
0.1502 , 0.18622 , 0.265213
0.149151 , 0.135197 , 0.100657
0.130963 , 0.130499 , 0.0637685
0.140036 , 0.155561 , 0.0467815
0.144271 , 0.152855 , 0.173052
0.1393 , 0.10873 , 0.265213
0.157211 , 0.158322 , 0.209299
0.163726 , 0.182791 , 0.265213
0.150727 , 0.155561 , 0.145031
0.153392 , 0.158322 , 0.100657
0.14682 , 0.169968 , 0.145031
0.134246 , 0.12593 , 0.209299
0.149675 , 0.145031 , 0.100657
0.130268 , 0.130499 , 0.209299
0.149675 , 0.130499 , 0.121479
0.1502 , 0.152855 , 0.173052
0.146306 , 0.152855 , 0.121479
0.12548 , 0.145031 , 0.0816118
0.153662 , 0.182791 , 0.173052
0.150463 , 0.119294 , 0.121479
0.142263 , 0.161139 , 0.265213
0.135197 , 0.152855 , 0.145031
0.149151 , 0.1502 , 0.265213
0.142263 , 0.158322 , 0.209299
0.144524 , 0.169968 , 0.265213
0.147077 , 0.166958 , 0.209299
0.136393 , 0.114999 , 0.209299
0.149151 , 0.132831 , 0.100657
0.146306 , 0.142513 , 0.100657
0.151521 , 0.135197 , 0.121479
0.139056 , 0.145031 , 0.145031
0.12104 , 0.112887 , 0.209299
0.138082 , 0.147593 , 0.0816118
0.146563 , 0.176213 , 0.0816118
