0.0860559 , 0.0743538 , 0.100657
0.0849382 , 0.0834549 , 0.100657
0.0992746 , 0.112887 , 0.145031
0.0940172 , 0.0603105 , 0.0637685
0.0777794 , 0.0797806 , 0.121479
0.102248 , 0.0672602 , 0.0637685
0.0814282 , 0.0603105 , 0.0467815
0.1075 , 0.135197 , 0.209299
0.077417 , 0.076152 , 0.0304735
0.0938247 , 0.119294 , 0.0467815
0.0903849 , 0.102648 , 0.100657
0.0984882 , 0.0853102 , 0.100657
0.0894376 , 0.106683 , 0.145031
0.0913356 , 0.0797806 , 0.265213
0.096145 , 0.0909549 , 0.121479
0.0957567 , 0.0853102 , 0.0467815
0.0845666 , 0.123691 , 0.0148094
0.0928644 , 0.0967286 , 0.0637685
0.115637 , 0.119294 , 0.121479
0.114575 , 0.0797806 , 0.121479
0.0955628 , 0.106683 , 0.0304735
0.0973137 , 0.0890597 , 0.209299
0.0858693 , 0.0986846 , 0.121479
0.112258 , 0.0890597 , 0
0.101054 , 0.104656 , 0.100657
0.0884939 , 0.0672602 , 0.0816118
0.109349 , 0.10873 , 0.100657
0.0996688 , 0.102648 , 0.121479
0.0903849 , 0.0871784 , 0.145031
0.0890597 , 0.100657 , 0.0816118
0.112258 , 0.106683 , 0.173052
0.101451 , 0.121479 , 0.173052
0.0963394 , 0.0947887 , 0.100657
0.0917169 , 0.0743538 , 0.100657
0.0911452 , 0.0743538 , 0.121479
0.097509 , 0.076152 , 0.0467815
0.114787 , 0.12593 , 0.121479
0.0969235 , 0.0947887 , 0.121479
0.113308 , 0.140036 , 0.145031
0.0890597 , 0.0816118 , 0.0816118
0.0930561 , 0.110798 , 0.0637685
0.0969235 , 0.119294 , 0.0637685
0.101849 , 0.0986846 , 0.100657
0.0990778 , 0.104656 , 0.0816118
0.111631 , 0.102648 , 0.121479
0.11692 , 0.104656 , 0.121479
0.0944026 , 0.0947887 , 0.0304735
0.100459 , 0.100657 , 0.173052
0.11059 , 0.132831 , 0.0816118
0.104051 , 0.0928644 , 0.121479
0.0986846 , 0.0928644 , 0.0816118
0.102049 , 0.110798 , 0.0467815
0.104858 , 0.112887 , 0.100657
0.093248 , 0.117134 , 0.145031
0.0875536 , 0.0725659 , 0.0816118
0.096145 , 0.0672602 , 0.145031
0.0957567 , 0.106683 , 0.0637685
0.105465 , 0.0871784 , 0.145031
0.100064 , 0.106683 , 0.173052
0.0979002 , 0.0871784 , 0.145031
0.0920988 , 0.0947887 , 0.0148094
0.109349 , 0.0871784 , 0.100657
0.10506 , 0.0871784 , 0.145031
0.0795981 , 0.076152 , 0.0816118
0.109349 , 0.12593 , 0.100657
0.0965339 , 0.0871784 , 0.0637685
0.0944026 , 0.100657 , 0.0816118
0.100261 , 0.0871784 , 0.173052
0.093248 , 0.0909549 , 0.100657
0.10165 , 0.110798 , 0.121479
0.0879293 , 0.0743538 , 0.0637685
0.105262 , 0.0967286 , 0.0467815
0.0905747 , 0.0947887 , 0.0816118
0.0984882 , 0.106683 , 0.0304735
0.102448 , 0.0871784 , 0.0467815
0.101253 , 0.0947887 , 0.209299
0.0854965 , 0.0909549 , 0.0467815
0.095369 , 0.0672602 , 0.0637685
0.0994716 , 0.0834549 , 0.265213
0.0871784 , 0.0816118 , 0.0816118
0.102049 , 0.112887 , 0.0304735
0.0977045 , 0.137598 , 0.0304735
0.100064 , 0.0797806 , 0.100657
0.0884939 , 0.0890597 , 0.0467815
0.109349 , 0.119294 , 0.121479
0.0901951 , 0.0909549 , 0.145031
0.116277 , 0.102648 , 0.100657
0.0986846 , 0.0928644 , 0.0637685
0.0864295 , 0.0947887 , 0.121479
0.096145 , 0.0909549 , 0.145031
0.10648 , 0.0743538 , 0.265213
0.106683 , 0.10873 , 0.145031
0.0979002 , 0.0690194 , 0.100657
0.0915262 , 0.0797806 , 0.100657
0.0951754 , 0.117134 , 0.0467815
0.100856 , 0.114999 , 0.145031
0.0920988 , 0.106683 , 0.0637685
0.10648 , 0.0909549 , 0.100657
0.100856 , 0.0779608 , 0.209299
0.0971185 , 0.119294 , 0.0637685
