0.190473 , 0.244787 , 0.173052
0.178149 , 0.179457 , 0.209299
0.197547 , 0.209299 , 0.265213
0.192292 , 0.182791 , 0.145031
0.165773 , 0.169968 , 0.209299
0.188327 , 0.164016 , 0.209299
0.184493 , 0.169968 , 0.265213
0.160005 , 0.173052 , 0.121479
0.188682 , 0.201061 , 0.145031
0.169058 , 0.182791 , 0.145031
0.18622 , 0.18622 , 0.209299
0.175893 , 0.209299 , 0.145031
0.183469 , 0.1502 , 0.265213
0.20718 , 0.176213 , 0.145031
0.166364 , 0.169968 , 0.145031
0.178149 , 0.169968 , 0.145031
0.178801 , 0.142513 , 0.209299
0.178149 , 0.179457 , 0.145031
0.167256 , 0.166958 , 0.265213
0.178801 , 0.158322 , 0.209299
0.185873 , 0.173052 , 0.265213
0.201061 , 0.223004 , 0.209299
0.162858 , 0.155561 , 0.209299
0.173992 , 0.21367 , 0.209299
0.187269 , 0.173052 , 0.209299
0.171809 , 0.166958 , 0.209299
0.173052 , 0.18622 , 0.209299
0.201458 , 0.223004 , 0.100657
0.175893 , 0.130499 , 0.265213
0.184493 , 0.197164 , 0.173052
0.174306 , 0.166958 , 0.265213
0.185873 , 0.173052 , 0.265213
0.185526 , 0.201061 , 0.265213
0.173364 , 0.161139 , 0.265213
0.197547 , 0.182791 , 0.265213
0.183129 , 0.179457 , 0.145031
0.189038 , 0.197164 , 0.121479
0.180116 , 0.173052 , 0.145031
0.181112 , 0.193398 , 0.209299
0.194514 , 0.201061 , 0.173052
0.1964 , 0.21367 , 0.265213
0.180447 , 0.18622 , 0.145031
0.1775 , 0.158322 , 0.121479
0.192292 , 0.18622 , 0.0816118
0.209728 , 0.244787 , 0.145031
0.171193 , 0.209299 , 0.0816118
0.203873 , 0.228014 , 0.265213
0.191561 , 0.164016 , 0.145031
0.185526 , 0.21367 , 0.265213
0.176213 , 0.179457 , 0.209299
0.186569 , 0.169968 , 1
0.174622 , 0.228014 , 0.121479
0.180447 , 0.169968 , 0.173052
0.183129 , 0.201061 , 0.173052
0.168756 , 0.18622 , 0.173052
0.201061 , 0.176213 , 0.173052
0.193398 , 0.182791 , 0.145031
0.184836 , 0.176213 , 0.209299
0.1775 , 0.164016 , 0.173052
0.177177 , 0.18622 , 0.173052
0.172119 , 0.182791 , 0.145031
0.185181 , 0.21367 , 0.265213
0.184836 , 0.182791 , 0.0467815
0.188327 , 0.205101 , 0.265213
0.189753 , 0.169968 , 0.265213
0.191197 , 0.21367 , 1
0.187973 , 0.176213 , 0.173052
0.172119 , 0.18622 , 0.265213
0.193028 , 0.201061 , 0.173052
0.191926 , 0.189753 , 0.209299
0.18622 , 0.193398 , 0.173052
0.191926 , 0.189753 , 0.100657
0.193398 , 0.197164 , 0.173052
0.199095 , 0.205101 , 0.173052
0.191926 , 0.166958 , 0.173052
0.1775 , 0.179457 , 0.209299
0.187973 , 0.152855 , 0.145031
0.180447 , 0.197164 , 0.145031
0.205928 , 0.244787 , 0.121479
0.171809 , 0.176213 , 0.173052
0.20027 , 0.201061 , 0.145031
0.164892 , 0.176213 , 0.173052
0.187621 , 0.173052 , 0.145031
0.170579 , 0.152855 , 0.121479
0.183469 , 0.179457 , 0.145031
0.181781 , 0.173052 , 0.209299
0.193028 , 0.176213 , 0.209299
0.173364 , 0.155561 , 0.0637685
0.187621 , 0.18622 , 0.173052
0.179457 , 0.164016 , 0.145031
0.175893 , 0.166958 , 0.0816118
0.197164 , 0.201061 , 0.145031
0.198706 , 0.189753 , 0.0637685
0.173364 , 0.173052 , 0.145031
0.185873 , 0.18622 , 0.265213
0.197932 , 0.179457 , 0.145031
0.194514 , 0.182791 , 1
0.168154 , 0.182791 , 0.173052
0.190112 , 0.182791 , 0.209299
0.187621 , 0.21367 , 0.173052
