0.138568 , 0.140036 , 1
0.137115 , 0.147593 , 0.0637685
0.132831 , 0.147593 , 0.145031
0.133537 , 0.152855 , 0.173052
0.127288 , 0.110798 , 0.121479
0.124807 , 0.145031 , 0.100657
0.12548 , 0.137598 , 0.145031
0.135913 , 0.137598 , 0.0467815
0.123246 , 0.114999 , 0.209299
0.14605 , 0.147593 , 0.173052
0.119729 , 0.104656 , 0.0816118
0.115637 , 0.147593 , 0.121479
0.109969 , 0.110798 , 0.173052
0.135913 , 0.1282 , 0.0816118
0.121699 , 0.117134 , 0.173052
0.127971 , 0.117134 , 0.121479
0.12548 , 0.102648 , 0.100657
0.124807 , 0.130499 , 0.173052
0.131195 , 0.104656 , 0.173052
0.133773 , 0.145031 , 0.209299
0.114363 , 0.0986846 , 0.0148094
0.124583 , 0.12593 , 0.100657
0.120165 , 0.102648 , 0.121479
0.112887 , 0.0928644 , 0.0816118
0.14554 , 0.155561 , 0.121479
0.12236 , 0.137598 , 0.145031
0.129576 , 0.110798 , 0.121479
0.12436 , 0.114999 , 0.0816118
0.117995 , 0.117134 , 0.0148094
0.119947 , 0.137598 , 0.209299
0.144271 , 0.10873 , 0.145031
0.121479 , 0.137598 , 0.0816118
0.115637 , 0.112887 , 0
0.118427 , 0.104656 , 0.0816118
0.124583 , 0.140036 , 0.173052
0.129346 , 0.106683 , 0.209299
0.118427 , 0.145031 , 0.173052
0.121699 , 0.0967286 , 0.145031
0.151256 , 0.1502 , 0.145031
0.127971 , 0.130499 , 0.100657
0.135435 , 0.1502 , 0.100657
0.127743 , 0.132831 , 0.145031
0.113308 , 0.135197 , 0.209299
0.117779 , 0.100657 , 0.121479
0.117564 , 0.112887 , 0.145031
0.147077 , 0.137598 , 0.173052
0.132831 , 0.10873 , 0.209299
0.117564 , 0.130499 , 0.209299
0.117134 , 0.130499 , 0.209299
0.129346 , 0.135197 , 0.121479
0.143013 , 0.147593 , 0.265213
0.12236 , 0.137598 , 0.121479
0.129116 , 0.123691 , 0.100657
0.117779 , 0.137598 , 0.121479
0.126608 , 0.112887 , 0.100657
0.12214 , 0.114999 , 0.145031
0.130037 , 0.123691 , 0.121479
0.117779 , 0.121479 , 0.0816118
0.127516 , 0.1282 , 0.173052
0.123468 , 0.123691 , 0.173052
0.138812 , 0.140036 , 0.209299
0.146563 , 0.169968 , 0.145031
0.124583 , 0.119294 , 0.0816118
0.127061 , 0.100657 , 0.0816118
0.130963 , 0.147593 , 0.145031
0.128657 , 0.152855 , 0.145031
0.130731 , 0.152855 , 0.173052
0.129116 , 0.155561 , 0.145031
0.134721 , 0.12593 , 0.209299
0.112049 , 0.117134 , 0.265213
0.126608 , 0.147593 , 0.121479
0.123246 , 0.114999 , 0.145031
0.11059 , 0.123691 , 0.0148094
0.118643 , 0.0871784 , 0.145031
0.14605 , 0.137598 , 0.173052
0.118211 , 0.106683 , 0.0816118
0.116277 , 0.106683 , 0.100657
0.121259 , 0.104656 , 0.0816118
0.126156 , 0.164016 , 0.173052
0.136393 , 0.140036 , 0.121479
0.119294 , 0.132831 , 0.173052
0.119729 , 0.0890597 , 0.145031
0.121919 , 0.142513 , 0.121479
0.121699 , 0.140036 , 0.121479
0.140775 , 0.140036 , 0.100657
0.1282 , 0.140036 , 0.121479
0.13401 , 0.135197 , 0.145031
0.110798 , 0.100657 , 0.0816118
0.112468 , 0.10873 , 0.0816118
0.12104 , 0.137598 , 0.209299
0.104253 , 0.110798 , 0.209299
0.123913 , 0.123691 , 0.145031
0.124807 , 0.147593 , 0.100657
0.135674 , 0.12593 , 1
0.117779 , 0.076152 , 0.209299
0.129806 , 0.114999 , 0.209299
0.142014 , 0.152855 , 0.0637685
0.113308 , 0.12593 , 0.0467815
0.125256 , 0.147593 , 0.0467815
0.129576 , 0.135197 , 0.145031
