0.291783 , 0.281986 , 0.265213
0.259304 , 0.273197 , 0.209299
0.273197 , 0.273197 , 0.265213
0.276606 , 0.281986 , 1
0.279254 , 0.265213 , 1
0.302883 , 0.265213 , 1
0.260745 , 0.251105 , 1
0.312997 , 0.350305 , 0.209299
0.291783 , 0.265213 , 0.209299
0.299393 , 0.376355 , 1
0.250454 , 0.265213 , 0.265213
0.287727 , 0.265213 , 0.265213
0.30054 , 0.315738 , 0.265213
0.27748 , 0.302883 , 1
0.317145 , 0.315738 , 1
0.315738 , 0.350305 , 1
0.278362 , 0.257886 , 0.173052
0.274885 , 0.257886 , 0.265213
0.264453 , 0.273197 , 0.209299
0.247263 , 0.244787 , 1
0.271542 , 0.291783 , 0.265213
0.270725 , 0.302883 , 0.265213
0.262951 , 0.265213 , 1
0.272366 , 0.238866 , 1
0.255798 , 0.244787 , 1
0.298262 , 0.302883 , 0.265213
0.30408 , 0.257886 , 0.265213
0.27748 , 0.281986 , 0.265213
0.287727 , 0.281986 , 1
0.299393 , 0.315738 , 0.265213
0.287727 , 0.273197 , 1
0.284808 , 0.265213 , 0.265213
0.269916 , 0.291783 , 1
0.257184 , 0.273197 , 0.209299
0.284808 , 0.291783 , 1
0.314356 , 0.315738 , 0.265213
0.318578 , 0.302883 , 1
0.299393 , 0.244787 , 0.265213
0.278362 , 0.238866 , 1
0.26221 , 0.265213 , 1
0.311661 , 0.315738 , 1
0.274885 , 0.265213 , 0.265213
0.291783 , 0.315738 , 1
0.249164 , 0.257886 , 0.265213
0.270725 , 0.238866 , 1
0.282916 , 0.257886 , 0.265213
0.292828 , 0.291783 , 1
0.251105 , 0.257886 , 0.265213
0.260745 , 0.291783 , 0.265213
0.296046 , 0.265213 , 1
0.263699 , 0.218231 , 0.209299
0.284808 , 0.273197 , 1
0.283857 , 0.302883 , 1
0.321523 , 0.315738 , 0.265213
0.306529 , 0.273197 , 1
0.269916 , 0.273197 , 0.265213
0.286742 , 0.291783 , 1
0.292828 , 0.291783 , 0.265213
0.263699 , 0.238866 , 0.173052
0.273197 , 0.281986 , 0.265213
0.292828 , 0.315738 , 0.265213
0.30408 , 0.315738 , 0.265213
0.27748 , 0.251105 , 0.265213
0.264453 , 0.265213 , 0.265213
0.309054 , 0.291783 , 1
0.297146 , 0.281986 , 1
0.263699 , 0.265213 , 0.265213
0.286742 , 0.331091 , 1
0.307782 , 0.281986 , 1
0.287727 , 0.251105 , 0.265213
0.29075 , 0.281986 , 1
0.266753 , 0.257886 , 0.209299
0.253087 , 0.251105 , 0.173052
0.288722 , 0.281986 , 0.265213
0.269115 , 0.273197 , 1
0.306529 , 0.291783 , 1
0.276606 , 0.302883 , 0.265213
0.315738 , 0.331091 , 1
0.284808 , 0.273197 , 0.173052
0.244787 , 0.265213 , 0.173052
0.274037 , 0.273197 , 1
0.259304 , 0.251105 , 1
0.318578 , 0.350305 , 1
0.299393 , 0.281986 , 0.265213
0.257886 , 0.251105 , 1
0.281065 , 0.238866 , 1
0.286742 , 0.273197 , 0.265213
0.267534 , 0.265213 , 1
0.297146 , 0.315738 , 0.265213
0.271542 , 0.350305 , 0.265213
0.287727 , 0.265213 , 1
0.273197 , 0.281986 , 1
0.310347 , 0.257886 , 0.265213
0.257184 , 0.218231 , 0.265213
0.291783 , 0.302883 , 0.265213
0.257184 , 0.244787 , 0.265213
0.294959 , 0.265213 , 0.209299
0.273197 , 0.281986 , 1
0.244787 , 0.233289 , 1
0.274885 , 0.238866 , 1
