0.223986 , 0.265213 , 0.265213
0.270725 , 0.257886 , 0.265213
0.255113 , 0.251105 , 1
0.242972 , 0.257886 , 1
0.228529 , 0.228014 , 0.265213
0.228014 , 0.193398 , 1
0.242972 , 0.209299 , 1
0.217302 , 0.205101 , 0.265213
0.2454 , 0.233289 , 0.265213
0.251105 , 0.281986 , 1
0.244178 , 0.228014 , 0.145031
0.2119 , 0.169968 , 1
0.224481 , 0.238866 , 0.265213
0.229047 , 0.238866 , 0.209299
0.260745 , 0.244787 , 1
0.221068 , 0.21367 , 0.173052
0.278362 , 0.291783 , 1
0.224481 , 0.218231 , 1
0.255113 , 0.238866 , 1
0.226484 , 0.21367 , 0.173052
0.241191 , 0.281986 , 1
0.259304 , 0.291783 , 0.209299
0.209299 , 0.21367 , 0.209299
0.231677 , 0.238866 , 0.265213
0.246638 , 0.244787 , 0.265213
0.254433 , 0.228014 , 0.209299
0.233833 , 0.223004 , 0.265213
0.228529 , 0.228014 , 0.265213
0.271542 , 0.331091 , 0.265213
0.21547 , 0.223004 , 0.265213
0.253758 , 0.233289 , 0.265213
0.244787 , 0.209299 , 0.265213
0.246638 , 0.244787 , 0.265213
0.252422 , 0.238866 , 0.265213
0.236597 , 0.257886 , 1
0.269115 , 0.350305 , 1
0.247263 , 0.265213 , 0.265213
0.286742 , 0.273197 , 1
0.259304 , 0.281986 , 1
0.233289 , 0.228014 , 0.265213
0.263699 , 0.257886 , 0.209299
0.251105 , 0.251105 , 0.265213
0.223986 , 0.244787 , 0.265213
0.232749 , 0.223004 , 0.265213
0.253087 , 0.273197 , 0.265213
0.272366 , 0.273197 , 0.265213
0.251761 , 0.265213 , 0.209299
0.26221 , 0.273197 , 0.173052
0.274037 , 0.302883 , 0.265213
0.235482 , 0.257886 , 0.265213
0.250454 , 0.223004 , 0.265213
0.247893 , 0.228014 , 0.265213
0.255113 , 0.233289 , 1
0.228529 , 0.233289 , 1
0.23009 , 0.233289 , 0.173052
0.279254 , 0.291783 , 1
0.232749 , 0.209299 , 0.265213
0.266753 , 0.315738 , 1
0.240604 , 0.233289 , 0.265213
0.251105 , 0.302883 , 0.173052
0.228529 , 0.218231 , 0.209299
0.255113 , 0.273197 , 0.173052
0.239442 , 0.257886 , 0.265213
0.230616 , 0.21367 , 1
0.235482 , 0.233289 , 1
0.253087 , 0.281986 , 0.265213
0.238866 , 0.228014 , 1
0.238866 , 0.223004 , 0.265213
0.235482 , 0.251105 , 0.209299
0.240604 , 0.228014 , 0.209299
0.279254 , 0.281986 , 1
0.231145 , 0.265213 , 0.209299
0.250454 , 0.281986 , 0.209299
0.279254 , 0.281986 , 0.265213
0.228529 , 0.251105 , 0.265213
0.230616 , 0.223004 , 0.209299
0.264453 , 0.251105 , 1
0.235482 , 0.281986 , 0.173052
0.251105 , 0.273197 , 0.265213
0.258592 , 0.257886 , 0.265213
0.241781 , 0.223004 , 0.265213
0.253087 , 0.233289 , 1
0.234929 , 0.244787 , 0.100657
0.247893 , 0.302883 , 0.265213
0.239442 , 0.233289 , 0.265213
0.258592 , 0.257886 , 1
0.227501 , 0.233289 , 0.173052
0.241781 , 0.257886 , 0.209299
0.256489 , 0.331091 , 0.265213
0.285769 , 0.273197 , 0.265213
0.249164 , 0.21367 , 1
0.237159 , 0.233289 , 0.265213
0.250454 , 0.265213 , 0.209299
0.237725 , 0.228014 , 1
0.208446 , 0.228014 , 1
0.229567 , 0.244787 , 0.265213
0.229047 , 0.223004 , 0.209299
0.250454 , 0.238866 , 0.265213
0.253087 , 0.233289 , 0.209299
0.248526 , 0.251105 , 0.265213
