0.0414933 , 0.0849308
0.0370828 , 0.0823138
0.0439638 , 0.0864143
0.0383848 , 0.0830822
0.0365956 , 0.0820271
0.0434686 , 0.0861159
0.0380589 , 0.0828895
0.0388741 , 0.0833718
0.0351374 , 0.0811719
0.0516328 , 0.091104
0.0328793 , 0.0798556
0.0332011 , 0.0800426
0.0405092 , 0.0843434
0.0424798 , 0.0855216
0.0319153 , 0.0792967
0.0380589 , 0.0828895
0.0320758 , 0.0793896
0.0352992 , 0.0812665
0.045619 , 0.0874155
0.041165 , 0.0847346
0.0375706 , 0.0826012
0.0382218 , 0.0829858
0.0348141 , 0.0809828
0.0433036 , 0.0860166
0.040018 , 0.0840509
0.036109 , 0.0817412
0.0416576 , 0.085029
0.0446251 , 0.0868136
0.0307935 , 0.0786484
0.0385478 , 0.0831786
0.0364333 , 0.0819317
0.0285593 , 0.077364
0.0317548 , 0.0792038
0.0457848 , 0.0875162
0.0434686 , 0.0861159
0.0340068 , 0.0805116
0.0466152 , 0.088021
0.0314341 , 0.0790183
0.0429739 , 0.0858183
0.045619 , 0.0874155
0.0299941 , 0.0781878
0.0356229 , 0.0814562
0.048782 , 0.0893455
0.0352992 , 0.0812665
0.0497859 , 0.0899627
0.0514646 , 0.0909997
0.034491 , 0.0807941
0.0479472 , 0.088834
0.0403454 , 0.0842458
0.0377333 , 0.0826973
0.0451217 , 0.0871141
0.0392006 , 0.0835654
0.0403454 , 0.0842458
0.0477805 , 0.088732
0.0320758 , 0.0793896
0.0466152 , 0.088021
0.0416576 , 0.085029
0.036109 , 0.0817412
0.0429739 , 0.0858183
0.0486149 , 0.089243
0.0424798 , 0.0855216
0.0486149 , 0.089243
0.040837 , 0.0845388
0.0543346 , 0.0927876
0.0479472 , 0.088834
0.0298344 , 0.0780959
0.0405092 , 0.0843434
0.0282411 , 0.0771818
0.0338455 , 0.0804177
0.0328793 , 0.0798556
0.0380589 , 0.0828895
0.0451217 , 0.0871141
0.0506244 , 0.0904799
0.0268126 , 0.076366
0.0467815 , 0.0881223
0.0380589 , 0.0828895
0.0387109 , 0.0832752
0.049451 , 0.0897565
0.0396909 , 0.0838565
0.0282411 , 0.0771818
0.0385478 , 0.0831786
0.0457848 , 0.0875162
0.0401817 , 0.0841483
0.0479472 , 0.088834
0.0359469 , 0.0816461
0.0424798 , 0.0855216
0.0444597 , 0.0867136
0.0327184 , 0.0797622
0.0457848 , 0.0875162
0.044129 , 0.086514
0.0335232 , 0.08023
0.0383848 , 0.0830822
0.0271296 , 0.0765467
0.0314341 , 0.0790183
0.0467815 , 0.0881223
0.0282411 , 0.0771818
0.046449 , 0.0879198
0.0374079 , 0.0825053
0.0403454 , 0.0842458
0.0387109 , 0.0832752
