0.0188176 , 0.0718615
0.0149626 , 0.0697233
0.0108489 , 0.0674627
0.0222453 , 0.0737805
0.0205274 , 0.0728165
0.0257051 , 0.0757359
0.0172704 , 0.0710009
0.0227152 , 0.0740449
0.0230288 , 0.0742216
0.0199047 , 0.0724682
0.0189727 , 0.071948
0.0255472 , 0.0756462
0.0180431 , 0.0714303
0.0122143 , 0.0682108
0.0149626 , 0.0697233
0.0266542 , 0.0762757
0.0192831 , 0.0721211
0.0172704 , 0.0710009
0.0216197 , 0.0734289
0.0205274 , 0.0728165
0.0214634 , 0.0733412
0.0175793 , 0.0711725
0.0189727 , 0.071948
0.0202159 , 0.0726422
0.0211511 , 0.073166
0.0106976 , 0.0673799
0.022872 , 0.0741333
0.0291963 , 0.0777293
0.021776 , 0.0735167
0.0219323 , 0.0736045
0.024916 , 0.0752882
0.0188176 , 0.0718615
0.0188176 , 0.0718615
0.0206832 , 0.0729038
0.0174248 , 0.0710867
0.0263376 , 0.0760955
0.0230288 , 0.0742216
0.0224019 , 0.0738686
0.0175793 , 0.0711725
0.0231857 , 0.0743101
0.0148094 , 0.0696387
0.0160376 , 0.0703176
0.0188176 , 0.0718615
0.0234997 , 0.0744872
0.0260212 , 0.0759155
0.0172704 , 0.0710009
0.0252315 , 0.0754671
0.0149626 , 0.0697233
0.0197492 , 0.0723813
0.0202159 , 0.0726422
0.0263376 , 0.0760955
0.0268126 , 0.076366
0.0234997 , 0.0744872
0.0177338 , 0.0712583
0.0255472 , 0.0756462
0.0231857 , 0.0743101
0.0185076 , 0.0716888
0.0346525 , 0.0808884
0.0177338 , 0.0712583
0.0202159 , 0.0726422
0.0272882 , 0.0766372
0.022872 , 0.0741333
0.0239712 , 0.0747535
0.0146561 , 0.0695542
0.015116 , 0.069808
0.0194384 , 0.0722078
0.0169618 , 0.0708297
0.0206832 , 0.0729038
0.0192831 , 0.0721211
0.0231857 , 0.0743101
0.0255472 , 0.0756462
0.0200603 , 0.0725552
0.0195938 , 0.0722945
0.0149626 , 0.0697233
0.0311137 , 0.0788332
0.0166535 , 0.0706587
0.0185076 , 0.0716888
0.014503 , 0.0694697
0.0157302 , 0.0701474
0.0272882 , 0.0766372
0.0209951 , 0.0730785
0.0169618 , 0.0708297
0.0222453 , 0.0737805
0.0152694 , 0.0698928
0.0216197 , 0.0734289
0.0244433 , 0.0750205
0.0149626 , 0.0697233
0.0178885 , 0.0713443
0.0242859 , 0.0749315
0.0138911 , 0.0691325
0.0177338 , 0.0712583
0.0172704 , 0.0710009
0.0230288 , 0.0742216
0.0227152 , 0.0740449
0.0160376 , 0.0703176
0.0236568 , 0.0745759
0.0211511 , 0.073166
0.0192831 , 0.0721211
0.0172704 , 0.0710009
0.00994199 , 0.066967
