0.0644641 , 0.0992513
0.0597946 , 0.0962416
0.066384 , 0.100504
0.0622083 , 0.0977909
0.0533193 , 0.092153
0.0556923 , 0.0936401
0.0683147 , 0.101772
0.05808 , 0.0951494
0.0575671 , 0.0948241
0.0662091 , 0.100389
0.0725659 , 0.104597
0.0597946 , 0.0962416
0.0711427 , 0.103647
0.0629009 , 0.098238
0.0562027 , 0.0939616
0.0553525 , 0.0934263
0.0491163 , 0.0895508
0.0572255 , 0.0946078
0.0556923 , 0.0936401
0.0524752 , 0.0916271
0.0616898 , 0.0974569
0.0484479 , 0.0891406
0.0573963 , 0.0947159
0.057738 , 0.0949324
0.0656847 , 0.100047
0.0524752 , 0.0916271
0.0674357 , 0.101194
0.0539958 , 0.0925756
0.0637685 , 0.0987996
0.0641161 , 0.0990252
0.0550129 , 0.0932129
0.0469478 , 0.0882236
0.0481141 , 0.0889361
0.0572255 , 0.0946078
0.0618626 , 0.0975681
0.0469478 , 0.0882236
0.0653355 , 0.0998187
0.0603105 , 0.0965716
0.0704334 , 0.103175
0.0548432 , 0.0931064
0.0615171 , 0.0973458
0.059451 , 0.0960222
0.0479472 , 0.088834
0.0604826 , 0.0966818
0.0550129 , 0.0932129
0.0688431 , 0.102121
0.0526438 , 0.0917321
0.057738 , 0.0949324
0.0519696 , 0.091313
0.0587649 , 0.0955849
0.0591078 , 0.0958033
0.0536574 , 0.0923641
0.0622083 , 0.0977909
0.0511283 , 0.0907915
0.0620354 , 0.0976794
0.0688431 , 0.102121
0.0639423 , 0.0989124
0.06551 , 0.0999325
0.0534883 , 0.0922585
0.0656847 , 0.100047
0.0472807 , 0.0884267
0.0562027 , 0.0939616
0.0570549 , 0.0944998
0.0560325 , 0.0938543
0.0632477 , 0.0984623
0.0497859 , 0.0899627
0.0506244 , 0.0904799
0.0511283 , 0.0907915
0.0496184 , 0.0898595
0.0630743 , 0.0983501
0.0670848 , 0.100963
0.0648124 , 0.0994778
0.0489491 , 0.0894481
0.0467815 , 0.0881223
0.0592794 , 0.0959127
0.0634212 , 0.0985746
0.0579089 , 0.0950409
0.0531503 , 0.0920476
0.0584223 , 0.0953669
0.0582511 , 0.0952581
0.0514646 , 0.0909997
0.0667342 , 0.100733
0.06551 , 0.0999325
0.0528126 , 0.0918372
0.0584223 , 0.0953669
0.0538266 , 0.0924698
0.0641161 , 0.0990252
0.06551 , 0.0999325
0.0511283 , 0.0907915
0.0622083 , 0.0977909
0.048782 , 0.0893455
0.0686668 , 0.102005
0.0518012 , 0.0912084
0.0629009 , 0.098238
0.0476138 , 0.0886301
0.0536574 , 0.0923641
0.0518012 , 0.0912084
0.0567138 , 0.0942842
0.0608271 , 0.0969027
0.0567138 , 0.0942842
