0.0280821 , 0.0770908
0.0370828 , 0.0823138
0.0298344 , 0.0780959
0.034491 , 0.0807941
0.0279232 , 0.0769999
0.0266542 , 0.0762757
0.0304735 , 0.0784639
0.0231857 , 0.0743101
0.0285593 , 0.077364
0.0303137 , 0.0783718
0.0369204 , 0.0822181
0.0357849 , 0.0815511
0.0271296 , 0.0765467
0.0276056 , 0.0768184
0.0206832 , 0.0729038
0.0336843 , 0.0803238
0.0227152 , 0.0740449
0.0322363 , 0.0794826
0.0233427 , 0.0743986
0.0374079 , 0.0825053
0.0338455 , 0.0804177
0.029037 , 0.0776378
0.0220888 , 0.0736925
0.0285593 , 0.077364
0.0288777 , 0.0775465
0.0306335 , 0.0785561
0.032397 , 0.0795758
0.0224019 , 0.0738686
0.0343295 , 0.0806998
0.0255472 , 0.0756462
0.0322363 , 0.0794826
0.0261794 , 0.0760055
0.0317548 , 0.0792038
0.0284001 , 0.0772728
0.0252315 , 0.0754671
0.0236568 , 0.0745759
0.0332011 , 0.0800426
0.040837 , 0.0845388
0.0343295 , 0.0806998
0.0341681 , 0.0806057
0.0320758 , 0.0793896
0.0311137 , 0.0788332
0.0357849 , 0.0815511
0.0304735 , 0.0784639
0.0341681 , 0.0806057
0.0332011 , 0.0800426
0.0284001 , 0.0772728
0.0291963 , 0.0777293
0.0332011 , 0.0800426
0.0291963 , 0.0777293
0.0307935 , 0.0786484
0.0312739 , 0.0789257
0.0335232 , 0.08023
0.0250737 , 0.0753776
0.0320758 , 0.0793896
0.0276056 , 0.0768184
0.0280821 , 0.0770908
0.029037 , 0.0776378
0.0298344 , 0.0780959
0.0279232 , 0.0769999
0.0255472 , 0.0756462
0.0311137 , 0.0788332
0.0250737 , 0.0753776
0.0293558 , 0.0778208
0.0261794 , 0.0760055
0.0317548 , 0.0792038
0.0307935 , 0.0786484
0.0325577 , 0.079669
0.036109 , 0.0817412
0.0307935 , 0.0786484
0.0343295 , 0.0806998
0.0315944 , 0.079111
0.0279232 , 0.0769999
0.0299941 , 0.0781878
0.0330401 , 0.0799491
0.0257051 , 0.0757359
0.0426444 , 0.0856204
0.0319153 , 0.0792967
0.0352992 , 0.0812665
0.0359469 , 0.0816461
0.0263376 , 0.0760955
0.0272882 , 0.0766372
0.0332011 , 0.0800426
0.0314341 , 0.0790183
0.0271296 , 0.0765467
0.0312739 , 0.0789257
0.0291963 , 0.0777293
0.0253893 , 0.0755566
0.029037 , 0.0776378
0.0230288 , 0.0742216
0.0288777 , 0.0775465
0.0301539 , 0.0782797
0.0335232 , 0.08023
0.0301539 , 0.0782797
0.0359469 , 0.0816461
0.0307935 , 0.0786484
0.0365956 , 0.0820271
0.0309535 , 0.0787407
0.0271296 , 0.0765467
0.0287184 , 0.0774552
