0.0994716 , 0.123484
0.0977045 , 0.122191
0.093248 , 0.118962
0.0871784 , 0.11464
0.0940172 , 0.119516
0.0854965 , 0.113458
0.0768742 , 0.107505
0.0944026 , 0.119795
0.0944026 , 0.119795
0.0779608 , 0.108245
0.0930561 , 0.118824
0.096145 , 0.121056
0.0864295 , 0.114113
0.0860559 , 0.11385
0.0930561 , 0.118824
0.0884939 , 0.11557
0.0944026 , 0.119795
0.0808779 , 0.110247
0.0821635 , 0.111135
0.0951754 , 0.120353
0.0864295 , 0.114113
0.0881174 , 0.115303
0.0969235 , 0.121622
0.0973137 , 0.121906
0.0864295 , 0.114113
0.0864295 , 0.114113
0.0836398 , 0.112161
0.0854965 , 0.113458
0.0702563 , 0.103057
0.100261 , 0.124065
0.0992746 , 0.12334
0.0963394 , 0.121197
0.0909549 , 0.117319
0.0903849 , 0.116913
0.0866165 , 0.114244
0.100064 , 0.123919
0.0982921 , 0.12262
0.0856828 , 0.113589
0.097509 , 0.122049
0.0934401 , 0.119101
0.0845666 , 0.112807
0.0816118 , 0.110754
0.0838249 , 0.11229
0.0827162 , 0.111519
0.0864295 , 0.114113
0.0803287 , 0.109868
0.0896268 , 0.116373
0.0841955 , 0.112548
0.0745331 , 0.105919
0.0919078 , 0.118001
0.0799632 , 0.109617
0.0707879 , 0.10341
0.0973137 , 0.121906
0.0860559 , 0.11385
0.0951754 , 0.120353
0.094982 , 0.120213
0.0915262 , 0.117727
0.0862427 , 0.113982
0.0834549 , 0.112032
0.0894376 , 0.116239
0.0969235 , 0.121622
0.0990778 , 0.123196
0.100657 , 0.124356
0.0785055 , 0.108617
0.0894376 , 0.116239
0.0854965 , 0.113458
0.0851241 , 0.113197
0.0905747 , 0.117048
0.0830853 , 0.111775
0.0845666 , 0.112807
0.0907647 , 0.117183
0.0779608 , 0.108245
0.0930561 , 0.118824
0.0900056 , 0.116643
0.0821635 , 0.111135
0.0841955 , 0.112548
0.0881174 , 0.115303
0.0901951 , 0.116777
0.0763324 , 0.107136
0.0786873 , 0.108742
0.0801459 , 0.109742
0.0942098 , 0.119655
0.0847523 , 0.112937
0.0900056 , 0.116643
0.0917169 , 0.117864
0.0890597 , 0.115971
0.0856828 , 0.113589
0.0890597 , 0.115971
0.0871784 , 0.11464
0.0849382 , 0.113067
0.0896268 , 0.116373
0.0718535 , 0.104121
0.0913356 , 0.117591
0.0851241 , 0.113197
0.0858693 , 0.113719
0.066384 , 0.100504
0.0765129 , 0.107259
0.0913356 , 0.117591
0.077236 , 0.107751
0.0930561 , 0.118824
