0.00131517 , 0.0622932
0.0014617 , 0.0623721
0.00116873 , 0.0622145
0.00175499 , 0.0625299
0 , 0.0615864
0.00131517 , 0.0622932
0 , 0.0615864
0.00219552 , 0.0627671
0.0020486 , 0.062688
0.000437676 , 0.0618215
0.000583728 , 0.0619
0.00175499 , 0.0625299
0 , 0.0615864
0.00102236 , 0.0621357
0 , 0.0615864
0 , 0.0615864
0.00116873 , 0.0622145
0.000729858 , 0.0619785
0.0024896 , 0.0629255
0.00307871 , 0.0632431
0 , 0.0615864
0.000145812 , 0.0616647
0.00116873 , 0.0622145
0.00175499 , 0.0625299
0 , 0.0615864
0.000729858 , 0.0619785
0 , 0.0615864
0 , 0.0615864
0 , 0.0615864
0.000583728 , 0.0619
0.000437676 , 0.0618215
0 , 0.0615864
0.00116873 , 0.0622145
0.000437676 , 0.0618215
0.000876069 , 0.0620571
0.000729858 , 0.0619785
0.000437676 , 0.0618215
0 , 0.0615864
0.000729858 , 0.0619785
0 , 0.0615864
0.00411264 , 0.0638013
0.00131517 , 0.0622932
0.00234252 , 0.0628463
0.0048535 , 0.0642018
0 , 0.0615864
0 , 0.0615864
0.0014617 , 0.0623721
0 , 0.0615864
0.00337373 , 0.0634023
0.00219552 , 0.0627671
0.000876069 , 0.0620571
0 , 0.0615864
0 , 0.0615864
0.000145812 , 0.0616647
0.0014617 , 0.0623721
0.00160831 , 0.0624509
0.000291705 , 0.0617431
0.00219552 , 0.0627671
0 , 0.0615864
0 , 0.0615864
0.0024896 , 0.0629255
0 , 0.0615864
0.000437676 , 0.0618215
0.000145812 , 0.0616647
0.000729858 , 0.0619785
0.00116873 , 0.0622145
0.000437676 , 0.0618215
0.00175499 , 0.0625299
0.00131517 , 0.0622932
0.000583728 , 0.0619
0.00116873 , 0.0622145
0.000876069 , 0.0620571
0.000583728 , 0.0619
0 , 0.0615864
0 , 0.0615864
0.00160831 , 0.0624509
0.000583728 , 0.0619
0.00307871 , 0.0632431
0.00604289 , 0.0648458
0.00175499 , 0.0625299
0.00190176 , 0.0626089
0.000437676 , 0.0618215
0 , 0.0615864
0.00116873 , 0.0622145
0.00131517 , 0.0622932
0.000729858 , 0.0619785
0.000145812 , 0.0616647
0 , 0.0615864
0.000876069 , 0.0620571
0.000291705 , 0.0617431
0.00102236 , 0.0621357
0.00352135 , 0.063482
0.000876069 , 0.0620571
0.000583728 , 0.0619
0 , 0.0615864
0.00102236 , 0.0621357
0.000145812 , 0.0616647
0 , 0.0615864
0.0020486 , 0.062688
0.0014617 , 0.0623721
