0.12104 , 0.139833
0.126835 , 0.144396
0.105465 , 0.127923
0.137598 , 0.153047
0.115212 , 0.135315
0.116491 , 0.136301
0.124136 , 0.142263
0.119947 , 0.13898
0.1393 , 0.154436
0.131894 , 0.148435
0.113098 , 0.133694
0.132831 , 0.149188
0.112049 , 0.132894
0.14889 , 0.162358
0.139545 , 0.154636
0.11886 , 0.138135
0.135197 , 0.151098
0.129116 , 0.14621
0.130037 , 0.146946
0.123913 , 0.142087
0.123246 , 0.141562
0.129346 , 0.146394
0.129346 , 0.146394
0.142263 , 0.156866
0.1282 , 0.14548
0.129806 , 0.146761
0.117349 , 0.136964
0.122803 , 0.141214
0.117995 , 0.137464
0.141269 , 0.156049
0.116705 , 0.136466
0.128657 , 0.145844
0.1075 , 0.129449
0.136393 , 0.152067
0.118643 , 0.137967
0.123246 , 0.141562
0.119729 , 0.13881
0.131894 , 0.148435
0.134959 , 0.150905
0.131661 , 0.148247
0.119294 , 0.138472
0.114363 , 0.134663
0.123913 , 0.142087
0.143767 , 0.158105
0.120383 , 0.13932
0.111214 , 0.132258
0.121919 , 0.140521
0.127288 , 0.144756
0.12436 , 0.142439
0.133302 , 0.149567
0.124583 , 0.142615
0.111631 , 0.132576
0.13401 , 0.150138
0.133302 , 0.149567
0.131195 , 0.147874
0.127288 , 0.144756
0.127288 , 0.144756
0.134483 , 0.150521
0.121699 , 0.140349
0.119511 , 0.138641
0.1393 , 0.154436
0.127516 , 0.144936
0.12214 , 0.140694
0.145795 , 0.159783
0.11886 , 0.138135
0.131894 , 0.148435
0.143264 , 0.15769
0.135913 , 0.151678
0.123691 , 0.141912
0.141766 , 0.156457
0.127971 , 0.145299
0.126156 , 0.143858
0.120383 , 0.13932
0.118643 , 0.137967
0.124583 , 0.142615
0.123024 , 0.141388
0.105465 , 0.127923
0.140036 , 0.155038
0.137115 , 0.152654
0.11059 , 0.131785
0.11692 , 0.136632
0.139545 , 0.154636
0.121259 , 0.140005
0.119947 , 0.13898
0.12436 , 0.142439
0.121479 , 0.140176
0.138325 , 0.15364
0.125705 , 0.143501
0.125256 , 0.143146
0.127743 , 0.145117
0.11692 , 0.136632
0.12236 , 0.140867
0.119511 , 0.138641
0.119077 , 0.138303
0.123913 , 0.142087
0.116705 , 0.136466
0.135197 , 0.151098
0.136393 , 0.152067
0.128886 , 0.146027
0.117134 , 0.136797
