0.1502 , 0.163452
0.147335 , 0.161062
0.162282 , 0.173684
0.136874 , 0.152458
0.161139 , 0.172705
0.157488 , 0.169595
0.156935 , 0.169126
0.14811 , 0.161708
0.189395 , 0.197436
0.136153 , 0.151873
0.144524 , 0.158731
0.144777 , 0.15894
0.163146 , 0.174425
0.156659 , 0.168892
0.157765 , 0.169831
0.152855 , 0.16568
0.137356 , 0.15285
0.153392 , 0.166132
0.151256 , 0.164337
0.152053 , 0.165006
0.151521 , 0.16456
0.132362 , 0.148811
0.163436 , 0.174673
0.161139 , 0.172705
0.156109 , 0.168426
0.128428 , 0.145662
0.164016 , 0.175171
0.138082 , 0.153442
0.152855 , 0.16568
0.142014 , 0.156661
0.13979 , 0.154837
0.162282 , 0.173684
0.15888 , 0.170779
0.132831 , 0.149188
0.165479 , 0.17643
0.163436 , 0.174673
0.152855 , 0.16568
0.156935 , 0.169126
0.155288 , 0.167732
0.145285 , 0.159361
0.154473 , 0.167043
0.14811 , 0.161708
0.150727 , 0.163894
0.161995 , 0.173438
0.154202 , 0.166815
0.149937 , 0.163232
0.160005 , 0.171737
0.140528 , 0.155441
0.138568 , 0.153838
0.145285 , 0.159361
0.13784 , 0.153244
0.170579 , 0.180842
0.138325 , 0.15364
0.139056 , 0.154236
0.130268 , 0.147131
0.145285 , 0.159361
0.13784 , 0.153244
0.147335 , 0.161062
0.140282 , 0.155239
0.156109 , 0.168426
0.151521 , 0.16456
0.138568 , 0.153838
0.155561 , 0.167963
0.137356 , 0.15285
0.136633 , 0.152263
0.154473 , 0.167043
0.143767 , 0.158105
0.150991 , 0.164115
0.1502 , 0.163452
0.14889 , 0.162358
0.138325 , 0.15364
0.150727 , 0.163894
0.16257 , 0.17393
0.140528 , 0.155441
0.144524 , 0.158731
0.150727 , 0.163894
0.159723 , 0.171497
0.140036 , 0.155038
0.147851 , 0.161492
0.152855 , 0.16568
0.124807 , 0.142791
0.133773 , 0.149947
0.153931 , 0.166587
0.134483 , 0.150521
0.14837 , 0.161924
0.159441 , 0.171257
0.142263 , 0.156866
0.128886 , 0.146027
0.144524 , 0.158731
0.137598 , 0.153047
0.154744 , 0.167272
0.149413 , 0.162794
0.1502 , 0.163452
0.147077 , 0.160847
0.126382 , 0.144037
0.141269 , 0.156049
0.154202 , 0.166815
0.13401 , 0.150138
0.124583 , 0.142615
0.151521 , 0.16456
