0.144524 , 0.158731
0.147335 , 0.161062
0.126835 , 0.144396
0.142763 , 0.157277
0.129576 , 0.146577
0.123468 , 0.141737
0.126382 , 0.144037
0.124583 , 0.142615
0.142263 , 0.156866
0.130037 , 0.146946
0.149151 , 0.162576
0.160854 , 0.172462
0.132128 , 0.148622
0.117779 , 0.137297
0.149937 , 0.163232
0.155016 , 0.167502
0.149675 , 0.163013
0.131195 , 0.147874
0.138325 , 0.15364
0.138082 , 0.153442
0.123468 , 0.141737
0.127288 , 0.144756
0.140775 , 0.155643
0.140036 , 0.155038
0.139056 , 0.154236
0.147851 , 0.161492
0.129346 , 0.146394
0.132362 , 0.148811
0.130268 , 0.147131
0.143264 , 0.15769
0.130037 , 0.146946
0.147335 , 0.161062
0.149151 , 0.162576
0.154202 , 0.166815
0.130037 , 0.146946
0.134246 , 0.150329
0.152587 , 0.165455
0.139545 , 0.154636
0.140775 , 0.155643
0.131428 , 0.14806
0.133537 , 0.149757
0.168154 , 0.178739
0.119947 , 0.13898
0.147593 , 0.161276
0.126835 , 0.144396
0.141269 , 0.156049
0.126608 , 0.144216
0.157211 , 0.16936
0.149937 , 0.163232
0.14554 , 0.159572
0.149413 , 0.162794
0.143013 , 0.157484
0.142263 , 0.156866
0.12548 , 0.143323
0.136393 , 0.152067
0.1282 , 0.14548
0.156109 , 0.168426
0.138082 , 0.153442
0.126835 , 0.144396
0.136393 , 0.152067
0.144524 , 0.158731
0.147335 , 0.161062
0.138568 , 0.153838
0.135197 , 0.151098
0.134246 , 0.150329
0.132596 , 0.148999
0.109762 , 0.131156
0.128657 , 0.145844
0.123246 , 0.141562
0.149151 , 0.162576
0.144019 , 0.158313
0.144271 , 0.158522
0.133302 , 0.149567
0.122581 , 0.14104
0.145795 , 0.159783
0.144019 , 0.158313
0.135913 , 0.151678
0.141269 , 0.156049
0.143264 , 0.15769
0.120383 , 0.13932
0.131428 , 0.14806
0.137598 , 0.153047
0.147593 , 0.161276
0.129806 , 0.146761
0.133773 , 0.149947
0.125256 , 0.143146
0.115637 , 0.135642
0.130499 , 0.147316
0.141517 , 0.156253
0.142763 , 0.157277
0.131195 , 0.147874
0.131428 , 0.14806
0.133066 , 0.149377
0.126382 , 0.144037
0.125031 , 0.142968
0.143767 , 0.158105
0.140775 , 0.155643
0.135674 , 0.151485
0.130963 , 0.147687
0.128657 , 0.145844
