0.115212 , 0.135315
0.129806 , 0.146761
0.108114 , 0.129912
0.10587 , 0.128227
0.0994716 , 0.123484
0.101253 , 0.124795
0.120383 , 0.13932
0.111214 , 0.132258
0.106887 , 0.128989
0.109142 , 0.130688
0.0967286 , 0.12148
0.096145 , 0.121056
0.0898161 , 0.116508
0.10873 , 0.130377
0.10506 , 0.127621
0.100261 , 0.124065
0.0969235 , 0.121622
0.109349 , 0.130844
0.112678 , 0.133373
0.100856 , 0.124502
0.117134 , 0.136797
0.111006 , 0.1321
0.108114 , 0.129912
0.108936 , 0.130532
0.0928644 , 0.118687
0.103048 , 0.126123
0.0990778 , 0.123196
0.10873 , 0.130377
0.111423 , 0.132417
0.104051 , 0.126869
0.108319 , 0.130067
0.10506 , 0.127621
0.119511 , 0.138641
0.10165 , 0.125089
0.105667 , 0.128075
0.116491 , 0.136301
0.10506 , 0.127621
0.109349 , 0.130844
0.111214 , 0.132258
0.0996688 , 0.123629
0.117349 , 0.136964
0.0909549 , 0.117319
0.101054 , 0.124649
0.11059 , 0.131785
0.11059 , 0.131785
0.102448 , 0.125679
0.0957567 , 0.120774
0.106887 , 0.128989
0.107295 , 0.129296
0.109142 , 0.130688
0.109762 , 0.131156
0.10506 , 0.127621
0.101849 , 0.125236
0.120602 , 0.139491
0.110383 , 0.131627
0.109142 , 0.130688
0.124807 , 0.142791
0.104656 , 0.12732
0.108114 , 0.129912
0.0973137 , 0.121906
0.123024 , 0.141388
0.0992746 , 0.12334
0.115637 , 0.135642
0.102049 , 0.125383
0.0982921 , 0.12262
0.105465 , 0.127923
0.10506 , 0.127621
0.108114 , 0.129912
0.107909 , 0.129758
0.10506 , 0.127621
0.11184 , 0.132735
0.118427 , 0.137799
0.11184 , 0.132735
0.113308 , 0.133855
0.0971185 , 0.121764
0.111214 , 0.132258
0.100657 , 0.124356
0.105465 , 0.127923
0.107295 , 0.129296
0.107295 , 0.129296
0.107295 , 0.129296
0.106683 , 0.128836
0.116491 , 0.136301
0.102448 , 0.125679
0.121479 , 0.140176
0.104253 , 0.127019
0.112887 , 0.133534
0.101849 , 0.125236
0.0969235 , 0.121622
0.10506 , 0.127621
0.108114 , 0.129912
0.0971185 , 0.121764
0.108525 , 0.130222
0.10648 , 0.128683
0.106887 , 0.128989
0.120821 , 0.139662
0.0834549 , 0.112032
0.0998662 , 0.123774
0.110798 , 0.131942
0.120821 , 0.139662
