0.164892 , 0.175924
0.177824 , 0.187175
0.145285 , 0.159361
0.166661 , 0.177449
0.165479 , 0.17643
0.178801 , 0.188035
0.179786 , 0.188903
0.16257 , 0.17393
0.168455 , 0.179
0.199095 , 0.206164
0.159723 , 0.171497
0.164308 , 0.175422
0.153124 , 0.165906
0.153931 , 0.166587
0.155288 , 0.167732
0.16257 , 0.17393
0.172429 , 0.182452
0.161139 , 0.172705
0.168154 , 0.178739
0.157765 , 0.169831
0.1775 , 0.186891
0.185181 , 0.193679
0.173677 , 0.183542
0.169058 , 0.179522
0.157765 , 0.169831
0.158322 , 0.170304
0.168756 , 0.179261
0.163146 , 0.174425
0.172119 , 0.182182
0.157765 , 0.169831
0.171193 , 0.181376
0.178475 , 0.187748
0.163436 , 0.174673
0.186569 , 0.194914
0.175893 , 0.18548
0.151256 , 0.164337
0.15888 , 0.170779
0.175574 , 0.185201
0.172429 , 0.182452
0.168455 , 0.179
0.161995 , 0.173438
0.177177 , 0.186607
0.161139 , 0.172705
0.163436 , 0.174673
0.159723 , 0.171497
0.164892 , 0.175924
0.190834 , 0.198724
0.161139 , 0.172705
0.153662 , 0.166359
0.162858 , 0.174177
0.160571 , 0.17222
0.176213 , 0.185761
0.184493 , 0.193068
0.191926 , 0.199703
0.142513 , 0.157071
0.155016 , 0.167502
0.141766 , 0.156457
0.178149 , 0.187461
0.173677 , 0.183542
0.164016 , 0.175171
0.177824 , 0.187175
0.177177 , 0.186607
0.150991 , 0.164115
0.14554 , 0.159572
0.164016 , 0.175171
0.166661 , 0.177449
0.175893 , 0.18548
0.166958 , 0.177706
0.15888 , 0.170779
0.164308 , 0.175422
0.153124 , 0.165906
0.181781 , 0.190664
0.168756 , 0.179261
0.160005 , 0.171737
0.152053 , 0.165006
0.176533 , 0.186042
0.147851 , 0.161492
0.178149 , 0.187461
0.158601 , 0.170541
0.142513 , 0.157071
0.168154 , 0.178739
0.161995 , 0.173438
0.168756 , 0.179261
0.173052 , 0.182995
0.174622 , 0.184367
0.164308 , 0.175422
0.157211 , 0.16936
0.169664 , 0.180048
0.146306 , 0.160207
0.169361 , 0.179785
0.173052 , 0.182995
0.175893 , 0.18548
0.159723 , 0.171497
0.19266 , 0.200361
0.164599 , 0.175673
0.160571 , 0.17222
0.163146 , 0.174425
0.160287 , 0.171978
0.172429 , 0.182452
0.163436 , 0.174673
