0.158043 , 0.170067
0.156659 , 0.168892
0.153392 , 0.166132
0.147851 , 0.161492
0.160854 , 0.172462
0.168455 , 0.179
0.150991 , 0.164115
0.165773 , 0.176683
0.171193 , 0.181376
0.150991 , 0.164115
0.14811 , 0.161708
0.157211 , 0.16936
0.165479 , 0.17643
0.1502 , 0.163452
0.146563 , 0.16042
0.14811 , 0.161708
0.159441 , 0.171257
0.159161 , 0.171018
0.177824 , 0.187175
0.154744 , 0.167272
0.164016 , 0.175171
0.15888 , 0.170779
0.165773 , 0.176683
0.14811 , 0.161708
0.159723 , 0.171497
0.158601 , 0.170541
0.150463 , 0.163673
0.166364 , 0.177193
0.161709 , 0.173193
0.160571 , 0.17222
0.167256 , 0.177963
0.147077 , 0.160847
0.177824 , 0.187175
0.157488 , 0.169595
0.169361 , 0.179785
0.159441 , 0.171257
0.153392 , 0.166132
0.144777 , 0.15894
0.158043 , 0.170067
0.171809 , 0.181913
0.158322 , 0.170304
0.159161 , 0.171018
0.149413 , 0.162794
0.156659 , 0.168892
0.149151 , 0.162576
0.155835 , 0.168194
0.171193 , 0.181376
0.141022 , 0.155846
0.147851 , 0.161492
0.155835 , 0.168194
0.152855 , 0.16568
0.143515 , 0.157897
0.153931 , 0.166587
0.160005 , 0.171737
0.149151 , 0.162576
0.136633 , 0.152263
0.150727 , 0.163894
0.159161 , 0.171018
0.171193 , 0.181376
0.159723 , 0.171497
0.171193 , 0.181376
0.166958 , 0.177706
0.153392 , 0.166132
0.145795 , 0.159783
0.149675 , 0.163013
0.155016 , 0.167502
0.159723 , 0.171497
0.158043 , 0.170067
0.155016 , 0.167502
0.165185 , 0.176177
0.14605 , 0.159995
0.141022 , 0.155846
0.14863 , 0.162141
0.151787 , 0.164783
0.140282 , 0.155239
0.142263 , 0.156866
0.165773 , 0.176683
0.14811 , 0.161708
0.180779 , 0.189779
0.155288 , 0.167732
0.161139 , 0.172705
0.14682 , 0.160634
0.145031 , 0.15915
0.166364 , 0.177193
0.156384 , 0.168659
0.158601 , 0.170541
0.13979 , 0.154837
0.165185 , 0.176177
0.157488 , 0.169595
0.155835 , 0.168194
0.14863 , 0.162141
0.155561 , 0.167963
0.150463 , 0.163673
0.155835 , 0.168194
0.160854 , 0.172462
0.132596 , 0.148999
0.173992 , 0.183816
0.157765 , 0.169831
0.173364 , 0.183268
0.171193 , 0.181376
