0.129346 , 0.146394
0.120165 , 0.13915
0.132831 , 0.149188
0.112887 , 0.133534
0.12593 , 0.143679
0.1282 , 0.14548
0.121699 , 0.140349
0.12236 , 0.140867
0.11585 , 0.135807
0.10648 , 0.128683
0.10385 , 0.12672
0.122581 , 0.14104
0.121699 , 0.140349
0.126156 , 0.143858
0.111214 , 0.132258
0.113098 , 0.133694
0.10648 , 0.128683
0.116491 , 0.136301
0.116491 , 0.136301
0.133537 , 0.149757
0.103649 , 0.12657
0.120602 , 0.139491
0.131661 , 0.148247
0.126156 , 0.143858
0.115424 , 0.135479
0.106683 , 0.128836
0.12548 , 0.143323
0.119077 , 0.138303
0.117779 , 0.137297
0.0986846 , 0.122908
0.113519 , 0.134016
0.108319 , 0.130067
0.115212 , 0.135315
0.115212 , 0.135315
0.108936 , 0.130532
0.139056 , 0.154236
0.11394 , 0.134339
0.1282 , 0.14548
0.112887 , 0.133534
0.114363 , 0.134663
0.112468 , 0.133213
0.130499 , 0.147316
0.129346 , 0.146394
0.130037 , 0.146946
0.12593 , 0.143679
0.126156 , 0.143858
0.10165 , 0.125089
0.116491 , 0.136301
0.121479 , 0.140176
0.120602 , 0.139491
0.119511 , 0.138641
0.123024 , 0.141388
0.114575 , 0.134826
0.101849 , 0.125236
0.126382 , 0.144037
0.126835 , 0.144396
0.123691 , 0.141912
0.11585 , 0.135807
0.117349 , 0.136964
0.119294 , 0.138472
0.11585 , 0.135807
0.109969 , 0.131313
0.130037 , 0.146946
0.113729 , 0.134178
0.111423 , 0.132417
0.11585 , 0.135807
0.12548 , 0.143323
0.121479 , 0.140176
0.126156 , 0.143858
0.122581 , 0.14104
0.12236 , 0.140867
0.12436 , 0.142439
0.113519 , 0.134016
0.121699 , 0.140349
0.119729 , 0.13881
0.113098 , 0.133694
0.110798 , 0.131942
0.120383 , 0.13932
0.113308 , 0.133855
0.114999 , 0.135152
0.126156 , 0.143858
0.116064 , 0.135971
0.118643 , 0.137967
0.126835 , 0.144396
0.128886 , 0.146027
0.104858 , 0.12747
0.113519 , 0.134016
0.112468 , 0.133213
0.117779 , 0.137297
0.11059 , 0.131785
0.1282 , 0.14548
0.0998662 , 0.123774
0.118643 , 0.137967
0.129346 , 0.146394
0.122581 , 0.14104
0.143515 , 0.157897
0.125705 , 0.143501
0.108114 , 0.129912
0.119077 , 0.138303
0.1282 , 0.14548
