0.312997 , 0.314334
0.272366 , 0.274869
0.30054 , 0.302167
0.305295 , 0.306805
0.30054 , 0.302167
0.298262 , 0.299948
0.28973 , 0.291654
0.269916 , 0.272513
0.281986 , 0.284151
0.282916 , 0.285051
0.29075 , 0.292644
0.292828 , 0.294662
0.291783 , 0.293646
0.280155 , 0.282381
0.310347 , 0.311741
0.324583 , 0.325693
0.276606 , 0.278955
0.272366 , 0.274869
0.318578 , 0.3198
0.305295 , 0.306805
0.309054 , 0.310477
0.273197 , 0.27567
0.298262 , 0.299948
0.298262 , 0.299948
0.278362 , 0.28065
0.281065 , 0.283261
0.261475 , 0.264418
0.274037 , 0.276479
0.288722 , 0.290676
0.296046 , 0.29779
0.286742 , 0.288756
0.30054 , 0.302167
0.275741 , 0.278121
0.306529 , 0.30801
0.299393 , 0.30105
0.302883 , 0.304451
0.285769 , 0.287814
0.331091 , 0.332089
0.263699 , 0.266547
0.299393 , 0.30105
0.293887 , 0.295691
0.315738 , 0.317018
0.299393 , 0.30105
0.30054 , 0.302167
0.266753 , 0.269475
0.294959 , 0.296734
0.252422 , 0.255781
0.30408 , 0.305619
0.268321 , 0.27098
0.350305 , 0.35103
0.292828 , 0.294662
0.285769 , 0.287814
0.274037 , 0.276479
0.285769 , 0.287814
0.327769 , 0.328823
0.260745 , 0.26372
0.302883 , 0.304451
0.276606 , 0.278955
0.307782 , 0.309234
0.28973 , 0.291654
0.297146 , 0.298862
0.286742 , 0.288756
0.279254 , 0.281511
0.26221 , 0.265121
0.312997 , 0.314334
0.28973 , 0.291654
0.298262 , 0.299948
0.260745 , 0.26372
0.283857 , 0.285961
0.294959 , 0.296734
0.317145 , 0.318396
0.30054 , 0.302167
0.30408 , 0.305619
0.281986 , 0.284151
0.267534 , 0.270224
0.310347 , 0.311741
0.28973 , 0.291654
0.309054 , 0.310477
0.269916 , 0.272513
0.260022 , 0.263028
0.262951 , 0.265831
0.283857 , 0.285961
0.260745 , 0.26372
0.274885 , 0.277296
0.285769 , 0.287814
0.288722 , 0.290676
0.309054 , 0.310477
0.262951 , 0.265831
0.301703 , 0.303301
0.280155 , 0.282381
0.274037 , 0.276479
0.286742 , 0.288756
0.286742 , 0.288756
0.284808 , 0.286882
0.292828 , 0.294662
0.294959 , 0.296734
0.296046 , 0.29779
0.255798 , 0.258997
0.301703 , 0.303301
0.26221 , 0.265121
