0.0686055 , 0.0693705
0.0685226 , 0.0692889
0.0704203 , 0.0711584
0.0655886 , 0.0664001
0.0715796 , 0.0723009
0.068564 , 0.0693297
0.0668405 , 0.0676324
0.0707508 , 0.0714841
0.07065 , 0.0713848
0.0696385 , 0.0703881
0.0676746 , 0.0684536
0.0721546 , 0.0728678
0.0687161 , 0.0694795
0.0692311 , 0.0699868
0.0714624 , 0.0721855
0.0751647 , 0.0758363
0.0758147 , 0.0764775
0.0735378 , 0.0742316
0.0681379 , 0.0689099
0.0726613 , 0.0733673
0.0702487 , 0.0709893
0.0743214 , 0.0750044
0.0716089 , 0.0723298
0.0728715 , 0.0735746
0.0729618 , 0.0736636
0.0716529 , 0.0723732
0.0717852 , 0.0725036
0.0712435 , 0.0719697
0.0719917 , 0.0727072
0.0729317 , 0.0736339
0.0709966 , 0.0717263
0.0717117 , 0.0724311
0.0685502 , 0.0693161
0.0718147 , 0.0725327
0.0638614 , 0.0647005
0.0705781 , 0.0713139
0.0690217 , 0.0697805
0.0680148 , 0.0687887
0.0679875 , 0.0687618
0.0707653 , 0.0714983
0.0713747 , 0.072099
0.0753225 , 0.0759919
0.071477 , 0.0721999
0.0710546 , 0.0717835
0.0722436 , 0.0729555
0.0725267 , 0.0732346
0.0717852 , 0.0725036
0.0668405 , 0.0676324
0.0693292 , 0.0700833
0.0693853 , 0.0701386
0.070722 , 0.0714557
0.0730825 , 0.0737827
0.0680968 , 0.0688695
0.0709821 , 0.071712
0.0731128 , 0.0738125
0.0744454 , 0.0751267
0.0761027 , 0.0767617
0.0711417 , 0.0718693
0.0761348 , 0.0767934
0.066934 , 0.0677244
0.0664286 , 0.0672269
0.0752435 , 0.075914
0.0684262 , 0.0691939
0.0700776 , 0.0708208
0.0673096 , 0.0680943
0.0688826 , 0.0696434
0.0763763 , 0.0770317
0.0723626 , 0.0730728
0.0754174 , 0.0760855
0.0721101 , 0.0728239
0.0724073 , 0.0731169
0.0725267 , 0.0732346
0.0705494 , 0.0712856
0.0706932 , 0.0714273
0.071697 , 0.0724167
0.0707364 , 0.0714699
0.0752435 , 0.075914
0.0629513 , 0.0638053
0.0726613 , 0.0733673
0.0739204 , 0.0746089
0.0690217 , 0.0697805
0.0732642 , 0.0739617
0.0692871 , 0.0700419
0.0723031 , 0.0730142
0.0729769 , 0.0736785
0.0684124 , 0.0691803
0.0791982 , 0.0798172
0.069808 , 0.0705551
0.070823 , 0.0715552
0.0751647 , 0.0758363
0.0710256 , 0.0717549
0.0706788 , 0.0714131
0.0657581 , 0.0665669
0.0697091 , 0.0704576
0.073859 , 0.0745483
0.0728264 , 0.0735301
0.0700065 , 0.0707507
0.071404 , 0.0721278
0.0668672 , 0.0676587
0.0696244 , 0.0703742
