0.0195776 , 0.029689
0.0220382 , 0.0319719
0.0216679 , 0.0316282
0.0220082 , 0.031944
0.021938 , 0.0318789
0.0205043 , 0.0305486
0.0200105 , 0.0300905
0.0202769 , 0.0303377
0.0228127 , 0.0326907
0.0196955 , 0.0297984
0.021528 , 0.0314985
0.019558 , 0.0296708
0.0209803 , 0.0309902
0.0220783 , 0.0320091
0.0218579 , 0.0318046
0.0210498 , 0.0310548
0.0207321 , 0.03076
0.0191464 , 0.029289
0.0208909 , 0.0309073
0.0180071 , 0.0282325
0.0209107 , 0.0309257
0.0196857 , 0.0297893
0.0214482 , 0.0314244
0.0224299 , 0.0323354
0.0203362 , 0.0303927
0.0209604 , 0.0309718
0.0202571 , 0.0303193
0.021548 , 0.031517
0.0197349 , 0.0298349
0.019352 , 0.0294797
0.0212887 , 0.0312764
0.0217979 , 0.0317489
0.0215081 , 0.03148
0.0208015 , 0.0308244
0.0214582 , 0.0314337
0.0190975 , 0.0292436
0.0201189 , 0.0301912
0.020435 , 0.0304844
0.020633 , 0.0306681
0.0209703 , 0.030981
0.0213186 , 0.0313041
0.0194893 , 0.0296071
0.0206627 , 0.0306956
0.0200006 , 0.0300814
0.0208412 , 0.0308612
0.0213884 , 0.0313689
0.0214382 , 0.0314151
0.0202571 , 0.0303193
0.0196857 , 0.0297893
0.0213485 , 0.0313319
0.0204251 , 0.0304752
0.0224098 , 0.0323167
0.0206231 , 0.0306589
0.0211991 , 0.0311932
0.0201189 , 0.0301912
0.0193912 , 0.0295161
0.0204054 , 0.0304569
0.0190388 , 0.0291892
0.0195776 , 0.029689
0.0211792 , 0.0311748
0.020742 , 0.0307692
0.0226312 , 0.0325222
0.0195973 , 0.0297072
0.0206231 , 0.0306589
0.018376 , 0.0285745
0.0200401 , 0.030118
0.0201781 , 0.0302461
0.0208909 , 0.0309073
0.0185997 , 0.028782
0.0215979 , 0.0315633
0.0234096 , 0.0332447
0.0190975 , 0.0292436
0.0184537 , 0.0286466
0.0245204 , 0.0342758
0.0192345 , 0.0293707
0.0200795 , 0.0301546
0.0204548 , 0.0305027
0.0208115 , 0.0308336
0.0234604 , 0.0332918
0.0202275 , 0.0302919
0.0199809 , 0.0300631
0.0221185 , 0.0320464
0.0216479 , 0.0316097
0.0184927 , 0.0286827
0.0202966 , 0.030356
0.0229137 , 0.0327844
0.0209207 , 0.0309349
0.019558 , 0.0296708
0.0217879 , 0.0317396
0.0230754 , 0.0329345
0.02103 , 0.0310363
0.021209 , 0.0312025
0.0243056 , 0.0340764
0.0195384 , 0.0296526
0.0193716 , 0.0294979
0.0200105 , 0.0300905
0.0212289 , 0.031221
0.0210001 , 0.0310087
0.0233488 , 0.0331882
0.0217079 , 0.0316653
