0.0117917 , 0.0138358
0.00973466 , 0.0118387
0.0131651 , 0.0151695
0.0114711 , 0.0135246
0.010539 , 0.0126195
0.0106027 , 0.0126814
0.0111387 , 0.0132018
0.0105572 , 0.0126372
0.0108357 , 0.0129076
0.0112216 , 0.0132823
0.00996839 , 0.0120656
0.0108403 , 0.0129121
0.0133758 , 0.0153741
0.0107259 , 0.0128011
0.011374 , 0.0134302
0.0123632 , 0.0143908
0.0110467 , 0.0131125
0.0100405 , 0.0121356
0.00937706 , 0.0114915
0.0110421 , 0.013108
0.0107077 , 0.0127833
0.0113139 , 0.0133719
0.00985589 , 0.0119564
0.0115778 , 0.0136281
0.0102756 , 0.0123638
0.0098514 , 0.011952
0.0121658 , 0.0141991
0.0131603 , 0.0151648
0.0117777 , 0.0138223
0.011913 , 0.0139536
0.0107396 , 0.0128144
0.0114619 , 0.0135156
0.0102348 , 0.0123242
0.0104207 , 0.0125047
0.0112677 , 0.0133271
0.00969431 , 0.0117995
0.00979749 , 0.0118997
0.00930582 , 0.0114224
0.0105617 , 0.0126416
0.0121236 , 0.0141581
0.00993686 , 0.012035
0.0125189 , 0.0145419
0.00934588 , 0.0114613
0.0121048 , 0.0141399
0.011666 , 0.0137138
0.012302 , 0.0143314
0.0101669 , 0.0122584
0.0123868 , 0.0144137
0.0100631 , 0.0121575
0.0102756 , 0.0123638
0.0114572 , 0.0135111
0.0100134 , 0.0121093
0.0111525 , 0.0132152
0.0119597 , 0.013999
0.010909 , 0.0129788
0.0116521 , 0.0137003
0.0110191 , 0.0130857
0.0113139 , 0.0133719
0.0116567 , 0.0137048
0.0107442 , 0.0128188
0.0107488 , 0.0128232
0.0103572 , 0.012443
0.0102393 , 0.0123286
0.0114341 , 0.0134886
0.0102937 , 0.0123814
0.00929692 , 0.0114138
0.00964056 , 0.0117473
0.0106027 , 0.0126814
0.00904395 , 0.0111682
0.0111157 , 0.0131794
0.0119784 , 0.0140171
0.0116939 , 0.0137409
0.00991886 , 0.0120175
0.00995938 , 0.0120569
0.0104026 , 0.0124871
0.00931027 , 0.0114267
0.00990536 , 0.0120044
0.0108265 , 0.0128987
0.0113925 , 0.0134482
0.00956897 , 0.0116779
0.00981545 , 0.0119171
0.0110237 , 0.0130901
0.0103073 , 0.0123946
0.0116614 , 0.0137093
0.0120486 , 0.0140853
0.012072 , 0.014108
0.00964056 , 0.0117473
0.0106848 , 0.0127612
0.0103617 , 0.0124474
0.0095645 , 0.0116735
0.0105754 , 0.0126549
0.0105071 , 0.0125886
0.0121189 , 0.0141535
0.00977953 , 0.0118823
0.0099819 , 0.0120787
0.0115268 , 0.0135786
0.0102574 , 0.0123462
0.0115546 , 0.0136056
0.00992336 , 0.0120219
0.0117591 , 0.0138042
