0.0616823 , 0.0625574
0.0646218 , 0.0654486
0.0584378 , 0.0593687
0.0595697 , 0.0604808
0.0593045 , 0.0602202
0.0622885 , 0.0631534
0.0605031 , 0.0613981
0.0615019 , 0.06238
0.0656407 , 0.0664514
0.0652643 , 0.0660809
0.0611191 , 0.0620036
0.0620694 , 0.062938
0.0556541 , 0.0566352
0.0592356 , 0.0601525
0.0590064 , 0.0599273
0.0603503 , 0.0612479
0.0559764 , 0.0569515
0.0612982 , 0.0621797
0.0644052 , 0.0652355
0.0569007 , 0.057859
0.0581222 , 0.0590587
0.0580324 , 0.0589704
0.062533 , 0.0633938
0.0607273 , 0.0616185
0.0626311 , 0.0634903
0.0632611 , 0.06411
0.0572199 , 0.0581725
0.0617064 , 0.0625811
0.0622032 , 0.0630695
0.0630626 , 0.0639148
0.0617306 , 0.0626048
0.0594889 , 0.0604014
0.0626065 , 0.0634662
0.0598131 , 0.06072
0.0604325 , 0.0613287
0.058246 , 0.0591802
0.0576746 , 0.0586191
0.0629019 , 0.0637567
0.0630131 , 0.0638661
0.061586 , 0.0624627
0.0622397 , 0.0631054
0.0570216 , 0.0579777
0.065329 , 0.0661446
0.0610001 , 0.0618866
0.0596855 , 0.0605946
0.058517 , 0.0594465
0.0612265 , 0.0621092
0.0659282 , 0.0667343
0.0663228 , 0.0671228
0.0610001 , 0.0618866
0.0583023 , 0.0592356
0.0569336 , 0.0578914
0.0593505 , 0.0602654
0.0605031 , 0.0613981
0.0610357 , 0.0619217
0.0636229 , 0.0644659
0.0629513 , 0.0638053
0.059316 , 0.0602315
0.0624228 , 0.0632855
0.0623617 , 0.0632254
0.0605031 , 0.0613981
0.0621667 , 0.0630336
0.0599993 , 0.060903
0.0597086 , 0.0606173
0.0626065 , 0.0634662
0.05927 , 0.0601863
0.0630008 , 0.0638539
0.0605502 , 0.0614444
0.0600693 , 0.0609718
0.0620088 , 0.0628783
0.0577862 , 0.0587286
0.0598015 , 0.0607086
0.0562791 , 0.0572487
0.0635854 , 0.064429
0.060362 , 0.0612594
0.0658235 , 0.0666312
0.0588579 , 0.0597814
0.0577304 , 0.0586738
0.0583926 , 0.0593243
0.0656017 , 0.0664129
0.0588693 , 0.0597926
0.0572641 , 0.0582159
0.0603737 , 0.061271
0.063648 , 0.0644905
0.0631246 , 0.0639757
0.0626679 , 0.0635266
0.0645325 , 0.0653607
0.063423 , 0.0642692
0.0613101 , 0.0621915
0.0650449 , 0.065865
0.0616823 , 0.0625574
0.0603855 , 0.0612825
0.0616703 , 0.0625455
0.0613939 , 0.0622738
0.0614779 , 0.0623564
0.0608457 , 0.0617349
0.0594773 , 0.06039
0.060456 , 0.0613519
0.0606446 , 0.0615372
0.0627171 , 0.0635749
