0.0788069 , 0.0794309
0.0795238 , 0.0801387
0.0791982 , 0.0798172
0.0814521 , 0.0820433
0.0814879 , 0.0820786
0.0823177 , 0.0828985
0.0826279 , 0.0832051
0.0772062 , 0.0778507
0.0832173 , 0.0837874
0.0835705 , 0.0841366
0.0843226 , 0.08488
0.0792153 , 0.0798341
0.0845315 , 0.0850865
0.0841524 , 0.0847117
0.0785534 , 0.0791805
0.0815058 , 0.0820963
0.0773212 , 0.0779642
0.0839264 , 0.0844883
0.0770097 , 0.0776567
0.0798343 , 0.0804453
0.0816133 , 0.0822025
0.0781337 , 0.0787662
0.0785197 , 0.0791473
0.0856282 , 0.0861707
0.0826829 , 0.0832594
0.0840393 , 0.0845999
0.0805839 , 0.0811856
0.0793008 , 0.0799185
0.0799208 , 0.0805308
0.0833471 , 0.0839158
0.081847 , 0.0824334
0.0849327 , 0.0854831
0.0801119 , 0.0807195
0.0816133 , 0.0822025
0.082245 , 0.0828267
0.076928 , 0.0775761
0.0794551 , 0.0800709
0.0843985 , 0.084955
0.082793 , 0.0833681
0.0834587 , 0.0840261
0.0823359 , 0.0829165
0.0809364 , 0.0815339
0.0770751 , 0.0777213
0.0794894 , 0.0801048
0.0736752 , 0.0743671
0.0838512 , 0.084414
0.0817569 , 0.0823445
0.0785365 , 0.0791639
0.0816312 , 0.0822202
0.0815416 , 0.0821317
0.0831062 , 0.0836777
0.0779501 , 0.078585
0.0824817 , 0.0830606
0.0771078 , 0.0777536
0.0794551 , 0.0800709
0.0799902 , 0.0805993
0.0816133 , 0.0822025
0.0753541 , 0.0760231
0.0768954 , 0.0775439
0.0841902 , 0.0847491
0.0833657 , 0.0839341
0.0793179 , 0.0799354
0.077552 , 0.078192
0.0866307 , 0.0871621
0.0818109 , 0.0823978
0.0798862 , 0.0804966
0.0816312 , 0.0822202
0.0816671 , 0.0822557
0.0825913 , 0.0831689
0.0803386 , 0.0809434
0.0796616 , 0.0802748
0.0810604 , 0.0816564
0.0782006 , 0.0788323
0.0818109 , 0.0823978
0.0803036 , 0.0809088
0.0856282 , 0.0861707
0.0823723 , 0.0829525
0.0806894 , 0.0812898
0.0847222 , 0.0852749
0.0767651 , 0.0774154
0.0837575 , 0.0843214
0.0804961 , 0.081099
0.0775685 , 0.0782083
0.0847795 , 0.0853316
0.0756395 , 0.0763046
0.082977 , 0.08355
0.0735683 , 0.0742617
0.0831617 , 0.0837325
0.0784355 , 0.0790642
0.076344 , 0.0769998
0.0874922 , 0.0880141
0.0831617 , 0.0837325
0.0809187 , 0.0815164
0.0806366 , 0.0812377
0.0786884 , 0.0793139
0.0791811 , 0.0798004
0.0867898 , 0.0873194
0.0793179 , 0.0799354
0.0841524 , 0.0847117
0.079817 , 0.0804282
