0.203488 , 0.203522
0.182752 , 0.182809
0.19187 , 0.191916
0.192879 , 0.192923
0.183238 , 0.183294
0.189733 , 0.189781
0.186626 , 0.186678
0.208496 , 0.208525
0.194331 , 0.194374
0.188243 , 0.188293
0.185582 , 0.185635
0.196944 , 0.196983
0.179945 , 0.180007
0.210308 , 0.210336
0.187517 , 0.187567
0.18473 , 0.184784
0.189923 , 0.18997
0.204016 , 0.204049
0.187878 , 0.187928
0.195617 , 0.195659
0.185754 , 0.185807
0.194331 , 0.194374
0.176605 , 0.176672
0.189356 , 0.189404
0.202452 , 0.202486
0.199489 , 0.199526
0.200453 , 0.20049
0.183565 , 0.183621
0.184227 , 0.184282
0.184561 , 0.184616
0.188243 , 0.188293
0.196055 , 0.196096
0.200453 , 0.20049
0.199728 , 0.199765
0.184561 , 0.184616
0.19497 , 0.195011
0.194756 , 0.194798
0.181954 , 0.182012
0.196944 , 0.196983
0.196275 , 0.196316
0.200944 , 0.20098
0.192675 , 0.192719
0.181639 , 0.181697
0.18645 , 0.186502
0.188611 , 0.18866
0.195617 , 0.195659
0.197852 , 0.19789
0.187697 , 0.187748
0.185068 , 0.185122
0.187337 , 0.187388
0.183238 , 0.183294
0.182112 , 0.18217
0.179197 , 0.17926
0.178461 , 0.178525
0.206196 , 0.206227
0.18541 , 0.185463
0.205365 , 0.205397
0.180248 , 0.180309
0.178608 , 0.178671
0.202197 , 0.202232
0.20021 , 0.200247
0.185068 , 0.185122
0.172602 , 0.172675
0.178026 , 0.17809
0.206477 , 0.206507
0.190114 , 0.190161
0.194331 , 0.194374
0.177452 , 0.177517
0.203751 , 0.203784
0.195184 , 0.195226
0.186803 , 0.186854
0.202452 , 0.202486
0.181015 , 0.181075
0.173244 , 0.173316
0.187158 , 0.18721
0.190114 , 0.190161
0.194121 , 0.194163
0.193289 , 0.193332
0.196497 , 0.196537
0.191672 , 0.191717
0.181796 , 0.181855
0.202709 , 0.202743
0.202197 , 0.202232
0.19187 , 0.191916
0.199489 , 0.199526
0.187337 , 0.187388
0.182913 , 0.18297
0.183075 , 0.183132
0.186275 , 0.186327
0.186803 , 0.186854
0.208201 , 0.208231
0.190498 , 0.190545
0.181954 , 0.182012
0.19187 , 0.191916
0.179495 , 0.179557
0.18473 , 0.184784
0.193703 , 0.193746
0.189356 , 0.189404
0.189168 , 0.189217
0.19207 , 0.192115
