0.117759 , 0.11803
0.121349 , 0.121599
0.117949 , 0.118219
0.120941 , 0.121193
0.12247 , 0.122714
0.127477 , 0.127694
0.127104 , 0.127323
0.118835 , 0.119099
0.112754 , 0.113057
0.116522 , 0.1168
0.118757 , 0.119022
0.121349 , 0.121599
0.119382 , 0.119643
0.120657 , 0.120911
0.119539 , 0.1198
0.124575 , 0.124808
0.119303 , 0.119565
0.126049 , 0.126273
0.125463 , 0.12569
0.118835 , 0.119099
0.117911 , 0.118181
0.118912 , 0.119176
0.117042 , 0.117318
0.126459 , 0.126681
0.124973 , 0.125203
0.111407 , 0.111719
0.114494 , 0.114785
0.1163 , 0.11658
0.123834 , 0.12407
0.123404 , 0.123642
0.124575 , 0.124808
0.11608 , 0.116361
0.12743 , 0.127647
0.120982 , 0.121234
0.122935 , 0.123176
0.124444 , 0.124677
0.121023 , 0.121274
0.121432 , 0.121681
0.117873 , 0.118143
0.128998 , 0.129208
0.114317 , 0.11461
0.10917 , 0.109498
0.121349 , 0.121599
0.132149 , 0.132344
0.12285 , 0.123091
0.117721 , 0.117992
0.125822 , 0.126048
0.120215 , 0.120471
0.116707 , 0.116984
0.120536 , 0.120791
0.128661 , 0.128873
0.122386 , 0.12263
0.120698 , 0.120951
0.119461 , 0.119721
0.12247 , 0.122714
0.123532 , 0.12377
0.117155 , 0.117429
0.114814 , 0.115103
0.1146 , 0.114891
0.127011 , 0.127231
0.123489 , 0.123727
0.116411 , 0.11669
0.121761 , 0.122009
0.12201 , 0.122256
0.124488 , 0.12472
0.119896 , 0.120154
0.124269 , 0.124503
0.117305 , 0.117579
0.124928 , 0.125159
0.122135 , 0.122381
0.120175 , 0.120432
0.112754 , 0.113057
0.119225 , 0.119487
0.131634 , 0.131832
0.118447 , 0.118714
0.122935 , 0.123176
0.123834 , 0.12407
0.121637 , 0.121886
0.11899 , 0.119254
0.118102 , 0.118371
0.123532 , 0.12377
0.128518 , 0.12873
0.126919 , 0.127139
0.120982 , 0.121234
0.12655 , 0.126772
0.121514 , 0.121763
0.117835 , 0.118105
0.123618 , 0.123856
0.124269 , 0.124503
0.122892 , 0.123133
0.118486 , 0.118753
0.122219 , 0.122464
0.1244 , 0.124633
0.117192 , 0.117467
0.117645 , 0.117916
0.116893 , 0.117169
0.120819 , 0.121072
0.120055 , 0.120312
0.118255 , 0.118523
0.126919 , 0.127139
