0.101926 , 0.10231
0.103728 , 0.104098
0.101654 , 0.102041
0.0988168 , 0.0992276
0.10444 , 0.104804
0.103955 , 0.104322
0.105425 , 0.105781
0.105308 , 0.105665
0.103166 , 0.10354
0.0972604 , 0.0976851
0.0978319 , 0.0982515
0.103756 , 0.104126
0.103222 , 0.103596
0.104154 , 0.10452
0.10032 , 0.100718
0.10826 , 0.108595
0.0976323 , 0.0980537
0.101089 , 0.10148
0.098919 , 0.0993289
0.108634 , 0.108966
0.100557 , 0.100953
0.102171 , 0.102553
0.114106 , 0.1144
0.0984103 , 0.0988247
0.103643 , 0.104014
0.105396 , 0.105752
0.107337 , 0.107678
0.107489 , 0.10783
0.097137 , 0.0975628
0.105191 , 0.105549
0.0970631 , 0.0974896
0.101546 , 0.101933
0.102089 , 0.102472
0.0965492 , 0.0969804
0.100162 , 0.100561
0.100162 , 0.100561
0.101681 , 0.102068
0.102336 , 0.102716
0.100637 , 0.101032
0.0961854 , 0.09662
0.095466 , 0.0959073
0.0974832 , 0.0979059
0.0970385 , 0.0974653
0.103643 , 0.104014
0.0956568 , 0.0960963
0.097014 , 0.0974409
0.10011 , 0.100509
0.105896 , 0.106248
0.101143 , 0.101533
0.0960648 , 0.0965005
0.106821 , 0.107167
0.103728 , 0.104098
0.100425 , 0.100822
0.108167 , 0.108502
0.10032 , 0.100718
0.106882 , 0.107227
0.0987149 , 0.0991266
0.103138 , 0.103513
0.0959204 , 0.0963574
0.10069 , 0.101084
0.105075 , 0.105434
0.100267 , 0.100665
0.109968 , 0.11029
0.099047 , 0.0994557
0.097137 , 0.0975628
0.102007 , 0.102391
0.102446 , 0.102825
0.102007 , 0.102391
0.0979821 , 0.0984003
0.103418 , 0.10379
0.0968912 , 0.0973193
0.101357 , 0.101746
0.0961371 , 0.0965722
0.102528 , 0.102907
0.101573 , 0.10196
0.108384 , 0.108718
0.10493 , 0.10529
0.105454 , 0.10581
0.0953946 , 0.0958366
0.102583 , 0.102962
0.0987149 , 0.0991266
0.101817 , 0.102202
0.103166 , 0.10354
0.105513 , 0.105868
0.106371 , 0.10672
0.102611 , 0.102989
0.102805 , 0.103181
0.0969894 , 0.0974166
0.100796 , 0.10119
0.104555 , 0.104918
0.101654 , 0.102041
0.0982335 , 0.0986495
0.098284 , 0.0986995
0.097211 , 0.0976361
0.0950158 , 0.0954613
0.106461 , 0.106809
0.100504 , 0.100901
0.102721 , 0.103099
0.0944531 , 0.0949039
0.0990726 , 0.0994812
