0.204667 , 0.206225
0.207426 , 0.208931
0.203374 , 0.204958
0.208897 , 0.210373
0.218855 , 0.220153
0.213458 , 0.21485
0.213396 , 0.214789
0.205635 , 0.207174
0.206036 , 0.207567
0.212466 , 0.213876
0.207777 , 0.209275
0.21554 , 0.216895
0.208365 , 0.209851
0.208779 , 0.210257
0.21296 , 0.214362
0.210452 , 0.2119
0.21702 , 0.218349
0.212713 , 0.214118
0.214209 , 0.215588
0.207252 , 0.208759
0.202154 , 0.203762
0.207953 , 0.209447
0.21554 , 0.216895
0.214146 , 0.215526
0.206555 , 0.208076
0.209194 , 0.210665
0.216244 , 0.217587
0.204554 , 0.206114
0.206613 , 0.208133
0.206671 , 0.20819
0.205864 , 0.207399
0.210332 , 0.211781
0.208424 , 0.209909
0.210392 , 0.21184
0.209731 , 0.211192
0.213708 , 0.215095
0.206903 , 0.208417
0.210815 , 0.212256
0.209016 , 0.21049
0.208719 , 0.210199
0.213333 , 0.214728
0.207077 , 0.208588
0.21484 , 0.216208
0.218064 , 0.219375
0.219653 , 0.220938
0.204103 , 0.205672
0.21972 , 0.221003
0.216309 , 0.217651
0.213708 , 0.215095
0.212898 , 0.214301
0.206845 , 0.20836
0.210694 , 0.212137
0.208601 , 0.210083
0.218393 , 0.219698
0.211667 , 0.213092
0.212651 , 0.214058
0.209731 , 0.211192
0.213396 , 0.214789
0.214904 , 0.21627
0.209851 , 0.211309
0.203207 , 0.204794
0.211545 , 0.212972
0.216502 , 0.217841
0.208012 , 0.209505
0.214524 , 0.215898
0.212404 , 0.213815
0.216696 , 0.218031
0.211545 , 0.212972
0.214084 , 0.215465
0.208542 , 0.210025
0.203598 , 0.205177
0.212466 , 0.213876
0.217867 , 0.219182
0.204328 , 0.205893
0.216567 , 0.217904
0.212342 , 0.213755
0.204837 , 0.206392
0.215285 , 0.216645
0.200678 , 0.202316
0.215795 , 0.217146
0.211912 , 0.213332
0.202706 , 0.204303
0.213458 , 0.21485
0.219386 , 0.220675
0.213209 , 0.214606
0.21754 , 0.218861
0.20731 , 0.208816
0.211545 , 0.212972
0.214021 , 0.215403
0.205406 , 0.20695
0.215988 , 0.217335
0.204951 , 0.206503
0.20766 , 0.20916
0.215031 , 0.216395
0.213645 , 0.215034
0.208188 , 0.209678
0.215859 , 0.217209
0.215031 , 0.216395
0.219187 , 0.220479
0.205922 , 0.207455
