0.241263 , 0.242226
0.247552 , 0.248435
0.246275 , 0.247173
0.245553 , 0.246461
0.255239 , 0.256033
0.24466 , 0.245579
0.242989 , 0.243929
0.246638 , 0.247532
0.258835 , 0.259589
0.245106 , 0.246019
0.24682 , 0.247712
0.25534 , 0.256132
0.238407 , 0.239408
0.254041 , 0.254848
0.25208 , 0.25291
0.242294 , 0.243244
0.244572 , 0.245492
0.235962 , 0.236997
0.253055 , 0.253873
0.240667 , 0.241638
0.253153 , 0.25397
0.235962 , 0.236997
0.248105 , 0.248981
0.242815 , 0.243757
0.24829 , 0.249164
0.255946 , 0.256732
0.250449 , 0.251297
0.246547 , 0.247442
0.248012 , 0.24889
0.248661 , 0.249531
0.242554 , 0.2435
0.243864 , 0.244793
0.259256 , 0.260006
0.236608 , 0.237633
0.239992 , 0.240971
0.247002 , 0.247892
0.240583 , 0.241554
0.23677 , 0.237793
0.234291 , 0.235349
0.255038 , 0.255834
0.241263 , 0.242226
0.255541 , 0.256332
0.256455 , 0.257235
0.242728 , 0.243671
0.253942 , 0.25475
0.255642 , 0.256431
0.25208 , 0.25291
0.250449 , 0.251297
0.247276 , 0.248163
0.24988 , 0.250735
0.242641 , 0.243586
0.237258 , 0.238274
0.245195 , 0.246107
0.242035 , 0.242988
0.24829 , 0.249164
0.252177 , 0.253005
0.249597 , 0.250456
0.249035 , 0.2499
0.243864 , 0.244793
0.247828 , 0.248707
0.246004 , 0.246906
0.24746 , 0.248344
0.250164 , 0.251016
0.252664 , 0.253486
0.24829 , 0.249164
0.246275 , 0.247173
0.245285 , 0.246196
0.24792 , 0.248798
0.247828 , 0.248707
0.251501 , 0.252337
0.251597 , 0.252432
0.247093 , 0.247982
0.249222 , 0.250085
0.241606 , 0.242564
0.236932 , 0.237953
0.247185 , 0.248072
0.242815 , 0.243757
0.244572 , 0.245492
0.251213 , 0.252052
0.238242 , 0.239245
0.246275 , 0.247173
0.251213 , 0.252052
0.25208 , 0.25291
0.243601 , 0.244533
0.246365 , 0.247263
0.251887 , 0.252718
0.252859 , 0.253679
0.246547 , 0.247442
0.251117 , 0.251957
0.250734 , 0.251579
0.243601 , 0.244533
0.253448 , 0.254261
0.247736 , 0.248616
0.242554 , 0.2435
0.253349 , 0.254164
0.250259 , 0.251109
0.244041 , 0.244967
0.244394 , 0.245317
0.245374 , 0.246284
0.250639 , 0.251485
