0.229535 , 0.230662
0.228865 , 0.230003
0.234055 , 0.235116
0.229088 , 0.230222
0.222366 , 0.223606
0.231346 , 0.232446
0.225521 , 0.22671
0.226309 , 0.227486
0.225022 , 0.22622
0.227323 , 0.228484
0.229162 , 0.230296
0.227468 , 0.228627
0.234765 , 0.235817
0.235802 , 0.236838
0.22216 , 0.223403
0.225022 , 0.22622
0.221067 , 0.222328
0.219921 , 0.221201
0.236123 , 0.237155
0.227907 , 0.229059
0.231498 , 0.232597
0.225878 , 0.227062
0.227177 , 0.228341
0.224598 , 0.225802
0.222919 , 0.22415
0.219854 , 0.221135
0.220256 , 0.221531
0.225236 , 0.226429
0.219921 , 0.221201
0.226309 , 0.227486
0.218458 , 0.219763
0.218524 , 0.219828
0.220526 , 0.221796
0.22725 , 0.228412
0.226381 , 0.227557
0.229759 , 0.230883
0.221339 , 0.222596
0.225878 , 0.227062
0.225521 , 0.22671
0.22595 , 0.227132
0.236851 , 0.237873
0.217345 , 0.218669
0.229014 , 0.230149
0.230814 , 0.231922
0.230134 , 0.231253
0.227981 , 0.229132
0.223405 , 0.224628
0.227761 , 0.228915
0.237339 , 0.238355
0.222091 , 0.223335
0.239907 , 0.240888
0.222504 , 0.223742
0.235003 , 0.236051
0.22278 , 0.224013
0.227104 , 0.228269
0.233116 , 0.234191
0.227688 , 0.228843
0.232496 , 0.23358
0.219653 , 0.220938
0.229386 , 0.230515
0.224952 , 0.22615
0.23021 , 0.231327
0.222022 , 0.223268
0.225663 , 0.22685
0.217671 , 0.218989
0.229014 , 0.230149
0.230285 , 0.231401
0.230587 , 0.231698
0.224105 , 0.225316
0.225878 , 0.227062
0.228496 , 0.229639
0.224386 , 0.225593
0.226165 , 0.227344
0.223127 , 0.224354
0.222919 , 0.22415
0.21554 , 0.216895
0.229311 , 0.230442
0.224386 , 0.225593
0.226887 , 0.228055
0.22285 , 0.224081
0.225307 , 0.226499
0.235162 , 0.236208
0.223684 , 0.224903
0.233584 , 0.234652
0.229684 , 0.23081
0.223614 , 0.224834
0.220728 , 0.221995
0.224598 , 0.225802
0.228274 , 0.229421
0.232651 , 0.233733
0.227104 , 0.228269
0.226021 , 0.227203
0.225878 , 0.227062
0.225521 , 0.22671
0.233584 , 0.234652
0.238159 , 0.239164
0.234765 , 0.235817
0.229088 , 0.230222
0.226597 , 0.22777
0.223545 , 0.224765
