0.209254 , 0.210723
0.207135 , 0.208645
0.199976 , 0.201629
0.199172 , 0.200842
0.211545 , 0.212972
0.194187 , 0.195963
0.200191 , 0.20184
0.198481 , 0.200165
0.205749 , 0.207286
0.200191 , 0.20184
0.209016 , 0.21049
0.206671 , 0.20819
0.200245 , 0.201892
0.200137 , 0.201787
0.207894 , 0.20939
0.208306 , 0.209793
0.207777 , 0.209275
0.201004 , 0.202635
0.194643 , 0.19641
0.215221 , 0.216582
0.191791 , 0.193621
0.208424 , 0.209909
0.197271 , 0.198981
0.208957 , 0.210432
0.202706 , 0.204303
0.204894 , 0.206447
0.204724 , 0.206281
0.197795 , 0.199494
0.20254 , 0.204141
0.204781 , 0.206336
0.212651 , 0.214058
0.201769 , 0.203385
0.195204 , 0.196958
0.20371 , 0.205286
0.202485 , 0.204086
0.205864 , 0.207399
0.203262 , 0.204848
0.205463 , 0.207006
0.196906 , 0.198623
0.205292 , 0.206838
0.206497 , 0.20802
0.203262 , 0.204848
0.199868 , 0.201523
0.210031 , 0.211486
0.20399 , 0.205562
0.196594 , 0.198318
0.206787 , 0.208303
0.20254 , 0.204141
0.200461 , 0.202104
0.195511 , 0.197258
0.20243 , 0.204032
0.195665 , 0.197409
0.199707 , 0.201365
0.210272 , 0.211722
0.199439 , 0.201103
0.203095 , 0.204684
0.205807 , 0.207342
0.213708 , 0.215095
0.205463 , 0.207006
0.209492 , 0.210957
0.205064 , 0.206615
0.210031 , 0.211486
0.200407 , 0.202051
0.198111 , 0.199803
0.198428 , 0.200113
0.210815 , 0.212256
0.189119 , 0.19101
0.208838 , 0.210315
0.20144 , 0.203063
0.19864 , 0.200321
0.20343 , 0.205012
0.194643 , 0.19641
0.20155 , 0.20317
0.200678 , 0.202316
0.193985 , 0.195766
0.208247 , 0.209736
0.200407 , 0.202051
0.202319 , 0.203924
0.205235 , 0.206782
0.202706 , 0.204303
0.205292 , 0.206838
0.198799 , 0.200477
0.205749 , 0.207286
0.198058 , 0.199751
0.197428 , 0.199134
0.204272 , 0.205837
0.208424 , 0.209909
0.205178 , 0.206726
0.20155 , 0.20317
0.198959 , 0.200633
0.203207 , 0.204794
0.186753 , 0.1887
0.204272 , 0.205837
0.200841 , 0.202476
0.19864 , 0.200321
0.197953 , 0.199648
0.207777 , 0.209275
0.214524 , 0.215898
0.201167 , 0.202796
0.200137 , 0.201787
