0.208792 , 0.208822
0.205092 , 0.205124
0.20455 , 0.204583
0.197852 , 0.19789
0.199014 , 0.199052
0.188243 , 0.188293
0.185927 , 0.18598
0.21385 , 0.213876
0.201943 , 0.201978
0.206196 , 0.206227
0.210308 , 0.210336
0.214871 , 0.214896
0.200698 , 0.200734
0.209392 , 0.209421
0.205365 , 0.205397
0.207618 , 0.207648
0.19187 , 0.191916
0.199728 , 0.199765
0.196497 , 0.196537
0.20564 , 0.205672
0.193289 , 0.193332
0.190691 , 0.190738
0.201691 , 0.201726
0.200698 , 0.200734
0.197852 , 0.19789
0.21093 , 0.210957
0.191277 , 0.191323
0.199489 , 0.199526
0.198779 , 0.198817
0.21 , 0.210029
0.207909 , 0.207939
0.194543 , 0.194585
0.209392 , 0.209421
0.196944 , 0.196983
0.207618 , 0.207648
0.209392 , 0.209421
0.197623 , 0.197662
0.199489 , 0.199526
0.216273 , 0.216297
0.199728 , 0.199765
0.200453 , 0.20049
0.216273 , 0.216297
0.197169 , 0.197208
0.213183 , 0.213209
0.199014 , 0.199052
0.215566 , 0.215591
0.194121 , 0.194163
0.198313 , 0.198351
0.204282 , 0.204315
0.214188 , 0.214213
0.1954 , 0.195442
0.183401 , 0.183457
0.198545 , 0.198583
0.201691 , 0.201726
0.193495 , 0.193539
0.199968 , 0.200005
0.199968 , 0.200005
0.20733 , 0.20736
0.179049 , 0.179112
0.198082 , 0.19812
0.206759 , 0.20679
0.205092 , 0.205124
0.197623 , 0.197662
0.199968 , 0.200005
0.201691 , 0.201726
0.211244 , 0.211272
0.202709 , 0.202743
0.201943 , 0.201978
0.20455 , 0.204583
0.20482 , 0.204852
0.202197 , 0.202232
0.209091 , 0.20912
0.193495 , 0.193539
0.189923 , 0.18997
0.218469 , 0.218492
0.19187 , 0.191916
0.212854 , 0.21288
0.211244 , 0.211272
0.216992 , 0.217016
0.18806 , 0.18811
0.182913 , 0.18297
0.195617 , 0.195659
0.202967 , 0.203001
0.192879 , 0.192923
0.211561 , 0.211588
0.203227 , 0.20326
0.194543 , 0.194585
0.19497 , 0.195011
0.184227 , 0.184282
0.196055 , 0.196096
0.19672 , 0.19676
0.189544 , 0.189592
0.196055 , 0.196096
0.200698 , 0.200734
0.180861 , 0.180921
0.197169 , 0.197208
0.192472 , 0.192517
0.201441 , 0.201476
0.19187 , 0.191916
0.195184 , 0.195226
