0.262154 , 0.262873
0.266525 , 0.267201
0.267917 , 0.26858
0.25915 , 0.259901
0.262701 , 0.263415
0.255541 , 0.256332
0.263474 , 0.264181
0.260531 , 0.261268
0.256659 , 0.257437
0.266986 , 0.267658
0.264591 , 0.265286
0.254339 , 0.255142
0.254239 , 0.255044
0.252469 , 0.253294
0.271261 , 0.271893
0.252469 , 0.253294
0.257896 , 0.25866
0.263585 , 0.264291
0.259256 , 0.260006
0.261935 , 0.262657
0.266755 , 0.267429
0.268977 , 0.26963
0.257481 , 0.25825
0.264479 , 0.265175
0.272242 , 0.272864
0.256557 , 0.257336
0.257275 , 0.258046
0.26618 , 0.26686
0.260317 , 0.261056
0.271261 , 0.271893
0.266066 , 0.266746
0.272736 , 0.273355
0.257896 , 0.25866
0.257896 , 0.25866
0.267567 , 0.268233
0.261069 , 0.261799
0.262591 , 0.263307
0.270171 , 0.270813
0.262701 , 0.263415
0.259467 , 0.260215
0.256149 , 0.256933
0.259361 , 0.26011
0.255541 , 0.256332
0.249222 , 0.250085
0.260424 , 0.261162
0.264929 , 0.265621
0.259256 , 0.260006
0.265951 , 0.266633
0.257172 , 0.257944
0.268859 , 0.269513
0.253843 , 0.254652
0.257792 , 0.258557
0.264929 , 0.265621
0.255642 , 0.256431
0.258103 , 0.258866
0.264143 , 0.264842
0.263585 , 0.264291
0.264591 , 0.265286
0.265382 , 0.266069
0.267451 , 0.268118
0.260531 , 0.261268
0.258103 , 0.258866
0.253942 , 0.25475
0.259573 , 0.260319
0.259361 , 0.26011
0.249503 , 0.250363
0.255845 , 0.256632
0.263696 , 0.264401
0.264367 , 0.265064
0.256048 , 0.256832
0.260746 , 0.26148
0.260746 , 0.26148
0.260746 , 0.26148
0.25894 , 0.259693
0.255642 , 0.256431
0.263142 , 0.263852
0.271995 , 0.27262
0.265609 , 0.266294
0.268387 , 0.269045
0.252469 , 0.253294
0.253843 , 0.254652
0.266295 , 0.266973
0.257896 , 0.25866
0.264255 , 0.264953
0.256048 , 0.256832
0.270533 , 0.271171
0.26618 , 0.26686
0.260424 , 0.261162
0.256761 , 0.257538
0.25915 , 0.259901
0.257896 , 0.25866
0.274365 , 0.274969
0.263808 , 0.264511
0.265268 , 0.265957
0.257999 , 0.258763
0.270292 , 0.270932
0.269453 , 0.270101
0.264367 , 0.265064
0.260639 , 0.261374
0.262701 , 0.263415
