0.304843 , 0.304845
0.317131 , 0.317132
0.322374 , 0.322375
0.317131 , 0.317132
1 , 1
0.304843 , 0.304845
0.293048 , 0.293051
0.293048 , 0.293051
0.335974 , 0.335974
1 , 1
0.328523 , 0.328524
0.295663 , 0.295665
0.358593 , 0.358593
0.308495 , 0.308497
1 , 1
0.301522 , 0.301524
0.322374 , 0.322375
0.312556 , 0.312558
0.312556 , 0.312558
0.358593 , 0.358593
0.290605 , 0.290608
0.322374 , 0.322375
0.256851 , 0.256859
0.335974 , 0.335974
0.272251 , 0.272256
0.328523 , 0.328524
0.275279 , 0.275283
0.290605 , 0.290608
1 , 1
0.260974 , 0.260981
0.317131 , 0.317132
0.328523 , 0.328524
0.358593 , 0.358593
0.304843 , 0.304845
0.295663 , 0.295665
0.308495 , 0.308497
0.317131 , 0.317132
0.345457 , 0.345457
0.278568 , 0.278572
0.335974 , 0.335974
0.345457 , 0.345457
0.322374 , 0.322375
0.380442 , 0.380442
0.270822 , 0.270827
0.312556 , 0.312558
0.380442 , 0.380442
0.358593 , 0.358593
0.298476 , 0.298479
0.298476 , 0.298479
0.345457 , 0.345457
0.345457 , 0.345457
0.304843 , 0.304845
0.358593 , 0.358593
0.293048 , 0.293051
0.317131 , 0.317132
0.298476 , 0.298479
0.358593 , 0.358593
0.358593 , 0.358593
0.335974 , 0.335974
0.278568 , 0.278572
0.308495 , 0.308497
0.328523 , 0.328524
0.335974 , 0.335974
0.308495 , 0.308497
0.322374 , 0.322375
0.358593 , 0.358593
0.28217 , 0.282173
0.301522 , 0.301524
0.304843 , 0.304845
0.335974 , 0.335974
0.295663 , 0.295665
0.345457 , 0.345457
0.345457 , 0.345457
1 , 1
0.328523 , 0.328524
0.312556 , 0.312558
0.358593 , 0.358593
0.317131 , 0.317132
0.298476 , 0.298479
0.322374 , 0.322375
0.335974 , 0.335974
0.335974 , 0.335974
0.328523 , 0.328524
0.28217 , 0.282173
0.275279 , 0.275283
0.276888 , 0.276892
0.301522 , 0.301524
0.322374 , 0.322375
0.301522 , 0.301524
0.322374 , 0.322375
0.380442 , 0.380442
0.288312 , 0.288315
0.345457 , 0.345457
0.308495 , 0.308497
0.380442 , 0.380442
0.317131 , 0.317132
0.308495 , 0.308497
0.312556 , 0.312558
0.317131 , 0.317132
0.345457 , 0.345457
