0.293048 , 0.293051
0.345457 , 0.345457
1 , 1
0.358593 , 0.358593
0.380442 , 0.380442
0.335974 , 0.335974
0.293048 , 0.293051
0.380442 , 0.380442
1 , 1
0.345457 , 0.345457
1 , 1
0.312556 , 0.312558
1 , 1
0.301522 , 0.301524
0.358593 , 0.358593
0.312556 , 0.312558
0.345457 , 0.345457
0.322374 , 0.322375
0.335974 , 0.335974
0.345457 , 0.345457
0.322374 , 0.322375
0.345457 , 0.345457
0.317131 , 0.317132
1 , 1
1 , 1
1 , 1
0.358593 , 0.358593
1 , 1
0.328523 , 0.328524
0.358593 , 0.358593
0.358593 , 0.358593
0.328523 , 0.328524
0.380442 , 0.380442
0.312556 , 0.312558
0.358593 , 0.358593
0.301522 , 0.301524
1 , 1
0.345457 , 0.345457
0.345457 , 0.345457
0.335974 , 0.335974
0.322374 , 0.322375
1 , 1
0.328523 , 0.328524
1 , 1
0.380442 , 0.380442
1 , 1
1 , 1
1 , 1
0.380442 , 0.380442
0.380442 , 0.380442
0.358593 , 0.358593
0.345457 , 0.345457
1 , 1
1 , 1
0.358593 , 0.358593
1 , 1
1 , 1
1 , 1
0.312556 , 0.312558
0.380442 , 0.380442
0.322374 , 0.322375
0.322374 , 0.322375
1 , 1
0.380442 , 0.380442
1 , 1
0.380442 , 0.380442
0.335974 , 0.335974
1 , 1
0.380442 , 0.380442
1 , 1
1 , 1
1 , 1
1 , 1
0.380442 , 0.380442
0.328523 , 0.328524
0.335974 , 0.335974
0.358593 , 0.358593
0.345457 , 0.345457
0.345457 , 0.345457
1 , 1
0.335974 , 0.335974
0.358593 , 0.358593
0.288312 , 0.288315
0.345457 , 0.345457
0.322374 , 0.322375
0.345457 , 0.345457
0.358593 , 0.358593
0.345457 , 0.345457
0.358593 , 0.358593
0.298476 , 0.298479
0.308495 , 0.308497
1 , 1
0.380442 , 0.380442
1 , 1
0.278568 , 0.278572
1 , 1
0.380442 , 0.380442
1 , 1
1 , 1
1 , 1
