0.279187 , 0.27975
0.274619 , 0.27522
0.25894 , 0.259693
0.271139 , 0.271772
0.271627 , 0.272256
0.267684 , 0.268349
0.277855 , 0.278429
0.266295 , 0.266973
0.2678 , 0.268464
0.267917 , 0.26858
0.266755 , 0.267429
0.266066 , 0.266746
0.264816 , 0.265509
0.261609 , 0.262335
0.273986 , 0.274594
0.264367 , 0.265064
0.262921 , 0.263633
0.273234 , 0.273848
0.260961 , 0.261693
0.26618 , 0.26686
0.263696 , 0.264401
0.262154 , 0.262873
0.259998 , 0.26074
0.271995 , 0.27262
0.255845 , 0.256632
0.267451 , 0.268118
0.265155 , 0.265845
0.261935 , 0.262657
0.265268 , 0.265957
0.269931 , 0.270575
0.264255 , 0.264953
0.264143 , 0.264842
0.261827 , 0.26255
0.274873 , 0.275472
0.266986 , 0.267658
0.263585 , 0.264291
0.263585 , 0.264291
0.275769 , 0.276361
0.273735 , 0.274344
0.271627 , 0.272256
0.276156 , 0.276745
0.257069 , 0.257843
0.261718 , 0.262442
0.276286 , 0.276873
0.264367 , 0.265064
0.261393 , 0.26212
0.261069 , 0.261799
0.264816 , 0.265509
0.281917 , 0.282458
0.277855 , 0.278429
0.275769 , 0.276361
0.263142 , 0.263852
0.268269 , 0.268929
0.270412 , 0.271052
0.274492 , 0.275095
0.266871 , 0.267544
0.261718 , 0.262442
0.265382 , 0.266069
0.274112 , 0.274719
0.258625 , 0.259382
0.273484 , 0.274096
0.262701 , 0.263415
0.274239 , 0.274844
0.267917 , 0.26858
0.272242 , 0.272864
0.265609 , 0.266294
0.265837 , 0.26652
0.2678 , 0.268464
0.270171 , 0.270813
0.262701 , 0.263415
0.26664 , 0.267315
0.264591 , 0.265286
0.259891 , 0.260634
0.26664 , 0.267315
0.274112 , 0.274719
0.271627 , 0.272256
0.265496 , 0.266182
0.261609 , 0.262335
0.26618 , 0.26686
0.270775 , 0.271411
0.265268 , 0.265957
0.27746 , 0.278037
0.272489 , 0.273109
0.268152 , 0.268812
0.269692 , 0.270338
0.269096 , 0.269748
0.271505 , 0.272134
0.265723 , 0.266407
0.260424 , 0.261162
0.270533 , 0.271171
0.284455 , 0.284976
0.261393 , 0.26212
0.265268 , 0.265957
0.270292 , 0.270932
0.268035 , 0.268696
0.2678 , 0.268464
0.265609 , 0.266294
0.264143 , 0.264842
0.276415 , 0.277002
0.269453 , 0.270101
