0.0100157 , 0.00991177 , 0.0110716
0.00992684 , 0.00982384 , 0.0109838
0.00980535 , 0.00970357 , 0.0108637
0.0102784 , 0.0101718 , 0.0113314
0.0105594 , 0.0104501 , 0.0116093
0.0110925 , 0.0109778 , 0.0121364
0.00983068 , 0.00972864 , 0.0108887
0.00989328 , 0.00979061 , 0.0109506
0.00993878 , 0.00983565 , 0.0109956
0.00986644 , 0.00976405 , 0.0109241
0.00963208 , 0.00953204 , 0.0106924
0.00991118 , 0.00980833 , 0.0109683
0.00961054 , 0.00951073 , 0.0106711
0.00978004 , 0.00967852 , 0.0108387
0.0104225 , 0.0103145 , 0.0114739
0.0101181 , 0.0100132 , 0.0111729
0.0100755 , 0.00997096 , 0.0111308
0.0102289 , 0.0101229 , 0.0112825
0.00978525 , 0.00968367 , 0.0108438
0.00967963 , 0.00957912 , 0.0107394
0.00994549 , 0.0098423 , 0.0110023
0.0100919 , 0.00998724 , 0.011147
0.00960831 , 0.00950852 , 0.0106689
0.00986942 , 0.009767 , 0.010927
0.00980312 , 0.00970136 , 0.0108615
0.00977781 , 0.00967631 , 0.0108365
0.00932382 , 0.0092269 , 0.0103876
0.00982099 , 0.00971906 , 0.0108792
0.0104345 , 0.0103264 , 0.0114858
0.0094311 , 0.0093331 , 0.0104937
0.0100224 , 0.00991843 , 0.0110783
0.0100478 , 0.00994358 , 0.0111034
0.00951928 , 0.00942039 , 0.0105808
0.00990223 , 0.00979947 , 0.0109595
0.00994848 , 0.00984526 , 0.0110052
0.0101211 , 0.0100161 , 0.0111759
0.00989477 , 0.00979209 , 0.0109521
0.0106891 , 0.0105784 , 0.0117375
0.0105293 , 0.0104203 , 0.0115795
0.0102566 , 0.0101503 , 0.0113099
0.00941111 , 0.00931331 , 0.0104739
0.0100082 , 0.00990438 , 0.0110643
0.0095089 , 0.00941011 , 0.0105706
0.00984409 , 0.00974192 , 0.010902
0.010515 , 0.0104061 , 0.0115654
0.0104361 , 0.0103279 , 0.0114873
0.0101428 , 0.0100376 , 0.0111973
0.00954598 , 0.00944681 , 0.0106072
0.00996788 , 0.00986447 , 0.0110244
0.00965733 , 0.00955705 , 0.0107173
0.00978004 , 0.00967852 , 0.0108387
0.00990745 , 0.00980464 , 0.0109646
0.00998281 , 0.00987925 , 0.0110392
0.0104917 , 0.010383 , 0.0115423
0.0100598 , 0.00995542 , 0.0111152
0.00997983 , 0.00987629 , 0.0110362
0.0101076 , 0.0100028 , 0.0111626
0.00954894 , 0.00944975 , 0.0106102
0.0103962 , 0.0102885 , 0.0114479
0.00972275 , 0.0096218 , 0.010782
0.00994475 , 0.00984156 , 0.0110015
0.0101316 , 0.0100265 , 0.0111862
0.0101592 , 0.0100539 , 0.0112136
0.00974209 , 0.00964095 , 0.0108011
0.00980535 , 0.00970357 , 0.0108637
0.0094837 , 0.00938516 , 0.0105457
0.00984409 , 0.00974192 , 0.010902
0.0103887 , 0.0102811 , 0.0114405
0.00988433 , 0.00978176 , 0.0109418
0.0099343 , 0.00983122 , 0.0109912
0.0099246 , 0.00982162 , 0.0109816
0.0103046 , 0.0101978 , 0.0113574
0.0100672 , 0.00996282 , 0.0111226
0.0100358 , 0.00993174 , 0.0110916
0.0101555 , 0.0100502 , 0.0112099
0.0100142 , 0.00991029 , 0.0110702
0.00951705 , 0.00941818 , 0.0105786
0.0103977 , 0.01029 , 0.0114494
0.00974581 , 0.00964463 , 0.0108048
0.00995296 , 0.00984969 , 0.0110096
0.00989626 , 0.00979357 , 0.0109536
0.0109143 , 0.0108014 , 0.0119602
0.0102312 , 0.0101251 , 0.0112847
0.00956304 , 0.0094637 , 0.0106241
0.00992983 , 0.00982679 , 0.0109868
0.00942962 , 0.00933163 , 0.0104922
0.0100007 , 0.00989699 , 0.0110569
0.00948814 , 0.00938957 , 0.0105501
0.00958827 , 0.00948868 , 0.0106491
0.00999401 , 0.00989033 , 0.0110502
0.0102544 , 0.0101481 , 0.0113077
0.0099649 , 0.00986151 , 0.0110214
0.0104624 , 0.010354 , 0.0115133
0.0100015 , 0.00989773 , 0.0110576
0.0101727 , 0.0100672 , 0.0112269
0.00952669 , 0.00942773 , 0.0105882
0.00980312 , 0.00970136 , 0.0108615
0.0097994 , 0.00969768 , 0.0108578
0.0100822 , 0.00997762 , 0.0111374
0.0107465 , 0.0106352 , 0.0117943
