0.010116 , 0.010116 , 0.010116
0.00992126 , 0.00992126 , 0.00992126
0.0105766 , 0.0105766 , 0.0105766
0.0100141 , 0.0100141 , 0.0100141
0.0099302 , 0.0099302 , 0.0099302
0.0099077 , 0.0099077 , 0.0099077
0.00990011 , 0.00990011 , 0.00990011
0.0102419 , 0.0102419 , 0.0102419
0.00961353 , 0.00961353 , 0.00961353
0.00936376 , 0.00936376 , 0.00936376
0.00979591 , 0.00979591 , 0.00979591
0.00989583 , 0.00989583 , 0.00989583
0.0101095 , 0.0101095 , 0.0101095
0.0108536 , 0.0108536 , 0.0108536
0.00978686 , 0.00978686 , 0.00978686
0.0101335 , 0.0101335 , 0.0101335
0.00949918 , 0.00949918 , 0.00949918
0.0100808 , 0.0100808 , 0.0100808
0.00993252 , 0.00993252 , 0.00993252
0.0107224 , 0.0107224 , 0.0107224
0.00960196 , 0.00960196 , 0.00960196
0.00957546 , 0.00957546 , 0.00957546
0.0105151 , 0.0105151 , 0.0105151
0.0103581 , 0.0103581 , 0.0103581
0.0101753 , 0.0101753 , 0.0101753
0.00940311 , 0.00940311 , 0.00940311
0.00995712 , 0.00995712 , 0.00995712
0.00965912 , 0.00965912 , 0.00965912
0.00962387 , 0.00962387 , 0.00962387
0.00908223 , 0.00908223 , 0.00908223
0.00994016 , 0.00994016 , 0.00994016
0.0101957 , 0.0101957 , 0.0101957
0.00946159 , 0.00946159 , 0.00946159
0.0106343 , 0.0106343 , 0.0106343
0.0110486 , 0.0110486 , 0.0110486
0.0094857 , 0.0094857 , 0.0094857
0.010525 , 0.010525 , 0.010525
0.0102362 , 0.0102362 , 0.0102362
0.00997782 , 0.00997782 , 0.00997782
0.0102331 , 0.0102331 , 0.0102331
0.0108415 , 0.0108415 , 0.0108415
0.00920504 , 0.00920504 , 0.00920504
0.0100787 , 0.0100787 , 0.0100787
0.0104161 , 0.0104161 , 0.0104161
0.0107565 , 0.0107565 , 0.0107565
0.00950164 , 0.00950164 , 0.00950164
0.00936645 , 0.00936645 , 0.00936645
0.010012 , 0.010012 , 0.010012
0.00955529 , 0.00955529 , 0.00955529
0.0102866 , 0.0102866 , 0.0102866
0.0095848 , 0.0095848 , 0.0095848
0.0102926 , 0.0102926 , 0.0102926
0.00963517 , 0.00963517 , 0.00963517
0.00951423 , 0.00951423 , 0.00951423
0.0108477 , 0.0108477 , 0.0108477
0.0103174 , 0.0103174 , 0.0103174
0.00983195 , 0.00983195 , 0.00983195
0.0103385 , 0.0103385 , 0.0103385
0.0102506 , 0.0102506 , 0.0102506
0.009517 , 0.009517 , 0.009517
0.00991133 , 0.00991133 , 0.00991133
0.0100356 , 0.0100356 , 0.0100356
0.0104937 , 0.0104937 , 0.0104937
0.0101714 , 0.0101714 , 0.0101714
0.0104718 , 0.0104718 , 0.0104718
0.00997347 , 0.00997347 , 0.00997347
0.00946098 , 0.00946098 , 0.00946098
0.0108697 , 0.0108697 , 0.0108697
0.00999456 , 0.00999456 , 0.00999456
0.0103057 , 0.0103057 , 0.0103057
0.0105443 , 0.0105443 , 0.0105443
0.0095494 , 0.0095494 , 0.0095494
0.010277 , 0.010277 , 0.010277
0.0100685 , 0.0100685 , 0.0100685
0.0101273 , 0.0101273 , 0.0101273
0.0102142 , 0.0102142 , 0.0102142
0.0089872 , 0.0089872 , 0.0089872
0.0100951 , 0.0100951 , 0.0100951
0.0101538 , 0.0101538 , 0.0101538
0.0104208 , 0.0104208 , 0.0104208
0.0099728 , 0.0099728 , 0.0099728
0.0100067 , 0.0100067 , 0.0100067
0.00988332 , 0.00988332 , 0.00988332
0.0105915 , 0.0105915 , 0.0105915
0.0100127 , 0.0100127 , 0.0100127
0.00957422 , 0.00957422 , 0.00957422
0.00934285 , 0.00934285 , 0.00934285
0.0105949 , 0.0105949 , 0.0105949
0.0099825 , 0.0099825 , 0.0099825
0.00963486 , 0.00963486 , 0.00963486
0.00937245 , 0.00937245 , 0.00937245
0.0107735 , 0.0107735 , 0.0107735
0.010193 , 0.010193 , 0.010193
0.0109664 , 0.0109664 , 0.0109664
0.0106634 , 0.0106634 , 0.0106634
0.0100716 , 0.0100716 , 0.0100716
0.00965943 , 0.00965943 , 0.00965943
0.0102229 , 0.0102229 , 0.0102229
0.0104824 , 0.0104824 , 0.0104824
0.00900288 , 0.00900288 , 0.00900288
