0.00979439 , 0.00979439 , 0.00979439
0.00938731 , 0.00938731 , 0.00938731
0.0103161 , 0.0103161 , 0.0103161
0.0102615 , 0.0102615 , 0.0102615
0.00977468 , 0.00977468 , 0.00977468
0.00986306 , 0.00986306 , 0.00986306
0.010021 , 0.010021 , 0.010021
0.00929288 , 0.00929288 , 0.00929288
0.0105527 , 0.0105527 , 0.0105527
0.0103717 , 0.0103717 , 0.0103717
0.0103996 , 0.0103996 , 0.0103996
0.0105795 , 0.0105795 , 0.0105795
0.00971679 , 0.00971679 , 0.00971679
0.0100599 , 0.0100599 , 0.0100599
0.0107578 , 0.0107578 , 0.0107578
0.0102242 , 0.0102242 , 0.0102242
0.00984909 , 0.00984909 , 0.00984909
0.0101958 , 0.0101958 , 0.0101958
0.0106339 , 0.0106339 , 0.0106339
0.0101189 , 0.0101189 , 0.0101189
0.00978768 , 0.00978768 , 0.00978768
0.0100214 , 0.0100214 , 0.0100214
0.00945618 , 0.00945618 , 0.00945618
0.00955999 , 0.00955999 , 0.00955999
0.00965164 , 0.00965164 , 0.00965164
0.0101602 , 0.0101602 , 0.0101602
0.0106055 , 0.0106055 , 0.0106055
0.010998 , 0.010998 , 0.010998
0.0103679 , 0.0103679 , 0.0103679
0.010221 , 0.010221 , 0.010221
0.00994618 , 0.00994618 , 0.00994618
0.00971386 , 0.00971386 , 0.00971386
0.00952396 , 0.00952396 , 0.00952396
0.0102962 , 0.0102962 , 0.0102962
0.010403 , 0.010403 , 0.010403
0.0100418 , 0.0100418 , 0.0100418
0.00996352 , 0.00996352 , 0.00996352
0.00945064 , 0.00945064 , 0.00945064
0.00944614 , 0.00944614 , 0.00944614
0.00961742 , 0.00961742 , 0.00961742
0.0100492 , 0.0100492 , 0.0100492
0.00968501 , 0.00968501 , 0.00968501
0.00969996 , 0.00969996 , 0.00969996
0.0090799 , 0.0090799 , 0.0090799
0.0101094 , 0.0101094 , 0.0101094
0.00981567 , 0.00981567 , 0.00981567
0.0103086 , 0.0103086 , 0.0103086
0.0100308 , 0.0100308 , 0.0100308
0.0108682 , 0.0108682 , 0.0108682
0.0094199 , 0.0094199 , 0.0094199
0.0101409 , 0.0101409 , 0.0101409
0.0100312 , 0.0100312 , 0.0100312
0.00989339 , 0.00989339 , 0.00989339
0.0101477 , 0.0101477 , 0.0101477
0.0102738 , 0.0102738 , 0.0102738
0.00946938 , 0.00946938 , 0.00946938
0.0100042 , 0.0100042 , 0.0100042
0.00945792 , 0.00945792 , 0.00945792
0.0104064 , 0.0104064 , 0.0104064
0.0103566 , 0.0103566 , 0.0103566
0.0104536 , 0.0104536 , 0.0104536
0.0103327 , 0.0103327 , 0.0103327
0.00982616 , 0.00982616 , 0.00982616
0.00991665 , 0.00991665 , 0.00991665
0.0101002 , 0.0101002 , 0.0101002
0.00996121 , 0.00996121 , 0.00996121
0.00927281 , 0.00927281 , 0.00927281
0.0104148 , 0.0104148 , 0.0104148
0.00981866 , 0.00981866 , 0.00981866
0.00982728 , 0.00982728 , 0.00982728
0.00975949 , 0.00975949 , 0.00975949
0.010309 , 0.010309 , 0.010309
0.00959737 , 0.00959737 , 0.00959737
0.0105279 , 0.0105279 , 0.0105279
0.0100634 , 0.0100634 , 0.0100634
0.00918781 , 0.00918781 , 0.00918781
0.0100269 , 0.0100269 , 0.0100269
0.0100171 , 0.0100171 , 0.0100171
0.00949415 , 0.00949415 , 0.00949415
0.0099883 , 0.0099883 , 0.0099883
0.0095222 , 0.0095222 , 0.0095222
0.00949415 , 0.00949415 , 0.00949415
0.00919306 , 0.00919306 , 0.00919306
0.0101106 , 0.0101106 , 0.0101106
0.0101747 , 0.0101747 , 0.0101747
0.0101337 , 0.0101337 , 0.0101337
0.0108813 , 0.0108813 , 0.0108813
0.00951447 , 0.00951447 , 0.00951447
0.00966793 , 0.00966793 , 0.00966793
0.0108589 , 0.0108589 , 0.0108589
0.00985739 , 0.00985739 , 0.00985739
0.00958309 , 0.00958309 , 0.00958309
0.0093921 , 0.0093921 , 0.0093921
0.0101675 , 0.0101675 , 0.0101675
0.0104816 , 0.0104816 , 0.0104816
0.0102933 , 0.0102933 , 0.0102933
0.0106428 , 0.0106428 , 0.0106428
0.0101002 , 0.0101002 , 0.0101002
0.00964405 , 0.00964405 , 0.00964405
0.00928484 , 0.00928484 , 0.00928484
