0.00997013 , 0.00997013 , 0.00997013
0.0104109 , 0.0104109 , 0.0104109
0.0102182 , 0.0102182 , 0.0102182
0.0107194 , 0.0107194 , 0.0107194
0.0100888 , 0.0100888 , 0.0100888
0.00991927 , 0.00991927 , 0.00991927
0.0103154 , 0.0103154 , 0.0103154
0.00928133 , 0.00928133 , 0.00928133
0.0109127 , 0.0109127 , 0.0109127
0.00965313 , 0.00965313 , 0.00965313
0.01048 , 0.01048 , 0.01048
0.0100785 , 0.0100785 , 0.0100785
0.00954369 , 0.00954369 , 0.00954369
0.00974428 , 0.00974428 , 0.00974428
0.0105868 , 0.0105868 , 0.0105868
0.00908005 , 0.00908005 , 0.00908005
0.00970638 , 0.00970638 , 0.00970638
0.0107347 , 0.0107347 , 0.0107347
0.00971969 , 0.00971969 , 0.00971969
0.0099116 , 0.0099116 , 0.0099116
0.0106493 , 0.0106493 , 0.0106493
0.00965567 , 0.00965567 , 0.00965567
0.00987438 , 0.00987438 , 0.00987438
0.0109857 , 0.0109857 , 0.0109857
0.0102377 , 0.0102377 , 0.0102377
0.00985389 , 0.00985389 , 0.00985389
0.00944753 , 0.00944753 , 0.00944753
0.0107342 , 0.0107342 , 0.0107342
0.00965821 , 0.00965821 , 0.00965821
0.00932373 , 0.00932373 , 0.00932373
0.0099125 , 0.0099125 , 0.0099125
0.0101647 , 0.0101647 , 0.0101647
0.00992378 , 0.00992378 , 0.00992378
0.0103845 , 0.0103845 , 0.0103845
0.0100188 , 0.0100188 , 0.0100188
0.00956601 , 0.00956601 , 0.00956601
0.0106634 , 0.0106634 , 0.0106634
0.0103318 , 0.0103318 , 0.0103318
0.00997653 , 0.00997653 , 0.00997653
0.00958304 , 0.00958304 , 0.00958304
0.00999994 , 0.00999994 , 0.00999994
0.0105762 , 0.0105762 , 0.0105762
0.00950675 , 0.00950675 , 0.00950675
0.0102976 , 0.0102976 , 0.0102976
0.0102328 , 0.0102328 , 0.0102328
0.0100101 , 0.0100101 , 0.0100101
0.00948475 , 0.00948475 , 0.00948475
0.0112224 , 0.0112224 , 0.0112224
0.0103303 , 0.0103303 , 0.0103303
0.0114154 , 0.0114154 , 0.0114154
0.0100314 , 0.0100314 , 0.0100314
0.00938715 , 0.00938715 , 0.00938715
0.0102911 , 0.0102911 , 0.0102911
0.0086246 , 0.0086246 , 0.0086246
0.0100295 , 0.0100295 , 0.0100295
0.00978122 , 0.00978122 , 0.00978122
0.0103825 , 0.0103825 , 0.0103825
0.00984856 , 0.00984856 , 0.00984856
0.00896948 , 0.00896948 , 0.00896948
0.0100476 , 0.0100476 , 0.0100476
0.0098282 , 0.0098282 , 0.0098282
0.010194 , 0.010194 , 0.010194
0.0108984 , 0.0108984 , 0.0108984
0.00959513 , 0.00959513 , 0.00959513
0.00980004 , 0.00980004 , 0.00980004
0.0099478 , 0.0099478 , 0.0099478
0.00988287 , 0.00988287 , 0.00988287
0.0095219 , 0.0095219 , 0.0095219
0.00923057 , 0.00923057 , 0.00923057
0.00968798 , 0.00968798 , 0.00968798
0.00993781 , 0.00993781 , 0.00993781
0.00971153 , 0.00971153 , 0.00971153
0.0106268 , 0.0106268 , 0.0106268
0.00957514 , 0.00957514 , 0.00957514
0.0102129 , 0.0102129 , 0.0102129
0.0095847 , 0.0095847 , 0.0095847
0.0094439 , 0.0094439 , 0.0094439
0.0107249 , 0.0107249 , 0.0107249
0.0104594 , 0.0104594 , 0.0104594
0.0101128 , 0.0101128 , 0.0101128
0.00996556 , 0.00996556 , 0.00996556
0.00969952 , 0.00969952 , 0.00969952
0.0100724 , 0.0100724 , 0.0100724
0.0100649 , 0.0100649 , 0.0100649
0.0103674 , 0.0103674 , 0.0103674
0.0104956 , 0.0104956 , 0.0104956
0.00972486 , 0.00972486 , 0.00972486
0.0106156 , 0.0106156 , 0.0106156
0.0102837 , 0.0102837 , 0.0102837
0.0095371 , 0.0095371 , 0.0095371
0.0095043 , 0.0095043 , 0.0095043
0.0104976 , 0.0104976 , 0.0104976
0.0105315 , 0.0105315 , 0.0105315
0.00974082 , 0.00974082 , 0.00974082
0.00976119 , 0.00976119 , 0.00976119
0.0101537 , 0.0101537 , 0.0101537
0.00925818 , 0.00925818 , 0.00925818
0.00949981 , 0.00949981 , 0.00949981
0.0104661 , 0.0104661 , 0.0104661
0.00963034 , 0.00963034 , 0.00963034
