0.0104763 , 0.0104763 , 0.0104763
0.00991193 , 0.00991193 , 0.00991193
0.0102623 , 0.0102623 , 0.0102623
0.0104518 , 0.0104518 , 0.0104518
0.00890117 , 0.00890117 , 0.00890117
0.00961733 , 0.00961733 , 0.00961733
0.00979135 , 0.00979135 , 0.00979135
0.0107629 , 0.0107629 , 0.0107629
0.0103929 , 0.0103929 , 0.0103929
0.00995976 , 0.00995976 , 0.00995976
0.00955653 , 0.00955653 , 0.00955653
0.00906694 , 0.00906694 , 0.00906694
0.0112958 , 0.0112958 , 0.0112958
0.00974668 , 0.00974668 , 0.00974668
0.00936406 , 0.00936406 , 0.00936406
0.0102677 , 0.0102677 , 0.0102677
0.0105726 , 0.0105726 , 0.0105726
0.00934781 , 0.00934781 , 0.00934781
0.0100663 , 0.0100663 , 0.0100663
0.010412 , 0.010412 , 0.010412
0.0106715 , 0.0106715 , 0.0106715
0.0104003 , 0.0104003 , 0.0104003
0.00969796 , 0.00969796 , 0.00969796
0.00975443 , 0.00975443 , 0.00975443
0.00990168 , 0.00990168 , 0.00990168
0.00987325 , 0.00987325 , 0.00987325
0.0105856 , 0.0105856 , 0.0105856
0.00987005 , 0.00987005 , 0.00987005
0.0102263 , 0.0102263 , 0.0102263
0.00897285 , 0.00897285 , 0.00897285
0.00971839 , 0.00971839 , 0.00971839
0.00970459 , 0.00970459 , 0.00970459
0.0105124 , 0.0105124 , 0.0105124
0.00982231 , 0.00982231 , 0.00982231
0.00993468 , 0.00993468 , 0.00993468
0.0107944 , 0.0107944 , 0.0107944
0.00943548 , 0.00943548 , 0.00943548
0.0100799 , 0.0100799 , 0.0100799
0.010396 , 0.010396 , 0.010396
0.010748 , 0.010748 , 0.010748
0.0106669 , 0.0106669 , 0.0106669
0.00986152 , 0.00986152 , 0.00986152
0.00950105 , 0.00950105 , 0.00950105
0.00918514 , 0.00918514 , 0.00918514
0.010369 , 0.010369 , 0.010369
0.00988985 , 0.00988985 , 0.00988985
0.0105623 , 0.0105623 , 0.0105623
0.0106975 , 0.0106975 , 0.0106975
0.00973791 , 0.00973791 , 0.00973791
0.0106293 , 0.0106293 , 0.0106293
0.00923827 , 0.00923827 , 0.00923827
0.0103398 , 0.0103398 , 0.0103398
0.00999493 , 0.00999493 , 0.00999493
0.0094943 , 0.0094943 , 0.0094943
0.00993196 , 0.00993196 , 0.00993196
0.01092 , 0.01092 , 0.01092
0.0093004 , 0.0093004 , 0.0093004
0.0102281 , 0.0102281 , 0.0102281
0.00939537 , 0.00939537 , 0.00939537
0.00915424 , 0.00915424 , 0.00915424
0.0108109 , 0.0108109 , 0.0108109
0.00963031 , 0.00963031 , 0.00963031
0.00990114 , 0.00990114 , 0.00990114
0.00995757 , 0.00995757 , 0.00995757
0.0098546 , 0.0098546 , 0.0098546
0.00996907 , 0.00996907 , 0.00996907
0.0102069 , 0.0102069 , 0.0102069
0.0104631 , 0.0104631 , 0.0104631
0.00974307 , 0.00974307 , 0.00974307
0.0102612 , 0.0102612 , 0.0102612
0.00984398 , 0.00984398 , 0.00984398
0.0102028 , 0.0102028 , 0.0102028
0.0099614 , 0.0099614 , 0.0099614
0.0102239 , 0.0102239 , 0.0102239
0.00981389 , 0.00981389 , 0.00981389
0.0095282 , 0.0095282 , 0.0095282
0.010377 , 0.010377 , 0.010377
0.0100467 , 0.0100467 , 0.0100467
0.00975288 , 0.00975288 , 0.00975288
0.00979239 , 0.00979239 , 0.00979239
0.0105181 , 0.0105181 , 0.0105181
0.010543 , 0.010543 , 0.010543
0.00990438 , 0.00990438 , 0.00990438
0.00963582 , 0.00963582 , 0.00963582
0.0104269 , 0.0104269 , 0.0104269
0.00983868 , 0.00983868 , 0.00983868
0.0100906 , 0.0100906 , 0.0100906
0.0104083 , 0.0104083 , 0.0104083
0.0112559 , 0.0112559 , 0.0112559
0.00994938 , 0.00994938 , 0.00994938
0.00934225 , 0.00934225 , 0.00934225
0.0102922 , 0.0102922 , 0.0102922
0.0106444 , 0.0106444 , 0.0106444
0.00954038 , 0.00954038 , 0.00954038
0.0102186 , 0.0102186 , 0.0102186
0.00912273 , 0.00912273 , 0.00912273
0.0105623 , 0.0105623 , 0.0105623
0.0103507 , 0.0103507 , 0.0103507
0.00975598 , 0.00975598 , 0.00975598
0.00961534 , 0.00961534 , 0.00961534
