0.00967717 , 0.00967717 , 0.00967717
0.0093574 , 0.0093574 , 0.0093574
0.0104545 , 0.0104545 , 0.0104545
0.0104522 , 0.0104522 , 0.0104522
0.0105868 , 0.0105868 , 0.0105868
0.0109642 , 0.0109642 , 0.0109642
0.0115736 , 0.0115736 , 0.0115736
0.0106402 , 0.0106402 , 0.0106402
0.00834637 , 0.00834637 , 0.00834637
0.0094799 , 0.0094799 , 0.0094799
0.00997392 , 0.00997392 , 0.00997392
0.00936294 , 0.00936294 , 0.00936294
0.00942684 , 0.00942684 , 0.00942684
0.00914021 , 0.00914021 , 0.00914021
0.0117322 , 0.0117322 , 0.0117322
0.010172 , 0.010172 , 0.010172
0.00894224 , 0.00894224 , 0.00894224
0.0102589 , 0.0102589 , 0.0102589
0.0101969 , 0.0101969 , 0.0101969
0.010294 , 0.010294 , 0.010294
0.00955317 , 0.00955317 , 0.00955317
0.0104398 , 0.0104398 , 0.0104398
0.0097946 , 0.0097946 , 0.0097946
0.0096281 , 0.0096281 , 0.0096281
0.00986297 , 0.00986297 , 0.00986297
0.00999535 , 0.00999535 , 0.00999535
0.00981045 , 0.00981045 , 0.00981045
0.0103729 , 0.0103729 , 0.0103729
0.0106896 , 0.0106896 , 0.0106896
0.00968696 , 0.00968696 , 0.00968696
0.0100998 , 0.0100998 , 0.0100998
0.0093128 , 0.0093128 , 0.0093128
0.0106739 , 0.0106739 , 0.0106739
0.010916 , 0.010916 , 0.010916
0.00980791 , 0.00980791 , 0.00980791
0.0106134 , 0.0106134 , 0.0106134
0.00957855 , 0.00957855 , 0.00957855
0.0104245 , 0.0104245 , 0.0104245
0.00959399 , 0.00959399 , 0.00959399
0.00979523 , 0.00979523 , 0.00979523
0.00941836 , 0.00941836 , 0.00941836
0.0107863 , 0.0107863 , 0.0107863
0.0102676 , 0.0102676 , 0.0102676
0.0102786 , 0.0102786 , 0.0102786
0.00919939 , 0.00919939 , 0.00919939
0.0104723 , 0.0104723 , 0.0104723
0.00871136 , 0.00871136 , 0.00871136
0.00993806 , 0.00993806 , 0.00993806
0.00987332 , 0.00987332 , 0.00987332
0.0105302 , 0.0105302 , 0.0105302
0.0105286 , 0.0105286 , 0.0105286
0.00965285 , 0.00965285 , 0.00965285
0.00962629 , 0.00962629 , 0.00962629
0.0103941 , 0.0103941 , 0.0103941
0.00989085 , 0.00989085 , 0.00989085
0.0115888 , 0.0115888 , 0.0115888
0.0102524 , 0.0102524 , 0.0102524
0.0103504 , 0.0103504 , 0.0103504
0.0101798 , 0.0101798 , 0.0101798
0.00943308 , 0.00943308 , 0.00943308
0.0102019 , 0.0102019 , 0.0102019
0.0104863 , 0.0104863 , 0.0104863
0.0112051 , 0.0112051 , 0.0112051
0.0102947 , 0.0102947 , 0.0102947
0.00966134 , 0.00966134 , 0.00966134
0.0104576 , 0.0104576 , 0.0104576
0.010127 , 0.010127 , 0.010127
0.00926611 , 0.00926611 , 0.00926611
0.00938076 , 0.00938076 , 0.00938076
0.0105892 , 0.0105892 , 0.0105892
0.0127159 , 0.0127159 , 0.0127159
0.0098824 , 0.0098824 , 0.0098824
0.0104077 , 0.0104077 , 0.0104077
0.00985201 , 0.00985201 , 0.00985201
0.0105294 , 0.0105294 , 0.0105294
0.00974563 , 0.00974563 , 0.00974563
0.00962569 , 0.00962569 , 0.00962569
0.00966925 , 0.00966925 , 0.00966925
0.00985073 , 0.00985073 , 0.00985073
0.00950762 , 0.00950762 , 0.00950762
0.0094799 , 0.0094799 , 0.0094799
0.0104661 , 0.0104661 , 0.0104661
0.00981999 , 0.00981999 , 0.00981999
0.0101172 , 0.0101172 , 0.0101172
0.0103571 , 0.0103571 , 0.0103571
0.0101883 , 0.0101883 , 0.0101883
0.00956908 , 0.00956908 , 0.00956908
0.0088378 , 0.0088378 , 0.0088378
0.00983085 , 0.00983085 , 0.00983085
0.0104383 , 0.0104383 , 0.0104383
0.00972266 , 0.00972266 , 0.00972266
0.010272 , 0.010272 , 0.010272
0.00953149 , 0.00953149 , 0.00953149
0.00972018 , 0.00972018 , 0.00972018
0.00971771 , 0.00971771 , 0.00971771
0.0101221 , 0.0101221 , 0.0101221
0.00858738 , 0.00858738 , 0.00858738
0.0106714 , 0.0106714 , 0.0106714
0.0104808 , 0.0104808 , 0.0104808
0.010916 , 0.010916 , 0.010916
