0.00983942 , 0.00983942 , 0.00983942
0.00968731 , 0.00968731 , 0.00968731
0.00995205 , 0.00995205 , 0.00995205
0.0102522 , 0.0102522 , 0.0102522
0.00951987 , 0.00951987 , 0.00951987
0.0100262 , 0.0100262 , 0.0100262
0.00909572 , 0.00909572 , 0.00909572
0.00962096 , 0.00962096 , 0.00962096
0.0108175 , 0.0108175 , 0.0108175
0.00834407 , 0.00834407 , 0.00834407
0.0106806 , 0.0106806 , 0.0106806
0.00923421 , 0.00923421 , 0.00923421
0.00969029 , 0.00969029 , 0.00969029
0.0108382 , 0.0108382 , 0.0108382
0.00963704 , 0.00963704 , 0.00963704
0.0091037 , 0.0091037 , 0.0091037
0.0109157 , 0.0109157 , 0.0109157
0.00973691 , 0.00973691 , 0.00973691
0.0102289 , 0.0102289 , 0.0102289
0.0103547 , 0.0103547 , 0.0103547
0.00936661 , 0.00936661 , 0.00936661
0.00952975 , 0.00952975 , 0.00952975
0.00880521 , 0.00880521 , 0.00880521
0.0103491 , 0.0103491 , 0.0103491
0.00982925 , 0.00982925 , 0.00982925
0.0108338 , 0.0108338 , 0.0108338
0.0100877 , 0.0100877 , 0.0100877
0.0105349 , 0.0105349 , 0.0105349
0.00969851 , 0.00969851 , 0.00969851
0.0108338 , 0.0108338 , 0.0108338
0.0093539 , 0.0093539 , 0.0093539
0.0094207 , 0.0094207 , 0.0094207
0.0102585 , 0.0102585 , 0.0102585
0.00990681 , 0.00990681 , 0.00990681
0.0100886 , 0.0100886 , 0.0100886
0.0104791 , 0.0104791 , 0.0104791
0.00904471 , 0.00904471 , 0.00904471
0.00890126 , 0.00890126 , 0.00890126
0.0103454 , 0.0103454 , 0.0103454
0.0109894 , 0.0109894 , 0.0109894
0.0100104 , 0.0100104 , 0.0100104
0.00957035 , 0.00957035 , 0.00957035
0.00929509 , 0.00929509 , 0.00929509
0.0117327 , 0.0117327 , 0.0117327
0.0120245 , 0.0120245 , 0.0120245
0.0102766 , 0.0102766 , 0.0102766
0.0103324 , 0.0103324 , 0.0103324
0.00977121 , 0.00977121 , 0.00977121
0.00969477 , 0.00969477 , 0.00969477
0.0102495 , 0.0102495 , 0.0102495
0.0106755 , 0.0106755 , 0.0106755
0.0105697 , 0.0105697 , 0.0105697
0.0101593 , 0.0101593 , 0.0101593
0.0106682 , 0.0106682 , 0.0106682
0.00950299 , 0.00950299 , 0.00950299
0.00992773 , 0.00992773 , 0.00992773
0.0094207 , 0.0094207 , 0.0094207
0.010453 , 0.010453 , 0.010453
0.0109011 , 0.0109011 , 0.0109011
0.0101715 , 0.0101715 , 0.0101715
0.00976661 , 0.00976661 , 0.00976661
0.00857148 , 0.00857148 , 0.00857148
0.00993906 , 0.00993906 , 0.00993906
0.00931611 , 0.00931611 , 0.00931611
0.0102921 , 0.0102921 , 0.0102921
0.00981444 , 0.00981444 , 0.00981444
0.0102441 , 0.0102441 , 0.0102441
0.0101462 , 0.0101462 , 0.0101462
0.0103223 , 0.0103223 , 0.0103223
0.00992209 , 0.00992209 , 0.00992209
0.00928986 , 0.00928986 , 0.00928986
0.0091739 , 0.0091739 , 0.0091739
0.010394 , 0.010394 , 0.010394
0.0115265 , 0.0115265 , 0.0115265
0.0085525 , 0.0085525 , 0.0085525
0.0097045 , 0.0097045 , 0.0097045
0.0106446 , 0.0106446 , 0.0106446
0.0106538 , 0.0106538 , 0.0106538
0.0104463 , 0.0104463 , 0.0104463
0.0106879 , 0.0106879 , 0.0106879
0.00932006 , 0.00932006 , 0.00932006
0.00934657 , 0.00934657 , 0.00934657
0.0096569 , 0.0096569 , 0.0096569
0.0111126 , 0.0111126 , 0.0111126
0.0104801 , 0.0104801 , 0.0104801
0.0103968 , 0.0103968 , 0.0103968
0.0102721 , 0.0102721 , 0.0102721
0.010768 , 0.010768 , 0.010768
0.00882641 , 0.00882641 , 0.00882641
0.00990121 , 0.00990121 , 0.00990121
0.011404 , 0.011404 , 0.011404
0.00978503 , 0.00978503 , 0.00978503
0.0101987 , 0.0101987 , 0.0101987
0.0091037 , 0.0091037 , 0.0091037
0.00962242 , 0.00962242 , 0.00962242
0.0102236 , 0.0102236 , 0.0102236
0.0100623 , 0.0100623 , 0.0100623
0.010116 , 0.010116 , 0.010116
0.00936996 , 0.00936996 , 0.00936996
0.00950229 , 0.00950229 , 0.00950229
