0.0102075 , 0.0102075 , 0.0102075
0.00986167 , 0.00986167 , 0.00986167
0.00978883 , 0.00978883 , 0.00978883
0.0108911 , 0.0108911 , 0.0108911
0.00981011 , 0.00981011 , 0.00981011
0.00972835 , 0.00972835 , 0.00972835
0.0103738 , 0.0103738 , 0.0103738
0.00964134 , 0.00964134 , 0.00964134
0.0100989 , 0.0100989 , 0.0100989
0.00897984 , 0.00897984 , 0.00897984
0.00955829 , 0.00955829 , 0.00955829
0.00968391 , 0.00968391 , 0.00968391
0.00908925 , 0.00908925 , 0.00908925
0.00967039 , 0.00967039 , 0.00967039
0.0106688 , 0.0106688 , 0.0106688
0.011214 , 0.011214 , 0.011214
0.00888565 , 0.00888565 , 0.00888565
0.0110932 , 0.0110932 , 0.0110932
0.0100062 , 0.0100062 , 0.0100062
0.0116811 , 0.0116811 , 0.0116811
0.00994539 , 0.00994539 , 0.00994539
0.0101758 , 0.0101758 , 0.0101758
0.00940697 , 0.00940697 , 0.00940697
0.00865152 , 0.00865152 , 0.00865152
0.00986288 , 0.00986288 , 0.00986288
0.00999852 , 0.00999852 , 0.00999852
0.0090599 , 0.0090599 , 0.0090599
0.0108107 , 0.0108107 , 0.0108107
0.0104217 , 0.0104217 , 0.0104217
0.00963468 , 0.00963468 , 0.00963468
0.0105406 , 0.0105406 , 0.0105406
0.0126169 , 0.0126169 , 0.0126169
0.00997055 , 0.00997055 , 0.00997055
0.0102807 , 0.0102807 , 0.0102807
0.00946642 , 0.00946642 , 0.00946642
0.00930957 , 0.00930957 , 0.00930957
0.0110756 , 0.0110756 , 0.0110756
0.00989581 , 0.00989581 , 0.00989581
0.0097318 , 0.0097318 , 0.0097318
0.0095167 , 0.0095167 , 0.0095167
0.0105139 , 0.0105139 , 0.0105139
0.0106955 , 0.0106955 , 0.0106955
0.0120197 , 0.0120197 , 0.0120197
0.00960385 , 0.00960385 , 0.00960385
0.00911984 , 0.00911984 , 0.00911984
0.00985079 , 0.00985079 , 0.00985079
0.00894749 , 0.00894749 , 0.00894749
0.0100619 , 0.0100619 , 0.0100619
0.0107396 , 0.0107396 , 0.0107396
0.0110971 , 0.0110971 , 0.0110971
0.00966253 , 0.00966253 , 0.00966253
0.010809 , 0.010809 , 0.010809
0.00967489 , 0.00967489 , 0.00967489
0.0104597 , 0.0104597 , 0.0104597
0.0105202 , 0.0105202 , 0.0105202
0.0103109 , 0.0103109 , 0.0103109
0.0105486 , 0.0105486 , 0.0105486
0.0110484 , 0.0110484 , 0.0110484
0.00929984 , 0.00929984 , 0.00929984
0.0103947 , 0.0103947 , 0.0103947
0.0100659 , 0.0100659 , 0.0100659
0.00946021 , 0.00946021 , 0.00946021
0.0105581 , 0.0105581 , 0.0105581
0.00992669 , 0.00992669 , 0.00992669
0.0101029 , 0.0101029 , 0.0101029
0.0117286 , 0.0117286 , 0.0117286
0.0103371 , 0.0103371 , 0.0103371
0.0101554 , 0.0101554 , 0.0101554
0.0111348 , 0.0111348 , 0.0111348
0.0100554 , 0.0100554 , 0.0100554
0.00969636 , 0.00969636 , 0.00969636
0.00990935 , 0.00990935 , 0.00990935
0.0118342 , 0.0118342 , 0.0118342
0.0111792 , 0.0111792 , 0.0111792
0.00991553 , 0.00991553 , 0.00991553
0.0107671 , 0.0107671 , 0.0107671
0.00955184 , 0.00955184 , 0.00955184
0.00969523 , 0.00969523 , 0.00969523
0.0109021 , 0.0109021 , 0.0109021
0.0105902 , 0.0105902 , 0.0105902
0.0119972 , 0.0119972 , 0.0119972
0.00973756 , 0.00973756 , 0.00973756
0.00950298 , 0.00950298 , 0.00950298
0.0102523 , 0.0102523 , 0.0102523
0.00956475 , 0.00956475 , 0.00956475
0.0102922 , 0.0102922 , 0.0102922
0.0093262 , 0.0093262 , 0.0093262
0.0103298 , 0.0103298 , 0.0103298
0.00936676 , 0.00936676 , 0.00936676
0.0100777 , 0.0100777 , 0.0100777
0.0097123 , 0.0097123 , 0.0097123
0.00951458 , 0.00951458 , 0.00951458
0.00954328 , 0.00954328 , 0.00954328
0.0118633 , 0.0118633 , 0.0118633
0.01106 , 0.01106 , 0.01106
0.0121864 , 0.0121864 , 0.0121864
0.0103182 , 0.0103182 , 0.0103182
0.00984236 , 0.00984236 , 0.00984236
0.0103225 , 0.0103225 , 0.0103225
0.012077 , 0.012077 , 0.012077
