0.0103473 , 0.0103473 , 0.0103473
0.00822158 , 0.00822158 , 0.00822158
0.0107257 , 0.0107257 , 0.0107257
0.00987674 , 0.00987674 , 0.00987674
0.0115262 , 0.0115262 , 0.0115262
0.00956858 , 0.00956858 , 0.00956858
0.00973767 , 0.00973767 , 0.00973767
0.0113125 , 0.0113125 , 0.0113125
0.00932478 , 0.00932478 , 0.00932478
0.0113378 , 0.0113378 , 0.0113378
0.00960497 , 0.00960497 , 0.00960497
0.0118023 , 0.0118023 , 0.0118023
0.0105269 , 0.0105269 , 0.0105269
0.0110034 , 0.0110034 , 0.0110034
0.0091159 , 0.0091159 , 0.0091159
0.0117545 , 0.0117545 , 0.0117545
0.0111871 , 0.0111871 , 0.0111871
0.0100003 , 0.0100003 , 0.0100003
0.00992291 , 0.00992291 , 0.00992291
0.0102976 , 0.0102976 , 0.0102976
0.0100051 , 0.0100051 , 0.0100051
0.00993537 , 0.00993537 , 0.00993537
0.00992913 , 0.00992913 , 0.00992913
0.0106128 , 0.0106128 , 0.0106128
0.0112436 , 0.0112436 , 0.0112436
0.0100213 , 0.0100213 , 0.0100213
0.0104095 , 0.0104095 , 0.0104095
0.0106782 , 0.0106782 , 0.0106782
0.00953933 , 0.00953933 , 0.00953933
0.0099385 , 0.0099385 , 0.0099385
0.010233 , 0.010233 , 0.010233
0.00993693 , 0.00993693 , 0.00993693
0.0121347 , 0.0121347 , 0.0121347
0.0104095 , 0.0104095 , 0.0104095
0.0101563 , 0.0101563 , 0.0101563
0.00978557 , 0.00978557 , 0.00978557
0.0112463 , 0.0112463 , 0.0112463
0.00892093 , 0.00892093 , 0.00892093
0.00996208 , 0.00996208 , 0.00996208
0.00947804 , 0.00947804 , 0.00947804
0.0107148 , 0.0107148 , 0.0107148
0.00976367 , 0.00976367 , 0.00976367
0.0110455 , 0.0110455 , 0.0110455
0.00883308 , 0.00883308 , 0.00883308
0.00942584 , 0.00942584 , 0.00942584
0.0102401 , 0.0102401 , 0.0102401
0.0101926 , 0.0101926 , 0.0101926
0.010077 , 0.010077 , 0.010077
0.00932961 , 0.00932961 , 0.00932961
0.0098047 , 0.0098047 , 0.0098047
0.00956858 , 0.00956858 , 0.00956858
0.00918653 , 0.00918653 , 0.00918653
0.0098047 , 0.0098047 , 0.0098047
0.0107944 , 0.0107944 , 0.0107944
0.00959413 , 0.00959413 , 0.00959413
0.00824593 , 0.00824593 , 0.00824593
0.0101324 , 0.0101324 , 0.0101324
0.00870248 , 0.00870248 , 0.00870248
0.0103178 , 0.0103178 , 0.0103178
0.00979291 , 0.00979291 , 0.00979291
0.01017 , 0.01017 , 0.01017
0.0103773 , 0.0103773 , 0.0103773
0.0101426 , 0.0101426 , 0.0101426
0.010535 , 0.010535 , 0.010535
0.0125642 , 0.0125642 , 0.0125642
0.0110058 , 0.0110058 , 0.0110058
0.0110009 , 0.0110009 , 0.0110009
0.00977533 , 0.00977533 , 0.00977533
0.0122693 , 0.0122693 , 0.0122693
0.00903021 , 0.00903021 , 0.00903021
0.00905915 , 0.00905915 , 0.00905915
0.00960497 , 0.00960497 , 0.00960497
0.0112572 , 0.0112572 , 0.0112572
0.0089599 , 0.0089599 , 0.0089599
0.00915825 , 0.00915825 , 0.00915825
0.0115633 , 0.0115633 , 0.0115633
0.0107499 , 0.0107499 , 0.0107499
0.0109765 , 0.0109765 , 0.0109765
0.00915039 , 0.00915039 , 0.00915039
0.00905592 , 0.00905592 , 0.00905592
0.0113013 , 0.0113013 , 0.0113013
0.0098951 , 0.0098951 , 0.0098951
0.01255 , 0.01255 , 0.01255
0.00944227 , 0.00944227 , 0.00944227
0.00978997 , 0.00978997 , 0.00978997
0.0113864 , 0.0113864 , 0.0113864
0.01045 , 0.01045 , 0.01045
0.00985098 , 0.00985098 , 0.00985098
0.00968369 , 0.00968369 , 0.00968369
0.00951829 , 0.00951829 , 0.00951829
0.0102472 , 0.0102472 , 0.0102472
0.0112902 , 0.0112902 , 0.0112902
0.0106997 , 0.0106997 , 0.0106997
0.0110555 , 0.0110555 , 0.0110555
0.010676 , 0.010676 , 0.010676
0.00949224 , 0.00949224 , 0.00949224
0.0098737 , 0.0098737 , 0.0098737
0.0102597 , 0.0102597 , 0.0102597
0.0118475 , 0.0118475 , 0.0118475
0.0106484 , 0.0106484 , 0.0106484
