0.0119805 , 0.0119805 , 0.0119805
0.0100304 , 0.0100304 , 0.0100304
0.0103312 , 0.0103312 , 0.0103312
0.0106641 , 0.0106641 , 0.0106641
0.0117184 , 0.0117184 , 0.0117184
0.0109035 , 0.0109035 , 0.0109035
0.0114875 , 0.0114875 , 0.0114875
0.0119269 , 0.0119269 , 0.0119269
0.0088722 , 0.0088722 , 0.0088722
0.00848815 , 0.00848815 , 0.00848815
0.0106008 , 0.0106008 , 0.0106008
0.0104843 , 0.0104843 , 0.0104843
0.00905833 , 0.00905833 , 0.00905833
0.0129308 , 0.0129308 , 0.0129308
0.0112436 , 0.0112436 , 0.0112436
0.0110381 , 0.0110381 , 0.0110381
0.00880035 , 0.00880035 , 0.00880035
0.0127477 , 0.0127477 , 0.0127477
0.00900667 , 0.00900667 , 0.00900667
0.00915746 , 0.00915746 , 0.00915746
0.00768358 , 0.00768358 , 0.00768358
0.00949937 , 0.00949937 , 0.00949937
0.0102367 , 0.0102367 , 0.0102367
0.0123813 , 0.0123813 , 0.0123813
0.0104759 , 0.0104759 , 0.0104759
0.00929119 , 0.00929119 , 0.00929119
0.0103081 , 0.0103081 , 0.0103081
0.0118324 , 0.0118324 , 0.0118324
0.00962723 , 0.00962723 , 0.00962723
0.00884134 , 0.00884134 , 0.00884134
0.0110381 , 0.0110381 , 0.0110381
0.00953505 , 0.00953505 , 0.00953505
0.00849266 , 0.00849266 , 0.00849266
0.0105612 , 0.0105612 , 0.0105612
0.00951968 , 0.00951968 , 0.00951968
0.0110493 , 0.0110493 , 0.0110493
0.0108777 , 0.0108777 , 0.0108777
0.0115087 , 0.0115087 , 0.0115087
0.00986505 , 0.00986505 , 0.00986505
0.0100537 , 0.0100537 , 0.0100537
0.00992384 , 0.00992384 , 0.00992384
0.00768656 , 0.00768656 , 0.00768656
0.010967 , 0.010967 , 0.010967
0.0113002 , 0.0113002 , 0.0113002
0.0101821 , 0.0101821 , 0.0101821
0.0106966 , 0.0106966 , 0.0106966
0.0118408 , 0.0118408 , 0.0118408
0.00945196 , 0.00945196 , 0.00945196
0.0109088 , 0.0109088 , 0.0109088
0.0105964 , 0.0105964 , 0.0105964
0.0105568 , 0.0105568 , 0.0105568
0.0101785 , 0.0101785 , 0.0101785
0.0120449 , 0.0120449 , 0.0120449
0.00911554 , 0.00911554 , 0.00911554
0.00955055 , 0.00955055 , 0.00955055
0.00972967 , 0.00972967 , 0.00972967
0.0100808 , 0.0100808 , 0.0100808
0.00902836 , 0.00902836 , 0.00902836
0.00919597 , 0.00919597 , 0.00919597
0.0108271 , 0.0108271 , 0.0108271
0.0101431 , 0.0101431 , 0.0101431
0.0121806 , 0.0121806 , 0.0121806
0.011027 , 0.011027 , 0.011027
0.00956094 , 0.00956094 , 0.00956094
0.0111826 , 0.0111826 , 0.0111826
0.0113453 , 0.0113453 , 0.0113453
0.0106413 , 0.0106413 , 0.0106413
0.00953762 , 0.00953762 , 0.00953762
0.0111294 , 0.0111294 , 0.0111294
0.0142568 , 0.0142568 , 0.0142568
0.0101396 , 0.0101396 , 0.0101396
0.00970987 , 0.00970987 , 0.00970987
0.00886308 , 0.00886308 , 0.00886308
0.0107201 , 0.0107201 , 0.0107201
0.010047 , 0.010047 , 0.010047
0.0105096 , 0.0105096 , 0.0105096
0.0103158 , 0.0103158 , 0.0103158
0.00981095 , 0.00981095 , 0.00981095
0.0114527 , 0.0114527 , 0.0114527
0.00904029 , 0.00904029 , 0.00904029
0.0103942 , 0.0103942 , 0.0103942
0.0092441 , 0.0092441 , 0.0092441
0.00853991 , 0.00853991 , 0.00853991
0.0117583 , 0.0117583 , 0.0117583
0.0112498 , 0.0112498 , 0.0112498
0.00911969 , 0.00911969 , 0.00911969
0.0101396 , 0.0101396 , 0.0101396
0.00970706 , 0.00970706 , 0.00970706
0.0107632 , 0.0107632 , 0.0107632
0.00972967 , 0.00972967 , 0.00972967
0.0114253 , 0.0114253 , 0.0114253
0.0122942 , 0.0122942 , 0.0122942
0.0099207 , 0.0099207 , 0.0099207
0.00927311 , 0.00927311 , 0.00927311
0.00951458 , 0.00951458 , 0.00951458
0.00862184 , 0.00862184 , 0.00862184
0.0103942 , 0.0103942 , 0.0103942
0.0125681 , 0.0125681 , 0.0125681
0.0155956 , 0.0155956 , 0.0155956
0.00807539 , 0.00807539 , 0.00807539
