0.00878373 , 0.00878373 , 0.00878373
0.0126925 , 0.0126925 , 0.0126925
0.00926563 , 0.00926563 , 0.00926563
0.015394 , 0.015394 , 0.015394
0.00913867 , 0.00913867 , 0.00913867
0.0103257 , 0.0103257 , 0.0103257
0.0104228 , 0.0104228 , 0.0104228
0.00845187 , 0.00845187 , 0.00845187
0.00887867 , 0.00887867 , 0.00887867
0.0121216 , 0.0121216 , 0.0121216
0.0106165 , 0.0106165 , 0.0106165
0.0104978 , 0.0104978 , 0.0104978
0.00872027 , 0.00872027 , 0.00872027
0.0102239 , 0.0102239 , 0.0102239
0.008397 , 0.008397 , 0.008397
0.0105933 , 0.0105933 , 0.0105933
0.0104978 , 0.0104978 , 0.0104978
0.0093138 , 0.0093138 , 0.0093138
0.00895265 , 0.00895265 , 0.00895265
0.0121891 , 0.0121891 , 0.0121891
0.010893 , 0.010893 , 0.010893
0.0096328 , 0.0096328 , 0.0096328
0.00865894 , 0.00865894 , 0.00865894
0.00895029 , 0.00895029 , 0.00895029
0.0102334 , 0.0102334 , 0.0102334
0.00949468 , 0.00949468 , 0.00949468
0.0103558 , 0.0103558 , 0.0103558
0.0108795 , 0.0108795 , 0.0108795
0.00787383 , 0.00787383 , 0.00787383
0.0159451 , 0.0159451 , 0.0159451
0.0119813 , 0.0119813 , 0.0119813
0.0101276 , 0.0101276 , 0.0101276
0.00954608 , 0.00954608 , 0.00954608
0.00865894 , 0.00865894 , 0.00865894
0.00887867 , 0.00887867 , 0.00887867
0.0132123 , 0.0132123 , 0.0132123
0.0101959 , 0.0101959 , 0.0101959
0.00988892 , 0.00988892 , 0.00988892
0.0126566 , 0.0126566 , 0.0126566
0.00931955 , 0.00931955 , 0.00931955
0.00883833 , 0.00883833 , 0.00883833
0.00973461 , 0.00973461 , 0.00973461
0.00970596 , 0.00970596 , 0.00970596
0.011461 , 0.011461 , 0.011461
0.00974911 , 0.00974911 , 0.00974911
0.0108199 , 0.0108199 , 0.0108199
0.00895974 , 0.00895974 , 0.00895974
0.0101591 , 0.0101591 , 0.0101591
0.0103916 , 0.0103916 , 0.0103916
0.00837275 , 0.00837275 , 0.00837275
0.00974185 , 0.00974185 , 0.00974185
0.0102524 , 0.0102524 , 0.0102524
0.010262 , 0.010262 , 0.010262
0.0105309 , 0.0105309 , 0.0105309
0.0112269 , 0.0112269 , 0.0112269
0.0109066 , 0.0109066 , 0.0109066
0.00925448 , 0.00925448 , 0.00925448
0.0127476 , 0.0127476 , 0.0127476
0.0105875 , 0.0105875 , 0.0105875
0.0132123 , 0.0132123 , 0.0132123
0.00806885 , 0.00806885 , 0.00806885
0.0107558 , 0.0107558 , 0.0107558
0.0107621 , 0.0107621 , 0.0107621
0.0108069 , 0.0108069 , 0.0108069
0.0118856 , 0.0118856 , 0.0118856
0.013498 , 0.013498 , 0.013498
0.00842158 , 0.00842158 , 0.00842158
0.0119936 , 0.0119936 , 0.0119936
1 , 1 , 1
0.0101546 , 0.0101546 , 0.0101546
0.011687 , 0.011687 , 0.011687
0.0107184 , 0.0107184 , 0.0107184
0.0116152 , 0.0116152 , 0.0116152
0.0108862 , 0.0108862 , 0.0108862
0.0102145 , 0.0102145 , 0.0102145
0.0119569 , 0.0119569 , 0.0119569
0.0109834 , 0.0109834 , 0.0109834
0.0111708 , 0.0111708 , 0.0111708
0.00935444 , 0.00935444 , 0.00935444
0.0103108 , 0.0103108 , 0.0103108
0.0110561 , 0.0110561 , 0.0110561
0.0112932 , 0.0112932 , 0.0112932
0.0114517 , 0.0114517 , 0.0114517
0.0101591 , 0.0101591 , 0.0101591
0.0102145 , 0.0102145 , 0.0102145
0.00945086 , 0.00945086 , 0.00945086
0.00951059 , 0.00951059 , 0.00951059
0.0095856 , 0.0095856 , 0.0095856
0.00901747 , 0.00901747 , 0.00901747
0.0104333 , 0.0104333 , 0.0104333
0.00882507 , 0.00882507 , 0.00882507
0.00995691 , 0.00995691 , 0.00995691
0.0115269 , 0.0115269 , 0.0115269
0.0109204 , 0.0109204 , 0.0109204
0.0103058 , 0.0103058 , 0.0103058
0.00980827 , 0.00980827 , 0.00980827
0.0125699 , 0.0125699 , 0.0125699
0.012729 , 0.012729 , 0.012729
0.00990866 , 0.00990866 , 0.00990866
0.011851 , 0.011851 , 0.011851
