0.0110458 , 0.0110458 , 0.0110458
0.00884768 , 0.00884768 , 0.00884768
0.0104016 , 0.0104016 , 0.0104016
0.00885044 , 0.00885044 , 0.00885044
0.00936718 , 0.00936718 , 0.00936718
0.0137214 , 0.0137214 , 0.0137214
0.0107181 , 0.0107181 , 0.0107181
0.00987696 , 0.00987696 , 0.00987696
0.00949027 , 0.00949027 , 0.00949027
0.010163 , 0.010163 , 0.010163
0.0112092 , 0.0112092 , 0.0112092
0.0134288 , 0.0134288 , 0.0134288
0.00992746 , 0.00992746 , 0.00992746
0.0112308 , 0.0112308 , 0.0112308
0.00960986 , 0.00960986 , 0.00960986
0.0125442 , 0.0125442 , 0.0125442
0.00905212 , 0.00905212 , 0.00905212
0.012153 , 0.012153 , 0.012153
0.0116043 , 0.0116043 , 0.0116043
0.00938961 , 0.00938961 , 0.00938961
0.0113312 , 0.0113312 , 0.0113312
0.00946259 , 0.00946259 , 0.00946259
0.0133535 , 0.0133535 , 0.0133535
0.0111053 , 0.0111053 , 0.0111053
0.0103163 , 0.0103163 , 0.0103163
0.0117736 , 0.0117736 , 0.0117736
0.00965309 , 0.00965309 , 0.00965309
0.0112636 , 0.0112636 , 0.0112636
0.00946651 , 0.00946651 , 0.00946651
0.00894982 , 0.00894982 , 0.00894982
0.00946651 , 0.00946651 , 0.00946651
0.0104985 , 0.0104985 , 0.0104985
0.0105199 , 0.0105199 , 0.0105199
0.00865977 , 0.00865977 , 0.00865977
0.010694 , 0.010694 , 0.010694
0.0115513 , 0.0115513 , 0.0115513
0.00987199 , 0.00987199 , 0.00987199
0.0101807 , 0.0101807 , 0.0101807
0.0100061 , 0.0100061 , 0.0100061
0.0110361 , 0.0110361 , 0.0110361
0.0113543 , 0.0113543 , 0.0113543
0.0102106 , 0.0102106 , 0.0102106
0.0109144 , 0.0109144 , 0.0109144
0.00956769 , 0.00956769 , 0.00956769
0.0101748 , 0.0101748 , 0.0101748
0.0109695 , 0.0109695 , 0.0109695
0.0106162 , 0.0106162 , 0.0106162
1 , 1 , 1
0.00884493 , 0.00884493 , 0.00884493
0.0090367 , 0.0090367 , 0.0090367
0.012153 , 0.012153 , 0.012153
0.0109235 , 0.0109235 , 0.0109235
0.0100772 , 0.0100772 , 0.0100772
0.014747 , 0.014747 , 0.014747
0.0111985 , 0.0111985 , 0.0111985
0.00989195 , 0.00989195 , 0.00989195
0.00919075 , 0.00919075 , 0.00919075
0.0109602 , 0.0109602 , 0.0109602
0.00831725 , 0.00831725 , 0.00831725
0.0107923 , 0.0107923 , 0.0107923
0.0104425 , 0.0104425 , 0.0104425
0.00884768 , 0.00884768 , 0.00884768
0.00893527 , 0.00893527 , 0.00893527
0.0145162 , 0.0145162 , 0.0145162
0.0118186 , 0.0118186 , 0.0118186
0.0102845 , 0.0102845 , 0.0102845
0.0103486 , 0.0103486 , 0.0103486
0.00999537 , 0.00999537 , 0.00999537
0.00969741 , 0.00969741 , 0.00969741
0.0120985 , 0.0120985 , 0.0120985
0.00879342 , 0.00879342 , 0.00879342
0.0132464 , 0.0132464 , 0.0132464
0.00805193 , 0.00805193 , 0.00805193
0.00874859 , 0.00874859 , 0.00874859
0.009211 , 0.009211 , 0.009211
0.0101748 , 0.0101748 , 0.0101748
0.00842844 , 0.00842844 , 0.00842844
0.0102657 , 0.0102657 , 0.0102657
0.0142496 , 0.0142496 , 0.0142496
0.0121902 , 0.0121902 , 0.0121902
0.0101397 , 0.0101397 , 0.0101397
0.00936718 , 0.00936718 , 0.00936718
0.0116178 , 0.0116178 , 0.0116178
0.010241 , 0.010241 , 0.010241
1 , 1 , 1
0.010044 , 0.010044 , 0.010044
0.0113197 , 0.0113197 , 0.0113197
0.00898227 , 0.00898227 , 0.00898227
0.0100007 , 0.0100007 , 0.0100007
0.0111256 , 0.0111256 , 0.0111256
0.00973829 , 0.00973829 , 0.00973829
0.0121715 , 0.0121715 , 0.0121715
0.00857999 , 0.00857999 , 0.00857999
0.0107425 , 0.0107425 , 0.0107425
0.015217 , 0.015217 , 0.015217
0.0102106 , 0.0102106 , 0.0102106
0.00975677 , 0.00975677 , 0.00975677
0.00864991 , 0.00864991 , 0.00864991
0.0100661 , 0.0100661 , 0.0100661
0.00910882 , 0.00910882 , 0.00910882
