0.0139384 , 0.0139384 , 0.0139384
0.0128364 , 0.0128364 , 0.0128364
0.00821919 , 0.00821919 , 0.00821919
0.0110661 , 0.0110661 , 0.0110661
0.00997617 , 0.00997617 , 0.00997617
1 , 1 , 1
0.00936662 , 0.00936662 , 0.00936662
0.0106115 , 0.0106115 , 0.0106115
0.0100881 , 0.0100881 , 0.0100881
0.0129148 , 0.0129148 , 0.0129148
0.0111882 , 0.0111882 , 0.0111882
0.0106115 , 0.0106115 , 0.0106115
0.0103208 , 0.0103208 , 0.0103208
0.0118774 , 0.0118774 , 0.0118774
0.0115488 , 0.0115488 , 0.0115488
0.00916436 , 0.00916436 , 0.00916436
0.00992293 , 0.00992293 , 0.00992293
0.00924492 , 0.00924492 , 0.00924492
0.0109894 , 0.0109894 , 0.0109894
0.0090179 , 0.0090179 , 0.0090179
0.0139384 , 0.0139384 , 0.0139384
0.00904463 , 0.00904463 , 0.00904463
0.00914788 , 0.00914788 , 0.00914788
1 , 1 , 1
0.0102716 , 0.0102716 , 0.0102716
0.00935729 , 0.00935729 , 0.00935729
0.00965178 , 0.00965178 , 0.00965178
0.0105151 , 0.0105151 , 0.0105151
0.0113823 , 0.0113823 , 0.0113823
0.00922763 , 0.00922763 , 0.00922763
1 , 1 , 1
1 , 1 , 1
0.0150769 , 0.0150769 , 0.0150769
0.0110401 , 0.0110401 , 0.0110401
0.0115665 , 0.0115665 , 0.0115665
0.0128752 , 0.0128752 , 0.0128752
1 , 1 , 1
0.00780369 , 0.00780369 , 0.00780369
0.00898044 , 0.00898044 , 0.00898044
0.0116575 , 0.0116575 , 0.0116575
0.0100523 , 0.0100523 , 0.0100523
0.0113982 , 0.0113982 , 0.0113982
0.0172074 , 0.0172074 , 0.0172074
0.010296 , 0.010296 , 0.010296
1 , 1 , 1
1 , 1 , 1
0.011231 , 0.011231 , 0.011231
0.0136638 , 0.0136638 , 0.0136638
0.0108574 , 0.0108574 , 0.0108574
0.0125237 , 0.0125237 , 0.0125237
1 , 1 , 1
0.00940926 , 0.00940926 , 0.00940926
0.00964623 , 0.00964623 , 0.00964623
1 , 1 , 1
0.00992293 , 0.00992293 , 0.00992293
0.00945303 , 0.00945303 , 0.00945303
0.0145676 , 0.0145676 , 0.0145676
0.0118352 , 0.0118352 , 0.0118352
0.011988 , 0.011988 , 0.011988
1 , 1 , 1
0.0121564 , 0.0121564 , 0.0121564
1 , 1 , 1
0.0118774 , 0.0118774 , 0.0118774
0.012261 , 0.012261 , 0.012261
0.00979084 , 0.00979084 , 0.00979084
0.00924928 , 0.00924928 , 0.00924928
0.00955465 , 0.00955465 , 0.00955465
0.00915199 , 0.00915199 , 0.00915199
0.00947785 , 0.00947785 , 0.00947785
0.0105339 , 0.0105339 , 0.0105339
0.0095235 , 0.0095235 , 0.0095235
1 , 1 , 1
0.00893659 , 0.00893659 , 0.00893659
0.0118145 , 0.0118145 , 0.0118145
0.00858973 , 0.00858973 , 0.00858973
0.0092712 , 0.0092712 , 0.0092712
0.00951837 , 0.00951837 , 0.00951837
1 , 1 , 1
0.011988 , 0.011988 , 0.011988
0.00973147 , 0.00973147 , 0.00973147
0.00938544 , 0.00938544 , 0.00938544
0.0106115 , 0.0106115 , 0.0106115
0.00910341 , 0.00910341 , 0.00910341
0.00963519 , 0.00963519 , 0.00963519
0.0122882 , 0.0122882 , 0.0122882
0.00923626 , 0.00923626 , 0.00923626
0.00798216 , 0.00798216 , 0.00798216
1 , 1 , 1
0.0098152 , 0.0098152 , 0.0098152
0.00942372 , 0.00942372 , 0.00942372
0.0121819 , 0.0121819 , 0.0121819
0.00872686 , 0.00872686 , 0.00872686
0.0127986 , 0.0127986 , 0.0127986
0.010746 , 0.010746 , 0.010746
0.0149341 , 0.0149341 , 0.0149341
0.0112749 , 0.0112749 , 0.0112749
1 , 1 , 1
0.0108459 , 0.0108459 , 0.0108459
0.00918938 , 0.00918938 , 0.00918938
0.0111058 , 0.0111058 , 0.0111058
