0.00999573 , 0.00998503 , 0.0100086
0.0103633 , 0.0103523 , 0.0103759
0.00975499 , 0.00974448 , 0.0097681
0.00978329 , 0.00977276 , 0.00979638
0.0103097 , 0.0102987 , 0.0103223
0.0105099 , 0.0104988 , 0.0105224
0.0103525 , 0.0103415 , 0.0103651
0.0104418 , 0.0104308 , 0.0104544
0.0103038 , 0.0102929 , 0.0103165
0.010045 , 0.0100343 , 0.0100579
0.00924632 , 0.00923622 , 0.00925985
0.0107969 , 0.0107856 , 0.0108092
0.00996285 , 0.00995218 , 0.00997579
0.00975439 , 0.00974389 , 0.00976751
0.0103004 , 0.0102895 , 0.0103131
0.0105258 , 0.0105147 , 0.0105383
0.0100205 , 0.0100098 , 0.0100334
0.00984662 , 0.00983604 , 0.00985966
0.0104391 , 0.010428 , 0.0104516
0.00971931 , 0.00970883 , 0.00973245
0.0104422 , 0.0104311 , 0.0104547
0.00981313 , 0.00980258 , 0.0098262
0.0100172 , 0.0100065 , 0.0100301
0.00975261 , 0.0097421 , 0.00976572
0.0103796 , 0.0103687 , 0.0103923
0.00969734 , 0.00968688 , 0.0097105
0.010314 , 0.010303 , 0.0103266
0.0104934 , 0.0104823 , 0.0105059
0.0105354 , 0.0105243 , 0.0105479
0.00992071 , 0.00991007 , 0.00993369
0.0102139 , 0.0102031 , 0.0102267
0.0101791 , 0.0101683 , 0.0101919
0.00985381 , 0.00984322 , 0.00986684
0.0097535 , 0.009743 , 0.00976661
0.0106852 , 0.0106739 , 0.0106975
0.0103075 , 0.0102966 , 0.0103202
0.0100126 , 0.0100019 , 0.0100256
0.0098586 , 0.00984801 , 0.00987163
0.00965498 , 0.00964455 , 0.00966817
0.0101922 , 0.0101814 , 0.010205
0.0101965 , 0.0101857 , 0.0102093
0.00993153 , 0.00992089 , 0.0099445
0.00958971 , 0.00957933 , 0.00960296
0.00989097 , 0.00988036 , 0.00990398
0.00995351 , 0.00994285 , 0.00996646
0.0100711 , 0.0100603 , 0.0100839
0.00974844 , 0.00973794 , 0.00976156
0.00972079 , 0.00971031 , 0.00973393
0.0101048 , 0.010094 , 0.0101176
0.0100402 , 0.0100294 , 0.0100531
0.00976303 , 0.00975252 , 0.00977613
0.0100142 , 0.0100034 , 0.0100271
0.00988077 , 0.00987017 , 0.00989379
0.00958058 , 0.00957021 , 0.00959383
0.0104133 , 0.0104023 , 0.0104259
0.00934044 , 0.00933026 , 0.00935389
0.0102314 , 0.0102205 , 0.0102441
0.010116 , 0.0101052 , 0.0101289
0.00975112 , 0.00974062 , 0.00976424
0.0098003 , 0.00978975 , 0.00981337
0.0101431 , 0.0101323 , 0.0101559
0.0096198 , 0.0096094 , 0.00963302
0.0101033 , 0.0100925 , 0.0101161
0.0103716 , 0.0103606 , 0.0103842
0.00986339 , 0.0098528 , 0.00987641
0.00953733 , 0.00952699 , 0.00955062
0.00929636 , 0.00928621 , 0.00930984
0.00969853 , 0.00968807 , 0.00971169
0.00985051 , 0.00983993 , 0.00986355
0.0103226 , 0.0103116 , 0.0103352
0.00967126 , 0.00966082 , 0.00968444
0.0100456 , 0.0100349 , 0.0100585
0.00947369 , 0.0094634 , 0.00948703
0.00995531 , 0.00994465 , 0.00996827
0.010016 , 0.0100053 , 0.0100289
0.00943976 , 0.00942951 , 0.00945313
0.00967392 , 0.00966348 , 0.0096871
0.00995622 , 0.00994556 , 0.00996917
0.00938988 , 0.00937967 , 0.00940329
0.0104316 , 0.0104206 , 0.0104442
0.0101157 , 0.0101049 , 0.0101286
0.010058 , 0.0100473 , 0.0100709
0.0102777 , 0.0102668 , 0.0102904
0.00960091 , 0.00959053 , 0.00961415
0.00939658 , 0.00938636 , 0.00940999
0.00998969 , 0.009979 , 0.0100026
0.010086 , 0.0100752 , 0.0100988
0.0100726 , 0.0100618 , 0.0100855
0.0103799 , 0.010369 , 0.0103926
0.00996285 , 0.00995218 , 0.00997579
0.00976839 , 0.00975787 , 0.00978149
0.00998728 , 0.00997659 , 0.0100002
0.0103756 , 0.0103646 , 0.0103882
0.00981164 , 0.00980109 , 0.00982471
0.0103713 , 0.0103603 , 0.0103839
0.0105857 , 0.0105746 , 0.0105982
0.00974428 , 0.00973378 , 0.0097574
0.0103531 , 0.0103421 , 0.0103657
0.0101507 , 0.0101399 , 0.0101635
0.00937009 , 0.00935989 , 0.00938352
