0.0103103 , 0.0103103 , 0.0103103
0.00789955 , 0.00789955 , 0.00789955
0.00873337 , 0.00873337 , 0.00873337
0.00874322 , 0.00874322 , 0.00874322
0.0134661 , 0.0134661 , 0.0134661
0.00922201 , 0.00922201 , 0.00922201
0.0105367 , 0.0105367 , 0.0105367
0.0132521 , 0.0132521 , 0.0132521
1 , 1 , 1
1 , 1 , 1
1 , 1 , 1
0.0124294 , 0.0124294 , 0.0124294
0.0101013 , 0.0101013 , 0.0101013
1 , 1 , 1
0.00868032 , 0.00868032 , 0.00868032
0.00986483 , 0.00986483 , 0.00986483
0.0126794 , 0.0126794 , 0.0126794
0.00934216 , 0.00934216 , 0.00934216
0.0115753 , 0.0115753 , 0.0115753
1 , 1 , 1
0.0107651 , 0.0107651 , 0.0107651
0.0143909 , 0.0143909 , 0.0143909
1 , 1 , 1
0.0133553 , 0.0133553 , 0.0133553
0.0110574 , 0.0110574 , 0.0110574
1 , 1 , 1
0.0133553 , 0.0133553 , 0.0133553
0.0106378 , 0.0106378 , 0.0106378
0.00876812 , 0.00876812 , 0.00876812
0.0133553 , 0.0133553 , 0.0133553
1 , 1 , 1
1 , 1 , 1
0.00944099 , 0.00944099 , 0.00944099
0.00944887 , 0.00944887 , 0.00944887
0.0120726 , 0.0120726 , 0.0120726
0.0137157 , 0.0137157 , 0.0137157
0.0102688 , 0.0102688 , 0.0102688
1 , 1 , 1
0.0124294 , 0.0124294 , 0.0124294
0.0110574 , 0.0110574 , 0.0110574
0.00967888 , 0.00967888 , 0.00967888
0.00894375 , 0.00894375 , 0.00894375
0.00753778 , 0.00753778 , 0.00753778
1 , 1 , 1
0.00899543 , 0.00899543 , 0.00899543
1 , 1 , 1
1 , 1 , 1
0.00886137 , 0.00886137 , 0.00886137
1 , 1 , 1
0.00995057 , 0.00995057 , 0.00995057
1 , 1 , 1
1 , 1 , 1
0.00968811 , 0.00968811 , 0.00968811
1 , 1 , 1
1 , 1 , 1
0.0108035 , 0.0108035 , 0.0108035
0.00934953 , 0.00934953 , 0.00934953
0.00821531 , 0.00821531 , 0.00821531
0.0095052 , 0.0095052 , 0.0095052
0.0148933 , 0.0148933 , 0.0148933
0.00920848 , 0.00920848 , 0.00920848
0.00934953 , 0.00934953 , 0.00934953
0.00953001 , 0.00953001 , 0.00953001
0.00800466 , 0.00800466 , 0.00800466
0.00940988 , 0.00940988 , 0.00940988
0.0116763 , 0.0116763 , 0.0116763
0.00852301 , 0.00852301 , 0.00852301
0.00797176 , 0.00797176 , 0.00797176
0.00917519 , 0.00917519 , 0.00917519
0.00834605 , 0.00834605 , 0.00834605
0.0101892 , 0.0101892 , 0.0101892
1 , 1 , 1
0.0113632 , 0.0113632 , 0.0113632
0.01626 , 0.01626 , 0.01626
0.00748976 , 0.00748976 , 0.00748976
0.00918179 , 0.00918179 , 0.00918179
0.00867559 , 0.00867559 , 0.00867559
0.00746843 , 0.00746843 , 0.00746843
0.0120726 , 0.0120726 , 0.0120726
0.0102963 , 0.0102963 , 0.0102963
0.0100771 , 0.0100771 , 0.0100771
0.00860636 , 0.00860636 , 0.00860636
0.0103386 , 0.0103386 , 0.0103386
0.0102552 , 0.0102552 , 0.0102552
1 , 1 , 1
0.0080383 , 0.0080383 , 0.0080383
1 , 1 , 1
0.00792515 , 0.00792515 , 0.00792515
0.00961578 , 0.00961578 , 0.00961578
0.0128986 , 0.0128986 , 0.0128986
0.00942535 , 0.00942535 , 0.00942535
0.0116083 , 0.0116083 , 0.0116083
0.00928442 , 0.00928442 , 0.00928442
0.0105205 , 0.0105205 , 0.0105205
0.00888833 , 0.00888833 , 0.00888833
0.0100533 , 0.0100533 , 0.0100533
1 , 1 , 1
1 , 1 , 1
1 , 1 , 1
1 , 1 , 1
