1 , 1 , 1
0.00817039 , 0.00817039 , 0.00817039
1 , 1 , 1
1 , 1 , 1
0.0111386 , 0.0111386 , 0.0111386
1 , 1 , 1
1 , 1 , 1
1 , 1 , 1
0.00968775 , 0.00968775 , 0.00968775
1 , 1 , 1
0.0112398 , 0.0112398 , 0.0112398
0.00877174 , 0.00877174 , 0.00877174
0.0103177 , 0.0103177 , 0.0103177
0.0071469 , 0.0071469 , 0.0071469
0.00974831 , 0.00974831 , 0.00974831
0.00987768 , 0.00987768 , 0.00987768
0.00893077 , 0.00893077 , 0.00893077
0.0123413 , 0.0123413 , 0.0123413
0.00871636 , 0.00871636 , 0.00871636
1 , 1 , 1
0.010694 , 0.010694 , 0.010694
0.0100349 , 0.0100349 , 0.0100349
0.00892378 , 0.00892378 , 0.00892378
1 , 1 , 1
1 , 1 , 1
1 , 1 , 1
0.0142504 , 0.0142504 , 0.0142504
0.0112752 , 0.0112752 , 0.0112752
0.0105145 , 0.0105145 , 0.0105145
0.00793819 , 0.00793819 , 0.00793819
0.010694 , 0.010694 , 0.010694
0.00927774 , 0.00927774 , 0.00927774
1 , 1 , 1
0.00952 , 0.00952 , 0.00952
0.012198 , 0.012198 , 0.012198
1 , 1 , 1
0.00968775 , 0.00968775 , 0.00968775
0.00815396 , 0.00815396 , 0.00815396
0.00872849 , 0.00872849 , 0.00872849
1 , 1 , 1
0.0076872 , 0.0076872 , 0.0076872
0.0125873 , 0.0125873 , 0.0125873
1 , 1 , 1
0.010005 , 0.010005 , 0.010005
0.0105573 , 0.0105573 , 0.0105573
1 , 1 , 1
1 , 1 , 1
0.00862855 , 0.00862855 , 0.00862855
1 , 1 , 1
0.0115508 , 0.0115508 , 0.0115508
0.00854044 , 0.00854044 , 0.00854044
0.0109843 , 0.0109843 , 0.0109843
0.00690462 , 0.00690462 , 0.00690462
1 , 1 , 1
1 , 1 , 1
1 , 1 , 1
0.0100501 , 0.0100501 , 0.0100501
0.0095306 , 0.0095306 , 0.0095306
0.011508 , 0.011508 , 0.011508
0.0137696 , 0.0137696 , 0.0137696
1 , 1 , 1
0.0105145 , 0.0105145 , 0.0105145
0.0092425 , 0.0092425 , 0.0092425
1 , 1 , 1
0.00906277 , 0.00906277 , 0.00906277
1 , 1 , 1
0.00866304 , 0.00866304 , 0.00866304
1 , 1 , 1
0.00770204 , 0.00770204 , 0.00770204
1 , 1 , 1
0.0105792 , 0.0105792 , 0.0105792
0.00961828 , 0.00961828 , 0.00961828
0.00944796 , 0.00944796 , 0.00944796
1 , 1 , 1
1 , 1 , 1
0.0129989 , 0.0129989 , 0.0129989
1 , 1 , 1
1 , 1 , 1
0.00882934 , 0.00882934 , 0.00882934
1 , 1 , 1
0.0113869 , 0.0113869 , 0.0113869
0.00876548 , 0.00876548 , 0.00876548
0.00971167 , 0.00971167 , 0.00971167
0.0120678 , 0.0120678 , 0.0120678
0.0104128 , 0.0104128 , 0.0104128
1 , 1 , 1
0.00854044 , 0.00854044 , 0.00854044
0.00903991 , 0.00903991 , 0.00903991
0.00934156 , 0.00934156 , 0.00934156
0.00896624 , 0.00896624 , 0.00896624
0.00968775 , 0.00968775 , 0.00968775
0.00835995 , 0.00835995 , 0.00835995
1 , 1 , 1
1 , 1 , 1
0.00791034 , 0.00791034 , 0.00791034
0.0112398 , 0.0112398 , 0.0112398
1 , 1 , 1
0.00947839 , 0.00947839 , 0.00947839
0.00793819 , 0.00793819 , 0.00793819
0.0124187 , 0.0124187 , 0.0124187
