0.0118597 , 0.0118597 , 0.0118597
1 , 1 , 1
0.00993376 , 0.00993376 , 0.00993376
1 , 1 , 1
1 , 1 , 1
1 , 1 , 1
0.00649377 , 0.00649377 , 0.00649377
0.00896061 , 0.00896061 , 0.00896061
0.00887321 , 0.00887321 , 0.00887321
0.010554 , 0.010554 , 0.010554
1 , 1 , 1
1 , 1 , 1
0.0107574 , 0.0107574 , 0.0107574
1 , 1 , 1
0.00939837 , 0.00939837 , 0.00939837
1 , 1 , 1
1 , 1 , 1
0.00956577 , 0.00956577 , 0.00956577
1 , 1 , 1
1 , 1 , 1
0.00890532 , 0.00890532 , 0.00890532
1 , 1 , 1
1 , 1 , 1
1 , 1 , 1
0.010165 , 0.010165 , 0.010165
1 , 1 , 1
0.0128779 , 0.0128779 , 0.0128779
0.00744527 , 0.00744527 , 0.00744527
1 , 1 , 1
0.00918133 , 0.00918133 , 0.00918133
1 , 1 , 1
0.0119652 , 0.0119652 , 0.0119652
0.00896061 , 0.00896061 , 0.00896061
1 , 1 , 1
0.0101934 , 0.0101934 , 0.0101934
1 , 1 , 1
1 , 1 , 1
1 , 1 , 1
1 , 1 , 1
1 , 1 , 1
1 , 1 , 1
0.00986487 , 0.00986487 , 0.00986487
0.0101934 , 0.0101934 , 0.0101934
0.0117621 , 0.0117621 , 0.0117621
1 , 1 , 1
0.00890532 , 0.00890532 , 0.00890532
1 , 1 , 1
1 , 1 , 1
0.00834078 , 0.00834078 , 0.00834078
0.0109461 , 0.0109461 , 0.0109461
1 , 1 , 1
1 , 1 , 1
1 , 1 , 1
1 , 1 , 1
0.00825191 , 0.00825191 , 0.00825191
1 , 1 , 1
0.00879123 , 0.00879123 , 0.00879123
1 , 1 , 1
0.0077559 , 0.0077559 , 0.0077559
1 , 1 , 1
1 , 1 , 1
1 , 1 , 1
1 , 1 , 1
1 , 1 , 1
1 , 1 , 1
0.00832671 , 0.00832671 , 0.00832671
0.0094302 , 0.0094302 , 0.0094302
1 , 1 , 1
0.0103453 , 0.0103453 , 0.0103453
1 , 1 , 1
1 , 1 , 1
1 , 1 , 1
1 , 1 , 1
1 , 1 , 1
1 , 1 , 1
1 , 1 , 1
1 , 1 , 1
1 , 1 , 1
0.00778347 , 0.00778347 , 0.00778347
1 , 1 , 1
1 , 1 , 1
1 , 1 , 1
0.00938274 , 0.00938274 , 0.00938274
0.0131179 , 0.0131179 , 0.0131179
1 , 1 , 1
0.00816863 , 0.00816863 , 0.00816863
1 , 1 , 1
1 , 1 , 1
0.00982086 , 0.00982086 , 0.00982086
0.00914189 , 0.00914189 , 0.00914189
1 , 1 , 1
0.0112277 , 0.0112277 , 0.0112277
1 , 1 , 1
1 , 1 , 1
1 , 1 , 1
1 , 1 , 1
1 , 1 , 1
1 , 1 , 1
1 , 1 , 1
1 , 1 , 1
