0.0097862 , 0.00978374 , 0.00978792
0.0101599 , 0.0101574 , 0.0101616
0.0102027 , 0.0102002 , 0.0102044
0.0100731 , 0.0100706 , 0.0100748
0.00997528 , 0.00997279 , 0.00997698
0.00990902 , 0.00990654 , 0.00991072
0.0103457 , 0.0103431 , 0.0103473
0.0106453 , 0.0106427 , 0.0106469
0.0104743 , 0.0104718 , 0.0104759
0.0104236 , 0.0104211 , 0.0104253
0.00972635 , 0.0097239 , 0.00972809
0.010552 , 0.0105495 , 0.0105536
0.00983618 , 0.00983372 , 0.0098379
0.0102338 , 0.0102313 , 0.0102354
0.0100903 , 0.0100878 , 0.010092
0.0100835 , 0.010081 , 0.0100852
0.0103311 , 0.0103286 , 0.0103328
0.00972502 , 0.00972258 , 0.00972676
0.010203 , 0.0102005 , 0.0102047
0.0104327 , 0.0104301 , 0.0104343
0.00999075 , 0.00998827 , 0.00999245
0.0103929 , 0.0103904 , 0.0103945
0.010442 , 0.0104395 , 0.0104436
0.0101406 , 0.0101381 , 0.0101423
0.00973883 , 0.00973638 , 0.00974056
0.0101624 , 0.0101599 , 0.0101641
0.0100988 , 0.0100963 , 0.0101005
0.00947975 , 0.00947735 , 0.00948153
0.00942076 , 0.00941836 , 0.00942254
0.00987966 , 0.00987719 , 0.00988137
0.0102252 , 0.0102227 , 0.0102268
0.0102621 , 0.0102596 , 0.0102638
0.00997528 , 0.00997279 , 0.00997698
0.00966683 , 0.00966439 , 0.00966857
0.0105426 , 0.01054 , 0.0105442
0.00995766 , 0.00995518 , 0.00995936
0.00950313 , 0.00950072 , 0.0095049
0.00995414 , 0.00995166 , 0.00995584
0.00938237 , 0.00937997 , 0.00938416
0.00983082 , 0.00982836 , 0.00983254
0.010603 , 0.0106004 , 0.0106046
0.0103272 , 0.0103247 , 0.0103288
0.0103698 , 0.0103673 , 0.0103715
0.0103656 , 0.0103631 , 0.0103673
0.0100567 , 0.0100542 , 0.0100584
0.0096869 , 0.00968446 , 0.00968864
0.00990902 , 0.00990654 , 0.00991072
0.010593 , 0.0105904 , 0.0105946
0.0100259 , 0.0100234 , 0.0100275
0.0093249 , 0.00932252 , 0.0093267
0.0102327 , 0.0102302 , 0.0102343
0.00955264 , 0.00955022 , 0.0095544
0.00930956 , 0.00930718 , 0.00931137
0.0097734 , 0.00977095 , 0.00977513
0.0099913 , 0.00998881 , 0.00999299
0.0103043 , 0.0103017 , 0.0103059
0.0104219 , 0.0104194 , 0.0104236
0.0104908 , 0.0104882 , 0.0104924
0.0106292 , 0.0106266 , 0.0106308
0.0101197 , 0.0101172 , 0.0101214
0.0100065 , 0.010004 , 0.0100082
0.00999401 , 0.00999153 , 0.00999571
0.0103051 , 0.0103026 , 0.0103067
0.010511 , 0.0105084 , 0.0105126
0.00981744 , 0.00981498 , 0.00981916
0.0102666 , 0.0102641 , 0.0102683
0.00981156 , 0.0098091 , 0.00981328
0.01109 , 0.0110873 , 0.0110915
0.00919542 , 0.00919306 , 0.00919724
0.0102741 , 0.0102716 , 0.0102758
0.00959267 , 0.00959024 , 0.00959442
0.0103227 , 0.0103202 , 0.0103244
0.0100163 , 0.0100138 , 0.010018
0.0101472 , 0.0101447 , 0.0101489
0.00965338 , 0.00965094 , 0.00965512
0.0102144 , 0.0102119 , 0.010216
0.00970462 , 0.00970218 , 0.00970636
0.0106967 , 0.0106941 , 0.0106983
0.0101271 , 0.0101246 , 0.0101288
0.00992035 , 0.00991787 , 0.00992205
0.0103084 , 0.0103059 , 0.0103101
0.00980354 , 0.00980109 , 0.00980527
0.0101828 , 0.0101803 , 0.0101845
0.0109469 , 0.0109443 , 0.0109485
0.00955656 , 0.00955414 , 0.00955832
0.0105383 , 0.0105358 , 0.0105399
0.0101002 , 0.0100977 , 0.0101019
0.010847 , 0.0108444 , 0.0108486
0.0103603 , 0.0103577 , 0.0103619
0.0102194 , 0.0102168 , 0.010221
0.00936746 , 0.00936507 , 0.00936925
0.0106542 , 0.0106516 , 0.0106558
0.0105278 , 0.0105252 , 0.0105294
0.00952395 , 0.00952153 , 0.00952572
0.00960972 , 0.00960729 , 0.00961147
0.0101872 , 0.0101847 , 0.0101889
0.00981263 , 0.00981017 , 0.00981435
0.0101665 , 0.010164 , 0.0101682
0.00971045 , 0.009708 , 0.00971218
0.0093762 , 0.0093738 , 0.00937799
