0.0104989 , 0.0106086
0.00964335 , 0.0097988
0.00963393 , 0.00978997
0.0110203 , 0.0111088
0.0106282 , 0.0107323
0.0133473 , 0.0133808
0.010292 , 0.0104114
0.00934286 , 0.00951829
0.0106767 , 0.0107787
0.0103386 , 0.0104558
0.00965754 , 0.00981211
0.00938116 , 0.00955391
0.00956429 , 0.00972477
0.00968616 , 0.00983895
0.00956887 , 0.00972907
0.00989553 , 0.0100359
0.00961362 , 0.00977095
0.00926099 , 0.00944227
0.01028 , 0.0104
0.0103882 , 0.010503
0.0100448 , 0.0101769
0.00979545 , 0.00994163
0.00844268 , 0.00869323
0.00982559 , 0.00996999
0.00929124 , 0.00947033
0.0102581 , 0.0103792
0.0114649 , 0.0115385
0.00967182 , 0.00982549
0.00886182 , 0.0090743
0.00951134 , 0.00967528
0.010155 , 0.0102813
0.0100412 , 0.0101735
0.0115325 , 0.0116041
0.0115195 , 0.0115915
0.0104323 , 0.0105451
0.0103612 , 0.0104773
0.0122069 , 0.0122609
0.0102344 , 0.0103566
0.010023 , 0.0101563
0.0103591 , 0.0104753
0.00852683 , 0.00876926
0.00959811 , 0.00975642
0.0112723 , 0.011352
0.00993559 , 0.0100737
0.011217 , 0.0112986
0.0106767 , 0.0107787
0.00989726 , 0.0100375
0.0102442 , 0.010366
0.010686 , 0.0107876
0.00898906 , 0.00919108
0.00988002 , 0.0100213
0.00880667 , 0.00902383
0.00910162 , 0.0092948
0.0107572 , 0.0108559
0.0104967 , 0.0106065
0.0107428 , 0.0108421
0.00979378 , 0.00994006
0.0101341 , 0.0102615
0.0100522 , 0.0101839
0.00858754 , 0.00882427
0.0102541 , 0.0103754
0.00916032 , 0.00934903
0.0101954 , 0.0103196
0.0105163 , 0.0106253
0.010104 , 0.010233
0.0107025 , 0.0108034
0.0104091 , 0.0105229
0.0147164 , 0.0147351
0.00881714 , 0.00903341
0.00913669 , 0.00932719
0.0103 , 0.0104191
0.010078 , 0.0102083
0.0124974 , 0.0125452
0.00870172 , 0.00892806
0.00850897 , 0.0087531
0.00952034 , 0.00968369
0.0115621 , 0.0116328
0.00922028 , 0.00940453
0.00974106 , 0.0098905
0.00874801 , 0.00897026
0.00984248 , 0.0099859
0.0106884 , 0.0107899
0.0106512 , 0.0107543
0.0130702 , 0.0131078
0.0111713 , 0.0112545
0.0110851 , 0.0111713
0.00854586 , 0.0087865
0.0092528 , 0.00943467
0.00955057 , 0.00971195
0.0113079 , 0.0113864
0.0104366 , 0.0105491
0.0100375 , 0.01017
0.0116358 , 0.0117044
0.00822469 , 0.0084974
0.0103861 , 0.010501
0.00869836 , 0.008925
0.00997092 , 0.010107
0.0100049 , 0.0101392
0.0100303 , 0.0101631
0.00930927 , 0.00948707
