0.0132098 , 0.0132121
0.00738297 , 0.00744734
0.0113244 , 0.0113312
0.00900169 , 0.00902751
0.00849666 , 0.00853106
0.00902039 , 0.00904594
0.0115984 , 0.0116043
0.00982142 , 0.00983759
1 , 1
0.00787022 , 0.00791921
0.0137197 , 0.0137214
0.014129 , 0.0141303
0.00875033 , 0.00878011
0.0117535 , 0.0117588
0.00788861 , 0.0079371
0.00898318 , 0.00900927
0.0100296 , 0.010044
1 , 1
0.00921203 , 0.00923493
0.0111077 , 0.0111154
0.00956148 , 0.00958023
0.00921203 , 0.00923493
0.0117983 , 0.0118035
0.00898011 , 0.00900625
0.0103967 , 0.0104083
0.00835256 , 0.00838987
0.00912358 , 0.00914766
0.00934221 , 0.00936347
0.0106446 , 0.0106547
0.0124728 , 0.0124763
0.00930509 , 0.0093268
0.00922252 , 0.00924529
0.00995925 , 0.00997419
0.0101734 , 0.0101867
0.00910377 , 0.00912813
0.0110378 , 0.0110458
0.0104104 , 0.0104219
0.0120763 , 0.0120807
0.0118442 , 0.0118493
0.0153278 , 0.0153285
0.0102469 , 0.0102595
0.0100186 , 0.0100331
0.0121122 , 0.0121165
0.0100352 , 0.0100495
0.0108 , 0.0108092
0.0129868 , 0.0129894
0.0101675 , 0.0101807
0.00910377 , 0.00912813
0.0103764 , 0.0103882
0.00830977 , 0.008348
0.00946246 , 0.00948231
0.0100631 , 0.0100772
0.0105755 , 0.010586
0.00940326 , 0.00942379
0.0113359 , 0.0113427
0.00921902 , 0.00924183
0.0115584 , 0.0115644
0.0105605 , 0.0105711
0.00898933 , 0.00901533
0.0152162 , 0.015217
0.0111699 , 0.0111774
1 , 1
0.00967988 , 0.00969741
0.0145151 , 0.0145162
0.010103 , 0.0101167
0.0164134 , 0.0164138
0.00953202 , 0.0095511
0.0103431 , 0.0103551
0.0108 , 0.0108092
0.0122437 , 0.0122477
0.00941495 , 0.00943534
0.00927593 , 0.00929801
0.015575 , 0.0155756
0.0106524 , 0.0106625
0.0119731 , 0.0119777
0.0100407 , 0.010055
0.0102037 , 0.0102167
0.0108877 , 0.0108965
0.0091537 , 0.00917738
0.00937629 , 0.00939715
0.00979703 , 0.00981343
0.0116256 , 0.0116314
0.0140172 , 0.0140187
0.0104946 , 0.0105056
0.0109705 , 0.0109789
1 , 1
0.0127892 , 0.0127921
0.0109705 , 0.0109789
0.0117983 , 0.0118035
0.0112345 , 0.0112416
0.00947454 , 0.00949426
0.00868935 , 0.00872019
0.0117098 , 0.0117153
0.0104946 , 0.0105056
0.0121122 , 0.0121165
0.0103564 , 0.0103683
0.0104104 , 0.0104219
0.0119075 , 0.0119123
0.0124072 , 0.0124109
0.00934221 , 0.00936347
