0.0122731 , 0.0122731
0.00901886 , 0.00901886
0.0103938 , 0.0103938
0.00996188 , 0.00996188
0.0100784 , 0.0100784
0.0123191 , 0.0123191
0.00895866 , 0.00895866
0.0114327 , 0.0114327
0.00913618 , 0.00913618
0.0117315 , 0.0117315
0.0096713 , 0.0096713
0.00848615 , 0.00848615
0.00858205 , 0.00858205
0.0118977 , 0.0118977
0.0113266 , 0.0113266
0.0114561 , 0.0114561
0.0097567 , 0.0097567
0.00963323 , 0.00963323
0.0105676 , 0.0105676
0.00875598 , 0.00875598
0.0118456 , 0.0118456
0.00960935 , 0.00960935
0.0103962 , 0.0103962
0.0101059 , 0.0101059
0.00905948 , 0.00905948
0.0105183 , 0.0105183
0.0117901 , 0.0117901
0.0095392 , 0.0095392
0.00962467 , 0.00962467
0.0109408 , 0.0109408
0.0102036 , 0.0102036
0.00974945 , 0.00974945
0.0115482 , 0.0115482
0.0110359 , 0.0110359
0.00873305 , 0.00873305
0.00990101 , 0.00990101
0.0108675 , 0.0108675
0.00983988 , 0.00983988
0.00912389 , 0.00912389
0.0106722 , 0.0106722
0.0108377 , 0.0108377
0.0107335 , 0.0107335
0.0106971 , 0.0106971
0.0102943 , 0.0102943
0.00991851 , 0.00991851
0.009438 , 0.009438
0.00872281 , 0.00872281
0.0117315 , 0.0117315
0.0116443 , 0.0116443
0.0111661 , 0.0111661
0.00832015 , 0.00832015
0.01 , 0.01
0.0100451 , 0.0100451
0.00859701 , 0.00859701
0.0100265 , 0.0100265
0.00992437 , 0.00992437
0.0137044 , 0.0137044
0.0102485 , 0.0102485
0.0115853 , 0.0115853
0.0105913 , 0.0105913
0.00944429 , 0.00944429
0.00957734 , 0.00957734
0.00976761 , 0.00976761
0.0093533 , 0.0093533
0.00917208 , 0.00917208
0.0121515 , 0.0121515
0.011062 , 0.011062
0.0114561 , 0.0114561
0.009647 , 0.009647
0.0116104 , 0.0116104
0.00904367 , 0.00904367
0.010226 , 0.010226
0.00966259 , 0.00966259
0.0103817 , 0.0103817
0.0096994 , 0.0096994
0.0107937 , 0.0107937
0.0105623 , 0.0105623
0.0103153 , 0.0103153
0.0105158 , 0.0105158
0.00963838 , 0.00963838
0.0126642 , 0.0126642
0.011334 , 0.011334
0.0101358 , 0.0101358
0.0104777 , 0.0104777
0.0107251 , 0.0107251
0.0132794 , 0.0132794
0.00987406 , 0.00987406
0.0102553 , 0.0102553
0.0109595 , 0.0109595
0.0101596 , 0.0101596
0.0104428 , 0.0104428
0.0102874 , 0.0102874
0.0105005 , 0.0105005
0.0103106 , 0.0103106
0.00979882 , 0.00979882
0.0100847 , 0.0100847
0.00905684 , 0.00905684
0.00897133 , 0.00897133
0.00893478 , 0.00893478
0.0114996 , 0.0114996
