0.0137778 , 0.0137778
1 , 1
1 , 1
0.00961 , 0.00961
0.0106991 , 0.0106991
0.0129583 , 0.0129583
0.00939748 , 0.00939748
0.0116805 , 0.0116805
1 , 1
0.0132095 , 0.0132095
0.0155969 , 0.0155969
0.0086718 , 0.0086718
0.0113988 , 0.0113988
0.00769695 , 0.00769695
1 , 1
0.00800843 , 0.00800843
0.00899555 , 0.00899555
1 , 1
0.0125516 , 0.0125516
0.00952936 , 0.00952936
0.00898161 , 0.00898161
0.0113356 , 0.0113356
1 , 1
0.0109048 , 0.0109048
0.00846214 , 0.00846214
0.010567 , 0.010567
0.0123036 , 0.0123036
0.00822187 , 0.00822187
0.0120895 , 0.0120895
0.0109206 , 0.0109206
0.00969499 , 0.00969499
1 , 1
0.0131428 , 0.0131428
1 , 1
0.0103321 , 0.0103321
0.0112748 , 0.0112748
0.00933836 , 0.00933836
0.0119924 , 0.0119924
0.00966615 , 0.00966615
0.00939748 , 0.00939748
0.010567 , 0.010567
0.00976189 , 0.00976189
0.00916283 , 0.00916283
0.00913199 , 0.00913199
1 , 1
0.00994701 , 0.00994701
0.0136828 , 0.0136828
0.0106449 , 0.0106449
0.0137778 , 0.0137778
0.0101864 , 0.0101864
0.00947148 , 0.00947148
0.00899089 , 0.00899089
0.0113151 , 0.0113151
0.0103105 , 0.0103105
0.0105797 , 0.0105797
0.00899089 , 0.00899089
0.0103541 , 0.0103541
0.00877792 , 0.00877792
0.0089137 , 0.0089137
1 , 1
1 , 1
0.00988833 , 0.00988833
1 , 1
1 , 1
0.00902857 , 0.00902857
1 , 1
0.00930392 , 0.00930392
1 , 1
0.00773006 , 0.00773006
0.00921561 , 0.00921561
1 , 1
0.0117869 , 0.0117869
0.0087698 , 0.0087698
1 , 1
1 , 1
0.0110019 , 0.0110019
0.012382 , 0.012382
0.0136828 , 0.0136828
0.011901 , 0.011901
0.00927022 , 0.00927022
0.00814112 , 0.00814112
0.00975432 , 0.00975432
0.0159455 , 0.0159455
0.0111973 , 0.0111973
0.00956246 , 0.00956246
0.0119614 , 0.0119614
0.014678 , 0.014678
0.0110357 , 0.0110357
0.00914734 , 0.00914734
0.00883589 , 0.00883589
0.00992159 , 0.00992159
0.0122658 , 0.0122658
0.0103213 , 0.0103213
0.00996418 , 0.00996418
0.0117596 , 0.0117596
0.0104688 , 0.0104688
0.00874572 , 0.00874572
0.00888733 , 0.00888733
0.0105295 , 0.0105295
0.0115809 , 0.0115809
