0.00914554 , 0.00914554
1 , 1
0.0112978 , 0.0112978
0.0089101 , 0.0089101
0.00896305 , 0.00896305
1 , 1
0.00933223 , 0.00933223
1 , 1
0.00906574 , 0.00906574
0.0100786 , 0.0100786
1 , 1
0.00810646 , 0.00810646
0.00673271 , 0.00673271
1 , 1
1 , 1
0.00982118 , 0.00982118
0.00949427 , 0.00949427
1 , 1
1 , 1
1 , 1
1 , 1
0.0108427 , 0.0108427
1 , 1
1 , 1
0.0139663 , 0.0139663
0.0102507 , 0.0102507
1 , 1
1 , 1
0.00854689 , 0.00854689
0.010915 , 0.010915
1 , 1
1 , 1
0.00839582 , 0.00839582
0.0139663 , 0.0139663
1 , 1
0.00691997 , 0.00691997
1 , 1
1 , 1
0.0109913 , 0.0109913
0.00886748 , 0.00886748
1 , 1
1 , 1
1 , 1
1 , 1
1 , 1
1 , 1
0.00972406 , 0.00972406
0.00770644 , 0.00770644
1 , 1
1 , 1
1 , 1
1 , 1
1 , 1
0.0115095 , 0.0115095
1 , 1
0.0088343 , 0.0088343
0.0102056 , 0.0102056
0.00867215 , 0.00867215
0.0103703 , 0.0103703
1 , 1
0.00893632 , 0.00893632
0.00791706 , 0.00791706
0.00827052 , 0.00827052
0.00862207 , 0.00862207
0.00953454 , 0.00953454
0.00841987 , 0.00841987
0.0104212 , 0.0104212
1 , 1
0.00758531 , 0.00758531
0.0083605 , 0.0083605
0.010228 , 0.010228
1 , 1
1 , 1
1 , 1
0.00838987 , 0.00838987
1 , 1
1 , 1
1 , 1
0.0130166 , 0.0130166
1 , 1
1 , 1
0.00936797 , 0.00936797
0.0149151 , 0.0149151
1 , 1
1 , 1
0.0090275 , 0.0090275
0.00933223 , 0.00933223
1 , 1
0.00855355 , 0.00855355
0.0124606 , 0.0124606
0.00944235 , 0.00944235
1 , 1
0.0116928 , 0.0116928
1 , 1
0.0102056 , 0.0102056
0.00985514 , 0.00985514
0.00987244 , 0.00987244
1 , 1
1 , 1
1 , 1
