0.020761 , 0.0212141
0.0211247 , 0.0215753
0.020927 , 0.0213789
0.0207383 , 0.0211915
0.0198668 , 0.020326
0.0206129 , 0.021067
0.0208504 , 0.0213028
0.0211133 , 0.0215639
0.0207731 , 0.0212261
0.0210509 , 0.0215019
0.0206831 , 0.0211367
0.0211362 , 0.0215866
0.0206658 , 0.0211195
0.0208352 , 0.0212878
0.0203683 , 0.020824
0.0215855 , 0.0220329
0.0207655 , 0.0212186
0.0211644 , 0.0216146
0.0198125 , 0.0202721
0.0216963 , 0.0221429
0.0206967 , 0.0211502
0.0218266 , 0.0222724
0.021288 , 0.0217375
0.0210349 , 0.0214861
0.0202872 , 0.0207436
0.0212078 , 0.0216578
0.0210433 , 0.0214944
0.021108 , 0.0215586
0.0212514 , 0.021701
0.0214457 , 0.0218941
0.0204713 , 0.0209263
0.0206484 , 0.0211022
0.0202408 , 0.0206974
0.021363 , 0.0218119
0.0214327 , 0.0218811
0.0216978 , 0.0221445
0.0207171 , 0.0211705
0.0206559 , 0.0211097
0.021285 , 0.0217344
0.0215509 , 0.0219985
0.020309 , 0.0207652
0.0218691 , 0.0223146
0.0211911 , 0.0216412
0.021544 , 0.0219916
0.0209763 , 0.0214279
0.0208496 , 0.0213021
0.0214672 , 0.0219154
0.0210288 , 0.02148
0.0216686 , 0.0221154
0.0211461 , 0.0215965
0.0215816 , 0.022029
0.021044 , 0.0214951
0.0210448 , 0.0214959
0.0203638 , 0.0208196
0.020243 , 0.0206996
0.0216378 , 0.0220848
0.0215179 , 0.0219657
0.0210182 , 0.0214694
0.0204901 , 0.020945
0.0206726 , 0.0211262
0.021694 , 0.0221406
0.0219465 , 0.0223914
0.0209475 , 0.0213993
0.0208807 , 0.0213329
0.0213645 , 0.0218134
0.0203878 , 0.0208434
0.021022 , 0.0214732
0.0206998 , 0.0211532
0.0205797 , 0.021034
0.0205164 , 0.0209712
0.0205933 , 0.0210475
0.0200001 , 0.0204584
0.0211903 , 0.0216404
0.021092 , 0.0215427
0.0209915 , 0.021443
0.0218436 , 0.0222893
0.0210509 , 0.0215019
0.0205707 , 0.021025
0.0213952 , 0.0218439
0.0213492 , 0.0217982
0.0209012 , 0.0213533
0.0212682 , 0.0217177
0.0210242 , 0.0214755
0.0212942 , 0.0217435
0.0226306 , 0.0230709
0.0205533 , 0.0210078
0.0201988 , 0.0206558
0.0220379 , 0.0224822
0.0212178 , 0.0216677
0.0209019 , 0.021354
0.0205631 , 0.0210176
0.0213339 , 0.021783
0.021657 , 0.0221039
0.0216324 , 0.0220795
0.020949 , 0.0214008
0.0213186 , 0.0217678
0.0210699 , 0.0215208
0.0217803 , 0.0222264
0.0202895 , 0.0207458
0.0209908 , 0.0214423
