0.0708792 , 0.0710715
0.0699811 , 0.0701768
0.0705342 , 0.0707278
0.0729272 , 0.0731122
0.0703868 , 0.0705809
0.0713046 , 0.0714954
0.0712327 , 0.0714238
0.071684 , 0.0718735
0.0719684 , 0.0721569
0.0722461 , 0.0724336
0.0703767 , 0.0705708
0.0721938 , 0.0723814
0.0699572 , 0.0701529
0.0726709 , 0.0728569
0.071204 , 0.0713952
0.0714671 , 0.0716573
0.072872 , 0.0730572
0.0710791 , 0.0712708
0.0705685 , 0.070762
0.0713066 , 0.0714974
0.0714898 , 0.0716799
0.0710015 , 0.0711934
0.0713354 , 0.0715261
0.0737839 , 0.0739659
0.0715125 , 0.0717025
0.0716964 , 0.0718858
0.0714527 , 0.071643
0.0709892 , 0.0711812
0.0714548 , 0.071645
0.0698912 , 0.0700872
0.0717068 , 0.0718961
0.0684999 , 0.068701
0.0713436 , 0.0715343
0.0696821 , 0.0698788
0.071204 , 0.0713952
0.0719351 , 0.0721237
0.0723929 , 0.0725798
0.071356 , 0.0715466
0.072395 , 0.0725819
0.0720434 , 0.0722316
0.07028 , 0.0704745
0.0708323 , 0.0710248
0.0710546 , 0.0712463
0.0718748 , 0.0720636
0.0702398 , 0.0704345
0.071284 , 0.0714749
0.0710383 , 0.07123
0.0722064 , 0.0723939
0.0717399 , 0.0719292
0.0713128 , 0.0715036
0.0710894 , 0.0712809
0.0729845 , 0.0731694
0.0688289 , 0.0690288
0.0700352 , 0.0702306
0.0712102 , 0.0714013
0.0709566 , 0.0711487
0.0704735 , 0.0706673
0.070979 , 0.071171
0.0714383 , 0.0716286
0.0706698 , 0.0708629
0.0708832 , 0.0710756
0.0717814 , 0.0719705
0.0713395 , 0.0715302
0.0710423 , 0.0712341
0.0698713 , 0.0700673
0.0710975 , 0.0712891
0.0703767 , 0.0705708
0.070751 , 0.0709438
0.0706536 , 0.0708468
0.0701494 , 0.0703444
0.0706111 , 0.0708044
0.0726667 , 0.0728527
0.0709668 , 0.0711588
0.0700572 , 0.0702525
0.0699851 , 0.0701808
0.0732339 , 0.0734178
0.0721896 , 0.0723773
0.0725254 , 0.0727119
0.0704311 , 0.0706251
0.0708669 , 0.0710593
0.0712102 , 0.0714013
0.0691189 , 0.0693177
0.0720998 , 0.0722877
0.0699292 , 0.070125
0.0725507 , 0.0727371
0.0707307 , 0.0709236
0.0724329 , 0.0726196
0.0720935 , 0.0722815
0.069563 , 0.0697602
0.0708649 , 0.0710573
0.0717959 , 0.071985
0.0725338 , 0.0727203
0.0699512 , 0.0701469
0.0726562 , 0.0728421
0.0702639 , 0.0704585
0.0719123 , 0.0721009
0.0728296 , 0.073015
0.0710403 , 0.0712321
0.0706982 , 0.0708912
0.0707978 , 0.0709904
