0.041604 , 0.0419284
0.0409133 , 0.0412415
0.0398698 , 0.0402038
0.0407401 , 0.0410692
0.0409883 , 0.0413161
0.041267 , 0.0415933
0.041982 , 0.0423044
0.040681 , 0.0410105
0.0402915 , 0.0406231
0.041096 , 0.0414232
0.0411353 , 0.0414623
0.0406921 , 0.0410216
0.0400521 , 0.0403851
0.0407334 , 0.0410626
0.0407669 , 0.0410959
0.0428511 , 0.0431688
0.0398829 , 0.0402168
0.0405953 , 0.0409252
0.0394994 , 0.0398355
0.0410545 , 0.0413819
0.0409435 , 0.0412715
0.0404531 , 0.0407839
0.0408987 , 0.041227
0.0413336 , 0.0416594
0.0409917 , 0.0413194
0.041771 , 0.0420945
0.0404232 , 0.0407541
0.0410983 , 0.0414254
0.0402395 , 0.0405714
0.0401028 , 0.0404354
0.0410803 , 0.0414076
0.0401987 , 0.0405308
0.0398687 , 0.0402027
0.0412693 , 0.0415955
0.0412377 , 0.0415641
0.0409513 , 0.0412793
0.0398665 , 0.0402005
0.0412851 , 0.0416112
0.0399697 , 0.0403031
0.0405653 , 0.0408954
0.0404066 , 0.0407376
0.040911 , 0.0412392
0.0413437 , 0.0416695
0.0412152 , 0.0415417
0.0408707 , 0.0411992
0.0424574 , 0.0427772
0.0412366 , 0.041563
0.0419123 , 0.0422351
0.0421858 , 0.0425071
0.0410231 , 0.0413506
0.0409323 , 0.0412604
0.040768 , 0.041097
0.0399729 , 0.0403063
0.0410376 , 0.0413651
0.0411769 , 0.0415037
0.0417881 , 0.0421115
0.0409054 , 0.0412337
0.0414872 , 0.0418123
0.0404121 , 0.0407431
0.0408439 , 0.0411725
0.0396553 , 0.0399905
0.0420495 , 0.0423715
0.0396914 , 0.0400263
0.04092 , 0.0412481
0.0398632 , 0.0401972
0.0402174 , 0.0405495
0.0412242 , 0.0415507
0.0418279 , 0.0421511
0.0409088 , 0.041237
0.0414567 , 0.0417819
0.0408484 , 0.0411769
0.0410668 , 0.0413942
0.0409782 , 0.041306
0.0405486 , 0.0408788
0.0404188 , 0.0407497
0.042006 , 0.0423282
0.0402329 , 0.0405649
0.0410287 , 0.0413562
0.0400048 , 0.040338
0.0409636 , 0.0412916
0.040202 , 0.0405341
0.0404542 , 0.040785
0.0394276 , 0.0397641
0.0405242 , 0.0408545
0.0410792 , 0.0414064
0.040759 , 0.0410881
0.0409524 , 0.0412804
0.0399828 , 0.0403162
0.0422904 , 0.0426111
0.0404709 , 0.0408015
0.0418336 , 0.0421568
0.04092 , 0.0412481
0.0401424 , 0.0404749
0.0402042 , 0.0405363
0.0418063 , 0.0421296
0.0416494 , 0.0419735
0.0420014 , 0.0423237
0.0404321 , 0.0407629
0.0403578 , 0.0406891
0.040958 , 0.041286
