0.0110111 , 0.0115346
0.0109465 , 0.0114704
0.0105241 , 0.0110513
0.0105117 , 0.011039
0.0113994 , 0.01192
0.0114266 , 0.011947
0.0109295 , 0.0114536
0.0109302 , 0.0114543
0.0110601 , 0.0115832
0.0110362 , 0.0115595
0.0106606 , 0.0111867
0.0111747 , 0.0116969
0.0111149 , 0.0116376
0.0107286 , 0.0112543
0.0112453 , 0.011767
0.0111539 , 0.0116763
0.01114 , 0.0116625
0.0109559 , 0.0114798
0.0110526 , 0.0115758
0.0109151 , 0.0114393
0.0104825 , 0.0110099
0.0107399 , 0.0112654
0.011908 , 0.0124248
0.011304 , 0.0118253
0.0108794 , 0.0114039
0.0103539 , 0.0108824
0.01121 , 0.0117319
0.0105764 , 0.0111032
0.0100891 , 0.0106196
0.0111268 , 0.0116494
0.0115388 , 0.0120583
0.0111602 , 0.0116825
0.0108061 , 0.0113312
0.0105372 , 0.0110643
0.0115077 , 0.0120275
0.0107868 , 0.0113119
0.0110287 , 0.0115521
0.0108806 , 0.0114051
0.0112592 , 0.0117808
0.0106993 , 0.0112251
0.011297 , 0.0118184
0.0104781 , 0.0110056
0.0115065 , 0.0120262
0.0109691 , 0.0114929
0.0108011 , 0.0113262
0.0106693 , 0.0111954
0.0115845 , 0.0121037
0.0111545 , 0.0116769
0.011191 , 0.0117132
0.0104899 , 0.0110173
0.010976 , 0.0114997
0.0113735 , 0.0118942
0.0115762 , 0.0120955
0.0108306 , 0.0113554
0.0110218 , 0.0115452
0.0108343 , 0.0113591
0.0110966 , 0.0116194
0.0105272 , 0.0110544
0.0110696 , 0.0115926
0.0112156 , 0.0117376
0.0110941 , 0.0116169
0.0116569 , 0.0121756
0.0109145 , 0.0114387
0.0108237 , 0.0113486
0.0114311 , 0.0119514
0.0111224 , 0.0116451
0.0116175 , 0.0121365
0.0111961 , 0.0117182
0.0114659 , 0.011986
0.0106724 , 0.0111985
0.0113975 , 0.0119181
0.0106818 , 0.0112078
0.0108982 , 0.0114225
0.0108844 , 0.0114089
0.0106962 , 0.011222
0.0112699 , 0.0117914
0.0110268 , 0.0115502
0.0111671 , 0.0116894
0.0110601 , 0.0115832
0.0112062 , 0.0117282
0.010493 , 0.0110204
0.0110614 , 0.0115845
0.010554 , 0.011081
0.0113217 , 0.0118428
0.0103663 , 0.0108947
0.0115483 , 0.0120678
0.0120065 , 0.0125225
0.0110526 , 0.0115758
0.0102659 , 0.010795
0.0103843 , 0.0109125
0.0109484 , 0.0114723
0.0108976 , 0.0114219
0.0111073 , 0.0116301
0.0110815 , 0.0116045
0.0109095 , 0.0114337
0.0115198 , 0.0120394
0.011147 , 0.0116694
0.0113185 , 0.0118397
0.0107043 , 0.0112301
0.0110281 , 0.0115514
