0.080807 , 0.080966
0.0811978 , 0.0813555
0.0796801 , 0.0798426
0.0813161 , 0.0814735
0.0802489 , 0.0804097
0.079607 , 0.0797698
0.082086 , 0.0822411
0.0813716 , 0.0815288
0.0808245 , 0.0809834
0.0829022 , 0.0830548
0.0836556 , 0.0838059
0.0818535 , 0.0820093
0.0821014 , 0.0822564
0.0798633 , 0.0800252
0.0823583 , 0.0825125
0.0799392 , 0.0801009
0.0825803 , 0.0827339
0.0803428 , 0.0805032
0.0789759 , 0.0791406
0.0794418 , 0.0796051
0.0817975 , 0.0819534
0.0832814 , 0.0834328
0.0795122 , 0.0796752
0.0817135 , 0.0818697
0.0820349 , 0.08219
0.0809294 , 0.081088
0.0810221 , 0.0811804
0.0795316 , 0.0796946
0.0814095 , 0.0815666
0.0800349 , 0.0801962
0.0797777 , 0.0799399
0.0797435 , 0.0799058
0.0808994 , 0.0810581
0.0826165 , 0.08277
0.0813741 , 0.0815314
0.0796655 , 0.079828
0.0823094 , 0.0824637
0.0803304 , 0.0804909
0.0785977 , 0.0787637
0.0814904 , 0.0816472
0.0819224 , 0.0820779
0.0812154 , 0.0813731
0.082186 , 0.0823408
0.083187 , 0.0833387
0.0800815 , 0.0802428
0.0812582 , 0.0814158
0.0801455 , 0.0803065
0.0818153 , 0.0819712
0.0820707 , 0.0822258
0.0801406 , 0.0803016
0.0815917 , 0.0817482
0.0833707 , 0.0835219
0.0806327 , 0.0807922
0.0825312 , 0.0826849
0.0816958 , 0.081852
0.0816196 , 0.081776
0.0813716 , 0.0815288
0.0803749 , 0.0805352
0.0796752 , 0.0798377
0.0825648 , 0.0827184
0.080847 , 0.0810058
0.0812708 , 0.0814283
0.0826839 , 0.0828371
0.0820553 , 0.0822105
0.0805359 , 0.0806957
0.0811224 , 0.0812804
0.0793086 , 0.0794723
0.0803477 , 0.0805081
0.0813969 , 0.081554
0.08204 , 0.0821951
0.082614 , 0.0827674
0.0823892 , 0.0825433
0.0793643 , 0.0795277
0.0801479 , 0.080309
0.0802588 , 0.0804195
0.0797167 , 0.0798791
0.0819428 , 0.0820983
0.0802194 , 0.0803802
0.0806427 , 0.0808021
0.0810848 , 0.0812429
0.0813943 , 0.0815515
0.0792723 , 0.0794361
0.0815638 , 0.0817204
0.0804739 , 0.0806339
0.0809044 , 0.0810631
0.0812808 , 0.0814383
0.0797899 , 0.0799521
0.081002 , 0.0811604
0.0810145 , 0.0811729
0.080675 , 0.0808344
0.080143 , 0.0803041
0.0800324 , 0.0801938
0.0796436 , 0.0798062
0.0817568 , 0.0819128
0.0808944 , 0.0810531
0.0830117 , 0.083164
0.0789375 , 0.0791023
0.0802884 , 0.080449
0.0827903 , 0.0829433
0.0812003 , 0.0813581
