0.0606198 , 0.0608524
0.0588539 , 0.059094
0.0621459 , 0.0623721
0.0622143 , 0.0624402
0.0616551 , 0.0618833
0.0607507 , 0.0609828
0.0601453 , 0.0603799
0.0632592 , 0.0634809
0.0614746 , 0.0617036
0.0618753 , 0.0621026
0.0608953 , 0.0611268
0.0602586 , 0.0604927
0.0624868 , 0.0627116
0.061446 , 0.0616751
0.061721 , 0.061949
0.0623101 , 0.0625356
0.0615437 , 0.0617724
0.0629235 , 0.0631465
0.0597306 , 0.059967
0.0625005 , 0.0627253
0.0624112 , 0.0626363
0.0629044 , 0.0631275
0.0608055 , 0.0610373
0.0602602 , 0.0604944
0.0616196 , 0.061848
0.0614645 , 0.0616935
0.0586912 , 0.058932
0.0606082 , 0.0608408
0.0605652 , 0.060798
0.0604166 , 0.0606501
0.0590043 , 0.0592438
0.0608637 , 0.0610953
0.0604479 , 0.0606813
0.0611406 , 0.061371
0.0608853 , 0.0611168
0.0614645 , 0.0616935
0.0622177 , 0.0624436
0.0605454 , 0.0607783
0.0625452 , 0.0627698
0.0632121 , 0.063434
0.0620283 , 0.062255
0.0613031 , 0.0615328
0.0616821 , 0.0619103
0.0607225 , 0.0609547
0.0594356 , 0.0596732
0.0590091 , 0.0592485
0.0617092 , 0.0619372
0.0604463 , 0.0606796
0.0593645 , 0.0596024
0.0608737 , 0.0611052
0.0605008 , 0.0607339
0.0588315 , 0.0590717
0.0611473 , 0.0613777
0.059703 , 0.0599395
0.0607458 , 0.0609778
0.0616365 , 0.0618648
0.0600225 , 0.0602577
0.0625246 , 0.0627492
0.0613132 , 0.0615429
0.0614645 , 0.0616935
0.0612025 , 0.0614327
0.0608288 , 0.0610605
0.0608005 , 0.0610324
0.060972 , 0.0612031
0.0619296 , 0.0621567
0.0615994 , 0.0618278
0.061414 , 0.0616433
0.0617481 , 0.061976
0.0606695 , 0.0609019
0.0610704 , 0.0613011
0.0619008 , 0.062128
0.061782 , 0.0620097
0.0614308 , 0.06166
0.0620096 , 0.0622364
0.0602931 , 0.0605271
0.05935 , 0.059588
0.0609636 , 0.0611948
0.0601568 , 0.0603914
0.0608105 , 0.0610423
0.0614174 , 0.0616466
0.0626606 , 0.0628847
0.0591005 , 0.0593396
0.0611373 , 0.0613677
0.0617939 , 0.0620215
0.0594291 , 0.0596668
0.0623632 , 0.0625885
0.0610721 , 0.0613028
0.0606811 , 0.0609134
0.0585052 , 0.0587469
0.0607441 , 0.0609762
0.0621886 , 0.0624147
0.060877 , 0.0611085
0.0607225 , 0.0609547
0.0622673 , 0.062493
0.0614426 , 0.0616717
0.0605933 , 0.060826
0.0617126 , 0.0619406
0.0615234 , 0.0617522
0.0625366 , 0.0627612
0.061601 , 0.0618295
