0.0315276 , 0.0319104
0.0306116 , 0.0310001
0.0301941 , 0.0305852
0.031661 , 0.032043
0.0310113 , 0.0313973
0.0307564 , 0.031144
0.0305631 , 0.0309519
0.031259 , 0.0316436
0.031185 , 0.0315699
0.0306244 , 0.0310128
0.0313537 , 0.0317376
0.0314717 , 0.0318549
0.0302314 , 0.0306222
0.0310011 , 0.0313872
0.0310519 , 0.0314377
0.0312618 , 0.0316463
0.0315546 , 0.0319373
0.0304462 , 0.0308358
0.0310519 , 0.0314377
0.0304289 , 0.0308185
0.0304718 , 0.0308611
0.0310122 , 0.0313982
0.0309901 , 0.0313762
0.0311776 , 0.0315626
0.0309219 , 0.0313085
0.031375 , 0.0317588
0.0315723 , 0.0319549
0.0308087 , 0.031196
0.0306684 , 0.0310565
0.0310168 , 0.0314028
0.0320313 , 0.032411
0.0315854 , 0.0319679
0.0304426 , 0.0308321
0.0316694 , 0.0320514
0.0301551 , 0.0305465
0.0299713 , 0.0303638
0.0318847 , 0.0322654
0.0308051 , 0.0311924
0.0300264 , 0.0304186
0.0317058 , 0.0320876
0.0317994 , 0.0321806
0.0307573 , 0.0311449
0.0320501 , 0.0324298
0.0304781 , 0.0308675
0.0307738 , 0.0311614
0.0301406 , 0.030532
0.0318622 , 0.032243
0.0314941 , 0.0318771
0.0312451 , 0.0316297
0.0307518 , 0.0311395
0.0318932 , 0.0322738
0.0309246 , 0.0313112
0.0308326 , 0.0312198
0.0314708 , 0.031854
0.030564 , 0.0309528
0.0312961 , 0.0316804
0.0299631 , 0.0303557
0.0303951 , 0.030785
0.0309302 , 0.0313167
0.0309283 , 0.0313149
0.0309753 , 0.0313616
0.0318763 , 0.032257
0.0308372 , 0.0312243
0.0305549 , 0.0309438
0.031549 , 0.0319317
0.0305046 , 0.0308938
0.0307078 , 0.0310957
0.0307206 , 0.0311085
0.0304261 , 0.0308158
0.0309523 , 0.0313387
0.0306546 , 0.0310429
0.0305357 , 0.0309247
0.0309163 , 0.031303
0.0310639 , 0.0314496
0.0306794 , 0.0310675
0.0316152 , 0.0319976
0.0316246 , 0.0320068
0.0304024 , 0.0307923
0.0312665 , 0.0316509
0.0311119 , 0.0314973
0.0311082 , 0.0314936
0.0313527 , 0.0317367
0.0319101 , 0.0322906
0.0300925 , 0.0304843
0.031454 , 0.0318374
0.0310334 , 0.0314193
0.0319598 , 0.03234
0.0308565 , 0.0312435
0.0309928 , 0.031379
0.0322094 , 0.0325881
0.0303578 , 0.0307479
0.0307729 , 0.0311604
0.0304827 , 0.030872
0.0305777 , 0.0309665
0.0314215 , 0.031805
0.0308446 , 0.0312317
0.0306711 , 0.0310593
0.0312563 , 0.0316408
0.0312118 , 0.0315966
0.0303742 , 0.0307642
