0.0897665 , 0.0898996
0.0905199 , 0.090651
0.0889922 , 0.0891273
0.0938794 , 0.0940019
0.0896106 , 0.0897441
0.0885715 , 0.0887079
0.0907246 , 0.0908552
0.0925282 , 0.0926541
0.0918588 , 0.0919864
0.0902341 , 0.0903659
0.0926365 , 0.0927621
0.0912853 , 0.0914144
0.0920064 , 0.0921336
0.0903342 , 0.0904658
0.091428 , 0.0915567
0.0882592 , 0.0883964
0.0913938 , 0.0915227
0.0885774 , 0.0887137
0.0894314 , 0.0895654
0.0932911 , 0.093415
0.0892113 , 0.0893459
0.0892113 , 0.0893459
0.090122 , 0.0902542
0.0906726 , 0.0908033
0.0915213 , 0.0916498
0.090918 , 0.091048
0.091953 , 0.0920803
0.0911708 , 0.0913002
0.0921892 , 0.0923159
0.0887006 , 0.0888365
0.0906971 , 0.0908277
0.0927481 , 0.0928735
0.0924615 , 0.0925876
0.0890335 , 0.0891686
0.0893093 , 0.0894436
0.0920379 , 0.092165
0.0915805 , 0.0917089
0.0908319 , 0.0909622
0.0896106 , 0.0897441
0.0925537 , 0.0926795
0.0918651 , 0.0919927
0.0917492 , 0.0918771
0.0905046 , 0.0906358
0.0905931 , 0.090724
0.0926205 , 0.0927462
0.0900284 , 0.0901608
0.0895149 , 0.0896487
0.0913876 , 0.0915165
0.0905809 , 0.0907118
0.0910874 , 0.091217
0.0912141 , 0.0913433
0.0922935 , 0.09242
0.0915587 , 0.0916871
0.0916024 , 0.0917306
0.0905595 , 0.0906905
0.0920127 , 0.0921399
0.090119 , 0.0902512
0.0910689 , 0.0911985
0.0934302 , 0.0935538
0.0898987 , 0.0900315
0.0907829 , 0.0909133
0.0890572 , 0.0891922
0.0914063 , 0.091535
0.0920159 , 0.092143
0.092104 , 0.092231
0.0915182 , 0.0916467
0.0915961 , 0.0917244
0.0940564 , 0.0941784
0.0934691 , 0.0935926
0.0910041 , 0.091134
0.0916742 , 0.0918022
0.0889803 , 0.0891156
0.0887976 , 0.0889333
0.0914933 , 0.0916219
0.0902219 , 0.0903538
0.0907093 , 0.0908399
0.0892499 , 0.0893844
0.0925664 , 0.0926922
0.0904437 , 0.090575
0.0904498 , 0.0905811
0.092082 , 0.092209
0.0907798 , 0.0909102
0.089146 , 0.0892808
0.0906879 , 0.0908185
0.0911739 , 0.0913032
0.0904467 , 0.090578
0.0892707 , 0.0894051
0.0925187 , 0.0926446
0.0928889 , 0.0930139
0.0908105 , 0.0909408
0.0926875 , 0.092813
0.0913473 , 0.0914762
0.092713 , 0.0928384
0.0914125 , 0.0915412
0.0903281 , 0.0904597
0.0916804 , 0.0918085
0.0911893 , 0.0913187
0.0904467 , 0.090578
0.0922461 , 0.0923727
0.0908197 , 0.09095
