0.170211 , 0.170233
0.173133 , 0.173153
0.167083 , 0.167107
0.17227 , 0.172291
0.173431 , 0.173451
0.168096 , 0.168119
0.172966 , 0.172987
0.171782 , 0.171803
0.16978 , 0.169802
0.171069 , 0.17109
0.174222 , 0.174242
0.178263 , 0.178281
0.168527 , 0.16855
0.169183 , 0.169205
0.169065 , 0.169087
0.172198 , 0.172218
0.174527 , 0.174547
0.162634 , 0.16266
0.172599 , 0.172619
0.172434 , 0.172455
0.171246 , 0.171268
0.174089 , 0.174109
0.171836 , 0.171857
0.170542 , 0.170563
0.168678 , 0.1687
0.176146 , 0.176165
0.168394 , 0.168417
0.171034 , 0.171055
0.168762 , 0.168784
0.17304 , 0.173061
0.172911 , 0.172932
0.171944 , 0.171965
0.170004 , 0.170025
0.171639 , 0.17166
0.16697 , 0.166994
0.168427 , 0.16845
0.173975 , 0.173995
0.171764 , 0.171785
0.173431 , 0.173451
0.173412 , 0.173432
0.170073 , 0.170094
0.171069 , 0.17109
0.168394 , 0.168417
0.172837 , 0.172858
0.168644 , 0.168667
0.169455 , 0.169477
0.170367 , 0.170389
0.171264 , 0.171285
0.178138 , 0.178156
0.174279 , 0.174299
0.173022 , 0.173042
0.172017 , 0.172037
0.172179 , 0.1722
0.170998 , 0.17102
0.171549 , 0.17157
0.168577 , 0.1686
0.167717 , 0.16774
0.171175 , 0.171197
0.167931 , 0.167954
0.168427 , 0.16845
0.176166 , 0.176184
0.170055 , 0.170077
0.170629 , 0.170651
0.170455 , 0.170476
0.173207 , 0.173228
0.170472 , 0.170494
0.173226 , 0.173246
0.170367 , 0.170389
0.171424 , 0.171445
0.170228 , 0.17025
0.173505 , 0.173526
0.165842 , 0.165866
0.174336 , 0.174356
0.172234 , 0.172255
0.169935 , 0.169957
0.168046 , 0.168069
0.168162 , 0.168185
0.176265 , 0.176284
0.174757 , 0.174777
0.173356 , 0.173376
0.171016 , 0.171037
0.172893 , 0.172913
0.171818 , 0.171839
0.170263 , 0.170285
0.169098 , 0.169121
0.168879 , 0.168902
0.174317 , 0.174337
0.17227 , 0.172291
0.167326 , 0.167349
0.174642 , 0.174662
0.171674 , 0.171696
0.176445 , 0.176464
0.168745 , 0.168767
0.174013 , 0.174033
0.171335 , 0.171356
0.169728 , 0.16975
0.172017 , 0.172037
0.170857 , 0.170879
0.168511 , 0.168533
0.169489 , 0.169511
