0.13815 , 0.138196
0.143032 , 0.143074
0.139801 , 0.139846
0.140766 , 0.14081
0.14235 , 0.142393
0.142323 , 0.142365
0.139871 , 0.139916
0.139365 , 0.139411
0.138099 , 0.138146
0.140927 , 0.140971
0.139435 , 0.13948
0.139941 , 0.139986
0.13831 , 0.138357
0.142648 , 0.14269
0.143476 , 0.143518
0.142258 , 0.1423
0.144349 , 0.14439
0.141369 , 0.141413
0.138412 , 0.138459
0.142156 , 0.142199
0.139322 , 0.139367
0.142592 , 0.142634
0.139652 , 0.139698
0.140694 , 0.140739
0.141488 , 0.141531
0.141963 , 0.142006
0.142009 , 0.142052
0.144021 , 0.144062
0.145388 , 0.145427
0.144388 , 0.144428
0.139088 , 0.139134
0.144553 , 0.144593
0.142156 , 0.142199
0.138523 , 0.138569
0.141633 , 0.141676
0.141315 , 0.141359
0.14432 , 0.144361
0.143391 , 0.143432
0.1434 , 0.143442
0.137604 , 0.137651
0.144485 , 0.144525
0.138839 , 0.138885
0.141152 , 0.141196
0.138557 , 0.138603
0.143306 , 0.143347
0.143145 , 0.143187
0.143438 , 0.14348
0.141071 , 0.141115
0.144098 , 0.144139
0.139933 , 0.139978
0.139097 , 0.139143
0.141324 , 0.141368
0.139836 , 0.139881
0.140339 , 0.140383
0.14641 , 0.146449
0.139906 , 0.139951
0.138048 , 0.138095
0.141424 , 0.141467
0.146818 , 0.146856
0.140721 , 0.140765
0.140356 , 0.140401
0.144846 , 0.144886
0.142424 , 0.142467
0.140047 , 0.140092
0.142611 , 0.142653
0.142732 , 0.142774
0.141279 , 0.141322
0.141388 , 0.141431
0.139175 , 0.13922
0.141688 , 0.141731
0.143107 , 0.143149
0.141152 , 0.141196
0.140498 , 0.140543
0.142239 , 0.142282
0.139131 , 0.139177
0.135804 , 0.135853
0.140436 , 0.140481
0.139166 , 0.139212
0.13578 , 0.135829
0.139959 , 0.140004
0.139696 , 0.139741
0.141661 , 0.141704
0.140038 , 0.140083
0.145249 , 0.145289
0.143287 , 0.143328
0.140775 , 0.140819
0.138933 , 0.138979
0.140294 , 0.140339
0.142985 , 0.143027
0.138531 , 0.138578
0.141306 , 0.14135
0.140721 , 0.140765
0.14033 , 0.140374
0.140082 , 0.140127
0.13974 , 0.139785
0.144165 , 0.144206
0.141451 , 0.141495
0.140703 , 0.140748
0.143211 , 0.143253
0.141152 , 0.141196
