0.145279 , 0.145318
0.148105 , 0.148142
0.150063 , 0.150098
0.150716 , 0.150751
0.149159 , 0.149195
0.153621 , 0.153654
0.153609 , 0.153642
0.149299 , 0.149336
0.150372 , 0.150407
0.149419 , 0.149455
0.154865 , 0.154897
0.155618 , 0.155649
0.151698 , 0.151732
0.151938 , 0.151972
0.152388 , 0.152421
0.147915 , 0.147953
0.150694 , 0.150729
0.149289 , 0.149325
0.149756 , 0.149792
0.15103 , 0.151065
0.151687 , 0.151721
0.149386 , 0.149422
0.154221 , 0.154253
0.150383 , 0.150418
0.149084 , 0.14912
0.149614 , 0.14965
0.149658 , 0.149694
0.149105 , 0.149142
0.152376 , 0.15241
0.149734 , 0.14977
0.152924 , 0.152957
0.152284 , 0.152317
0.149462 , 0.149498
0.151471 , 0.151505
0.153124 , 0.153157
0.149148 , 0.149185
0.150405 , 0.15044
0.149224 , 0.14926
0.151471 , 0.151505
0.152959 , 0.152992
0.15014 , 0.150175
0.153872 , 0.153904
0.152053 , 0.152087
0.149213 , 0.149249
0.148923 , 0.148959
0.149592 , 0.149628
0.152042 , 0.152075
0.149484 , 0.14952
0.149986 , 0.150021
0.151904 , 0.151938
0.151607 , 0.151641
0.152795 , 0.152828
0.148105 , 0.148142
0.149975 , 0.15001
0.151482 , 0.151516
0.152585 , 0.152619
0.1541 , 0.154132
0.150129 , 0.150164
0.150974 , 0.151009
0.151233 , 0.151267
0.150627 , 0.150662
0.151973 , 0.152007
0.150118 , 0.150153
0.152053 , 0.152087
0.152088 , 0.152121
0.152226 , 0.15226
0.147863 , 0.1479
0.151527 , 0.151562
0.151075 , 0.15111
0.151448 , 0.151482
0.153562 , 0.153594
0.151199 , 0.151233
0.150195 , 0.15023
0.148178 , 0.148215
0.15163 , 0.151664
0.150438 , 0.150473
0.151561 , 0.151596
0.151289 , 0.151324
0.146512 , 0.14655
0.15374 , 0.153773
0.148955 , 0.148991
0.149767 , 0.149803
0.151984 , 0.152018
0.151847 , 0.151881
0.150305 , 0.150341
0.153657 , 0.153689
0.151064 , 0.151098
0.152168 , 0.152202
0.150162 , 0.150197
0.146006 , 0.146045
0.154853 , 0.154884
0.151019 , 0.151053
0.14692 , 0.146958
0.151664 , 0.151698
0.155185 , 0.155216
0.148816 , 0.148852
0.154523 , 0.154555
0.149073 , 0.149109
0.149625 , 0.149661
0.149159 , 0.149195
