0.110004 , 0.110092
0.111965 , 0.112049
0.111922 , 0.112006
0.110587 , 0.110673
0.115172 , 0.11525
0.109248 , 0.109336
0.115018 , 0.115096
0.111831 , 0.111915
0.108959 , 0.109049
0.112442 , 0.112525
0.108977 , 0.109067
0.110764 , 0.11085
0.110731 , 0.110817
0.111379 , 0.111464
0.109081 , 0.10917
0.111469 , 0.111554
0.110378 , 0.110465
0.113762 , 0.113842
0.112191 , 0.112274
0.110979 , 0.111065
0.109583 , 0.109672
0.109311 , 0.1094
0.111683 , 0.111768
0.111356 , 0.111441
0.109615 , 0.109703
0.109912 , 0.11
0.110262 , 0.110349
0.111129 , 0.111215
0.110161 , 0.110248
0.112157 , 0.11224
0.108973 , 0.109062
0.108905 , 0.108995
0.112316 , 0.112399
0.111162 , 0.111248
0.110885 , 0.110971
0.111068 , 0.111154
0.11307 , 0.113152
0.11129 , 0.111375
0.109361 , 0.109449
0.111078 , 0.111163
0.112475 , 0.112558
0.111073 , 0.111158
0.112143 , 0.112226
0.112268 , 0.112351
0.114232 , 0.114312
0.112752 , 0.112835
0.112442 , 0.112525
0.109524 , 0.109613
0.112027 , 0.112111
0.108419 , 0.108509
0.11054 , 0.110627
0.111219 , 0.111304
0.112239 , 0.112322
0.109202 , 0.109291
0.111736 , 0.11182
0.10882 , 0.10891
0.110684 , 0.110771
0.111413 , 0.111497
0.111026 , 0.111112
0.109816 , 0.109904
0.111238 , 0.111323
0.112723 , 0.112806
0.110881 , 0.110966
0.111087 , 0.111172
0.110876 , 0.110962
0.112224 , 0.112308
0.11207 , 0.112154
0.112587 , 0.11267
0.110932 , 0.111018
0.112874 , 0.112957
0.109279 , 0.109368
0.112301 , 0.112385
0.108268 , 0.108359
0.111162 , 0.111248
0.110937 , 0.111023
0.107893 , 0.107984
0.109266 , 0.109355
0.110004 , 0.110092
0.109402 , 0.10949
0.110554 , 0.110641
0.110041 , 0.110128
0.112162 , 0.112245
0.11041 , 0.110497
0.111683 , 0.111768
0.109452 , 0.10954
0.109013 , 0.109102
0.11221 , 0.112293
0.109903 , 0.109991
0.111607 , 0.111692
0.109252 , 0.109341
0.112388 , 0.112471
0.110796 , 0.110882
0.111522 , 0.111606
0.110336 , 0.110423
0.113986 , 0.114067
0.111214 , 0.111299
0.110951 , 0.111037
0.111247 , 0.111332
0.110998 , 0.111083
0.108427 , 0.108518
