Building DAG of jobs...
Using shell: /usr/bin/bash
Provided cores: 100
Rules claiming more threads will be scaled down.
Job stats:
job                       count
----------------------  -------
all                           1
plot_hamming_distance         4
plot_kmer_distribution        4
total                         9

Select jobs to execute...
Execute 8 jobs...

[Thu May  8 18:01:44 2025]
localrule plot_kmer_distribution:
    input: chrY_SimpleRepeat/occ_counts.txt
    output: chrY_SimpleRepeat/kmer_distribution_histogram.png
    jobid: 5
    reason: Missing output files: chrY_SimpleRepeat/kmer_distribution_histogram.png
    wildcards: name=chrY_SimpleRepeat
    resources: tmpdir=/tmp


[Thu May  8 18:01:44 2025]
localrule plot_hamming_distance:
    input: chrY_SimpleRepeat/HD_counts.txt
    output: chrY_SimpleRepeat/hamming_distance_histogram.png
    jobid: 11
    reason: Missing output files: chrY_SimpleRepeat/hamming_distance_histogram.png
    wildcards: name=chrY_SimpleRepeat
    resources: tmpdir=/tmp


[Thu May  8 18:01:44 2025]
localrule plot_kmer_distribution:
    input: chr6_repeatmasker/occ_counts.txt
    output: chr6_repeatmasker/kmer_distribution_histogram.png
    jobid: 3
    reason: Missing output files: chr6_repeatmasker/kmer_distribution_histogram.png
    wildcards: name=chr6_repeatmasker
    resources: tmpdir=/tmp


[Thu May  8 18:01:44 2025]
localrule plot_hamming_distance:
    input: chr6_repeatmasker/HD_counts.txt
    output: chr6_repeatmasker/hamming_distance_histogram.png
    jobid: 10
    reason: Missing output files: chr6_repeatmasker/hamming_distance_histogram.png
    wildcards: name=chr6_repeatmasker
    resources: tmpdir=/tmp


[Thu May  8 18:01:44 2025]
localrule plot_hamming_distance:
    input: chr21_centromere/HD_counts.txt
    output: chr21_centromere/hamming_distance_histogram.png
    jobid: 9
    reason: Missing output files: chr21_centromere/hamming_distance_histogram.png
    wildcards: name=chr21_centromere
    resources: tmpdir=/tmp


[Thu May  8 18:01:44 2025]
localrule plot_kmer_distribution:
    input: chr21_centromere/occ_counts.txt
    output: chr21_centromere/kmer_distribution_histogram.png
    jobid: 1
    reason: Missing output files: chr21_centromere/kmer_distribution_histogram.png
    wildcards: name=chr21_centromere
    resources: tmpdir=/tmp


[Thu May  8 18:01:44 2025]
localrule plot_kmer_distribution:
    input: chrY_RBMY1A1/occ_counts.txt
    output: chrY_RBMY1A1/kmer_distribution_histogram.png
    jobid: 7
    reason: Missing output files: chrY_RBMY1A1/kmer_distribution_histogram.png
    wildcards: name=chrY_RBMY1A1
    resources: tmpdir=/tmp


[Thu May  8 18:01:44 2025]
localrule plot_hamming_distance:
    input: chrY_RBMY1A1/HD_counts.txt
    output: chrY_RBMY1A1/hamming_distance_histogram.png
    jobid: 12
    reason: Missing output files: chrY_RBMY1A1/hamming_distance_histogram.png
    wildcards: name=chrY_RBMY1A1
    resources: tmpdir=/tmp

[Thu May  8 18:01:45 2025]
Finished job 7.
1 of 9 steps (11%) done
[Thu May  8 18:01:45 2025]
Finished job 3.
2 of 9 steps (22%) done
[Thu May  8 18:01:45 2025]
Finished job 5.
3 of 9 steps (33%) done
[Thu May  8 18:01:45 2025]
Finished job 1.
4 of 9 steps (44%) done
[Thu May  8 18:01:46 2025]
Finished job 11.
5 of 9 steps (56%) done
[Thu May  8 18:01:46 2025]
Finished job 9.
6 of 9 steps (67%) done
[Thu May  8 18:01:46 2025]
Finished job 10.
7 of 9 steps (78%) done
[Thu May  8 18:01:46 2025]
Finished job 12.
8 of 9 steps (89%) done
Select jobs to execute...
Execute 1 jobs...

[Thu May  8 18:01:46 2025]
localrule all:
    input: chr21_centromere/kmer_distribution_histogram.png, chr6_repeatmasker/kmer_distribution_histogram.png, chrY_SimpleRepeat/kmer_distribution_histogram.png, chrY_RBMY1A1/kmer_distribution_histogram.png, chr21_centromere/hamming_distance_histogram.png, chr6_repeatmasker/hamming_distance_histogram.png, chrY_SimpleRepeat/hamming_distance_histogram.png, chrY_RBMY1A1/hamming_distance_histogram.png
    jobid: 0
    reason: Input files updated by another job: chr21_centromere/hamming_distance_histogram.png, chr6_repeatmasker/kmer_distribution_histogram.png, chrY_RBMY1A1/kmer_distribution_histogram.png, chr21_centromere/kmer_distribution_histogram.png, chr6_repeatmasker/hamming_distance_histogram.png, chrY_RBMY1A1/hamming_distance_histogram.png, chrY_SimpleRepeat/kmer_distribution_histogram.png, chrY_SimpleRepeat/hamming_distance_histogram.png
    resources: tmpdir=/tmp

[Thu May  8 18:01:46 2025]
Finished job 0.
9 of 9 steps (100%) done
Complete log: .snakemake/log/2025-05-08T180143.936233.snakemake.log
