Building DAG of jobs...
Using shell: /usr/bin/bash
Provided cores: 100
Rules claiming more threads will be scaled down.
Job stats:
job                       count
----------------------  -------
all                           1
plot_kmer_distribution        2
total                         3

Select jobs to execute...
Execute 2 jobs...

[Sat Apr 19 14:10:09 2025]
localrule plot_kmer_distribution:
    input: chr21_centromere/occ_counts.txt
    output: chr21_centromere/kmer_distribution_histogram.png
    jobid: 1
    reason: Params have changed since last execution
    wildcards: name=chr21_centromere
    resources: tmpdir=/tmp


[Sat Apr 19 14:10:09 2025]
localrule plot_kmer_distribution:
    input: chr6_repeatmasker/occ_counts.txt
    output: chr6_repeatmasker/kmer_distribution_histogram.png
    jobid: 3
    reason: Params have changed since last execution
    wildcards: name=chr6_repeatmasker
    resources: tmpdir=/tmp

[Sat Apr 19 14:10:10 2025]
Finished job 3.
1 of 3 steps (33%) done
[Sat Apr 19 14:10:10 2025]
Finished job 1.
2 of 3 steps (67%) done
Select jobs to execute...
Execute 1 jobs...

[Sat Apr 19 14:10:10 2025]
localrule all:
    input: chr21_centromere/kmer_distribution_histogram.png, chr6_repeatmasker/kmer_distribution_histogram.png
    jobid: 0
    reason: Input files updated by another job: chr21_centromere/kmer_distribution_histogram.png, chr6_repeatmasker/kmer_distribution_histogram.png
    resources: tmpdir=/tmp

[Sat Apr 19 14:10:10 2025]
Finished job 0.
3 of 3 steps (100%) done
Complete log: .snakemake/log/2025-04-19T141008.671625.snakemake.log
