Building DAG of jobs...
Using shell: /usr/bin/bash
Provided cores: 100
Rules claiming more threads will be scaled down.
Job stats:
job                      count
---------------------  -------
all                          1
plot_hamming_distance        1
total                        2

Select jobs to execute...
Execute 1 jobs...

[Thu May  8 20:26:53 2025]
localrule plot_hamming_distance:
    input: chrY_RBMY1A1/HD_counts.txt
    output: chrY_RBMY1A1/hamming_distance_histogram.png
    jobid: 12
    reason: Missing output files: chrY_RBMY1A1/hamming_distance_histogram.png
    wildcards: name=chrY_RBMY1A1
    resources: tmpdir=/tmp

[Thu May  8 20:26:54 2025]
Finished job 12.
1 of 2 steps (50%) done
Select jobs to execute...
Execute 1 jobs...

[Thu May  8 20:26:55 2025]
localrule all:
    input: chr21_centromere/kmer_distribution_histogram.png, chr6_repeatmasker/kmer_distribution_histogram.png, chrY_SimpleRepeat/kmer_distribution_histogram.png, chrY_RBMY1A1/kmer_distribution_histogram.png, chr21_centromere/hamming_distance_histogram.png, chr6_repeatmasker/hamming_distance_histogram.png, chrY_SimpleRepeat/hamming_distance_histogram.png, chrY_RBMY1A1/hamming_distance_histogram.png
    jobid: 0
    reason: Input files updated by another job: chrY_RBMY1A1/hamming_distance_histogram.png
    resources: tmpdir=/tmp

[Thu May  8 20:26:55 2025]
Finished job 0.
2 of 2 steps (100%) done
Complete log: .snakemake/log/2025-05-08T202652.661558.snakemake.log
