Building DAG of jobs...
Using shell: /usr/bin/bash
Provided cores: 100
Rules claiming more threads will be scaled down.
Job stats:
job                      count
---------------------  -------
all                          1
plot_hamming_distance        1
total                        2

Select jobs to execute...
Execute 1 jobs...

[Thu May  8 20:14:47 2025]
localrule plot_hamming_distance:
    input: chr6_repeatmasker/HD_counts.txt
    output: chr6_repeatmasker/hamming_distance_histogram.png
    jobid: 10
    reason: Missing output files: chr6_repeatmasker/hamming_distance_histogram.png
    wildcards: name=chr6_repeatmasker
    resources: tmpdir=/tmp

[Thu May  8 20:14:49 2025]
Finished job 10.
1 of 2 steps (50%) done
Select jobs to execute...
Execute 1 jobs...

[Thu May  8 20:14:49 2025]
localrule all:
    input: chr21_centromere/kmer_distribution_histogram.png, chr6_repeatmasker/kmer_distribution_histogram.png, chrY_SimpleRepeat/kmer_distribution_histogram.png, chrY_RBMY1A1/kmer_distribution_histogram.png, chr21_centromere/hamming_distance_histogram.png, chr6_repeatmasker/hamming_distance_histogram.png, chrY_SimpleRepeat/hamming_distance_histogram.png, chrY_RBMY1A1/hamming_distance_histogram.png
    jobid: 0
    reason: Input files updated by another job: chr6_repeatmasker/hamming_distance_histogram.png
    resources: tmpdir=/tmp

[Thu May  8 20:14:49 2025]
Finished job 0.
2 of 2 steps (100%) done
Complete log: .snakemake/log/2025-05-08T201447.400193.snakemake.log
