Building DAG of jobs...
Using shell: /usr/bin/bash
Provided cores: 100
Rules claiming more threads will be scaled down.
Job stats:
job                       count
----------------------  -------
all                           1
plot_hamming_distance         3
plot_kmer_distribution        3
total                         7

Select jobs to execute...
Execute 6 jobs...

[Sat May 10 21:31:30 2025]
localrule plot_kmer_distribution:
    input: chrY_SimpleRepeat/occ_counts.txt
    output: chrY_SimpleRepeat/kmer_distribution_histogram.png
    jobid: 5
    reason: Missing output files: chrY_SimpleRepeat/kmer_distribution_histogram.png
    wildcards: name=chrY_SimpleRepeat
    resources: tmpdir=/tmp


[Sat May 10 21:31:30 2025]
localrule plot_hamming_distance:
    input: chrY_SimpleRepeat/HD_counts.txt
    output: chrY_SimpleRepeat/hamming_distance_histogram.png
    jobid: 11
    reason: Missing output files: chrY_SimpleRepeat/hamming_distance_histogram.png
    wildcards: name=chrY_SimpleRepeat
    resources: tmpdir=/tmp


[Sat May 10 21:31:30 2025]
localrule plot_hamming_distance:
    input: chr21_centromere/HD_counts.txt
    output: chr21_centromere/hamming_distance_histogram.png
    jobid: 9
    reason: Missing output files: chr21_centromere/hamming_distance_histogram.png
    wildcards: name=chr21_centromere
    resources: tmpdir=/tmp


[Sat May 10 21:31:30 2025]
localrule plot_kmer_distribution:
    input: chr21_centromere/occ_counts.txt
    output: chr21_centromere/kmer_distribution_histogram.png
    jobid: 1
    reason: Missing output files: chr21_centromere/kmer_distribution_histogram.png
    wildcards: name=chr21_centromere
    resources: tmpdir=/tmp


[Sat May 10 21:31:30 2025]
localrule plot_kmer_distribution:
    input: chrY_RBMY1A1/occ_counts.txt
    output: chrY_RBMY1A1/kmer_distribution_histogram.png
    jobid: 7
    reason: Missing output files: chrY_RBMY1A1/kmer_distribution_histogram.png
    wildcards: name=chrY_RBMY1A1
    resources: tmpdir=/tmp


[Sat May 10 21:31:30 2025]
localrule plot_hamming_distance:
    input: chrY_RBMY1A1/HD_counts.txt
    output: chrY_RBMY1A1/hamming_distance_histogram.png
    jobid: 12
    reason: Missing output files: chrY_RBMY1A1/hamming_distance_histogram.png
    wildcards: name=chrY_RBMY1A1
    resources: tmpdir=/tmp

[Sat May 10 21:31:31 2025]
Finished job 7.
1 of 7 steps (14%) done
[Sat May 10 21:31:31 2025]
Finished job 5.
2 of 7 steps (29%) done
[Sat May 10 21:31:31 2025]
Finished job 1.
3 of 7 steps (43%) done
[Sat May 10 21:31:31 2025]
Error in rule plot_hamming_distance:
    jobid: 11
    input: chrY_SimpleRepeat/HD_counts.txt
    output: chrY_SimpleRepeat/hamming_distance_histogram.png
    shell:
        
        python plot_HD.py             chrY_SimpleRepeat/HD_counts.txt             chrY_SimpleRepeat             
        
        (one of the commands exited with non-zero exit code; note that snakemake uses bash strict mode!)

[Sat May 10 21:31:31 2025]
Error in rule plot_hamming_distance:
    jobid: 9
    input: chr21_centromere/HD_counts.txt
    output: chr21_centromere/hamming_distance_histogram.png
    shell:
        
        python plot_HD.py             chr21_centromere/HD_counts.txt             chr21_centromere             
        
        (one of the commands exited with non-zero exit code; note that snakemake uses bash strict mode!)

[Sat May 10 21:31:31 2025]
Error in rule plot_hamming_distance:
    jobid: 12
    input: chrY_RBMY1A1/HD_counts.txt
    output: chrY_RBMY1A1/hamming_distance_histogram.png
    shell:
        
        python plot_HD.py             chrY_RBMY1A1/HD_counts.txt             chrY_RBMY1A1             
        
        (one of the commands exited with non-zero exit code; note that snakemake uses bash strict mode!)

Shutting down, this might take some time.
Exiting because a job execution failed. Look above for error message
Complete log: .snakemake/log/2025-05-10T213129.831122.snakemake.log
WorkflowError:
At least one job did not complete successfully.
