Building DAG of jobs...
Using shell: /usr/bin/bash
Provided cores: 100
Rules claiming more threads will be scaled down.
Job stats:
job                       count
----------------------  -------
all                           1
plot_hamming_distance         1
plot_kmer_distribution        1
total                         3

Select jobs to execute...
Execute 2 jobs...

[Thu May  8 20:17:36 2025]
localrule plot_hamming_distance:
    input: chr6_repeatmasker/HD_counts.txt
    output: chr6_repeatmasker/hamming_distance_histogram.png
    jobid: 10
    reason: Missing output files: chr6_repeatmasker/hamming_distance_histogram.png
    wildcards: name=chr6_repeatmasker
    resources: tmpdir=/tmp


[Thu May  8 20:17:36 2025]
localrule plot_kmer_distribution:
    input: chr6_repeatmasker/occ_counts.txt
    output: chr6_repeatmasker/kmer_distribution_histogram.png
    jobid: 3
    reason: Missing output files: chr6_repeatmasker/kmer_distribution_histogram.png
    wildcards: name=chr6_repeatmasker
    resources: tmpdir=/tmp

[Thu May  8 20:17:37 2025]
Finished job 3.
1 of 3 steps (33%) done
[Thu May  8 20:17:38 2025]
Finished job 10.
2 of 3 steps (67%) done
Select jobs to execute...
Execute 1 jobs...

[Thu May  8 20:17:38 2025]
localrule all:
    input: chr21_centromere/kmer_distribution_histogram.png, chr6_repeatmasker/kmer_distribution_histogram.png, chrY_SimpleRepeat/kmer_distribution_histogram.png, chrY_RBMY1A1/kmer_distribution_histogram.png, chr21_centromere/hamming_distance_histogram.png, chr6_repeatmasker/hamming_distance_histogram.png, chrY_SimpleRepeat/hamming_distance_histogram.png, chrY_RBMY1A1/hamming_distance_histogram.png
    jobid: 0
    reason: Input files updated by another job: chr6_repeatmasker/hamming_distance_histogram.png, chr6_repeatmasker/kmer_distribution_histogram.png
    resources: tmpdir=/tmp

[Thu May  8 20:17:38 2025]
Finished job 0.
3 of 3 steps (100%) done
Complete log: .snakemake/log/2025-05-08T201736.367700.snakemake.log
