0.0879348 , 0.0936448
0.0887741 , 0.0944387
0.0874024 , 0.0931413
0.0860475 , 0.0918604
0.0807706 , 0.0868776
0.0875441 , 0.0932753
0.0890253 , 0.0946763
0.0854371 , 0.0912835
0.0828753 , 0.0888638
0.090381 , 0.0959594
0.0853502 , 0.0912014
0.0885413 , 0.0942184
0.0845536 , 0.0904488
0.0889714 , 0.0946254
0.0891871 , 0.0948294
0.0854371 , 0.0912835
0.0836599 , 0.0896047
0.0887741 , 0.0944387
0.091588 , 0.0971021
0.0901085 , 0.0957014
0.0881129 , 0.0938132
0.0862576 , 0.0920589
0.0912208 , 0.0967545
0.088595 , 0.0942692
0.0902719 , 0.0958561
0.0882198 , 0.0939143
0.0846572 , 0.0905466
0.0900179 , 0.0956156
0.0906724 , 0.0962352
0.0876328 , 0.0933591
0.0870666 , 0.0928237
0.0857332 , 0.0915633
0.0912208 , 0.0967545
0.091772 , 0.0972764
0.0883447 , 0.0940325
0.0845536 , 0.0904488
0.0882555 , 0.0939481
0.090928 , 0.0964772
0.0869783 , 0.0927403
0.0925112 , 0.0979766
0.0868726 , 0.0926403
0.087686 , 0.0934095
0.090163 , 0.095753
0.0914777 , 0.0969977
0.0865734 , 0.0923575
0.0840028 , 0.0899285
0.0876683 , 0.0933927
0.0874378 , 0.0931748
0.0859077 , 0.0917282
0.0907454 , 0.0963043
0.0846917 , 0.0905792
0.0853154 , 0.0911685
0.0872078 , 0.0929573
0.0896378 , 0.095256
0.0866438 , 0.092424
0.0884162 , 0.0941001
0.0921964 , 0.0976784
0.0916431 , 0.0971544
0.0899092 , 0.0955127
0.0882198 , 0.0939143
0.0884698 , 0.0941508
0.0899635 , 0.0955642
0.0909828 , 0.0965291
0.0882912 , 0.0939818
0.0841402 , 0.0900583
0.0887382 , 0.0944047
0.0886845 , 0.0943539
0.0917168 , 0.0972241
0.0904902 , 0.0960627
0.0912758 , 0.0968065
0.086205 , 0.0920093
0.0896559 , 0.0952731
0.095557 , 0.100864
0.0814901 , 0.0875565
0.0942682 , 0.0996416
0.0854371 , 0.0912835
0.0840543 , 0.0899772
0.0897282 , 0.0953415
0.091588 , 0.0971021
0.0846226 , 0.090514
0.0903628 , 0.0959421
0.0864154 , 0.0922081
0.0853849 , 0.0912342
0.0907089 , 0.0962697
0.0876506 , 0.0933759
0.0886487 , 0.09432
0.0862751 , 0.0920755
0.089674 , 0.0952902
0.0899635 , 0.0955642
0.0913675 , 0.0968934
0.0848646 , 0.0907426
0.0927897 , 0.0982405
0.0906177 , 0.0961834
0.0888637 , 0.0945235
0.0886129 , 0.0942861
0.0874733 , 0.0932083
0.0860825 , 0.0918935
0.0832328 , 0.0892014
0.0895837 , 0.0952047
0.0887382 , 0.0944047
