0.0668805 , 0.0676718
0.0686331 , 0.0693977
0.075449 , 0.0761167
0.0679329 , 0.0687081
0.0672289 , 0.0680148
0.0713018 , 0.0720271
0.0735226 , 0.0742166
0.0693432 , 0.0700971
0.0740742 , 0.0747606
0.0711272 , 0.071855
0.0751805 , 0.0758518
0.0721694 , 0.0728824
0.0750546 , 0.0757276
0.075086 , 0.0757586
0.0721101 , 0.0728239
0.0711272 , 0.071855
0.0682201 , 0.0689909
0.067824 , 0.0686008
0.0683574 , 0.0691261
0.0673635 , 0.0681474
0.0762152 , 0.0768727
0.0677017 , 0.0684804
0.0669875 , 0.0677771
0.071977 , 0.0726926
0.0709821 , 0.071712
0.071229 , 0.0719553
0.0727063 , 0.0734117
0.0678921 , 0.0686678
0.0708519 , 0.0715837
0.067404 , 0.0681872
0.0687161 , 0.0694795
0.0700634 , 0.0708067
0.0696526 , 0.070402
0.0655626 , 0.0663745
0.067661 , 0.0684403
0.0711417 , 0.0718693
0.0680558 , 0.0688291
0.0668939 , 0.067685
0.0708519 , 0.0715837
0.0678921 , 0.0686678
0.0761348 , 0.0767934
0.0734312 , 0.0741265
0.0723031 , 0.0730142
0.0715356 , 0.0722576
0.0716676 , 0.0723877
0.0724073 , 0.0731169
0.0685917 , 0.0693569
0.0707941 , 0.0715268
0.0674175 , 0.0682005
0.0684537 , 0.069221
0.0709676 , 0.0716978
0.0709676 , 0.0716978
0.074028 , 0.0747151
0.0722288 , 0.0729409
0.0662041 , 0.0670059
0.0732945 , 0.0739916
0.0690078 , 0.0697667
0.0688826 , 0.0696434
0.0672289 , 0.0680148
0.0693292 , 0.0700833
0.0722882 , 0.0729995
0.0694836 , 0.0702355
0.0711417 , 0.0718693
0.0702772 , 0.0710174
0.0716089 , 0.0723298
0.0695539 , 0.0703048
0.0688132 , 0.069575
0.070722 , 0.0714557
0.0724371 , 0.0731463
0.0676881 , 0.068467
0.0732945 , 0.0739916
0.0662832 , 0.0670838
0.0697373 , 0.0704855
0.0709676 , 0.0716978
0.0715796 , 0.0723009
0.0709531 , 0.0716835
0.0724819 , 0.0731904
0.0690775 , 0.0698354
0.0749447 , 0.0756192
0.0734464 , 0.0741415
0.0721694 , 0.0728824
0.0678512 , 0.0686276
0.0700492 , 0.0707927
0.0764247 , 0.0770795
0.0707797 , 0.0715126
0.0707941 , 0.0715268
0.0732338 , 0.0739318
0.0710546 , 0.0717835
0.0687161 , 0.0694795
0.0687716 , 0.0695341
0.0670678 , 0.0678562
0.0738897 , 0.0745786
0.0730674 , 0.0737678
0.0768139 , 0.0774635
0.0715796 , 0.0723009
0.0733097 , 0.0740066
0.0754174 , 0.0760855
0.0715942 , 0.0723154
0.0743214 , 0.0750044
0.0707508 , 0.0714841
