0.0314008 , 0.0329097
0.0305468 , 0.0320772
0.0330055 , 0.0344745
0.0333324 , 0.0347933
0.0307191 , 0.0322452
0.0299086 , 0.0314552
0.0305666 , 0.0320965
0.0338935 , 0.0353407
0.0307523 , 0.0322776
0.0310121 , 0.0325308
0.0317382 , 0.0332386
0.0325224 , 0.0340033
0.0301314 , 0.0316724
0.0347178 , 0.0361449
0.0302234 , 0.0317621
0.0301643 , 0.0317044
0.0318602 , 0.0333576
0.0315625 , 0.0330673
0.0313336 , 0.0328442
0.0290202 , 0.0305895
0.0311726 , 0.0326872
0.0298237 , 0.0313725
0.035628 , 0.0370332
0.031772 , 0.0332716
0.0303486 , 0.031884
0.0295437 , 0.0310996
0.0321118 , 0.0336029
0.0318534 , 0.0333509
0.0316976 , 0.033199
0.0337667 , 0.035217
0.0304212 , 0.0319548
0.0335071 , 0.0349637
0.0309721 , 0.0324917
0.0296347 , 0.0311883
0.0316908 , 0.0331924
0.0320641 , 0.0335564
0.0300461 , 0.0315892
0.0301446 , 0.0316852
0.0294917 , 0.031049
0.0290652 , 0.0306334
0.0291812 , 0.0307464
0.0301249 , 0.031666
0.0324744 , 0.0339565
0.0320641 , 0.0335564
0.0279443 , 0.0295415
0.0345748 , 0.0360053
0.0316367 , 0.0331397
0.031962 , 0.0334569
0.0308321 , 0.0323553
0.0317314 , 0.033232
0.0307391 , 0.0322646
0.0297323 , 0.0312835
0.0308588 , 0.0323813
0.0316097 , 0.0331134
0.0313537 , 0.0328638
0.0303618 , 0.0318969
0.0322552 , 0.0337427
0.0340772 , 0.0355198
0.0324744 , 0.0339565
0.028738 , 0.0303146
0.0315962 , 0.0331002
0.0331166 , 0.0345828
0.0309387 , 0.0324592
0.030441 , 0.0319741
0.033061 , 0.0345286
0.0290588 , 0.0306272
0.0288917 , 0.0304644
0.0293945 , 0.0309543
0.0323509 , 0.0338361
0.0330194 , 0.034488
0.0279948 , 0.0295906
0.0311124 , 0.0326285
0.0329432 , 0.0344137
0.0309654 , 0.0324852
0.0295112 , 0.031068
0.031119 , 0.032635
0.0307457 , 0.0322711
0.0288917 , 0.0304644
0.030342 , 0.0318776
0.032543 , 0.0340234
0.0312866 , 0.0327983
0.0330472 , 0.0345151
0.0332976 , 0.0347593
0.0336403 , 0.0350936
0.0318466 , 0.0333443
0.0322483 , 0.033736
0.0313403 , 0.0328507
0.0302366 , 0.0317749
0.0293427 , 0.0309038
0.0310856 , 0.0326024
0.0304674 , 0.0319998
0.0312664 , 0.0327787
0.0295566 , 0.0311123
0.0278436 , 0.0294434
0.0284191 , 0.030004
0.031996 , 0.03349
0.0282731 , 0.0298617
0.0315827 , 0.033087
0.0296542 , 0.0312073
0.0296151 , 0.0311693
