0.0103753 , 0.0124607
0.0116614 , 0.0137093
0.0113786 , 0.0134347
0.0111295 , 0.0131928
0.0113185 , 0.0133764
0.011801 , 0.0138449
0.0111064 , 0.0131705
0.00998641 , 0.0120831
0.0116382 , 0.0136867
0.0118663 , 0.0139083
0.0118383 , 0.0138811
0.0118103 , 0.0138539
0.0124481 , 0.0144732
0.0129694 , 0.0149795
0.0106848 , 0.0127612
0.0116289 , 0.0136777
0.0115871 , 0.0136371
0.0109824 , 0.01305
0.0111755 , 0.0132375
0.0117824 , 0.0138268
0.010909 , 0.0129788
0.0104389 , 0.0125224
0.0106666 , 0.0127434
0.0127935 , 0.0148086
0.0120205 , 0.014058
0.0108311 , 0.0129032
0.0104253 , 0.0125091
0.0126655 , 0.0146843
0.0110053 , 0.0130723
0.0115639 , 0.0136146
0.0116335 , 0.0136822
0.00941717 , 0.0115305
0.0127935 , 0.0148086
0.0100676 , 0.0121619
0.0103345 , 0.012421
0.010018 , 0.0121137
0.0105071 , 0.0125886
0.0104571 , 0.01254
0.011337 , 0.0133943
0.011485 , 0.0135381
0.0114434 , 0.0134976
0.0106346 , 0.0127124
0.0121846 , 0.0142173
0.0123208 , 0.0143496
0.0105799 , 0.0126593
0.0102756 , 0.0123638
0.0106073 , 0.0126859
0.0103526 , 0.0124386
0.0096137 , 0.0117213
0.0119924 , 0.0140308
0.0107716 , 0.0128454
0.0110513 , 0.0131169
0.0115036 , 0.0135561
0.0108494 , 0.0129209
0.0109411 , 0.0130099
0.0113878 , 0.0134437
0.0108357 , 0.0129076
0.0105071 , 0.0125886
0.0106757 , 0.0127523
0.0115871 , 0.0136371
0.0106711 , 0.0127479
0.0104571 , 0.01254
0.00948409 , 0.0115955
0.0104207 , 0.0125047
0.0122503 , 0.0142811
0.0105253 , 0.0126063
0.0122926 , 0.0143222
0.0105982 , 0.012677
0.0112908 , 0.0133495
0.00971224 , 0.0118169
0.00910154 , 0.0112241
0.0108448 , 0.0129165
0.0126134 , 0.0146337
0.0116056 , 0.0136552
0.0110421 , 0.013108
0.0105708 , 0.0126505
0.010539 , 0.0126195
0.0109273 , 0.0129966
0.0103572 , 0.012443
0.0105299 , 0.0126107
0.0116056 , 0.0136552
0.0122738 , 0.014304
0.0109365 , 0.0130055
0.00965399 , 0.0117604
0.0103118 , 0.012399
0.0116382 , 0.0136867
0.0114572 , 0.0135111
0.00992786 , 0.0120263
0.0121705 , 0.0142036
0.0115314 , 0.0135831
0.0123538 , 0.0143816
0.0111755 , 0.0132375
0.0120158 , 0.0140535
0.0091237 , 0.0112456
0.0104298 , 0.0125136
0.00971672 , 0.0118213
0.0122174 , 0.0142492
0.00804376 , 0.0101973
0.0101534 , 0.0122452
0.0110007 , 0.0130679
