0.0635354 , 0.0643798
0.0576969 , 0.058641
0.064367 , 0.065198
0.0649163 , 0.0657385
0.056355 , 0.0573232
0.0612982 , 0.0621797
0.060116 , 0.0610177
0.059362 , 0.0602768
0.0591323 , 0.060051
0.0615981 , 0.0624745
0.0588807 , 0.0598038
0.058291 , 0.0592245
0.061936 , 0.0628068
0.0584831 , 0.0594132
0.0608457 , 0.0617349
0.0573969 , 0.0583463
0.0595351 , 0.0604467
0.0622641 , 0.0631294
0.0594197 , 0.0603334
0.0604207 , 0.0613172
0.063075 , 0.0639269
0.0606446 , 0.0615372
0.0595004 , 0.0604127
0.0612743 , 0.0621562
0.0599643 , 0.0608686
0.0590178 , 0.0599385
0.0613101 , 0.0621915
0.063448 , 0.0642938
0.0610595 , 0.0619451
0.0648778 , 0.0657006
0.05927 , 0.0601863
0.0597202 , 0.0606287
0.062484 , 0.0633456
0.0583587 , 0.059291
0.0589264 , 0.0598487
0.0618272 , 0.0626998
0.060822 , 0.0617116
0.0564528 , 0.0574192
0.0560088 , 0.0569833
0.0600926 , 0.0609947
0.0619724 , 0.0628426
0.0610238 , 0.06191
0.0603151 , 0.0612133
0.0644561 , 0.0652855
0.0589835 , 0.0599048
0.0616462 , 0.0625219
0.0563224 , 0.0572912
0.0585284 , 0.0594577
0.0596739 , 0.0605832
0.0575745 , 0.0585207
0.0615379 , 0.0624154
0.0644688 , 0.0652981
0.0612265 , 0.0621092
0.0655236 , 0.0663361
0.0627786 , 0.0636354
0.0600109 , 0.0609144
0.0588579 , 0.0597814
0.0623617 , 0.0632254
0.0593275 , 0.0602428
0.0635604 , 0.0644044
0.0635854 , 0.064429
0.060409 , 0.0613056
0.0606918 , 0.0615836
0.0633981 , 0.0642447
0.0594889 , 0.0604014
0.0601979 , 0.0610981
0.0616944 , 0.0625692
0.0603268 , 0.0612248
0.0625085 , 0.0633697
0.0665346 , 0.0673312
0.063199 , 0.0640489
0.0621423 , 0.0630097
0.0632611 , 0.06411
0.0586304 , 0.0595579
0.064367 , 0.065198
0.0571206 , 0.058075
0.0567255 , 0.0576869
0.0596623 , 0.0605718
0.0632239 , 0.0640733
0.0654587 , 0.0662722
0.0609288 , 0.0618165
0.0616462 , 0.0625219
0.0621545 , 0.0630217
0.0616342 , 0.06251
0.0605384 , 0.0614329
0.0623007 , 0.0631654
0.0597782 , 0.0606857
0.0596855 , 0.0605946
0.0618634 , 0.0627354
0.059941 , 0.0608457
0.0589721 , 0.0598936
0.0664948 , 0.0672921
0.0631742 , 0.0640245
0.0601979 , 0.0610981
0.0585057 , 0.0594354
0.0653679 , 0.0661828
0.0640125 , 0.0648492
0.0610357 , 0.0619217
0.0609525 , 0.0618399
0.0587213 , 0.0596472
