0.0187361 , 0.0205821
0.0207627 , 0.0225523
0.0219658 , 0.0237224
0.0209503 , 0.0227347
0.0211996 , 0.0229772
0.0205099 , 0.0223065
0.0187838 , 0.0206285
0.0187945 , 0.0206388
0.0202911 , 0.0220938
0.0204277 , 0.0222266
0.0190286 , 0.0208664
0.0182399 , 0.0200998
0.0226575 , 0.0243952
0.0222595 , 0.0240081
0.0213553 , 0.0231286
0.0223105 , 0.0240577
0.0256201 , 0.0272782
0.0207792 , 0.0225684
0.0192798 , 0.0211106
0.0190126 , 0.0208508
0.0222652 , 0.0240136
0.0207241 , 0.0225148
0.0196399 , 0.0214607
0.0201275 , 0.0219348
0.0210277 , 0.02281
0.02145 , 0.0232208
0.0199048 , 0.0217182
0.0214221 , 0.0231937
0.0196345 , 0.0214554
0.0216233 , 0.0233893
0.0229092 , 0.0246401
0.0207682 , 0.0225577
0.0198398 , 0.021655
0.0201765 , 0.0219824
0.0195968 , 0.0214187
0.0209945 , 0.0227778
0.0208785 , 0.0226649
0.0219827 , 0.0237388
0.0202474 , 0.0220513
0.0178421 , 0.0197131
0.0195268 , 0.0213507
0.0216961 , 0.0234601
0.0202038 , 0.0220089
0.0195914 , 0.0214135
0.0208067 , 0.0225952
0.0226746 , 0.0244119
0.0193066 , 0.0211366
0.0187945 , 0.0206388
0.0217578 , 0.0235201
0.0202856 , 0.0220885
0.0204496 , 0.0222479
0.0212718 , 0.0230474
0.020884 , 0.0226703
0.0208564 , 0.0226435
0.0183451 , 0.020202
0.0205757 , 0.0223705
0.0208398 , 0.0226274
0.0233063 , 0.0250264
0.0223616 , 0.0241074
0.020989 , 0.0227724
0.0200731 , 0.0218819
0.0230699 , 0.0247965
0.0237879 , 0.025495
0.0191995 , 0.0210325
0.0201493 , 0.0219559
0.0223956 , 0.0241405
0.0205263 , 0.0223225
0.022407 , 0.0241516
0.0229378 , 0.024668
0.0223956 , 0.0241405
0.022515 , 0.0242567
0.021372 , 0.0231449
0.019586 , 0.0214083
0.0210942 , 0.0228747
0.023683 , 0.025393
0.0210942 , 0.0228747
0.0219883 , 0.0237443
0.0215673 , 0.0233348
0.0219207 , 0.0236786
0.0192209 , 0.0210533
0.0211718 , 0.0229502
0.0219207 , 0.0236786
0.0221577 , 0.023909
0.0222255 , 0.0239751
0.0214891 , 0.0232588
0.0211663 , 0.0229448
0.0210332 , 0.0228154
0.0215897 , 0.0233566
0.0216121 , 0.0233784
0.0218532 , 0.0236129
0.0209668 , 0.0227509
0.0220052 , 0.0237608
0.0242562 , 0.0259508
0.0217971 , 0.0235583
0.0207406 , 0.0225309
0.0211441 , 0.0229232
0.0219601 , 0.0237169
0.0198074 , 0.0216235
0.0204004 , 0.0222
0.0219207 , 0.0236786
