0.0389205 , 0.0402482
0.0399072 , 0.0412123
0.0389205 , 0.0402482
0.0412929 , 0.0425667
0.0424832 , 0.0437306
0.0398519 , 0.0411582
0.0419134 , 0.0431734
0.0423092 , 0.0435603
0.0381046 , 0.0394512
0.0401687 , 0.0414678
0.0401369 , 0.0414368
0.0422678 , 0.0435199
0.0393489 , 0.0406668
0.0407197 , 0.0420064
0.0398519 , 0.0411582
0.0377848 , 0.0391389
0.0440425 , 0.0452558
0.0394507 , 0.0407662
0.0423671 , 0.043617
0.0398597 , 0.041166
0.0426163 , 0.0438607
0.0428499 , 0.0440892
0.0436929 , 0.0449137
0.036023 , 0.0374187
0.0405594 , 0.0418497
0.0411065 , 0.0423845
0.0404794 , 0.0417715
0.0410499 , 0.0423292
0.0421521 , 0.0434068
0.0417821 , 0.043045
0.0427496 , 0.0439911
0.0419627 , 0.0432216
0.0410015 , 0.0422818
0.0391382 , 0.0404609
0.0398834 , 0.0411891
0.0404155 , 0.0417091
0.0418641 , 0.0431252
0.0393958 , 0.0407127
0.0408725 , 0.0421557
0.041897 , 0.0431573
0.0422513 , 0.0435037
0.0394037 , 0.0407203
0.0444031 , 0.0456086
0.0390837 , 0.0404076
0.0378379 , 0.0391908
0.0408403 , 0.0421243
0.0437524 , 0.044972
0.0408805 , 0.0421636
0.0398045 , 0.041112
0.037271 , 0.0386372
0.0373764 , 0.0387401
0.0415614 , 0.0428292
0.0407518 , 0.0420378
0.0412036 , 0.0424795
0.0391382 , 0.0404609
0.040129 , 0.041429
0.0432444 , 0.044475
0.0419874 , 0.0432457
0.0435486 , 0.0447726
0.0416104 , 0.0428771
0.0398203 , 0.0411274
0.04028 , 0.0415767
0.0435062 , 0.0447312
0.0397493 , 0.041058
0.0400338 , 0.041336
0.035236 , 0.0366506
0.0421852 , 0.0434391
0.0399863 , 0.0412896
0.0384956 , 0.0398331
0.0375726 , 0.0389317
0.0391382 , 0.0404609
0.0382499 , 0.0395932
0.0421852 , 0.0434391
0.0382652 , 0.0396081
0.0428499 , 0.0440892
0.0425913 , 0.0438363
0.0378988 , 0.0392502
0.0385494 , 0.0398858
0.0381887 , 0.0395333
0.0373312 , 0.038696
0.0401448 , 0.0414446
0.0407599 , 0.0420457
0.0378988 , 0.0392502
0.0423505 , 0.0436008
0.0397808 , 0.0410888
0.038434 , 0.039773
0.0409934 , 0.0422739
0.0408242 , 0.0421085
0.0431014 , 0.0443351
0.0411712 , 0.0424478
0.0408322 , 0.0421164
0.041938 , 0.0431975
0.0399942 , 0.0412973
0.0417658 , 0.043029
0.0388352 , 0.0401649
0.0387424 , 0.0400742
0.0440254 , 0.045239
0.042334 , 0.0435846
0.0410418 , 0.0423213
0.0414392 , 0.0427097
