0.142889 , 0.143041
0.139851 , 0.140014
0.138583 , 0.138751
0.144285 , 0.144432
0.139607 , 0.139771
0.148527 , 0.14866
0.13309 , 0.133281
0.137003 , 0.137177
0.139002 , 0.139168
0.133943 , 0.13413
0.135699 , 0.135878
0.142304 , 0.142458
0.147284 , 0.147421
0.136945 , 0.13712
0.137291 , 0.137465
0.143882 , 0.14403
0.144692 , 0.144837
0.139729 , 0.139892
0.130372 , 0.130576
0.132201 , 0.132396
0.145725 , 0.145867
0.138464 , 0.138633
0.137699 , 0.13787
0.143681 , 0.14383
0.13764 , 0.137812
0.133462 , 0.133651
0.138227 , 0.138397
0.136318 , 0.136495
0.140654 , 0.140814
0.138942 , 0.139108
0.14664 , 0.146779
0.132722 , 0.132914
0.140779 , 0.140938
0.144083 , 0.14423
0.148676 , 0.148808
0.154042 , 0.154158
0.135253 , 0.135435
0.133515 , 0.133704
0.142046 , 0.142201
0.137699 , 0.13787
0.136888 , 0.137063
0.133782 , 0.13397
0.136374 , 0.136551
0.135531 , 0.135711
0.142955 , 0.143106
0.142239 , 0.142393
0.144352 , 0.144499
0.144896 , 0.145041
0.135364 , 0.135545
0.137874 , 0.138045
0.132201 , 0.132396
0.14875 , 0.148882
0.140841 , 0.141001
0.145447 , 0.14559
0.142433 , 0.142587
0.1492 , 0.14933
0.147212 , 0.147349
0.141218 , 0.141376
0.133037 , 0.133229
0.145516 , 0.145659
0.144488 , 0.144634
0.137003 , 0.137177
0.141345 , 0.141502
0.132097 , 0.132293
0.150965 , 0.15109
0.145033 , 0.145178
0.144217 , 0.144364
0.144624 , 0.144769
0.145309 , 0.145452
0.140406 , 0.140566
0.140344 , 0.140505
0.14875 , 0.148882
0.126596 , 0.126818
0.145378 , 0.145521
0.13267 , 0.132862
0.146498 , 0.146637
0.139122 , 0.139288
0.139002 , 0.139168
0.145033 , 0.145178
0.145033 , 0.145178
0.139851 , 0.140014
0.144896 , 0.145041
0.136659 , 0.136835
0.143748 , 0.143897
0.136831 , 0.137006
0.138942 , 0.139108
0.144285 , 0.144432
0.142239 , 0.142393
0.139607 , 0.139771
0.138583 , 0.138751
0.128422 , 0.128635
0.137291 , 0.137465
0.144624 , 0.144769
0.139974 , 0.140136
0.137465 , 0.137638
0.134922 , 0.135105
0.142239 , 0.142393
0.143218 , 0.143368
0.148602 , 0.148734
0.142368 , 0.142522
