0.123834 , 0.12407
0.118447 , 0.118714
0.114993 , 0.115281
0.121886 , 0.122133
0.120416 , 0.120671
0.114141 , 0.114434
0.120738 , 0.120992
0.121432 , 0.121681
0.115933 , 0.116215
0.126049 , 0.126273
0.125552 , 0.125779
0.119186 , 0.119448
0.119225 , 0.119487
0.126459 , 0.126681
0.127524 , 0.127741
0.121104 , 0.121355
0.120982 , 0.121234
0.117418 , 0.117691
0.119068 , 0.119331
0.120941 , 0.121193
0.115714 , 0.115998
0.11723 , 0.117504
0.117797 , 0.118067
0.125687 , 0.125914
0.122638 , 0.122881
0.122302 , 0.122547
0.124094 , 0.124329
0.117117 , 0.117392
0.11723 , 0.117504
0.112584 , 0.112888
0.11738 , 0.117654
0.121063 , 0.121315
0.122807 , 0.123049
0.113063 , 0.113363
0.12655 , 0.126772
0.122177 , 0.122422
0.126367 , 0.12659
0.117418 , 0.117691
0.117835 , 0.118105
0.126276 , 0.126499
0.117117 , 0.117392
0.120135 , 0.120392
0.115714 , 0.115998
0.124707 , 0.124939
0.122177 , 0.122422
0.121473 , 0.121722
0.122094 , 0.122339
0.119816 , 0.120075
0.11899 , 0.119254
0.119186 , 0.119448
0.122094 , 0.122339
0.125508 , 0.125735
0.117721 , 0.117992
0.122261 , 0.122505
0.119975 , 0.120233
0.115678 , 0.115962
0.121308 , 0.121559
0.119697 , 0.119957
0.126642 , 0.126864
0.122219 , 0.122464
0.126276 , 0.126499
0.120698 , 0.120951
0.119856 , 0.120115
0.12515 , 0.125379
0.117987 , 0.118257
0.123019 , 0.12326
0.1151 , 0.115388
0.120015 , 0.120273
0.127664 , 0.127881
0.120941 , 0.121193
0.122428 , 0.122672
0.115605 , 0.11589
0.118679 , 0.118945
0.1163 , 0.11658
0.118873 , 0.119138
0.117493 , 0.117766
0.124751 , 0.124983
0.119303 , 0.119565
0.117192 , 0.117467
0.121761 , 0.122009
0.122302 , 0.122547
0.122261 , 0.122505
0.132201 , 0.132396
0.117683 , 0.117954
0.120335 , 0.120591
0.120901 , 0.121153
0.123532 , 0.12377
0.123062 , 0.123302
0.116818 , 0.117095
0.11693 , 0.117206
0.127011 , 0.127231
0.122765 , 0.123007
0.119777 , 0.120036
0.117456 , 0.117729
0.117607 , 0.117879
0.120015 , 0.120273
0.118951 , 0.119215
0.116226 , 0.116507
0.125061 , 0.125291
0.11693 , 0.117206
