0.128349 , 0.132147
0.130576 , 0.134284
0.122307 , 0.126356
0.127087 , 0.130936
0.132608 , 0.136236
0.129339 , 0.133096
0.124158 , 0.128128
0.128401 , 0.132196
0.123959 , 0.127938
0.118914 , 0.123108
0.127036 , 0.130887
0.130259 , 0.133979
0.124582 , 0.128535
0.124059 , 0.128033
0.125033 , 0.128967
0.122356 , 0.126403
0.123044 , 0.127061
0.128791 , 0.13257
0.118653 , 0.122859
0.125285 , 0.129208
0.121844 , 0.125912
0.119985 , 0.124133
0.119388 , 0.123562
0.129339 , 0.133096
0.128375 , 0.132172
0.125916 , 0.129813
0.126347 , 0.130226
0.129784 , 0.133524
0.127961 , 0.131774
0.126398 , 0.130275
0.127626 , 0.131453
0.123266 , 0.127274
0.134296 , 0.137858
0.122088 , 0.126145
0.122626 , 0.126661
0.131107 , 0.134794
0.130127 , 0.133853
0.125511 , 0.129425
0.125511 , 0.129425
0.125638 , 0.129546
0.119507 , 0.123676
0.124582 , 0.128535
0.128116 , 0.131923
0.12822 , 0.132022
0.125436 , 0.129353
0.119627 , 0.12379
0.127138 , 0.130985
0.126551 , 0.130422
0.124933 , 0.128871
0.120778 , 0.124891
0.123291 , 0.127297
0.122921 , 0.126943
0.126195 , 0.13008
0.122724 , 0.126755
0.125234 , 0.12916
0.120105 , 0.124247
0.121116 , 0.125215
0.121941 , 0.126005
0.126831 , 0.130691
0.120826 , 0.124937
0.121309 , 0.1254
0.124034 , 0.128009
0.120802 , 0.124914
0.128401 , 0.132196
0.125285 , 0.129208
0.129732 , 0.133474
0.126119 , 0.130007
0.124457 , 0.128415
0.125587 , 0.129498
0.123069 , 0.127085
0.12085 , 0.12496
0.124333 , 0.128296
0.123241 , 0.12725
0.127935 , 0.13175
0.124333 , 0.128296
0.122259 , 0.126309
0.125992 , 0.129886
0.128947 , 0.13272
0.12199 , 0.126052
0.132554 , 0.136184
0.125537 , 0.129449
0.11863 , 0.122837
0.126296 , 0.130178
0.126449 , 0.130324
0.119175 , 0.123358
0.125739 , 0.129643
0.122773 , 0.126802
0.126551 , 0.130422
0.133149 , 0.136756
0.121067 , 0.125168
0.129995 , 0.133726
0.12032 , 0.124454
0.127087 , 0.130936
0.125109 , 0.129039
0.128453 , 0.132246
0.124682 , 0.128631
0.130443 , 0.134157
0.128064 , 0.131874
0.125865 , 0.129764
0.122112 , 0.126169
