0.192472 , 0.192517
0.181015 , 0.181075
0.179645 , 0.179706
0.185754 , 0.185807
0.187697 , 0.187748
0.17731 , 0.177375
0.177168 , 0.177234
0.189168 , 0.189217
0.176605 , 0.176672
0.1954 , 0.195442
0.18645 , 0.186502
0.171469 , 0.171544
0.180861 , 0.180921
0.190691 , 0.190738
0.18373 , 0.183785
0.185754 , 0.185807
0.187158 , 0.18721
0.178608 , 0.178671
0.176466 , 0.176533
0.179945 , 0.180007
0.182112 , 0.18217
0.174159 , 0.17423
0.181639 , 0.181697
0.178316 , 0.17838
0.171221 , 0.171297
0.171593 , 0.171669
0.170123 , 0.170201
0.189544 , 0.189592
0.184899 , 0.184953
0.171843 , 0.171918
0.20021 , 0.200247
0.17605 , 0.176117
0.191277 , 0.191323
0.189356 , 0.189404
0.182591 , 0.182648
0.181796 , 0.181855
0.172094 , 0.172169
0.175501 , 0.17557
0.173765 , 0.173836
0.184227 , 0.184282
0.184394 , 0.184449
0.176745 , 0.176812
0.194121 , 0.194163
0.182591 , 0.182648
0.169882 , 0.169961
0.181326 , 0.181385
0.18406 , 0.184116
0.182271 , 0.182329
0.193911 , 0.193954
0.177738 , 0.177803
0.173503 , 0.173575
0.179346 , 0.179408
0.173115 , 0.173187
0.190498 , 0.190545
0.185068 , 0.185122
0.194331 , 0.194374
0.179049 , 0.179112
0.167663 , 0.167746
0.184561 , 0.184616
0.174557 , 0.174628
0.192879 , 0.192923
0.180707 , 0.180767
0.179645 , 0.179706
0.179346 , 0.179408
0.161307 , 0.161405
0.173373 , 0.173446
0.178754 , 0.178817
0.176745 , 0.176812
0.175638 , 0.175706
0.175229 , 0.175298
0.175094 , 0.175163
0.185927 , 0.18598
0.170123 , 0.170201
0.177168 , 0.177234
0.177595 , 0.17766
0.175365 , 0.175434
0.183895 , 0.18395
0.183895 , 0.18395
0.191277 , 0.191323
0.179346 , 0.179408
0.173244 , 0.173316
0.181015 , 0.181075
0.191672 , 0.191717
0.165767 , 0.165854
0.172474 , 0.172548
0.179197 , 0.17926
0.183401 , 0.183457
0.168467 , 0.168549
0.179645 , 0.179706
0.175912 , 0.17598
0.179495 , 0.179557
0.171843 , 0.171918
0.18406 , 0.184116
0.174027 , 0.174098
0.168467 , 0.168549
0.182752 , 0.182809
0.18373 , 0.183785
0.175638 , 0.175706
0.192271 , 0.192316
0.168006 , 0.168088
