0.149275 , 0.149405
0.154042 , 0.154158
0.14935 , 0.14948
0.151279 , 0.151403
0.1492 , 0.14933
0.151279 , 0.151403
0.151595 , 0.151718
0.145309 , 0.145452
0.153293 , 0.153412
0.158257 , 0.158362
0.157527 , 0.157633
0.154125 , 0.154241
0.147501 , 0.147637
0.14415 , 0.144297
0.149577 , 0.149707
0.142758 , 0.142911
0.148306 , 0.148439
0.149275 , 0.149405
0.143152 , 0.143302
0.160817 , 0.160915
0.145586 , 0.145728
0.150965 , 0.15109
0.153707 , 0.153825
0.147865 , 0.148
0.146854 , 0.146992
0.153707 , 0.153825
0.154888 , 0.155001
0.15073 , 0.150856
0.146782 , 0.146921
0.14935 , 0.14948
0.149882 , 0.15001
0.159001 , 0.159104
0.143218 , 0.143368
0.153293 , 0.153412
0.146427 , 0.146567
0.153874 , 0.153991
0.140158 , 0.14032
0.140406 , 0.140566
0.146427 , 0.146567
0.150497 , 0.150624
0.174557 , 0.174628
0.150965 , 0.15109
0.146782 , 0.146921
0.158257 , 0.158362
0.154042 , 0.154158
0.146286 , 0.146426
0.146356 , 0.146496
0.145516 , 0.145659
0.150497 , 0.150624
0.150343 , 0.15047
0.155403 , 0.155516
0.139974 , 0.140136
0.149882 , 0.15001
0.154125 , 0.154241
0.153211 , 0.15333
0.148527 , 0.14866
0.153047 , 0.153166
0.157346 , 0.157453
0.158074 , 0.158179
0.144692 , 0.144837
0.151279 , 0.151403
0.151516 , 0.151639
0.154125 , 0.154241
0.140904 , 0.141063
0.151834 , 0.151956
0.14415 , 0.144297
0.150808 , 0.150934
0.155059 , 0.155172
0.155663 , 0.155775
0.162813 , 0.162907
0.14714 , 0.147277
0.145795 , 0.145936
0.149124 , 0.149255
0.153293 , 0.153412
0.1489 , 0.149031
0.139546 , 0.13971
0.155576 , 0.155688
0.149577 , 0.149707
0.155837 , 0.155948
0.14714 , 0.147277
0.156012 , 0.156123
0.138643 , 0.13881
0.147501 , 0.147637
0.144285 , 0.144432
0.145655 , 0.145797
0.161307 , 0.161405
0.152477 , 0.152597
0.147938 , 0.148073
0.143681 , 0.14383
0.154125 , 0.154241
0.15575 , 0.155862
0.150035 , 0.150163
0.153874 , 0.153991
0.151516 , 0.151639
0.148676 , 0.148808
0.150965 , 0.15109
0.1492 , 0.14933
0.156364 , 0.156474
0.154717 , 0.154831
0.159471 , 0.159573
