0.167209 , 0.167293
0.159852 , 0.159953
0.156188 , 0.156298
0.151121 , 0.151246
0.162004 , 0.162099
0.157166 , 0.157273
0.172094 , 0.172169
0.159001 , 0.159104
0.170486 , 0.170563
0.171969 , 0.172043
0.148085 , 0.148219
0.164903 , 0.164992
0.160719 , 0.160818
0.159471 , 0.159573
0.159756 , 0.159857
0.166872 , 0.166957
0.157346 , 0.157453
0.160043 , 0.160143
0.157617 , 0.157724
0.158535 , 0.158639
0.153707 , 0.153825
0.162406 , 0.162501
0.15549 , 0.155602
0.16501 , 0.165099
0.152802 , 0.152921
0.175365 , 0.175434
0.171098 , 0.171174
0.159852 , 0.159953
0.165986 , 0.166073
0.161804 , 0.1619
0.153707 , 0.153825
0.159661 , 0.159762
0.155145 , 0.155258
0.151043 , 0.151168
0.171469 , 0.171544
0.169643 , 0.169723
0.157617 , 0.157724
0.157891 , 0.157996
0.158257 , 0.158362
0.163017 , 0.163111
0.159094 , 0.159197
0.170607 , 0.170685
0.146075 , 0.146215
0.169169 , 0.16925
0.149882 , 0.15001
0.148158 , 0.148292
0.175638 , 0.175706
0.157617 , 0.157724
0.167097 , 0.167181
0.163017 , 0.163111
0.157617 , 0.157724
0.152558 , 0.152678
0.159471 , 0.159573
0.156807 , 0.156916
0.168817 , 0.168898
0.159377 , 0.159479
0.157708 , 0.157814
0.162004 , 0.162099
0.159947 , 0.160048
0.150266 , 0.150393
0.159094 , 0.159197
0.160139 , 0.160239
0.159282 , 0.159385
0.146782 , 0.146921
0.160139 , 0.160239
0.163326 , 0.163419
0.153874 , 0.153991
0.173503 , 0.173575
0.160915 , 0.161013
0.176745 , 0.176812
0.161903 , 0.161999
0.153541 , 0.153659
0.163741 , 0.163833
0.16312 , 0.163213
0.173765 , 0.173836
0.164796 , 0.164885
0.157256 , 0.157363
0.165333 , 0.165421
0.157166 , 0.157273
0.150886 , 0.151012
0.14524 , 0.145383
0.158442 , 0.158547
0.156986 , 0.157094
0.1492 , 0.14933
0.159947 , 0.160048
0.164477 , 0.164567
0.160139 , 0.160239
0.16555 , 0.165637
0.159001 , 0.159104
0.154294 , 0.154409
0.157166 , 0.157273
0.164903 , 0.164992
0.173634 , 0.173706
0.159377 , 0.159479
0.162609 , 0.162703
0.164903 , 0.164992
0.151834 , 0.151956
0.155231 , 0.155343
0.164371 , 0.164461
0.166761 , 0.166846
