0.109743 , 0.110067
0.109075 , 0.109403
0.119421 , 0.119682
0.114957 , 0.115245
0.114494 , 0.114785
0.113028 , 0.113329
0.107003 , 0.107347
0.109328 , 0.109655
0.108353 , 0.108687
0.110291 , 0.110611
0.112618 , 0.112922
0.107215 , 0.107557
0.105689 , 0.106043
0.106193 , 0.106543
0.11693 , 0.117206
0.112278 , 0.112584
0.114636 , 0.114926
0.11723 , 0.117504
0.109807 , 0.110131
0.114352 , 0.114645
0.114957 , 0.115245
0.107367 , 0.107709
0.119343 , 0.119604
0.115208 , 0.115495
0.109233 , 0.109561
0.112482 , 0.112786
0.115714 , 0.115998
0.111573 , 0.111884
0.104583 , 0.104946
0.113304 , 0.113603
0.109233 , 0.109561
0.105104 , 0.105463
0.111474 , 0.111785
0.113651 , 0.113948
0.115751 , 0.116034
0.104699 , 0.10506
0.11174 , 0.11205
0.11154 , 0.111851
0.113408 , 0.113706
0.107459 , 0.107799
0.112482 , 0.112786
0.112312 , 0.112618
0.113651 , 0.113948
0.111941 , 0.11225
0.117493 , 0.117766
0.110584 , 0.110902
0.107673 , 0.108012
0.11386 , 0.114156
0.112346 , 0.112652
0.115569 , 0.115854
0.103926 , 0.104294
0.113651 , 0.113948
0.111975 , 0.112283
0.105454 , 0.10581
0.116968 , 0.117243
0.10917 , 0.109498
0.109392 , 0.109718
0.111841 , 0.11215
0.10984 , 0.110163
0.111274 , 0.111588
0.103955 , 0.104322
0.110945 , 0.11126
0.116448 , 0.116727
0.107185 , 0.107527
0.116448 , 0.116727
0.105221 , 0.105578
0.117117 , 0.117392
0.110519 , 0.110837
0.113477 , 0.113775
0.113373 , 0.113672
0.10898 , 0.109309
0.109138 , 0.109466
0.107889 , 0.108226
0.115028 , 0.115316
0.111407 , 0.111719
0.112414 , 0.112719
0.109265 , 0.109592
0.113338 , 0.113638
0.110486 , 0.110805
0.110389 , 0.110708
0.110846 , 0.111162
0.104641 , 0.105003
0.111807 , 0.112117
0.118217 , 0.118485
0.11528 , 0.115566
0.108229 , 0.108564
0.104497 , 0.104861
0.116744 , 0.117021
0.119068 , 0.119331
0.107796 , 0.108134
0.117949 , 0.118219
0.113166 , 0.113466
0.112516 , 0.11282
0.113408 , 0.113706
0.113616 , 0.113913
0.111076 , 0.111391
0.11174 , 0.11205
0.106342 , 0.106691
0.109297 , 0.109624
0.108728 , 0.10906
