8.87455e-1483
0.029195
0.0190028
0.0243415
0.0278678
0.0258589
0.0262764
0.028151
0.0209277
0.0259979
0.0253047
0.0248449
0.0327725
0.0318932
0.022441
0.0272567
0.0301039
0.0238858
0.0268823
0.0249367
0.0319419
0.0244328
0.0190894
0.0247532
0.0228453
0.0284821
0.0246158
0.0286718
0.0264625
0.0261835
0.0270693
0.0246158
0.0225307
0.0324788
0.0314071
0.0268355
0.0250745
0.0279621
0.0237949
0.0282455
0.0327725
0.0232964
0.0295291
0.0302481
0.0260443
0.0288143
0.0309229
0.0212817
0.0297683
0.0356442
0.0281982
0.0285769
0.022217
0.0333619
0.0305368
0.0273036
0.0288618
0.0285295
0.0253968
0.0269758
0.0229354
0.0258126
0.030152
0.0295769
0.0322344
0.0243871
0.0309229
0.0235681
0.0242502
0.0324788
0.0231609
0.0296247
0.0242958
0.0249826
0.0324788
0.0248449
0.0256276
0.0284348
0.0289093
0.0296247
0.0220829
0.028151
0.0262299
0.0308746
0.0307297
0.0333619
0.0249367
0.0327235
0.0253507
0.0242958
0.0277265
0.0190894
0.0203551
0.0244785
0.0319906
0.0295769
0.0348961
0.025443
0.0172852
0.0263229
0.0342012
