2.27612e-274
0.0861651
0.0833612
0.0870959
0.0843214
0.0862119
0.0842258
0.0799241
0.0823912
0.0890184
0.0886555
0.0825373
0.0831196
0.0895598
0.0820983
0.0820983
0.0868641
0.0776041
0.0871884
0.0751369
0.0887918
0.0866783
0.0908542
0.084178
0.0818045
0.0777567
0.0871422
0.0870496
0.0897844
0.0823424
0.0886101
0.0868641
0.0885191
0.0825373
0.0826346
0.0861183
0.0870033
0.084178
0.0887464
0.0875576
0.0879251
0.0883368
0.0818045
0.0895149
0.0890637
0.0888372
0.0820004
0.0911636
0.0916038
0.0907655
0.08579
0.0830228
0.085837
0.0829259
0.0817064
0.0846551
0.0876956
0.0919106
0.0821471
0.0870033
0.0803725
0.087327
0.0841301
0.0839385
0.0850824
0.0869105
0.0881083
0.0895598
0.0874654
0.0848927
0.0918668
0.0883368
0.082196
0.085177
0.0852716
0.0898741
0.0790721
0.0892444
0.0856489
0.0809674
0.0847502
0.08579
0.0874193
0.0852243
0.0826832
0.0839865
0.0859308
0.0886555
0.0860246
0.0897844
0.0844646
0.0881541
0.0760157
0.0826346
0.0929973
0.081559
0.0806704
0.0891541
0.0807199
0.0906324
0.0867248
