4.79063e-819
0.0435716
0.0445648
0.0392845
0.045562
0.0436237
0.0372523
0.0409267
0.0480971
0.0460356
0.046141
0.0487873
0.0402065
0.0537605
0.0409267
0.0491595
0.0446696
0.0401551
0.0451416
0.0410298
0.0462464
0.0442507
0.0405663
0.0480971
0.0434151
0.0428423
0.0448793
0.046774
0.0446696
0.0441461
0.040412
0.0434151
0.0454043
0.0447744
0.0464573
0.0412362
0.0467212
0.045825
0.0410298
0.0360447
0.0517752
0.0403606
0.0438848
0.046141
0.0500117
0.0454043
0.0437281
0.0412362
0.0408236
0.0415978
0.0474084
0.0421155
0.0398986
0.0459303
0.0455094
0.0450367
0.034449
0.0485217
0.043363
0.0454043
0.0452992
0.0447744
0.0425305
0.0445124
0.0460356
0.0391823
0.0395401
0.0463518
0.0461937
0.0440938
0.0518287
0.0431546
0.0448268
0.0316985
0.036145
0.0315042
0.0417012
0.045825
0.0423229
0.0415978
0.0405663
0.0443554
0.0469853
0.0493191
0.0496386
0.039489
0.0444077
0.041753
0.0425305
0.0328706
0.0421673
0.0480441
0.0451416
0.0393356
0.0371008
0.0375556
0.0468796
0.0438848
0.0460356
0.0436759
0.043937
