0.000156948
0.225643
0.233491
0.219098
0.231306
0.232743
0.24968
0.22001
0.225643
0.229942
0.215723
0.222429
0.23671
0.24037
0.239407
0.239407
0.231306
0.237579
0.237579
0.217785
0.221928
0.220477
0.229285
0.216942
0.214177
0.231306
0.242408
0.235869
0.216124
0.24037
0.221436
0.24137
0.233491
0.242408
0.221928
0.221436
0.229285
0.222429
0.220477
0.228016
0.22453
0.229942
0.213803
0.235053
0.235869
0.235869
0.218654
0.230616
0.21955
0.266877
0.233491
0.229285
0.242408
0.24137
0.235053
0.211659
0.238478
0.24137
0.243489
0.273006
0.232743
0.23671
0.244616
0.214556
0.245794
0.209987
0.233491
0.220953
0.242408
0.214177
0.245794
0.222429
0.244616
0.226804
0.229285
0.231306
0.216124
0.223459
0.226804
0.22453
0.229942
0.226804
0.220953
0.22453
0.211316
0.225643
0.233491
0.233491
0.222429
0.223459
0.216124
0.220953
0.212711
0.244616
0.22453
0.213803
0.220477
0.266877
0.232743
0.242408
0.235053
