3.28387e-11
0.204668
0.199712
0.203348
0.200172
0.197728
0.202584
0.19926
0.190378
0.188431
0.199941
0.187501
0.199485
0.200404
0.198375
0.20903
0.204939
0.205768
0.192278
0.195468
0.200404
0.198593
0.206622
0.209345
0.192278
0.192278
0.207205
0.200639
0.193925
0.200875
0.2078
0.193925
0.215723
0.192817
0.19668
0.192457
0.208103
0.197942
0.195667
0.196474
0.195867
0.215329
0.193738
0.192457
0.199941
0.200404
0.205213
0.203869
0.201839
0.196068
0.205213
0.205213
0.192278
0.195075
0.192278
0.201839
0.19627
0.20903
0.201595
0.18988
0.199941
0.199941
0.193925
0.186302
0.200875
0.199485
0.197728
0.185864
0.197515
0.188906
0.187962
0.209665
0.197728
0.196474
0.198814
0.187962
0.196068
0.21307
0.217785
0.190045
0.190715
0.201595
0.205213
0.199941
0.188431
0.197942
0.202584
0.189389
0.204399
0.201595
0.198375
0.211316
0.200172
0.196068
0.194304
0.204668
0.204939
0.206622
0.192457
0.19627
0.195867
