0.382007
0.245794
0.286461
0.286461
1
0.281127
0.252633
1
0.266877
0.255966
0.293277
1
1
0.302771
0.286461
0.286461
0.276739
0.286461
0.318702
0.318702
0.259793
0.261943
1
0.293277
0.293277
1
0.302771
1
0.276739
0.273006
0.273006
0.286461
0.293277
1
1
0.281127
0.281127
0.248319
0.259793
1
0.255966
1
0.254246
0.255966
0.293277
1
0.318702
0.318702
1
0.293277
0.318702
0.302771
1
0.286461
0.302771
1
1
0.276739
1
1
0.293277
1
1
0.254246
0.261943
0.252633
0.276739
1
0.318702
0.293277
0.269756
0.273006
1
0.302771
0.302771
0.302771
0.259793
0.302771
1
0.293277
1
0.281127
0.266877
0.293277
1
1
1
0.302771
0.276739
0.264291
0.302771
0.269756
0.286461
0.276739
0.251115
0.293277
1
1
0.318702
0.318702
0.318702
