0.050075
0.24968
0.252633
0.234261
0.244616
0.269756
0.276739
0.269756
0.259793
0.281127
0.252633
0.302771
0.248319
0.264291
0.281127
0.255966
0.266877
0.255966
0.24968
0.251115
0.293277
0.247026
0.248319
0.261943
0.24968
0.251115
0.266877
0.243489
0.269756
0.248319
0.281127
0.251115
0.255966
0.259793
0.293277
0.248319
0.259793
0.286461
0.273006
0.24137
0.255966
0.244616
0.254246
0.254246
0.255966
0.254246
0.293277
0.244616
0.273006
0.255966
0.269756
0.318702
0.293277
0.234261
0.245794
0.261943
0.266877
0.24037
0.257808
0.251115
0.286461
0.293277
0.286461
0.302771
0.273006
0.286461
0.259793
0.251115
0.24968
0.264291
0.24037
0.245794
0.293277
0.273006
0.286461
0.281127
0.24037
0.251115
0.261943
0.261943
0.248319
0.257808
0.302771
0.264291
0.293277
0.235053
0.264291
0.251115
0.251115
0.276739
0.24137
1
0.269756
0.276739
0.266877
0.261943
0.239407
0.257808
0.23671
0.247026
0.286461
