0.646737
1
1
1
0.318702
1
0.281127
0.286461
1
1
1
0.302771
0.318702
0.293277
1
0.276739
1
1
1
0.318702
1
1
0.302771
1
1
1
0.293277
0.264291
1
1
0.318702
1
0.269756
0.261943
1
0.286461
0.318702
1
1
1
0.276739
0.273006
1
0.269756
1
1
0.318702
0.286461
1
0.269756
1
0.293277
0.286461
0.318702
0.286461
1
1
0.302771
0.318702
1
1
1
1
0.293277
1
0.318702
1
1
1
1
0.286461
1
0.302771
0.318702
0.276739
0.318702
1
1
0.281127
1
1
0.293277
0.251115
0.318702
1
0.293277
1
0.293277
0.293277
1
0.302771
1
0.318702
1
1
0.281127
1
1
1
0.276739
1
