0.522075
1
0.318702
1
0.281127
1
1
1
0.254246
0.293277
0.318702
0.281127
1
1
1
0.318702
0.318702
1
0.286461
0.281127
0.257808
1
0.248319
1
1
0.255966
0.244616
0.276739
0.269756
0.273006
1
1
1
1
0.318702
1
0.293277
1
0.318702
0.302771
1
1
1
0.318702
0.318702
0.302771
1
0.318702
0.302771
1
1
0.293277
0.318702
0.266877
1
0.281127
0.302771
1
0.276739
1
1
1
0.286461
0.273006
1
1
0.302771
1
0.302771
1
0.293277
0.281127
1
1
1
1
1
0.286461
1
0.293277
1
0.302771
1
0.318702
0.318702
1
1
1
0.302771
0.286461
0.286461
0.266877
0.293277
0.318702
0.286461
0.318702
1
1
1
1
1
