0.0885191 , 0.0208186 , 0.120536
0.0874654 , 0.0204665 , 0.12022
0.0836984 , 0.0192696 , 0.119145
0.0776041 , 0.0175083 , 0.117563
0.0881998 , 0.0207111 , 0.120439
0.0892444 , 0.0210657 , 0.120758
0.0868177 , 0.020254 , 0.120029
0.0849402 , 0.019654 , 0.11949
0.0871422 , 0.0203601 , 0.120124
0.0868177 , 0.020254 , 0.120029
0.0936428 , 0.0226527 , 0.122183
0.0841301 , 0.0194022 , 0.119264
0.0796241 , 0.0180711 , 0.118068
0.077196 , 0.0173968 , 0.117463
0.0834577 , 0.0191962 , 0.119079
0.0867248 , 0.0202237 , 0.120002
0.0847977 , 0.0196094 , 0.11945
0.090321 , 0.0214398 , 0.121094
0.0858839 , 0.0199527 , 0.119758
0.0866317 , 0.0201935 , 0.119975
0.0845599 , 0.0195353 , 0.119383
0.0810169 , 0.0184707 , 0.118427
0.0839385 , 0.0193432 , 0.119211
0.0893347 , 0.0210968 , 0.120786
0.0888825 , 0.020942 , 0.120647
0.0902318 , 0.0214085 , 0.121066
0.0823424 , 0.0188605 , 0.118777
0.0840823 , 0.0193874 , 0.119251
0.0824399 , 0.0188896 , 0.118804
0.0830228 , 0.0190645 , 0.118961
0.0828289 , 0.0190061 , 0.118908
0.0816081 , 0.0186434 , 0.118582
0.0863521 , 0.020103 , 0.119893
0.0861651 , 0.0200428 , 0.119839
0.0818045 , 0.0187012 , 0.118634
0.0852243 , 0.0197433 , 0.11957
0.0867712 , 0.0202389 , 0.120015
0.0830712 , 0.0190791 , 0.118974
0.081165 , 0.0185138 , 0.118466
0.0862119 , 0.0200578 , 0.119853
0.083554 , 0.0192256 , 0.119105
0.0822936 , 0.018846 , 0.118764
0.0758094 , 0.0170234 , 0.117127
0.085035 , 0.0196837 , 0.119517
0.090588 , 0.021534 , 0.121179
0.0830228 , 0.0190645 , 0.118961
0.0850824 , 0.0196986 , 0.11953
0.0858839 , 0.0199527 , 0.119758
0.0876496 , 0.0205275 , 0.120275
0.0796741 , 0.0180853 , 0.118081
0.0847502 , 0.0195946 , 0.119437
0.0870033 , 0.0203146 , 0.120083
0.0891541 , 0.0210347 , 0.12073
0.0908984 , 0.0216442 , 0.121278
0.0867712 , 0.0202389 , 0.120015
0.0878334 , 0.0205886 , 0.120329
0.0855547 , 0.0198478 , 0.119664
0.0854133 , 0.019803 , 0.119624
0.0811156 , 0.0184994 , 0.118453
0.0722076 , 0.0160873 , 0.116287
0.0869105 , 0.0202843 , 0.120056
0.0793735 , 0.0180002 , 0.118005
0.0811156 , 0.0184994 , 0.118453
0.0875576 , 0.020497 , 0.120247
0.0836503 , 0.0192549 , 0.119132
0.0819025 , 0.0187301 , 0.11866
0.0866783 , 0.0202086 , 0.119988
0.0877875 , 0.0205733 , 0.120316
0.0814114 , 0.0185857 , 0.118531
0.0825373 , 0.0189187 , 0.11883
0.0836984 , 0.0192696 , 0.119145
0.0790217 , 0.0179013 , 0.117916
0.0837945 , 0.0192991 , 0.119171
0.0812636 , 0.0185426 , 0.118492
0.081165 , 0.0185138 , 0.118466
0.0835059 , 0.0192109 , 0.119092
0.0848927 , 0.0196391 , 0.119477
0.0834577 , 0.0191962 , 0.119079
0.0814606 , 0.0186001 , 0.118544
0.0867248 , 0.0202237 , 0.120002
0.0822936 , 0.018846 , 0.118764
0.0831196 , 0.0190937 , 0.118987
0.0869569 , 0.0202994 , 0.12007
0.0837945 , 0.0192991 , 0.119171
0.0842258 , 0.0194317 , 0.11929
0.0888825 , 0.020942 , 0.120647
0.0838905 , 0.0193285 , 0.119198
0.0887918 , 0.0209111 , 0.120619
0.0897844 , 0.0212523 , 0.120926
0.0908099 , 0.0216127 , 0.121249
0.0868641 , 0.0202691 , 0.120043
0.0863521 , 0.020103 , 0.119893
0.0828289 , 0.0190061 , 0.118908
0.0902318 , 0.0214085 , 0.121066
0.0823912 , 0.0188751 , 0.11879
0.0885646 , 0.020834 , 0.12055
0.087971 , 0.0206345 , 0.120371
0.0825373 , 0.0189187 , 0.11883
0.0867712 , 0.0202389 , 0.120015
0.0846551 , 0.0195649 , 0.11941
