0.0437803 , 0.00963478 , 0.110491
0.0487341 , 0.0106916 , 0.11144
0.044722 , 0.00983463 , 0.110671
0.0448793 , 0.00986806 , 0.110701
0.0420118 , 0.00926044 , 0.110155
0.0424267 , 0.00934815 , 0.110234
0.0376568 , 0.00834216 , 0.10933
0.0447744 , 0.00984577 , 0.110681
0.0450892 , 0.00991267 , 0.110741
0.048681 , 0.0106802 , 0.11143
0.0444601 , 0.009779 , 0.110621
0.0507055 , 0.0111167 , 0.111822
0.0406177 , 0.00896607 , 0.109891
0.0518823 , 0.011372 , 0.112052
0.0393356 , 0.00869574 , 0.109648
0.0473026 , 0.0103847 , 0.111165
0.0409267 , 0.00903127 , 0.109949
0.0449317 , 0.0098792 , 0.110711
0.0428943 , 0.0094471 , 0.110323
0.0442507 , 0.00973456 , 0.110581
0.0455094 , 0.0100021 , 0.110821
0.0467212 , 0.0102604 , 0.111053
0.0487873 , 0.010703 , 0.111451
0.0420636 , 0.00927139 , 0.110165
0.047938 , 0.0105207 , 0.111287
0.0460356 , 0.0101142 , 0.110922
0.0452992 , 0.00995734 , 0.110781
0.0433109 , 0.00953529 , 0.110402
0.0425305 , 0.00937012 , 0.110253
0.0454568 , 0.00999089 , 0.110811
0.0382654 , 0.00847031 , 0.109445
0.0460883 , 0.0101254 , 0.110932
0.0408752 , 0.00902039 , 0.109939
0.0391823 , 0.00866345 , 0.109619
0.0468268 , 0.010283 , 0.111073
0.0393867 , 0.00870652 , 0.109657
0.0423748 , 0.00933718 , 0.110224
0.0461937 , 0.0101479 , 0.110952
0.0470382 , 0.0103281 , 0.111114
0.046141 , 0.0101366 , 0.110942
0.0457198 , 0.0100469 , 0.110861
0.0475142 , 0.01043 , 0.111205
0.0468268 , 0.010283 , 0.111073
0.0436237 , 0.00960158 , 0.110461
0.0376062 , 0.0083315 , 0.109321
0.0419082 , 0.00923855 , 0.110135
0.0425305 , 0.00937012 , 0.110253
0.047091 , 0.0103394 , 0.111124
0.0424267 , 0.00934815 , 0.110234
0.0451942 , 0.009935 , 0.110761
0.0440938 , 0.00970127 , 0.110551
0.0415978 , 0.00917296 , 0.110076
0.0482562 , 0.010589 , 0.111348
0.0346972 , 0.00771896 , 0.10877
0.0382146 , 0.00845961 , 0.109436
0.0409267 , 0.00903127 , 0.109949
0.0446696 , 0.0098235 , 0.110661
0.0431025 , 0.00949117 , 0.110362
0.0481501 , 0.0105662 , 0.111328
0.0378087 , 0.00837415 , 0.109359
0.0423229 , 0.0093262 , 0.110214
0.0372523 , 0.00825699 , 0.109254
0.0384179 , 0.00850243 , 0.109474
0.053438 , 0.0117115 , 0.112356
0.0432587 , 0.00952425 , 0.110392
0.0407721 , 0.00899865 , 0.10992
0.0369999 , 0.00820386 , 0.109206
0.039489 , 0.00872807 , 0.109677
0.0392845 , 0.00868498 , 0.109638
0.0378087 , 0.00837415 , 0.109359
0.0425305 , 0.00937012 , 0.110253
0.0427903 , 0.00942509 , 0.110303
0.0451942 , 0.009935 , 0.110761
0.0388252 , 0.00858821 , 0.109551
0.0477261 , 0.0104753 , 0.111246
0.0464046 , 0.0101928 , 0.110992
0.0427903 , 0.00942509 , 0.110303
0.036748 , 0.00815082 , 0.109158
0.0393356 , 0.00869574 , 0.109648
0.0449317 , 0.0098792 , 0.110711
0.0432587 , 0.00952425 , 0.110392
0.0418047 , 0.00921667 , 0.110116
0.0378594 , 0.00838482 , 0.109369
0.0467212 , 0.0102604 , 0.111053
0.0446696 , 0.0098235 , 0.110661
0.0404634 , 0.00893352 , 0.109861
0.0460883 , 0.0101254 , 0.110932
0.044722 , 0.00983463 , 0.110671
0.0469853 , 0.0103168 , 0.111104
0.0366977 , 0.00814022 , 0.109149
0.0436759 , 0.00961265 , 0.110471
0.0443554 , 0.00975677 , 0.110601
0.0338056 , 0.00753107 , 0.108602
0.0377581 , 0.00836348 , 0.109349
0.0413394 , 0.00911839 , 0.110027
0.0371008 , 0.0082251 , 0.109225
0.0445648 , 0.00980124 , 0.110641
0.0389271 , 0.00860969 , 0.10957
0.0449842 , 0.00989036 , 0.110721
0.0442507 , 0.00973456 , 0.110581
