0.075861 , 0.0170371 , 0.11714
0.0712563 , 0.0158473 , 0.116071
0.0681656 , 0.0150853 , 0.115387
0.0804719 , 0.0183131 , 0.118286
0.0809674 , 0.0184563 , 0.118414
0.0778076 , 0.0175642 , 0.117613
0.0775531 , 0.0174943 , 0.11755
0.0725764 , 0.0161811 , 0.116371
0.080273 , 0.018256 , 0.118234
0.0673613 , 0.0148909 , 0.115212
0.0787194 , 0.0178167 , 0.11784
0.0683798 , 0.0151373 , 0.115433
0.0731545 , 0.016329 , 0.116504
0.0741486 , 0.016586 , 0.116735
0.0708321 , 0.0157412 , 0.115976
0.0769403 , 0.0173274 , 0.1174
0.0774002 , 0.0174525 , 0.117513
0.073783 , 0.0164911 , 0.116649
0.0691818 , 0.015333 , 0.115609
0.0768379 , 0.0172996 , 0.117375
0.0689147 , 0.0152676 , 0.11555
0.0689682 , 0.0152807 , 0.115562
0.0745655 , 0.0166949 , 0.116832
0.0746175 , 0.0167085 , 0.116845
0.069662 , 0.015451 , 0.115715
0.0752923 , 0.0168861 , 0.117004
0.0793233 , 0.0179861 , 0.117992
0.078163 , 0.0176621 , 0.117701
0.0681656 , 0.0150853 , 0.115387
0.077196 , 0.0173968 , 0.117463
0.0705135 , 0.0156618 , 0.115904
0.0727868 , 0.0162348 , 0.116419
0.0721021 , 0.0160605 , 0.116263
0.0684334 , 0.0151503 , 0.115445
0.0778584 , 0.0175781 , 0.117626
0.077196 , 0.0173968 , 0.117463
0.0736261 , 0.0164505 , 0.116613
0.069502 , 0.0154116 , 0.11568
0.0722603 , 0.0161007 , 0.116299
0.0738876 , 0.0165182 , 0.116674
0.0671465 , 0.0148393 , 0.115166
0.0683798 , 0.0151373 , 0.115433
0.0739398 , 0.0165318 , 0.116686
0.0762217 , 0.0171336 , 0.117226
0.0741486 , 0.016586 , 0.116735
0.0684869 , 0.0151633 , 0.115457
0.0735214 , 0.0164235 , 0.116589
0.0768379 , 0.0172996 , 0.117375
0.0751369 , 0.016845 , 0.116967
0.0696087 , 0.0154379 , 0.115703
0.0722603 , 0.0161007 , 0.116299
0.0768891 , 0.0173135 , 0.117388
0.0786689 , 0.0178026 , 0.117827
0.0783656 , 0.0177182 , 0.117751
0.0761187 , 0.017106 , 0.117202
0.0786689 , 0.0178026 , 0.117827
0.0782137 , 0.0176762 , 0.117714
0.079574 , 0.0180569 , 0.118056
0.0788202 , 0.0178448 , 0.117865
0.0681656 , 0.0150853 , 0.115387
0.0768379 , 0.0172996 , 0.117375
0.070726 , 0.0157147 , 0.115952
0.0766328 , 0.0172442 , 0.117326
0.0738876 , 0.0165182 , 0.116674
0.0736261 , 0.0164505 , 0.116613
0.0691818 , 0.015333 , 0.115609
0.0700881 , 0.0155562 , 0.11581
0.0718381 , 0.0159938 , 0.116203
0.0764788 , 0.0172027 , 0.117288
0.073783 , 0.0164911 , 0.116649
0.0725237 , 0.0161677 , 0.116359
0.0814114 , 0.0185857 , 0.118531
0.0733642 , 0.016383 , 0.116552
0.0686474 , 0.0152024 , 0.115492
0.077196 , 0.0173968 , 0.117463
0.0706729 , 0.0157014 , 0.11594
0.0752923 , 0.0168861 , 0.117004
0.0716267 , 0.0159404 , 0.116155
0.0708321 , 0.0157412 , 0.115976
0.0727342 , 0.0162214 , 0.116407
0.0710973 , 0.0158074 , 0.116035
0.0698751 , 0.0155036 , 0.115762
0.0767866 , 0.0172858 , 0.117363
0.0756545 , 0.0169821 , 0.11709
0.0752923 , 0.0168861 , 0.117004
0.0748255 , 0.016763 , 0.116894
0.0688613 , 0.0152546 , 0.115539
0.075085 , 0.0168314 , 0.116955
0.0744614 , 0.0166676 , 0.116808
0.0742529 , 0.0166132 , 0.116759
0.0744093 , 0.016654 , 0.116796
0.0635899 , 0.0139985 , 0.114411
0.0748774 , 0.0167767 , 0.116906
0.0788202 , 0.0178448 , 0.117865
0.0775531 , 0.0174943 , 0.11755
0.0778076 , 0.0175642 , 0.117613
0.0708321 , 0.0157412 , 0.115976
0.0704072 , 0.0156354 , 0.115881
0.0722076 , 0.0160873 , 0.116287
0.0797242 , 0.0180995 , 0.118094
