0.184865 , 0.0941904 , 0.186436
0.178392 , 0.0874574 , 0.180389
0.180533 , 0.0896724 , 0.182378
0.187501 , 0.096961 , 0.188924
0.178162 , 0.0872207 , 0.180176
0.183896 , 0.093176 , 0.185525
0.176927 , 0.0859495 , 0.179034
0.173272 , 0.0822151 , 0.17568
0.173075 , 0.0820145 , 0.1755
0.182431 , 0.0916457 , 0.18415
0.185864 , 0.0952388 , 0.187378
0.18078 , 0.0899285 , 0.182608
0.169075 , 0.0779822 , 0.171878
0.187808 , 0.0972846 , 0.189215
0.177595 , 0.0866365 , 0.179651
0.17909 , 0.0881786 , 0.181036
0.181028 , 0.0901866 , 0.18284
0.181405 , 0.0905779 , 0.183191
0.186009 , 0.0953915 , 0.187515
0.170972 , 0.0798875 , 0.17359
0.182171 , 0.0913753 , 0.183907
0.178277 , 0.0873389 , 0.180282
0.175736 , 0.0847275 , 0.177937
0.181658 , 0.0908414 , 0.183428
0.185289 , 0.0946354 , 0.186836
0.182956 , 0.0921936 , 0.184642
0.182042 , 0.091241 , 0.183787
0.179564 , 0.0886687 , 0.181476
0.189552 , 0.0991273 , 0.19087
0.184865 , 0.0941904 , 0.186436
0.181531 , 0.0907094 , 0.183309
0.178507 , 0.0875765 , 0.180496
0.173973 , 0.0829275 , 0.17632
0.175842 , 0.0848367 , 0.178035
0.175418 , 0.0844023 , 0.177645
0.174379 , 0.0833419 , 0.176692
0.182561 , 0.0917817 , 0.184273
0.173872 , 0.0828247 , 0.176228
0.16761 , 0.0765193 , 0.170564
0.180533 , 0.0896724 , 0.182378
0.189227 , 0.098784 , 0.190562
0.169876 , 0.0787848 , 0.172599
0.191748 , 0.101456 , 0.192962
0.194495 , 0.10438 , 0.195588
0.176817 , 0.0858364 , 0.178933
0.174175 , 0.083134 , 0.176505
0.16934 , 0.0782475 , 0.172117
0.182431 , 0.0916457 , 0.18415
0.170879 , 0.0797942 , 0.173506
0.17726 , 0.0862911 , 0.179341
0.188274 , 0.0977764 , 0.189657
0.175524 , 0.0845104 , 0.177742
0.180656 , 0.0898002 , 0.182493
0.176164 , 0.0851664 , 0.178331
0.174482 , 0.0834464 , 0.176786
0.173872 , 0.0828247 , 0.176228
0.175629 , 0.0846188 , 0.177839
0.178739 , 0.0878159 , 0.180711
0.179327 , 0.0884227 , 0.181256
0.184033 , 0.0933189 , 0.185653
0.186896 , 0.0963237 , 0.188352
0.173075 , 0.0820145 , 0.1755
0.173771 , 0.0827223 , 0.176136
0.180533 , 0.0896724 , 0.182378
0.171912 , 0.0808367 , 0.174442
0.175103 , 0.0840805 , 0.177355
0.172295 , 0.0812244 , 0.17479
0.177483 , 0.086521 , 0.179547
0.171628 , 0.0805489 , 0.174184
0.17726 , 0.0862911 , 0.179341
0.17278 , 0.0817159 , 0.175232
0.177148 , 0.0861768 , 0.179238
0.175629 , 0.0846188 , 0.177839
0.174074 , 0.0830306 , 0.176413
0.18041 , 0.0895452 , 0.182264
0.186746 , 0.0961664 , 0.188211
0.17278 , 0.0817159 , 0.175232
0.175949 , 0.0849462 , 0.178133
0.178623 , 0.087696 , 0.180603
0.172586 , 0.0815184 , 0.175054
0.180288 , 0.0894185 , 0.18215
0.173771 , 0.0827223 , 0.176136
0.193738 , 0.103573 , 0.194863
0.179564 , 0.0886687 , 0.181476
0.174074 , 0.0830306 , 0.176413
0.176272 , 0.0852771 , 0.17843
0.179804 , 0.0889166 , 0.181699
0.177483 , 0.086521 , 0.179547
0.169607 , 0.078515 , 0.172357
0.183625 , 0.0928922 , 0.18527
0.169518 , 0.0784256 , 0.172277
0.175842 , 0.0848367 , 0.178035
0.173973 , 0.0829275 , 0.17632
0.177595 , 0.0866365 , 0.179651
0.177708 , 0.0867525 , 0.179755
0.177148 , 0.0861768 , 0.179238
0.178162 , 0.0872207 , 0.180176
0.175949 , 0.0849462 , 0.178133
0.176057 , 0.0850561 , 0.178232
0.180288 , 0.0894185 , 0.18215
