0.173272 , 0.0822151 , 0.17568
0.162265 , 0.0712586 , 0.165839
0.16694 , 0.0758535 , 0.169966
0.167694 , 0.0766035 , 0.17064
0.158025 , 0.0671783 , 0.162175
0.166774 , 0.0756891 , 0.169819
0.1689 , 0.0778066 , 0.171721
0.178856 , 0.0879364 , 0.180819
0.167106 , 0.0760186 , 0.170115
0.164066 , 0.0730181 , 0.16742
0.163836 , 0.0727928 , 0.167217
0.166038 , 0.0749601 , 0.169164
0.181914 , 0.0911072 , 0.183667
0.168638 , 0.0775449 , 0.171486
0.167273 , 0.0761846 , 0.170264
0.171533 , 0.0804536 , 0.174098
0.176927 , 0.0859495 , 0.179034
0.169429 , 0.0783364 , 0.172196
0.161466 , 0.0704835 , 0.165143
0.176489 , 0.0854996 , 0.17863
0.16694 , 0.0758535 , 0.169966
0.163381 , 0.0723469 , 0.166817
0.172878 , 0.0818151 , 0.175321
0.172199 , 0.081127 , 0.174703
0.168551 , 0.0774582 , 0.171408
0.169075 , 0.0779822 , 0.171878
0.174895 , 0.0838677 , 0.177164
0.173075 , 0.0820145 , 0.1755
0.175736 , 0.0847275 , 0.177937
0.162045 , 0.0710454 , 0.165648
0.164608 , 0.0735501 , 0.167897
0.174791 , 0.0837618 , 0.177069
0.178739 , 0.0878159 , 0.180711
0.168987 , 0.0778943 , 0.171799
0.175524 , 0.0845104 , 0.177742
0.162559 , 0.0715453 , 0.166097
0.169518 , 0.0784256 , 0.172277
0.178623 , 0.087696 , 0.180603
0.168725 , 0.0776319 , 0.171564
0.16323 , 0.0721997 , 0.166685
0.16761 , 0.0765193 , 0.170564
0.15559 , 0.0648757 , 0.160106
0.167357 , 0.076268 , 0.170339
0.171912 , 0.0808367 , 0.174442
0.174175 , 0.083134 , 0.176505
0.180166 , 0.0892923 , 0.182037
0.170879 , 0.0797942 , 0.173506
0.16453 , 0.0734735 , 0.167829
0.171252 , 0.0801693 , 0.173843
0.169075 , 0.0779822 , 0.171878
0.168292 , 0.0771993 , 0.171175
0.168465 , 0.0773717 , 0.17133
0.167273 , 0.0761846 , 0.170264
0.169876 , 0.0787848 , 0.172599
0.162412 , 0.0714016 , 0.165968
0.171252 , 0.0801693 , 0.173843
0.171439 , 0.0803585 , 0.174013
0.17042 , 0.0793314 , 0.17309
0.160124 , 0.0691871 , 0.163979
0.165635 , 0.0745621 , 0.168806
0.172008 , 0.0809332 , 0.174529
0.171345 , 0.0802638 , 0.173927
0.180045 , 0.0891666 , 0.181924
0.16308 , 0.0720531 , 0.166553
0.165396 , 0.0743257 , 0.168594
0.167949 , 0.0768575 , 0.170868
0.165877 , 0.0748003 , 0.16902
0.174585 , 0.0835512 , 0.17688
0.170147 , 0.0790569 , 0.172844
0.16422 , 0.0731692 , 0.167555
0.169786 , 0.0786946 , 0.172518
0.172489 , 0.0814201 , 0.174966
0.167525 , 0.0764353 , 0.170489
0.16694 , 0.0758535 , 0.169966
0.177934 , 0.0869857 , 0.179965
0.16694 , 0.0758535 , 0.169966
0.174895 , 0.0838677 , 0.177164
0.161755 , 0.0707632 , 0.165394
0.185006 , 0.094338 , 0.186568
0.173471 , 0.082417 , 0.175861
0.168551 , 0.0774582 , 0.171408
0.173973 , 0.0829275 , 0.17632
0.180045 , 0.0891666 , 0.181924
0.169876 , 0.0787848 , 0.172599
0.172103 , 0.0810299 , 0.174616
0.164143 , 0.0730936 , 0.167487
0.163532 , 0.0724949 , 0.16695
0.172976 , 0.0819146 , 0.17541
0.170147 , 0.0790569 , 0.172844
0.163836 , 0.0727928 , 0.167217
0.184585 , 0.0938972 , 0.186173
0.167949 , 0.0768575 , 0.170868
0.161323 , 0.0703445 , 0.165018
0.168812 , 0.0777191 , 0.171642
0.163155 , 0.0721263 , 0.166619
0.169429 , 0.0783364 , 0.172196
0.18349 , 0.0927512 , 0.185143
0.166609 , 0.0755257 , 0.169672
0.163684 , 0.0726435 , 0.167083
0.170695 , 0.0796082 , 0.173339
