0.151489 , 0.0610733 , 0.156691
0.145461 , 0.0556739 , 0.151842
0.149107 , 0.0589115 , 0.15475
0.156534 , 0.065765 , 0.160905
0.146888 , 0.0569305 , 0.15297
0.14617 , 0.0562962 , 0.152401
0.144022 , 0.0544216 , 0.150717
0.155033 , 0.0643536 , 0.159638
0.14927 , 0.0590578 , 0.154881
0.150422 , 0.0601003 , 0.155817
0.152873 , 0.0623458 , 0.157834
0.147775 , 0.0577179 , 0.153678
0.150924 , 0.0605576 , 0.156228
0.150644 , 0.0603027 , 0.155999
0.140233 , 0.051197 , 0.147821
0.150255 , 0.0599493 , 0.155682
0.148144 , 0.0580477 , 0.153974
0.153581 , 0.0630013 , 0.158423
0.14965 , 0.0594016 , 0.15519
0.149596 , 0.0593522 , 0.155146
0.147985 , 0.0579059 , 0.153847
0.145411 , 0.0556299 , 0.151802
0.146992 , 0.0570222 , 0.153053
0.143438 , 0.0539171 , 0.150264
0.139503 , 0.0505886 , 0.147274
0.148892 , 0.0587176 , 0.154576
0.147095 , 0.0571141 , 0.153135
0.150644 , 0.0603027 , 0.155999
0.146785 , 0.0568391 , 0.152888
0.153403 , 0.0628361 , 0.158275
0.152349 , 0.0618627 , 0.1574
0.151946 , 0.0614919 , 0.157067
0.145411 , 0.0556299 , 0.151802
0.147827 , 0.0577648 , 0.15372
0.145916 , 0.0560726 , 0.1522
0.150644 , 0.0603027 , 0.155999
0.150477 , 0.0601508 , 0.155863
0.149107 , 0.0589115 , 0.15475
0.149979 , 0.0596992 , 0.155457
0.149924 , 0.0596494 , 0.155412
0.140142 , 0.0511204 , 0.147752
0.147408 , 0.0573914 , 0.153384
0.147722 , 0.057671 , 0.153636
0.14617 , 0.0562962 , 0.152401
0.13798 , 0.0493321 , 0.146146
0.143778 , 0.0542104 , 0.150527
0.149107 , 0.0589115 , 0.15475
0.148303 , 0.0581901 , 0.154102
0.150255 , 0.0599493 , 0.155682
0.140509 , 0.0514281 , 0.148028
0.14531 , 0.0555421 , 0.151723
0.143293 , 0.0537922 , 0.150152
0.145764 , 0.0559391 , 0.15208
0.146579 , 0.0566571 , 0.152725
0.143827 , 0.0542526 , 0.150565
0.152814 , 0.0622917 , 0.157786
0.146992 , 0.0570222 , 0.153053
0.146682 , 0.056748 , 0.152807
0.14825 , 0.0581426 , 0.154059
0.142668 , 0.0532564 , 0.149671
0.143051 , 0.0535851 , 0.149966
0.147722 , 0.057671 , 0.153636
0.144811 , 0.0551066 , 0.151332
0.151546 , 0.0611254 , 0.156738
0.143051 , 0.0535851 , 0.149966
0.150533 , 0.0602014 , 0.155908
0.151432 , 0.0610214 , 0.156645
0.152407 , 0.061916 , 0.157448
0.149324 , 0.0591067 , 0.154925
0.151149 , 0.0607629 , 0.156413
0.151489 , 0.0610733 , 0.156691
0.142239 , 0.0528906 , 0.149342
0.140694 , 0.0515831 , 0.148168
0.143924 , 0.054337 , 0.150641
0.144071 , 0.054464 , 0.150755
0.148945 , 0.058766 , 0.154619
0.146272 , 0.056386 , 0.152481
0.143681 , 0.0541264 , 0.150452
0.144218 , 0.0545915 , 0.15087
0.146785 , 0.0568391 , 0.152888
0.162856 , 0.0718344 , 0.166357
0.145814 , 0.0559835 , 0.15212
0.144415 , 0.0547623 , 0.151023
0.158757 , 0.0678768 , 0.162802
0.151774 , 0.0613343 , 0.156926
0.150145 , 0.059849 , 0.155592
0.147147 , 0.0571601 , 0.153177
0.148784 , 0.058621 , 0.154489
0.14511 , 0.0553672 , 0.151566
0.149324 , 0.0591067 , 0.154925
0.143876 , 0.0542947 , 0.150603
0.14788 , 0.0578118 , 0.153762
0.15009 , 0.059799 , 0.155547
0.15737 , 0.0665562 , 0.161616
0.148197 , 0.0580951 , 0.154016
0.14873 , 0.0585729 , 0.154446
0.152176 , 0.0617033 , 0.157257
0.152118 , 0.0616503 , 0.15721
0.146221 , 0.0563411 , 0.152441
0.149487 , 0.0592538 , 0.155057
