0.105729 , 0.0279187 , 0.126913
0.109331 , 0.0297746 , 0.12858
0.115149 , 0.033065 , 0.131535
0.107747 , 0.0289414 , 0.127832
0.108955 , 0.0295743 , 0.1284
0.110905 , 0.0306291 , 0.129347
0.107898 , 0.0290198 , 0.127902
0.10839 , 0.0292761 , 0.128132
0.109669 , 0.0299558 , 0.128743
0.105077 , 0.0275971 , 0.126624
0.10615 , 0.0281284 , 0.127101
0.110232 , 0.0302602 , 0.129016
0.101015 , 0.0256945 , 0.124915
0.109369 , 0.0297947 , 0.128598
0.110382 , 0.0303418 , 0.129089
0.103569 , 0.026871 , 0.125972
0.107709 , 0.0289218 , 0.127814
0.108691 , 0.0294348 , 0.128275
0.103296 , 0.0267423 , 0.125856
0.108616 , 0.0293951 , 0.128239
0.113179 , 0.0319104 , 0.130498
0.101134 , 0.0257479 , 0.124963
0.105422 , 0.027767 , 0.126777
0.105538 , 0.0278238 , 0.126828
0.103607 , 0.0268894 , 0.125989
0.109632 , 0.0299357 , 0.128725
0.106912 , 0.028513 , 0.127447
0.10523 , 0.0276725 , 0.126692
0.106608 , 0.0283586 , 0.127308
0.107633 , 0.0288826 , 0.127779
0.10839 , 0.0292761 , 0.128132
0.103724 , 0.0269447 , 0.126038
0.111017 , 0.0306909 , 0.129403
0.108616 , 0.0293951 , 0.128239
0.105767 , 0.0279377 , 0.12693
0.104151 , 0.0271484 , 0.126221
0.105499 , 0.0278048 , 0.126811
0.107898 , 0.0290198 , 0.127902
0.109369 , 0.0297947 , 0.128598
0.110382 , 0.0303418 , 0.129089
0.109969 , 0.0301178 , 0.128888
0.104267 , 0.0272042 , 0.126271
0.108239 , 0.029197 , 0.128061
0.105806 , 0.0279567 , 0.126947
0.104499 , 0.027316 , 0.126372
0.10888 , 0.0295344 , 0.128364
0.108616 , 0.0293951 , 0.128239
0.105767 , 0.0279377 , 0.12693
0.110044 , 0.0301584 , 0.128925
0.105729 , 0.0279187 , 0.126913
0.102475 , 0.0263591 , 0.125512
0.104576 , 0.0273533 , 0.126405
0.103607 , 0.0268894 , 0.125989
0.103218 , 0.0267056 , 0.125824
0.111092 , 0.0307323 , 0.12944
0.107747 , 0.0289414 , 0.127832
0.112211 , 0.0313582 , 0.130002
0.10805 , 0.0290985 , 0.127973
0.115037 , 0.0329986 , 0.131476
0.104692 , 0.0274094 , 0.126456
0.114777 , 0.0328441 , 0.131337
0.106073 , 0.0280901 , 0.127067
0.114406 , 0.0326246 , 0.13114
0.105691 , 0.0278997 , 0.126896
0.106341 , 0.0282241 , 0.127187
0.106798 , 0.0284551 , 0.127395
0.107254 , 0.0286876 , 0.127604
0.108691 , 0.0294348 , 0.128275
0.107785 , 0.028961 , 0.127849
0.106341 , 0.0282241 , 0.127187
0.10153 , 0.0259265 , 0.125124
0.103607 , 0.0268894 , 0.125989
0.104073 , 0.0271113 , 0.126188
0.110681 , 0.0305056 , 0.129237
0.105384 , 0.0277481 , 0.12676
0.108578 , 0.0293752 , 0.128221
0.112696 , 0.0316332 , 0.130249
0.109256 , 0.0297344 , 0.128544
0.105461 , 0.0277859 , 0.126794
0.109782 , 0.0300165 , 0.128797
0.101293 , 0.0258192 , 0.125027
0.108465 , 0.0293157 , 0.128168
0.103179 , 0.0266873 , 0.125807
0.106988 , 0.0285518 , 0.127482
0.109481 , 0.029855 , 0.128652
0.108804 , 0.0294945 , 0.128328
0.108276 , 0.0292168 , 0.128079
0.11169 , 0.0310646 , 0.129739
0.108729 , 0.0294547 , 0.128293
0.103607 , 0.0268894 , 0.125989
0.112807 , 0.0316969 , 0.130307
0.103996 , 0.0270742 , 0.126155
0.107974 , 0.0290591 , 0.127937
0.112025 , 0.0312531 , 0.129908
0.105 , 0.0275595 , 0.126591
0.106684 , 0.0283972 , 0.127343
0.113477 , 0.0320821 , 0.130653
0.10839 , 0.0292761 , 0.128132
0.105499 , 0.0278048 , 0.126811
0.105307 , 0.0277103 , 0.126726
