0.0947081 , 0.0230613 , 0.12255
0.092651 , 0.022281 , 0.12185
0.0905436 , 0.0215183 , 0.121165
0.0990112 , 0.0248168 , 0.124127
0.100578 , 0.0254994 , 0.12474
0.0939424 , 0.0227666 , 0.122286
0.0942835 , 0.0228973 , 0.122403
0.0999779 , 0.0252352 , 0.124503
0.0927377 , 0.0223132 , 0.121878
0.0958027 , 0.0234917 , 0.122937
0.10153 , 0.0259265 , 0.125124
0.0970908 , 0.0240121 , 0.123404
0.0990921 , 0.0248515 , 0.124158
0.0994957 , 0.0250254 , 0.124314
0.0965113 , 0.0237761 , 0.123192
0.0994554 , 0.0250079 , 0.124299
0.10446 , 0.0272973 , 0.126355
0.0976668 , 0.0242498 , 0.123618
0.0931699 , 0.0224744 , 0.122023
0.0975848 , 0.0242157 , 0.123587
0.0930836 , 0.0224421 , 0.121994
0.0901425 , 0.0213772 , 0.121038
0.0938141 , 0.0227177 , 0.122242
0.100777 , 0.025588 , 0.12482
0.0992134 , 0.0249035 , 0.124205
0.0986058 , 0.024644 , 0.123972
0.0984024 , 0.0245579 , 0.123895
0.0938996 , 0.0227503 , 0.122271
0.101293 , 0.0258192 , 0.125027
0.0916916 , 0.0219293 , 0.121534
0.0965113 , 0.0237761 , 0.123192
0.0975437 , 0.0241987 , 0.123572
0.0917354 , 0.0219452 , 0.121548
0.0996969 , 0.0251126 , 0.124393
0.0962202 , 0.0236587 , 0.123087
0.091428 , 0.021834 , 0.121448
0.0922598 , 0.0221367 , 0.12172
0.100298 , 0.0253759 , 0.124629
0.0959281 , 0.0235417 , 0.122982
0.100218 , 0.0253407 , 0.124598
0.0897396 , 0.0212367 , 0.120912
0.0950041 , 0.0231767 , 0.122654
0.0949197 , 0.0231437 , 0.122624
0.095719 , 0.0234584 , 0.122907
0.0958863 , 0.023525 , 0.122967
0.0961368 , 0.0236252 , 0.123057
0.0955513 , 0.0233919 , 0.122847
0.0978308 , 0.024318 , 0.123679
0.0978308 , 0.024318 , 0.123679
0.0944536 , 0.0229628 , 0.122462
0.0946658 , 0.0230449 , 0.122536
0.0933422 , 0.0225391 , 0.122081
0.0928243 , 0.0223453 , 0.121907
0.0909427 , 0.02166 , 0.121292
0.0939851 , 0.0227829 , 0.1223
0.0978717 , 0.0243351 , 0.123694
0.0989708 , 0.0247995 , 0.124112
0.0925643 , 0.0222489 , 0.121821
0.0998977 , 0.0252002 , 0.124471
0.0970496 , 0.0239952 , 0.123389
0.0969256 , 0.0239445 , 0.123344
0.0980353 , 0.0244035 , 0.123756
0.100697 , 0.0255525 , 0.124788
0.0899637 , 0.0213147 , 0.120982
0.092781 , 0.0223292 , 0.121893
0.0933852 , 0.0225553 , 0.122096
0.0949197 , 0.0231437 , 0.122624
0.098117 , 0.0244377 , 0.123787
0.0937713 , 0.0227014 , 0.122227
0.0962618 , 0.0236754 , 0.123102
0.0968015 , 0.0238939 , 0.123298
0.0999779 , 0.0252352 , 0.124503
0.0945385 , 0.0229956 , 0.122491
0.0923469 , 0.0221687 , 0.121749
0.0919543 , 0.0220248 , 0.121619
0.0896497 , 0.0212055 , 0.120884
0.0965943 , 0.0238097 , 0.123223
0.0944536 , 0.0229628 , 0.122462
0.0975437 , 0.0241987 , 0.123572
0.0943686 , 0.02293 , 0.122432
0.0933852 , 0.0225553 , 0.122096
0.0991326 , 0.0248688 , 0.124174
0.0991326 , 0.0248688 , 0.124174
0.0963867 , 0.0237257 , 0.123147
0.0941984 , 0.0228645 , 0.122374
0.0944536 , 0.0229628 , 0.122462
0.0974204 , 0.0241477 , 0.123526
0.0950463 , 0.0231932 , 0.122669
0.0960951 , 0.0236085 , 0.123042
0.0989708 , 0.0247995 , 0.124112
0.100617 , 0.0255171 , 0.124756
0.0959699 , 0.0235584 , 0.122997
0.0902318 , 0.0214085 , 0.121066
0.102828 , 0.0265228 , 0.125659
0.0975026 , 0.0241817 , 0.123557
0.0966358 , 0.0238265 , 0.123238
0.0943261 , 0.0229136 , 0.122418
0.0948774 , 0.0231272 , 0.12261
0.0966773 , 0.0238433 , 0.123253
0.0940278 , 0.0227992 , 0.122315
