0.136576 , 0.0481919 , 0.145122
0.134017 , 0.0461552 , 0.143292
0.135628 , 0.0474304 , 0.144438
0.137891 , 0.0492596 , 0.146081
0.138872 , 0.0500654 , 0.146804
0.13636 , 0.0480173 , 0.144965
0.141626 , 0.0523693 , 0.148874
0.144022 , 0.0544216 , 0.150717
0.132151 , 0.0447065 , 0.141991
0.134311 , 0.0463865 , 0.1435
0.146888 , 0.0569305 , 0.15297
0.136144 , 0.0478436 , 0.144809
0.138068 , 0.0494047 , 0.146211
0.13662 , 0.0482269 , 0.145153
0.138469 , 0.0497334 , 0.146506
0.136663 , 0.048262 , 0.145185
0.13636 , 0.0480173 , 0.144965
0.133307 , 0.0456004 , 0.142794
0.136144 , 0.0478436 , 0.144809
0.137626 , 0.0490433 , 0.145886
0.147095 , 0.0571141 , 0.153135
0.13636 , 0.0480173 , 0.144965
0.135201 , 0.04709 , 0.144132
0.137362 , 0.0488284 , 0.145693
0.129284 , 0.0425428 , 0.140048
0.135499 , 0.0473279 , 0.144346
0.137714 , 0.0491153 , 0.145951
0.141018 , 0.0518561 , 0.148413
0.140325 , 0.0512739 , 0.14789
0.139097 , 0.0502513 , 0.146971
0.136533 , 0.0481569 , 0.14509
0.141579 , 0.0523295 , 0.148838
0.134691 , 0.0466861 , 0.143769
0.142144 , 0.0528098 , 0.149269
0.135713 , 0.0474989 , 0.144499
0.137494 , 0.0489357 , 0.14579
0.141298 , 0.052092 , 0.148625
0.134522 , 0.0465526 , 0.143649
0.141532 , 0.0522898 , 0.148802
0.137803 , 0.0491874 , 0.146016
0.13798 , 0.0493321 , 0.146146
0.136925 , 0.0484732 , 0.145374
0.134059 , 0.0461882 , 0.143322
0.139232 , 0.0503633 , 0.147072
0.144514 , 0.054848 , 0.1511
0.142239 , 0.0528906 , 0.149342
0.143003 , 0.0535438 , 0.149929
0.137012 , 0.048544 , 0.145438
0.14074 , 0.051622 , 0.148203
0.135414 , 0.0472597 , 0.144285
0.136576 , 0.0481919 , 0.145122
0.138202 , 0.0495139 , 0.146309
0.138827 , 0.0500283 , 0.146771
0.139142 , 0.0502886 , 0.147005
0.14531 , 0.0555421 , 0.151723
0.140279 , 0.0512354 , 0.147855
0.142287 , 0.052931 , 0.149378
0.137056 , 0.0485794 , 0.14547
0.139458 , 0.050551 , 0.147241
0.137582 , 0.0490074 , 0.145854
0.137714 , 0.0491153 , 0.145951
0.140833 , 0.0516998 , 0.148272
0.137538 , 0.0489715 , 0.145822
0.133891 , 0.0460567 , 0.143204
0.140463 , 0.0513895 , 0.147994
0.14074 , 0.051622 , 0.148203
0.134988 , 0.0469211 , 0.14398
0.137714 , 0.0491153 , 0.145951
0.141626 , 0.0523693 , 0.148874
0.138872 , 0.0500654 , 0.146804
0.13798 , 0.0493321 , 0.146146
0.137626 , 0.0490433 , 0.145886
0.136057 , 0.0477743 , 0.144747
0.138782 , 0.0499913 , 0.146738
0.136316 , 0.0479825 , 0.144934
0.133432 , 0.0456976 , 0.142881
0.134059 , 0.0461882 , 0.143322
0.135328 , 0.0471917 , 0.144223
0.140833 , 0.0516998 , 0.148272
0.139731 , 0.0507775 , 0.147444
0.139413 , 0.0505134 , 0.147207
0.140509 , 0.0514281 , 0.148028
0.136533 , 0.0481569 , 0.14509
0.134311 , 0.0463865 , 0.1435
0.127861 , 0.0414976 , 0.139109
0.141861 , 0.0525688 , 0.149053
0.139277 , 0.0504008 , 0.147106
0.14205 , 0.0527293 , 0.149197
0.142144 , 0.0528098 , 0.149269
0.13636 , 0.0480173 , 0.144965
0.137582 , 0.0490074 , 0.145854
0.13448 , 0.0465193 , 0.143619
0.140142 , 0.0511204 , 0.147752
0.138113 , 0.049441 , 0.146244
0.139413 , 0.0505134 , 0.147207
0.139187 , 0.0503259 , 0.147038
0.140233 , 0.051197 , 0.147821
0.14501 , 0.0552801 , 0.151488
0.137582 , 0.0490074 , 0.145854
0.137626 , 0.0490433 , 0.145886
