0.281127 , 0.199655 , 0.28116
0.273006 , 0.190628 , 0.273052
0.293277 , 0.213167 , 0.293296
1 , 1 , 1
0.293277 , 0.213167 , 0.293296
0.251115 , 0.166331 , 0.25123
0.286461 , 0.205586 , 0.286487
1 , 1 , 1
1 , 1 , 1
0.259793 , 0.175955 , 0.259873
0.251115 , 0.166331 , 0.25123
0.276739 , 0.194776 , 0.276778
0.318702 , 0.24146 , 0.318708
0.261943 , 0.178341 , 0.262017
0.257808 , 0.173753 , 0.257896
0.293277 , 0.213167 , 0.293296
0.261943 , 0.178341 , 0.262017
0.259793 , 0.175955 , 0.259873
0.293277 , 0.213167 , 0.293296
0.286461 , 0.205586 , 0.286487
0.302771 , 0.22373 , 0.302783
0.318702 , 0.24146 , 0.318708
0.261943 , 0.178341 , 0.262017
0.248319 , 0.163235 , 0.248449
0.273006 , 0.190628 , 0.273052
1 , 1 , 1
0.286461 , 0.205586 , 0.286487
0.293277 , 0.213167 , 0.293296
0.247026 , 0.161803 , 0.247163
0.276739 , 0.194776 , 0.276778
1 , 1 , 1
0.24968 , 0.164742 , 0.249802
1 , 1 , 1
1 , 1 , 1
1 , 1 , 1
0.281127 , 0.199655 , 0.28116
1 , 1 , 1
1 , 1 , 1
0.269756 , 0.187017 , 0.269809
1 , 1 , 1
0.286461 , 0.205586 , 0.286487
0.293277 , 0.213167 , 0.293296
0.248319 , 0.163235 , 0.248449
0.281127 , 0.199655 , 0.28116
1 , 1 , 1
0.318702 , 0.24146 , 0.318708
1 , 1 , 1
0.266877 , 0.183819 , 0.266937
0.273006 , 0.190628 , 0.273052
0.269756 , 0.187017 , 0.269809
0.276739 , 0.194776 , 0.276778
0.261943 , 0.178341 , 0.262017
0.266877 , 0.183819 , 0.266937
1 , 1 , 1
1 , 1 , 1
0.251115 , 0.166331 , 0.25123
0.266877 , 0.183819 , 0.266937
1 , 1 , 1
0.266877 , 0.183819 , 0.266937
0.257808 , 0.173753 , 0.257896
1 , 1 , 1
0.293277 , 0.213167 , 0.293296
0.266877 , 0.183819 , 0.266937
0.266877 , 0.183819 , 0.266937
0.281127 , 0.199655 , 0.28116
1 , 1 , 1
0.276739 , 0.194776 , 0.276778
0.302771 , 0.22373 , 0.302783
0.302771 , 0.22373 , 0.302783
0.293277 , 0.213167 , 0.293296
0.257808 , 0.173753 , 0.257896
0.281127 , 0.199655 , 0.28116
1 , 1 , 1
0.264291 , 0.180947 , 0.264358
0.293277 , 0.213167 , 0.293296
0.264291 , 0.180947 , 0.264358
0.281127 , 0.199655 , 0.28116
0.318702 , 0.24146 , 0.318708
1 , 1 , 1
1 , 1 , 1
0.302771 , 0.22373 , 0.302783
0.318702 , 0.24146 , 0.318708
1 , 1 , 1
0.286461 , 0.205586 , 0.286487
1 , 1 , 1
0.259793 , 0.175955 , 0.259873
0.281127 , 0.199655 , 0.28116
0.286461 , 0.205586 , 0.286487
0.293277 , 0.213167 , 0.293296
0.293277 , 0.213167 , 0.293296
0.259793 , 0.175955 , 0.259873
0.286461 , 0.205586 , 0.286487
0.286461 , 0.205586 , 0.286487
0.281127 , 0.199655 , 0.28116
0.281127 , 0.199655 , 0.28116
1 , 1 , 1
0.276739 , 0.194776 , 0.276778
0.264291 , 0.180947 , 0.264358
0.273006 , 0.190628 , 0.273052
0.266877 , 0.183819 , 0.266937
