0.212356 , 0.123661 , 0.212905
0.200875 , 0.111221 , 0.201732
0.203348 , 0.113888 , 0.204127
0.193551 , 0.103375 , 0.194685
0.208408 , 0.119368 , 0.209049
0.209665 , 0.120732 , 0.210275
0.201113 , 0.111478 , 0.201963
0.198593 , 0.108768 , 0.199529
0.200639 , 0.110967 , 0.201504
0.205768 , 0.116505 , 0.206478
0.187654 , 0.0971224 , 0.189069
0.19926 , 0.109484 , 0.200172
0.194304 , 0.104177 , 0.195405
0.187348 , 0.0968004 , 0.18878
0.189715 , 0.0993003 , 0.191025
0.202334 , 0.112793 , 0.203144
0.201113 , 0.111478 , 0.201963
0.198157 , 0.1083 , 0.199109
0.205489 , 0.116203 , 0.206207
0.197094 , 0.10716 , 0.198085
0.202836 , 0.113336 , 0.203631
0.214556 , 0.12606 , 0.21506
0.191924 , 0.101643 , 0.193129
0.192817 , 0.102593 , 0.193983
0.194495 , 0.10438 , 0.195588
0.199036 , 0.109243 , 0.199956
0.201353 , 0.111736 , 0.202195
0.18988 , 0.0994744 , 0.191182
0.211316 , 0.122529 , 0.211889
0.206334 , 0.117118 , 0.207029
0.185575 , 0.0949356 , 0.187105
0.186746 , 0.0961664 , 0.188211
0.193925 , 0.103773 , 0.195043
0.197728 , 0.107839 , 0.198695
0.198814 , 0.109005 , 0.199741
0.197515 , 0.107611 , 0.19849
0.199036 , 0.109243 , 0.199956
0.217785 , 0.129588 , 0.218229
0.208408 , 0.119368 , 0.209049
0.199036 , 0.109243 , 0.199956
0.212711 , 0.124048 , 0.213252
0.201595 , 0.111997 , 0.202429
0.204399 , 0.115023 , 0.205147
0.199941 , 0.110216 , 0.20083
0.199036 , 0.109243 , 0.199956
0.188588 , 0.0981087 , 0.189955
0.20903 , 0.120042 , 0.209655
0.204668 , 0.115314 , 0.205408
0.21307 , 0.124439 , 0.213604
0.192101 , 0.10183 , 0.193298
0.195667 , 0.105632 , 0.196713
0.200875 , 0.111221 , 0.201732
0.201595 , 0.111997 , 0.202429
0.1914 , 0.101086 , 0.192629
0.195867 , 0.105846 , 0.196905
0.197728 , 0.107839 , 0.198695
0.206622 , 0.11743 , 0.207308
0.188274 , 0.0977764 , 0.189657
0.207205 , 0.118062 , 0.207876
0.189715 , 0.0993003 , 0.191025
0.18988 , 0.0994744 , 0.191182
0.19926 , 0.109484 , 0.200172
0.19668 , 0.106716 , 0.197686
0.190045 , 0.0996494 , 0.191339
0.195468 , 0.10542 , 0.196522
0.202086 , 0.112525 , 0.202904
0.201839 , 0.11226 , 0.202665
0.195468 , 0.10542 , 0.196522
0.194495 , 0.10438 , 0.195588
0.197094 , 0.10716 , 0.198085
0.200404 , 0.110715 , 0.201277
0.206912 , 0.117744 , 0.207591
0.196886 , 0.106937 , 0.197885
0.210644 , 0.121798 , 0.211232
0.194495 , 0.10438 , 0.195588
0.2078 , 0.118708 , 0.208457
0.209665 , 0.120732 , 0.210275
0.185432 , 0.0947852 , 0.18697
0.199941 , 0.110216 , 0.20083
0.19926 , 0.109484 , 0.200172
0.200639 , 0.110967 , 0.201504
0.199485 , 0.109726 , 0.200389
0.194304 , 0.104177 , 0.195405
0.189389 , 0.0989552 , 0.190715
0.212711 , 0.124048 , 0.213252
0.201113 , 0.111478 , 0.201963
0.200404 , 0.110715 , 0.201277
0.195271 , 0.105209 , 0.196333
0.192278 , 0.102019 , 0.193467
0.212356 , 0.123661 , 0.212905
0.203869 , 0.11445 , 0.204633
0.20605 , 0.11681 , 0.206752
0.204133 , 0.114736 , 0.204889
0.196068 , 0.106061 , 0.197098
0.179804 , 0.0889166 , 0.181699
0.212356 , 0.123661 , 0.212905
0.191574 , 0.101271 , 0.192795
0.196474 , 0.106496 , 0.197488
0.19926 , 0.109484 , 0.200172
0.196474 , 0.106496 , 0.197488
