0.22453 , 0.136982 , 0.22487
0.234261 , 0.147694 , 0.234491
0.220953 , 0.133057 , 0.221344
0.22001 , 0.132024 , 0.220417
0.197515 , 0.107611 , 0.19849
0.21736 , 0.129124 , 0.217812
0.215723 , 0.127335 , 0.216205
0.212711 , 0.124048 , 0.213252
0.229285 , 0.142211 , 0.229566
0.233491 , 0.146845 , 0.233729
0.216124 , 0.127772 , 0.216598
0.225081 , 0.137587 , 0.225413
0.209987 , 0.121083 , 0.21059
0.20903 , 0.120042 , 0.209655
0.214556 , 0.12606 , 0.21506
0.220953 , 0.133057 , 0.221344
0.220953 , 0.133057 , 0.221344
0.21955 , 0.131521 , 0.219965
0.218654 , 0.130539 , 0.219083
0.232015 , 0.145218 , 0.232267
0.214177 , 0.125646 , 0.214689
0.238478 , 0.152349 , 0.238672
0.203091 , 0.113611 , 0.203878
0.218654 , 0.130539 , 0.219083
0.22453 , 0.136982 , 0.22487
0.242408 , 0.156693 , 0.242574
0.229285 , 0.142211 , 0.229566
0.220953 , 0.133057 , 0.221344
0.232015 , 0.145218 , 0.232267
0.211316 , 0.122529 , 0.211889
0.223459 , 0.135807 , 0.223814
0.225643 , 0.138205 , 0.225969
0.230616 , 0.143676 , 0.230882
0.213803 , 0.125239 , 0.214322
0.219098 , 0.131026 , 0.21952
0.207205 , 0.118062 , 0.207876
0.216124 , 0.127772 , 0.216598
0.214177 , 0.125646 , 0.214689
0.22001 , 0.132024 , 0.220417
0.232743 , 0.146021 , 0.232988
0.212711 , 0.124048 , 0.213252
0.227404 , 0.140141 , 0.227707
0.232015 , 0.145218 , 0.232267
0.214556 , 0.12606 , 0.21506
0.226804 , 0.139481 , 0.227115
0.211659 , 0.122902 , 0.212223
0.22453 , 0.136982 , 0.22487
0.216942 , 0.128666 , 0.217401
0.228643 , 0.141505 , 0.228932
0.228643 , 0.141505 , 0.228932
0.229285 , 0.142211 , 0.229566
0.228643 , 0.141505 , 0.228932
0.214556 , 0.12606 , 0.21506
0.242408 , 0.156693 , 0.242574
0.213434 , 0.124836 , 0.213961
0.203607 , 0.114168 , 0.204379
0.230616 , 0.143676 , 0.230882
0.221436 , 0.133587 , 0.22182
0.208408 , 0.119368 , 0.209049
0.208103 , 0.119036 , 0.208751
0.215329 , 0.126904 , 0.215818
0.24137 , 0.155545 , 0.241542
0.221436 , 0.133587 , 0.22182
0.218654 , 0.130539 , 0.219083
0.221436 , 0.133587 , 0.22182
0.208103 , 0.119036 , 0.208751
0.21653 , 0.128216 , 0.216996
0.22001 , 0.132024 , 0.220417
0.220477 , 0.132536 , 0.220877
0.212711 , 0.124048 , 0.213252
0.22453 , 0.136982 , 0.22487
0.212711 , 0.124048 , 0.213252
0.20605 , 0.11681 , 0.206752
0.217785 , 0.129588 , 0.218229
0.220953 , 0.133057 , 0.221344
0.226218 , 0.138837 , 0.226535
0.222429 , 0.134676 , 0.222799
0.201839 , 0.11226 , 0.202665
0.22453 , 0.136982 , 0.22487
0.22453 , 0.136982 , 0.22487
0.230616 , 0.143676 , 0.230882
0.229942 , 0.142935 , 0.230216
0.218654 , 0.130539 , 0.219083
0.22294 , 0.135236 , 0.223302
0.216942 , 0.128666 , 0.217401
0.242408 , 0.156693 , 0.242574
0.219098 , 0.131026 , 0.21952
0.214177 , 0.125646 , 0.214689
0.209345 , 0.120385 , 0.209963
0.210644 , 0.121798 , 0.211232
0.20903 , 0.120042 , 0.209655
0.234261 , 0.147694 , 0.234491
0.228643 , 0.141505 , 0.228932
0.206334 , 0.117118 , 0.207029
0.208408 , 0.119368 , 0.209049
0.221928 , 0.134127 , 0.222305
0.217785 , 0.129588 , 0.218229
0.228016 , 0.140815 , 0.228312
0.220953 , 0.133057 , 0.221344
0.227404 , 0.140141 , 0.227707
