0.261943 , 0.178341 , 0.262017
0.293277 , 0.213167 , 0.293296
0.251115 , 0.166331 , 0.25123
0.261943 , 0.178341 , 0.262017
0.269756 , 0.187017 , 0.269809
0.261943 , 0.178341 , 0.262017
0.259793 , 0.175955 , 0.259873
0.248319 , 0.163235 , 0.248449
0.264291 , 0.180947 , 0.264358
0.251115 , 0.166331 , 0.25123
0.223459 , 0.135807 , 0.223814
0.293277 , 0.213167 , 0.293296
0.293277 , 0.213167 , 0.293296
0.251115 , 0.166331 , 0.25123
0.264291 , 0.180947 , 0.264358
0.281127 , 0.199655 , 0.28116
0.255966 , 0.171709 , 0.256061
0.228643 , 0.141505 , 0.228932
0.269756 , 0.187017 , 0.269809
0.261943 , 0.178341 , 0.262017
0.281127 , 0.199655 , 0.28116
0.293277 , 0.213167 , 0.293296
0.293277 , 0.213167 , 0.293296
0.269756 , 0.187017 , 0.269809
0.281127 , 0.199655 , 0.28116
0.293277 , 0.213167 , 0.293296
0.302771 , 0.22373 , 0.302783
0.254246 , 0.169802 , 0.254348
0.261943 , 0.178341 , 0.262017
0.252633 , 0.168014 , 0.252742
0.233491 , 0.146845 , 0.233729
0.266877 , 0.183819 , 0.266937
0.269756 , 0.187017 , 0.269809
0.23671 , 0.150397 , 0.236919
0.257808 , 0.173753 , 0.257896
0.318702 , 0.24146 , 0.318708
0.259793 , 0.175955 , 0.259873
0.251115 , 0.166331 , 0.25123
0.302771 , 0.22373 , 0.302783
0.318702 , 0.24146 , 0.318708
0.254246 , 0.169802 , 0.254348
0.261943 , 0.178341 , 0.262017
0.229285 , 0.142211 , 0.229566
0.24968 , 0.164742 , 0.249802
0.318702 , 0.24146 , 0.318708
0.266877 , 0.183819 , 0.266937
0.251115 , 0.166331 , 0.25123
0.266877 , 0.183819 , 0.266937
0.252633 , 0.168014 , 0.252742
0.264291 , 0.180947 , 0.264358
0.269756 , 0.187017 , 0.269809
0.234261 , 0.147694 , 0.234491
0.293277 , 0.213167 , 0.293296
0.261943 , 0.178341 , 0.262017
0.252633 , 0.168014 , 0.252742
0.231306 , 0.144437 , 0.231566
0.273006 , 0.190628 , 0.273052
0.254246 , 0.169802 , 0.254348
0.24968 , 0.164742 , 0.249802
0.286461 , 0.205586 , 0.286487
0.254246 , 0.169802 , 0.254348
0.276739 , 0.194776 , 0.276778
0.243489 , 0.157889 , 0.243647
0.261943 , 0.178341 , 0.262017
0.264291 , 0.180947 , 0.264358
0.281127 , 0.199655 , 0.28116
0.255966 , 0.171709 , 0.256061
0.257808 , 0.173753 , 0.257896
0.276739 , 0.194776 , 0.276778
0.302771 , 0.22373 , 0.302783
0.281127 , 0.199655 , 0.28116
0.257808 , 0.173753 , 0.257896
0.254246 , 0.169802 , 0.254348
0.255966 , 0.171709 , 0.256061
0.243489 , 0.157889 , 0.243647
0.266877 , 0.183819 , 0.266937
0.269756 , 0.187017 , 0.269809
0.259793 , 0.175955 , 0.259873
0.23671 , 0.150397 , 0.236919
0.245794 , 0.160439 , 0.245938
0.281127 , 0.199655 , 0.28116
1 , 1 , 1
0.261943 , 0.178341 , 0.262017
0.269756 , 0.187017 , 0.269809
0.302771 , 0.22373 , 0.302783
0.273006 , 0.190628 , 0.273052
0.248319 , 0.163235 , 0.248449
0.276739 , 0.194776 , 0.276778
0.269756 , 0.187017 , 0.269809
0.264291 , 0.180947 , 0.264358
0.281127 , 0.199655 , 0.28116
0.244616 , 0.159136 , 0.244767
0.273006 , 0.190628 , 0.273052
0.251115 , 0.166331 , 0.25123
0.234261 , 0.147694 , 0.234491
0.269756 , 0.187017 , 0.269809
0.286461 , 0.205586 , 0.286487
0.266877 , 0.183819 , 0.266937
0.273006 , 0.190628 , 0.273052
0.248319 , 0.163235 , 0.248449
