0.209345 , 0.120385 , 0.209963
0.206912 , 0.117744 , 0.207591
0.228643 , 0.141505 , 0.228932
0.221436 , 0.133587 , 0.22182
0.216124 , 0.127772 , 0.216598
0.206622 , 0.11743 , 0.207308
0.206912 , 0.117744 , 0.207591
0.198593 , 0.108768 , 0.199529
0.21653 , 0.128216 , 0.216996
0.211659 , 0.122902 , 0.212223
0.208103 , 0.119036 , 0.208751
0.225081 , 0.137587 , 0.225413
0.232743 , 0.146021 , 0.232988
0.210644 , 0.121798 , 0.211232
0.208408 , 0.119368 , 0.209049
0.20903 , 0.120042 , 0.209655
0.216942 , 0.128666 , 0.217401
0.211659 , 0.122902 , 0.212223
0.200639 , 0.110967 , 0.201504
0.227404 , 0.140141 , 0.227707
0.208408 , 0.119368 , 0.209049
0.214939 , 0.126479 , 0.215436
0.2078 , 0.118708 , 0.208457
0.201839 , 0.11226 , 0.202665
0.228643 , 0.141505 , 0.228932
0.202086 , 0.112525 , 0.202904
0.209665 , 0.120732 , 0.210275
0.210978 , 0.122161 , 0.211558
0.203607 , 0.114168 , 0.204379
0.218216 , 0.13006 , 0.218652
0.214939 , 0.126479 , 0.215436
0.207205 , 0.118062 , 0.207876
0.235869 , 0.149468 , 0.236084
0.207501 , 0.118383 , 0.208165
0.211659 , 0.122902 , 0.212223
0.223989 , 0.136389 , 0.224337
0.210644 , 0.121798 , 0.211232
0.217785 , 0.129588 , 0.218229
0.211316 , 0.122529 , 0.211889
0.215723 , 0.127335 , 0.216205
0.211659 , 0.122902 , 0.212223
0.211659 , 0.122902 , 0.212223
0.197728 , 0.107839 , 0.198695
0.201839 , 0.11226 , 0.202665
0.205213 , 0.115904 , 0.205938
0.197515 , 0.107611 , 0.19849
0.207205 , 0.118062 , 0.207876
0.206912 , 0.117744 , 0.207591
0.201839 , 0.11226 , 0.202665
0.213803 , 0.125239 , 0.214322
0.21955 , 0.131521 , 0.219965
0.214556 , 0.12606 , 0.21506
0.198157 , 0.1083 , 0.199109
0.197942 , 0.108069 , 0.198901
0.207205 , 0.118062 , 0.207876
0.214177 , 0.125646 , 0.214689
0.201113 , 0.111478 , 0.201963
0.226804 , 0.139481 , 0.227115
0.211659 , 0.122902 , 0.212223
0.203091 , 0.113611 , 0.203878
0.204939 , 0.115607 , 0.205672
0.20605 , 0.11681 , 0.206752
0.207205 , 0.118062 , 0.207876
0.193182 , 0.102981 , 0.194332
0.229942 , 0.142935 , 0.230216
0.197728 , 0.107839 , 0.198695
0.216124 , 0.127772 , 0.216598
0.20903 , 0.120042 , 0.209655
0.21736 , 0.129124 , 0.217812
0.210644 , 0.121798 , 0.211232
0.210978 , 0.122161 , 0.211558
0.211659 , 0.122902 , 0.212223
0.20605 , 0.11681 , 0.206752
0.209345 , 0.120385 , 0.209963
0.202086 , 0.112525 , 0.202904
0.205768 , 0.116505 , 0.206478
0.197942 , 0.108069 , 0.198901
0.215723 , 0.127335 , 0.216205
0.209345 , 0.120385 , 0.209963
0.206622 , 0.11743 , 0.207308
0.196474 , 0.106496 , 0.197488
0.219098 , 0.131026 , 0.21952
0.213803 , 0.125239 , 0.214322
0.20605 , 0.11681 , 0.206752
0.217785 , 0.129588 , 0.218229
0.204939 , 0.115607 , 0.205672
0.198593 , 0.108768 , 0.199529
0.207501 , 0.118383 , 0.208165
0.213434 , 0.124836 , 0.213961
0.198375 , 0.108533 , 0.199318
0.193738 , 0.103573 , 0.194863
0.225643 , 0.138205 , 0.225969
0.205768 , 0.116505 , 0.206478
0.215329 , 0.126904 , 0.215818
0.228016 , 0.140815 , 0.228312
0.193366 , 0.103177 , 0.194508
0.21653 , 0.128216 , 0.216996
0.214177 , 0.125646 , 0.214689
0.200172 , 0.110464 , 0.201053
0.209345 , 0.120385 , 0.209963
