0.286461 , 0.205586 , 0.286487
1 , 1 , 1
1 , 1 , 1
1 , 1 , 1
0.276739 , 0.194776 , 0.276778
0.259793 , 0.175955 , 0.259873
0.251115 , 0.166331 , 0.25123
1 , 1 , 1
1 , 1 , 1
1 , 1 , 1
1 , 1 , 1
0.318702 , 0.24146 , 0.318708
0.259793 , 0.175955 , 0.259873
1 , 1 , 1
0.286461 , 0.205586 , 0.286487
1 , 1 , 1
0.281127 , 0.199655 , 0.28116
0.318702 , 0.24146 , 0.318708
0.318702 , 0.24146 , 0.318708
1 , 1 , 1
0.318702 , 0.24146 , 0.318708
1 , 1 , 1
0.266877 , 0.183819 , 0.266937
1 , 1 , 1
0.259793 , 0.175955 , 0.259873
0.318702 , 0.24146 , 0.318708
1 , 1 , 1
0.286461 , 0.205586 , 0.286487
1 , 1 , 1
0.293277 , 0.213167 , 0.293296
1 , 1 , 1
1 , 1 , 1
0.302771 , 0.22373 , 0.302783
0.302771 , 0.22373 , 0.302783
0.293277 , 0.213167 , 0.293296
0.302771 , 0.22373 , 0.302783
1 , 1 , 1
1 , 1 , 1
1 , 1 , 1
0.302771 , 0.22373 , 0.302783
0.264291 , 0.180947 , 0.264358
0.269756 , 0.187017 , 0.269809
0.293277 , 0.213167 , 0.293296
0.302771 , 0.22373 , 0.302783
1 , 1 , 1
1 , 1 , 1
1 , 1 , 1
1 , 1 , 1
0.302771 , 0.22373 , 0.302783
1 , 1 , 1
1 , 1 , 1
0.266877 , 0.183819 , 0.266937
1 , 1 , 1
1 , 1 , 1
1 , 1 , 1
0.293277 , 0.213167 , 0.293296
1 , 1 , 1
0.261943 , 0.178341 , 0.262017
1 , 1 , 1
1 , 1 , 1
0.318702 , 0.24146 , 0.318708
1 , 1 , 1
1 , 1 , 1
1 , 1 , 1
0.293277 , 0.213167 , 0.293296
0.302771 , 0.22373 , 0.302783
1 , 1 , 1
0.293277 , 0.213167 , 0.293296
0.281127 , 0.199655 , 0.28116
1 , 1 , 1
1 , 1 , 1
1 , 1 , 1
0.293277 , 0.213167 , 0.293296
0.302771 , 0.22373 , 0.302783
1 , 1 , 1
1 , 1 , 1
1 , 1 , 1
0.293277 , 0.213167 , 0.293296
1 , 1 , 1
0.266877 , 0.183819 , 0.266937
0.302771 , 0.22373 , 0.302783
1 , 1 , 1
1 , 1 , 1
0.251115 , 0.166331 , 0.25123
1 , 1 , 1
1 , 1 , 1
1 , 1 , 1
1 , 1 , 1
0.269756 , 0.187017 , 0.269809
1 , 1 , 1
0.302771 , 0.22373 , 0.302783
0.302771 , 0.22373 , 0.302783
0.302771 , 0.22373 , 0.302783
1 , 1 , 1
0.264291 , 0.180947 , 0.264358
1 , 1 , 1
0.259793 , 0.175955 , 0.259873
0.293277 , 0.213167 , 0.293296
1 , 1 , 1
1 , 1 , 1
