0.0167379 , 0.0167379
0.0103843 , 0.0103843
0.0116904 , 0.0116904
0.00946122 , 0.00946122
0.00745408 , 0.00745408
0.00960851 , 0.00960851
0.00818398 , 0.00818398
0.00426197 , 0.00426197
0.0131892 , 0.0131892
0.0104263 , 0.0104263
0.00370697 , 0.00370697
0.00691119 , 0.00691119
0.0106693 , 0.0106693
0.0108017 , 0.0108017
0.0109216 , 0.0109216
0.0123692 , 0.0123692
0.00885818 , 0.00885818
0.0110283 , 0.0110283
0.00978457 , 0.00978457
0.0179323 , 0.0179323
0.0111681 , 0.0111681
0.0132965 , 0.0132965
0.0130418 , 0.0130418
0.00870476 , 0.00870476
0.00992626 , 0.00992626
0.0117415 , 0.0117415
0.010219 , 0.010219
0.00841849 , 0.00841849
0.0203903 , 0.0203903
0.00658023 , 0.00658023
0.00686993 , 0.00686993
0.0108017 , 0.0108017
0.0133182 , 0.0133182
0.00868312 , 0.00868312
0.00856539 , 0.00856539
0.018478 , 0.018478
0.0105538 , 0.0105538
0.00974645 , 0.00974645
0.00755358 , 0.00755358
0.0107278 , 0.0107278
0.0104685 , 0.0104685
0.00848105 , 0.00848105
0.0167744 , 0.0167744
0.0194469 , 0.0194469
0.0124831 , 0.0124831
0.00885818 , 0.00885818
0.0145298 , 0.0145298
0.00760849 , 0.00760849
0.00783275 , 0.00783275
0.0108314 , 0.0108314
0.0066914 , 0.0066914
0.0142491 , 0.0142491
0.0107278 , 0.0107278
0.0103012 , 0.0103012
0.00816398 , 0.00816398
0.0074272 , 0.0074272
0.0141253 , 0.0141253
0.00928158 , 0.00928158
0.0139558 , 0.0139558
1 , 1
0.0158531 , 0.0158531
0.0127765 , 0.0127765
0.00959611 , 0.00959611
0.00941284 , 0.00941284
0.0103843 , 0.0103843
0.00839777 , 0.00839777
0.00807469 , 0.00807469
0.0107573 , 0.0107573
0.0158213 , 0.0158213
0.0139558 , 0.0139558
0.0119678 , 0.0119678
0.0103288 , 0.0103288
0.0101245 , 0.0101245
0.00605059 , 0.00605059
0.012464 , 0.012464
0.0134056 , 0.0134056
0.0103288 , 0.0103288
0.0112789 , 0.0112789
0.00917609 , 0.00917609
0.0104404 , 0.0104404
0.00809442 , 0.00809442
0.0139798 , 0.0139798
0.0156647 , 0.0156647
0.0111995 , 0.0111995
0.0106693 , 0.0106693
0.0105396 , 0.0105396
0.00992626 , 0.00992626
0.0159817 , 0.0159817
0.00698609 , 0.00698609
0.00770102 , 0.00770102
0.0147687 , 0.0147687
0.00787088 , 0.00787088
0.00891385 , 0.00891385
0.0122573 , 0.0122573
0.00690291 , 0.00690291
0.00875915 , 0.00875915
0.0208498 , 0.0208498
0.00972115 , 0.00972115
0.0133837 , 0.0133837
0.0103012 , 0.0103012
