0.00642165 , 0.00642165
0.0178802 , 0.0178802
0.00783013 , 0.00783013
0.0174053 , 0.0174053
0.0111109 , 0.0111109
0.0128929 , 0.0128929
0.0109501 , 0.0109501
0.00948845 , 0.00948845
0.00998314 , 0.00998314
0.0102249 , 0.0102249
0.016419 , 0.016419
0.0103499 , 0.0103499
0.0106252 , 0.0106252
0.0160072 , 0.0160072
0.00740582 , 0.00740582
0.0133359 , 0.0133359
0.0192064 , 0.0192064
0.00993896 , 0.00993896
0.0113329 , 0.0113329
0.0081818 , 0.0081818
0.0125766 , 0.0125766
0.0101635 , 0.0101635
0.00679963 , 0.00679963
0.0175786 , 0.0175786
0.00900952 , 0.00900952
0.012918 , 0.012918
0.012918 , 0.012918
0.0109501 , 0.0109501
0.015707 , 0.015707
1 , 1
0.0143132 , 0.0143132
0.00843301 , 0.00843301
0.00887478 , 0.00887478
0.0100576 , 0.0100576
0.0152276 , 0.0152276
0.00897245 , 0.00897245
0.00910962 , 0.00910962
0.00932854 , 0.00932854
0.0103027 , 0.0103027
0.0111109 , 0.0111109
0.0073229 , 0.0073229
0.0112208 , 0.0112208
0.0140909 , 0.0140909
0.0101635 , 0.0101635
0.00522351 , 0.00522351
0.011486 , 0.011486
0.012553 , 0.012553
0.00998314 , 0.00998314
0.0103816 , 0.0103816
0.0102249 , 0.0102249
0.0098661 , 0.0098661
0.00778024 , 0.00778024
0.0120795 , 0.0120795
0.00614859 , 0.00614859
0.00730463 , 0.00730463
0.0163717 , 0.0163717
0.0109501 , 0.0109501
0.0114089 , 0.0114089
0.00759467 , 0.00759467
0.0105265 , 0.0105265
0.0100576 , 0.0100576
0.00858021 , 0.00858021
0.0110388 , 0.0110388
0.00893562 , 0.00893562
0.0139073 , 0.0139073
0.0110928 , 0.0110928
0.00996837 , 0.00996837
0.00951556 , 0.00951556
0.0107427 , 0.0107427
0.0161864 , 0.0161864
0.0105592 , 0.0105592
0.015266 , 0.015266
0.00802389 , 0.00802389
0.0083885 , 0.0083885
0.0121447 , 0.0121447
0.00966707 , 0.00966707
0.00642943 , 0.00642943
0.0137005 , 0.0137005
0.0106086 , 0.0106086
0.0140909 , 0.0140909
0.0123 , 0.0123
0.0212963 , 0.0212963
0.0123906 , 0.0123906
0.0116635 , 0.0116635
0.0119514 , 0.0119514
0.00807603 , 0.00807603
0.0113898 , 0.0113898
0.00874324 , 0.00874324
0.0118055 , 0.0118055
0.00995365 , 0.00995365
0.0119303 , 0.0119303
0.0103184 , 0.0103184
0.011314 , 0.011314
0.00940792 , 0.00940792
0.00856875 , 0.00856875
0.00774066 , 0.00774066
0.00976569 , 0.00976569
0.014822 , 0.014822
0.0178185 , 0.0178185
0.0113708 , 0.0113708
