0.0115006 , 0.0115006
0.00672766 , 0.00672766
0.00746352 , 0.00746352
0.0133939 , 0.0133939
0.0134873 , 0.0134873
0.0142649 , 0.0142649
0.00819745 , 0.00819745
1 , 1
0.00671844 , 0.00671844
0.00874536 , 0.00874536
0.00935938 , 0.00935938
0.0139361 , 0.0139361
0.0136315 , 0.0136315
0.0107542 , 0.0107542
0.0125981 , 0.0125981
0.00745251 , 0.00745251
0.0118668 , 0.0118668
0.00804245 , 0.00804245
0.0125981 , 0.0125981
0.00968536 , 0.00968536
0.00915548 , 0.00915548
0.0189408 , 0.0189408
0.0122337 , 0.0122337
0.0110578 , 0.0110578
0.0117103 , 0.0117103
0.0101642 , 0.0101642
0.00942963 , 0.00942963
0.00946521 , 0.00946521
0.0215966 , 0.0215966
0.0102067 , 0.0102067
0.010634 , 0.010634
0.00841355 , 0.00841355
0.0102067 , 0.0102067
0.00767853 , 0.00767853
0.0119312 , 0.0119312
0.00829061 , 0.00829061
0.0119637 , 0.0119637
0.00726961 , 0.00726961
0.0158443 , 0.0158443
0.0106817 , 0.0106817
1 , 1
0.0118035 , 0.0118035
0.0163797 , 0.0163797
0.00540883 , 0.00540883
0.00837217 , 0.00837217
0.0132576 , 0.0132576
0.00902491 , 0.00902491
0.0113289 , 0.0113289
1 , 1
0.0160151 , 0.0160151
0.00856893 , 0.00856893
0.0100392 , 0.0100392
0.010878 , 0.010878
0.0114715 , 0.0114715
0.0133479 , 0.0133479
0.00908968 , 0.00908968
0.0107057 , 0.0107057
0.012714 , 0.012714
0.00849758 , 0.00849758
0.00889833 , 0.00889833
0.0119312 , 0.0119312
0.00968536 , 0.00968536
0.0132576 , 0.0132576
0.0119312 , 0.0119312
0.00617487 , 0.00617487
0.00939436 , 0.00939436
0.00871543 , 0.00871543
0.0098782 , 0.0098782
0.00961067 , 0.00961067
0.0153705 , 0.0153705
0.00835846 , 0.00835846
0.00716567 , 0.00716567
0.0100598 , 0.0100598
0.00925617 , 0.00925617
0.00570143 , 0.00570143
0.013832 , 0.013832
0.0112732 , 0.0112732
0.00848346 , 0.00848346
0.0232482 , 0.0232482
0.00912245 , 0.00912245
0.011357 , 0.011357
0.00745251 , 0.00745251
0.0125602 , 0.0125602
0.0111372 , 0.0111372
0.00700459 , 0.00700459
0.0251591 , 0.0251591
0.0212703 , 0.0212703
0.00946521 , 0.00946521
0.0126364 , 0.0126364
0.0137306 , 0.0137306
0.0160151 , 0.0160151
0.00700459 , 0.00700459
0.00726961 , 0.00726961
0.0110578 , 0.0110578
0.00624831 , 0.00624831
0.0109798 , 0.0109798
0.0125226 , 0.0125226
0.0090734 , 0.0090734
0.0212703 , 0.0212703
0.00771352 , 0.00771352
