0.0198823 , 0.0198823
0.0154298 , 0.0154298
0.00586909 , 0.00586909
0.00915466 , 0.00915466
1 , 1
0.00667645 , 0.00667645
0.00995386 , 0.00995386
0.0100765 , 0.0100765
0.0136085 , 0.0136085
0.0085474 , 0.0085474
0.0112062 , 0.0112062
0.0195362 , 0.0195362
0.0154298 , 0.0154298
0.0101015 , 0.0101015
0.00848211 , 0.00848211
0.0103081 , 0.0103081
0.0100516 , 0.0100516
0.00751941 , 0.00751941
0.0142484 , 0.0142484
0.0105838 , 0.0105838
0.010027 , 0.010027
1 , 1
0.00554867 , 0.00554867
0.00829292 , 0.00829292
0.0164076 , 0.0164076
0.00723186 , 0.00723186
0.0198823 , 0.0198823
0.0211762 , 0.0211762
0.0102816 , 0.0102816
0.0124923 , 0.0124923
0.00905883 , 0.00905883
1 , 1
0.014837 , 0.014837
0.00794139 , 0.00794139
0.00798354 , 0.00798354
0.0138792 , 0.0138792
0.0140963 , 0.0140963
0.0100765 , 0.0100765
0.00905883 , 0.00905883
0.0136744 , 0.0136744
1 , 1
0.00642723 , 0.00642723
0.00859713 , 0.00859713
0.0125898 , 0.0125898
0.0198823 , 0.0198823
0.0177463 , 0.0177463
0.00634473 , 0.00634473
0.0184093 , 0.0184093
0.00731344 , 0.00731344
0.0125898 , 0.0125898
1 , 1
0.0160097 , 0.0160097
0.0127411 , 0.0127411
1 , 1
0.0101267 , 0.0101267
0.00995386 , 0.00995386
0.0117145 , 0.0117145
0.0139502 , 0.0139502
1 , 1
0.00814236 , 0.00814236
0.0282053 , 0.0282053
0.00474994 , 0.00474994
0.00939536 , 0.00939536
0.00789971 , 0.00789971
1 , 1
1 , 1
0.0158861 , 0.0158861
0.0085639 , 0.0085639
0.00380419 , 0.00380419
1 , 1
0.01269 , 0.01269
1 , 1
1 , 1
0.0114155 , 0.0114155
1 , 1
0.0147469 , 0.0147469
0.01204 , 0.01204
0.00579805 , 0.00579805
0.0100024 , 0.0100024
0.0084339 , 0.0084339
0.00783128 , 0.00783128
1 , 1
0.0125407 , 0.0125407
0.00976576 , 0.00976576
0.0131782 , 0.0131782
0.0110405 , 0.0110405
0.00802618 , 0.00802618
1 , 1
0.00864755 , 0.00864755
1 , 1
0.00690132 , 0.00690132
0.017016 , 0.017016
0.0142484 , 0.0142484
0.00887435 , 0.00887435
0.00851461 , 0.00851461
0.0164076 , 0.0164076
0.00873313 , 0.00873313
0.0106415 , 0.0106415
0.0084339 , 0.0084339
0.0257073 , 0.0257073
