0.00962696 , 0.00962696
0.0155146 , 0.0155146
1 , 1
0.0101165 , 0.0101165
0.00728149 , 0.00728149
1 , 1
0.0114283 , 0.0114283
0.0113131 , 0.0113131
1 , 1
0.009123 , 0.009123
1 , 1
0.0065952 , 0.0065952
1 , 1
1 , 1
0.0124712 , 0.0124712
0.00760993 , 0.00760993
0.00813176 , 0.00813176
1 , 1
0.00817131 , 0.00817131
0.00660703 , 0.00660703
0.0102326 , 0.0102326
0.00540954 , 0.00540954
0.0123892 , 0.0123892
1 , 1
0.0083349 , 0.0083349
0.00986178 , 0.00986178
1 , 1
0.0104792 , 0.0104792
0.0107479 , 0.0107479
0.00959487 , 0.00959487
1 , 1
0.0129186 , 0.0129186
1 , 1
1 , 1
1 , 1
0.00989687 , 0.00989687
0.00760993 , 0.00760993
0.00776243 , 0.00776243
1 , 1
0.0143818 , 0.0143818
0.0076937 , 0.0076937
0.00509913 , 0.00509913
1 , 1
0.00670336 , 0.00670336
0.0148949 , 0.0148949
1 , 1
0.0148949 , 0.0148949
0.00883678 , 0.00883678
0.00454811 , 0.00454811
0.0139438 , 0.0139438
0.0104792 , 0.0104792
0.00943931 , 0.00943931
1 , 1
0.00896352 , 0.00896352
0.0210829 , 0.0210829
1 , 1
0.0106106 , 0.0106106
0.00972537 , 0.00972537
1 , 1
0.0145433 , 0.0145433
0.0085754 , 0.0085754
0.0093497 , 0.0093497
0.00641199 , 0.00641199
0.0103948 , 0.0103948
0.0178185 , 0.0178185
0.013118 , 0.013118
0.0198794 , 0.0198794
0.00950057 , 0.00950057
1 , 1
0.00926268 , 0.00926268
1 , 1
0.0126422 , 0.0126422
1 , 1
0.00723736 , 0.00723736
1 , 1
0.0142286 , 0.0142286
0.0115482 , 0.0115482
0.00738705 , 0.00738705
0.0117374 , 0.0117374
0.0103534 , 0.0103534
1 , 1
0.0114283 , 0.0114283
0.00932041 , 0.00932041
0.00819128 , 0.00819128
0.00538571 , 0.00538571
0.00920603 , 0.00920603
0.00811218 , 0.00811218
0.0110951 , 0.0110951
0.0112571 , 0.0112571
0.0109917 , 0.0109917
0.00794144 , 0.00794144
0.0062709 , 0.0062709
0.00996831 , 0.00996831
1 , 1
0.00794144 , 0.00794144
1 , 1
0.0116099 , 0.0116099
0.0113131 , 0.0113131
1 , 1
1 , 1
