0.00404286 , 0.00404286
1 , 1
0.00764935 , 0.00764935
1 , 1
1 , 1
1 , 1
1 , 1
1 , 1
0.00602346 , 0.00602346
1 , 1
1 , 1
1 , 1
1 , 1
1 , 1
1 , 1
1 , 1
1 , 1
0.0103216 , 0.0103216
1 , 1
0.0115793 , 0.0115793
1 , 1
1 , 1
1 , 1
1 , 1
1 , 1
1 , 1
1 , 1
0.00933874 , 0.00933874
1 , 1
1 , 1
1 , 1
0.0130749 , 0.0130749
1 , 1
1 , 1
0.00657132 , 0.00657132
1 , 1
0.00683534 , 0.00683534
1 , 1
1 , 1
0.0182245 , 0.0182245
1 , 1
1 , 1
0.00950529 , 0.00950529
1 , 1
1 , 1
1 , 1
1 , 1
1 , 1
0.00408924 , 0.00408924
1 , 1
0.00801788 , 0.00801788
1 , 1
1 , 1
0.0085295 , 0.0085295
0.00801788 , 0.00801788
0.0117219 , 0.0117219
1 , 1
0.00817644 , 0.00817644
1 , 1
1 , 1
0.0100896 , 0.0100896
0.00795732 , 0.00795732
1 , 1
0.0149786 , 0.0149786
0.00757188 , 0.00757188
0.0118738 , 0.0118738
1 , 1
0.00416056 , 0.00416056
1 , 1
1 , 1
0.00767575 , 0.00767575
0.0099467 , 0.0099467
1 , 1
1 , 1
1 , 1
0.00962322 , 0.00962322
1 , 1
1 , 1
1 , 1
0.00672618 , 0.00672618
1 , 1
0.00639482 , 0.00639482
1 , 1
1 , 1
1 , 1
1 , 1
1 , 1
0.00933874 , 0.00933874
0.00981195 , 0.00981195
0.0100171 , 0.0100171
0.00913348 , 0.00913348
1 , 1
1 , 1
1 , 1
1 , 1
1 , 1
0.00721848 , 0.00721848
1 , 1
0.00709067 , 0.00709067
1 , 1
