0.00404844 , 0.00404844
1 , 1
0.00844199 , 0.00844199
0.00887574 , 0.00887574
1 , 1
1 , 1
1 , 1
1 , 1
0.00327463 , 0.00327463
1 , 1
1 , 1
1 , 1
1 , 1
1 , 1
1 , 1
1 , 1
1 , 1
1 , 1
1 , 1
1 , 1
1 , 1
1 , 1
1 , 1
1 , 1
1 , 1
1 , 1
1 , 1
1 , 1
1 , 1
1 , 1
1 , 1
1 , 1
1 , 1
0.0123517 , 0.0123517
1 , 1
1 , 1
1 , 1
1 , 1
1 , 1
1 , 1
1 , 1
1 , 1
0.00348819 , 0.00348819
1 , 1
1 , 1
1 , 1
1 , 1
1 , 1
1 , 1
0.00684973 , 0.00684973
0.00761059 , 0.00761059
1 , 1
1 , 1
1 , 1
0.0136931 , 0.0136931
1 , 1
1 , 1
1 , 1
0.00978871 , 0.00978871
1 , 1
1 , 1
1 , 1
1 , 1
1 , 1
1 , 1
1 , 1
1 , 1
0.0112674 , 0.0112674
1 , 1
1 , 1
1 , 1
1 , 1
1 , 1
1 , 1
1 , 1
0.00913521 , 0.00913521
1 , 1
1 , 1
1 , 1
0.0105756 , 0.0105756
1 , 1
1 , 1
1 , 1
1 , 1
1 , 1
0.0055425 , 0.0055425
1 , 1
1 , 1
0.00765336 , 0.00765336
1 , 1
0.00693759 , 0.00693759
1 , 1
1 , 1
1 , 1
0.0115662 , 0.0115662
1 , 1
0.00756874 , 0.00756874
1 , 1
1 , 1
1 , 1
