0.0117428 , 0.0119883
0.010623 , 0.0108856
0.0147093 , 0.0149144
0.00590377 , 0.00625206
0.00912061 , 0.00940801
0.00984191 , 0.0101171
0.00842806 , 0.00872764
0.00787125 , 0.00818099
0.0121433 , 0.0123828
0.0102281 , 0.010497
0.0111591 , 0.0114134
0.00734348 , 0.00766313
0.0116215 , 0.0118687
0.00846582 , 0.00876473
0.010242 , 0.0105107
0.0113813 , 0.0116322
0.00796895 , 0.00827688
0.0106516 , 0.0109137
0.00895135 , 0.00924168
0.0112625 , 0.0115151
0.00778622 , 0.00809753
0.00995136 , 0.0102248
0.0116972 , 0.0119433
0.0108673 , 0.011126
0.0136229 , 0.0138419
0.0114112 , 0.0116615
0.0067168 , 0.00704863
0.012347 , 0.0125836
0.0119727 , 0.0122148
0.00861769 , 0.00891389
0.00933123 , 0.00961502
0.00997883 , 0.0102518
0.0085163 , 0.0088143
0.00856692 , 0.00886402
0.00733167 , 0.00765155
0.00849104 , 0.0087895
0.00730807 , 0.0076284
0.00874527 , 0.00903921
0.00764139 , 0.00795541
0.00995136 , 0.0102248
0.0082032 , 0.00850684
0.00782261 , 0.00813325
0.0105234 , 0.0107876
0.00787125 , 0.00818099
0.010998 , 0.0112547
0.0123944 , 0.0126303
0.00905532 , 0.00934385
0.0104951 , 0.0107597
0.00985555 , 0.0101305
0.00814125 , 0.00844602
0.00743826 , 0.00775611
0.00879656 , 0.0090896
0.0143868 , 0.0145959
0.0113962 , 0.0116468
0.00989655 , 0.0101709
0.0100063 , 0.0102789
0.0117886 , 0.0120333
0.00708545 , 0.00741007
0.0137764 , 0.0139934
0.0088996 , 0.00919084
0.00793225 , 0.00824086
0.00969253 , 0.00997023
0.0142806 , 0.014491
0.0127296 , 0.0129608
0.00986921 , 0.010144
0.00877089 , 0.00906438
0.00859229 , 0.00888894
0.0105376 , 0.0108016
0.0102699 , 0.0105382
0.0120036 , 0.0122452
0.012237 , 0.0124752
0.00703894 , 0.00736446
0.00839038 , 0.00869064
0.0073553 , 0.00767473
0.0108384 , 0.0110976
0.0101585 , 0.0104285
0.00710875 , 0.00743292
0.0101724 , 0.0104422
0.00869412 , 0.00898897
0.0101307 , 0.0104012
0.013914 , 0.0141292
0.0085163 , 0.0088143
0.00722572 , 0.00754763
0.012284 , 0.0125216
0.0105945 , 0.0108575
0.0102979 , 0.0105657
0.00745014 , 0.00776777
0.00701574 , 0.0073417
0.00896431 , 0.00925442
0.0133533 , 0.013576
0.00778622 , 0.00809753
0.0104244 , 0.0106901
0.00588202 , 0.00623075
0.0103962 , 0.0106624
0.0101863 , 0.0104558
0.010326 , 0.0105933
0.011486 , 0.0117352
0.00817839 , 0.00848249
0.0123628 , 0.0125992
0.0111591 , 0.0114134
