0.0109479 , 0.0948606
0.0111883 , 0.0949716
0.007592 , 0.0933169
0.0162581 , 0.0973243
0.0104673 , 0.0946389
0.0138391 , 0.0961986
0.00449392 , 0.0918998
0.0123919 , 0.0955279
0.00950726 , 0.0941968
0.0114288 , 0.0950826
0.0114288 , 0.0950826
0.00544524 , 0.0923342
0.00854882 , 0.0937561
0.00974712 , 0.0943072
0.00687546 , 0.0929885
0.00639829 , 0.09277
0.00568334 , 0.092443
0.00998707 , 0.0944177
0.00592155 , 0.0925519
0.0107075 , 0.0947497
0.0114288 , 0.0950826
0.00425637 , 0.0917914
0.00354438 , 0.0914668
0.00974712 , 0.0943072
0.0135977 , 0.0960866
0.00902784 , 0.0939762
0.00496936 , 0.0921168
0.0116694 , 0.0951938
0.00212348 , 0.0908201
0.00615987 , 0.0926609
0.0116694 , 0.0951938
0.0111883 , 0.0949716
0.00496936 , 0.0921168
0.00687546 , 0.0929885
0.0071142 , 0.0930979
0.0092675 , 0.0940865
0.00687546 , 0.0929885
0.007592 , 0.0933169
0.00663682 , 0.0928792
0.00974712 , 0.0943072
0.0111883 , 0.0949716
0.00473159 , 0.0920082
0.00639829 , 0.09277
0.007592 , 0.0933169
0.0107075 , 0.0947497
0.00663682 , 0.0928792
0.0071142 , 0.0930979
0.00854882 , 0.0937561
0.0145639 , 0.0965353
0.0165005 , 0.0974374
0.00974712 , 0.0943072
0.00568334 , 0.092443
0.00663682 , 0.0928792
0.0184421 , 0.0983459
0.0199015 , 0.0990314
0.00807021 , 0.0935363
0.0071142 , 0.0930979
0.0135977 , 0.0960866
0.00473159 , 0.0920082
0.00496936 , 0.0921168
0.0102271 , 0.0945283
0.0160158 , 0.0972113
0.00520725 , 0.0922254
0.007592 , 0.0933169
0.00974712 , 0.0943072
0.00735305 , 0.0932074
0.0071142 , 0.0930979
0.00663682 , 0.0928792
0.00544524 , 0.0923342
0.00902784 , 0.0939762
0.0071142 , 0.0930979
0.00783105 , 0.0934266
0.00401893 , 0.0916831
0.00473159 , 0.0920082
0.00401893 , 0.0916831
0.0111883 , 0.0949716
0.0145639 , 0.0965353
0.0126328 , 0.0956394
0.0116694 , 0.0951938
0.0128739 , 0.0957511
0.0111883 , 0.0949716
0.00473159 , 0.0920082
0.00663682 , 0.0928792
0.0167429 , 0.0975506
0.0143222 , 0.0964229
0.00998707 , 0.0944177
0.00663682 , 0.0928792
0.0179562 , 0.0981181
0.0107075 , 0.0947497
0.00950726 , 0.0941968
0.00449392 , 0.0918998
0.00544524 , 0.0923342
0.00783105 , 0.0934266
0.00950726 , 0.0941968
0.012151 , 0.0954164
0.0104673 , 0.0946389
0.00663682 , 0.0928792
0.007592 , 0.0933169
0.00735305 , 0.0932074
0.0111883 , 0.0949716
