0.0305077 , 0.107972
0.0388916 , 0.109561
0.0279823 , 0.107491
0.0369154 , 0.109187
0.0392998 , 0.109638
0.0374199 , 0.109282
0.0389426 , 0.10957
0.035711 , 0.108959
0.041354 , 0.110027
0.0401188 , 0.109793
0.0391977 , 0.109619
0.037218 , 0.109244
0.0379767 , 0.109388
0.0331339 , 0.108471
0.0314257 , 0.108147
0.0316199 , 0.108184
0.0396065 , 0.109696
0.040684 , 0.1099
0.035661 , 0.10895
0.0341692 , 0.108667
0.0321064 , 0.108276
0.0393509 , 0.109648
0.0325947 , 0.108369
0.0318143 , 0.108221
0.035761 , 0.108969
0.0351123 , 0.108846
0.0397089 , 0.109716
0.0350127 , 0.108827
0.0345655 , 0.108742
0.035861 , 0.108987
0.0313288 , 0.108129
0.0332813 , 0.108499
0.0314742 , 0.108156
0.0330357 , 0.108452
0.0380274 , 0.109397
0.0321064 , 0.108276
0.0354612 , 0.108912
0.0345159 , 0.108733
0.0366637 , 0.109139
0.0398625 , 0.109745
0.0340208 , 0.108639
0.0315713 , 0.108175
0.0281238 , 0.107518
0.0321064 , 0.108276
0.035861 , 0.108987
0.0323503 , 0.108322
0.0353614 , 0.108893
0.038637 , 0.109513
0.0359111 , 0.108997
0.0451023 , 0.110741
0.0310867 , 0.108083
0.0370666 , 0.109216
0.0312803 , 0.108119
0.0353116 , 0.108883
0.0351123 , 0.108846
0.030604 , 0.107991
0.037117 , 0.109225
0.0395554 , 0.109687
0.0275117 , 0.107401
0.0324969 , 0.10835
0.0413023 , 0.110018
0.0349629 , 0.108818
0.0304596 , 0.107963
0.0293099 , 0.107744
0.0374705 , 0.109292
0.037774 , 0.109349
0.0384336 , 0.109474
0.0319602 , 0.108248
0.0308934 , 0.108046
0.0374705 , 0.109292
0.0323992 , 0.108332
0.0295963 , 0.107799
0.0354612 , 0.108912
0.0351621 , 0.108855
0.0391977 , 0.109619
0.0335274 , 0.108546
0.0316199 , 0.108184
0.038637 , 0.109513
0.0422852 , 0.110204
0.039965 , 0.109764
0.039402 , 0.109657
0.0353614 , 0.108893
0.0299792 , 0.107872
0.0364125 , 0.109092
0.0395554 , 0.109687
0.0346648 , 0.108761
0.0314742 , 0.108156
0.0378247 , 0.109359
0.0407869 , 0.10992
0.0338726 , 0.108611
0.0287865 , 0.107644
0.0290717 , 0.107699
0.0363622 , 0.109082
0.0340702 , 0.108648
0.035661 , 0.10895
0.0328395 , 0.108415
0.0373189 , 0.109263
0.0378753 , 0.109369
0.0353116 , 0.108883
0.0389936 , 0.10958
