0.0239988 , 0.106725
0.0224636 , 0.106427
0.0332322 , 0.10849
0.0239533 , 0.106716
0.0234996 , 0.106628
0.0234091 , 0.106611
0.0206425 , 0.106072
0.0332322 , 0.10849
0.0249123 , 0.106901
0.0280766 , 0.107509
0.0277467 , 0.107446
0.0222845 , 0.106392
0.0325458 , 0.10836
0.0343672 , 0.108705
0.0301231 , 0.107899
0.0284074 , 0.107572
0.0278409 , 0.107464
0.0292146 , 0.107726
0.0266696 , 0.107239
0.0262509 , 0.107159
0.0397089 , 0.109716
0.0259726 , 0.107105
0.024729 , 0.106866
0.0287865 , 0.107644
0.0232284 , 0.106576
0.0234544 , 0.106619
0.0259263 , 0.107096
0.0308934 , 0.108046
0.0220611 , 0.106349
0.0303633 , 0.107945
0.0259726 , 0.107105
0.0276997 , 0.107437
0.023817 , 0.10669
0.025142 , 0.106945
0.0307004 , 0.108009
0.0295963 , 0.107799
0.0180791 , 0.105568
0.0243176 , 0.106786
0.028929 , 0.107672
0.024272 , 0.106778
0.0218827 , 0.106314
0.0260189 , 0.107114
0.0230479 , 0.106541
0.028834 , 0.107653
0.0280766 , 0.107509
0.0265298 , 0.107212
0.0305077 , 0.107972
0.0271835 , 0.107338
0.021305 , 0.106201
0.0222845 , 0.106392
0.0239988 , 0.106725
0.0255565 , 0.107025
0.0293576 , 0.107753
0.0257412 , 0.107061
0.0322039 , 0.108295
0.028502 , 0.10759
0.0251879 , 0.106954
0.0278409 , 0.107464
0.0219272 , 0.106323
0.0241809 , 0.10676
0.024272 , 0.106778
0.022688 , 0.106471
0.0271835 , 0.107338
0.0269029 , 0.107284
0.0296919 , 0.107817
0.0236809 , 0.106663
0.0243633 , 0.106795
0.0313773 , 0.108138
0.0257412 , 0.107061
0.0300272 , 0.107881
0.0279351 , 0.107482
0.0268095 , 0.107266
0.0296441 , 0.107808
0.0225085 , 0.106436
0.025695 , 0.107052
0.0275587 , 0.10741
0.0295007 , 0.107781
0.0268095 , 0.107266
0.026158 , 0.107141
0.0268095 , 0.107266
0.0263438 , 0.107177
0.0270899 , 0.10732
0.0299313 , 0.107863
0.0262509 , 0.107159
0.0253721 , 0.10699
0.0230479 , 0.106541
0.0274178 , 0.107383
0.0268095 , 0.107266
0.0234996 , 0.106628
0.025326 , 0.106981
0.0318143 , 0.108221
0.0285968 , 0.107608
0.0221057 , 0.106358
0.0241353 , 0.106751
0.0309901 , 0.108064
0.0333797 , 0.108518
0.0362117 , 0.109054
0.0331339 , 0.108471
0.0264368 , 0.107195
0.0282182 , 0.107536
