0.0600293 , 0.113674
0.057273 , 0.113116
0.0484274 , 0.111379
0.0553312 , 0.112729
0.0507167 , 0.111822
0.0543084 , 0.112526
0.052268 , 0.112125
0.0568411 , 0.11303
0.0563555 , 0.112932
0.057003 , 0.113062
0.0497567 , 0.111636
0.0483744 , 0.111369
0.0540395 , 0.112473
0.0529652 , 0.112261
0.051786 , 0.112031
0.0454698 , 0.110811
0.0505565 , 0.111791
0.0560319 , 0.112868
0.0593804 , 0.113541
0.054147 , 0.112494
0.0495969 , 0.111605
0.0540395 , 0.112473
0.0480032 , 0.111297
0.0497034 , 0.111626
0.0554389 , 0.11275
0.0596507 , 0.113596
0.0463645 , 0.110982
0.051251 , 0.111926
0.0536095 , 0.112388
0.0509303 , 0.111864
0.0525897 , 0.112188
0.0599752 , 0.113663
0.0528579 , 0.11224
0.0562476 , 0.112911
0.0521073 , 0.112093
0.0471035 , 0.111124
0.0459958 , 0.110912
0.0553851 , 0.112739
0.0535021 , 0.112367
0.0531799 , 0.112304
0.0503964 , 0.11176
0.0511441 , 0.111905
0.0517325 , 0.11202
0.0551157 , 0.112686
0.0486929 , 0.11143
0.0510906 , 0.111895
0.057219 , 0.113105
0.0447877 , 0.110681
0.0505565 , 0.111791
0.0557084 , 0.112804
0.0489585 , 0.111481
0.0561937 , 0.1129
0.0530188 , 0.112272
0.0474736 , 0.111195
0.0532872 , 0.112325
0.0471563 , 0.111134
0.0530725 , 0.112283
0.0525361 , 0.112177
0.0540395 , 0.112473
0.0453648 , 0.110791
0.0601374 , 0.113696
0.0523216 , 0.112135
0.0514649 , 0.111968
0.0524824 , 0.112167
0.0467866 , 0.111063
0.051679 , 0.11201
0.0609486 , 0.113862
0.0489585 , 0.111481
0.0505565 , 0.111791
0.0472092 , 0.111144
0.0538782 , 0.112441
0.0522145 , 0.112114
0.0473149 , 0.111165
0.0490117 , 0.111492
0.0591641 , 0.113498
0.0516254 , 0.111999
0.0442119 , 0.110571
0.0498632 , 0.111657
0.0554928 , 0.112761
0.0453123 , 0.110781
0.0498632 , 0.111657
0.0511976 , 0.111916
0.0548465 , 0.112632
0.0525361 , 0.112177
0.0528042 , 0.11223
0.0507167 , 0.111822
0.0552773 , 0.112718
0.0522145 , 0.112114
0.0546312 , 0.11259
0.0536632 , 0.112399
0.0498099 , 0.111646
0.0516254 , 0.111999
0.0509303 , 0.111864
0.053932 , 0.112452
0.0542008 , 0.112505
0.053932 , 0.112452
0.0451023 , 0.110741
0.0533946 , 0.112346
0.0445258 , 0.110631
0.053932 , 0.112452
