0.035811 , 0.108978
0.0483213 , 0.111358
0.0481092 , 0.111318
0.0398113 , 0.109735
0.0384336 , 0.109474
0.0431164 , 0.110362
0.0368651 , 0.109177
0.0420779 , 0.110165
0.0478442 , 0.111267
0.0494372 , 0.111574
0.0428043 , 0.110303
0.0513045 , 0.111937
0.0472092 , 0.111144
0.0423371 , 0.110214
0.0370666 , 0.109216
0.0462064 , 0.110952
0.0491712 , 0.111523
0.0411991 , 0.109998
0.0396065 , 0.109696
0.0457327 , 0.110861
0.0392487 , 0.109628
0.0382811 , 0.109445
0.0413023 , 0.110018
0.0438461 , 0.110501
0.0411476 , 0.109988
0.0449449 , 0.110711
0.0411991 , 0.109998
0.0448401 , 0.110691
0.0411991 , 0.109998
0.0369154 , 0.109187
0.0468922 , 0.111084
0.0380274 , 0.109397
0.0469978 , 0.111104
0.0429083 , 0.110323
0.0414572 , 0.110047
0.0419743 , 0.110145
0.0455224 , 0.110821
0.0381796 , 0.109426
0.0438461 , 0.110501
0.0432726 , 0.110392
0.0353614 , 0.108893
0.0388407 , 0.109551
0.0391977 , 0.109619
0.0504498 , 0.11177
0.0463118 , 0.110972
0.0508769 , 0.111853
0.0362619 , 0.109063
0.0421815 , 0.110184
0.0447353 , 0.110671
0.0477383 , 0.111246
0.0442119 , 0.110571
0.0457853 , 0.110871
0.0433768 , 0.110412
0.0405811 , 0.109881
0.0452073 , 0.110761
0.0493308 , 0.111553
0.0397601 , 0.109725
0.0436374 , 0.110461
0.0454698 , 0.110811
0.048746 , 0.11144
0.037926 , 0.109378
0.0404783 , 0.109861
0.043481 , 0.110432
0.0449974 , 0.110721
0.0473149 , 0.111165
0.0431684 , 0.110372
0.0459958 , 0.110912
0.0497567 , 0.111636
0.0453648 , 0.110791
0.0443688 , 0.110601
0.0402728 , 0.109822
0.0475265 , 0.111205
0.0476324 , 0.111226
0.0414056 , 0.110037
0.0411991 , 0.109998
0.0378753 , 0.109369
0.0490648 , 0.111502
0.0404269 , 0.109852
0.0481622 , 0.111328
0.0424927 , 0.110244
0.0543084 , 0.112526
0.0451023 , 0.110741
0.0440551 , 0.110541
0.046945 , 0.111094
0.0433247 , 0.110402
0.0449449 , 0.110711
0.0433247 , 0.110402
0.0419226 , 0.110135
0.0448401 , 0.110691
0.0396065 , 0.109696
0.0472092 , 0.111144
0.0440551 , 0.110541
0.0432726 , 0.110392
0.0383319 , 0.109455
0.0449974 , 0.110721
0.0370666 , 0.109216
0.0498632 , 0.111657
0.0408899 , 0.109939
0.0475265 , 0.111205
0.0496502 , 0.111615
