0.0171576 , 0.105391
0.0193065 , 0.105815
0.020663 , 0.106081
0.0215481 , 0.106253
0.0224858 , 0.106436
0.0155146 , 0.105064
0.0168183 , 0.105323
0.0176263 , 0.105483
0.020663 , 0.106081
0.0167759 , 0.105315
0.0242046 , 0.106769
0.0223065 , 0.106401
0.0170727 , 0.105374
0.0190028 , 0.105755
0.0217706 , 0.106297
0.0158493 , 0.105131
0.0157655 , 0.105114
0.0165645 , 0.105273
0.0157236 , 0.105106
0.0199168 , 0.105935
0.0150148 , 0.104964
0.0225756 , 0.106453
0.022217 , 0.106384
0.0171151 , 0.105382
0.0211046 , 0.106167
0.0103994 , 0.104031
0.0211046 , 0.106167
0.0156818 , 0.105097
0.0186568 , 0.105687
0.0127583 , 0.10451
0.0199168 , 0.105935
0.0180114 , 0.10556
0.0196112 , 0.105875
0.0158912 , 0.105139
0.0229354 , 0.106523
0.0181402 , 0.105585
0.0212817 , 0.106201
0.0187 , 0.105695
0.0143938 , 0.10484
0.0185274 , 0.105661
0.0205749 , 0.106063
0.0200481 , 0.10596
0.0162693 , 0.105214
0.0221276 , 0.106366
0.0181402 , 0.105585
0.0163536 , 0.105231
0.0134498 , 0.10465
0.0160591 , 0.105172
0.0171151 , 0.105382
0.0219043 , 0.106323
0.0241134 , 0.106751
0.0163957 , 0.105239
0.0154728 , 0.105056
0.0213704 , 0.106219
0.022217 , 0.106384
0.0146417 , 0.104889
0.0190461 , 0.105764
0.0154311 , 0.105047
0.0223065 , 0.106401
0.0218151 , 0.106305
0.0184412 , 0.105644
0.0186136 , 0.105678
0.0165223 , 0.105265
0.0185274 , 0.105661
0.0161011 , 0.105181
0.0201795 , 0.105986
0.0182691 , 0.10561
0.0183981 , 0.105636
0.01564 , 0.105089
0.0152227 , 0.105006
0.0199605 , 0.105943
0.0244785 , 0.106822
0.0172852 , 0.105416
0.022441 , 0.106427
0.0182261 , 0.105602
0.0180972 , 0.105577
0.0209719 , 0.106141
0.0228903 , 0.106514
0.0150148 , 0.104964
0.0196984 , 0.105892
0.0202673 , 0.106003
0.0171151 , 0.105382
0.0177973 , 0.105517
0.0183121 , 0.105619
0.013859 , 0.104732
0.0174556 , 0.10545
0.0140233 , 0.104765
0.0195676 , 0.105866
0.0170727 , 0.105374
0.0172001 , 0.105399
0.0155564 , 0.105072
0.0141878 , 0.104798
0.01564 , 0.105089
0.0172852 , 0.105416
0.016649 , 0.10529
0.0123137 , 0.10442
0.0160171 , 0.105164
0.0186136 , 0.105678
0.009575 , 0.103862
0.0221276 , 0.106366
