0.0022989 , 0.10233
0.00236987 , 0.102345
0.00222801 , 0.102314
0 , 0.10183
0.000205484 , 0.101875
0 , 0.10183
0.00013691 , 0.10186
0.000964977 , 0.102041
0.00180424 , 0.102223
0.0012784 , 0.102109
0.00337138 , 0.102559
0 , 0.10183
0.00183944 , 0.102231
0.000171187 , 0.101868
0.0014532 , 0.102147
0.000860853 , 0.102018
0 , 0.10183
0.000653131 , 0.101973
0.00051504 , 0.101943
0.000549534 , 0.10195
0.000756904 , 0.101996
0.00201578 , 0.102269
0.000274137 , 0.10189
0.00290456 , 0.10246
0 , 0.10183
0.00162848 , 0.102185
0.000756904 , 0.101996
0 , 0.10183
0.000964977 , 0.102041
0.00261887 , 0.102398
0 , 0.10183
0.00103449 , 0.102056
0.000722294 , 0.101988
0.00251204 , 0.102375
0.000791534 , 0.102003
0.000205484 , 0.101875
0.00322741 , 0.102529
0.00110408 , 0.102071
0.00103449 , 0.102056
0.00152325 , 0.102162
0.00051504 , 0.101943
0.000756904 , 0.101996
0.000964977 , 0.102041
0.000722294 , 0.101988
0.00159338 , 0.102177
0.000446112 , 0.101928
0 , 0.10183
0 , 0.10183
0.000687702 , 0.101981
0.00051504 , 0.101943
0.00251204 , 0.102375
0.000584046 , 0.101958
0.0014182 , 0.102139
0.00093025 , 0.102033
0.000653131 , 0.101973
0.00131332 , 0.102117
0.00254763 , 0.102383
3.41979e-05 , 0.101838
0 , 0.10183
0 , 0.10183
0 , 0.10183
0.000826184 , 0.102011
0.00219259 , 0.102307
0.0012435 , 0.102102
0.00190992 , 0.102246
0.00173387 , 0.102208
0.00508527 , 0.102923
0.00190992 , 0.102246
0 , 0.10183
0 , 0.10183
0.000860853 , 0.102018
0.000239801 , 0.101883
0 , 0.10183
0 , 0.10183
0.00103449 , 0.102056
0.0014532 , 0.102147
0.00194519 , 0.102253
0.000826184 , 0.102011
0 , 0.10183
0.000377263 , 0.101913
0.00106928 , 0.102064
0.000342868 , 0.101905
0.000860853 , 0.102018
0.00138322 , 0.102132
0.00148821 , 0.102155
0.0012784 , 0.102109
0.0014532 , 0.102147
0.00198047 , 0.102261
0 , 0.10183
0.000308492 , 0.101898
0.000205484 , 0.101875
0.00117375 , 0.102086
0 , 0.10183
0.000999724 , 0.102049
0.00051504 , 0.101943
0.000653131 , 0.101973
0.00152325 , 0.102162
0.000895542 , 0.102026
0.0014182 , 0.102139
0.000791534 , 0.102003
