0.0910753 , 0.121334
0.0894248 , 0.120814
0.083168 , 0.119
0.08579 , 0.119731
0.0862119 , 0.119853
0.0843214 , 0.119317
0.0905436 , 0.121165
0.0783656 , 0.117751
0.0803725 , 0.11826
0.0735737 , 0.116601
0.0853189 , 0.119597
0.0853189 , 0.119597
0.0847502 , 0.119437
0.0840344 , 0.119237
0.0837465 , 0.119158
0.0844169 , 0.119344
0.088428 , 0.120508
0.088701 , 0.120591
0.085177 , 0.119557
0.0834095 , 0.119066
0.082196 , 0.118738
0.0938569 , 0.122256
0.0815098 , 0.118556
0.0847977 , 0.11945
0.084178 , 0.119277
0.0923034 , 0.121734
0.084178 , 0.119277
0.0805712 , 0.118311
0.0885191 , 0.120536
0.0814606 , 0.118544
0.0859777 , 0.119785
0.0803725 , 0.11826
0.0811156 , 0.118453
0.0830712 , 0.118974
0.0808685 , 0.118389
0.0752405 , 0.116992
0.0865852 , 0.119961
0.0840344 , 0.119237
0.0853189 , 0.119597
0.0869105 , 0.120056
0.0790721 , 0.117929
0.0867248 , 0.120002
0.0826832 , 0.118869
0.0789714 , 0.117903
0.0810663 , 0.11844
0.0828289 , 0.118908
0.0902318 , 0.121066
0.0847977 , 0.11945
0.0828289 , 0.118908
0.0863987 , 0.119907
0.0842736 , 0.119304
0.0844646 , 0.119357
0.0838425 , 0.119184
0.0868177 , 0.120029
0.0848452 , 0.119463
0.0855547 , 0.119664
0.079574 , 0.118056
0.0886555 , 0.120578
0.0870496 , 0.120097
0.0841301 , 0.119264
0.090321 , 0.121094
0.0809674 , 0.118414
0.0811156 , 0.118453
0.0866783 , 0.119988
0.081559 , 0.118569
0.078163 , 0.117701
0.091428 , 0.121448
0.0788202 , 0.117865
0.0828774 , 0.118921
0.0876036 , 0.120261
0.0855076 , 0.119651
0.0838425 , 0.119184
0.0906768 , 0.121207
0.0764788 , 0.117288
0.0862586 , 0.119866
0.0891089 , 0.120716
0.0838425 , 0.119184
0.0862119 , 0.119853
0.0840344 , 0.119237
0.0827318 , 0.118882
0.0853189 , 0.119597
0.0813622 , 0.118518
0.0809674 , 0.118414
0.0872347 , 0.120152
0.0833129 , 0.119039
0.0849402 , 0.11949
0.0806704 , 0.118337
0.0807199 , 0.11835
0.0948351 , 0.122595
0.0852243 , 0.11957
0.0822448 , 0.118751
0.0748255 , 0.116894
0.0812143 , 0.118479
0.093557 , 0.122154
0.0880626 , 0.120398
0.0883368 , 0.120481
0.0798741 , 0.118132
0.0818535 , 0.118647
0.0812143 , 0.118479
0.0860246 , 0.119799
