0.0747265 , 0.116869
0.0788749 , 0.117878
0.0798282 , 0.118119
0.0746746 , 0.116857
0.075349 , 0.117016
0.0747265 , 0.116869
0.0748824 , 0.116906
0.0813167 , 0.118505
0.068065 , 0.115363
0.0690812 , 0.115586
0.0731598 , 0.116504
0.0765348 , 0.117301
0.0723712 , 0.116323
0.0744144 , 0.116796
0.07674 , 0.117351
0.0734743 , 0.116576
0.0728448 , 0.116431
0.0767912 , 0.117363
0.0743623 , 0.116783
0.0699344 , 0.115774
0.0730548 , 0.116479
0.0707318 , 0.115952
0.0818572 , 0.118647
0.0798782 , 0.118132
0.0694015 , 0.115656
0.0752973 , 0.117004
0.0778628 , 0.117626
0.0697214 , 0.115727
0.0768937 , 0.117388
0.073945 , 0.116686
0.0747785 , 0.116881
0.0761235 , 0.117202
0.0745705 , 0.116832
0.073945 , 0.116686
0.0741016 , 0.116722
0.0731598 , 0.116504
0.0692414 , 0.115621
0.0739972 , 0.116698
0.0682256 , 0.115398
0.0759689 , 0.117164
0.0700409 , 0.115798
0.0768425 , 0.117375
0.0705194 , 0.115904
0.0691346 , 0.115597
0.0769449 , 0.1174
0.075349 , 0.117016
0.075556 , 0.117066
0.0805751 , 0.118311
0.0692948 , 0.115633
0.0777612 , 0.1176
0.07509 , 0.116955
0.075556 , 0.117066
0.073579 , 0.116601
0.0706788 , 0.11594
0.071315 , 0.116083
0.0794779 , 0.11803
0.0746746 , 0.116857
0.0680114 , 0.115352
0.0764835 , 0.117288
0.0716324 , 0.116155
0.0752455 , 0.116992
0.0754525 , 0.117041
0.0792773 , 0.117979
0.0762779 , 0.117239
0.0716324 , 0.116155
0.0672069 , 0.115177
0.0749343 , 0.116918
0.0769449 , 0.1174
0.0662932 , 0.114981
0.0787236 , 0.11784
0.0755042 , 0.117053
0.0725292 , 0.116359
0.0715795 , 0.116143
0.0786227 , 0.117815
0.0711031 , 0.116035
0.0814644 , 0.118544
0.0779644 , 0.117651
0.0687072 , 0.115504
0.071315 , 0.116083
0.0685467 , 0.115468
0.0711561 , 0.116047
0.073579 , 0.116601
0.075349 , 0.117016
0.0772516 , 0.117475
0.0733171 , 0.11654
0.061165 , 0.113906
0.0694015 , 0.115656
0.0821508 , 0.118725
0.067797 , 0.115305
0.0734743 , 0.116576
0.0793776 , 0.118005
0.0723185 , 0.116311
0.0738928 , 0.116674
0.0809713 , 0.118414
0.0680114 , 0.115352
0.0689744 , 0.115562
0.0738405 , 0.116661
0.0700941 , 0.11581
0.0773537 , 0.1175
0.0764835 , 0.117288
