0.0976275 , 0.123603
0.0957627 , 0.122922
0.1001 , 0.12455
0.0964716 , 0.123177
0.0933012 , 0.122067
0.099336 , 0.124252
0.0949639 , 0.122639
0.0988103 , 0.124049
0.0936877 , 0.122198
0.0972163 , 0.12345
0.0964716 , 0.123177
0.0950061 , 0.122654
0.0984854 , 0.123925
0.0936449 , 0.122183
0.0917815 , 0.121562
0.0933443 , 0.122081
0.0995375 , 0.12433
0.101413 , 0.125076
0.0940725 , 0.12233
0.0975043 , 0.123557
0.0930858 , 0.121994
0.102712 , 0.12561
0.099336 , 0.124252
0.0950061 , 0.122654
0.096097 , 0.123042
0.0891115 , 0.120716
0.0926966 , 0.121864
0.0933012 , 0.122067
0.0987292 , 0.124018
0.0934303 , 0.12211
0.0987292 , 0.124018
0.0958046 , 0.122937
0.0942856 , 0.122403
0.0981595 , 0.123802
0.0921313 , 0.121677
0.0967205 , 0.123268
0.0944131 , 0.122447
0.0980778 , 0.123771
0.0930426 , 0.12198
0.0943706 , 0.122432
0.0960553 , 0.123027
0.0978734 , 0.123694
0.0950905 , 0.122684
0.0963469 , 0.123132
0.0948794 , 0.12261
0.09165 , 0.121519
0.0933443 , 0.122081
0.0869135 , 0.120056
0.0953431 , 0.122773
0.0949639 , 0.122639
0.0961387 , 0.123057
0.10018 , 0.124582
0.101966 , 0.125301
0.0963885 , 0.123147
0.0992957 , 0.124236
0.0950061 , 0.122654
0.0953011 , 0.122758
0.0997386 , 0.124409
0.0988914 , 0.12408
0.0943281 , 0.122418
0.0920877 , 0.121662
0.0925665 , 0.121821
0.0930858 , 0.121994
0.0998992 , 0.124471
0.0955532 , 0.122847
0.0975454 , 0.123572
0.0984447 , 0.12391
0.0917815 , 0.121562
0.0999794 , 0.124503
0.0957627 , 0.122922
0.0948794 , 0.12261
0.0996984 , 0.124393
0.104538 , 0.126389
0.0965131 , 0.123192
0.0987698 , 0.124034
0.0973398 , 0.123496
0.0982818 , 0.123848
0.0982003 , 0.123817
0.0975865 , 0.123587
0.0983226 , 0.123864
0.0971751 , 0.123435
0.093602 , 0.122169
0.0943281 , 0.122418
0.0964716 , 0.123177
0.0965961 , 0.123223
0.0920877 , 0.121662
0.0951326 , 0.122698
0.0958046 , 0.122937
0.101611 , 0.125156
0.0981187 , 0.123787
0.0967205 , 0.123268
0.0967205 , 0.123268
0.101887 , 0.125269
0.0933012 , 0.122067
0.0920877 , 0.121662
0.0985261 , 0.123941
0.0986074 , 0.123972
0.0908123 , 0.121249
0.0979552 , 0.123725
0.0972163 , 0.12345
