0.105078 , 0.126624
0.108918 , 0.128382
0.107899 , 0.127902
0.106189 , 0.127119
0.105078 , 0.126624
0.101175 , 0.124979
0.107293 , 0.127621
0.106189 , 0.127119
0.10228 , 0.125431
0.104307 , 0.126288
0.104731 , 0.126473
0.109558 , 0.128688
0.109219 , 0.128526
0.106151 , 0.127101
0.101492 , 0.125108
0.111504 , 0.129645
0.108956 , 0.1284
0.104461 , 0.126355
0.103297 , 0.125856
0.105922 , 0.126999
0.105001 , 0.126591
0.104885 , 0.12654
0.106342 , 0.127187
0.101571 , 0.12514
0.102555 , 0.125545
0.108918 , 0.128382
0.108466 , 0.128168
0.104307 , 0.126288
0.110345 , 0.129071
0.0996984 , 0.124393
0.10937 , 0.128598
0.106304 , 0.12717
0.108956 , 0.1284
0.105883 , 0.126981
0.108579 , 0.128221
0.109295 , 0.128562
0.106494 , 0.127256
0.105922 , 0.126999
0.11027 , 0.129034
0.107521 , 0.127726
0.100738 , 0.124804
0.10937 , 0.128598
0.105308 , 0.126726
0.105193 , 0.126675
0.108504 , 0.128186
0.109182 , 0.128508
0.105922 , 0.126999
0.110195 , 0.128998
0.108504 , 0.128186
0.106533 , 0.127274
0.104113 , 0.126205
0.103764 , 0.126055
0.104152 , 0.126221
0.107331 , 0.127639
0.103024 , 0.125741
0.109257 , 0.128544
0.107786 , 0.127849
0.101926 , 0.125285
0.107331 , 0.127639
0.113292 , 0.130556
0.104924 , 0.126557
0.104616 , 0.126422
0.102437 , 0.125496
0.110944 , 0.129366
0.108692 , 0.128275
0.108051 , 0.127973
0.109558 , 0.128688
0.0992149 , 0.124205
0.105769 , 0.12693
0.110794 , 0.129292
0.104307 , 0.126288
0.110008 , 0.128907
0.108504 , 0.128186
0.103609 , 0.125989
0.110607 , 0.1292
0.108088 , 0.12799
0.10169 , 0.125188
0.10573 , 0.126913
0.10952 , 0.12867
0.10232 , 0.125447
0.105769 , 0.12693
0.107217 , 0.127586
0.104693 , 0.126456
0.105577 , 0.126845
0.10824 , 0.128061
0.111018 , 0.129403
0.112398 , 0.130097
0.111765 , 0.129776
0.10477 , 0.126489
0.107824 , 0.127867
0.105347 , 0.126743
0.107521 , 0.127726
0.105654 , 0.126879
0.107027 , 0.127499
0.109595 , 0.128707
0.105462 , 0.126794
0.105615 , 0.126862
0.107217 , 0.127586
0.112361 , 0.130078
0.109783 , 0.128797
