0.159298 , 0.163267
0.170511 , 0.173173
0.162412 , 0.165968
0.174585 , 0.17688
0.167441 , 0.170414
0.171912 , 0.174442
0.173075 , 0.1755
0.175629 , 0.177839
0.165635 , 0.168806
0.170147 , 0.172844
0.16422 , 0.167555
0.170879 , 0.173506
0.172199 , 0.174703
0.169075 , 0.171878
0.167273 , 0.170264
0.166282 , 0.169381
0.166527 , 0.169599
0.167949 , 0.170868
0.169163 , 0.171957
0.166282 , 0.169381
0.169163 , 0.171957
0.164066 , 0.16742
0.168638 , 0.171486
0.170879 , 0.173506
0.165079 , 0.168313
0.172392 , 0.174878
0.166282 , 0.169381
0.169696 , 0.172437
0.176164 , 0.178331
0.160193 , 0.164039
0.170787 , 0.173422
0.180533 , 0.182378
0.169966 , 0.17268
0.167441 , 0.170414
0.161827 , 0.165458
0.173272 , 0.17568
0.172295 , 0.17479
0.168465 , 0.17133
0.172103 , 0.174616
0.17278 , 0.175232
0.165 , 0.168244
0.173173 , 0.17559
0.163913 , 0.167285
0.169252 , 0.172037
0.161972 , 0.165584
0.163913 , 0.167285
0.163684 , 0.167083
0.16453 , 0.167829
0.167949 , 0.170868
0.165396 , 0.168594
0.177483 , 0.179547
0.169696 , 0.172437
0.16761 , 0.170564
0.171533 , 0.174098
0.170056 , 0.172762
0.175103 , 0.177355
0.177595 , 0.179651
0.168725 , 0.171564
0.179804 , 0.181699
0.164143 , 0.167487
0.16161 , 0.165269
0.165237 , 0.168453
0.161972 , 0.165584
0.172199 , 0.174703
0.176164 , 0.178331
0.166692 , 0.169745
0.175949 , 0.178133
0.169429 , 0.172196
0.165 , 0.168244
0.17638 , 0.17853
0.171252 , 0.173843
0.158025 , 0.162175
0.163913 , 0.167285
0.175736 , 0.177937
0.173173 , 0.17559
0.171722 , 0.174269
0.163608 , 0.167016
0.176927 , 0.179034
0.173173 , 0.17559
0.171158 , 0.173758
0.164375 , 0.167692
0.157828 , 0.162006
0.16719 , 0.170189
0.164686 , 0.167966
0.165316 , 0.168524
0.16453 , 0.167829
0.167864 , 0.170792
0.172489 , 0.174966
0.17278 , 0.175232
0.174999 , 0.17726
0.174999 , 0.17726
0.163532 , 0.16695
0.167273 , 0.170264
0.169429 , 0.172196
0.165716 , 0.168878
0.167864 , 0.170792
0.167779 , 0.170716
0.16812 , 0.171021
0.171252 , 0.173843
0.173771 , 0.176136
