0.167023 , 0.17004
0.15009 , 0.155547
0.161323 , 0.165018
0.15584 , 0.160317
0.157566 , 0.161782
0.162192 , 0.165775
0.159503 , 0.163443
0.152465 , 0.157496
0.16694 , 0.169966
0.162338 , 0.165904
0.158623 , 0.162687
0.152176 , 0.157257
0.155279 , 0.159845
0.161973 , 0.165584
0.16323 , 0.166685
0.158356 , 0.162458
0.158623 , 0.162687
0.160333 , 0.16416
0.165396 , 0.168594
0.160333 , 0.16416
0.159847 , 0.16374
0.150924 , 0.156228
0.153285 , 0.158176
0.15376 , 0.158572
0.151262 , 0.156505
0.153285 , 0.158176
0.156854 , 0.161177
0.155714 , 0.160212
0.15406 , 0.158822
0.160684 , 0.164463
0.156344 , 0.160744
0.158758 , 0.162802
0.161037 , 0.16477
0.155465 , 0.160002
0.15829 , 0.162401
0.15376 , 0.158572
0.155527 , 0.160054
0.159778 , 0.16368
0.167694 , 0.17064
0.165237 , 0.168453
0.161323 , 0.165018
0.15679 , 0.161122
0.160754 , 0.164525
0.15628 , 0.16069
0.164143 , 0.167487
0.154604 , 0.159278
0.159503 , 0.163443
0.155902 , 0.16037
0.16399 , 0.167352
0.158356 , 0.162458
0.154483 , 0.159176
0.158157 , 0.162288
0.160473 , 0.164281
0.157306 , 0.161561
0.168292 , 0.171175
0.16453 , 0.167829
0.15406 , 0.158822
0.15584 , 0.160317
0.152465 , 0.157496
0.154301 , 0.159024
0.154241 , 0.158973
0.161466 , 0.165143
0.165158 , 0.168383
0.153522 , 0.158373
0.157566 , 0.161782
0.155279 , 0.159845
0.165396 , 0.168594
0.156344 , 0.160744
0.155033 , 0.159638
0.153403 , 0.158275
0.161109 , 0.164832
0.159572 , 0.163502
0.158557 , 0.16263
0.152639 , 0.157641
0.166774 , 0.169819
0.154301 , 0.159024
0.156598 , 0.160959
0.168465 , 0.17133
0.1619 , 0.165521
0.154787 , 0.159432
0.159027 , 0.163034
0.155094 , 0.159689
0.15376 , 0.158572
0.171628 , 0.174184
0.15394 , 0.158722
0.152639 , 0.157641
0.171533 , 0.174098
0.152176 , 0.157257
0.155403 , 0.159949
0.158356 , 0.162458
0.160263 , 0.164099
0.15869 , 0.162744
0.163305 , 0.166751
0.152118 , 0.15721
0.160613 , 0.164402
0.15964 , 0.163561
0.159231 , 0.163208
0.156918 , 0.161231
0.167357 , 0.170339
0.158825 , 0.16286
