1 , 1
0.318702 , 0.318708
0.269756 , 0.269809
1 , 1
1 , 1
0.302771 , 0.302783
0.293277 , 0.293296
1 , 1
1 , 1
1 , 1
1 , 1
0.286461 , 0.286487
1 , 1
1 , 1
0.257808 , 0.257896
0.318702 , 0.318708
0.276739 , 0.276778
0.255966 , 0.256061
0.261943 , 0.262017
0.302771 , 0.302783
1 , 1
0.302771 , 0.302783
0.318702 , 0.318708
1 , 1
0.293277 , 0.293296
0.293277 , 0.293296
0.302771 , 0.302783
0.293277 , 0.293296
1 , 1
1 , 1
0.318702 , 0.318708
0.276739 , 0.276778
0.273006 , 0.273052
0.318702 , 0.318708
0.252633 , 0.252742
1 , 1
1 , 1
0.318702 , 0.318708
0.302771 , 0.302783
1 , 1
0.273006 , 0.273052
0.302771 , 0.302783
0.286461 , 0.286487
0.318702 , 0.318708
0.293277 , 0.293296
0.273006 , 0.273052
0.276739 , 0.276778
0.276739 , 0.276778
0.276739 , 0.276778
0.281127 , 0.28116
0.318702 , 0.318708
1 , 1
0.286461 , 0.286487
1 , 1
0.259793 , 0.259873
0.281127 , 0.28116
0.273006 , 0.273052
1 , 1
0.302771 , 0.302783
0.293277 , 0.293296
0.318702 , 0.318708
1 , 1
0.266877 , 0.266937
1 , 1
1 , 1
0.293277 , 0.293296
1 , 1
1 , 1
0.302771 , 0.302783
0.286461 , 0.286487
1 , 1
0.281127 , 0.28116
0.302771 , 0.302783
1 , 1
0.266877 , 0.266937
1 , 1
1 , 1
0.318702 , 0.318708
0.248319 , 0.248449
0.255966 , 0.256061
0.276739 , 0.276778
0.276739 , 0.276778
0.286461 , 0.286487
0.254246 , 0.254348
1 , 1
1 , 1
0.273006 , 0.273052
1 , 1
0.286461 , 0.286487
0.286461 , 0.286487
1 , 1
0.318702 , 0.318708
0.273006 , 0.273052
0.302771 , 0.302783
0.257808 , 0.257896
0.281127 , 0.28116
0.276739 , 0.276778
0.293277 , 0.293296
1 , 1
1 , 1
