0.21736 , 0.217812
0.24137 , 0.241542
0.244616 , 0.244767
0.232743 , 0.232988
0.212356 , 0.212905
0.209345 , 0.209963
0.232743 , 0.232988
0.220477 , 0.220877
0.222429 , 0.222799
0.22453 , 0.22487
0.243489 , 0.243647
0.23671 , 0.236919
0.223459 , 0.223814
0.230616 , 0.230882
0.228643 , 0.228932
0.228643 , 0.228932
0.22453 , 0.22487
0.225643 , 0.225969
0.232015 , 0.232267
0.24968 , 0.249802
0.243489 , 0.243647
0.214939 , 0.215436
0.228643 , 0.228932
0.237579 , 0.237781
0.223459 , 0.223814
0.215329 , 0.215818
0.205768 , 0.206478
0.221436 , 0.22182
0.228016 , 0.228312
0.228643 , 0.228932
0.230616 , 0.230882
0.239407 , 0.239594
0.202836 , 0.203631
0.238478 , 0.238672
0.238478 , 0.238672
0.230616 , 0.230882
0.247026 , 0.247163
0.228016 , 0.228312
0.237579 , 0.237781
0.238478 , 0.238672
0.223989 , 0.224337
0.218654 , 0.219083
0.24968 , 0.249802
0.218216 , 0.218652
0.230616 , 0.230882
0.226218 , 0.226535
0.232015 , 0.232267
0.22453 , 0.22487
0.24968 , 0.249802
0.228643 , 0.228932
0.247026 , 0.247163
0.242408 , 0.242574
0.238478 , 0.238672
0.226804 , 0.227115
0.202584 , 0.203387
0.222429 , 0.222799
0.242408 , 0.242574
0.233491 , 0.233729
0.228643 , 0.228932
0.22294 , 0.223302
0.216124 , 0.216598
0.218654 , 0.219083
0.244616 , 0.244767
0.227404 , 0.227707
0.232015 , 0.232267
0.232015 , 0.232267
0.225643 , 0.225969
0.22001 , 0.220417
0.21955 , 0.219965
0.226218 , 0.226535
0.225643 , 0.225969
0.219098 , 0.21952
0.237579 , 0.237781
0.226804 , 0.227115
0.218654 , 0.219083
0.24037 , 0.24055
0.242408 , 0.242574
0.213803 , 0.214322
0.255966 , 0.256061
0.227404 , 0.227707
0.229285 , 0.229566
0.238478 , 0.238672
0.245794 , 0.245938
0.238478 , 0.238672
0.254246 , 0.254348
0.235869 , 0.236084
0.218216 , 0.218652
0.220477 , 0.220877
0.221436 , 0.22182
0.239407 , 0.239594
0.226804 , 0.227115
0.255966 , 0.256061
0.229285 , 0.229566
0.229942 , 0.230216
0.22294 , 0.223302
0.230616 , 0.230882
0.228016 , 0.228312
0.229942 , 0.230216
0.229942 , 0.230216
0.252633 , 0.252742
