0.0197938, 0.0198129
0.0209197
0.0187575
0.0207463
0.022633
0.018523
0.019961
0.0153205
0.0234795
0.0211033
0.0181354
0.0183496
0.0195633
0.0221333
0.0162282
0.018523
0.0153613
0.016728
0.0182578
0.0183292
0.0210115
0.0182476
0.0198998
0.0200834
0.0194715
0.0193491
0.0241526
0.0176255
0.0198896
0.0229084
0.0191757
0.0216744
0.0189819
0.0202058
0.0195837
0.0225311
0.016014
0.0171767
0.0208891
0.0222965
0.018727
0.0204913
0.0206953
0.0224087
0.0222149
0.0163608
0.019757
0.0237549
0.0195735
0.0192369
0.0229594
0.0156468
0.023092
0.0180742
0.0182578
0.0217254
0.0175745
0.0190023
0.0164118
0.0190839
0.0210217
0.0188901
0.0237957
0.0193695
0.0199406
0.0196041
0.0177479
0.0155347
0.0215112
0.0182884
0.0184312
0.0196244
0.0176255
0.0204301
0.0234999
0.0206545
0.0219395
0.0181252
0.0238161
0.0184516
0.0175031
0.0200324
0.0190431
0.0178702
0.0198182
0.0190533
0.0223577
0.0215112
0.021756
0.0213276
0.019655
0.0205627
0.0210523
0.0204505
0.0202874
0.0228268
0.0205627
0.0198794
0.0196754
0.020369
0.0205321
