0.814983, 0.815408
0.81613
0.823465
0.808339
0.829321
0.807282
0.808712
0.814872
0.818404
0.818746
0.809567
0.819078
0.811188
0.817267
0.822751
0.811218
0.812527
0.799692
0.812315
0.817699
0.813362
0.817991
0.818414
0.814258
0.81786
0.814741
0.819762
0.812174
0.80995
0.814137
0.809507
0.819118
0.820145
0.81935
0.820678
0.815858
0.810212
0.810876
0.814227
0.808561
0.819591
0.809739
0.823244
0.816955
0.815546
0.824029
0.809416
0.813785
0.805058
0.821101
0.815314
0.819793
0.819048
0.815979
0.812889
0.817569
0.818605
0.818676
0.817377
0.812738
0.799652
0.819038
0.820577
0.818776
0.809356
0.813312
0.818605
0.81311
0.817488
0.811399
0.814781
0.814137
0.814016
0.814358
0.812657
0.813805
0.822026
0.809879
0.818434
0.818354
0.82093
0.816381
0.814479
0.813382
0.8226
0.818293
0.811379
0.811711
0.815807
0.804927
0.819209
0.811258
0.810896
0.809547
0.810997
0.81462
0.808903
0.813926
0.818686
0.813
0.817528
