0.715582, 0.716044
0.708388
0.715966
0.720001
0.719709
0.71758
0.716985
0.711829
0.716289
0.717106
0.713958
0.713151
0.713776
0.711012
0.724289
0.724137
0.712101
0.720859
0.711223
0.707793
0.713171
0.711536
0.725428
0.70754
0.716309
0.717045
0.721141
0.715401
0.718982
0.711153
0.718135
0.706995
0.710325
0.714281
0.71877
0.716248
0.71759
0.722463
0.716743
0.718841
0.723582
0.71875
0.704785
0.723542
0.714351
0.723078
0.72327
0.709337
0.717903
0.710023
0.714008
0.720264
0.709125
0.723875
0.710346
0.719366
0.721948
0.72563
0.720334
0.718296
0.709982
0.717429
0.727557
0.712949
0.71871
0.715199
0.711879
0.708449
0.715905
0.719426
0.719396
0.709316
0.71536
0.70527
0.71303
0.712777
0.731268
0.714533
0.71873
0.727506
0.707772
0.705805
0.71533
0.719033
0.722937
0.717822
0.723522
0.706905
0.710214
0.711637
0.713403
0.70858
0.710547
0.722453
0.723875
0.710911
0.714351
0.709266
0.714543
0.711062
0.715017
