0.77034, 0.770789
0.763197
0.780175
0.771631
0.759095
0.765303
0.769858
0.766281
0.771198
0.761565
0.770866
0.770231
0.76874
0.770049
0.766291
0.769858
0.770009
0.764749
0.775571
0.773193
0.77411
0.779228
0.778875
0.777243
0.767309
0.767369
0.772488
0.765535
0.773787
0.759962
0.769002
0.773918
0.77282
0.773636
0.768387
0.76748
0.771329
0.774896
0.773546
0.761585
0.774855
0.771944
0.773828
0.764114
0.777122
0.765727
0.770704
0.766623
0.772246
0.775369
0.767349
0.777485
0.772609
0.773526
0.764306
0.770422
0.759267
0.7755
0.765082
0.772236
0.773576
0.76877
0.773153
0.768548
0.771228
0.769677
0.768568
0.766301
0.762018
0.775127
0.767651
0.776608
0.778119
0.773465
0.758884
0.764286
0.77677
0.768316
0.767843
0.766533
0.773818
0.769082
0.780104
0.768709
0.775087
0.771853
0.767067
0.780386
0.774916
0.766089
0.761766
0.769012
0.775087
0.76616
0.767802
0.775148
0.771279
0.773354
0.769324
0.767037
0.776185
