0.198278, 0.198475
0.199932
0.19299
0.201804
0.209193
0.197428
0.205519
0.191738
0.197906
0.200003
0.20101
0.201886
0.187707
0.195128
0.196909
0.194965
0.199087
0.190954
0.200288
0.199738
0.19698
0.203341
0.209854
0.189672
0.202822
0.206516
0.198415
0.203402
0.201509
0.190985
0.198049
0.200664
0.20557
0.210404
0.193692
0.194802
0.188857
0.193214
0.198079
0.201061
0.19583
0.190445
0.19414
0.197957
0.196481
0.205875
0.20501
0.193591
0.199565
0.204379
0.205906
0.193723
0.196115
0.205621
0.19867
0.193692
0.200776
0.197642
0.195586
0.195789
0.192848
0.204654
0.212236
0.192868
0.198955
0.20327
0.197581
0.192573
0.199769
0.193194
0.193764
0.18504
0.20961
0.202761
0.207819
0.198303
0.203107
0.188959
0.205489
0.199687
0.191677
0.197998
0.19867
0.200105
0.199616
0.208409
0.197621
0.196654
0.197672
0.192023
0.203708
0.195525
0.198639
0.200899
0.197479
0.186028
0.200807
0.19696
0.19582
0.19414
0.206313
