0.923921, 0.924212
0.924592
0.921724
0.921272
0.926699
0.922306
0.921393
0.923449
0.925375
0.923038
0.924934
0.92369
0.923509
0.924542
0.920881
0.921563
0.925906
0.924031
0.93083
0.92724
0.9271
0.923068
0.925876
0.927882
0.922165
0.924432
0.922807
0.927651
0.926849
0.925997
0.919045
0.927752
0.924332
0.922175
0.922647
0.926639
0.922286
0.920901
0.9238
0.919948
0.918764
0.924011
0.932425
0.923118
0.922586
0.92722
0.922847
0.921523
0.925846
0.921824
0.926578
0.928343
0.925114
0.93053
0.923018
0.920721
0.928133
0.927351
0.923359
0.919998
0.919968
0.924532
0.92724
0.925044
0.921965
0.924051
0.918474
0.930941
0.927712
0.92388
0.926398
0.923158
0.923379
0.925485
0.924171
0.923349
0.922627
0.925174
0.927341
0.924221
0.924292
0.923038
0.925355
0.921383
0.928083
0.9273
0.924783
0.928183
0.92059
0.926147
0.922566
0.923329
0.92371
0.924994
0.931262
0.922255
0.924552
0.920891
0.928013
0.92706
0.922657
