0.96998, 0.970146
0.971803
0.970821
0.96995
0.966025
0.972894
0.96936
0.970651
0.971362
0.96967
0.969309
0.965084
0.974175
0.966406
0.971102
0.966135
0.969229
0.96965
0.969089
0.967828
0.968398
0.973144
0.970341
0.970481
0.970882
0.9699
0.971402
0.971773
0.968448
0.969229
0.971703
0.967697
0.971212
0.97004
0.970361
0.970631
0.968929
0.972383
0.96952
0.970982
0.972033
0.972874
0.96964
0.967727
0.971853
0.968609
0.968488
0.967948
0.973294
0.971993
0.970311
0.967056
0.970952
0.970992
0.968609
0.968669
0.970491
0.972714
0.972273
0.971172
0.972704
0.970821
0.970161
0.967687
0.968679
0.96982
0.96948
0.970681
0.970912
0.972554
0.970381
0.970882
0.971112
0.96999
0.970361
0.970161
0.968979
0.96975
0.96964
0.967918
0.97002
0.96966
0.969229
0.968328
0.96946
0.968949
0.971372
0.971032
0.971853
0.967056
0.970631
0.96948
0.969059
0.969029
0.970882
0.970261
0.966406
0.968428
0.96966
0.96947
0.970291
