0.961968, 0.962162
0.960076
0.964573
0.963241
0.959505
0.957251
0.958393
0.96242
0.96268
0.96287
0.96246
0.964493
0.963591
0.962239
0.960136
0.962039
0.960096
0.964533
0.964713
0.961137
0.961819
0.961308
0.964913
0.962139
0.958543
0.966536
0.964122
0.960196
0.96269
0.959314
0.964302
0.961137
0.96245
0.96275
0.960567
0.961218
0.963902
0.961799
0.96261
0.964613
0.962329
0.961899
0.962399
0.957922
0.966205
0.964433
0.960156
0.96272
0.959124
0.963661
0.96279
0.966686
0.962299
0.965374
0.964012
0.961959
0.964733
0.961418
0.959184
0.96263
0.965284
0.962359
0.9629
0.961748
0.963261
0.965574
0.965184
0.961979
0.963692
0.963411
0.960847
0.960827
0.960446
0.961638
0.957672
0.962329
0.963301
0.96273
0.96277
0.959044
0.959054
0.963391
0.963772
0.96282
0.960346
0.958012
0.96247
0.96297
0.960296
0.965524
0.962349
0.966486
0.959164
0.960226
0.960717
0.962269
0.961178
0.962289
0.962259
0.962289
0.961849
