0.90464, 0.904966
0.90311
0.902097
0.90578
0.907406
0.902107
0.901544
0.904506
0.904666
0.906131
0.904626
0.904455
0.90581
0.902779
0.902819
0.903532
0.90569
0.902518
0.90568
0.904827
0.902147
0.911019
0.90308
0.901023
0.911982
0.904726
0.902036
0.905459
0.903291
0.904817
0.904596
0.909714
0.90856
0.902097
0.909473
0.901273
0.903883
0.903743
0.905519
0.906934
0.900892
0.905509
0.904887
0.906914
0.906242
0.90857
0.902548
0.904184
0.906814
0.909534
0.903281
0.905318
0.903512
0.906011
0.906433
0.910417
0.905178
0.902639
0.901193
0.903943
0.907597
0.902227
0.9031
0.907988
0.901283
0.901173
0.902066
0.908129
0.906473
0.901324
0.90313
0.90569
0.901555
0.909022
0.904405
0.902428
0.904787
0.910417
0.902498
0.903733
0.908149
0.906974
0.902478
0.90565
0.903733
0.906734
0.910637
0.907085
0.901012
0.906332
0.905017
0.904626
0.908741
0.902859
0.898141
0.90027
0.906944
0.906081
0.902227
0.903612
0.906804
