0.985488, 0.985589
0.987016
0.985745
0.986106
0.985445
0.986806
0.987467
0.985495
0.985796
0.984325
0.985535
0.988567
0.985575
0.982503
0.985796
0.985555
0.985705
0.985075
0.985986
0.985595
0.985776
0.986326
0.987557
0.984134
0.985665
0.986046
0.986656
0.985395
0.987066
0.985816
0.986286
0.985305
0.987527
0.984575
0.985856
0.984415
0.984064
0.983394
0.984795
0.985345
0.985075
0.985295
0.985455
0.984775
0.984795
0.985135
0.985135
0.984955
0.984495
0.983794
0.987166
0.986176
0.985515
0.987196
0.984355
0.984655
0.984345
0.983574
0.984895
0.985946
0.984715
0.986176
0.984164
0.985876
0.985765
0.984805
0.986616
0.986286
0.984795
0.986716
0.986346
0.985145
0.988447
0.985135
0.983604
0.985475
0.984675
0.985625
0.986466
0.986726
0.985425
0.985415
0.984475
0.985035
0.984765
0.985045
0.986736
0.986216
0.985535
0.984375
0.987126
0.984835
0.985525
0.985245
0.986316
0.986966
0.983884
0.987507
0.987246
0.986496
0.984244
