0.880773, 0.881134
0.881452
0.879443
0.880418
0.877906
0.881462
0.879212
0.885068
0.881764
0.884827
0.878861
0.879423
0.877113
0.879232
0.879102
0.885791
0.883401
0.878137
0.873938
0.882226
0.878901
0.879875
0.881904
0.882426
0.87647
0.885992
0.880106
0.881382
0.879554
0.886253
0.880789
0.890149
0.878861
0.885871
0.881191
0.877414
0.880227
0.885922
0.882065
0.882738
0.881764
0.875475
0.880819
0.874481
0.877103
0.884967
0.879031
0.88561
0.88324
0.874782
0.879574
0.882246
0.888091
0.873838
0.878569
0.871567
0.880588
0.883441
0.883551
0.884586
0.892951
0.8809
0.881583
0.883782
0.882768
0.881583
0.880618
0.880438
0.885721
0.881774
0.88317
0.876339
0.884546
0.880016
0.884505
0.882587
0.877655
0.887237
0.879955
0.880799
0.875696
0.873737
0.882336
0.887498
0.885128
0.884907
0.879966
0.884134
0.881512
0.880257
0.87878
0.881583
0.883009
0.882627
0.881563
0.883833
0.884033
0.880297
0.882959
0.880086
0.889738
