0.951952, 0.952175
0.950638
0.953253
0.951099
0.953414
0.952402
0.953484
0.95144
0.953414
0.957171
0.954596
0.953083
0.953063
0.9515
0.949125
0.952873
0.954616
0.954185
0.955217
0.949285
0.954746
0.95143
0.950989
0.951219
0.953083
0.950217
0.95166
0.952111
0.952291
0.956169
0.950317
0.953564
0.954686
0.949726
0.954215
0.950137
0.954245
0.947181
0.950718
0.949686
0.954776
0.953744
0.948624
0.953183
0.953083
0.950498
0.955047
0.952161
0.948383
0.952432
0.95152
0.952742
0.951049
0.952833
0.952702
0.952772
0.954365
0.950378
0.954025
0.950508
0.954215
0.95138
0.954987
0.953644
0.950788
0.948534
0.951149
0.950869
0.9516
0.950648
0.949396
0.950598
0.956249
0.952271
0.951821
0.953744
0.95135
0.952071
0.952362
0.953233
0.950137
0.952442
0.950899
0.954376
0.948353
0.947241
0.952943
0.952332
0.948654
0.950879
0.955488
0.952742
0.954716
0.950328
0.952081
0.949796
0.955257
0.954285
0.954416
0.950267
0.948133
