0.93946, 0.939716
0.939734
0.933688
0.938601
0.94257
0.940435
0.94236
0.936937
0.93823
0.940876
0.937989
0.935633
0.94251
0.942941
0.932675
0.936185
0.940125
0.943843
0.940786
0.936235
0.940776
0.938701
0.939664
0.939874
0.937598
0.941227
0.940365
0.939924
0.943593
0.937618
0.940896
0.938471
0.940305
0.939122
0.937528
0.93822
0.940475
0.943162
0.937358
0.939904
0.940576
0.940886
0.939593
0.932856
0.939323
0.93809
0.942099
0.940145
0.935904
0.938681
0.944735
0.938521
0.933528
0.940486
0.937779
0.937548
0.938912
0.944826
0.935894
0.937669
0.942681
0.939714
0.93821
0.940736
0.945146
0.940245
0.941287
0.935343
0.93825
0.941638
0.944816
0.940064
0.941318
0.944715
0.941378
0.941127
0.941678
0.940155
0.94241
0.941368
0.937067
0.944645
0.934571
0.937979
0.937989
0.944214
0.938721
0.9425
0.940636
0.936836
0.936907
0.942931
0.933638
0.937889
0.94253
0.932776
0.941277
0.937759
0.938882
0.937929
0.935683
