0.991194, 0.991265
0.991348
0.991678
0.991648
0.991098
0.991568
0.990298
0.991859
0.991478
0.992209
0.990268
0.990928
0.990408
0.989417
0.990168
0.990268
0.990228
0.991989
0.990948
0.990028
0.990318
0.990068
0.988997
0.989938
0.990788
0.990058
0.990488
0.990498
0.991568
0.991038
0.992689
0.991738
0.992659
0.990628
0.990878
0.990498
0.991288
0.990768
0.991618
0.991378
0.991508
0.991238
0.991078
0.992079
0.991178
0.991438
0.992099
0.990838
0.990538
0.990958
0.991508
0.990368
0.992039
0.991188
0.992359
0.992359
0.991168
0.991258
0.990708
0.990718
0.989428
0.990848
0.990308
0.991849
0.991638
0.991398
0.991328
0.992419
0.990268
0.991198
0.991949
0.991398
0.992819
0.992099
0.989928
0.991849
0.990858
0.992159
0.991798
0.990848
0.990938
0.990588
0.991578
0.991408
0.990278
0.991849
0.990358
0.991508
0.992079
0.992259
0.992939
0.992019
0.991538
0.992329
0.992259
0.992109
0.991819
0.991438
0.989868
0.992069
0.991909
