0.995937, 0.995977
0.99561
0.99594
0.9958
0.99681
0.99599
0.99566
0.99582
0.9965
0.99662
0.99573
0.994919
0.99677
0.995159
0.99644
0.99611
0.99577
0.994859
0.994959
0.99618
0.99653
0.99621
0.99572
0.99596
0.99554
0.99642
0.994959
0.99558
0.99624
0.995219
0.9969
0.99616
0.99675
0.9961
0.99652
0.99618
0.995239
0.99545
0.99616
0.9956
0.99643
0.99551
0.99641
0.9963
0.9955
0.99639
0.994199
0.99541
0.99618
0.99628
0.99601
0.995079
0.99607
0.99604
0.994999
0.99564
0.99571
0.99553
0.99568
0.99543
0.99648
0.99568
0.99582
0.99604
0.99669
0.99541
0.99648
0.99537
0.99581
0.99611
0.99543
0.99597
0.9959
0.99616
0.99634
0.99632
0.9962
0.99666
0.99645
0.99572
0.99655
0.99607
0.9957
0.995039
0.994149
0.99615
0.99554
0.9953
0.9963
0.99558
0.99564
0.994809
0.995269
0.9964
0.99674
0.994909
0.99632
0.99647
0.99601
0.995019
0.99596
