0.988678, 0.988763
0.988027
0.989267
0.989337
0.988617
0.990578
0.988267
0.989257
0.987216
0.988527
0.987587
0.989658
0.988967
0.988607
0.987637
0.987797
0.989117
0.989147
0.987256
0.989838
0.987517
0.988397
0.988017
0.989297
0.989267
0.988037
0.988577
0.987376
0.987186
0.988897
0.989027
0.987767
0.988447
0.987316
0.987887
0.992599
0.989307
0.988117
0.989768
0.990148
0.987186
0.989167
0.989087
0.989968
0.988687
0.987737
0.987807
0.989898
0.987887
0.990408
0.988087
0.987617
0.989397
0.985535
0.988217
0.990028
0.989538
0.988627
0.989397
0.986786
0.989367
0.988167
0.988737
0.986496
0.987436
0.989648
0.989988
0.990688
0.987527
0.989047
0.988497
0.988767
0.987026
0.990168
0.988877
0.990018
0.989858
0.988487
0.989528
0.989017
0.988247
0.987627
0.989748
0.989668
0.988397
0.989227
0.989177
0.988797
0.988567
0.989097
0.989367
0.989227
0.989748
0.990848
0.988907
0.990148
0.988037
0.988147
0.989768
0.987747
0.989928
