0.994725, 0.994773
0.994729
0.993289
0.994059
0.994549
0.994769
0.99529
0.994259
0.994489
0.994689
0.994939
0.994299
0.994839
0.994769
0.995059
0.994299
0.994259
0.994659
0.99538
0.994209
0.994209
0.994659
0.99531
0.994089
0.995219
0.9954
0.994279
0.994669
0.994289
0.994599
0.994399
0.995239
0.994999
0.994749
0.99556
0.99544
0.994139
0.994399
0.994149
0.995109
0.993819
0.994789
0.993819
0.993879
0.994559
0.994559
0.993919
0.994729
0.994789
0.994799
0.994969
0.994029
0.994849
0.994169
0.994169
0.995039
0.99568
0.995109
0.99547
0.99544
0.995239
0.994869
0.9959
0.994319
0.994969
0.9962
0.994599
0.99647
0.993989
0.994909
0.995039
0.995259
0.994769
0.995039
0.994079
0.993549
0.994949
0.994589
0.994369
0.994539
0.993789
0.994759
0.994689
0.994859
0.995209
0.995239
0.994659
0.994249
0.994269
0.994929
0.993409
0.995259
0.99562
0.99563
0.994559
0.994649
0.995119
0.994939
0.994039
0.994629
0.994149
