0.0739954 , 0.105557
0.0725659 , 0.104597
0.0700793 , 0.10294
0.0714979 , 0.103883
0.0714979 , 0.103883
0.0684907 , 0.101888
0.0611719 , 0.097124
0.0743538 , 0.105798
0.0817956 , 0.110881
0.0658594 , 0.100161
0.077236 , 0.107751
0.0635948 , 0.0986871
0.0711427 , 0.103647
0.0562027 , 0.0939616
0.0656847 , 0.100047
0.0868037 , 0.114376
0.0781422 , 0.108369
0.0568843 , 0.0943919
0.0691958 , 0.102354
0.0688431 , 0.102121
0.0660342 , 0.100275
0.0630743 , 0.0983501
0.065161 , 0.0997049
0.0560325 , 0.0938543
0.0660342 , 0.100275
0.0741745 , 0.105677
0.0672602 , 0.101078
0.0777794 , 0.108121
0.0858693 , 0.113719
0.0720314 , 0.10424
0.0686668 , 0.102005
0.0629009 , 0.098238
0.0714979 , 0.103883
0.0720314 , 0.10424
0.0630743 , 0.0983501
0.0649867 , 0.0995913
0.0656847 , 0.100047
0.0731012 , 0.104956
0.065161 , 0.0997049
0.0795981 , 0.109366
0.0720314 , 0.10424
0.0653355 , 0.0998187
0.0732798 , 0.105076
0.0699025 , 0.102822
0.0683147 , 0.101772
0.0785055 , 0.108617
0.0690194 , 0.102238
0.0745331 , 0.105919
0.0716756 , 0.104002
0.0812446 , 0.1105
0.0579089 , 0.0950409
0.0754314 , 0.106526
0.0667342 , 0.100733
0.0741745 , 0.105677
0.0618626 , 0.0975681
0.0765129 , 0.107259
0.0725659 , 0.104597
0.0775981 , 0.107997
0.0693724 , 0.102471
0.0750718 , 0.106283
0.066384 , 0.100504
0.0702563 , 0.103057
0.0697257 , 0.102705
0.0667342 , 0.100733
0.0723876 , 0.104478
0.0639423 , 0.0989124
0.0541652 , 0.0926816
0.0736374 , 0.105316
0.0639423 , 0.0989124
0.0665591 , 0.100618
0.0727442 , 0.104717
0.077055 , 0.107628
0.0779608 , 0.108245
0.0790513 , 0.108991
0.0817956 , 0.110881
0.076152 , 0.107014
0.0616898 , 0.0974569
0.0665591 , 0.100618
0.0748922 , 0.106161
0.0718535 , 0.104121
0.065161 , 0.0997049
0.069549 , 0.102588
0.0845666 , 0.112807
0.0731012 , 0.104956
0.069549 , 0.102588
0.067787 , 0.101425
0.0670848 , 0.100963
0.0618626 , 0.0975681
0.0611719 , 0.097124
0.0806947 , 0.11012
0.0679628 , 0.10154
0.0587649 , 0.0955849
0.0693724 , 0.102471
0.0739954 , 0.105557
0.0748922 , 0.106161
0.0700793 , 0.10294
0.0775981 , 0.107997
0.0706106 , 0.103292
0.0688431 , 0.102121
0.0606548 , 0.0967922
