0.0280821 , 0.0770908
0.0320758 , 0.0793896
0.0247584 , 0.0751989
0.0277644 , 0.0769091
0.0424798 , 0.0855216
0.0276056 , 0.0768184
0.0349757 , 0.0810773
0.0315944 , 0.079111
0.0348141 , 0.0809828
0.0231857 , 0.0743101
0.0288777 , 0.0775465
0.0274468 , 0.0767278
0.0279232 , 0.0769999
0.0272882 , 0.0766372
0.032397 , 0.0795758
0.0298344 , 0.0780959
0.0336843 , 0.0803238
0.0348141 , 0.0809828
0.0320758 , 0.0793896
0.0263376 , 0.0760955
0.023814 , 0.0746647
0.023814 , 0.0746647
0.0288777 , 0.0775465
0.0322363 , 0.0794826
0.023814 , 0.0746647
0.0307935 , 0.0786484
0.034491 , 0.0807941
0.0274468 , 0.0767278
0.0343295 , 0.0806998
0.0295153 , 0.0779125
0.0225585 , 0.0739567
0.0258631 , 0.0758257
0.0219323 , 0.0736045
0.026971 , 0.0764563
0.0303137 , 0.0783718
0.0304735 , 0.0784639
0.0293558 , 0.0778208
0.0369204 , 0.0822181
0.0252315 , 0.0754671
0.0282411 , 0.0771818
0.0416576 , 0.085029
0.022872 , 0.0741333
0.0322363 , 0.0794826
0.022872 , 0.0741333
0.0304735 , 0.0784639
0.0426444 , 0.0856204
0.0288777 , 0.0775465
0.0315944 , 0.079111
0.0314341 , 0.0790183
0.0227152 , 0.0740449
0.0272882 , 0.0766372
0.0336843 , 0.0803238
0.0252315 , 0.0754671
0.0282411 , 0.0771818
0.0293558 , 0.0778208
0.0312739 , 0.0789257
0.0224019 , 0.0738686
0.0304735 , 0.0784639
0.041165 , 0.0847346
0.040018 , 0.0840509
0.0264958 , 0.0761856
0.0255472 , 0.0756462
0.0312739 , 0.0789257
0.0263376 , 0.0760955
0.0311137 , 0.0788332
0.0225585 , 0.0739567
0.0390373 , 0.0834686
0.0266542 , 0.0762757
0.0311137 , 0.0788332
0.0160376 , 0.0703176
0.0378961 , 0.0827933
0.0219323 , 0.0736045
0.0306335 , 0.0785561
0.0247584 , 0.0751989
0.0236568 , 0.0745759
0.0250737 , 0.0753776
0.0208391 , 0.0729911
0.0343295 , 0.0806998
0.0338455 , 0.0804177
0.0230288 , 0.0742216
0.0234997 , 0.0744872
0.0242859 , 0.0749315
0.0349757 , 0.0810773
0.0277644 , 0.0769091
0.0374079 , 0.0825053
0.0266542 , 0.0762757
0.0157302 , 0.0701474
0.0272882 , 0.0766372
0.0301539 , 0.0782797
0.0288777 , 0.0775465
0.0284001 , 0.0772728
0.0277644 , 0.0769091
0.0298344 , 0.0780959
0.0282411 , 0.0771818
0.0320758 , 0.0793896
0.0277644 , 0.0769091
0.0364333 , 0.0819317
0.0437987 , 0.0863147
0.0317548 , 0.0792038
0.0340068 , 0.0805116
