0.0225585 , 0.0739567
0.0177338 , 0.0712583
0.0202159 , 0.0726422
0.0209951 , 0.0730785
0.0268126 , 0.076366
0.0199047 , 0.0724682
0.0282411 , 0.0771818
0.0175793 , 0.0711725
0.0126708 , 0.0684614
0.0224019 , 0.0738686
0.0174248 , 0.0710867
0.0185076 , 0.0716888
0.0191279 , 0.0720345
0.0111519 , 0.0676285
0.0160376 , 0.0703176
0.0197492 , 0.0723813
0.0194384 , 0.0722078
0.0166535 , 0.0706587
0.0197492 , 0.0723813
0.0219323 , 0.0736045
0.0178885 , 0.0713443
0.0268126 , 0.076366
0.0230288 , 0.0742216
0.0197492 , 0.0723813
0.0203716 , 0.0727293
0.0216197 , 0.0734289
0.0155765 , 0.0700625
0.0132804 , 0.0687964
0.0152694 , 0.0698928
0.0224019 , 0.0738686
0.0132804 , 0.0687964
0.0186626 , 0.0717751
0.023814 , 0.0746647
0.021776 , 0.0735167
0.0246008 , 0.0751097
0.0220888 , 0.0736925
0.0181979 , 0.0715164
0.0155765 , 0.0700625
0.0199047 , 0.0724682
0.0148094 , 0.0696387
0.0234997 , 0.0744872
0.0222453 , 0.0737805
0.0172704 , 0.0710009
0.029037 , 0.0776378
0.0293558 , 0.0778208
0.022872 , 0.0741333
0.0274468 , 0.0767278
0.0185076 , 0.0716888
0.0252315 , 0.0754671
0.015116 , 0.069808
0.014503 , 0.0694697
0.0280821 , 0.0770908
0.0157302 , 0.0701474
0.0227152 , 0.0740449
0.0123664 , 0.0682942
0.0157302 , 0.0701474
0.0188176 , 0.0718615
0.0189727 , 0.071948
0.0200603 , 0.0725552
0.0116068 , 0.0678777
0.0225585 , 0.0739567
0.0219323 , 0.0736045
0.023814 , 0.0746647
0.0192831 , 0.0721211
0.0239712 , 0.0747535
0.0192831 , 0.0721211
0.0225585 , 0.0739567
0.022872 , 0.0741333
0.0161915 , 0.0704027
0.0191279 , 0.0720345
0.0141969 , 0.069301
0.0188176 , 0.0718615
0.0119104 , 0.0680441
0.0253893 , 0.0755566
0.0128231 , 0.068545
0.0148094 , 0.0696387
0.0158839 , 0.0702325
0.0233427 , 0.0743986
0.0152694 , 0.0698928
0.0174248 , 0.0710867
0.0285593 , 0.077364
0.0148094 , 0.0696387
0.0180431 , 0.0714303
0.0209951 , 0.0730785
0.0225585 , 0.0739567
0.0169618 , 0.0708297
0.0203716 , 0.0727293
0.022872 , 0.0741333
0.0209951 , 0.0730785
0.015116 , 0.069808
0.0208391 , 0.0729911
0.0166535 , 0.0706587
0.0128231 , 0.068545
0.0155765 , 0.0700625
0.0320758 , 0.0793896
0.0271296 , 0.0765467
0.0148094 , 0.0696387
0.0199047 , 0.0724682
0.0211511 , 0.073166
0.0284001 , 0.0772728
