0.0934401 , 0.119101
0.0883056 , 0.115436
0.0781422 , 0.108369
0.093248 , 0.118962
0.0915262 , 0.117727
0.08327 , 0.111903
0.0862427 , 0.113982
0.0881174 , 0.115303
0.104454 , 0.127169
0.0877414 , 0.115037
0.0913356 , 0.117591
0.0829007 , 0.111647
0.0940172 , 0.119516
0.094982 , 0.120213
0.0830853 , 0.111775
0.0917169 , 0.117864
0.0998662 , 0.123774
0.0928644 , 0.118687
0.077417 , 0.107874
0.0901951 , 0.116777
0.0883056 , 0.115436
0.0990778 , 0.123196
0.0903849 , 0.116913
0.0988811 , 0.123052
0.077055 , 0.107628
0.0896268 , 0.116373
0.0823476 , 0.111263
0.0955628 , 0.120634
0.0819795 , 0.111008
0.0873659 , 0.114772
0.0924813 , 0.118412
0.0864295 , 0.114113
0.0963394 , 0.121197
0.0851241 , 0.113197
0.0766935 , 0.107382
0.0965339 , 0.121339
0.0817956 , 0.110881
0.0808779 , 0.110247
0.106887 , 0.128989
0.0808779 , 0.110247
0.0806947 , 0.11012
0.0907647 , 0.117183
0.0883056 , 0.115436
0.104051 , 0.126869
0.0851241 , 0.113197
0.0959508 , 0.120915
0.0873659 , 0.114772
0.100064 , 0.123919
0.0805117 , 0.109994
0.0871784 , 0.11464
0.0873659 , 0.114772
0.0883056 , 0.115436
0.0979002 , 0.122334
0.0898161 , 0.116508
0.0814282 , 0.110627
0.0913356 , 0.117591
0.100459 , 0.12421
0.0986846 , 0.122908
0.0797806 , 0.109491
0.100856 , 0.124502
0.103248 , 0.126272
0.0990778 , 0.123196
0.0792335 , 0.109116
0.0873659 , 0.114772
0.0688431 , 0.102121
0.0845666 , 0.112807
0.104656 , 0.12732
0.0890597 , 0.115971
0.095369 , 0.120493
0.0892486 , 0.116105
0.0900056 , 0.116643
0.0907647 , 0.117183
0.0892486 , 0.116105
0.0896268 , 0.116373
0.109142 , 0.130688
0.0947887 , 0.120073
0.077236 , 0.107751
0.09229 , 0.118274
0.084381 , 0.112678
0.10385 , 0.12672
0.0763324 , 0.107136
0.102248 , 0.125531
0.0879293 , 0.11517
0.0903849 , 0.116913
0.0808779 , 0.110247
0.08327 , 0.111903
0.0866165 , 0.114244
0.0926728 , 0.118549
0.100261 , 0.124065
0.0723876 , 0.104478
0.086991 , 0.114508
0.0917169 , 0.117864
0.103048 , 0.126123
0.0998662 , 0.123774
0.102049 , 0.125383
0.0917169 , 0.117864
0.0967286 , 0.12148
0.0894376 , 0.116239
0.0909549 , 0.117319
0.0864295 , 0.114113
