0.0103951 , 0.0672146
0.0155765 , 0.0700625
0.0191279 , 0.0720345
0.0128231 , 0.068545
0.00500191 , 0.0642821
0.0131279 , 0.0687125
0.00903769 , 0.0664736
0.0111519 , 0.0676285
0.0110004 , 0.0675456
0.00455693 , 0.0640414
0.00888724 , 0.0663916
0.0192831 , 0.0721211
0.0113034 , 0.0677115
0.00589395 , 0.0647651
0.0135856 , 0.0689643
0.0117586 , 0.0679608
0.0157302 , 0.0701474
0.00798608 , 0.065901
0.0120623 , 0.0681274
0.0103951 , 0.0672146
0.00515039 , 0.0643624
0.0222453 , 0.0737805
0.00828616 , 0.0660643
0.0117586 , 0.0679608
0.00858655 , 0.0662278
0.0116068 , 0.0678777
0.00470518 , 0.0641216
0.0114551 , 0.0677945
0.00873686 , 0.0663097
0.0114551 , 0.0677945
0.00798608 , 0.065901
0.0138911 , 0.0691325
0.00723718 , 0.0654939
0.00798608 , 0.065901
0.010093 , 0.0670495
0.014044 , 0.0692167
0.014044 , 0.0692167
0.0105463 , 0.0672972
0.0113034 , 0.0677115
0.00381684 , 0.0636415
0.00708763 , 0.0654127
0.014044 , 0.0692167
0.0132804 , 0.0687964
0.0131279 , 0.0687125
0.00768629 , 0.065738
0.00994199 , 0.066967
0.0171161 , 0.0709153
0.00873686 , 0.0663097
0.0103951 , 0.0672146
0.00649018 , 0.0650884
0.0138911 , 0.0691325
0.0117586 , 0.0679608
0.0131279 , 0.0687125
0.0135856 , 0.0689643
0.0105463 , 0.0672972
0.014503 , 0.0694697
0.0137383 , 0.0690484
0.00663943 , 0.0651694
0.0125186 , 0.0683778
0.0131279 , 0.0687125
0.0110004 , 0.0675456
0.0169618 , 0.0708297
0.0132804 , 0.0687964
0.0108489 , 0.0674627
0.00500191 , 0.0642821
0.0105463 , 0.0672972
0.00979109 , 0.0668846
0.0135856 , 0.0689643
0.0048535 , 0.0642018
0.0103951 , 0.0672146
0.0131279 , 0.0687125
0.0152694 , 0.0698928
0.00948951 , 0.06672
0.0111519 , 0.0676285
0.0152694 , 0.0698928
0.00515039 , 0.0643624
0.0125186 , 0.0683778
0.0175793 , 0.0711725
0.0122143 , 0.0682108
0.0120623 , 0.0681274
0.00948951 , 0.06672
0.0117586 , 0.0679608
0.0123664 , 0.0682942
0.00649018 , 0.0650884
0.00873686 , 0.0663097
0.00813608 , 0.0659826
0.0103951 , 0.0672146
0.0114551 , 0.0677945
0.00515039 , 0.0643624
0.0172704 , 0.0710009
0.0122143 , 0.0682108
0.0120623 , 0.0681274
0.0137383 , 0.0690484
0.0149626 , 0.0697233
0.010244 , 0.067132
0.00738681 , 0.0655752
0.00858655 , 0.0662278
0.0116068 , 0.0678777
0.00663943 , 0.0651694
0.00888724 , 0.0663916
