0.169664 , 0.180048
0.151787 , 0.164783
0.184151 , 0.192764
0.181781 , 0.190664
0.165479 , 0.17643
0.179786 , 0.188903
0.163726 , 0.174922
0.163726 , 0.174922
0.165185 , 0.176177
0.160287 , 0.171978
0.163726 , 0.174922
0.194514 , 0.202029
0.157488 , 0.169595
0.176213 , 0.185761
0.159161 , 0.171018
0.161709 , 0.173193
0.164016 , 0.175171
0.175256 , 0.184922
0.156109 , 0.168426
0.176213 , 0.185761
0.160571 , 0.17222
0.14605 , 0.159995
0.166661 , 0.177449
0.163726 , 0.174922
0.158601 , 0.170541
0.163436 , 0.174673
0.172429 , 0.182452
0.173364 , 0.183268
0.147077 , 0.160847
0.181446 , 0.190368
0.156935 , 0.169126
0.163726 , 0.174922
0.152053 , 0.165006
0.174939 , 0.184644
0.182116 , 0.190961
0.161995 , 0.173438
0.150991 , 0.164115
0.15888 , 0.170779
0.181781 , 0.190664
0.150727 , 0.163894
0.165185 , 0.176177
0.158601 , 0.170541
0.153662 , 0.166359
0.171809 , 0.181913
0.159161 , 0.171018
0.14811 , 0.161708
0.168154 , 0.178739
0.160571 , 0.17222
0.15232 , 0.16523
0.159161 , 0.171018
0.157488 , 0.169595
0.169664 , 0.180048
0.149413 , 0.162794
0.175893 , 0.18548
0.170273 , 0.180577
0.170579 , 0.180842
0.179786 , 0.188903
0.156659 , 0.168892
0.153662 , 0.166359
0.165185 , 0.176177
0.155288 , 0.167732
0.160854 , 0.172462
0.163726 , 0.174922
0.164599 , 0.175673
0.167256 , 0.177963
0.155835 , 0.168194
0.147335 , 0.161062
0.174622 , 0.184367
0.163436 , 0.174673
0.178475 , 0.187748
0.159441 , 0.171257
0.172429 , 0.182452
0.156109 , 0.168426
0.161139 , 0.172705
0.182453 , 0.191259
0.165479 , 0.17643
0.166958 , 0.177706
0.169058 , 0.179522
0.174622 , 0.184367
0.170579 , 0.180842
0.185181 , 0.193679
0.185526 , 0.193986
0.165773 , 0.176683
0.166364 , 0.177193
0.164016 , 0.175171
0.164599 , 0.175673
0.173677 , 0.183542
0.157488 , 0.169595
0.157765 , 0.169831
0.202659 , 0.209398
0.174306 , 0.184091
0.169664 , 0.180048
0.172429 , 0.182452
0.181781 , 0.190664
0.156109 , 0.168426
0.168756 , 0.179261
0.184151 , 0.192764
0.173364 , 0.183268
0.184836 , 0.193373
0.159441 , 0.171257
