0.265213 , 0.267998
0.283857 , 0.285961
0.260022 , 0.263028
0.278362 , 0.28065
0.283857 , 0.285961
0.281065 , 0.283261
0.253758 , 0.257052
0.287727 , 0.28971
0.283857 , 0.285961
0.281986 , 0.284151
0.270725 , 0.273291
0.30054 , 0.302167
0.285769 , 0.287814
0.253758 , 0.257052
0.260022 , 0.263028
0.298262 , 0.299948
0.29075 , 0.292644
0.283857 , 0.285961
0.266753 , 0.269475
0.293887 , 0.295691
0.291783 , 0.293646
0.293887 , 0.295691
0.264453 , 0.267269
0.301703 , 0.303301
0.30054 , 0.302167
0.280155 , 0.282381
0.298262 , 0.299948
0.284808 , 0.286882
0.282916 , 0.285051
0.287727 , 0.28971
0.302883 , 0.304451
0.268321 , 0.27098
0.271542 , 0.274076
0.255798 , 0.258997
0.275741 , 0.278121
0.267534 , 0.270224
0.288722 , 0.290676
0.280155 , 0.282381
0.285769 , 0.287814
0.315738 , 0.317018
0.278362 , 0.28065
0.336361 , 0.337276
0.247893 , 0.25148
0.261475 , 0.264418
0.287727 , 0.28971
0.30408 , 0.305619
0.255798 , 0.258997
0.251105 , 0.254529
0.270725 , 0.273291
0.269916 , 0.272513
0.286742 , 0.288756
0.294959 , 0.296734
0.267534 , 0.270224
0.261475 , 0.264418
0.278362 , 0.28065
0.288722 , 0.290676
0.293887 , 0.295691
0.30054 , 0.302167
0.299393 , 0.30105
0.27748 , 0.279798
0.320037 , 0.321231
0.269916 , 0.272513
0.278362 , 0.28065
0.269916 , 0.272513
0.306529 , 0.30801
0.283857 , 0.285961
0.269115 , 0.271743
0.27748 , 0.279798
0.281065 , 0.283261
0.282916 , 0.285051
0.284808 , 0.286882
0.281986 , 0.284151
0.280155 , 0.282381
0.268321 , 0.27098
0.273197 , 0.27567
0.259304 , 0.262343
0.321523 , 0.322689
0.259304 , 0.262343
0.281065 , 0.283261
0.26221 , 0.265121
0.262951 , 0.265831
0.29075 , 0.292644
0.281065 , 0.283261
0.306529 , 0.30801
0.28973 , 0.291654
0.249164 , 0.252686
0.281065 , 0.283261
0.323038 , 0.324176
0.292828 , 0.294662
0.284808 , 0.286882
0.269115 , 0.271743
0.281986 , 0.284151
0.279254 , 0.281511
0.292828 , 0.294662
0.284808 , 0.286882
0.296046 , 0.29779
0.288722 , 0.290676
0.268321 , 0.27098
0.292828 , 0.294662
0.285769 , 0.287814
