0.222517 , 0.227654
0.197547 , 0.204764
0.219168 , 0.224549
0.215017 , 0.220715
0.249164 , 0.252686
0.202257 , 0.209033
0.22059 , 0.225866
0.205101 , 0.211622
0.232211 , 0.236697
0.233833 , 0.238218
0.210159 , 0.216248
0.230616 , 0.235204
0.231677 , 0.236197
0.235482 , 0.239765
0.230616 , 0.235204
0.224481 , 0.22948
0.238294 , 0.24241
0.233289 , 0.237708
0.250454 , 0.253911
0.238294 , 0.24241
0.238866 , 0.242949
0.247263 , 0.250883
0.21367 , 0.219473
0.243573 , 0.24739
0.221068 , 0.226309
0.228529 , 0.233253
0.22059 , 0.225866
0.241781 , 0.245697
0.258592 , 0.261662
0.234379 , 0.23873
0.237725 , 0.241874
0.225478 , 0.230408
0.22059 , 0.225866
0.251761 , 0.255153
0.21964 , 0.224986
0.230616 , 0.235204
0.255798 , 0.258997
0.236038 , 0.240288
0.233833 , 0.238218
0.237725 , 0.241874
0.238294 , 0.24241
0.247263 , 0.250883
0.210591 , 0.216644
0.242375 , 0.246258
0.236038 , 0.240288
0.214566 , 0.220299
0.228529 , 0.233253
0.223004 , 0.228107
0.222517 , 0.227654
0.201458 , 0.208307
0.246638 , 0.250291
0.221548 , 0.226755
0.236038 , 0.240288
0.238866 , 0.242949
0.241191 , 0.24514
0.233289 , 0.237708
0.20718 , 0.21352
0.233289 , 0.237708
0.228529 , 0.233253
0.236038 , 0.240288
0.231145 , 0.235699
0.232211 , 0.236697
0.219168 , 0.224549
0.243573 , 0.24739
0.202659 , 0.209398
0.221548 , 0.226755
0.223004 , 0.228107
0.21367 , 0.219473
0.244178 , 0.247963
0.210159 , 0.216248
0.21367 , 0.219473
0.219168 , 0.224549
0.226992 , 0.231818
0.228014 , 0.232772
0.214566 , 0.220299
0.254433 , 0.257695
0.244787 , 0.248539
0.223004 , 0.228107
0.244178 , 0.247963
0.2454 , 0.249119
0.221548 , 0.226755
0.231677 , 0.236197
0.238294 , 0.24241
0.220113 , 0.225425
0.222517 , 0.227654
0.222517 , 0.227654
0.240604 , 0.244587
0.224481 , 0.22948
0.201458 , 0.208307
0.249164 , 0.252686
0.22598 , 0.230875
0.217766 , 0.223252
0.228014 , 0.232772
0.232749 , 0.237201
0.242375 , 0.246258
0.228014 , 0.232772
0.231677 , 0.236197
0.238294 , 0.24241
0.232749 , 0.237201
0.222517 , 0.227654
