0.240022 , 0.244037
0.274037 , 0.276479
0.256489 , 0.259655
0.252422 , 0.255781
0.272366 , 0.274869
0.241191 , 0.24514
0.260022 , 0.263028
0.231145 , 0.235699
0.248526 , 0.252081
0.237725 , 0.241874
0.281986 , 0.284151
0.256489 , 0.259655
0.243573 , 0.24739
0.297146 , 0.298862
0.246638 , 0.250291
0.273197 , 0.27567
0.266753 , 0.269475
0.259304 , 0.262343
0.244178 , 0.247963
0.258592 , 0.261662
0.265213 , 0.267998
0.262951 , 0.265831
0.255798 , 0.258997
0.246017 , 0.249703
0.256489 , 0.259655
0.285769 , 0.287814
0.29075 , 0.292644
0.258592 , 0.261662
0.276606 , 0.278955
0.281986 , 0.284151
0.231677 , 0.236197
0.280155 , 0.282381
0.26598 , 0.268733
0.253087 , 0.256414
0.258592 , 0.261662
0.234929 , 0.239246
0.293887 , 0.295691
0.283857 , 0.285961
0.257886 , 0.260988
0.282916 , 0.285051
0.28973 , 0.291654
0.246638 , 0.250291
0.281986 , 0.284151
0.271542 , 0.274076
0.264453 , 0.267269
0.252422 , 0.255781
0.258592 , 0.261662
0.284808 , 0.286882
0.278362 , 0.28065
0.259304 , 0.262343
0.265213 , 0.267998
0.274037 , 0.276479
0.269115 , 0.271743
0.251761 , 0.255153
0.256489 , 0.259655
0.237725 , 0.241874
0.268321 , 0.27098
0.280155 , 0.282381
0.253758 , 0.257052
0.274037 , 0.276479
0.274037 , 0.276479
0.266753 , 0.269475
0.246017 , 0.249703
0.263699 , 0.266547
0.256489 , 0.259655
0.259304 , 0.262343
0.247263 , 0.250883
0.250454 , 0.253911
0.263699 , 0.266547
0.240604 , 0.244587
0.27748 , 0.279798
0.253758 , 0.257052
0.258592 , 0.261662
0.274885 , 0.277296
0.284808 , 0.286882
0.267534 , 0.270224
0.261475 , 0.264418
0.265213 , 0.267998
0.253758 , 0.257052
0.241781 , 0.245697
0.234379 , 0.23873
0.234929 , 0.239246
0.282916 , 0.285051
0.257886 , 0.260988
0.279254 , 0.281511
0.262951 , 0.265831
0.241191 , 0.24514
0.256489 , 0.259655
0.242972 , 0.246822
0.275741 , 0.278121
0.246638 , 0.250291
0.255113 , 0.258343
0.266753 , 0.269475
0.247263 , 0.250883
0.2454 , 0.249119
0.246017 , 0.249703
0.296046 , 0.29779
0.261475 , 0.264418
0.252422 , 0.255781
0.284808 , 0.286882
